#
# There is insufficient memory for the Java Runtime Environment to continue.
# Native memory allocation (malloc) failed to allocate 1908816 bytes for Chunk::new
# Possible reasons:
#   The system is out of physical RAM or swap space
#   The process is running with CompressedOops enabled, and the Java Heap may be blocking the growth of the native heap
# Possible solutions:
#   Reduce memory load on the system
#   Increase physical memory or swap space
#   Check if swap backing store is full
#   Decrease Java heap size (-Xmx/-Xms)
#   Decrease number of Java threads
#   Decrease Java thread stack sizes (-Xss)
#   Set larger code cache with -XX:ReservedCodeCacheSize=
#   JVM is running with Unscaled Compressed Oops mode in which the Java heap is
#     placed in the first 4GB address space. The Java Heap base address is the
#     maximum limit for the native heap growth. Please use -XX:HeapBaseMinAddress
#     to set the Java Heap base and to place the Java Heap above 4GB virtual address.
# This output file may be truncated or incomplete.
#
#  Out of Memory Error (./src/hotspot/share/memory/arena.cpp:197), pid=5964, tid=6504
#
# JRE version: OpenJDK Runtime Environment (11.0.11+9) (build 11.0.11+9-b60-7590822)
# Java VM: OpenJDK 64-Bit Server VM (11.0.11+9-b60-7590822, mixed mode, tiered, compressed oops, g1 gc, windows-amd64)
# No core dump will be written. Minidumps are not enabled by default on client versions of Windows
#

---------------  S U M M A R Y ------------

Command Line: --add-opens=java.base/java.util=ALL-UNNAMED --add-opens=java.base/java.lang=ALL-UNNAMED --add-opens=java.base/java.lang.invoke=ALL-UNNAMED --add-opens=java.base/java.util=ALL-UNNAMED --add-opens=java.prefs/java.util.prefs=ALL-UNNAMED --add-opens=java.prefs/java.util.prefs=ALL-UNNAMED --add-opens=java.base/java.nio.charset=ALL-UNNAMED --add-opens=java.base/java.net=ALL-UNNAMED --add-opens=java.base/java.util.concurrent.atomic=ALL-UNNAMED -Xmx1024m -Dfile.encoding=UTF-8 -Duser.country=US -Duser.language=en -Duser.variant org.gradle.launcher.daemon.bootstrap.GradleDaemon 7.0.2

Host: Celeron(R) Dual-Core CPU       T3500  @ 2.10GHz, 2 cores, 3G,  Windows 10 , 64 bit Build 19041 (10.0.19041.1202)
Time: Fri Nov  5 08:33:48 2021 E. South America Standard Time elapsed time: 589.322764 seconds (0d 0h 9m 49s)

---------------  T H R E A D  ---------------

Current thread (0x000002252a3e3800):  JavaThread "C2 CompilerThread0" daemon [_thread_in_native, id=6504, stack(0x0000007049100000,0x0000007049200000)]


Current CompileTask:
C2: 589323 13802       4       org.gradle.tooling.internal.adapter.ProtocolToModelAdapter$InvocationHandlerImpl::invoke (176 bytes)

Stack: [0x0000007049100000,0x0000007049200000]
Native frames: (J=compiled Java code, j=interpreted, Vv=VM code, C=native code)
V  [jvm.dll+0x5f214a]
V  [jvm.dll+0x726fb5]
V  [jvm.dll+0x7285cd]
V  [jvm.dll+0x728c83]
V  [jvm.dll+0x243278]
V  [jvm.dll+0xbc53c]
V  [jvm.dll+0xbca3c]
V  [jvm.dll+0x353e7d]
V  [jvm.dll+0x19875c]
V  [jvm.dll+0x1fc2ee]
V  [jvm.dll+0x1fb3d4]
V  [jvm.dll+0x183d6c]
V  [jvm.dll+0x209a57]
V  [jvm.dll+0x2082a1]
V  [jvm.dll+0x6ef58f]
V  [jvm.dll+0x6e80b5]
V  [jvm.dll+0x5f1036]
C  [ucrtbase.dll+0x21bb2]
C  [KERNEL32.DLL+0x17034]
C  [ntdll.dll+0x52651]


---------------  P R O C E S S  ---------------

Threads class SMR info:
_java_thread_list=0x00000225311c3cd0, length=38, elements={
0x0000022512a11000, 0x000002252a379800, 0x000002252a37b000, 0x000002252a394000,
0x000002252a395800, 0x000002252a3da800, 0x000002252a3e3800, 0x000002252a3e7000,
0x000002252a417800, 0x000002252a63a800, 0x000002252c310800, 0x000002252b21f800,
0x000002252c5d9800, 0x000002252b134000, 0x000002252b134800, 0x000002252b135800,
0x000002252b137000, 0x000002252b131800, 0x000002252b138000, 0x000002252b133000,
0x000002252b83d800, 0x000002252b83b000, 0x000002252b849000, 0x000002252b83c800,
0x000002252b83c000, 0x000002252b840000, 0x000002252b843000, 0x000002252b844000,
0x000002252b83e800, 0x000002252b842800, 0x000002252b845000, 0x000002252b840800,
0x000002252b847000, 0x000002252b849800, 0x000002252b848000, 0x000002252b136800,
0x000002252b132800, 0x0000022535383800
}

Java Threads: ( => current thread )
  0x0000022512a11000 JavaThread "main" [_thread_blocked, id=5936, stack(0x0000007048500000,0x0000007048600000)]
  0x000002252a379800 JavaThread "Reference Handler" daemon [_thread_blocked, id=2540, stack(0x0000007048c00000,0x0000007048d00000)]
  0x000002252a37b000 JavaThread "Finalizer" daemon [_thread_blocked, id=5680, stack(0x0000007048d00000,0x0000007048e00000)]
  0x000002252a394000 JavaThread "Signal Dispatcher" daemon [_thread_blocked, id=3128, stack(0x0000007048e00000,0x0000007048f00000)]
  0x000002252a395800 JavaThread "Attach Listener" daemon [_thread_blocked, id=5868, stack(0x0000007048f00000,0x0000007049000000)]
  0x000002252a3da800 JavaThread "Service Thread" daemon [_thread_blocked, id=5728, stack(0x0000007049000000,0x0000007049100000)]
=>0x000002252a3e3800 JavaThread "C2 CompilerThread0" daemon [_thread_in_native, id=6504, stack(0x0000007049100000,0x0000007049200000)]
  0x000002252a3e7000 JavaThread "C1 CompilerThread0" daemon [_thread_blocked, id=1132, stack(0x0000007049200000,0x0000007049300000)]
  0x000002252a417800 JavaThread "Sweeper thread" daemon [_thread_blocked, id=3936, stack(0x0000007049300000,0x0000007049400000)]
  0x000002252a63a800 JavaThread "Common-Cleaner" daemon [_thread_blocked, id=332, stack(0x0000007049400000,0x0000007049500000)]
  0x000002252c310800 JavaThread "Daemon health stats" [_thread_blocked, id=6580, stack(0x0000007049700000,0x0000007049800000)]
  0x000002252b21f800 JavaThread "Incoming local TCP Connector on port 6600" [_thread_in_native, id=7564, stack(0x0000007049800000,0x0000007049900000)]
  0x000002252c5d9800 JavaThread "Daemon periodic checks" [_thread_blocked, id=112, stack(0x0000007049900000,0x0000007049a00000)]
  0x000002252b134000 JavaThread "Cache worker for file hash cache (C:\Users\felip\.gradle\caches\7.0.2\fileHashes)" [_thread_blocked, id=2400, stack(0x000000704a100000,0x000000704a200000)]
  0x000002252b134800 JavaThread "File lock request listener" [_thread_in_native, id=3208, stack(0x000000704a200000,0x000000704a300000)]
  0x000002252b135800 JavaThread "Cache worker for journal cache (C:\Users\felip\.gradle\caches\journal-1)" [_thread_blocked, id=5376, stack(0x000000704a300000,0x000000704a400000)]
  0x000002252b137000 JavaThread "File watcher server" daemon [_thread_in_native, id=2320, stack(0x000000704a500000,0x000000704a600000)]
  0x000002252b131800 JavaThread "File watcher consumer" daemon [_thread_blocked, id=4740, stack(0x000000704a600000,0x000000704a700000)]
  0x000002252b138000 JavaThread "jar transforms" [_thread_blocked, id=6660, stack(0x000000704a700000,0x000000704a800000)]
  0x000002252b133000 JavaThread "jar transforms Thread 2" [_thread_blocked, id=908, stack(0x000000704a800000,0x000000704a900000)]
  0x000002252b83d800 JavaThread "Cache worker for execution history cache (C:\Users\felip\.gradle\caches\7.0.2\executionHistory)" [_thread_blocked, id=6176, stack(0x000000704ac00000,0x000000704ad00000)]
  0x000002252b83b000 JavaThread "Cache worker for file content cache (C:\Users\felip\.gradle\caches\7.0.2\fileContent)" [_thread_blocked, id=4068, stack(0x000000704ad00000,0x000000704ae00000)]
  0x000002252b849000 JavaThread "Memory manager" [_thread_blocked, id=7648, stack(0x000000704b000000,0x000000704b100000)]
  0x000002252b83c800 JavaThread "Daemon Thread 2" [_thread_blocked, id=6292, stack(0x0000007048200000,0x0000007048300000)]
  0x000002252b83c000 JavaThread "Handler for socket connection from /127.0.0.1:6600 to /127.0.0.1:6654" [_thread_in_native, id=5900, stack(0x0000007048300000,0x0000007048400000)]
  0x000002252b840000 JavaThread "Cancel handler" [_thread_blocked, id=4748, stack(0x0000007048400000,0x0000007048500000)]
  0x000002252b843000 JavaThread "Daemon worker Thread 2" [_thread_in_native, id=2176, stack(0x0000007049a00000,0x0000007049b00000)]
  0x000002252b844000 JavaThread "Asynchronous log dispatcher for DefaultDaemonConnection: socket connection from /127.0.0.1:6600 to /127.0.0.1:6654" [_thread_blocked, id=1928, stack(0x0000007049b00000,0x0000007049c00000)]
  0x000002252b83e800 JavaThread "Stdin handler" [_thread_blocked, id=8188, stack(0x0000007049c00000,0x0000007049d00000)]
  0x000002252b842800 JavaThread "Daemon client event forwarder" [_thread_blocked, id=4756, stack(0x0000007049d00000,0x0000007049e00000)]
  0x000002252b845000 JavaThread "Cache worker for file hash cache (C:\Users\felip\AndroidStudioProjects\VideoApp\.gradle\7.0.2\fileHashes)" [_thread_blocked, id=5040, stack(0x0000007049e00000,0x0000007049f00000)]
  0x000002252b840800 JavaThread "Cache worker for checksums cache (C:\Users\felip\AndroidStudioProjects\VideoApp\.gradle\checksums)" [_thread_blocked, id=5616, stack(0x0000007049f00000,0x000000704a000000)]
  0x000002252b847000 JavaThread "Cache worker for cache directory md-supplier (C:\Users\felip\.gradle\caches\7.0.2\md-supplier)" [_thread_blocked, id=3588, stack(0x000000704a000000,0x000000704a100000)]
  0x000002252b849800 JavaThread "Cache worker for cache directory md-rule (C:\Users\felip\.gradle\caches\7.0.2\md-rule)" [_thread_blocked, id=2800, stack(0x000000704a400000,0x000000704a500000)]
  0x000002252b848000 JavaThread "Cache worker for dependencies-accessors (C:\Users\felip\AndroidStudioProjects\VideoApp\.gradle\7.0.2\dependencies-accessors)" [_thread_blocked, id=6028, stack(0x000000704a900000,0x000000704aa00000)]
  0x000002252b136800 JavaThread "Cache worker for Build Output Cleanup Cache (C:\Users\felip\AndroidStudioProjects\VideoApp\.gradle\buildOutputCleanup)" [_thread_blocked, id=1612, stack(0x000000704aa00000,0x000000704ab00000)]
  0x000002252b132800 JavaThread "Build operations" [_thread_blocked, id=3496, stack(0x000000704ab00000,0x000000704ac00000)]
  0x0000022535383800 JavaThread "Build operations Thread 2" [_thread_blocked, id=6564, stack(0x000000704ae00000,0x000000704af00000)]

Other Threads:
  0x000002252a374000 VMThread "VM Thread" [stack: 0x0000007048b00000,0x0000007048c00000] [id=7768]
  0x000002252a678800 WatcherThread [stack: 0x0000007049500000,0x0000007049600000] [id=6840]
  0x0000022512a2a800 GCTaskThread "GC Thread#0" [stack: 0x0000007048600000,0x0000007048700000] [id=3188]
  0x000002252a7cf800 GCTaskThread "GC Thread#1" [stack: 0x0000007049600000,0x0000007049700000] [id=3744]
  0x0000022512a44800 ConcurrentGCThread "G1 Main Marker" [stack: 0x0000007048700000,0x0000007048800000] [id=7208]
  0x0000022512a46000 ConcurrentGCThread "G1 Conc#0" [stack: 0x0000007048800000,0x0000007048900000] [id=5544]
  0x0000022512a94000 ConcurrentGCThread "G1 Refine#0" [stack: 0x0000007048900000,0x0000007048a00000] [id=6952]
  0x0000022512a95800 ConcurrentGCThread "G1 Young RemSet Sampling" [stack: 0x0000007048a00000,0x0000007048b00000] [id=1908]

Threads with active compile tasks:
C2 CompilerThread0 590643 13802       4       org.gradle.tooling.internal.adapter.ProtocolToModelAdapter$InvocationHandlerImpl::invoke (176 bytes)

VM state:not at safepoint (normal execution)

VM Mutex/Monitor currently owned by a thread: None

Heap address: 0x00000000c0000000, size: 1024 MB, Compressed Oops mode: 32-bit
Narrow klass base: 0x0000000000000000, Narrow klass shift: 3
Compressed class space size: 1073741824 Address: 0x0000000100000000

Heap:
 garbage-first heap   total 146432K, used 129389K [0x00000000c0000000, 0x0000000100000000)
  region size 1024K, 3 young (3072K), 1 survivors (1024K)
 Metaspace       used 109349K, capacity 112239K, committed 112256K, reserved 1146880K
  class space    used 13888K, capacity 14967K, committed 14976K, reserved 1048576K
Heap Regions: E=young(eden), S=young(survivor), O=old, HS=humongous(starts), HC=humongous(continues), CS=collection set, F=free, A=archive, TAMS=top-at-mark-start (previous, next)
|   0|0x00000000c0000000, 0x00000000c0100000, 0x00000000c0100000|100%| O|  |TAMS 0x00000000c0100000, 0x00000000c0000000| Untracked 
|   1|0x00000000c0100000, 0x00000000c0200000, 0x00000000c0200000|100%| O|  |TAMS 0x00000000c0200000, 0x00000000c0100000| Untracked 
|   2|0x00000000c0200000, 0x00000000c0300000, 0x00000000c0300000|100%| O|  |TAMS 0x00000000c0300000, 0x00000000c0200000| Untracked 
|   3|0x00000000c0300000, 0x00000000c0400000, 0x00000000c0400000|100%| O|  |TAMS 0x00000000c0400000, 0x00000000c0300000| Untracked 
|   4|0x00000000c0400000, 0x00000000c0500000, 0x00000000c0500000|100%|HS|  |TAMS 0x00000000c0500000, 0x00000000c0400000| Complete 
|   5|0x00000000c0500000, 0x00000000c0600000, 0x00000000c0600000|100%|HC|  |TAMS 0x00000000c0600000, 0x00000000c0500000| Complete 
|   6|0x00000000c0600000, 0x00000000c0700000, 0x00000000c0700000|100%|HC|  |TAMS 0x00000000c0700000, 0x00000000c0600000| Complete 
|   7|0x00000000c0700000, 0x00000000c0800000, 0x00000000c0800000|100%| O|  |TAMS 0x00000000c0800000, 0x00000000c0700000| Untracked 
|   8|0x00000000c0800000, 0x00000000c0900000, 0x00000000c0900000|100%| O|  |TAMS 0x00000000c0900000, 0x00000000c0800000| Untracked 
|   9|0x00000000c0900000, 0x00000000c0a00000, 0x00000000c0a00000|100%| O|  |TAMS 0x00000000c0a00000, 0x00000000c0900000| Untracked 
|  10|0x00000000c0a00000, 0x00000000c0b00000, 0x00000000c0b00000|100%| O|  |TAMS 0x00000000c0b00000, 0x00000000c0a00000| Untracked 
|  11|0x00000000c0b00000, 0x00000000c0c00000, 0x00000000c0c00000|100%| O|  |TAMS 0x00000000c0c00000, 0x00000000c0b00000| Complete 
|  12|0x00000000c0c00000, 0x00000000c0d00000, 0x00000000c0d00000|100%| O|  |TAMS 0x00000000c0d00000, 0x00000000c0c00000| Untracked 
|  13|0x00000000c0d00000, 0x00000000c0e00000, 0x00000000c0e00000|100%| O|  |TAMS 0x00000000c0e00000, 0x00000000c0d00000| Untracked 
|  14|0x00000000c0e00000, 0x00000000c0f00000, 0x00000000c0f00000|100%| O|  |TAMS 0x00000000c0f00000, 0x00000000c0e00000| Untracked 
|  15|0x00000000c0f00000, 0x00000000c1000000, 0x00000000c1000000|100%| O|  |TAMS 0x00000000c1000000, 0x00000000c0f00000| Untracked 
|  16|0x00000000c1000000, 0x00000000c1100000, 0x00000000c1100000|100%| O|  |TAMS 0x00000000c1100000, 0x00000000c1000000| Untracked 
|  17|0x00000000c1100000, 0x00000000c1200000, 0x00000000c1200000|100%|HS|  |TAMS 0x00000000c1200000, 0x00000000c1100000| Complete 
|  18|0x00000000c1200000, 0x00000000c1300000, 0x00000000c1300000|100%|HC|  |TAMS 0x00000000c1300000, 0x00000000c1200000| Complete 
|  19|0x00000000c1300000, 0x00000000c1400000, 0x00000000c1400000|100%|HS|  |TAMS 0x00000000c1400000, 0x00000000c1300000| Complete 
|  20|0x00000000c1400000, 0x00000000c1500000, 0x00000000c1500000|100%|HC|  |TAMS 0x00000000c1500000, 0x00000000c1400000| Complete 
|  21|0x00000000c1500000, 0x00000000c1600000, 0x00000000c1600000|100%|HC|  |TAMS 0x00000000c1600000, 0x00000000c1500000| Complete 
|  22|0x00000000c1600000, 0x00000000c1700000, 0x00000000c1700000|100%|HS|  |TAMS 0x00000000c1700000, 0x00000000c1600000| Complete 
|  23|0x00000000c1700000, 0x00000000c1800000, 0x00000000c1800000|100%|HC|  |TAMS 0x00000000c1800000, 0x00000000c1700000| Complete 
|  24|0x00000000c1800000, 0x00000000c1900000, 0x00000000c1900000|100%|HC|  |TAMS 0x00000000c1900000, 0x00000000c1800000| Complete 
|  25|0x00000000c1900000, 0x00000000c1a00000, 0x00000000c1a00000|100%|HC|  |TAMS 0x00000000c1a00000, 0x00000000c1900000| Complete 
|  26|0x00000000c1a00000, 0x00000000c1b00000, 0x00000000c1b00000|100%| O|  |TAMS 0x00000000c1b00000, 0x00000000c1a00000| Complete 
|  27|0x00000000c1b00000, 0x00000000c1c00000, 0x00000000c1c00000|100%| O|  |TAMS 0x00000000c1c00000, 0x00000000c1b00000| Complete 
|  28|0x00000000c1c00000, 0x00000000c1d00000, 0x00000000c1d00000|100%| O|  |TAMS 0x00000000c1d00000, 0x00000000c1c00000| Complete 
|  29|0x00000000c1d00000, 0x00000000c1e00000, 0x00000000c1e00000|100%| O|  |TAMS 0x00000000c1e00000, 0x00000000c1d00000| Untracked 
|  30|0x00000000c1e00000, 0x00000000c1f00000, 0x00000000c1f00000|100%| O|  |TAMS 0x00000000c1f00000, 0x00000000c1e00000| Untracked 
|  31|0x00000000c1f00000, 0x00000000c2000000, 0x00000000c2000000|100%| O|  |TAMS 0x00000000c2000000, 0x00000000c1f00000| Complete 
|  32|0x00000000c2000000, 0x00000000c2100000, 0x00000000c2100000|100%| O|  |TAMS 0x00000000c2100000, 0x00000000c2000000| Untracked 
|  33|0x00000000c2100000, 0x00000000c2200000, 0x00000000c2200000|100%| O|  |TAMS 0x00000000c2200000, 0x00000000c2100000| Untracked 
|  34|0x00000000c2200000, 0x00000000c2300000, 0x00000000c2300000|100%| O|  |TAMS 0x00000000c2300000, 0x00000000c2200000| Untracked 
|  35|0x00000000c2300000, 0x00000000c2400000, 0x00000000c2400000|100%| O|  |TAMS 0x00000000c2400000, 0x00000000c2300000| Untracked 
|  36|0x00000000c2400000, 0x00000000c2500000, 0x00000000c2500000|100%| O|  |TAMS 0x00000000c2500000, 0x00000000c2400000| Untracked 
|  37|0x00000000c2500000, 0x00000000c2600000, 0x00000000c2600000|100%| O|  |TAMS 0x00000000c2600000, 0x00000000c2500000| Complete 
|  38|0x00000000c2600000, 0x00000000c2700000, 0x00000000c2700000|100%| O|  |TAMS 0x00000000c2700000, 0x00000000c2600000| Complete 
|  39|0x00000000c2700000, 0x00000000c2800000, 0x00000000c2800000|100%| O|  |TAMS 0x00000000c2800000, 0x00000000c2700000| Untracked 
|  40|0x00000000c2800000, 0x00000000c2900000, 0x00000000c2900000|100%| O|  |TAMS 0x00000000c2900000, 0x00000000c2800000| Untracked 
|  41|0x00000000c2900000, 0x00000000c2a00000, 0x00000000c2a00000|100%| O|  |TAMS 0x00000000c2a00000, 0x00000000c2900000| Untracked 
|  42|0x00000000c2a00000, 0x00000000c2b00000, 0x00000000c2b00000|100%| O|  |TAMS 0x00000000c2b00000, 0x00000000c2a00000| Untracked 
|  43|0x00000000c2b00000, 0x00000000c2c00000, 0x00000000c2c00000|100%|HS|  |TAMS 0x00000000c2c00000, 0x00000000c2b00000| Complete 
|  44|0x00000000c2c00000, 0x00000000c2d00000, 0x00000000c2d00000|100%|HC|  |TAMS 0x00000000c2d00000, 0x00000000c2c00000| Complete 
|  45|0x00000000c2d00000, 0x00000000c2e00000, 0x00000000c2e00000|100%|HC|  |TAMS 0x00000000c2e00000, 0x00000000c2d00000| Complete 
|  46|0x00000000c2e00000, 0x00000000c2f00000, 0x00000000c2f00000|100%| O|  |TAMS 0x00000000c2f00000, 0x00000000c2e00000| Untracked 
|  47|0x00000000c2f00000, 0x00000000c3000000, 0x00000000c3000000|100%| O|  |TAMS 0x00000000c3000000, 0x00000000c2f00000| Complete 
|  48|0x00000000c3000000, 0x00000000c3100000, 0x00000000c3100000|100%| O|  |TAMS 0x00000000c3100000, 0x00000000c3000000| Untracked 
|  49|0x00000000c3100000, 0x00000000c3200000, 0x00000000c3200000|100%| O|  |TAMS 0x00000000c3200000, 0x00000000c3100000| Untracked 
|  50|0x00000000c3200000, 0x00000000c3300000, 0x00000000c3300000|100%| O|  |TAMS 0x00000000c3300000, 0x00000000c3200000| Complete 
|  51|0x00000000c3300000, 0x00000000c3400000, 0x00000000c3400000|100%| O|  |TAMS 0x00000000c3400000, 0x00000000c3300000| Complete 
|  52|0x00000000c3400000, 0x00000000c3500000, 0x00000000c3500000|100%|HS|  |TAMS 0x00000000c3500000, 0x00000000c3400000| Complete 
|  53|0x00000000c3500000, 0x00000000c3600000, 0x00000000c3600000|100%|HC|  |TAMS 0x00000000c3600000, 0x00000000c3500000| Complete 
|  54|0x00000000c3600000, 0x00000000c3700000, 0x00000000c3700000|100%|HC|  |TAMS 0x00000000c3700000, 0x00000000c3600000| Complete 
|  55|0x00000000c3700000, 0x00000000c3800000, 0x00000000c3800000|100%|HC|  |TAMS 0x00000000c3800000, 0x00000000c3700000| Complete 
|  56|0x00000000c3800000, 0x00000000c3900000, 0x00000000c3900000|100%| O|  |TAMS 0x00000000c3900000, 0x00000000c3800000| Complete 
|  57|0x00000000c3900000, 0x00000000c3a00000, 0x00000000c3a00000|100%| O|  |TAMS 0x00000000c3a00000, 0x00000000c3900000| Complete 
|  58|0x00000000c3a00000, 0x00000000c3b00000, 0x00000000c3b00000|100%| O|  |TAMS 0x00000000c3b00000, 0x00000000c3a00000| Untracked 
|  59|0x00000000c3b00000, 0x00000000c3c00000, 0x00000000c3c00000|100%| O|  |TAMS 0x00000000c3c00000, 0x00000000c3b00000| Complete 
|  60|0x00000000c3c00000, 0x00000000c3d00000, 0x00000000c3d00000|100%| O|  |TAMS 0x00000000c3d00000, 0x00000000c3c00000| Complete 
|  61|0x00000000c3d00000, 0x00000000c3e00000, 0x00000000c3e00000|100%|HS|  |TAMS 0x00000000c3e00000, 0x00000000c3d00000| Complete 
|  62|0x00000000c3e00000, 0x00000000c3f00000, 0x00000000c3f00000|100%|HS|  |TAMS 0x00000000c3f00000, 0x00000000c3e00000| Complete 
|  63|0x00000000c3f00000, 0x00000000c4000000, 0x00000000c4000000|100%| O|  |TAMS 0x00000000c4000000, 0x00000000c3f00000| Untracked 
|  64|0x00000000c4000000, 0x00000000c4100000, 0x00000000c4100000|100%|HS|  |TAMS 0x00000000c4100000, 0x00000000c4000000| Complete 
|  65|0x00000000c4100000, 0x00000000c4200000, 0x00000000c4200000|100%| O|  |TAMS 0x00000000c4200000, 0x00000000c4100000| Untracked 
|  66|0x00000000c4200000, 0x00000000c4300000, 0x00000000c4300000|100%|HS|  |TAMS 0x00000000c4300000, 0x00000000c4200000| Complete 
|  67|0x00000000c4300000, 0x00000000c4400000, 0x00000000c4400000|100%|HC|  |TAMS 0x00000000c4400000, 0x00000000c4300000| Complete 
|  68|0x00000000c4400000, 0x00000000c4500000, 0x00000000c4500000|100%|HC|  |TAMS 0x00000000c4500000, 0x00000000c4400000| Complete 
|  69|0x00000000c4500000, 0x00000000c4600000, 0x00000000c4600000|100%| O|  |TAMS 0x00000000c4600000, 0x00000000c4500000| Untracked 
|  70|0x00000000c4600000, 0x00000000c4700000, 0x00000000c4700000|100%| O|  |TAMS 0x00000000c4700000, 0x00000000c4600000| Untracked 
|  71|0x00000000c4700000, 0x00000000c4800000, 0x00000000c4800000|100%|HS|  |TAMS 0x00000000c4800000, 0x00000000c4700000| Complete 
|  72|0x00000000c4800000, 0x00000000c4900000, 0x00000000c4900000|100%|HC|  |TAMS 0x00000000c4900000, 0x00000000c4800000| Complete 
|  73|0x00000000c4900000, 0x00000000c4a00000, 0x00000000c4a00000|100%| O|  |TAMS 0x00000000c4a00000, 0x00000000c4900000| Untracked 
|  74|0x00000000c4a00000, 0x00000000c4b00000, 0x00000000c4b00000|100%| O|  |TAMS 0x00000000c4b00000, 0x00000000c4a00000| Untracked 
|  75|0x00000000c4b00000, 0x00000000c4c00000, 0x00000000c4c00000|100%| O|  |TAMS 0x00000000c4c00000, 0x00000000c4b00000| Complete 
|  76|0x00000000c4c00000, 0x00000000c4d00000, 0x00000000c4d00000|100%| O|  |TAMS 0x00000000c4d00000, 0x00000000c4c00000| Untracked 
|  77|0x00000000c4d00000, 0x00000000c4e00000, 0x00000000c4e00000|100%| O|  |TAMS 0x00000000c4e00000, 0x00000000c4d00000| Complete 
|  78|0x00000000c4e00000, 0x00000000c4f00000, 0x00000000c4f00000|100%| O|  |TAMS 0x00000000c4f00000, 0x00000000c4e00000| Complete 
|  79|0x00000000c4f00000, 0x00000000c5000000, 0x00000000c5000000|100%| O|  |TAMS 0x00000000c5000000, 0x00000000c4f00000| Complete 
|  80|0x00000000c5000000, 0x00000000c5100000, 0x00000000c5100000|100%| O|  |TAMS 0x00000000c5100000, 0x00000000c5000000| Untracked 
|  81|0x00000000c5100000, 0x00000000c5200000, 0x00000000c5200000|100%| O|  |TAMS 0x00000000c5200000, 0x00000000c5100000| Complete 
|  82|0x00000000c5200000, 0x00000000c5300000, 0x00000000c5300000|100%| O|  |TAMS 0x00000000c5300000, 0x00000000c5200000| Untracked 
|  83|0x00000000c5300000, 0x00000000c5400000, 0x00000000c5400000|100%| O|  |TAMS 0x00000000c5400000, 0x00000000c5300000| Complete 
|  84|0x00000000c5400000, 0x00000000c5500000, 0x00000000c5500000|100%| O|  |TAMS 0x00000000c5500000, 0x00000000c5400000| Complete 
|  85|0x00000000c5500000, 0x00000000c5600000, 0x00000000c5600000|100%| O|  |TAMS 0x00000000c5600000, 0x00000000c5500000| Complete 
|  86|0x00000000c5600000, 0x00000000c5700000, 0x00000000c5700000|100%| O|  |TAMS 0x00000000c5700000, 0x00000000c5600000| Untracked 
|  87|0x00000000c5700000, 0x00000000c5800000, 0x00000000c5800000|100%| O|  |TAMS 0x00000000c5800000, 0x00000000c5700000| Complete 
|  88|0x00000000c5800000, 0x00000000c5900000, 0x00000000c5900000|100%| O|  |TAMS 0x00000000c5900000, 0x00000000c5800000| Complete 
|  89|0x00000000c5900000, 0x00000000c5a00000, 0x00000000c5a00000|100%| O|  |TAMS 0x00000000c5a00000, 0x00000000c5900000| Complete 
|  90|0x00000000c5a00000, 0x00000000c5aa2800, 0x00000000c5b00000| 63%| O|  |TAMS 0x00000000c5aa2800, 0x00000000c5a00000| Untracked 
|  91|0x00000000c5b00000, 0x00000000c5c00000, 0x00000000c5c00000|100%|HS|  |TAMS 0x00000000c5c00000, 0x00000000c5b00000| Complete 
|  92|0x00000000c5c00000, 0x00000000c5d00000, 0x00000000c5d00000|100%|HC|  |TAMS 0x00000000c5d00000, 0x00000000c5c00000| Complete 
|  93|0x00000000c5d00000, 0x00000000c5e00000, 0x00000000c5e00000|100%|HS|  |TAMS 0x00000000c5e00000, 0x00000000c5d00000| Complete 
|  94|0x00000000c5e00000, 0x00000000c5f00000, 0x00000000c5f00000|100%|HC|  |TAMS 0x00000000c5f00000, 0x00000000c5e00000| Complete 
|  95|0x00000000c5f00000, 0x00000000c6000000, 0x00000000c6000000|100%|HC|  |TAMS 0x00000000c6000000, 0x00000000c5f00000| Complete 
|  96|0x00000000c6000000, 0x00000000c6100000, 0x00000000c6100000|100%|HS|  |TAMS 0x00000000c6100000, 0x00000000c6000000| Complete 
|  97|0x00000000c6100000, 0x00000000c6200000, 0x00000000c6200000|100%|HC|  |TAMS 0x00000000c6200000, 0x00000000c6100000| Complete 
|  98|0x00000000c6200000, 0x00000000c6300000, 0x00000000c6300000|100%|HC|  |TAMS 0x00000000c6300000, 0x00000000c6200000| Complete 
|  99|0x00000000c6300000, 0x00000000c6400000, 0x00000000c6400000|100%|HC|  |TAMS 0x00000000c6400000, 0x00000000c6300000| Complete 
| 100|0x00000000c6400000, 0x00000000c6500000, 0x00000000c6500000|100%| O|  |TAMS 0x00000000c6500000, 0x00000000c6400000| Complete 
| 101|0x00000000c6500000, 0x00000000c6500000, 0x00000000c6600000|  0%| F|  |TAMS 0x00000000c6500000, 0x00000000c6500000| Untracked 
| 102|0x00000000c6600000, 0x00000000c6700000, 0x00000000c6700000|100%| O|  |TAMS 0x00000000c6700000, 0x00000000c6600000| Untracked 
| 103|0x00000000c6700000, 0x00000000c6800000, 0x00000000c6800000|100%| O|  |TAMS 0x00000000c6800000, 0x00000000c6700000| Untracked 
| 104|0x00000000c6800000, 0x00000000c6900000, 0x00000000c6900000|100%| O|  |TAMS 0x00000000c6900000, 0x00000000c6800000| Untracked 
| 105|0x00000000c6900000, 0x00000000c6900000, 0x00000000c6a00000|  0%| F|  |TAMS 0x00000000c6900000, 0x00000000c6900000| Untracked 
| 106|0x00000000c6a00000, 0x00000000c6b00000, 0x00000000c6b00000|100%| O|  |TAMS 0x00000000c6b00000, 0x00000000c6a00000| Complete 
| 107|0x00000000c6b00000, 0x00000000c6c00000, 0x00000000c6c00000|100%| O|  |TAMS 0x00000000c6c00000, 0x00000000c6b00000| Untracked 
| 108|0x00000000c6c00000, 0x00000000c6d00000, 0x00000000c6d00000|100%| O|  |TAMS 0x00000000c6d00000, 0x00000000c6c00000| Untracked 
| 109|0x00000000c6d00000, 0x00000000c6e00000, 0x00000000c6e00000|100%| O|  |TAMS 0x00000000c6e00000, 0x00000000c6d00000| Untracked 
| 110|0x00000000c6e00000, 0x00000000c6f00000, 0x00000000c6f00000|100%| O|  |TAMS 0x00000000c6f00000, 0x00000000c6e00000| Complete 
| 111|0x00000000c6f00000, 0x00000000c6f00000, 0x00000000c7000000|  0%| F|  |TAMS 0x00000000c6f00000, 0x00000000c6f00000| Untracked 
| 112|0x00000000c7000000, 0x00000000c7000000, 0x00000000c7100000|  0%| F|  |TAMS 0x00000000c7000000, 0x00000000c7000000| Untracked 
| 113|0x00000000c7100000, 0x00000000c7100000, 0x00000000c7200000|  0%| F|  |TAMS 0x00000000c7100000, 0x00000000c7100000| Untracked 
| 114|0x00000000c7200000, 0x00000000c7300000, 0x00000000c7300000|100%| O|  |TAMS 0x00000000c7300000, 0x00000000c7200000| Complete 
| 115|0x00000000c7300000, 0x00000000c7400000, 0x00000000c7400000|100%| O|  |TAMS 0x00000000c7400000, 0x00000000c7300000| Untracked 
| 116|0x00000000c7400000, 0x00000000c7500000, 0x00000000c7500000|100%| O|  |TAMS 0x00000000c7500000, 0x00000000c7400000| Untracked 
| 117|0x00000000c7500000, 0x00000000c7500000, 0x00000000c7600000|  0%| F|  |TAMS 0x00000000c7500000, 0x00000000c7500000| Untracked 
| 118|0x00000000c7600000, 0x00000000c7600000, 0x00000000c7700000|  0%| F|  |TAMS 0x00000000c7600000, 0x00000000c7600000| Untracked 
| 119|0x00000000c7700000, 0x00000000c7700000, 0x00000000c7800000|  0%| F|  |TAMS 0x00000000c7700000, 0x00000000c7700000| Untracked 
| 120|0x00000000c7800000, 0x00000000c7900000, 0x00000000c7900000|100%| O|  |TAMS 0x00000000c7900000, 0x00000000c7800000| Untracked 
| 121|0x00000000c7900000, 0x00000000c7900000, 0x00000000c7a00000|  0%| F|  |TAMS 0x00000000c7900000, 0x00000000c7900000| Untracked 
| 122|0x00000000c7a00000, 0x00000000c7a00000, 0x00000000c7b00000|  0%| F|  |TAMS 0x00000000c7a00000, 0x00000000c7a00000| Untracked 
| 123|0x00000000c7b00000, 0x00000000c7c00000, 0x00000000c7c00000|100%| O|  |TAMS 0x00000000c7c00000, 0x00000000c7b00000| Untracked 
| 124|0x00000000c7c00000, 0x00000000c7d00000, 0x00000000c7d00000|100%| O|  |TAMS 0x00000000c7d00000, 0x00000000c7c00000| Untracked 
| 125|0x00000000c7d00000, 0x00000000c7e00000, 0x00000000c7e00000|100%| O|  |TAMS 0x00000000c7e00000, 0x00000000c7d00000| Complete 
| 126|0x00000000c7e00000, 0x00000000c7e00000, 0x00000000c7f00000|  0%| F|  |TAMS 0x00000000c7e00000, 0x00000000c7e00000| Untracked 
| 127|0x00000000c7f00000, 0x00000000c8000000, 0x00000000c8000000|100%| O|  |TAMS 0x00000000c8000000, 0x00000000c7f00000| Untracked 
| 128|0x00000000c8000000, 0x00000000c80b8e38, 0x00000000c8100000| 72%| S|CS|TAMS 0x00000000c8000000, 0x00000000c8000000| Complete 
| 129|0x00000000c8100000, 0x00000000c8100000, 0x00000000c8200000|  0%| F|  |TAMS 0x00000000c8100000, 0x00000000c8100000| Untracked 
| 130|0x00000000c8200000, 0x00000000c8200000, 0x00000000c8300000|  0%| F|  |TAMS 0x00000000c8200000, 0x00000000c8200000| Untracked 
| 131|0x00000000c8300000, 0x00000000c8300000, 0x00000000c8400000|  0%| F|  |TAMS 0x00000000c8300000, 0x00000000c8300000| Untracked 
| 132|0x00000000c8400000, 0x00000000c8400000, 0x00000000c8500000|  0%| F|  |TAMS 0x00000000c8400000, 0x00000000c8400000| Untracked 
| 133|0x00000000c8500000, 0x00000000c85c5548, 0x00000000c8600000| 77%| E|  |TAMS 0x00000000c8500000, 0x00000000c8500000| Complete 
| 134|0x00000000c8600000, 0x00000000c8700000, 0x00000000c8700000|100%| E|CS|TAMS 0x00000000c8600000, 0x00000000c8600000| Complete 
| 135|0x00000000c8700000, 0x00000000c8800000, 0x00000000c8800000|100%| O|  |TAMS 0x00000000c8800000, 0x00000000c8700000| Complete 
| 136|0x00000000c8800000, 0x00000000c8900000, 0x00000000c8900000|100%| O|  |TAMS 0x00000000c8900000, 0x00000000c8800000| Complete 
| 137|0x00000000c8900000, 0x00000000c8a00000, 0x00000000c8a00000|100%| O|  |TAMS 0x00000000c8a00000, 0x00000000c8900000| Untracked 
| 138|0x00000000c8a00000, 0x00000000c8b00000, 0x00000000c8b00000|100%| O|  |TAMS 0x00000000c8b00000, 0x00000000c8a00000| Untracked 
| 139|0x00000000c8b00000, 0x00000000c8c00000, 0x00000000c8c00000|100%| O|  |TAMS 0x00000000c8c00000, 0x00000000c8b00000| Untracked 
| 140|0x00000000c8c00000, 0x00000000c8d00000, 0x00000000c8d00000|100%| O|  |TAMS 0x00000000c8d00000, 0x00000000c8c00000| Untracked 
| 141|0x00000000c8d00000, 0x00000000c8e00000, 0x00000000c8e00000|100%| O|  |TAMS 0x00000000c8e00000, 0x00000000c8d00000| Untracked 
| 142|0x00000000c8e00000, 0x00000000c8f00000, 0x00000000c8f00000|100%| O|  |TAMS 0x00000000c8f00000, 0x00000000c8e00000| Untracked 

Card table byte_map: [0x0000022525510000,0x0000022525710000] _byte_map_base: 0x0000022524f10000

Marking Bits (Prev, Next): (CMBitMap*) 0x0000022512a3f8b0, (CMBitMap*) 0x0000022512a3f878
 Prev Bits: [0x0000022526910000, 0x0000022527910000)
 Next Bits: [0x0000022525910000, 0x0000022526910000)

Polling page: 0x0000022510a30000

Metaspace:

Usage:
  Non-class:     94.99 MB capacity,    93.22 MB ( 98%) used,     1.46 MB (  2%) free+waste,   316.31 KB ( <1%) overhead. 
      Class:     14.62 MB capacity,    13.56 MB ( 93%) used,   934.22 KB (  6%) free+waste,   144.06 KB ( <1%) overhead. 
       Both:    109.61 MB capacity,   106.79 MB ( 97%) used,     2.37 MB (  2%) free+waste,   460.38 KB ( <1%) overhead. 

Virtual space:
  Non-class space:       96.00 MB reserved,      95.00 MB ( 99%) committed 
      Class space:        1.00 GB reserved,      14.63 MB (  1%) committed 
             Both:        1.09 GB reserved,     109.63 MB ( 10%) committed 

Chunk freelists:
   Non-Class:  8.00 KB
       Class:  0 bytes
        Both:  8.00 KB

MaxMetaspaceSize: 17179869184.00 GB
CompressedClassSpaceSize: 1.00 GB

CodeHeap 'non-profiled nmethods': size=120064Kb used=8269Kb max_used=8269Kb free=111794Kb
 bounds [0x000002251dfd0000, 0x000002251e7f0000, 0x0000022525510000]
CodeHeap 'profiled nmethods': size=120000Kb used=32044Kb max_used=32044Kb free=87955Kb
 bounds [0x0000022516aa0000, 0x00000225189f0000, 0x000002251dfd0000]
CodeHeap 'non-nmethods': size=5696Kb used=2319Kb max_used=2378Kb free=3376Kb
 bounds [0x0000022516510000, 0x0000022516780000, 0x0000022516aa0000]
 total_blobs=14809 nmethods=13863 adapters=858
 compilation: enabled
              stopped_count=0, restarted_count=0
 full_count=0

Compilation events (20 events):
Event: 589.002 Thread 0x000002252a3e7000 13918       2       com.amazon.ion.impl.bin.IonRawBinaryWriter::writeBool (39 bytes)
Event: 589.003 Thread 0x000002252a3e7000 nmethod 13918 0x00000225189cb310 code [0x00000225189cb500, 0x00000225189cb738]
Event: 589.003 Thread 0x000002252a3e7000 13919       2       org.jetbrains.plugins.gradle.tooling.util.ObjectCollector::add (62 bytes)
Event: 589.004 Thread 0x000002252a3e7000 nmethod 13919 0x00000225189cb910 code [0x00000225189cbae0, 0x00000225189cbd08]
Event: 589.004 Thread 0x000002252a3e7000 13920       2       gnu.trove.TObjectIntHashMap::get (21 bytes)
Event: 589.004 Thread 0x000002252a3e7000 nmethod 13920 0x00000225189cbf10 code [0x00000225189cc0c0, 0x00000225189cc228]
Event: 589.005 Thread 0x000002252a3e7000 13922       2       org.jetbrains.plugins.gradle.tooling.serialization.GradleExtensionsSerializationService::writeConfiguration (18 bytes)
Event: 589.005 Thread 0x000002252a3e7000 nmethod 13922 0x00000225189cc310 code [0x00000225189cc4e0, 0x00000225189cc708]
Event: 589.005 Thread 0x000002252a3e7000 13923       2       com.amazon.ion.impl.bin.IonManagedBinaryWriter::writeInt (18 bytes)
Event: 589.005 Thread 0x000002252a3e7000 nmethod 13923 0x00000225189cc810 code [0x00000225189cc9e0, 0x00000225189ccb38]
Event: 589.006 Thread 0x000002252a3e7000 13924       2       com.amazon.ion.impl.bin.IonManagedBinaryWriter$UserState::writeInt (1 bytes)
Event: 589.006 Thread 0x000002252a3e7000 nmethod 13924 0x00000225189ccc10 code [0x00000225189ccdc0, 0x00000225189cceb8]
Event: 589.006 Thread 0x000002252a3e7000 13925       2       com.amazon.ion.impl.bin.IonRawBinaryWriter::writeInt (98 bytes)
Event: 589.007 Thread 0x000002252a3e7000 nmethod 13925 0x00000225189ccf90 code [0x00000225189cd1a0, 0x00000225189cd548]
Event: 589.007 Thread 0x000002252a3e7000 13926       2       com.amazon.ion.impl.bin.IonRawBinaryWriter::writeTypedUInt (289 bytes)
Event: 589.010 Thread 0x000002252a3e7000 nmethod 13926 0x00000225189cd810 code [0x00000225189cdae0, 0x00000225189ce3d8]
Event: 589.010 Thread 0x000002252a3e7000 13927       2       gnu.trove.THash::postInsertHook (72 bytes)
Event: 589.011 Thread 0x000002252a3e7000 nmethod 13927 0x00000225189ceb10 code [0x00000225189ced00, 0x00000225189cef68]
Event: 589.011 Thread 0x000002252a3e7000 13928       1       org.gradle.api.internal.project.DefaultProject::getDepth (5 bytes)
Event: 589.011 Thread 0x000002252a3e7000 nmethod 13928 0x000002251e7e2910 code [0x000002251e7e2ac0, 0x000002251e7e2b78]

GC Heap History (20 events):
Event: 312.329 GC heap before
{Heap before GC invocations=216 (full 0):
 garbage-first heap   total 138240K, used 134181K [0x00000000c0000000, 0x0000000100000000)
  region size 1024K, 6 young (6144K), 1 survivors (1024K)
 Metaspace       used 108689K, capacity 111523K, committed 111744K, reserved 1146880K
  class space    used 13856K, capacity 14913K, committed 14976K, reserved 1048576K
}
Event: 312.343 GC heap after
{Heap after GC invocations=217 (full 0):
 garbage-first heap   total 138240K, used 130315K [0x00000000c0000000, 0x0000000100000000)
  region size 1024K, 1 young (1024K), 1 survivors (1024K)
 Metaspace       used 108689K, capacity 111523K, committed 111744K, reserved 1146880K
  class space    used 13856K, capacity 14913K, committed 14976K, reserved 1048576K
}
Event: 519.428 GC heap before
{Heap before GC invocations=218 (full 0):
 garbage-first heap   total 138240K, used 135435K [0x00000000c0000000, 0x0000000100000000)
  region size 1024K, 6 young (6144K), 1 survivors (1024K)
 Metaspace       used 108733K, capacity 111588K, committed 111744K, reserved 1146880K
  class space    used 13856K, capacity 14913K, committed 14976K, reserved 1048576K
}
Event: 519.445 GC heap after
{Heap after GC invocations=219 (full 0):
 garbage-first heap   total 138240K, used 130301K [0x00000000c0000000, 0x0000000100000000)
  region size 1024K, 1 young (1024K), 1 survivors (1024K)
 Metaspace       used 108733K, capacity 111588K, committed 111744K, reserved 1146880K
  class space    used 13856K, capacity 14913K, committed 14976K, reserved 1048576K
}
Event: 571.863 GC heap before
{Heap before GC invocations=219 (full 0):
 garbage-first heap   total 138240K, used 134397K [0x00000000c0000000, 0x0000000100000000)
  region size 1024K, 6 young (6144K), 1 survivors (1024K)
 Metaspace       used 108838K, capacity 111706K, committed 112000K, reserved 1146880K
  class space    used 13865K, capacity 14925K, committed 14976K, reserved 1048576K
}
Event: 571.880 GC heap after
{Heap after GC invocations=220 (full 0):
 garbage-first heap   total 138240K, used 130925K [0x00000000c0000000, 0x0000000100000000)
  region size 1024K, 1 young (1024K), 1 survivors (1024K)
 Metaspace       used 108838K, capacity 111706K, committed 112000K, reserved 1146880K
  class space    used 13865K, capacity 14925K, committed 14976K, reserved 1048576K
}
Event: 581.937 GC heap before
{Heap before GC invocations=221 (full 0):
 garbage-first heap   total 138240K, used 136045K [0x00000000c0000000, 0x0000000100000000)
  region size 1024K, 6 young (6144K), 1 survivors (1024K)
 Metaspace       used 108910K, capacity 111832K, committed 112000K, reserved 1146880K
  class space    used 13873K, capacity 14939K, committed 14976K, reserved 1048576K
}
Event: 581.949 GC heap after
{Heap after GC invocations=222 (full 0):
 garbage-first heap   total 138240K, used 131764K [0x00000000c0000000, 0x0000000100000000)
  region size 1024K, 1 young (1024K), 1 survivors (1024K)
 Metaspace       used 108910K, capacity 111832K, committed 112000K, reserved 1146880K
  class space    used 13873K, capacity 14939K, committed 14976K, reserved 1048576K
}
Event: 584.589 GC heap before
{Heap before GC invocations=222 (full 0):
 garbage-first heap   total 138240K, used 136884K [0x00000000c0000000, 0x0000000100000000)
  region size 1024K, 6 young (6144K), 1 survivors (1024K)
 Metaspace       used 108919K, capacity 111896K, committed 112000K, reserved 1146880K
  class space    used 13873K, capacity 14939K, committed 14976K, reserved 1048576K
}
Event: 584.643 GC heap after
{Heap after GC invocations=223 (full 0):
 garbage-first heap   total 139264K, used 132831K [0x00000000c0000000, 0x0000000100000000)
  region size 1024K, 1 young (1024K), 1 survivors (1024K)
 Metaspace       used 108919K, capacity 111896K, committed 112000K, reserved 1146880K
  class space    used 13873K, capacity 14939K, committed 14976K, reserved 1048576K
}
Event: 585.529 GC heap before
{Heap before GC invocations=224 (full 0):
 garbage-first heap   total 139264K, used 137951K [0x00000000c0000000, 0x0000000100000000)
  region size 1024K, 6 young (6144K), 1 survivors (1024K)
 Metaspace       used 108939K, capacity 111897K, committed 112000K, reserved 1146880K
  class space    used 13873K, capacity 14939K, committed 14976K, reserved 1048576K
}
Event: 585.539 GC heap after
{Heap after GC invocations=225 (full 0):
 garbage-first heap   total 140288K, used 133379K [0x00000000c0000000, 0x0000000100000000)
  region size 1024K, 1 young (1024K), 1 survivors (1024K)
 Metaspace       used 108939K, capacity 111897K, committed 112000K, reserved 1146880K
  class space    used 13873K, capacity 14939K, committed 14976K, reserved 1048576K
}
Event: 585.983 GC heap before
{Heap before GC invocations=225 (full 0):
 garbage-first heap   total 140288K, used 138499K [0x00000000c0000000, 0x0000000100000000)
  region size 1024K, 6 young (6144K), 1 survivors (1024K)
 Metaspace       used 109054K, capacity 111989K, committed 112256K, reserved 1146880K
  class space    used 13884K, capacity 14960K, committed 14976K, reserved 1048576K
}
Event: 586.033 GC heap after
{Heap after GC invocations=226 (full 0):
 garbage-first heap   total 146432K, used 124919K [0x00000000c0000000, 0x0000000100000000)
  region size 1024K, 1 young (1024K), 1 survivors (1024K)
 Metaspace       used 109054K, capacity 111989K, committed 112256K, reserved 1146880K
  class space    used 13884K, capacity 14960K, committed 14976K, reserved 1048576K
}
Event: 587.058 GC heap before
{Heap before GC invocations=226 (full 0):
 garbage-first heap   total 146432K, used 131063K [0x00000000c0000000, 0x0000000100000000)
  region size 1024K, 7 young (7168K), 1 survivors (1024K)
 Metaspace       used 109181K, capacity 112075K, committed 112256K, reserved 1146880K
  class space    used 13886K, capacity 14962K, committed 14976K, reserved 1048576K
}
Event: 587.080 GC heap after
{Heap after GC invocations=227 (full 0):
 garbage-first heap   total 146432K, used 126348K [0x00000000c0000000, 0x0000000100000000)
  region size 1024K, 1 young (1024K), 1 survivors (1024K)
 Metaspace       used 109181K, capacity 112075K, committed 112256K, reserved 1146880K
  class space    used 13886K, capacity 14962K, committed 14976K, reserved 1048576K
}
Event: 587.897 GC heap before
{Heap before GC invocations=227 (full 0):
 garbage-first heap   total 146432K, used 132492K [0x00000000c0000000, 0x0000000100000000)
  region size 1024K, 7 young (7168K), 1 survivors (1024K)
 Metaspace       used 109251K, capacity 112161K, committed 112256K, reserved 1146880K
  class space    used 13888K, capacity 14966K, committed 14976K, reserved 1048576K
}
Event: 587.911 GC heap after
{Heap after GC invocations=228 (full 0):
 garbage-first heap   total 146432K, used 127579K [0x00000000c0000000, 0x0000000100000000)
  region size 1024K, 1 young (1024K), 1 survivors (1024K)
 Metaspace       used 109251K, capacity 112161K, committed 112256K, reserved 1146880K
  class space    used 13888K, capacity 14966K, committed 14976K, reserved 1048576K
}
Event: 588.501 GC heap before
{Heap before GC invocations=228 (full 0):
 garbage-first heap   total 146432K, used 132699K [0x00000000c0000000, 0x0000000100000000)
  region size 1024K, 7 young (7168K), 1 survivors (1024K)
 Metaspace       used 109259K, capacity 112161K, committed 112256K, reserved 1146880K
  class space    used 13888K, capacity 14966K, committed 14976K, reserved 1048576K
}
Event: 588.541 GC heap after
{Heap after GC invocations=229 (full 0):
 garbage-first heap   total 146432K, used 128069K [0x00000000c0000000, 0x0000000100000000)
  region size 1024K, 1 young (1024K), 1 survivors (1024K)
 Metaspace       used 109259K, capacity 112161K, committed 112256K, reserved 1146880K
  class space    used 13888K, capacity 14966K, committed 14976K, reserved 1048576K
}

Deoptimization events (20 events):
Event: 585.637 Thread 0x000002252b843000 DEOPT PACKING pc=0x000002251e0cbc88 sp=0x0000007049af8c80
Event: 585.637 Thread 0x000002252b843000 DEOPT UNPACKING pc=0x0000022516536029 sp=0x0000007049af8c28 mode 2
Event: 586.285 Thread 0x000002252b843000 DEOPT PACKING pc=0x0000022517b504a4 sp=0x0000007049af8290
Event: 586.285 Thread 0x000002252b843000 DEOPT UNPACKING pc=0x000002251653643f sp=0x0000007049af77b0 mode 0
Event: 586.652 Thread 0x000002252b843000 DEOPT PACKING pc=0x0000022517b504a4 sp=0x0000007049af7ea0
Event: 586.652 Thread 0x000002252b843000 DEOPT UNPACKING pc=0x000002251653643f sp=0x0000007049af73c0 mode 0
Event: 586.782 Thread 0x000002252b843000 Uncommon trap: trap_request=0xffffff4d fr.pc=0x000002251e67310c relative=0x000000000000156c
Event: 586.782 Thread 0x000002252b843000 Uncommon trap: reason=unstable_if action=reinterpret pc=0x000002251e67310c method=org.gradle.api.internal.artifacts.dsl.ParsedModuleStringNotation.assignValue(ILjava/lang/String;)V @ 68 c2
Event: 586.782 Thread 0x000002252b843000 DEOPT PACKING pc=0x000002251e67310c sp=0x0000007049af7e90
Event: 586.782 Thread 0x000002252b843000 DEOPT UNPACKING pc=0x0000022516536029 sp=0x0000007049af7df8 mode 2
Event: 586.785 Thread 0x000002252b843000 DEOPT PACKING pc=0x00000225170dccf9 sp=0x0000007049af8e40
Event: 586.785 Thread 0x000002252b843000 DEOPT UNPACKING pc=0x000002251653643f sp=0x0000007049af8308 mode 0
Event: 587.194 Thread 0x000002252b843000 Uncommon trap: trap_request=0xfffffff4 fr.pc=0x000002251e7d6db0 relative=0x0000000000000b50
Event: 587.194 Thread 0x000002252b843000 Uncommon trap: reason=null_check action=make_not_entrant pc=0x000002251e7d6db0 method=org.gradle.tooling.internal.provider.runner.SubtreeFilteringBuildOperationListener.finished(Lorg/gradle/internal/operations/BuildOperationDescriptor;Lorg/gradle/internal
Event: 587.194 Thread 0x000002252b843000 DEOPT PACKING pc=0x000002251e7d6db0 sp=0x0000007049afaa70
Event: 587.194 Thread 0x000002252b843000 DEOPT UNPACKING pc=0x0000022516536029 sp=0x0000007049afaa78 mode 2
Event: 587.551 Thread 0x000002252b843000 Uncommon trap: trap_request=0xffffffbe fr.pc=0x000002251e3ef618 relative=0x00000000000009f8
Event: 587.551 Thread 0x000002252b843000 Uncommon trap: reason=profile_predicate action=maybe_recompile pc=0x000002251e3ef618 method=java.util.TreeMap.getEntryUsingComparator(Ljava/lang/Object;)Ljava/util/TreeMap$Entry; @ 19 c2
Event: 587.551 Thread 0x000002252b843000 DEOPT PACKING pc=0x000002251e3ef618 sp=0x0000007049afaab0
Event: 587.551 Thread 0x000002252b843000 DEOPT UNPACKING pc=0x0000022516536029 sp=0x0000007049afa9e0 mode 2

Classes redefined (0 events):
No events

Internal exceptions (20 events):
Event: 230.908 Thread 0x000002252b132800 Exception <a 'java/lang/NoSuchMethodError'{0x00000000c82eb510}: <clinit>> (0x00000000c82eb510) thrown at [./src/hotspot/share/prims/jni.cpp, line 1362]
Event: 230.911 Thread 0x000002252b132800 Exception <a 'java/lang/NoSuchMethodError'{0x00000000c82fc308}: <clinit>> (0x00000000c82fc308) thrown at [./src/hotspot/share/prims/jni.cpp, line 1362]
Event: 233.539 Thread 0x000002252b50a000 Exception <a 'java/lang/NoSuchMethodError'{0x00000000c86b06f8}: 'java.lang.Object java.lang.invoke.Invokers$Holder.linkToTargetMethod(java.lang.Object, java.lang.Object, java.lang.Object, int, java.lang.Object, java.lang.Object)'> (0x00000000c86b06f8) thrown at [./src/hotspot/share/interpreter/linkResolver.cpp, line 773]
Event: 233.551 Thread 0x000002252b50a000 Exception <a 'java/lang/NoSuchMethodError'{0x00000000c86f0600}: 'int java.lang.invoke.DirectMethodHandle$Holder.invokeVirtual(java.lang.Object, java.lang.Object, java.lang.Object)'> (0x00000000c86f0600) thrown at [./src/hotspot/share/interpreter/linkResolver.cpp, line 773]
Event: 233.554 Thread 0x000002252b50a000 Exception <a 'java/lang/IncompatibleClassChangeError'{0x00000000c86f9a40}: Found class java.lang.Object, but interface was expected> (0x00000000c86f9a40) thrown at [./src/hotspot/share/interpreter/linkResolver.cpp, line 839]
Event: 233.911 Thread 0x000002252b50a000 Implicit null exception at 0x000002251e66922f to 0x000002251e66927c
Event: 242.356 Thread 0x000002252c5d9800 Implicit null exception at 0x000002251e01a5f4 to 0x000002251e01aabc
Event: 242.359 Thread 0x000002252c5d9800 Implicit null exception at 0x000002251e44d014 to 0x000002251e44d528
Event: 570.587 Thread 0x000002252b138000 Exception <a 'sun/nio/fs/WindowsException'{0x00000000c84803b8}> (0x00000000c84803b8) thrown at [./src/hotspot/share/prims/jni.cpp, line 615]
Event: 570.960 Thread 0x000002252b138000 Exception <a 'sun/nio/fs/WindowsException'{0x00000000c833a508}> (0x00000000c833a508) thrown at [./src/hotspot/share/prims/jni.cpp, line 615]
Event: 570.965 Thread 0x000002252b138000 Exception <a 'sun/nio/fs/WindowsException'{0x00000000c833a680}> (0x00000000c833a680) thrown at [./src/hotspot/share/prims/jni.cpp, line 615]
Event: 571.002 Thread 0x000002252b843000 Exception <a 'java/lang/ClassNotFoundException'{0x00000000c83a5758}: sync_studio_tooling726_92bt261kdo5hkbr78riotevftBeanInfo> (0x00000000c83a5758) thrown at [./src/hotspot/share/classfile/systemDictionary.cpp, line 231]
Event: 571.003 Thread 0x000002252b843000 Exception <a 'java/lang/ClassNotFoundException'{0x00000000c83b21c8}: sync_studio_tooling726_92bt261kdo5hkbr78riotevftCustomizer> (0x00000000c83b21c8) thrown at [./src/hotspot/share/classfile/systemDictionary.cpp, line 231]
Event: 571.616 Thread 0x000002252b133000 Exception <a 'sun/nio/fs/WindowsException'{0x00000000c8221cb8}> (0x00000000c8221cb8) thrown at [./src/hotspot/share/prims/jni.cpp, line 615]
Event: 571.735 Thread 0x000002252b133000 Exception <a 'sun/nio/fs/WindowsException'{0x00000000c829b170}> (0x00000000c829b170) thrown at [./src/hotspot/share/prims/jni.cpp, line 615]
Event: 571.741 Thread 0x000002252b133000 Exception <a 'sun/nio/fs/WindowsException'{0x00000000c829b2d8}> (0x00000000c829b2d8) thrown at [./src/hotspot/share/prims/jni.cpp, line 615]
Event: 572.228 Thread 0x000002252b843000 Exception <a 'java/lang/ClassNotFoundException'{0x00000000c8605bc0}: sync_studio_tooling726_92bt261kdo5hkbr78riotevftBeanInfo> (0x00000000c8605bc0) thrown at [./src/hotspot/share/classfile/systemDictionary.cpp, line 231]
Event: 572.230 Thread 0x000002252b843000 Exception <a 'java/lang/ClassNotFoundException'{0x00000000c8612388}: sync_studio_tooling726_92bt261kdo5hkbr78riotevftCustomizer> (0x00000000c8612388) thrown at [./src/hotspot/share/classfile/systemDictionary.cpp, line 231]
Event: 586.037 Thread 0x000002252b843000 Exception <a 'sun/nio/fs/WindowsException'{0x00000000c8604c18}> (0x00000000c8604c18) thrown at [./src/hotspot/share/prims/jni.cpp, line 615]
Event: 587.193 Thread 0x000002252b843000 Implicit null exception at 0x000002251e7d639a to 0x000002251e7d6d8c

Events (20 events):
Event: 587.210 Executing VM operation: RevokeBias
Event: 587.210 Executing VM operation: RevokeBias done
Event: 587.285 Executing VM operation: RevokeBias
Event: 587.285 Executing VM operation: RevokeBias done
Event: 587.294 Executing VM operation: RevokeBias
Event: 587.294 Executing VM operation: RevokeBias done
Event: 587.427 Executing VM operation: RevokeBias
Event: 587.427 Executing VM operation: RevokeBias done
Event: 587.449 Thread 0x0000022535384800 Thread added: 0x0000022535384800
Event: 587.452 Executing VM operation: RevokeBias
Event: 587.453 Executing VM operation: RevokeBias done
Event: 587.511 Executing VM operation: RevokeBias
Event: 587.512 Executing VM operation: RevokeBias done
Event: 587.512 Thread 0x0000022535384800 Thread exited: 0x0000022535384800
Event: 587.557 Executing VM operation: RevokeBias
Event: 587.557 Executing VM operation: RevokeBias done
Event: 587.896 Executing VM operation: G1CollectForAllocation
Event: 587.911 Executing VM operation: G1CollectForAllocation done
Event: 588.501 Executing VM operation: G1CollectForAllocation
Event: 588.543 Executing VM operation: G1CollectForAllocation done


Dynamic libraries:
0x00007ff7b9c40000 - 0x00007ff7b9c4a000 	C:\Users\felip\OneDrive\Desktop\android-studio\jre\bin\java.exe
0x00007ffe72f10000 - 0x00007ffe73105000 	C:\Windows\SYSTEM32\ntdll.dll
0x00007ffe51290000 - 0x00007ffe512a6000 	C:\Program Files\Avast Software\Avast\aswhook.dll
0x00007ffe70f60000 - 0x00007ffe7101e000 	C:\Windows\System32\KERNEL32.DLL
0x00007ffe70c90000 - 0x00007ffe70f59000 	C:\Windows\System32\KERNELBASE.dll
0x00007ffe70a30000 - 0x00007ffe70b30000 	C:\Windows\System32\ucrtbase.dll
0x00007ffe6df50000 - 0x00007ffe6df69000 	C:\Users\felip\OneDrive\Desktop\android-studio\jre\bin\jli.dll
0x00007ffe72ae0000 - 0x00007ffe72c81000 	C:\Windows\System32\USER32.dll
0x00007ffe70a00000 - 0x00007ffe70a22000 	C:\Windows\System32\win32u.dll
0x00007ffe71400000 - 0x00007ffe7142b000 	C:\Windows\System32\GDI32.dll
0x00007ffe70630000 - 0x00007ffe7073b000 	C:\Windows\System32\gdi32full.dll
0x00007ffe60850000 - 0x00007ffe60aea000 	C:\Windows\WinSxS\amd64_microsoft.windows.common-controls_6595b64144ccf1df_6.0.19041.1110_none_60b5254171f9507e\COMCTL32.dll
0x00007ffe70740000 - 0x00007ffe707dd000 	C:\Windows\System32\msvcp_win.dll
0x00007ffe6dec0000 - 0x00007ffe6ded7000 	C:\Users\felip\OneDrive\Desktop\android-studio\jre\bin\VCRUNTIME140.dll
0x00007ffe72260000 - 0x00007ffe722fe000 	C:\Windows\System32\msvcrt.dll
0x00007ffe72730000 - 0x00007ffe72760000 	C:\Windows\System32\IMM32.DLL
0x00007ffe5d650000 - 0x00007ffe5d6ed000 	C:\Users\felip\OneDrive\Desktop\android-studio\jre\bin\msvcp140.dll
0x00007ffe2f0c0000 - 0x00007ffe2fb95000 	C:\Users\felip\OneDrive\Desktop\android-studio\jre\bin\server\jvm.dll
0x00007ffe71430000 - 0x00007ffe714dc000 	C:\Windows\System32\ADVAPI32.dll
0x00007ffe711a0000 - 0x00007ffe7123b000 	C:\Windows\System32\sechost.dll
0x00007ffe712d0000 - 0x00007ffe713fa000 	C:\Windows\System32\RPCRT4.dll
0x00007ffe71970000 - 0x00007ffe71978000 	C:\Windows\System32\PSAPI.DLL
0x00007ffe63c60000 - 0x00007ffe63c69000 	C:\Windows\SYSTEM32\WSOCK32.dll
0x00007ffe594e0000 - 0x00007ffe59507000 	C:\Windows\SYSTEM32\WINMM.dll
0x00007ffe65210000 - 0x00007ffe6521a000 	C:\Windows\SYSTEM32\VERSION.dll
0x00007ffe721f0000 - 0x00007ffe7225b000 	C:\Windows\System32\WS2_32.dll
0x00007ffe6e450000 - 0x00007ffe6e462000 	C:\Windows\SYSTEM32\kernel.appcore.dll
0x00007ffe6c040000 - 0x00007ffe6c051000 	C:\Users\felip\OneDrive\Desktop\android-studio\jre\bin\verify.dll
0x00007ffe65020000 - 0x00007ffe65204000 	C:\Windows\SYSTEM32\DBGHELP.DLL
0x00007ffe64ff0000 - 0x00007ffe6501c000 	C:\Windows\SYSTEM32\dbgcore.DLL
0x00007ffe707e0000 - 0x00007ffe70863000 	C:\Windows\System32\bcryptPrimitives.dll
0x00007ffe60820000 - 0x00007ffe60849000 	C:\Users\felip\OneDrive\Desktop\android-studio\jre\bin\java.dll
0x00007ffe6d700000 - 0x00007ffe6d70b000 	C:\Users\felip\OneDrive\Desktop\android-studio\jre\bin\jimage.dll
0x00007ffe607a0000 - 0x00007ffe607b8000 	C:\Users\felip\OneDrive\Desktop\android-studio\jre\bin\zip.dll
0x00007ffe71ab0000 - 0x00007ffe721ef000 	C:\Windows\System32\SHELL32.dll
0x00007ffe6e730000 - 0x00007ffe6eec0000 	C:\Windows\SYSTEM32\windows.storage.dll
0x00007ffe72780000 - 0x00007ffe72ad5000 	C:\Windows\System32\combase.dll
0x00007ffe6ffb0000 - 0x00007ffe6ffdc000 	C:\Windows\SYSTEM32\Wldp.dll
0x00007ffe71980000 - 0x00007ffe71a2d000 	C:\Windows\System32\SHCORE.dll
0x00007ffe72d60000 - 0x00007ffe72db5000 	C:\Windows\System32\shlwapi.dll
0x00007ffe70570000 - 0x00007ffe7058f000 	C:\Windows\SYSTEM32\profapi.dll
0x00007ffe5f880000 - 0x00007ffe5f89a000 	C:\Users\felip\OneDrive\Desktop\android-studio\jre\bin\net.dll
0x00007ffe64e40000 - 0x00007ffe64f48000 	C:\Windows\SYSTEM32\WINHTTP.dll
0x00007ffe6fd10000 - 0x00007ffe6fd7a000 	C:\Windows\system32\mswsock.dll
0x00007ffe5f860000 - 0x00007ffe5f874000 	C:\Users\felip\OneDrive\Desktop\android-studio\jre\bin\nio.dll
0x00007ffe6d870000 - 0x00007ffe6d897000 	C:\Users\felip\.gradle\native\8bec1ad78214c89d9ad589b4d07fe93259594b29d510b10fafb7a158f7737e5d\windows-amd64\native-platform.dll
0x00007ffe59280000 - 0x00007ffe593bd000 	C:\Users\felip\.gradle\native\53dbd7edfb1c66fb8903c78663c9afc45aea4f116125fa6feffd364cf09443e8\windows-amd64\native-platform-file-events.dll
0x00007ffe6cd20000 - 0x00007ffe6cd2a000 	C:\Users\felip\OneDrive\Desktop\android-studio\jre\bin\management.dll
0x00007ffe6c030000 - 0x00007ffe6c03d000 	C:\Users\felip\OneDrive\Desktop\android-studio\jre\bin\management_ext.dll
0x00007ffe6ff10000 - 0x00007ffe6ff28000 	C:\Windows\SYSTEM32\CRYPTSP.dll
0x00007ffe6f690000 - 0x00007ffe6f6c4000 	C:\Windows\system32\rsaenh.dll
0x00007ffe70980000 - 0x00007ffe709a7000 	C:\Windows\System32\bcrypt.dll
0x00007ffe704f0000 - 0x00007ffe7051e000 	C:\Windows\SYSTEM32\USERENV.dll
0x00007ffe6ff00000 - 0x00007ffe6ff0c000 	C:\Windows\SYSTEM32\CRYPTBASE.dll
0x00007ffe6fa00000 - 0x00007ffe6fa3b000 	C:\Windows\SYSTEM32\IPHLPAPI.DLL
0x00007ffe71960000 - 0x00007ffe71968000 	C:\Windows\System32\NSI.dll
0x00007ffe698d0000 - 0x00007ffe698e7000 	C:\Windows\SYSTEM32\dhcpcsvc6.DLL
0x00007ffe69bc0000 - 0x00007ffe69bdd000 	C:\Windows\SYSTEM32\dhcpcsvc.DLL
0x00007ffe6fa40000 - 0x00007ffe6fb0c000 	C:\Windows\SYSTEM32\DNSAPI.dll

dbghelp: loaded successfully - version: 4.0.5 - missing functions: none
symbol engine: initialized successfully - sym options: 0x614 - pdb path: .;C:\Users\felip\OneDrive\Desktop\android-studio\jre\bin;C:\Windows\SYSTEM32;C:\Program Files\Avast Software\Avast;C:\Windows\WinSxS\amd64_microsoft.windows.common-controls_6595b64144ccf1df_6.0.19041.1110_none_60b5254171f9507e;C:\Users\felip\OneDrive\Desktop\android-studio\jre\bin\server;C:\Users\felip\.gradle\native\8bec1ad78214c89d9ad589b4d07fe93259594b29d510b10fafb7a158f7737e5d\windows-amd64;C:\Users\felip\.gradle\native\53dbd7edfb1c66fb8903c78663c9afc45aea4f116125fa6feffd364cf09443e8\windows-amd64

VM Arguments:
jvm_args: --add-opens=java.base/java.util=ALL-UNNAMED --add-opens=java.base/java.lang=ALL-UNNAMED --add-opens=java.base/java.lang.invoke=ALL-UNNAMED --add-opens=java.base/java.util=ALL-UNNAMED --add-opens=java.prefs/java.util.prefs=ALL-UNNAMED --add-opens=java.prefs/java.util.prefs=ALL-UNNAMED --add-opens=java.base/java.nio.charset=ALL-UNNAMED --add-opens=java.base/java.net=ALL-UNNAMED --add-opens=java.base/java.util.concurrent.atomic=ALL-UNNAMED -Xmx1024m -Dfile.encoding=UTF-8 -Duser.country=US -Duser.language=en -Duser.variant 
java_command: org.gradle.launcher.daemon.bootstrap.GradleDaemon 7.0.2
java_class_path (initial): C:\Users\felip\.gradle\wrapper\dists\gradle-7.0.2-bin\857tjihv64xamwrf0h14cai3r\gradle-7.0.2\lib\gradle-launcher-7.0.2.jar
Launcher Type: SUN_STANDARD

[Global flags]
     intx CICompilerCount                          = 2                                         {product} {ergonomic}
     uint ConcGCThreads                            = 1                                         {product} {ergonomic}
     uint G1ConcRefinementThreads                  = 2                                         {product} {ergonomic}
   size_t G1HeapRegionSize                         = 1048576                                   {product} {ergonomic}
    uintx GCDrainStackTargetSize                   = 64                                        {product} {ergonomic}
   size_t InitialHeapSize                          = 67108864                                  {product} {ergonomic}
   size_t MarkStackSize                            = 4194304                                   {product} {ergonomic}
   size_t MaxHeapSize                              = 1073741824                                {product} {command line}
   size_t MaxNewSize                               = 643825664                                 {product} {ergonomic}
   size_t MinHeapDeltaBytes                        = 1048576                                   {product} {ergonomic}
    uintx NonNMethodCodeHeapSize                   = 5825164                                {pd product} {ergonomic}
    uintx NonProfiledCodeHeapSize                  = 122916538                              {pd product} {ergonomic}
    uintx ProfiledCodeHeapSize                     = 122916538                              {pd product} {ergonomic}
    uintx ReservedCodeCacheSize                    = 251658240                              {pd product} {ergonomic}
     bool SegmentedCodeCache                       = true                                      {product} {ergonomic}
     bool UseCompressedClassPointers               = true                                 {lp64_product} {ergonomic}
     bool UseCompressedOops                        = true                                 {lp64_product} {ergonomic}
     bool UseG1GC                                  = true                                      {product} {ergonomic}
     bool UseLargePagesIndividualAllocation        = false                                  {pd product} {ergonomic}

Logging:
Log output configuration:
 #0: stdout all=warning uptime,level,tags
 #1: stderr all=off uptime,level,tags

Environment Variables:
PATH=C:\Program Files\Common Files\Oracle\Java\javapath;C:\Program Files (x86)\Common Files\Oracle\Java\javapath;C:\Windows\system32;C:\Windows;C:\Windows\System32\Wbem;C:\Windows\System32\WindowsPowerShell\v1.0\;C:\Windows\System32\OpenSSH\;C:\ProgramData\chocolatey\bin;C:\Program Files (x86)\Yarn\bin\;C:\Program Files\Git\cmd;C:\Program Files\nodejs\;C:\Users\felip\AppData\Local\Microsoft\WindowsApps;C:\Users\felip\AppData\Local\Programs\Microsoft VS Code\bin;C:\Users\felip\AppData\Local\Yarn\bin;C:\Users\felip\AppData\Local\GitHubDesktop\bin;C:\Users\felip\AppData\Roaming\npm
USERNAME=felip
OS=Windows_NT
PROCESSOR_IDENTIFIER=Intel64 Family 6 Model 23 Stepping 10, GenuineIntel



---------------  S Y S T E M  ---------------

OS: Windows 10 , 64 bit Build 19041 (10.0.19041.1202)
OS uptime: 0 days 23:45 hours

CPU:total 2 (initial active 2) (2 cores per cpu, 1 threads per core) family 6 model 23 stepping 10 microcode 0xa0c, cmov, cx8, fxsr, mmx, sse, sse2, sse3, ssse3, tsc

Memory: 4k page, system-wide physical 4061M (35M free)
TotalPageFile size 4061M (AvailPageFile size 4M)
current process WorkingSet (physical memory assigned to process): 219M, peak: 305M
current process commit charge ("private bytes"): 457M, peak: 459M

vm_info: OpenJDK 64-Bit Server VM (11.0.11+9-b60-7590822) for windows-amd64 JRE (11.0.11+9-b60-7590822), built on Jul 29 2021 21:43:44 by "builder" with MS VC++ 14.0 (VS2015)

END.
