#
# There is insufficient memory for the Java Runtime Environment to continue.
# Native memory allocation (malloc) failed to allocate 32744 bytes for ChunkPool::allocate
# Possible reasons:
#   The system is out of physical RAM or swap space
#   The process is running with CompressedOops enabled, and the Java Heap may be blocking the growth of the native heap
# Possible solutions:
#   Reduce memory load on the system
#   Increase physical memory or swap space
#   Check if swap backing store is full
#   Decrease Java heap size (-Xmx/-Xms)
#   Decrease number of Java threads
#   Decrease Java thread stack sizes (-Xss)
#   Set larger code cache with -XX:ReservedCodeCacheSize=
#   JVM is running with Unscaled Compressed Oops mode in which the Java heap is
#     placed in the first 4GB address space. The Java Heap base address is the
#     maximum limit for the native heap growth. Please use -XX:HeapBaseMinAddress
#     to set the Java Heap base and to place the Java Heap above 4GB virtual address.
# This output file may be truncated or incomplete.
#
#  Out of Memory Error (./src/hotspot/share/memory/arena.cpp:81), pid=1776, tid=7104
#
# JRE version: OpenJDK Runtime Environment (11.0.11+9) (build 11.0.11+9-b60-7590822)
# Java VM: OpenJDK 64-Bit Server VM (11.0.11+9-b60-7590822, mixed mode, tiered, compressed oops, g1 gc, windows-amd64)
# No core dump will be written. Minidumps are not enabled by default on client versions of Windows
#

---------------  S U M M A R Y ------------

Command Line: --add-opens=java.base/java.util=ALL-UNNAMED --add-opens=java.base/java.lang=ALL-UNNAMED --add-opens=java.base/java.lang.invoke=ALL-UNNAMED --add-opens=java.base/java.util=ALL-UNNAMED --add-opens=java.prefs/java.util.prefs=ALL-UNNAMED --add-opens=java.prefs/java.util.prefs=ALL-UNNAMED --add-opens=java.base/java.nio.charset=ALL-UNNAMED --add-opens=java.base/java.net=ALL-UNNAMED --add-opens=java.base/java.util.concurrent.atomic=ALL-UNNAMED -Xmx512m -Dfile.encoding=UTF-8 -Duser.country=US -Duser.language=en -Duser.variant org.gradle.launcher.daemon.bootstrap.GradleDaemon 7.0.2

Host: Celeron(R) Dual-Core CPU       T3500  @ 2.10GHz, 2 cores, 3G,  Windows 10 , 64 bit Build 19041 (10.0.19041.1202)
Time: Mon Nov  8 14:22:45 2021 E. South America Standard Time elapsed time: 105.060414 seconds (0d 0h 1m 45s)

---------------  T H R E A D  ---------------

Current thread (0x0000016cb24c0000):  JavaThread "C2 CompilerThread0" daemon [_thread_in_native, id=7104, stack(0x0000003da7200000,0x0000003da7300000)]


Current CompileTask:
C2: 105060 8246       4       org.gradle.internal.instantiation.generator.AbstractClassGenerator::inspectType (560 bytes)

Stack: [0x0000003da7200000,0x0000003da7300000]
Native frames: (J=compiled Java code, j=interpreted, Vv=VM code, C=native code)
V  [jvm.dll+0x5f214a]
V  [jvm.dll+0x726fb5]
V  [jvm.dll+0x7285cd]
V  [jvm.dll+0x728c83]
V  [jvm.dll+0x243278]
V  [jvm.dll+0xbc78b]
V  [jvm.dll+0xbca3c]
V  [jvm.dll+0x359796]
V  [jvm.dll+0x359011]
V  [jvm.dll+0x359054]
V  [jvm.dll+0x4ec12e]
V  [jvm.dll+0x4ec856]
V  [jvm.dll+0x3218c2]
V  [jvm.dll+0x320d8a]
V  [jvm.dll+0x1fc1e2]
V  [jvm.dll+0x1fb3d4]
V  [jvm.dll+0x183d6c]
V  [jvm.dll+0x209a57]
V  [jvm.dll+0x2082a1]
V  [jvm.dll+0x6ef58f]
V  [jvm.dll+0x6e80b5]
V  [jvm.dll+0x5f1036]
C  [ucrtbase.dll+0x21bb2]
C  [KERNEL32.DLL+0x17034]
C  [ntdll.dll+0x52651]


---------------  P R O C E S S  ---------------

Threads class SMR info:
_java_thread_list=0x0000016cb725b010, length=37, elements={
0x0000016c9bde0000, 0x0000016cb2457800, 0x0000016cb2461000, 0x0000016cb24b3800,
0x0000016cb24b5000, 0x0000016cb24b7000, 0x0000016cb24c0000, 0x0000016cb24c2000,
0x0000016cb24c5000, 0x0000016cb2722000, 0x0000016cb417c800, 0x0000016cb4185000,
0x0000016cb397d800, 0x0000016cb269e000, 0x0000016cb3768800, 0x0000016cb38a5000,
0x0000016cb41a1000, 0x0000016cb41a1800, 0x0000016cb34bc800, 0x0000016cb34bb800,
0x0000016cb34c2000, 0x0000016cb34bf800, 0x0000016cb34bd000, 0x0000016cb34be000,
0x0000016cb34bf000, 0x0000016cb34c0800, 0x0000016cb34c1000, 0x0000016cb4d3e000,
0x0000016cb4d39000, 0x0000016cb4d3a000, 0x0000016cb4d3e800, 0x0000016cb4d3f800,
0x0000016cb4d41000, 0x0000016cb4d3b800, 0x0000016cb4d42000, 0x0000016cb4d3c000,
0x0000016cb4d42800
}

Java Threads: ( => current thread )
  0x0000016c9bde0000 JavaThread "main" [_thread_blocked, id=676, stack(0x0000003da6600000,0x0000003da6700000)]
  0x0000016cb2457800 JavaThread "Reference Handler" daemon [_thread_blocked, id=8736, stack(0x0000003da6d00000,0x0000003da6e00000)]
  0x0000016cb2461000 JavaThread "Finalizer" daemon [_thread_blocked, id=3576, stack(0x0000003da6e00000,0x0000003da6f00000)]
  0x0000016cb24b3800 JavaThread "Signal Dispatcher" daemon [_thread_blocked, id=876, stack(0x0000003da6f00000,0x0000003da7000000)]
  0x0000016cb24b5000 JavaThread "Attach Listener" daemon [_thread_blocked, id=392, stack(0x0000003da7000000,0x0000003da7100000)]
  0x0000016cb24b7000 JavaThread "Service Thread" daemon [_thread_blocked, id=5208, stack(0x0000003da7100000,0x0000003da7200000)]
=>0x0000016cb24c0000 JavaThread "C2 CompilerThread0" daemon [_thread_in_native, id=7104, stack(0x0000003da7200000,0x0000003da7300000)]
  0x0000016cb24c2000 JavaThread "C1 CompilerThread0" daemon [_thread_blocked, id=3732, stack(0x0000003da7300000,0x0000003da7400000)]
  0x0000016cb24c5000 JavaThread "Sweeper thread" daemon [_thread_blocked, id=1532, stack(0x0000003da7400000,0x0000003da7500000)]
  0x0000016cb2722000 JavaThread "Common-Cleaner" daemon [_thread_blocked, id=4240, stack(0x0000003da7500000,0x0000003da7600000)]
  0x0000016cb417c800 JavaThread "Daemon health stats" [_thread_blocked, id=2628, stack(0x0000003da7800000,0x0000003da7900000)]
  0x0000016cb4185000 JavaThread "Incoming local TCP Connector on port 4477" [_thread_in_native, id=6744, stack(0x0000003da7900000,0x0000003da7a00000)]
  0x0000016cb397d800 JavaThread "Daemon periodic checks" [_thread_blocked, id=7364, stack(0x0000003da7a00000,0x0000003da7b00000)]
  0x0000016cb269e000 JavaThread "Daemon" [_thread_blocked, id=4836, stack(0x0000003da7b00000,0x0000003da7c00000)]
  0x0000016cb3768800 JavaThread "Handler for socket connection from /127.0.0.1:4477 to /127.0.0.1:4478" [_thread_in_native, id=6328, stack(0x0000003da7c00000,0x0000003da7d00000)]
  0x0000016cb38a5000 JavaThread "Cancel handler" [_thread_blocked, id=3236, stack(0x0000003da7d00000,0x0000003da7e00000)]
  0x0000016cb41a1000 JavaThread "Daemon worker" [_thread_in_vm, id=1732, stack(0x0000003da7e00000,0x0000003da7f00000)]
  0x0000016cb41a1800 JavaThread "Asynchronous log dispatcher for DefaultDaemonConnection: socket connection from /127.0.0.1:4477 to /127.0.0.1:4478" [_thread_blocked, id=4072, stack(0x0000003da7f00000,0x0000003da8000000)]
  0x0000016cb34bc800 JavaThread "Daemon client event forwarder" [_thread_blocked, id=2644, stack(0x0000003da8100000,0x0000003da8200000)]
  0x0000016cb34bb800 JavaThread "Cache worker for file hash cache (C:\Users\felip\.gradle\caches\7.0.2\fileHashes)" [_thread_blocked, id=5244, stack(0x0000003da8200000,0x0000003da8300000)]
  0x0000016cb34c2000 JavaThread "File lock request listener" [_thread_in_native, id=7340, stack(0x0000003da8300000,0x0000003da8400000)]
  0x0000016cb34bf800 JavaThread "Cache worker for journal cache (C:\Users\felip\.gradle\caches\journal-1)" [_thread_blocked, id=2952, stack(0x0000003da8400000,0x0000003da8500000)]
  0x0000016cb34bd000 JavaThread "Cache worker for file hash cache (C:\Users\felip\AndroidStudioProjects\VideoApp\.gradle\7.0.2\fileHashes)" [_thread_blocked, id=2888, stack(0x0000003da8500000,0x0000003da8600000)]
  0x0000016cb34be000 JavaThread "File watcher server" daemon [_thread_in_native, id=6368, stack(0x0000003da8600000,0x0000003da8700000)]
  0x0000016cb34bf000 JavaThread "File watcher consumer" daemon [_thread_blocked, id=3572, stack(0x0000003da8700000,0x0000003da8800000)]
  0x0000016cb34c0800 JavaThread "jar transforms" [_thread_blocked, id=3240, stack(0x0000003da8800000,0x0000003da8900000)]
  0x0000016cb34c1000 JavaThread "jar transforms Thread 2" [_thread_blocked, id=6968, stack(0x0000003da8900000,0x0000003da8a00000)]
  0x0000016cb4d3e000 JavaThread "Cache worker for checksums cache (C:\Users\felip\AndroidStudioProjects\VideoApp\.gradle\checksums)" [_thread_blocked, id=6360, stack(0x0000003da8a00000,0x0000003da8b00000)]
  0x0000016cb4d39000 JavaThread "Cache worker for cache directory md-supplier (C:\Users\felip\.gradle\caches\7.0.2\md-supplier)" [_thread_blocked, id=5928, stack(0x0000003da8b00000,0x0000003da8c00000)]
  0x0000016cb4d3a000 JavaThread "Cache worker for cache directory md-rule (C:\Users\felip\.gradle\caches\7.0.2\md-rule)" [_thread_blocked, id=7044, stack(0x0000003da8c00000,0x0000003da8d00000)]
  0x0000016cb4d3e800 JavaThread "Cache worker for execution history cache (C:\Users\felip\.gradle\caches\7.0.2\executionHistory)" [_thread_blocked, id=6944, stack(0x0000003da8d00000,0x0000003da8e00000)]
  0x0000016cb4d3f800 JavaThread "Cache worker for file content cache (C:\Users\felip\.gradle\caches\7.0.2\fileContent)" [_thread_blocked, id=5064, stack(0x0000003da8e00000,0x0000003da8f00000)]
  0x0000016cb4d41000 JavaThread "Cache worker for dependencies-accessors (C:\Users\felip\AndroidStudioProjects\VideoApp\.gradle\7.0.2\dependencies-accessors)" [_thread_blocked, id=2320, stack(0x0000003da8f00000,0x0000003da9000000)]
  0x0000016cb4d3b800 JavaThread "Cache worker for Build Output Cleanup Cache (C:\Users\felip\AndroidStudioProjects\VideoApp\.gradle\buildOutputCleanup)" [_thread_blocked, id=8284, stack(0x0000003da9000000,0x0000003da9100000)]
  0x0000016cb4d42000 JavaThread "Build operations" [_thread_blocked, id=4884, stack(0x0000003da9100000,0x0000003da9200000)]
  0x0000016cb4d3c000 JavaThread "Build operations Thread 2" [_thread_blocked, id=3448, stack(0x0000003da9200000,0x0000003da9300000)]
  0x0000016cb4d42800 JavaThread "Memory manager" [_thread_blocked, id=5496, stack(0x0000003da6300000,0x0000003da6400000)]

Other Threads:
  0x0000016cb2452000 VMThread "VM Thread" [stack: 0x0000003da6c00000,0x0000003da6d00000] [id=7840]
  0x0000016cb2767800 WatcherThread [stack: 0x0000003da7600000,0x0000003da7700000] [id=7816]
  0x0000016c9bdfb800 GCTaskThread "GC Thread#0" [stack: 0x0000003da6700000,0x0000003da6800000] [id=5464]
  0x0000016cb2864800 GCTaskThread "GC Thread#1" [stack: 0x0000003da7700000,0x0000003da7800000] [id=680]
  0x0000016c9be0c000 ConcurrentGCThread "G1 Main Marker" [stack: 0x0000003da6800000,0x0000003da6900000] [id=840]
  0x0000016c9be0d800 ConcurrentGCThread "G1 Conc#0" [stack: 0x0000003da6900000,0x0000003da6a00000] [id=6624]
  0x0000016c9be59000 ConcurrentGCThread "G1 Refine#0" [stack: 0x0000003da6a00000,0x0000003da6b00000] [id=1952]
  0x0000016c9be5a800 ConcurrentGCThread "G1 Young RemSet Sampling" [stack: 0x0000003da6b00000,0x0000003da6c00000] [id=1108]

Threads with active compile tasks:
C2 CompilerThread0 105298 8246       4       org.gradle.internal.instantiation.generator.AbstractClassGenerator::inspectType (560 bytes)

VM state:not at safepoint (normal execution)

VM Mutex/Monitor currently owned by a thread: None

Heap address: 0x00000000e0000000, size: 512 MB, Compressed Oops mode: 32-bit
Narrow klass base: 0x0000000000000000, Narrow klass shift: 3
Compressed class space size: 1073741824 Address: 0x0000000100000000

Heap:
 garbage-first heap   total 112640K, used 108965K [0x00000000e0000000, 0x0000000100000000)
  region size 1024K, 4 young (4096K), 1 survivors (1024K)
 Metaspace       used 86297K, capacity 88473K, committed 88704K, reserved 1126400K
  class space    used 11086K, capacity 11820K, committed 11904K, reserved 1048576K
Heap Regions: E=young(eden), S=young(survivor), O=old, HS=humongous(starts), HC=humongous(continues), CS=collection set, F=free, A=archive, TAMS=top-at-mark-start (previous, next)
|   0|0x00000000e0000000, 0x00000000e0100000, 0x00000000e0100000|100%| O|  |TAMS 0x00000000e0100000, 0x00000000e0000000| Untracked 
|   1|0x00000000e0100000, 0x00000000e0200000, 0x00000000e0200000|100%| O|  |TAMS 0x00000000e0200000, 0x00000000e0100000| Untracked 
|   2|0x00000000e0200000, 0x00000000e0300000, 0x00000000e0300000|100%| O|  |TAMS 0x00000000e0300000, 0x00000000e0200000| Untracked 
|   3|0x00000000e0300000, 0x00000000e0400000, 0x00000000e0400000|100%| O|  |TAMS 0x00000000e0400000, 0x00000000e0300000| Untracked 
|   4|0x00000000e0400000, 0x00000000e0500000, 0x00000000e0500000|100%|HS|  |TAMS 0x00000000e0500000, 0x00000000e0400000| Complete 
|   5|0x00000000e0500000, 0x00000000e0600000, 0x00000000e0600000|100%|HC|  |TAMS 0x00000000e0600000, 0x00000000e0500000| Complete 
|   6|0x00000000e0600000, 0x00000000e0700000, 0x00000000e0700000|100%|HC|  |TAMS 0x00000000e0700000, 0x00000000e0600000| Complete 
|   7|0x00000000e0700000, 0x00000000e0800000, 0x00000000e0800000|100%| O|  |TAMS 0x00000000e0800000, 0x00000000e0700000| Untracked 
|   8|0x00000000e0800000, 0x00000000e0900000, 0x00000000e0900000|100%| O|  |TAMS 0x00000000e0900000, 0x00000000e0800000| Untracked 
|   9|0x00000000e0900000, 0x00000000e0a00000, 0x00000000e0a00000|100%| O|  |TAMS 0x00000000e0a00000, 0x00000000e0900000| Untracked 
|  10|0x00000000e0a00000, 0x00000000e0b00000, 0x00000000e0b00000|100%| O|  |TAMS 0x00000000e0b00000, 0x00000000e0a00000| Untracked 
|  11|0x00000000e0b00000, 0x00000000e0c00000, 0x00000000e0c00000|100%| O|  |TAMS 0x00000000e0c00000, 0x00000000e0b00000| Untracked 
|  12|0x00000000e0c00000, 0x00000000e0d00000, 0x00000000e0d00000|100%| O|  |TAMS 0x00000000e0d00000, 0x00000000e0c00000| Untracked 
|  13|0x00000000e0d00000, 0x00000000e0e00000, 0x00000000e0e00000|100%| O|  |TAMS 0x00000000e0e00000, 0x00000000e0d00000| Untracked 
|  14|0x00000000e0e00000, 0x00000000e0f00000, 0x00000000e0f00000|100%| O|  |TAMS 0x00000000e0f00000, 0x00000000e0e00000| Untracked 
|  15|0x00000000e0f00000, 0x00000000e1000000, 0x00000000e1000000|100%| O|  |TAMS 0x00000000e1000000, 0x00000000e0f00000| Untracked 
|  16|0x00000000e1000000, 0x00000000e1100000, 0x00000000e1100000|100%|HS|  |TAMS 0x00000000e1100000, 0x00000000e1000000| Complete 
|  17|0x00000000e1100000, 0x00000000e1200000, 0x00000000e1200000|100%|HC|  |TAMS 0x00000000e1200000, 0x00000000e1100000| Complete 
|  18|0x00000000e1200000, 0x00000000e1300000, 0x00000000e1300000|100%|HS|  |TAMS 0x00000000e1300000, 0x00000000e1200000| Complete 
|  19|0x00000000e1300000, 0x00000000e1400000, 0x00000000e1400000|100%|HC|  |TAMS 0x00000000e1400000, 0x00000000e1300000| Complete 
|  20|0x00000000e1400000, 0x00000000e1500000, 0x00000000e1500000|100%|HC|  |TAMS 0x00000000e1500000, 0x00000000e1400000| Complete 
|  21|0x00000000e1500000, 0x00000000e1600000, 0x00000000e1600000|100%|HS|  |TAMS 0x00000000e1600000, 0x00000000e1500000| Complete 
|  22|0x00000000e1600000, 0x00000000e1700000, 0x00000000e1700000|100%|HC|  |TAMS 0x00000000e1700000, 0x00000000e1600000| Complete 
|  23|0x00000000e1700000, 0x00000000e1800000, 0x00000000e1800000|100%|HC|  |TAMS 0x00000000e1800000, 0x00000000e1700000| Complete 
|  24|0x00000000e1800000, 0x00000000e1900000, 0x00000000e1900000|100%|HC|  |TAMS 0x00000000e1900000, 0x00000000e1800000| Complete 
|  25|0x00000000e1900000, 0x00000000e1a00000, 0x00000000e1a00000|100%| O|  |TAMS 0x00000000e1a00000, 0x00000000e1900000| Untracked 
|  26|0x00000000e1a00000, 0x00000000e1b00000, 0x00000000e1b00000|100%| O|  |TAMS 0x00000000e1b00000, 0x00000000e1a00000| Untracked 
|  27|0x00000000e1b00000, 0x00000000e1c00000, 0x00000000e1c00000|100%| O|  |TAMS 0x00000000e1c00000, 0x00000000e1b00000| Untracked 
|  28|0x00000000e1c00000, 0x00000000e1d00000, 0x00000000e1d00000|100%| O|  |TAMS 0x00000000e1d00000, 0x00000000e1c00000| Untracked 
|  29|0x00000000e1d00000, 0x00000000e1e00000, 0x00000000e1e00000|100%| O|  |TAMS 0x00000000e1e00000, 0x00000000e1d00000| Untracked 
|  30|0x00000000e1e00000, 0x00000000e1f00000, 0x00000000e1f00000|100%| O|  |TAMS 0x00000000e1f00000, 0x00000000e1e00000| Untracked 
|  31|0x00000000e1f00000, 0x00000000e2000000, 0x00000000e2000000|100%| O|  |TAMS 0x00000000e2000000, 0x00000000e1f00000| Untracked 
|  32|0x00000000e2000000, 0x00000000e2100000, 0x00000000e2100000|100%| O|  |TAMS 0x00000000e2100000, 0x00000000e2000000| Untracked 
|  33|0x00000000e2100000, 0x00000000e2200000, 0x00000000e2200000|100%| O|  |TAMS 0x00000000e2200000, 0x00000000e2100000| Untracked 
|  34|0x00000000e2200000, 0x00000000e2300000, 0x00000000e2300000|100%| O|  |TAMS 0x00000000e2300000, 0x00000000e2200000| Untracked 
|  35|0x00000000e2300000, 0x00000000e2400000, 0x00000000e2400000|100%| O|  |TAMS 0x00000000e2400000, 0x00000000e2300000| Untracked 
|  36|0x00000000e2400000, 0x00000000e2500000, 0x00000000e2500000|100%| O|  |TAMS 0x00000000e2500000, 0x00000000e2400000| Untracked 
|  37|0x00000000e2500000, 0x00000000e2600000, 0x00000000e2600000|100%| O|  |TAMS 0x00000000e2600000, 0x00000000e2500000| Untracked 
|  38|0x00000000e2600000, 0x00000000e2700000, 0x00000000e2700000|100%| O|  |TAMS 0x00000000e2700000, 0x00000000e2600000| Untracked 
|  39|0x00000000e2700000, 0x00000000e2800000, 0x00000000e2800000|100%|HS|  |TAMS 0x00000000e2800000, 0x00000000e2700000| Complete 
|  40|0x00000000e2800000, 0x00000000e2900000, 0x00000000e2900000|100%|HC|  |TAMS 0x00000000e2900000, 0x00000000e2800000| Complete 
|  41|0x00000000e2900000, 0x00000000e2a00000, 0x00000000e2a00000|100%|HC|  |TAMS 0x00000000e2a00000, 0x00000000e2900000| Complete 
|  42|0x00000000e2a00000, 0x00000000e2b00000, 0x00000000e2b00000|100%| O|  |TAMS 0x00000000e2b00000, 0x00000000e2a00000| Untracked 
|  43|0x00000000e2b00000, 0x00000000e2c00000, 0x00000000e2c00000|100%| O|  |TAMS 0x00000000e2c00000, 0x00000000e2b00000| Untracked 
|  44|0x00000000e2c00000, 0x00000000e2d00000, 0x00000000e2d00000|100%| O|  |TAMS 0x00000000e2d00000, 0x00000000e2c00000| Untracked 
|  45|0x00000000e2d00000, 0x00000000e2e00000, 0x00000000e2e00000|100%| O|  |TAMS 0x00000000e2e00000, 0x00000000e2d00000| Untracked 
|  46|0x00000000e2e00000, 0x00000000e2f00000, 0x00000000e2f00000|100%|HS|  |TAMS 0x00000000e2f00000, 0x00000000e2e00000| Complete 
|  47|0x00000000e2f00000, 0x00000000e3000000, 0x00000000e3000000|100%|HC|  |TAMS 0x00000000e3000000, 0x00000000e2f00000| Complete 
|  48|0x00000000e3000000, 0x00000000e3100000, 0x00000000e3100000|100%|HC|  |TAMS 0x00000000e3100000, 0x00000000e3000000| Complete 
|  49|0x00000000e3100000, 0x00000000e3200000, 0x00000000e3200000|100%|HC|  |TAMS 0x00000000e3200000, 0x00000000e3100000| Complete 
|  50|0x00000000e3200000, 0x00000000e3300000, 0x00000000e3300000|100%| O|  |TAMS 0x00000000e3300000, 0x00000000e3200000| Untracked 
|  51|0x00000000e3300000, 0x00000000e3400000, 0x00000000e3400000|100%| O|  |TAMS 0x00000000e3400000, 0x00000000e3300000| Untracked 
|  52|0x00000000e3400000, 0x00000000e3500000, 0x00000000e3500000|100%| O|  |TAMS 0x00000000e3500000, 0x00000000e3400000| Untracked 
|  53|0x00000000e3500000, 0x00000000e3600000, 0x00000000e3600000|100%| O|  |TAMS 0x00000000e3600000, 0x00000000e3500000| Untracked 
|  54|0x00000000e3600000, 0x00000000e3700000, 0x00000000e3700000|100%|HS|  |TAMS 0x00000000e3700000, 0x00000000e3600000| Complete 
|  55|0x00000000e3700000, 0x00000000e3800000, 0x00000000e3800000|100%|HS|  |TAMS 0x00000000e3800000, 0x00000000e3700000| Complete 
|  56|0x00000000e3800000, 0x00000000e3900000, 0x00000000e3900000|100%|HS|  |TAMS 0x00000000e3900000, 0x00000000e3800000| Complete 
|  57|0x00000000e3900000, 0x00000000e3a00000, 0x00000000e3a00000|100%| O|  |TAMS 0x00000000e3a00000, 0x00000000e3900000| Untracked 
|  58|0x00000000e3a00000, 0x00000000e3b00000, 0x00000000e3b00000|100%|HS|  |TAMS 0x00000000e3b00000, 0x00000000e3a00000| Complete 
|  59|0x00000000e3b00000, 0x00000000e3c00000, 0x00000000e3c00000|100%|HC|  |TAMS 0x00000000e3c00000, 0x00000000e3b00000| Complete 
|  60|0x00000000e3c00000, 0x00000000e3d00000, 0x00000000e3d00000|100%|HC|  |TAMS 0x00000000e3d00000, 0x00000000e3c00000| Complete 
|  61|0x00000000e3d00000, 0x00000000e3e00000, 0x00000000e3e00000|100%| O|  |TAMS 0x00000000e3e00000, 0x00000000e3d00000| Untracked 
|  62|0x00000000e3e00000, 0x00000000e3f00000, 0x00000000e3f00000|100%| O|  |TAMS 0x00000000e3f00000, 0x00000000e3e00000| Untracked 
|  63|0x00000000e3f00000, 0x00000000e4000000, 0x00000000e4000000|100%| O|  |TAMS 0x00000000e4000000, 0x00000000e3f00000| Untracked 
|  64|0x00000000e4000000, 0x00000000e4100000, 0x00000000e4100000|100%|HS|  |TAMS 0x00000000e4100000, 0x00000000e4000000| Complete 
|  65|0x00000000e4100000, 0x00000000e4200000, 0x00000000e4200000|100%|HC|  |TAMS 0x00000000e4200000, 0x00000000e4100000| Complete 
|  66|0x00000000e4200000, 0x00000000e4300000, 0x00000000e4300000|100%| O|  |TAMS 0x00000000e4300000, 0x00000000e4200000| Untracked 
|  67|0x00000000e4300000, 0x00000000e4400000, 0x00000000e4400000|100%| O|  |TAMS 0x00000000e4400000, 0x00000000e4300000| Untracked 
|  68|0x00000000e4400000, 0x00000000e4500000, 0x00000000e4500000|100%| O|  |TAMS 0x00000000e4500000, 0x00000000e4400000| Untracked 
|  69|0x00000000e4500000, 0x00000000e4600000, 0x00000000e4600000|100%| O|  |TAMS 0x00000000e4600000, 0x00000000e4500000| Untracked 
|  70|0x00000000e4600000, 0x00000000e4700000, 0x00000000e4700000|100%| O|  |TAMS 0x00000000e4700000, 0x00000000e4600000| Untracked 
|  71|0x00000000e4700000, 0x00000000e4800000, 0x00000000e4800000|100%| O|  |TAMS 0x00000000e4800000, 0x00000000e4700000| Untracked 
|  72|0x00000000e4800000, 0x00000000e4900000, 0x00000000e4900000|100%| O|  |TAMS 0x00000000e4900000, 0x00000000e4800000| Untracked 
|  73|0x00000000e4900000, 0x00000000e4a00000, 0x00000000e4a00000|100%| O|  |TAMS 0x00000000e4a00000, 0x00000000e4900000| Untracked 
|  74|0x00000000e4a00000, 0x00000000e4b00000, 0x00000000e4b00000|100%| O|  |TAMS 0x00000000e4b00000, 0x00000000e4a00000| Untracked 
|  75|0x00000000e4b00000, 0x00000000e4c00000, 0x00000000e4c00000|100%| O|  |TAMS 0x00000000e4c00000, 0x00000000e4b00000| Untracked 
|  76|0x00000000e4c00000, 0x00000000e4d00000, 0x00000000e4d00000|100%| O|  |TAMS 0x00000000e4d00000, 0x00000000e4c00000| Untracked 
|  77|0x00000000e4d00000, 0x00000000e4e00000, 0x00000000e4e00000|100%| O|  |TAMS 0x00000000e4e00000, 0x00000000e4d00000| Untracked 
|  78|0x00000000e4e00000, 0x00000000e4f00000, 0x00000000e4f00000|100%| O|  |TAMS 0x00000000e4f00000, 0x00000000e4e00000| Untracked 
|  79|0x00000000e4f00000, 0x00000000e5000000, 0x00000000e5000000|100%| O|  |TAMS 0x00000000e5000000, 0x00000000e4f00000| Untracked 
|  80|0x00000000e5000000, 0x00000000e5100000, 0x00000000e5100000|100%| O|  |TAMS 0x00000000e5100000, 0x00000000e5000000| Untracked 
|  81|0x00000000e5100000, 0x00000000e5200000, 0x00000000e5200000|100%| O|  |TAMS 0x00000000e5200000, 0x00000000e5100000| Untracked 
|  82|0x00000000e5200000, 0x00000000e5300000, 0x00000000e5300000|100%| O|  |TAMS 0x00000000e5300000, 0x00000000e5200000| Untracked 
|  83|0x00000000e5300000, 0x00000000e5400000, 0x00000000e5400000|100%| O|  |TAMS 0x00000000e5400000, 0x00000000e5300000| Untracked 
|  84|0x00000000e5400000, 0x00000000e5500000, 0x00000000e5500000|100%| O|  |TAMS 0x00000000e5500000, 0x00000000e5400000| Untracked 
|  85|0x00000000e5500000, 0x00000000e5600000, 0x00000000e5600000|100%| O|  |TAMS 0x00000000e5600000, 0x00000000e5500000| Untracked 
|  86|0x00000000e5600000, 0x00000000e5700000, 0x00000000e5700000|100%|HS|  |TAMS 0x00000000e5700000, 0x00000000e5600000| Complete 
|  87|0x00000000e5700000, 0x00000000e5800000, 0x00000000e5800000|100%|HC|  |TAMS 0x00000000e5800000, 0x00000000e5700000| Complete 
|  88|0x00000000e5800000, 0x00000000e5900000, 0x00000000e5900000|100%|HS|  |TAMS 0x00000000e5900000, 0x00000000e5800000| Complete 
|  89|0x00000000e5900000, 0x00000000e5a00000, 0x00000000e5a00000|100%|HC|  |TAMS 0x00000000e5a00000, 0x00000000e5900000| Complete 
|  90|0x00000000e5a00000, 0x00000000e5b00000, 0x00000000e5b00000|100%|HC|  |TAMS 0x00000000e5b00000, 0x00000000e5a00000| Complete 
|  91|0x00000000e5b00000, 0x00000000e5c00000, 0x00000000e5c00000|100%| O|  |TAMS 0x00000000e5c00000, 0x00000000e5b00000| Untracked 
|  92|0x00000000e5c00000, 0x00000000e5d00000, 0x00000000e5d00000|100%|HS|  |TAMS 0x00000000e5d00000, 0x00000000e5c00000| Complete 
|  93|0x00000000e5d00000, 0x00000000e5e00000, 0x00000000e5e00000|100%|HC|  |TAMS 0x00000000e5e00000, 0x00000000e5d00000| Complete 
|  94|0x00000000e5e00000, 0x00000000e5f00000, 0x00000000e5f00000|100%|HC|  |TAMS 0x00000000e5f00000, 0x00000000e5e00000| Complete 
|  95|0x00000000e5f00000, 0x00000000e6000000, 0x00000000e6000000|100%|HC|  |TAMS 0x00000000e6000000, 0x00000000e5f00000| Complete 
|  96|0x00000000e6000000, 0x00000000e60abc00, 0x00000000e6100000| 67%| O|  |TAMS 0x00000000e60abc00, 0x00000000e6000000| Untracked 
|  97|0x00000000e6100000, 0x00000000e6100000, 0x00000000e6200000|  0%| F|  |TAMS 0x00000000e6100000, 0x00000000e6100000| Untracked 
|  98|0x00000000e6200000, 0x00000000e62bdbb0, 0x00000000e6300000| 74%| S|CS|TAMS 0x00000000e6200000, 0x00000000e6200000| Complete 
|  99|0x00000000e6300000, 0x00000000e6300000, 0x00000000e6400000|  0%| F|  |TAMS 0x00000000e6300000, 0x00000000e6300000| Untracked 
| 100|0x00000000e6400000, 0x00000000e64912f8, 0x00000000e6500000| 56%| E|  |TAMS 0x00000000e6400000, 0x00000000e6400000| Complete 
| 101|0x00000000e6500000, 0x00000000e6600000, 0x00000000e6600000|100%| E|CS|TAMS 0x00000000e6500000, 0x00000000e6500000| Complete 
| 102|0x00000000e6600000, 0x00000000e6700000, 0x00000000e6700000|100%| O|  |TAMS 0x00000000e6700000, 0x00000000e6600000| Untracked 
| 103|0x00000000e6700000, 0x00000000e6800000, 0x00000000e6800000|100%| O|  |TAMS 0x00000000e6800000, 0x00000000e6700000| Untracked 
| 104|0x00000000e6800000, 0x00000000e6900000, 0x00000000e6900000|100%| O|  |TAMS 0x00000000e6900000, 0x00000000e6800000| Untracked 
| 105|0x00000000e6900000, 0x00000000e6a00000, 0x00000000e6a00000|100%| O|  |TAMS 0x00000000e6a00000, 0x00000000e6900000| Untracked 
| 106|0x00000000e6a00000, 0x00000000e6b00000, 0x00000000e6b00000|100%| O|  |TAMS 0x00000000e6b00000, 0x00000000e6a00000| Untracked 
| 107|0x00000000e6b00000, 0x00000000e6c00000, 0x00000000e6c00000|100%| O|  |TAMS 0x00000000e6c00000, 0x00000000e6b00000| Untracked 
| 108|0x00000000e6c00000, 0x00000000e6d00000, 0x00000000e6d00000|100%| O|  |TAMS 0x00000000e6d00000, 0x00000000e6c00000| Untracked 
| 109|0x00000000e6d00000, 0x00000000e6e00000, 0x00000000e6e00000|100%| E|CS|TAMS 0x00000000e6d00000, 0x00000000e6d00000| Complete 

Card table byte_map: [0x0000016c9bad0000,0x0000016c9bbd0000] _byte_map_base: 0x0000016c9b3d0000

Marking Bits (Prev, Next): (CMBitMap*) 0x0000016c9be09550, (CMBitMap*) 0x0000016c9be09518
 Prev Bits: [0x0000016caf0e0000, 0x0000016caf8e0000)
 Next Bits: [0x0000016cae8e0000, 0x0000016caf0e0000)

Polling page: 0x0000016c99d20000

Metaspace:

Usage:
  Non-class:     74.86 MB capacity,    73.45 MB ( 98%) used,     1.20 MB (  2%) free+waste,   218.44 KB ( <1%) overhead. 
      Class:     11.54 MB capacity,    10.83 MB ( 94%) used,   632.61 KB (  5%) free+waste,   100.81 KB ( <1%) overhead. 
       Both:     86.40 MB capacity,    84.27 MB ( 98%) used,     1.81 MB (  2%) free+waste,   319.25 KB ( <1%) overhead. 

Virtual space:
  Non-class space:       76.00 MB reserved,      75.00 MB ( 99%) committed 
      Class space:        1.00 GB reserved,      11.63 MB (  1%) committed 
             Both:        1.07 GB reserved,      86.63 MB (  8%) committed 

Chunk freelists:
   Non-Class:  19.00 KB
       Class:  20.00 KB
        Both:  39.00 KB

MaxMetaspaceSize: 17179869184.00 GB
CompressedClassSpaceSize: 1.00 GB

CodeHeap 'non-profiled nmethods': size=120064Kb used=4940Kb max_used=4940Kb free=115123Kb
 bounds [0x0000016ca73a0000, 0x0000016ca7880000, 0x0000016cae8e0000]
CodeHeap 'profiled nmethods': size=120000Kb used=18349Kb max_used=18349Kb free=101650Kb
 bounds [0x0000016c9fe70000, 0x0000016ca1060000, 0x0000016ca73a0000]
CodeHeap 'non-nmethods': size=5696Kb used=2272Kb max_used=2315Kb free=3423Kb
 bounds [0x0000016c9f8e0000, 0x0000016c9fb50000, 0x0000016c9fe70000]
 total_blobs=9107 nmethods=8224 adapters=794
 compilation: enabled
              stopped_count=0, restarted_count=0
 full_count=0

Compilation events (20 events):
Event: 104.828 Thread 0x0000016cb24c2000 8262       2       java.lang.String::split (324 bytes)
Event: 104.834 Thread 0x0000016cb24c2000 nmethod 8262 0x0000016ca1055a10 code [0x0000016ca1055da0, 0x0000016ca10572d8]
Event: 104.834 Thread 0x0000016cb24c2000 8263       3       org.gradle.cache.Cache$$Lambda$68/0x0000000100185840::apply (9 bytes)
Event: 104.835 Thread 0x0000016cb24c2000 nmethod 8263 0x0000016ca1058090 code [0x0000016ca1058260, 0x0000016ca1058468]
Event: 104.837 Thread 0x0000016cb24c2000 8264       3       org.gradle.api.internal.notations.ModuleNotationValidation::validate (70 bytes)
Event: 104.839 Thread 0x0000016cb24c2000 nmethod 8264 0x0000016ca1058590 code [0x0000016ca1058820, 0x0000016ca1059418]
Event: 104.839 Thread 0x0000016cb24c2000 8265       3       org.gradle.internal.typeconversion.TypedNotationConverter::convert (30 bytes)
Event: 104.840 Thread 0x0000016cb24c2000 nmethod 8265 0x0000016ca1059810 code [0x0000016ca1059a20, 0x0000016ca1059f88]
Event: 104.841 Thread 0x0000016cb24c2000 8266       3       org.gradle.internal.Actions::doNothing (4 bytes)
Event: 104.841 Thread 0x0000016cb24c2000 nmethod 8266 0x0000016ca105a190 code [0x0000016ca105a340, 0x0000016ca105a438]
Event: 104.842 Thread 0x0000016cb24c2000 8267       3       org.gradle.internal.Describables$FixedDescribable::equals (41 bytes)
Event: 104.843 Thread 0x0000016cb24c2000 nmethod 8267 0x0000016ca105a510 code [0x0000016ca105a700, 0x0000016ca105ac08]
Event: 104.843 Thread 0x0000016cb24c2000 8268       3       org.gradle.internal.typeconversion.JustReturningParser::parseNotation (31 bytes)
Event: 104.844 Thread 0x0000016cb24c2000 nmethod 8268 0x0000016ca105ad90 code [0x0000016ca105af80, 0x0000016ca105b3e8]
Event: 104.848 Thread 0x0000016cb24c2000 8269       1       org.gradle.internal.logging.events.ProgressCompleteEvent::getStatus (5 bytes)
Event: 104.848 Thread 0x0000016cb24c2000 nmethod 8269 0x0000016ca7872a90 code [0x0000016ca7872c40, 0x0000016ca7872cf8]
Event: 104.848 Thread 0x0000016cb24c2000 8270       1       org.gradle.internal.logging.events.ProgressCompleteEvent::getTimestamp (5 bytes)
Event: 104.848 Thread 0x0000016cb24c2000 nmethod 8270 0x0000016ca7872d90 code [0x0000016ca7872f40, 0x0000016ca7872ff8]
Event: 104.849 Thread 0x0000016cb24c2000 8271       1       org.gradle.tooling.internal.adapter.ProtocolToModelAdapter$ViewGraphDetails::access$400 (5 bytes)
Event: 104.849 Thread 0x0000016cb24c2000 nmethod 8271 0x0000016ca7873090 code [0x0000016ca7873240, 0x0000016ca78732d8]

GC Heap History (20 events):
Event: 98.997 GC heap before
{Heap before GC invocations=152 (full 0):
 garbage-first heap   total 111616K, used 107474K [0x00000000e0000000, 0x0000000100000000)
  region size 1024K, 5 young (5120K), 1 survivors (1024K)
 Metaspace       used 80447K, capacity 82456K, committed 82560K, reserved 1120256K
  class space    used 10363K, capacity 11066K, committed 11136K, reserved 1048576K
}
Event: 99.002 GC heap after
{Heap after GC invocations=153 (full 0):
 garbage-first heap   total 111616K, used 105850K [0x00000000e0000000, 0x0000000100000000)
  region size 1024K, 1 young (1024K), 1 survivors (1024K)
 Metaspace       used 80447K, capacity 82456K, committed 82560K, reserved 1120256K
  class space    used 10363K, capacity 11066K, committed 11136K, reserved 1048576K
}
Event: 99.626 GC heap before
{Heap before GC invocations=154 (full 0):
 garbage-first heap   total 111616K, used 109946K [0x00000000e0000000, 0x0000000100000000)
  region size 1024K, 5 young (5120K), 1 survivors (1024K)
 Metaspace       used 81571K, capacity 83512K, committed 83584K, reserved 1122304K
  class space    used 10410K, capacity 11098K, committed 11136K, reserved 1048576K
}
Event: 99.633 GC heap after
{Heap after GC invocations=155 (full 0):
 garbage-first heap   total 112640K, used 105384K [0x00000000e0000000, 0x0000000100000000)
  region size 1024K, 1 young (1024K), 1 survivors (1024K)
 Metaspace       used 81571K, capacity 83512K, committed 83584K, reserved 1122304K
  class space    used 10410K, capacity 11098K, committed 11136K, reserved 1048576K
}
Event: 100.032 GC heap before
{Heap before GC invocations=155 (full 0):
 garbage-first heap   total 112640K, used 109480K [0x00000000e0000000, 0x0000000100000000)
  region size 1024K, 5 young (5120K), 1 survivors (1024K)
 Metaspace       used 82151K, capacity 84199K, committed 84480K, reserved 1122304K
  class space    used 10495K, capacity 11199K, committed 11264K, reserved 1048576K
}
Event: 100.036 GC heap after
{Heap after GC invocations=156 (full 0):
 garbage-first heap   total 112640K, used 105526K [0x00000000e0000000, 0x0000000100000000)
  region size 1024K, 1 young (1024K), 1 survivors (1024K)
 Metaspace       used 82151K, capacity 84199K, committed 84480K, reserved 1122304K
  class space    used 10495K, capacity 11199K, committed 11264K, reserved 1048576K
}
Event: 100.560 GC heap before
{Heap before GC invocations=157 (full 0):
 garbage-first heap   total 112640K, used 109622K [0x00000000e0000000, 0x0000000100000000)
  region size 1024K, 5 young (5120K), 1 survivors (1024K)
 Metaspace       used 82542K, capacity 84551K, committed 84736K, reserved 1122304K
  class space    used 10550K, capacity 11231K, committed 11264K, reserved 1048576K
}
Event: 100.575 GC heap after
{Heap after GC invocations=158 (full 0):
 garbage-first heap   total 112640K, used 105599K [0x00000000e0000000, 0x0000000100000000)
  region size 1024K, 1 young (1024K), 1 survivors (1024K)
 Metaspace       used 82542K, capacity 84551K, committed 84736K, reserved 1122304K
  class space    used 10550K, capacity 11231K, committed 11264K, reserved 1048576K
}
Event: 101.061 GC heap before
{Heap before GC invocations=158 (full 0):
 garbage-first heap   total 112640K, used 109695K [0x00000000e0000000, 0x0000000100000000)
  region size 1024K, 5 young (5120K), 1 survivors (1024K)
 Metaspace       used 83138K, capacity 85159K, committed 85376K, reserved 1124352K
  class space    used 10645K, capacity 11327K, committed 11392K, reserved 1048576K
}
Event: 101.066 GC heap after
{Heap after GC invocations=159 (full 0):
 garbage-first heap   total 112640K, used 105702K [0x00000000e0000000, 0x0000000100000000)
  region size 1024K, 1 young (1024K), 1 survivors (1024K)
 Metaspace       used 83138K, capacity 85159K, committed 85376K, reserved 1124352K
  class space    used 10645K, capacity 11327K, committed 11392K, reserved 1048576K
}
Event: 101.599 GC heap before
{Heap before GC invocations=160 (full 0):
 garbage-first heap   total 112640K, used 109798K [0x00000000e0000000, 0x0000000100000000)
  region size 1024K, 5 young (5120K), 1 survivors (1024K)
 Metaspace       used 83481K, capacity 85479K, committed 85632K, reserved 1124352K
  class space    used 10721K, capacity 11391K, committed 11392K, reserved 1048576K
}
Event: 101.606 GC heap after
{Heap after GC invocations=161 (full 0):
 garbage-first heap   total 112640K, used 105805K [0x00000000e0000000, 0x0000000100000000)
  region size 1024K, 1 young (1024K), 1 survivors (1024K)
 Metaspace       used 83481K, capacity 85479K, committed 85632K, reserved 1124352K
  class space    used 10721K, capacity 11391K, committed 11392K, reserved 1048576K
}
Event: 102.284 GC heap before
{Heap before GC invocations=161 (full 0):
 garbage-first heap   total 112640K, used 109901K [0x00000000e0000000, 0x0000000100000000)
  region size 1024K, 5 young (5120K), 1 survivors (1024K)
 Metaspace       used 83828K, capacity 85865K, committed 86016K, reserved 1124352K
  class space    used 10767K, capacity 11469K, committed 11520K, reserved 1048576K
}
Event: 102.293 GC heap after
{Heap after GC invocations=162 (full 0):
 garbage-first heap   total 112640K, used 106210K [0x00000000e0000000, 0x0000000100000000)
  region size 1024K, 1 young (1024K), 1 survivors (1024K)
 Metaspace       used 83828K, capacity 85865K, committed 86016K, reserved 1124352K
  class space    used 10767K, capacity 11469K, committed 11520K, reserved 1048576K
}
Event: 102.933 GC heap before
{Heap before GC invocations=163 (full 0):
 garbage-first heap   total 112640K, used 110306K [0x00000000e0000000, 0x0000000100000000)
  region size 1024K, 5 young (5120K), 1 survivors (1024K)
 Metaspace       used 84264K, capacity 86229K, committed 86272K, reserved 1124352K
  class space    used 10827K, capacity 11503K, committed 11520K, reserved 1048576K
}
Event: 102.953 GC heap after
{Heap after GC invocations=164 (full 0):
 garbage-first heap   total 112640K, used 106467K [0x00000000e0000000, 0x0000000100000000)
  region size 1024K, 1 young (1024K), 1 survivors (1024K)
 Metaspace       used 84264K, capacity 86229K, committed 86272K, reserved 1124352K
  class space    used 10827K, capacity 11503K, committed 11520K, reserved 1048576K
}
Event: 103.726 GC heap before
{Heap before GC invocations=164 (full 0):
 garbage-first heap   total 112640K, used 110563K [0x00000000e0000000, 0x0000000100000000)
  region size 1024K, 5 young (5120K), 1 survivors (1024K)
 Metaspace       used 85641K, capacity 87744K, committed 88064K, reserved 1126400K
  class space    used 10986K, capacity 11710K, committed 11776K, reserved 1048576K
}
Event: 103.734 GC heap after
{Heap after GC invocations=165 (full 0):
 garbage-first heap   total 112640K, used 106662K [0x00000000e0000000, 0x0000000100000000)
  region size 1024K, 1 young (1024K), 1 survivors (1024K)
 Metaspace       used 85641K, capacity 87744K, committed 88064K, reserved 1126400K
  class space    used 10986K, capacity 11710K, committed 11776K, reserved 1048576K
}
Event: 104.695 GC heap before
{Heap before GC invocations=166 (full 0):
 garbage-first heap   total 112640K, used 110758K [0x00000000e0000000, 0x0000000100000000)
  region size 1024K, 5 young (5120K), 1 survivors (1024K)
 Metaspace       used 86064K, capacity 88126K, committed 88320K, reserved 1126400K
  class space    used 11045K, capacity 11750K, committed 11776K, reserved 1048576K
}
Event: 104.702 GC heap after
{Heap after GC invocations=167 (full 0):
 garbage-first heap   total 112640K, used 106917K [0x00000000e0000000, 0x0000000100000000)
  region size 1024K, 1 young (1024K), 1 survivors (1024K)
 Metaspace       used 86064K, capacity 88126K, committed 88320K, reserved 1126400K
  class space    used 11045K, capacity 11750K, committed 11776K, reserved 1048576K
}

Deoptimization events (20 events):
Event: 103.357 Thread 0x0000016cb41a1000 DEOPT PACKING pc=0x0000016ca0a9f4e3 sp=0x0000003da7ef89e0
Event: 103.357 Thread 0x0000016cb41a1000 DEOPT UNPACKING pc=0x0000016c9f90643f sp=0x0000003da7ef7e90 mode 0
Event: 103.357 Thread 0x0000016cb41a1000 DEOPT PACKING pc=0x0000016ca0a9f4e3 sp=0x0000003da7ef89e0
Event: 103.357 Thread 0x0000016cb41a1000 DEOPT UNPACKING pc=0x0000016c9f90643f sp=0x0000003da7ef7e90 mode 0
Event: 103.357 Thread 0x0000016cb41a1000 DEOPT PACKING pc=0x0000016ca0a9f4e3 sp=0x0000003da7ef89e0
Event: 103.357 Thread 0x0000016cb41a1000 DEOPT UNPACKING pc=0x0000016c9f90643f sp=0x0000003da7ef7e90 mode 0
Event: 103.357 Thread 0x0000016cb41a1000 DEOPT PACKING pc=0x0000016ca0a9f4e3 sp=0x0000003da7ef89e0
Event: 103.357 Thread 0x0000016cb41a1000 DEOPT UNPACKING pc=0x0000016c9f90643f sp=0x0000003da7ef7e90 mode 0
Event: 103.373 Thread 0x0000016cb41a1000 Uncommon trap: trap_request=0xffffff4d fr.pc=0x0000016ca76f79b4 relative=0x00000000000008f4
Event: 103.373 Thread 0x0000016cb41a1000 Uncommon trap: reason=unstable_if action=reinterpret pc=0x0000016ca76f79b4 method=java.util.regex.Matcher.find()Z @ 10 c2
Event: 103.373 Thread 0x0000016cb41a1000 DEOPT PACKING pc=0x0000016ca76f79b4 sp=0x0000003da7ef8c00
Event: 103.373 Thread 0x0000016cb41a1000 DEOPT UNPACKING pc=0x0000016c9f906029 sp=0x0000003da7ef8bd0 mode 2
Event: 103.739 Thread 0x0000016cb41a1000 DEOPT PACKING pc=0x0000016ca0f89db8 sp=0x0000003da7ef95f0
Event: 103.739 Thread 0x0000016cb41a1000 DEOPT UNPACKING pc=0x0000016c9f90643f sp=0x0000003da7ef8af8 mode 0
Event: 104.105 Thread 0x0000016cb41a1000 DEOPT PACKING pc=0x0000016ca0a5b6ba sp=0x0000003da7ef9680
Event: 104.105 Thread 0x0000016cb41a1000 DEOPT UNPACKING pc=0x0000016c9f90643f sp=0x0000003da7ef8be0 mode 0
Event: 104.215 Thread 0x0000016cb41a1000 DEOPT PACKING pc=0x0000016ca0f89db8 sp=0x0000003da7ef9690
Event: 104.215 Thread 0x0000016cb41a1000 DEOPT UNPACKING pc=0x0000016c9f90643f sp=0x0000003da7ef8b98 mode 0
Event: 104.490 Thread 0x0000016cb41a1000 DEOPT PACKING pc=0x0000016ca0b7ac5d sp=0x0000003da7ef82d0
Event: 104.490 Thread 0x0000016cb41a1000 DEOPT UNPACKING pc=0x0000016c9f90643f sp=0x0000003da7ef7898 mode 0

Classes redefined (0 events):
No events

Internal exceptions (20 events):
Event: 96.156 Thread 0x0000016cb41a1000 Exception <a 'java/lang/ClassNotFoundException'{0x00000000e62cece0}: org/gradle/api/internal/tasks/DefaultSourceSetContainerCustomizer> (0x00000000e62cece0) thrown at [./src/hotspot/share/classfile/systemDictionary.cpp, line 231]
Event: 96.358 Thread 0x0000016cb41a1000 Exception <a 'java/lang/ClassNotFoundException'{0x00000000e6501e88}: org/gradle/api/internal/tasks/DefaultSourceSetContainer_DecoratedCustomizer> (0x00000000e6501e88) thrown at [./src/hotspot/share/classfile/systemDictionary.cpp, line 231]
Event: 96.615 Thread 0x0000016cb41a1000 Exception <a 'java/lang/ClassNotFoundException'{0x00000000e656dc78}: org/gradle/api/tasks/SourceSetBeanInfo> (0x00000000e656dc78) thrown at [./src/hotspot/share/classfile/systemDictionary.cpp, line 231]
Event: 96.618 Thread 0x0000016cb41a1000 Exception <a 'java/lang/ClassNotFoundException'{0x00000000e658ae68}: org/gradle/api/tasks/SourceSetCustomizer> (0x00000000e658ae68) thrown at [./src/hotspot/share/classfile/systemDictionary.cpp, line 231]
Event: 96.625 Thread 0x0000016cb41a1000 Exception <a 'java/lang/ClassNotFoundException'{0x00000000e6407510}: java/util/LinkedHashMapBeanInfo> (0x00000000e6407510) thrown at [./src/hotspot/share/classfile/systemDictionary.cpp, line 231]
Event: 96.628 Thread 0x0000016cb41a1000 Exception <a 'java/lang/ClassNotFoundException'{0x00000000e64107a0}: java/util/HashMapBeanInfo> (0x00000000e64107a0) thrown at [./src/hotspot/share/classfile/systemDictionary.cpp, line 231]
Event: 96.629 Thread 0x0000016cb41a1000 Exception <a 'java/lang/ClassNotFoundException'{0x00000000e641a4a0}: java/util/AbstractMapBeanInfo> (0x00000000e641a4a0) thrown at [./src/hotspot/share/classfile/systemDictionary.cpp, line 231]
Event: 96.631 Thread 0x0000016cb41a1000 Exception <a 'java/lang/ClassNotFoundException'{0x00000000e6424010}: java/util/AbstractMapCustomizer> (0x00000000e6424010) thrown at [./src/hotspot/share/classfile/systemDictionary.cpp, line 231]
Event: 96.633 Thread 0x0000016cb41a1000 Exception <a 'java/lang/ClassNotFoundException'{0x00000000e6437920}: java/util/HashMapCustomizer> (0x00000000e6437920) thrown at [./src/hotspot/share/classfile/systemDictionary.cpp, line 231]
Event: 96.635 Thread 0x0000016cb41a1000 Exception <a 'java/lang/ClassNotFoundException'{0x00000000e6459738}: java/util/LinkedHashMapCustomizer> (0x00000000e6459738) thrown at [./src/hotspot/share/classfile/systemDictionary.cpp, line 231]
Event: 97.683 Thread 0x0000016cb41a1000 Exception <a 'java/lang/NoSuchMethodError'{0x00000000e65b0978}: 'java.lang.Object java.lang.invoke.Invokers$Holder.linkToTargetMethod(java.lang.Object, java.lang.Object, java.lang.Object, java.lang.Object, java.lang.Object, java.lang.Object, java.lang.Object)'> (0x00000000e65b0978) thrown at [./src/hotspot/share/interpreter/linkResolver.cpp, line 773]
Event: 99.763 Thread 0x0000016cb41a1000 Exception <a 'sun/nio/fs/WindowsException'{0x00000000e65f04d8}> (0x00000000e65f04d8) thrown at [./src/hotspot/share/prims/jni.cpp, line 615]
Event: 99.764 Thread 0x0000016cb41a1000 Exception <a 'sun/nio/fs/WindowsException'{0x00000000e65f0aa0}> (0x00000000e65f0aa0) thrown at [./src/hotspot/share/prims/jni.cpp, line 615]
Event: 100.760 Thread 0x0000016cb41a1000 Exception <a 'java/lang/NullPointerException'{0x00000000e65d88f8}> (0x00000000e65d88f8) thrown at [./src/hotspot/share/interpreter/linkResolver.cpp, line 1440]
Event: 101.631 Thread 0x0000016cb41a1000 Implicit null exception at 0x0000016ca777dd0d to 0x0000016ca777e334
Event: 103.003 Thread 0x0000016cb41a1000 Exception <a 'java/lang/NoSuchMethodError'{0x00000000e6db4ae0}: 'int java.lang.invoke.DirectMethodHandle$Holder.invokeStatic(java.lang.Object, java.lang.Object, int, java.lang.Object)'> (0x00000000e6db4ae0) thrown at [./src/hotspot/share/interpreter/linkResolver.cpp, line 773]
Event: 103.431 Thread 0x0000016cb41a1000 Exception <a 'sun/nio/fs/WindowsException'{0x00000000e65ee138}> (0x00000000e65ee138) thrown at [./src/hotspot/share/prims/jni.cpp, line 615]
Event: 103.432 Thread 0x0000016cb41a1000 Exception <a 'sun/nio/fs/WindowsException'{0x00000000e65ef4b0}> (0x00000000e65ef4b0) thrown at [./src/hotspot/share/prims/jni.cpp, line 615]
Event: 103.433 Thread 0x0000016cb41a1000 Exception <a 'sun/nio/fs/WindowsException'{0x00000000e65f0878}> (0x00000000e65f0878) thrown at [./src/hotspot/share/prims/jni.cpp, line 615]
Event: 103.433 Thread 0x0000016cb41a1000 Exception <a 'sun/nio/fs/WindowsException'{0x00000000e65f1c40}> (0x00000000e65f1c40) thrown at [./src/hotspot/share/prims/jni.cpp, line 615]

Events (20 events):
Event: 104.935 loading class com/android/builder/model/SourceProviderContainer
Event: 104.935 loading class com/android/builder/model/SourceProviderContainer done
Event: 104.935 loading class com/android/builder/model/AaptOptions$Namespacing
Event: 104.935 loading class com/android/builder/model/AaptOptions$Namespacing done
Event: 104.938 loading class com/android/builder/model/BuildTypeContainer
Event: 104.938 loading class com/android/builder/model/BuildTypeContainer done
Event: 104.939 loading class com/android/builder/model/BuildType
Event: 104.939 loading class com/android/builder/model/BuildType done
Event: 104.939 loading class com/android/builder/model/SigningConfig
Event: 104.939 loading class com/android/builder/model/SigningConfig done
Event: 104.941 loading class com/android/builder/model/SyncIssue
Event: 104.941 loading class com/android/builder/model/SyncIssue done
Event: 104.946 loading class com/android/builder/model/ArtifactMetaData
Event: 104.946 loading class com/android/builder/model/ArtifactMetaData done
Event: 104.947 loading class com/android/builder/model/NativeToolchain
Event: 104.947 loading class com/android/builder/model/NativeToolchain done
Event: 104.948 loading class com/android/builder/model/VariantBuildInformation
Event: 104.948 loading class com/android/builder/model/VariantBuildInformation done
Event: 104.955 loading class com/android/ide/common/repository/GradleVersion
Event: 104.955 loading class com/android/ide/common/repository/GradleVersion done


Dynamic libraries:
0x00007ff60be90000 - 0x00007ff60be9a000 	C:\Users\felip\OneDrive\Desktop\android-studio\jre\bin\java.exe
0x00007ffe72f10000 - 0x00007ffe73105000 	C:\Windows\SYSTEM32\ntdll.dll
0x00007ffe51290000 - 0x00007ffe512a6000 	C:\Program Files\Avast Software\Avast\aswhook.dll
0x00007ffe70f60000 - 0x00007ffe7101e000 	C:\Windows\System32\KERNEL32.DLL
0x00007ffe70c90000 - 0x00007ffe70f59000 	C:\Windows\System32\KERNELBASE.dll
0x00007ffe70a30000 - 0x00007ffe70b30000 	C:\Windows\System32\ucrtbase.dll
0x00007ffe6a8a0000 - 0x00007ffe6a8b9000 	C:\Users\felip\OneDrive\Desktop\android-studio\jre\bin\jli.dll
0x00007ffe72ae0000 - 0x00007ffe72c81000 	C:\Windows\System32\USER32.dll
0x00007ffe70a00000 - 0x00007ffe70a22000 	C:\Windows\System32\win32u.dll
0x00007ffe71400000 - 0x00007ffe7142b000 	C:\Windows\System32\GDI32.dll
0x00007ffe70630000 - 0x00007ffe7073b000 	C:\Windows\System32\gdi32full.dll
0x00007ffe70740000 - 0x00007ffe707dd000 	C:\Windows\System32\msvcp_win.dll
0x00007ffe6a150000 - 0x00007ffe6a167000 	C:\Users\felip\OneDrive\Desktop\android-studio\jre\bin\VCRUNTIME140.dll
0x00007ffe60850000 - 0x00007ffe60aea000 	C:\Windows\WinSxS\amd64_microsoft.windows.common-controls_6595b64144ccf1df_6.0.19041.1110_none_60b5254171f9507e\COMCTL32.dll
0x00007ffe72260000 - 0x00007ffe722fe000 	C:\Windows\System32\msvcrt.dll
0x00007ffe72730000 - 0x00007ffe72760000 	C:\Windows\System32\IMM32.DLL
0x00007ffe692e0000 - 0x00007ffe6937d000 	C:\Users\felip\OneDrive\Desktop\android-studio\jre\bin\msvcp140.dll
0x00007ffe2b550000 - 0x00007ffe2c025000 	C:\Users\felip\OneDrive\Desktop\android-studio\jre\bin\server\jvm.dll
0x00007ffe71430000 - 0x00007ffe714dc000 	C:\Windows\System32\ADVAPI32.dll
0x00007ffe711a0000 - 0x00007ffe7123b000 	C:\Windows\System32\sechost.dll
0x00007ffe712d0000 - 0x00007ffe713fa000 	C:\Windows\System32\RPCRT4.dll
0x00007ffe71970000 - 0x00007ffe71978000 	C:\Windows\System32\PSAPI.DLL
0x00007ffe594e0000 - 0x00007ffe59507000 	C:\Windows\SYSTEM32\WINMM.dll
0x00007ffe63c60000 - 0x00007ffe63c69000 	C:\Windows\SYSTEM32\WSOCK32.dll
0x00007ffe65210000 - 0x00007ffe6521a000 	C:\Windows\SYSTEM32\VERSION.dll
0x00007ffe721f0000 - 0x00007ffe7225b000 	C:\Windows\System32\ws2_32.DLL
0x00007ffe6e450000 - 0x00007ffe6e462000 	C:\Windows\SYSTEM32\kernel.appcore.dll
0x00007ffe6a870000 - 0x00007ffe6a881000 	C:\Users\felip\OneDrive\Desktop\android-studio\jre\bin\verify.dll
0x00007ffe65020000 - 0x00007ffe65204000 	C:\Windows\SYSTEM32\DBGHELP.DLL
0x00007ffe64ff0000 - 0x00007ffe6501c000 	C:\Windows\SYSTEM32\dbgcore.DLL
0x00007ffe707e0000 - 0x00007ffe70863000 	C:\Windows\System32\bcryptPrimitives.dll
0x00007ffe67ab0000 - 0x00007ffe67ad9000 	C:\Users\felip\OneDrive\Desktop\android-studio\jre\bin\java.dll
0x00007ffe6b5b0000 - 0x00007ffe6b5bb000 	C:\Users\felip\OneDrive\Desktop\android-studio\jre\bin\jimage.dll
0x00007ffe6a850000 - 0x00007ffe6a868000 	C:\Users\felip\OneDrive\Desktop\android-studio\jre\bin\zip.dll
0x00007ffe71ab0000 - 0x00007ffe721ef000 	C:\Windows\System32\SHELL32.dll
0x00007ffe6e730000 - 0x00007ffe6eec0000 	C:\Windows\SYSTEM32\windows.storage.dll
0x00007ffe72780000 - 0x00007ffe72ad5000 	C:\Windows\System32\combase.dll
0x00007ffe6ffb0000 - 0x00007ffe6ffdc000 	C:\Windows\SYSTEM32\Wldp.dll
0x00007ffe71980000 - 0x00007ffe71a2d000 	C:\Windows\System32\SHCORE.dll
0x00007ffe72d60000 - 0x00007ffe72db5000 	C:\Windows\System32\shlwapi.dll
0x00007ffe70570000 - 0x00007ffe7058f000 	C:\Windows\SYSTEM32\profapi.dll
0x00007ffe6d730000 - 0x00007ffe6d74a000 	C:\Users\felip\OneDrive\Desktop\android-studio\jre\bin\net.dll
0x00007ffe64e40000 - 0x00007ffe64f48000 	C:\Windows\SYSTEM32\WINHTTP.dll
0x00007ffe6fd10000 - 0x00007ffe6fd7a000 	C:\Windows\system32\mswsock.dll
0x00007ffe6d710000 - 0x00007ffe6d724000 	C:\Users\felip\OneDrive\Desktop\android-studio\jre\bin\nio.dll
0x00007ffe58f20000 - 0x00007ffe58f47000 	C:\Users\felip\.gradle\native\8bec1ad78214c89d9ad589b4d07fe93259594b29d510b10fafb7a158f7737e5d\windows-amd64\native-platform.dll
0x00007ffe53910000 - 0x00007ffe53a4d000 	C:\Users\felip\.gradle\native\53dbd7edfb1c66fb8903c78663c9afc45aea4f116125fa6feffd364cf09443e8\windows-amd64\native-platform-file-events.dll
0x00007ffe6d700000 - 0x00007ffe6d70a000 	C:\Users\felip\OneDrive\Desktop\android-studio\jre\bin\management.dll
0x00007ffe6b8f0000 - 0x00007ffe6b8fd000 	C:\Users\felip\OneDrive\Desktop\android-studio\jre\bin\management_ext.dll
0x00007ffe6ff10000 - 0x00007ffe6ff28000 	C:\Windows\SYSTEM32\CRYPTSP.dll
0x00007ffe6f690000 - 0x00007ffe6f6c4000 	C:\Windows\system32\rsaenh.dll
0x00007ffe70980000 - 0x00007ffe709a7000 	C:\Windows\System32\bcrypt.dll
0x00007ffe704f0000 - 0x00007ffe7051e000 	C:\Windows\SYSTEM32\USERENV.dll
0x00007ffe6ff00000 - 0x00007ffe6ff0c000 	C:\Windows\SYSTEM32\CRYPTBASE.dll
0x00007ffe6fa00000 - 0x00007ffe6fa3b000 	C:\Windows\SYSTEM32\IPHLPAPI.DLL
0x00007ffe71960000 - 0x00007ffe71968000 	C:\Windows\System32\NSI.dll
0x00007ffe698d0000 - 0x00007ffe698e7000 	C:\Windows\SYSTEM32\dhcpcsvc6.DLL
0x00007ffe69bc0000 - 0x00007ffe69bdd000 	C:\Windows\SYSTEM32\dhcpcsvc.DLL
0x00007ffe6fa40000 - 0x00007ffe6fb0c000 	C:\Windows\SYSTEM32\DNSAPI.dll

dbghelp: loaded successfully - version: 4.0.5 - missing functions: none
symbol engine: initialized successfully - sym options: 0x614 - pdb path: .;C:\Users\felip\OneDrive\Desktop\android-studio\jre\bin;C:\Windows\SYSTEM32;C:\Program Files\Avast Software\Avast;C:\Windows\WinSxS\amd64_microsoft.windows.common-controls_6595b64144ccf1df_6.0.19041.1110_none_60b5254171f9507e;C:\Users\felip\OneDrive\Desktop\android-studio\jre\bin\server;C:\Users\felip\.gradle\native\8bec1ad78214c89d9ad589b4d07fe93259594b29d510b10fafb7a158f7737e5d\windows-amd64;C:\Users\felip\.gradle\native\53dbd7edfb1c66fb8903c78663c9afc45aea4f116125fa6feffd364cf09443e8\windows-amd64

VM Arguments:
jvm_args: --add-opens=java.base/java.util=ALL-UNNAMED --add-opens=java.base/java.lang=ALL-UNNAMED --add-opens=java.base/java.lang.invoke=ALL-UNNAMED --add-opens=java.base/java.util=ALL-UNNAMED --add-opens=java.prefs/java.util.prefs=ALL-UNNAMED --add-opens=java.prefs/java.util.prefs=ALL-UNNAMED --add-opens=java.base/java.nio.charset=ALL-UNNAMED --add-opens=java.base/java.net=ALL-UNNAMED --add-opens=java.base/java.util.concurrent.atomic=ALL-UNNAMED -Xmx512m -Dfile.encoding=UTF-8 -Duser.country=US -Duser.language=en -Duser.variant 
java_command: org.gradle.launcher.daemon.bootstrap.GradleDaemon 7.0.2
java_class_path (initial): C:\Users\felip\.gradle\wrapper\dists\gradle-7.0.2-bin\857tjihv64xamwrf0h14cai3r\gradle-7.0.2\lib\gradle-launcher-7.0.2.jar
Launcher Type: SUN_STANDARD

[Global flags]
     intx CICompilerCount                          = 2                                         {product} {ergonomic}
     uint ConcGCThreads                            = 1                                         {product} {ergonomic}
     uint G1ConcRefinementThreads                  = 2                                         {product} {ergonomic}
   size_t G1HeapRegionSize                         = 1048576                                   {product} {ergonomic}
    uintx GCDrainStackTargetSize                   = 64                                        {product} {ergonomic}
   size_t InitialHeapSize                          = 67108864                                  {product} {ergonomic}
   size_t MarkStackSize                            = 4194304                                   {product} {ergonomic}
   size_t MaxHeapSize                              = 536870912                                 {product} {command line}
   size_t MaxNewSize                               = 321912832                                 {product} {ergonomic}
   size_t MinHeapDeltaBytes                        = 1048576                                   {product} {ergonomic}
    uintx NonNMethodCodeHeapSize                   = 5825164                                {pd product} {ergonomic}
    uintx NonProfiledCodeHeapSize                  = 122916538                              {pd product} {ergonomic}
    uintx ProfiledCodeHeapSize                     = 122916538                              {pd product} {ergonomic}
    uintx ReservedCodeCacheSize                    = 251658240                              {pd product} {ergonomic}
     bool SegmentedCodeCache                       = true                                      {product} {ergonomic}
     bool UseCompressedClassPointers               = true                                 {lp64_product} {ergonomic}
     bool UseCompressedOops                        = true                                 {lp64_product} {ergonomic}
     bool UseG1GC                                  = true                                      {product} {ergonomic}
     bool UseLargePagesIndividualAllocation        = false                                  {pd product} {ergonomic}

Logging:
Log output configuration:
 #0: stdout all=warning uptime,level,tags
 #1: stderr all=off uptime,level,tags

Environment Variables:
PATH=C:\Program Files\Common Files\Oracle\Java\javapath;C:\Program Files (x86)\Common Files\Oracle\Java\javapath;C:\Windows\system32;C:\Windows;C:\Windows\System32\Wbem;C:\Windows\System32\WindowsPowerShell\v1.0\;C:\Windows\System32\OpenSSH\;C:\ProgramData\chocolatey\bin;C:\Program Files (x86)\Yarn\bin\;C:\Program Files\Git\cmd;C:\Program Files\nodejs\;C:\Users\felip\AppData\Local\Microsoft\WindowsApps;C:\Users\felip\AppData\Local\Programs\Microsoft VS Code\bin;C:\Users\felip\AppData\Local\Yarn\bin;C:\Users\felip\AppData\Local\GitHubDesktop\bin;C:\Users\felip\AppData\Roaming\npm
USERNAME=felip
OS=Windows_NT
PROCESSOR_IDENTIFIER=Intel64 Family 6 Model 23 Stepping 10, GenuineIntel



---------------  S Y S T E M  ---------------

OS: Windows 10 , 64 bit Build 19041 (10.0.19041.1202)
OS uptime: 4 days 5:34 hours

CPU:total 2 (initial active 2) (2 cores per cpu, 1 threads per core) family 6 model 23 stepping 10 microcode 0xa0c, cmov, cx8, fxsr, mmx, sse, sse2, sse3, ssse3, tsc

Memory: 4k page, system-wide physical 4061M (70M free)
TotalPageFile size 4061M (AvailPageFile size 2M)
current process WorkingSet (physical memory assigned to process): 291M, peak: 291M
current process commit charge ("private bytes"): 363M, peak: 363M

vm_info: OpenJDK 64-Bit Server VM (11.0.11+9-b60-7590822) for windows-amd64 JRE (11.0.11+9-b60-7590822), built on Jul 29 2021 21:43:44 by "builder" with MS VC++ 14.0 (VS2015)

END.
