#
# There is insufficient memory for the Java Runtime Environment to continue.
# Native memory allocation (malloc) failed to allocate 1833776 bytes for Chunk::new
# Possible reasons:
#   The system is out of physical RAM or swap space
#   The process is running with CompressedOops enabled, and the Java Heap may be blocking the growth of the native heap
# Possible solutions:
#   Reduce memory load on the system
#   Increase physical memory or swap space
#   Check if swap backing store is full
#   Decrease Java heap size (-Xmx/-Xms)
#   Decrease number of Java threads
#   Decrease Java thread stack sizes (-Xss)
#   Set larger code cache with -XX:ReservedCodeCacheSize=
#   JVM is running with Unscaled Compressed Oops mode in which the Java heap is
#     placed in the first 4GB address space. The Java Heap base address is the
#     maximum limit for the native heap growth. Please use -XX:HeapBaseMinAddress
#     to set the Java Heap base and to place the Java Heap above 4GB virtual address.
# This output file may be truncated or incomplete.
#
#  Out of Memory Error (./src/hotspot/share/memory/arena.cpp:197), pid=9608, tid=5780
#
# JRE version: OpenJDK Runtime Environment (11.0.11+9) (build 11.0.11+9-b60-7590822)
# Java VM: OpenJDK 64-Bit Server VM (11.0.11+9-b60-7590822, mixed mode, tiered, compressed oops, g1 gc, windows-amd64)
# No core dump will be written. Minidumps are not enabled by default on client versions of Windows
#

---------------  S U M M A R Y ------------

Command Line: --add-opens=java.base/java.util=ALL-UNNAMED --add-opens=java.base/java.lang=ALL-UNNAMED --add-opens=java.base/java.lang.invoke=ALL-UNNAMED --add-opens=java.base/java.util=ALL-UNNAMED --add-opens=java.prefs/java.util.prefs=ALL-UNNAMED --add-opens=java.prefs/java.util.prefs=ALL-UNNAMED --add-opens=java.base/java.nio.charset=ALL-UNNAMED --add-opens=java.base/java.net=ALL-UNNAMED --add-opens=java.base/java.util.concurrent.atomic=ALL-UNNAMED -Xmx512m -Dfile.encoding=UTF-8 -Duser.country=US -Duser.language=en -Duser.variant org.gradle.launcher.daemon.bootstrap.GradleDaemon 7.0.2

Host: Celeron(R) Dual-Core CPU       T3500  @ 2.10GHz, 2 cores, 3G,  Windows 10 , 64 bit Build 19041 (10.0.19041.1348)
Time: Mon Dec  6 18:33:56 2021 E. South America Standard Time elapsed time: 428.053395 seconds (0d 0h 7m 8s)

---------------  T H R E A D  ---------------

Current thread (0x000001c2c7acd800):  JavaThread "C2 CompilerThread0" daemon [_thread_in_native, id=5780, stack(0x0000008d8a300000,0x0000008d8a400000)]


Current CompileTask:
C2: 428053 10571   !   4       org.gradle.internal.instantiation.generator.AsmBackedClassGenerator$InvokeConstructorStrategy::newInstance (66 bytes)

Stack: [0x0000008d8a300000,0x0000008d8a400000]
Native frames: (J=compiled Java code, j=interpreted, Vv=VM code, C=native code)
V  [jvm.dll+0x5f214a]
V  [jvm.dll+0x726fb5]
V  [jvm.dll+0x7285cd]
V  [jvm.dll+0x728c83]
V  [jvm.dll+0x243278]
V  [jvm.dll+0xbc53c]
V  [jvm.dll+0xbca3c]
V  [jvm.dll+0x353e7d]
V  [jvm.dll+0x321893]
V  [jvm.dll+0x320d8a]
V  [jvm.dll+0x1fc1e2]
V  [jvm.dll+0x1fb3d4]
V  [jvm.dll+0x183d6c]
V  [jvm.dll+0x209a57]
V  [jvm.dll+0x2082a1]
V  [jvm.dll+0x6ef58f]
V  [jvm.dll+0x6e80b5]
V  [jvm.dll+0x5f1036]
C  [ucrtbase.dll+0x21bb2]
C  [KERNEL32.DLL+0x17034]
C  [ntdll.dll+0x52651]


---------------  P R O C E S S  ---------------

Threads class SMR info:
_java_thread_list=0x000001c2cc5d1600, length=38, elements={
0x000001c2af4f1000, 0x000001c2c7a67000, 0x000001c2c7a68800, 0x000001c2c7ac4800,
0x000001c2c7ac8000, 0x000001c2c7aca000, 0x000001c2c7acd800, 0x000001c2c7c32800,
0x000001c2c7c35000, 0x000001c2c7d27000, 0x000001c2c9b75800, 0x000001c2c93bf000,
0x000001c2c8dc5800, 0x000001c2c8c62800, 0x000001c2c8c60000, 0x000001c2c8c61800,
0x000001c2c8c64000, 0x000001c2c8c5e800, 0x000001c2c8c65000, 0x000001c2c8c5f000,
0x000001c2c9eac000, 0x000001c2c9ead800, 0x000001c2c9eba000, 0x000001c2c9eab800,
0x000001c2c9eb2000, 0x000001c2c9eb4800, 0x000001c2c9eae800, 0x000001c2c9eb9000,
0x000001c2c9eb6800, 0x000001c2c9eb5000, 0x000001c2c9eb7800, 0x000001c2c9eb8800,
0x000001c2c8c63000, 0x000001c2c8c60800, 0x000001c2cc2f1800, 0x000001c2cc2f4800,
0x000001c2cc2ef800, 0x000001c2cc2f0800
}

Java Threads: ( => current thread )
  0x000001c2af4f1000 JavaThread "main" [_thread_blocked, id=9644, stack(0x0000008d89600000,0x0000008d89700000)]
  0x000001c2c7a67000 JavaThread "Reference Handler" daemon [_thread_blocked, id=8968, stack(0x0000008d89e00000,0x0000008d89f00000)]
  0x000001c2c7a68800 JavaThread "Finalizer" daemon [_thread_blocked, id=2932, stack(0x0000008d89f00000,0x0000008d8a000000)]
  0x000001c2c7ac4800 JavaThread "Signal Dispatcher" daemon [_thread_blocked, id=5192, stack(0x0000008d8a000000,0x0000008d8a100000)]
  0x000001c2c7ac8000 JavaThread "Attach Listener" daemon [_thread_blocked, id=4816, stack(0x0000008d8a100000,0x0000008d8a200000)]
  0x000001c2c7aca000 JavaThread "Service Thread" daemon [_thread_blocked, id=6296, stack(0x0000008d8a200000,0x0000008d8a300000)]
=>0x000001c2c7acd800 JavaThread "C2 CompilerThread0" daemon [_thread_in_native, id=5780, stack(0x0000008d8a300000,0x0000008d8a400000)]
  0x000001c2c7c32800 JavaThread "C1 CompilerThread0" daemon [_thread_blocked, id=5112, stack(0x0000008d8a400000,0x0000008d8a500000)]
  0x000001c2c7c35000 JavaThread "Sweeper thread" daemon [_thread_blocked, id=2372, stack(0x0000008d8a500000,0x0000008d8a600000)]
  0x000001c2c7d27000 JavaThread "Common-Cleaner" daemon [_thread_blocked, id=5880, stack(0x0000008d8a600000,0x0000008d8a700000)]
  0x000001c2c9b75800 JavaThread "Daemon health stats" [_thread_blocked, id=6956, stack(0x0000008d8a900000,0x0000008d8aa00000)]
  0x000001c2c93bf000 JavaThread "Incoming local TCP Connector on port 6416" [_thread_in_native, id=7744, stack(0x0000008d8aa00000,0x0000008d8ab00000)]
  0x000001c2c8dc5800 JavaThread "Daemon periodic checks" [_thread_blocked, id=6536, stack(0x0000008d8ab00000,0x0000008d8ac00000)]
  0x000001c2c8c62800 JavaThread "Cache worker for file hash cache (C:\Users\felip\.gradle\caches\7.0.2\fileHashes)" [_thread_blocked, id=7276, stack(0x0000008d8b300000,0x0000008d8b400000)]
  0x000001c2c8c60000 JavaThread "File lock request listener" [_thread_in_native, id=7944, stack(0x0000008d8b400000,0x0000008d8b500000)]
  0x000001c2c8c61800 JavaThread "Cache worker for journal cache (C:\Users\felip\.gradle\caches\journal-1)" [_thread_blocked, id=1208, stack(0x0000008d8b500000,0x0000008d8b600000)]
  0x000001c2c8c64000 JavaThread "File watcher server" daemon [_thread_in_native, id=8404, stack(0x0000008d8b700000,0x0000008d8b800000)]
  0x000001c2c8c5e800 JavaThread "File watcher consumer" daemon [_thread_blocked, id=8052, stack(0x0000008d8b800000,0x0000008d8b900000)]
  0x000001c2c8c65000 JavaThread "jar transforms" [_thread_blocked, id=9016, stack(0x0000008d8b900000,0x0000008d8ba00000)]
  0x000001c2c8c5f000 JavaThread "jar transforms Thread 2" [_thread_blocked, id=10040, stack(0x0000008d8ba00000,0x0000008d8bb00000)]
  0x000001c2c9eac000 JavaThread "Cache worker for execution history cache (C:\Users\felip\.gradle\caches\7.0.2\executionHistory)" [_thread_blocked, id=7252, stack(0x0000008d8be00000,0x0000008d8bf00000)]
  0x000001c2c9ead800 JavaThread "Cache worker for file content cache (C:\Users\felip\.gradle\caches\7.0.2\fileContent)" [_thread_blocked, id=8308, stack(0x0000008d8bf00000,0x0000008d8c000000)]
  0x000001c2c9eba000 JavaThread "Memory manager" [_thread_blocked, id=7560, stack(0x0000008d89500000,0x0000008d89600000)]
  0x000001c2c9eab800 JavaThread "Daemon Thread 2" [_thread_blocked, id=8328, stack(0x0000008d89700000,0x0000008d89800000)]
  0x000001c2c9eb2000 JavaThread "Handler for socket connection from /127.0.0.1:6416 to /127.0.0.1:6432" [_thread_in_native, id=8, stack(0x0000008d8ac00000,0x0000008d8ad00000)]
  0x000001c2c9eb4800 JavaThread "Cancel handler" [_thread_blocked, id=5604, stack(0x0000008d8ad00000,0x0000008d8ae00000)]
  0x000001c2c9eae800 JavaThread "Daemon worker Thread 2" [_thread_in_native, id=6916, stack(0x0000008d8ae00000,0x0000008d8af00000)]
  0x000001c2c9eb9000 JavaThread "Asynchronous log dispatcher for DefaultDaemonConnection: socket connection from /127.0.0.1:6416 to /127.0.0.1:6432" [_thread_blocked, id=8576, stack(0x0000008d8af00000,0x0000008d8b000000)]
  0x000001c2c9eb6800 JavaThread "Stdin handler" [_thread_blocked, id=6112, stack(0x0000008d8b000000,0x0000008d8b100000)]
  0x000001c2c9eb5000 JavaThread "Daemon client event forwarder" [_thread_blocked, id=6540, stack(0x0000008d8b100000,0x0000008d8b200000)]
  0x000001c2c9eb7800 JavaThread "Cache worker for file hash cache (C:\Users\felip\AndroidStudioProjects\VideoApp\.gradle\7.0.2\fileHashes)" [_thread_blocked, id=5648, stack(0x0000008d8b200000,0x0000008d8b300000)]
  0x000001c2c9eb8800 JavaThread "Cache worker for checksums cache (C:\Users\felip\AndroidStudioProjects\VideoApp\.gradle\checksums)" [_thread_blocked, id=8300, stack(0x0000008d8b600000,0x0000008d8b700000)]
  0x000001c2c8c63000 JavaThread "Cache worker for cache directory md-supplier (C:\Users\felip\.gradle\caches\7.0.2\md-supplier)" [_thread_blocked, id=5084, stack(0x0000008d8bb00000,0x0000008d8bc00000)]
  0x000001c2c8c60800 JavaThread "Cache worker for cache directory md-rule (C:\Users\felip\.gradle\caches\7.0.2\md-rule)" [_thread_blocked, id=6068, stack(0x0000008d8bc00000,0x0000008d8bd00000)]
  0x000001c2cc2f1800 JavaThread "Cache worker for dependencies-accessors (C:\Users\felip\AndroidStudioProjects\VideoApp\.gradle\7.0.2\dependencies-accessors)" [_thread_blocked, id=7572, stack(0x0000008d8bd00000,0x0000008d8be00000)]
  0x000001c2cc2f4800 JavaThread "Cache worker for Build Output Cleanup Cache (C:\Users\felip\AndroidStudioProjects\VideoApp\.gradle\buildOutputCleanup)" [_thread_blocked, id=7968, stack(0x0000008d8c000000,0x0000008d8c100000)]
  0x000001c2cc2ef800 JavaThread "Build operations" [_thread_blocked, id=3128, stack(0x0000008d8c100000,0x0000008d8c200000)]
  0x000001c2cc2f0800 JavaThread "Build operations Thread 2" [_thread_blocked, id=8004, stack(0x0000008d8c200000,0x0000008d8c300000)]

Other Threads:
  0x000001c2c7a61800 VMThread "VM Thread" [stack: 0x0000008d89d00000,0x0000008d89e00000] [id=9092]
  0x000001c2c7d50800 WatcherThread [stack: 0x0000008d8a700000,0x0000008d8a800000] [id=7416]
  0x000001c2af50b800 GCTaskThread "GC Thread#0" [stack: 0x0000008d89800000,0x0000008d89900000] [id=6340]
  0x000001c2c7f07800 GCTaskThread "GC Thread#1" [stack: 0x0000008d8a800000,0x0000008d8a900000] [id=8484]
  0x000001c2af51b800 ConcurrentGCThread "G1 Main Marker" [stack: 0x0000008d89900000,0x0000008d89a00000] [id=9744]
  0x000001c2af51d000 ConcurrentGCThread "G1 Conc#0" [stack: 0x0000008d89a00000,0x0000008d89b00000] [id=6648]
  0x000001c2af568800 ConcurrentGCThread "G1 Refine#0" [stack: 0x0000008d89b00000,0x0000008d89c00000] [id=1048]
  0x000001c2af56a800 ConcurrentGCThread "G1 Young RemSet Sampling" [stack: 0x0000008d89c00000,0x0000008d89d00000] [id=5220]

Threads with active compile tasks:
C2 CompilerThread0 428821 10571   !   4       org.gradle.internal.instantiation.generator.AsmBackedClassGenerator$InvokeConstructorStrategy::newInstance (66 bytes)

VM state:not at safepoint (normal execution)

VM Mutex/Monitor currently owned by a thread: None

Heap address: 0x00000000e0000000, size: 512 MB, Compressed Oops mode: 32-bit
Narrow klass base: 0x0000000000000000, Narrow klass shift: 3
Compressed class space size: 1073741824 Address: 0x0000000100000000

Heap:
 garbage-first heap   total 120832K, used 114889K [0x00000000e0000000, 0x0000000100000000)
  region size 1024K, 3 young (3072K), 1 survivors (1024K)
 Metaspace       used 95411K, capacity 97921K, committed 98224K, reserved 1134592K
  class space    used 12157K, capacity 12980K, committed 13056K, reserved 1048576K
Heap Regions: E=young(eden), S=young(survivor), O=old, HS=humongous(starts), HC=humongous(continues), CS=collection set, F=free, A=archive, TAMS=top-at-mark-start (previous, next)
|   0|0x00000000e0000000, 0x00000000e0100000, 0x00000000e0100000|100%| O|  |TAMS 0x00000000e0100000, 0x00000000e0000000| Untracked 
|   1|0x00000000e0100000, 0x00000000e0100000, 0x00000000e0200000|  0%| F|  |TAMS 0x00000000e0100000, 0x00000000e0100000| Untracked 
|   2|0x00000000e0200000, 0x00000000e0300000, 0x00000000e0300000|100%| O|  |TAMS 0x00000000e0300000, 0x00000000e0200000| Untracked 
|   3|0x00000000e0300000, 0x00000000e0400000, 0x00000000e0400000|100%| O|  |TAMS 0x00000000e0400000, 0x00000000e0300000| Untracked 
|   4|0x00000000e0400000, 0x00000000e0500000, 0x00000000e0500000|100%|HS|  |TAMS 0x00000000e0500000, 0x00000000e0400000| Complete 
|   5|0x00000000e0500000, 0x00000000e0600000, 0x00000000e0600000|100%|HC|  |TAMS 0x00000000e0600000, 0x00000000e0500000| Complete 
|   6|0x00000000e0600000, 0x00000000e0700000, 0x00000000e0700000|100%|HC|  |TAMS 0x00000000e0700000, 0x00000000e0600000| Complete 
|   7|0x00000000e0700000, 0x00000000e0800000, 0x00000000e0800000|100%| O|  |TAMS 0x00000000e0800000, 0x00000000e0700000| Untracked 
|   8|0x00000000e0800000, 0x00000000e0900000, 0x00000000e0900000|100%| O|  |TAMS 0x00000000e0900000, 0x00000000e0800000| Untracked 
|   9|0x00000000e0900000, 0x00000000e0a00000, 0x00000000e0a00000|100%| O|  |TAMS 0x00000000e0a00000, 0x00000000e0900000| Untracked 
|  10|0x00000000e0a00000, 0x00000000e0b00000, 0x00000000e0b00000|100%| O|  |TAMS 0x00000000e0b00000, 0x00000000e0a00000| Untracked 
|  11|0x00000000e0b00000, 0x00000000e0c00000, 0x00000000e0c00000|100%| O|  |TAMS 0x00000000e0c00000, 0x00000000e0b00000| Untracked 
|  12|0x00000000e0c00000, 0x00000000e0d00000, 0x00000000e0d00000|100%| O|  |TAMS 0x00000000e0d00000, 0x00000000e0c00000| Untracked 
|  13|0x00000000e0d00000, 0x00000000e0e00000, 0x00000000e0e00000|100%| O|  |TAMS 0x00000000e0e00000, 0x00000000e0d00000| Untracked 
|  14|0x00000000e0e00000, 0x00000000e0f00000, 0x00000000e0f00000|100%| O|  |TAMS 0x00000000e0f00000, 0x00000000e0e00000| Untracked 
|  15|0x00000000e0f00000, 0x00000000e1000000, 0x00000000e1000000|100%|HS|  |TAMS 0x00000000e1000000, 0x00000000e0f00000| Complete 
|  16|0x00000000e1000000, 0x00000000e1100000, 0x00000000e1100000|100%|HC|  |TAMS 0x00000000e1100000, 0x00000000e1000000| Complete 
|  17|0x00000000e1100000, 0x00000000e1200000, 0x00000000e1200000|100%|HS|  |TAMS 0x00000000e1200000, 0x00000000e1100000| Complete 
|  18|0x00000000e1200000, 0x00000000e1300000, 0x00000000e1300000|100%|HC|  |TAMS 0x00000000e1300000, 0x00000000e1200000| Complete 
|  19|0x00000000e1300000, 0x00000000e1400000, 0x00000000e1400000|100%|HC|  |TAMS 0x00000000e1400000, 0x00000000e1300000| Complete 
|  20|0x00000000e1400000, 0x00000000e1500000, 0x00000000e1500000|100%| O|  |TAMS 0x00000000e1500000, 0x00000000e1400000| Untracked 
|  21|0x00000000e1500000, 0x00000000e1600000, 0x00000000e1600000|100%|HS|  |TAMS 0x00000000e1600000, 0x00000000e1500000| Complete 
|  22|0x00000000e1600000, 0x00000000e1700000, 0x00000000e1700000|100%|HC|  |TAMS 0x00000000e1700000, 0x00000000e1600000| Complete 
|  23|0x00000000e1700000, 0x00000000e1800000, 0x00000000e1800000|100%|HC|  |TAMS 0x00000000e1800000, 0x00000000e1700000| Complete 
|  24|0x00000000e1800000, 0x00000000e1900000, 0x00000000e1900000|100%|HC|  |TAMS 0x00000000e1900000, 0x00000000e1800000| Complete 
|  25|0x00000000e1900000, 0x00000000e1a00000, 0x00000000e1a00000|100%| O|  |TAMS 0x00000000e1a00000, 0x00000000e1900000| Untracked 
|  26|0x00000000e1a00000, 0x00000000e1b00000, 0x00000000e1b00000|100%| O|  |TAMS 0x00000000e1b00000, 0x00000000e1a00000| Untracked 
|  27|0x00000000e1b00000, 0x00000000e1c00000, 0x00000000e1c00000|100%| O|  |TAMS 0x00000000e1c00000, 0x00000000e1b00000| Untracked 
|  28|0x00000000e1c00000, 0x00000000e1d00000, 0x00000000e1d00000|100%| O|  |TAMS 0x00000000e1d00000, 0x00000000e1c00000| Untracked 
|  29|0x00000000e1d00000, 0x00000000e1e00000, 0x00000000e1e00000|100%| O|  |TAMS 0x00000000e1e00000, 0x00000000e1d00000| Untracked 
|  30|0x00000000e1e00000, 0x00000000e1f00000, 0x00000000e1f00000|100%| O|  |TAMS 0x00000000e1f00000, 0x00000000e1e00000| Untracked 
|  31|0x00000000e1f00000, 0x00000000e2000000, 0x00000000e2000000|100%| O|  |TAMS 0x00000000e2000000, 0x00000000e1f00000| Untracked 
|  32|0x00000000e2000000, 0x00000000e2100000, 0x00000000e2100000|100%| O|  |TAMS 0x00000000e2100000, 0x00000000e2000000| Untracked 
|  33|0x00000000e2100000, 0x00000000e2200000, 0x00000000e2200000|100%| O|  |TAMS 0x00000000e2200000, 0x00000000e2100000| Untracked 
|  34|0x00000000e2200000, 0x00000000e2300000, 0x00000000e2300000|100%| O|  |TAMS 0x00000000e2300000, 0x00000000e2200000| Untracked 
|  35|0x00000000e2300000, 0x00000000e2400000, 0x00000000e2400000|100%| O|  |TAMS 0x00000000e2400000, 0x00000000e2300000| Untracked 
|  36|0x00000000e2400000, 0x00000000e2500000, 0x00000000e2500000|100%| O|  |TAMS 0x00000000e2500000, 0x00000000e2400000| Untracked 
|  37|0x00000000e2500000, 0x00000000e2600000, 0x00000000e2600000|100%| O|  |TAMS 0x00000000e2600000, 0x00000000e2500000| Untracked 
|  38|0x00000000e2600000, 0x00000000e2700000, 0x00000000e2700000|100%| O|  |TAMS 0x00000000e2700000, 0x00000000e2600000| Untracked 
|  39|0x00000000e2700000, 0x00000000e2800000, 0x00000000e2800000|100%| O|  |TAMS 0x00000000e2800000, 0x00000000e2700000| Untracked 
|  40|0x00000000e2800000, 0x00000000e2900000, 0x00000000e2900000|100%| O|  |TAMS 0x00000000e2900000, 0x00000000e2800000| Untracked 
|  41|0x00000000e2900000, 0x00000000e2a00000, 0x00000000e2a00000|100%|HS|  |TAMS 0x00000000e2a00000, 0x00000000e2900000| Complete 
|  42|0x00000000e2a00000, 0x00000000e2b00000, 0x00000000e2b00000|100%|HC|  |TAMS 0x00000000e2b00000, 0x00000000e2a00000| Complete 
|  43|0x00000000e2b00000, 0x00000000e2c00000, 0x00000000e2c00000|100%|HC|  |TAMS 0x00000000e2c00000, 0x00000000e2b00000| Complete 
|  44|0x00000000e2c00000, 0x00000000e2d00000, 0x00000000e2d00000|100%| O|  |TAMS 0x00000000e2d00000, 0x00000000e2c00000| Untracked 
|  45|0x00000000e2d00000, 0x00000000e2e00000, 0x00000000e2e00000|100%| O|  |TAMS 0x00000000e2e00000, 0x00000000e2d00000| Untracked 
|  46|0x00000000e2e00000, 0x00000000e2f00000, 0x00000000e2f00000|100%| O|  |TAMS 0x00000000e2f00000, 0x00000000e2e00000| Untracked 
|  47|0x00000000e2f00000, 0x00000000e3000000, 0x00000000e3000000|100%| O|  |TAMS 0x00000000e3000000, 0x00000000e2f00000| Untracked 
|  48|0x00000000e3000000, 0x00000000e3100000, 0x00000000e3100000|100%| O|  |TAMS 0x00000000e3100000, 0x00000000e3000000| Untracked 
|  49|0x00000000e3100000, 0x00000000e3200000, 0x00000000e3200000|100%|HS|  |TAMS 0x00000000e3200000, 0x00000000e3100000| Complete 
|  50|0x00000000e3200000, 0x00000000e3300000, 0x00000000e3300000|100%|HC|  |TAMS 0x00000000e3300000, 0x00000000e3200000| Complete 
|  51|0x00000000e3300000, 0x00000000e3400000, 0x00000000e3400000|100%|HC|  |TAMS 0x00000000e3400000, 0x00000000e3300000| Complete 
|  52|0x00000000e3400000, 0x00000000e3500000, 0x00000000e3500000|100%|HC|  |TAMS 0x00000000e3500000, 0x00000000e3400000| Complete 
|  53|0x00000000e3500000, 0x00000000e3600000, 0x00000000e3600000|100%| O|  |TAMS 0x00000000e3600000, 0x00000000e3500000| Untracked 
|  54|0x00000000e3600000, 0x00000000e3700000, 0x00000000e3700000|100%| O|  |TAMS 0x00000000e3700000, 0x00000000e3600000| Untracked 
|  55|0x00000000e3700000, 0x00000000e3800000, 0x00000000e3800000|100%| O|  |TAMS 0x00000000e3800000, 0x00000000e3700000| Untracked 
|  56|0x00000000e3800000, 0x00000000e3900000, 0x00000000e3900000|100%| O|  |TAMS 0x00000000e3900000, 0x00000000e3800000| Untracked 
|  57|0x00000000e3900000, 0x00000000e3a00000, 0x00000000e3a00000|100%| O|  |TAMS 0x00000000e3a00000, 0x00000000e3900000| Untracked 
|  58|0x00000000e3a00000, 0x00000000e3b00000, 0x00000000e3b00000|100%| O|  |TAMS 0x00000000e3b00000, 0x00000000e3a00000| Untracked 
|  59|0x00000000e3b00000, 0x00000000e3c00000, 0x00000000e3c00000|100%|HS|  |TAMS 0x00000000e3c00000, 0x00000000e3b00000| Complete 
|  60|0x00000000e3c00000, 0x00000000e3d00000, 0x00000000e3d00000|100%|HS|  |TAMS 0x00000000e3d00000, 0x00000000e3c00000| Complete 
|  61|0x00000000e3d00000, 0x00000000e3e00000, 0x00000000e3e00000|100%|HS|  |TAMS 0x00000000e3e00000, 0x00000000e3d00000| Complete 
|  62|0x00000000e3e00000, 0x00000000e3f00000, 0x00000000e3f00000|100%|HS|  |TAMS 0x00000000e3f00000, 0x00000000e3e00000| Complete 
|  63|0x00000000e3f00000, 0x00000000e4000000, 0x00000000e4000000|100%|HC|  |TAMS 0x00000000e4000000, 0x00000000e3f00000| Complete 
|  64|0x00000000e4000000, 0x00000000e4100000, 0x00000000e4100000|100%|HC|  |TAMS 0x00000000e4100000, 0x00000000e4000000| Complete 
|  65|0x00000000e4100000, 0x00000000e4200000, 0x00000000e4200000|100%| O|  |TAMS 0x00000000e4200000, 0x00000000e4100000| Untracked 
|  66|0x00000000e4200000, 0x00000000e4300000, 0x00000000e4300000|100%| O|  |TAMS 0x00000000e4300000, 0x00000000e4200000| Untracked 
|  67|0x00000000e4300000, 0x00000000e4400000, 0x00000000e4400000|100%| O|  |TAMS 0x00000000e4400000, 0x00000000e4300000| Untracked 
|  68|0x00000000e4400000, 0x00000000e4500000, 0x00000000e4500000|100%| O|  |TAMS 0x00000000e4500000, 0x00000000e4400000| Untracked 
|  69|0x00000000e4500000, 0x00000000e4600000, 0x00000000e4600000|100%|HS|  |TAMS 0x00000000e4600000, 0x00000000e4500000| Complete 
|  70|0x00000000e4600000, 0x00000000e4700000, 0x00000000e4700000|100%|HC|  |TAMS 0x00000000e4700000, 0x00000000e4600000| Complete 
|  71|0x00000000e4700000, 0x00000000e4800000, 0x00000000e4800000|100%| O|  |TAMS 0x00000000e4800000, 0x00000000e4700000| Untracked 
|  72|0x00000000e4800000, 0x00000000e4900000, 0x00000000e4900000|100%| O|  |TAMS 0x00000000e4900000, 0x00000000e4800000| Untracked 
|  73|0x00000000e4900000, 0x00000000e4a00000, 0x00000000e4a00000|100%| O|  |TAMS 0x00000000e4a00000, 0x00000000e4900000| Untracked 
|  74|0x00000000e4a00000, 0x00000000e4b00000, 0x00000000e4b00000|100%| O|  |TAMS 0x00000000e4b00000, 0x00000000e4a00000| Untracked 
|  75|0x00000000e4b00000, 0x00000000e4c00000, 0x00000000e4c00000|100%| O|  |TAMS 0x00000000e4c00000, 0x00000000e4b00000| Untracked 
|  76|0x00000000e4c00000, 0x00000000e4d00000, 0x00000000e4d00000|100%| O|  |TAMS 0x00000000e4d00000, 0x00000000e4c00000| Untracked 
|  77|0x00000000e4d00000, 0x00000000e4e00000, 0x00000000e4e00000|100%| O|  |TAMS 0x00000000e4e00000, 0x00000000e4d00000| Untracked 
|  78|0x00000000e4e00000, 0x00000000e4f00000, 0x00000000e4f00000|100%| O|  |TAMS 0x00000000e4f00000, 0x00000000e4e00000| Untracked 
|  79|0x00000000e4f00000, 0x00000000e5000000, 0x00000000e5000000|100%| O|  |TAMS 0x00000000e5000000, 0x00000000e4f00000| Untracked 
|  80|0x00000000e5000000, 0x00000000e5100000, 0x00000000e5100000|100%| O|  |TAMS 0x00000000e5100000, 0x00000000e5000000| Untracked 
|  81|0x00000000e5100000, 0x00000000e5200000, 0x00000000e5200000|100%| O|  |TAMS 0x00000000e5200000, 0x00000000e5100000| Untracked 
|  82|0x00000000e5200000, 0x00000000e5300000, 0x00000000e5300000|100%| O|  |TAMS 0x00000000e5300000, 0x00000000e5200000| Untracked 
|  83|0x00000000e5300000, 0x00000000e5400000, 0x00000000e5400000|100%| O|  |TAMS 0x00000000e5400000, 0x00000000e5300000| Untracked 
|  84|0x00000000e5400000, 0x00000000e5500000, 0x00000000e5500000|100%| O|  |TAMS 0x00000000e5500000, 0x00000000e5400000| Untracked 
|  85|0x00000000e5500000, 0x00000000e5600000, 0x00000000e5600000|100%| O|  |TAMS 0x00000000e5600000, 0x00000000e5500000| Untracked 
|  86|0x00000000e5600000, 0x00000000e5700000, 0x00000000e5700000|100%| O|  |TAMS 0x00000000e5700000, 0x00000000e5600000| Untracked 
|  87|0x00000000e5700000, 0x00000000e5800000, 0x00000000e5800000|100%| O|  |TAMS 0x00000000e5800000, 0x00000000e5700000| Untracked 
|  88|0x00000000e5800000, 0x00000000e5900000, 0x00000000e5900000|100%| O|  |TAMS 0x00000000e5900000, 0x00000000e5800000| Untracked 
|  89|0x00000000e5900000, 0x00000000e5a00000, 0x00000000e5a00000|100%|HS|  |TAMS 0x00000000e5a00000, 0x00000000e5900000| Complete 
|  90|0x00000000e5a00000, 0x00000000e5b00000, 0x00000000e5b00000|100%|HC|  |TAMS 0x00000000e5b00000, 0x00000000e5a00000| Complete 
|  91|0x00000000e5b00000, 0x00000000e5c00000, 0x00000000e5c00000|100%| O|  |TAMS 0x00000000e5c00000, 0x00000000e5b00000| Untracked 
|  92|0x00000000e5c00000, 0x00000000e5ca8b78, 0x00000000e5d00000| 65%| S|CS|TAMS 0x00000000e5c00000, 0x00000000e5c00000| Complete 
|  93|0x00000000e5d00000, 0x00000000e5d00000, 0x00000000e5e00000|  0%| F|  |TAMS 0x00000000e5d00000, 0x00000000e5d00000| Untracked 
|  94|0x00000000e5e00000, 0x00000000e5f00000, 0x00000000e5f00000|100%| O|  |TAMS 0x00000000e5f00000, 0x00000000e5e00000| Untracked 
|  95|0x00000000e5f00000, 0x00000000e6000000, 0x00000000e6000000|100%| O|  |TAMS 0x00000000e6000000, 0x00000000e5f00000| Untracked 
|  96|0x00000000e6000000, 0x00000000e6100000, 0x00000000e6100000|100%| O|  |TAMS 0x00000000e6100000, 0x00000000e6000000| Untracked 
|  97|0x00000000e6100000, 0x00000000e6200000, 0x00000000e6200000|100%| O|  |TAMS 0x00000000e6200000, 0x00000000e6100000| Untracked 
|  98|0x00000000e6200000, 0x00000000e6300000, 0x00000000e6300000|100%|HS|  |TAMS 0x00000000e6300000, 0x00000000e6200000| Complete 
|  99|0x00000000e6300000, 0x00000000e6400000, 0x00000000e6400000|100%|HC|  |TAMS 0x00000000e6400000, 0x00000000e6300000| Complete 
| 100|0x00000000e6400000, 0x00000000e6500000, 0x00000000e6500000|100%|HC|  |TAMS 0x00000000e6500000, 0x00000000e6400000| Complete 
| 101|0x00000000e6500000, 0x00000000e6600000, 0x00000000e6600000|100%|HS|  |TAMS 0x00000000e6600000, 0x00000000e6500000| Complete 
| 102|0x00000000e6600000, 0x00000000e6700000, 0x00000000e6700000|100%|HC|  |TAMS 0x00000000e6700000, 0x00000000e6600000| Complete 
| 103|0x00000000e6700000, 0x00000000e6800000, 0x00000000e6800000|100%|HC|  |TAMS 0x00000000e6800000, 0x00000000e6700000| Complete 
| 104|0x00000000e6800000, 0x00000000e6900000, 0x00000000e6900000|100%|HC|  |TAMS 0x00000000e6900000, 0x00000000e6800000| Complete 
| 105|0x00000000e6900000, 0x00000000e6900000, 0x00000000e6a00000|  0%| F|  |TAMS 0x00000000e6900000, 0x00000000e6900000| Untracked 
| 106|0x00000000e6a00000, 0x00000000e6b00000, 0x00000000e6b00000|100%| O|  |TAMS 0x00000000e6b00000, 0x00000000e6a00000| Untracked 
| 107|0x00000000e6b00000, 0x00000000e6c00000, 0x00000000e6c00000|100%| O|  |TAMS 0x00000000e6c00000, 0x00000000e6b00000| Untracked 
| 108|0x00000000e6c00000, 0x00000000e6c00000, 0x00000000e6d00000|  0%| F|  |TAMS 0x00000000e6c00000, 0x00000000e6c00000| Untracked 
| 109|0x00000000e6d00000, 0x00000000e6e00000, 0x00000000e6e00000|100%| O|  |TAMS 0x00000000e6e00000, 0x00000000e6d00000| Untracked 
| 110|0x00000000e6e00000, 0x00000000e6e97390, 0x00000000e6f00000| 59%| E|  |TAMS 0x00000000e6e00000, 0x00000000e6e00000| Complete 
| 111|0x00000000e6f00000, 0x00000000e7000000, 0x00000000e7000000|100%| O|  |TAMS 0x00000000e7000000, 0x00000000e6f00000| Untracked 
| 112|0x00000000e7000000, 0x00000000e7100000, 0x00000000e7100000|100%| O|  |TAMS 0x00000000e7100000, 0x00000000e7000000| Untracked 
| 113|0x00000000e7100000, 0x00000000e7200000, 0x00000000e7200000|100%| O|  |TAMS 0x00000000e7200000, 0x00000000e7100000| Untracked 
| 114|0x00000000e7200000, 0x00000000e7300000, 0x00000000e7300000|100%| O|  |TAMS 0x00000000e7300000, 0x00000000e7200000| Untracked 
| 115|0x00000000e7300000, 0x00000000e7400000, 0x00000000e7400000|100%| O|  |TAMS 0x00000000e7400000, 0x00000000e7300000| Untracked 
| 116|0x00000000e7400000, 0x00000000e7500000, 0x00000000e7500000|100%| E|CS|TAMS 0x00000000e7400000, 0x00000000e7400000| Complete 
| 117|0x00000000e7500000, 0x00000000e7589c00, 0x00000000e7600000| 53%| O|  |TAMS 0x00000000e7589c00, 0x00000000e7500000| Untracked 

Card table byte_map: [0x000001c2c3cf0000,0x000001c2c3df0000] _byte_map_base: 0x000001c2c35f0000

Marking Bits (Prev, Next): (CMBitMap*) 0x000001c2af518998, (CMBitMap*) 0x000001c2af5189d0
 Prev Bits: [0x000001c2c3ef0000, 0x000001c2c46f0000)
 Next Bits: [0x000001c2c46f0000, 0x000001c2c4ef0000)

Polling page: 0x000001c2af390000

Metaspace:

Usage:
  Non-class:     82.95 MB capacity,    81.31 MB ( 98%) used,     1.40 MB (  2%) free+waste,   248.38 KB ( <1%) overhead. 
      Class:     12.68 MB capacity,    11.87 MB ( 94%) used,   708.55 KB (  5%) free+waste,   112.56 KB ( <1%) overhead. 
       Both:     95.63 MB capacity,    93.19 MB ( 97%) used,     2.09 MB (  2%) free+waste,   360.94 KB ( <1%) overhead. 

Virtual space:
  Non-class space:       84.00 MB reserved,      83.17 MB (>99%) committed 
      Class space:        1.00 GB reserved,      12.75 MB (  1%) committed 
             Both:        1.08 GB reserved,      95.92 MB (  9%) committed 

Chunk freelists:
   Non-Class:  35.00 KB
       Class:  12.00 KB
        Both:  47.00 KB

MaxMetaspaceSize: 17179869184.00 GB
CompressedClassSpaceSize: 1.00 GB

CodeHeap 'non-profiled nmethods': size=120064Kb used=6652Kb max_used=6652Kb free=113411Kb
 bounds [0x000001c2bc2b0000, 0x000001c2bc930000, 0x000001c2c37f0000]
CodeHeap 'profiled nmethods': size=120000Kb used=23669Kb max_used=23669Kb free=96331Kb
 bounds [0x000001c2b4d80000, 0x000001c2b64a0000, 0x000001c2bc2b0000]
CodeHeap 'non-nmethods': size=5696Kb used=2287Kb max_used=2327Kb free=3409Kb
 bounds [0x000001c2b47f0000, 0x000001c2b4a60000, 0x000001c2b4d80000]
 total_blobs=11484 nmethods=10579 adapters=817
 compilation: enabled
              stopped_count=0, restarted_count=0
 full_count=0

Compilation events (20 events):
Event: 427.658 Thread 0x000001c2c7c32800 10605       3       com.google.common.collect.UnmodifiableIterator::<init> (5 bytes)
Event: 427.658 Thread 0x000001c2c7c32800 nmethod 10605 0x000001c2b6492390 code [0x000001c2b6492540, 0x000001c2b6492698]
Event: 427.660 Thread 0x000001c2c7c32800 10607       3       java.lang.AbstractStringBuilder::charAt (36 bytes)
Event: 427.661 Thread 0x000001c2c7c32800 nmethod 10607 0x000001c2b6492790 code [0x000001c2b6492980, 0x000001c2b6492d98]
Event: 427.663 Thread 0x000001c2c7c32800 10608       3       kotlin.io.FilePathComponents::<init> (27 bytes)
Event: 427.664 Thread 0x000001c2c7c32800 nmethod 10608 0x000001c2b6492f90 code [0x000001c2b6493220, 0x000001c2b6493b78]
Event: 427.670 Thread 0x000001c2c7c32800 10609       3       org.gradle.tooling.internal.adapter.ProtocolToModelAdapter$MethodInvocationCache$MethodInvocationKey::eq (16 bytes)
Event: 427.671 Thread 0x000001c2c7c32800 nmethod 10609 0x000001c2b6493e90 code [0x000001c2b6494060, 0x000001c2b64942e8]
Event: 427.671 Thread 0x000001c2c7c32800 10610       3       org.gradle.tooling.internal.adapter.ProtocolToModelAdapter$AdaptingMethodInvoker::invoke (48 bytes)
Event: 427.672 Thread 0x000001c2c7c32800 nmethod 10610 0x000001c2b6494410 code [0x000001c2b6494600, 0x000001c2b6494a78]
Event: 427.672 Thread 0x000001c2c7c32800 10611   !   3       org.gradle.tooling.internal.adapter.ProtocolToModelAdapter$ReflectionMethodInvoker::invoke (41 bytes)
Event: 427.673 Thread 0x000001c2c7c32800 nmethod 10611 0x000001c2b6494c10 code [0x000001c2b6494e60, 0x000001c2b64955a8]
Event: 427.673 Thread 0x000001c2c7c32800 10612       3       org.gradle.tooling.internal.adapter.ProtocolToModelAdapter$MethodInvocationCache$MethodInvocationKey::<init> (8 bytes)
Event: 427.674 Thread 0x000001c2c7c32800 nmethod 10612 0x000001c2b6495990 code [0x000001c2b6495b40, 0x000001c2b6495c68]
Event: 427.675 Thread 0x000001c2c7c32800 10613       3       org.gradle.tooling.internal.consumer.converters.ConsumerTargetTypeProvider::getTargetType (182 bytes)
Event: 427.678 Thread 0x000001c2c7c32800 nmethod 10613 0x000001c2b6495d10 code [0x000001c2b64961c0, 0x000001c2b6498498]
Event: 427.685 Thread 0x000001c2c7c32800 10614       3       kotlin.collections.CollectionsKt__IterablesKt::collectionSizeOrDefault (27 bytes)
Event: 427.686 Thread 0x000001c2c7c32800 nmethod 10614 0x000001c2b6498e90 code [0x000001c2b64990e0, 0x000001c2b6499888]
Event: 427.686 Thread 0x000001c2c7c32800 10615       3       org.gradle.tooling.internal.adapter.ProtocolToModelAdapter$PropertyCachingMethodInvoker::cachePropertyValue (36 bytes)
Event: 427.687 Thread 0x000001c2c7c32800 nmethod 10615 0x000001c2b6499a90 code [0x000001c2b6499c80, 0x000001c2b649a158]

GC Heap History (20 events):
Event: 423.032 GC heap before
{Heap before GC invocations=296 (full 0):
 garbage-first heap   total 119808K, used 116460K [0x00000000e0000000, 0x0000000100000000)
  region size 1024K, 5 young (5120K), 1 survivors (1024K)
 Metaspace       used 89745K, capacity 92201K, committed 92336K, reserved 1130496K
  class space    used 11410K, capacity 12194K, committed 12288K, reserved 1048576K
}
Event: 423.043 GC heap after
{Heap after GC invocations=297 (full 0):
 garbage-first heap   total 119808K, used 112211K [0x00000000e0000000, 0x0000000100000000)
  region size 1024K, 1 young (1024K), 1 survivors (1024K)
 Metaspace       used 89745K, capacity 92201K, committed 92336K, reserved 1130496K
  class space    used 11410K, capacity 12194K, committed 12288K, reserved 1048576K
}
Event: 423.322 GC heap before
{Heap before GC invocations=297 (full 0):
 garbage-first heap   total 119808K, used 116307K [0x00000000e0000000, 0x0000000100000000)
  region size 1024K, 5 young (5120K), 1 survivors (1024K)
 Metaspace       used 90118K, capacity 92579K, committed 92848K, reserved 1130496K
  class space    used 11466K, capacity 12235K, committed 12288K, reserved 1048576K
}
Event: 423.327 GC heap after
{Heap after GC invocations=298 (full 0):
 garbage-first heap   total 119808K, used 112313K [0x00000000e0000000, 0x0000000100000000)
  region size 1024K, 1 young (1024K), 1 survivors (1024K)
 Metaspace       used 90118K, capacity 92579K, committed 92848K, reserved 1130496K
  class space    used 11466K, capacity 12235K, committed 12288K, reserved 1048576K
}
Event: 423.579 GC heap before
{Heap before GC invocations=298 (full 0):
 garbage-first heap   total 119808K, used 116409K [0x00000000e0000000, 0x0000000100000000)
  region size 1024K, 5 young (5120K), 1 survivors (1024K)
 Metaspace       used 90719K, capacity 93187K, committed 93488K, reserved 1130496K
  class space    used 11558K, capacity 12331K, committed 12416K, reserved 1048576K
}
Event: 423.586 GC heap after
{Heap after GC invocations=299 (full 0):
 garbage-first heap   total 119808K, used 112388K [0x00000000e0000000, 0x0000000100000000)
  region size 1024K, 1 young (1024K), 1 survivors (1024K)
 Metaspace       used 90719K, capacity 93187K, committed 93488K, reserved 1130496K
  class space    used 11558K, capacity 12331K, committed 12416K, reserved 1048576K
}
Event: 423.870 GC heap before
{Heap before GC invocations=300 (full 0):
 garbage-first heap   total 119808K, used 116484K [0x00000000e0000000, 0x0000000100000000)
  region size 1024K, 5 young (5120K), 1 survivors (1024K)
 Metaspace       used 91035K, capacity 93443K, committed 93488K, reserved 1130496K
  class space    used 11632K, capacity 12395K, committed 12416K, reserved 1048576K
}
Event: 423.877 GC heap after
{Heap after GC invocations=301 (full 0):
 garbage-first heap   total 119808K, used 112487K [0x00000000e0000000, 0x0000000100000000)
  region size 1024K, 1 young (1024K), 1 survivors (1024K)
 Metaspace       used 91035K, capacity 93443K, committed 93488K, reserved 1130496K
  class space    used 11632K, capacity 12395K, committed 12416K, reserved 1048576K
}
Event: 424.233 GC heap before
{Heap before GC invocations=301 (full 0):
 garbage-first heap   total 119808K, used 116583K [0x00000000e0000000, 0x0000000100000000)
  region size 1024K, 5 young (5120K), 1 survivors (1024K)
 Metaspace       used 91401K, capacity 93893K, committed 94128K, reserved 1130496K
  class space    used 11681K, capacity 12473K, committed 12544K, reserved 1048576K
}
Event: 424.242 GC heap after
{Heap after GC invocations=302 (full 0):
 garbage-first heap   total 119808K, used 112832K [0x00000000e0000000, 0x0000000100000000)
  region size 1024K, 1 young (1024K), 1 survivors (1024K)
 Metaspace       used 91401K, capacity 93893K, committed 94128K, reserved 1130496K
  class space    used 11681K, capacity 12473K, committed 12544K, reserved 1048576K
}
Event: 424.684 GC heap before
{Heap before GC invocations=302 (full 0):
 garbage-first heap   total 119808K, used 116928K [0x00000000e0000000, 0x0000000100000000)
  region size 1024K, 5 young (5120K), 1 survivors (1024K)
 Metaspace       used 91797K, capacity 94353K, committed 94384K, reserved 1130496K
  class space    used 11738K, capacity 12539K, committed 12544K, reserved 1048576K
}
Event: 424.695 GC heap after
{Heap after GC invocations=303 (full 0):
 garbage-first heap   total 119808K, used 113103K [0x00000000e0000000, 0x0000000100000000)
  region size 1024K, 1 young (1024K), 1 survivors (1024K)
 Metaspace       used 91797K, capacity 94353K, committed 94384K, reserved 1130496K
  class space    used 11738K, capacity 12539K, committed 12544K, reserved 1048576K
}
Event: 425.460 GC heap before
{Heap before GC invocations=304 (full 0):
 garbage-first heap   total 119808K, used 117199K [0x00000000e0000000, 0x0000000100000000)
  region size 1024K, 5 young (5120K), 1 survivors (1024K)
 Metaspace       used 93196K, capacity 95670K, committed 95920K, reserved 1132544K
  class space    used 11896K, capacity 12680K, committed 12800K, reserved 1048576K
}
Event: 425.467 GC heap after
{Heap after GC invocations=305 (full 0):
 garbage-first heap   total 119808K, used 113415K [0x00000000e0000000, 0x0000000100000000)
  region size 1024K, 1 young (1024K), 1 survivors (1024K)
 Metaspace       used 93196K, capacity 95670K, committed 95920K, reserved 1132544K
  class space    used 11896K, capacity 12680K, committed 12800K, reserved 1048576K
}
Event: 425.975 GC heap before
{Heap before GC invocations=305 (full 0):
 garbage-first heap   total 119808K, used 117511K [0x00000000e0000000, 0x0000000100000000)
  region size 1024K, 5 young (5120K), 1 survivors (1024K)
 Metaspace       used 93651K, capacity 96088K, committed 96176K, reserved 1132544K
  class space    used 11960K, capacity 12753K, committed 12800K, reserved 1048576K
}
Event: 425.981 GC heap after
{Heap after GC invocations=306 (full 0):
 garbage-first heap   total 119808K, used 113570K [0x00000000e0000000, 0x0000000100000000)
  region size 1024K, 1 young (1024K), 1 survivors (1024K)
 Metaspace       used 93651K, capacity 96088K, committed 96176K, reserved 1132544K
  class space    used 11960K, capacity 12753K, committed 12800K, reserved 1048576K
}
Event: 427.060 GC heap before
{Heap before GC invocations=307 (full 0):
 garbage-first heap   total 119808K, used 117666K [0x00000000e0000000, 0x0000000100000000)
  region size 1024K, 5 young (5120K), 1 survivors (1024K)
 Metaspace       used 94076K, capacity 96577K, committed 96816K, reserved 1132544K
  class space    used 12038K, capacity 12852K, committed 12928K, reserved 1048576K
}
Event: 427.070 GC heap after
{Heap after GC invocations=308 (full 0):
 garbage-first heap   total 119808K, used 113841K [0x00000000e0000000, 0x0000000100000000)
  region size 1024K, 1 young (1024K), 1 survivors (1024K)
 Metaspace       used 94076K, capacity 96577K, committed 96816K, reserved 1132544K
  class space    used 12038K, capacity 12852K, committed 12928K, reserved 1048576K
}
Event: 427.520 GC heap before
{Heap before GC invocations=308 (full 0):
 garbage-first heap   total 119808K, used 116913K [0x00000000e0000000, 0x0000000100000000)
  region size 1024K, 5 young (5120K), 1 survivors (1024K)
 Metaspace       used 94674K, capacity 97153K, committed 97328K, reserved 1134592K
  class space    used 12093K, capacity 12916K, committed 12928K, reserved 1048576K
}
Event: 427.531 GC heap after
{Heap after GC invocations=309 (full 0):
 garbage-first heap   total 120832K, used 113646K [0x00000000e0000000, 0x0000000100000000)
  region size 1024K, 1 young (1024K), 1 survivors (1024K)
 Metaspace       used 94674K, capacity 97153K, committed 97328K, reserved 1134592K
  class space    used 12093K, capacity 12916K, committed 12928K, reserved 1048576K
}

Deoptimization events (20 events):
Event: 425.081 Thread 0x000001c2c9eae800 DEOPT PACKING pc=0x000001c2b5b3f063 sp=0x0000008d8aef95b0
Event: 425.081 Thread 0x000001c2c9eae800 DEOPT UNPACKING pc=0x000001c2b481643f sp=0x0000008d8aef8a60 mode 0
Event: 425.081 Thread 0x000001c2c9eae800 DEOPT PACKING pc=0x000001c2b5b3f063 sp=0x0000008d8aef95b0
Event: 425.081 Thread 0x000001c2c9eae800 DEOPT UNPACKING pc=0x000001c2b481643f sp=0x0000008d8aef8a60 mode 0
Event: 425.081 Thread 0x000001c2c9eae800 DEOPT PACKING pc=0x000001c2b5b3f063 sp=0x0000008d8aef95b0
Event: 425.081 Thread 0x000001c2c9eae800 DEOPT UNPACKING pc=0x000001c2b481643f sp=0x0000008d8aef8a60 mode 0
Event: 425.098 Thread 0x000001c2c9eae800 Uncommon trap: trap_request=0xffffff4d fr.pc=0x000001c2bc44d5b8 relative=0x0000000000000078
Event: 425.098 Thread 0x000001c2c9eae800 Uncommon trap: reason=unstable_if action=reinterpret pc=0x000001c2bc44d5b8 method=java.util.regex.Matcher.find()Z @ 10 c2
Event: 425.098 Thread 0x000001c2c9eae800 DEOPT PACKING pc=0x000001c2bc44d5b8 sp=0x0000008d8aef9820
Event: 425.098 Thread 0x000001c2c9eae800 DEOPT UNPACKING pc=0x000001c2b4816029 sp=0x0000008d8aef97a0 mode 2
Event: 425.134 Thread 0x000001c2c9eae800 Uncommon trap: trap_request=0xffffff4d fr.pc=0x000001c2bc6b85b8 relative=0x0000000000000258
Event: 425.134 Thread 0x000001c2c9eae800 Uncommon trap: reason=unstable_if action=reinterpret pc=0x000001c2bc6b85b8 method=java.lang.CharacterDataLatin1.digit(II)I @ 12 c2
Event: 425.134 Thread 0x000001c2c9eae800 DEOPT PACKING pc=0x000001c2bc6b85b8 sp=0x0000008d8aef9bf0
Event: 425.134 Thread 0x000001c2c9eae800 DEOPT UNPACKING pc=0x000001c2b4816029 sp=0x0000008d8aef9a10 mode 2
Event: 425.468 Thread 0x000001c2c7a68800 Uncommon trap: trap_request=0xffffff4d fr.pc=0x000001c2bc833af8 relative=0x0000000000000738
Event: 425.468 Thread 0x000001c2c7a68800 Uncommon trap: reason=unstable_if action=reinterpret pc=0x000001c2bc833af8 method=java.lang.ThreadLocal.remove()V @ 9 c2
Event: 425.468 Thread 0x000001c2c7a68800 DEOPT PACKING pc=0x000001c2bc833af8 sp=0x0000008d89fff270
Event: 425.468 Thread 0x000001c2c7a68800 DEOPT UNPACKING pc=0x000001c2b4816029 sp=0x0000008d89fff248 mode 2
Event: 425.573 Thread 0x000001c2c9eae800 DEOPT PACKING pc=0x000001c2b597d38e sp=0x0000008d8aefa2d0
Event: 425.573 Thread 0x000001c2c9eae800 DEOPT UNPACKING pc=0x000001c2b481643f sp=0x0000008d8aef9818 mode 0

Classes redefined (0 events):
No events

Internal exceptions (20 events):
Event: 419.883 Thread 0x000001c2c9eae800 Exception <a 'java/lang/ClassNotFoundException'{0x00000000e6c38670}: org/gradle/api/tasks/SourceSetCustomizer> (0x00000000e6c38670) thrown at [./src/hotspot/share/classfile/systemDictionary.cpp, line 231]
Event: 419.891 Thread 0x000001c2c9eae800 Exception <a 'java/lang/ClassNotFoundException'{0x00000000e6cb45a8}: java/util/LinkedHashMapBeanInfo> (0x00000000e6cb45a8) thrown at [./src/hotspot/share/classfile/systemDictionary.cpp, line 231]
Event: 419.906 Thread 0x000001c2c9eae800 Exception <a 'java/lang/ClassNotFoundException'{0x00000000e6cbda88}: java/util/HashMapBeanInfo> (0x00000000e6cbda88) thrown at [./src/hotspot/share/classfile/systemDictionary.cpp, line 231]
Event: 419.907 Thread 0x000001c2c9eae800 Exception <a 'java/lang/ClassNotFoundException'{0x00000000e6cc7540}: java/util/AbstractMapBeanInfo> (0x00000000e6cc7540) thrown at [./src/hotspot/share/classfile/systemDictionary.cpp, line 231]
Event: 419.908 Thread 0x000001c2c9eae800 Exception <a 'java/lang/ClassNotFoundException'{0x00000000e6cd1328}: java/util/AbstractMapCustomizer> (0x00000000e6cd1328) thrown at [./src/hotspot/share/classfile/systemDictionary.cpp, line 231]
Event: 419.913 Thread 0x000001c2c9eae800 Exception <a 'java/lang/ClassNotFoundException'{0x00000000e6ce4c48}: java/util/HashMapCustomizer> (0x00000000e6ce4c48) thrown at [./src/hotspot/share/classfile/systemDictionary.cpp, line 231]
Event: 419.917 Thread 0x000001c2c9eae800 Exception <a 'java/lang/ClassNotFoundException'{0x00000000e6906d38}: java/util/LinkedHashMapCustomizer> (0x00000000e6906d38) thrown at [./src/hotspot/share/classfile/systemDictionary.cpp, line 231]
Event: 420.032 Thread 0x000001c2c9eae800 Implicit null exception at 0x000001c2bc4d674e to 0x000001c2bc4d6cf0
Event: 420.039 Thread 0x000001c2c9eae800 Implicit null exception at 0x000001c2bc4c88a0 to 0x000001c2bc4cb130
Event: 420.995 Thread 0x000001c2c9eae800 Exception <a 'java/lang/NoSuchMethodError'{0x00000000e6c56b38}: 'java.lang.Object java.lang.invoke.Invokers$Holder.linkToTargetMethod(java.lang.Object, java.lang.Object, java.lang.Object, java.lang.Object, java.lang.Object, java.lang.Object, java.lang.Object)'> (0x00000000e6c56b38) thrown at [./src/hotspot/share/interpreter/linkResolver.cpp, line 773]
Event: 422.749 Thread 0x000001c2c9eae800 Exception <a 'sun/nio/fs/WindowsException'{0x00000000e6c368a0}> (0x00000000e6c368a0) thrown at [./src/hotspot/share/prims/jni.cpp, line 615]
Event: 422.750 Thread 0x000001c2c9eae800 Exception <a 'sun/nio/fs/WindowsException'{0x00000000e6c36e68}> (0x00000000e6c36e68) thrown at [./src/hotspot/share/prims/jni.cpp, line 615]
Event: 423.414 Thread 0x000001c2c9eae800 Exception <a 'java/lang/NullPointerException'{0x00000000e6c236d0}> (0x00000000e6c236d0) thrown at [./src/hotspot/share/interpreter/linkResolver.cpp, line 1440]
Event: 423.924 Thread 0x000001c2c9eae800 Implicit null exception at 0x000001c2bc83a011 to 0x000001c2bc83a644
Event: 424.830 Thread 0x000001c2c9eae800 Exception <a 'java/lang/NoSuchMethodError'{0x00000000e6e47b48}: 'int java.lang.invoke.DirectMethodHandle$Holder.invokeStatic(java.lang.Object, java.lang.Object, int, java.lang.Object)'> (0x00000000e6e47b48) thrown at [./src/hotspot/share/interpreter/linkResolver.cpp, line 773]
Event: 425.187 Thread 0x000001c2c9eae800 Exception <a 'sun/nio/fs/WindowsException'{0x00000000e6c80660}> (0x00000000e6c80660) thrown at [./src/hotspot/share/prims/jni.cpp, line 615]
Event: 425.188 Thread 0x000001c2c9eae800 Exception <a 'sun/nio/fs/WindowsException'{0x00000000e6c819d8}> (0x00000000e6c819d8) thrown at [./src/hotspot/share/prims/jni.cpp, line 615]
Event: 425.188 Thread 0x000001c2c9eae800 Exception <a 'sun/nio/fs/WindowsException'{0x00000000e6c82da0}> (0x00000000e6c82da0) thrown at [./src/hotspot/share/prims/jni.cpp, line 615]
Event: 425.189 Thread 0x000001c2c9eae800 Exception <a 'sun/nio/fs/WindowsException'{0x00000000e6c84168}> (0x00000000e6c84168) thrown at [./src/hotspot/share/prims/jni.cpp, line 615]
Event: 425.468 Thread 0x000001c2c7a68800 Implicit null exception at 0x000001c2bc83340d to 0x000001c2bc833ae4

Events (20 events):
Event: 427.619 loading class com/android/tools/idea/gradle/model/IdeProductFlavorContainer
Event: 427.619 loading class com/android/tools/idea/gradle/model/IdeProductFlavorContainer done
Event: 427.647 loading class com/android/tools/idea/gradle/model/impl/IdeBuildTypeImpl
Event: 427.647 loading class com/android/tools/idea/gradle/model/impl/IdeBuildTypeImpl done
Event: 427.649 loading class com/android/tools/idea/gradle/model/IdeBuildType
Event: 427.649 loading class com/android/tools/idea/gradle/model/IdeBuildType done
Event: 427.664 loading class com/android/tools/idea/gradle/model/impl/IdeBuildTypeContainerImpl
Event: 427.664 loading class com/android/tools/idea/gradle/model/impl/IdeBuildTypeContainerImpl done
Event: 427.668 loading class com/android/tools/idea/gradle/model/IdeBuildTypeContainer
Event: 427.668 loading class com/android/tools/idea/gradle/model/IdeBuildTypeContainer done
Event: 427.695 loading class com/android/tools/idea/gradle/model/impl/IdeSigningConfigImpl
Event: 427.695 loading class com/android/tools/idea/gradle/model/impl/IdeSigningConfigImpl done
Event: 427.696 loading class com/android/tools/idea/gradle/model/IdeSigningConfig
Event: 427.696 loading class com/android/tools/idea/gradle/model/IdeSigningConfig done
Event: 427.705 loading class com/android/builder/model/LintOptions$Companion
Event: 427.705 loading class com/android/builder/model/LintOptions$Companion done
Event: 427.709 loading class kotlin/collections/EmptySet
Event: 427.709 loading class kotlin/collections/EmptySet done
Event: 427.713 loading class com/google/common/collect/RegularImmutableSet
Event: 427.713 loading class com/google/common/collect/RegularImmutableSet done


Dynamic libraries:
0x00007ff600020000 - 0x00007ff60002a000 	C:\Users\felip\OneDrive\Desktop\android-studio\jre\bin\java.exe
0x00007ff9eee70000 - 0x00007ff9ef065000 	C:\Windows\SYSTEM32\ntdll.dll
0x00007ff9e0a50000 - 0x00007ff9e0a66000 	C:\Program Files\Avast Software\Avast\aswhook.dll
0x00007ff9ecec0000 - 0x00007ff9ecf7e000 	C:\Windows\System32\KERNEL32.DLL
0x00007ff9ec870000 - 0x00007ff9ecb38000 	C:\Windows\System32\KERNELBASE.dll
0x00007ff9ec6d0000 - 0x00007ff9ec7d0000 	C:\Windows\System32\ucrtbase.dll
0x00007ff9e54b0000 - 0x00007ff9e54c9000 	C:\Users\felip\OneDrive\Desktop\android-studio\jre\bin\jli.dll
0x00007ff9eec80000 - 0x00007ff9eee21000 	C:\Windows\System32\USER32.dll
0x00007ff9ece90000 - 0x00007ff9eceb2000 	C:\Windows\System32\win32u.dll
0x00007ff9ee350000 - 0x00007ff9ee37b000 	C:\Windows\System32\GDI32.dll
0x00007ff9ecd00000 - 0x00007ff9ece0b000 	C:\Windows\System32\gdi32full.dll
0x00007ff9ec7d0000 - 0x00007ff9ec86d000 	C:\Windows\System32\msvcp_win.dll
0x00007ff9e4d00000 - 0x00007ff9e4d17000 	C:\Users\felip\OneDrive\Desktop\android-studio\jre\bin\VCRUNTIME140.dll
0x00007ff9e0400000 - 0x00007ff9e069a000 	C:\Windows\WinSxS\amd64_microsoft.windows.common-controls_6595b64144ccf1df_6.0.19041.1110_none_60b5254171f9507e\COMCTL32.dll
0x00007ff9ed270000 - 0x00007ff9ed30e000 	C:\Windows\System32\msvcrt.dll
0x00007ff9ed690000 - 0x00007ff9ed6c0000 	C:\Windows\System32\IMM32.DLL
0x00007ff9cbb00000 - 0x00007ff9cbb9d000 	C:\Users\felip\OneDrive\Desktop\android-studio\jre\bin\msvcp140.dll
0x00007ff9c37f0000 - 0x00007ff9c42c5000 	C:\Users\felip\OneDrive\Desktop\android-studio\jre\bin\server\jvm.dll
0x00007ff9ee600000 - 0x00007ff9ee6ac000 	C:\Windows\System32\ADVAPI32.dll
0x00007ff9ed6c0000 - 0x00007ff9ed75b000 	C:\Windows\System32\sechost.dll
0x00007ff9edec0000 - 0x00007ff9edfea000 	C:\Windows\System32\RPCRT4.dll
0x00007ff9ee740000 - 0x00007ff9ee748000 	C:\Windows\System32\PSAPI.DLL
0x00007ff9ddaf0000 - 0x00007ff9ddaf9000 	C:\Windows\SYSTEM32\WSOCK32.dll
0x00007ff9ee440000 - 0x00007ff9ee4ab000 	C:\Windows\System32\WS2_32.dll
0x00007ff9d4c70000 - 0x00007ff9d4c97000 	C:\Windows\SYSTEM32\WINMM.dll
0x00007ff9e0a70000 - 0x00007ff9e0a7a000 	C:\Windows\SYSTEM32\VERSION.dll
0x00007ff9ea3b0000 - 0x00007ff9ea3c2000 	C:\Windows\SYSTEM32\kernel.appcore.dll
0x00007ff9e80f0000 - 0x00007ff9e8101000 	C:\Users\felip\OneDrive\Desktop\android-studio\jre\bin\verify.dll
0x00007ff9e0860000 - 0x00007ff9e0a44000 	C:\Windows\SYSTEM32\DBGHELP.DLL
0x00007ff9e0830000 - 0x00007ff9e085c000 	C:\Windows\SYSTEM32\dbgcore.DLL
0x00007ff9ec590000 - 0x00007ff9ec613000 	C:\Windows\System32\bcryptPrimitives.dll
0x00007ff9e7220000 - 0x00007ff9e7249000 	C:\Users\felip\OneDrive\Desktop\android-studio\jre\bin\java.dll
0x00007ff9e9e70000 - 0x00007ff9e9e7b000 	C:\Users\felip\OneDrive\Desktop\android-studio\jre\bin\jimage.dll
0x00007ff9e8010000 - 0x00007ff9e8028000 	C:\Users\felip\OneDrive\Desktop\android-studio\jre\bin\zip.dll
0x00007ff9ed760000 - 0x00007ff9ede9f000 	C:\Windows\System32\SHELL32.dll
0x00007ff9ea690000 - 0x00007ff9eae20000 	C:\Windows\SYSTEM32\windows.storage.dll
0x00007ff9edff0000 - 0x00007ff9ee345000 	C:\Windows\System32\combase.dll
0x00007ff9ebf10000 - 0x00007ff9ebf3e000 	C:\Windows\SYSTEM32\Wldp.dll
0x00007ff9ee750000 - 0x00007ff9ee7fd000 	C:\Windows\System32\SHCORE.dll
0x00007ff9ed130000 - 0x00007ff9ed185000 	C:\Windows\System32\shlwapi.dll
0x00007ff9ec4d0000 - 0x00007ff9ec4ef000 	C:\Windows\SYSTEM32\profapi.dll
0x00007ff9e75b0000 - 0x00007ff9e75ca000 	C:\Users\felip\OneDrive\Desktop\android-studio\jre\bin\net.dll
0x00007ff9e37b0000 - 0x00007ff9e38bc000 	C:\Windows\SYSTEM32\WINHTTP.dll
0x00007ff9ebc70000 - 0x00007ff9ebcda000 	C:\Windows\system32\mswsock.dll
0x00007ff9e7320000 - 0x00007ff9e7334000 	C:\Users\felip\OneDrive\Desktop\android-studio\jre\bin\nio.dll
0x00007ff9e5750000 - 0x00007ff9e5777000 	C:\Users\felip\.gradle\native\8bec1ad78214c89d9ad589b4d07fe93259594b29d510b10fafb7a158f7737e5d\windows-amd64\native-platform.dll
0x00007ff9ce800000 - 0x00007ff9ce93d000 	C:\Users\felip\.gradle\native\53dbd7edfb1c66fb8903c78663c9afc45aea4f116125fa6feffd364cf09443e8\windows-amd64\native-platform-file-events.dll
0x00007ff9e82f0000 - 0x00007ff9e82fa000 	C:\Users\felip\OneDrive\Desktop\android-studio\jre\bin\management.dll
0x00007ff9e7f80000 - 0x00007ff9e7f8d000 	C:\Users\felip\OneDrive\Desktop\android-studio\jre\bin\management_ext.dll
0x00007ff9ebe70000 - 0x00007ff9ebe88000 	C:\Windows\SYSTEM32\CRYPTSP.dll
0x00007ff9eb5f0000 - 0x00007ff9eb624000 	C:\Windows\system32\rsaenh.dll
0x00007ff9ece60000 - 0x00007ff9ece87000 	C:\Windows\System32\bcrypt.dll
0x00007ff9ec450000 - 0x00007ff9ec47e000 	C:\Windows\SYSTEM32\USERENV.dll
0x00007ff9ebe60000 - 0x00007ff9ebe6c000 	C:\Windows\SYSTEM32\CRYPTBASE.dll
0x00007ff9eb960000 - 0x00007ff9eb99b000 	C:\Windows\SYSTEM32\IPHLPAPI.DLL
0x00007ff9ee380000 - 0x00007ff9ee388000 	C:\Windows\System32\NSI.dll
0x00007ff9e6bc0000 - 0x00007ff9e6bd7000 	C:\Windows\SYSTEM32\dhcpcsvc6.DLL
0x00007ff9e5c80000 - 0x00007ff9e5c9d000 	C:\Windows\SYSTEM32\dhcpcsvc.DLL
0x00007ff9eb9a0000 - 0x00007ff9eba6b000 	C:\Windows\SYSTEM32\DNSAPI.dll

dbghelp: loaded successfully - version: 4.0.5 - missing functions: none
symbol engine: initialized successfully - sym options: 0x614 - pdb path: .;C:\Users\felip\OneDrive\Desktop\android-studio\jre\bin;C:\Windows\SYSTEM32;C:\Program Files\Avast Software\Avast;C:\Windows\WinSxS\amd64_microsoft.windows.common-controls_6595b64144ccf1df_6.0.19041.1110_none_60b5254171f9507e;C:\Users\felip\OneDrive\Desktop\android-studio\jre\bin\server;C:\Users\felip\.gradle\native\8bec1ad78214c89d9ad589b4d07fe93259594b29d510b10fafb7a158f7737e5d\windows-amd64;C:\Users\felip\.gradle\native\53dbd7edfb1c66fb8903c78663c9afc45aea4f116125fa6feffd364cf09443e8\windows-amd64

VM Arguments:
jvm_args: --add-opens=java.base/java.util=ALL-UNNAMED --add-opens=java.base/java.lang=ALL-UNNAMED --add-opens=java.base/java.lang.invoke=ALL-UNNAMED --add-opens=java.base/java.util=ALL-UNNAMED --add-opens=java.prefs/java.util.prefs=ALL-UNNAMED --add-opens=java.prefs/java.util.prefs=ALL-UNNAMED --add-opens=java.base/java.nio.charset=ALL-UNNAMED --add-opens=java.base/java.net=ALL-UNNAMED --add-opens=java.base/java.util.concurrent.atomic=ALL-UNNAMED -Xmx512m -Dfile.encoding=UTF-8 -Duser.country=US -Duser.language=en -Duser.variant 
java_command: org.gradle.launcher.daemon.bootstrap.GradleDaemon 7.0.2
java_class_path (initial): C:\Users\felip\.gradle\wrapper\dists\gradle-7.0.2-bin\857tjihv64xamwrf0h14cai3r\gradle-7.0.2\lib\gradle-launcher-7.0.2.jar
Launcher Type: SUN_STANDARD

[Global flags]
     intx CICompilerCount                          = 2                                         {product} {ergonomic}
     uint ConcGCThreads                            = 1                                         {product} {ergonomic}
     uint G1ConcRefinementThreads                  = 2                                         {product} {ergonomic}
   size_t G1HeapRegionSize                         = 1048576                                   {product} {ergonomic}
    uintx GCDrainStackTargetSize                   = 64                                        {product} {ergonomic}
   size_t InitialHeapSize                          = 67108864                                  {product} {ergonomic}
   size_t MarkStackSize                            = 4194304                                   {product} {ergonomic}
   size_t MaxHeapSize                              = 536870912                                 {product} {command line}
   size_t MaxNewSize                               = 321912832                                 {product} {ergonomic}
   size_t MinHeapDeltaBytes                        = 1048576                                   {product} {ergonomic}
    uintx NonNMethodCodeHeapSize                   = 5825164                                {pd product} {ergonomic}
    uintx NonProfiledCodeHeapSize                  = 122916538                              {pd product} {ergonomic}
    uintx ProfiledCodeHeapSize                     = 122916538                              {pd product} {ergonomic}
    uintx ReservedCodeCacheSize                    = 251658240                              {pd product} {ergonomic}
     bool SegmentedCodeCache                       = true                                      {product} {ergonomic}
     bool UseCompressedClassPointers               = true                                 {lp64_product} {ergonomic}
     bool UseCompressedOops                        = true                                 {lp64_product} {ergonomic}
     bool UseG1GC                                  = true                                      {product} {ergonomic}
     bool UseLargePagesIndividualAllocation        = false                                  {pd product} {ergonomic}

Logging:
Log output configuration:
 #0: stdout all=warning uptime,level,tags
 #1: stderr all=off uptime,level,tags

Environment Variables:
PATH=C:\Program Files\Common Files\Oracle\Java\javapath;C:\Program Files (x86)\Common Files\Oracle\Java\javapath;C:\Windows\system32;C:\Windows;C:\Windows\System32\Wbem;C:\Windows\System32\WindowsPowerShell\v1.0\;C:\Windows\System32\OpenSSH\;C:\ProgramData\chocolatey\bin;C:\Program Files (x86)\Yarn\bin\;C:\Program Files\Git\cmd;C:\Program Files\nodejs\;C:\Users\felip\AppData\Local\Microsoft\WindowsApps;C:\Users\felip\AppData\Local\Programs\Microsoft VS Code\bin;C:\Users\felip\AppData\Local\Yarn\bin;C:\Users\felip\AppData\Local\GitHubDesktop\bin;C:\Users\felip\AppData\Roaming\npm
USERNAME=felip
OS=Windows_NT
PROCESSOR_IDENTIFIER=Intel64 Family 6 Model 23 Stepping 10, GenuineIntel



---------------  S Y S T E M  ---------------

OS: Windows 10 , 64 bit Build 19041 (10.0.19041.1348)
OS uptime: 4 days 23:01 hours

CPU:total 2 (initial active 2) (2 cores per cpu, 1 threads per core) family 6 model 23 stepping 10 microcode 0xa0c, cmov, cx8, fxsr, mmx, sse, sse2, sse3, ssse3, tsc

Memory: 4k page, system-wide physical 4061M (36M free)
TotalPageFile size 4061M (AvailPageFile size 4M)
current process WorkingSet (physical memory assigned to process): 287M, peak: 307M
current process commit charge ("private bytes"): 390M, peak: 391M

vm_info: OpenJDK 64-Bit Server VM (11.0.11+9-b60-7590822) for windows-amd64 JRE (11.0.11+9-b60-7590822), built on Jul 29 2021 21:43:44 by "builder" with MS VC++ 14.0 (VS2015)

END.
