#
# There is insufficient memory for the Java Runtime Environment to continue.
# Native memory allocation (malloc) failed to allocate 32744 bytes for ChunkPool::allocate
# Possible reasons:
#   The system is out of physical RAM or swap space
#   The process is running with CompressedOops enabled, and the Java Heap may be blocking the growth of the native heap
# Possible solutions:
#   Reduce memory load on the system
#   Increase physical memory or swap space
#   Check if swap backing store is full
#   Decrease Java heap size (-Xmx/-Xms)
#   Decrease number of Java threads
#   Decrease Java thread stack sizes (-Xss)
#   Set larger code cache with -XX:ReservedCodeCacheSize=
#   JVM is running with Unscaled Compressed Oops mode in which the Java heap is
#     placed in the first 4GB address space. The Java Heap base address is the
#     maximum limit for the native heap growth. Please use -XX:HeapBaseMinAddress
#     to set the Java Heap base and to place the Java Heap above 4GB virtual address.
# This output file may be truncated or incomplete.
#
#  Out of Memory Error (./src/hotspot/share/memory/arena.cpp:81), pid=1616, tid=4144
#
# JRE version: OpenJDK Runtime Environment (11.0.11+9) (build 11.0.11+9-b60-7590822)
# Java VM: OpenJDK 64-Bit Server VM (11.0.11+9-b60-7590822, mixed mode, tiered, compressed oops, g1 gc, windows-amd64)
# No core dump will be written. Minidumps are not enabled by default on client versions of Windows
#

---------------  S U M M A R Y ------------

Command Line: --add-opens=java.base/java.util=ALL-UNNAMED --add-opens=java.base/java.lang=ALL-UNNAMED --add-opens=java.base/java.lang.invoke=ALL-UNNAMED --add-opens=java.base/java.util=ALL-UNNAMED --add-opens=java.prefs/java.util.prefs=ALL-UNNAMED --add-opens=java.prefs/java.util.prefs=ALL-UNNAMED --add-opens=java.base/java.nio.charset=ALL-UNNAMED --add-opens=java.base/java.net=ALL-UNNAMED --add-opens=java.base/java.util.concurrent.atomic=ALL-UNNAMED -Xmx512m -Dfile.encoding=UTF-8 -Duser.country=US -Duser.language=en -Duser.variant org.gradle.launcher.daemon.bootstrap.GradleDaemon 7.0.2

Host: Celeron(R) Dual-Core CPU       T3500  @ 2.10GHz, 2 cores, 3G,  Windows 10 , 64 bit Build 19041 (10.0.19041.1348)
Time: Fri Dec  3 14:14:18 2021 E. South America Standard Time elapsed time: 220.374100 seconds (0d 0h 3m 40s)

---------------  T H R E A D  ---------------

Current thread (0x0000020ddc9b2800):  JavaThread "C2 CompilerThread0" daemon [_thread_in_native, id=4144, stack(0x000000576a100000,0x000000576a200000)]


Current CompileTask:
C2: 220374 14583 %     4       com.android.tools.r8.ir.regalloc.a::a @ 1405 (3985 bytes)

Stack: [0x000000576a100000,0x000000576a200000]
Native frames: (J=compiled Java code, j=interpreted, Vv=VM code, C=native code)
V  [jvm.dll+0x5f214a]
V  [jvm.dll+0x726fb5]
V  [jvm.dll+0x7285cd]
V  [jvm.dll+0x728c83]
V  [jvm.dll+0x243278]
V  [jvm.dll+0xbc78b]
V  [jvm.dll+0xbca3c]
V  [jvm.dll+0x359796]
V  [jvm.dll+0x359011]
V  [jvm.dll+0x359054]
V  [jvm.dll+0x4ebeb4]
V  [jvm.dll+0x4ec8d9]
V  [jvm.dll+0x3218c2]
V  [jvm.dll+0x320d8a]
V  [jvm.dll+0x1fc1e2]
V  [jvm.dll+0x1fb3d4]
V  [jvm.dll+0x183d6c]
V  [jvm.dll+0x209a57]
V  [jvm.dll+0x2082a1]
V  [jvm.dll+0x6ef58f]
V  [jvm.dll+0x6e80b5]
V  [jvm.dll+0x5f1036]
C  [ucrtbase.dll+0x21bb2]
C  [KERNEL32.DLL+0x17034]
C  [ntdll.dll+0x52651]


---------------  P R O C E S S  ---------------

Threads class SMR info:
_java_thread_list=0x0000020de3a11e10, length=42, elements={
0x0000020dc62d2000, 0x0000020ddc948000, 0x0000020ddc952000, 0x0000020ddc9a4800,
0x0000020ddc9a5800, 0x0000020ddc9a8800, 0x0000020ddc9b2800, 0x0000020ddc9b4000,
0x0000020ddc9ee000, 0x0000020ddcb0e800, 0x0000020dddf48000, 0x0000020dddef0800,
0x0000020dde447800, 0x0000020dddad6800, 0x0000020ddd9d7800, 0x0000020dddfa2800,
0x0000020ddd9a5000, 0x0000020ddda07000, 0x0000020dddf44800, 0x0000020dddf45000,
0x0000020dddf46000, 0x0000020dddf43800, 0x0000020ddd811800, 0x0000020ddd818000,
0x0000020ddd813000, 0x0000020ddd817000, 0x0000020ddd814000, 0x0000020ddd814800,
0x0000020ddd812000, 0x0000020ddd81a800, 0x0000020ddd81b000, 0x0000020ddd815800,
0x0000020ddd81e800, 0x0000020ddd81d000, 0x0000020ddd81d800, 0x0000020ddd81f000,
0x0000020ddd820000, 0x0000020de1939800, 0x0000020de193b800, 0x0000020de193c000,
0x0000020de1938000, 0x0000020de193d000
}

Java Threads: ( => current thread )
  0x0000020dc62d2000 JavaThread "main" [_thread_blocked, id=8672, stack(0x0000005769500000,0x0000005769600000)]
  0x0000020ddc948000 JavaThread "Reference Handler" daemon [_thread_blocked, id=8912, stack(0x0000005769c00000,0x0000005769d00000)]
  0x0000020ddc952000 JavaThread "Finalizer" daemon [_thread_blocked, id=7032, stack(0x0000005769d00000,0x0000005769e00000)]
  0x0000020ddc9a4800 JavaThread "Signal Dispatcher" daemon [_thread_blocked, id=7208, stack(0x0000005769e00000,0x0000005769f00000)]
  0x0000020ddc9a5800 JavaThread "Attach Listener" daemon [_thread_blocked, id=3364, stack(0x0000005769f00000,0x000000576a000000)]
  0x0000020ddc9a8800 JavaThread "Service Thread" daemon [_thread_blocked, id=8788, stack(0x000000576a000000,0x000000576a100000)]
=>0x0000020ddc9b2800 JavaThread "C2 CompilerThread0" daemon [_thread_in_native, id=4144, stack(0x000000576a100000,0x000000576a200000)]
  0x0000020ddc9b4000 JavaThread "C1 CompilerThread0" daemon [_thread_in_native, id=2804, stack(0x000000576a200000,0x000000576a300000)]
  0x0000020ddc9ee000 JavaThread "Sweeper thread" daemon [_thread_blocked, id=6440, stack(0x000000576a300000,0x000000576a400000)]
  0x0000020ddcb0e800 JavaThread "Common-Cleaner" daemon [_thread_blocked, id=8768, stack(0x000000576a400000,0x000000576a500000)]
  0x0000020dddf48000 JavaThread "Daemon health stats" [_thread_blocked, id=6604, stack(0x000000576a700000,0x000000576a800000)]
  0x0000020dddef0800 JavaThread "Incoming local TCP Connector on port 1562" [_thread_in_native, id=7056, stack(0x000000576a800000,0x000000576a900000)]
  0x0000020dde447800 JavaThread "Daemon periodic checks" [_thread_blocked, id=8868, stack(0x000000576a900000,0x000000576aa00000)]
  0x0000020dddad6800 JavaThread "Daemon" [_thread_blocked, id=3820, stack(0x000000576aa00000,0x000000576ab00000)]
  0x0000020ddd9d7800 JavaThread "Handler for socket connection from /127.0.0.1:1562 to /127.0.0.1:1563" [_thread_in_native, id=4320, stack(0x000000576ab00000,0x000000576ac00000)]
  0x0000020dddfa2800 JavaThread "Cancel handler" [_thread_blocked, id=7616, stack(0x000000576ac00000,0x000000576ad00000)]
  0x0000020ddd9a5000 JavaThread "Daemon worker" [_thread_blocked, id=6008, stack(0x000000576ad00000,0x000000576ae00000)]
  0x0000020ddda07000 JavaThread "Asynchronous log dispatcher for DefaultDaemonConnection: socket connection from /127.0.0.1:1562 to /127.0.0.1:1563" [_thread_blocked, id=6016, stack(0x000000576ae00000,0x000000576af00000)]
  0x0000020dddf44800 JavaThread "Daemon client event forwarder" [_thread_blocked, id=5536, stack(0x000000576b000000,0x000000576b100000)]
  0x0000020dddf45000 JavaThread "Cache worker for file hash cache (C:\Users\felip\.gradle\caches\7.0.2\fileHashes)" [_thread_blocked, id=2332, stack(0x000000576b100000,0x000000576b200000)]
  0x0000020dddf46000 JavaThread "File lock request listener" [_thread_in_native, id=480, stack(0x000000576b200000,0x000000576b300000)]
  0x0000020dddf43800 JavaThread "Cache worker for journal cache (C:\Users\felip\.gradle\caches\journal-1)" [_thread_blocked, id=5744, stack(0x000000576b300000,0x000000576b400000)]
  0x0000020ddd811800 JavaThread "Cache worker for file hash cache (C:\Users\felip\AndroidStudioProjects\VideoApp\.gradle\7.0.2\fileHashes)" [_thread_blocked, id=5752, stack(0x000000576b400000,0x000000576b500000)]
  0x0000020ddd818000 JavaThread "File watcher server" daemon [_thread_in_native, id=3100, stack(0x000000576b500000,0x000000576b600000)]
  0x0000020ddd813000 JavaThread "File watcher consumer" daemon [_thread_blocked, id=1652, stack(0x000000576b600000,0x000000576b700000)]
  0x0000020ddd817000 JavaThread "Cache worker for checksums cache (C:\Users\felip\AndroidStudioProjects\VideoApp\.gradle\checksums)" [_thread_blocked, id=6968, stack(0x000000576b700000,0x000000576b800000)]
  0x0000020ddd814000 JavaThread "Cache worker for cache directory md-supplier (C:\Users\felip\.gradle\caches\7.0.2\md-supplier)" [_thread_blocked, id=5732, stack(0x000000576b800000,0x000000576b900000)]
  0x0000020ddd814800 JavaThread "Cache worker for cache directory md-rule (C:\Users\felip\.gradle\caches\7.0.2\md-rule)" [_thread_blocked, id=32, stack(0x000000576b900000,0x000000576ba00000)]
  0x0000020ddd812000 JavaThread "Cache worker for execution history cache (C:\Users\felip\.gradle\caches\7.0.2\executionHistory)" [_thread_blocked, id=7528, stack(0x000000576ba00000,0x000000576bb00000)]
  0x0000020ddd81a800 JavaThread "jar transforms" [_thread_blocked, id=6076, stack(0x000000576bb00000,0x000000576bc00000)]
  0x0000020ddd81b000 JavaThread "jar transforms Thread 2" [_thread_blocked, id=1136, stack(0x000000576bc00000,0x000000576bd00000)]
  0x0000020ddd815800 JavaThread "Cache worker for file content cache (C:\Users\felip\.gradle\caches\7.0.2\fileContent)" [_thread_blocked, id=5680, stack(0x000000576bd00000,0x000000576be00000)]
  0x0000020ddd81e800 JavaThread "Cache worker for dependencies-accessors (C:\Users\felip\AndroidStudioProjects\VideoApp\.gradle\7.0.2\dependencies-accessors)" [_thread_blocked, id=7328, stack(0x000000576be00000,0x000000576bf00000)]
  0x0000020ddd81d000 JavaThread "Cache worker for Build Output Cleanup Cache (C:\Users\felip\AndroidStudioProjects\VideoApp\.gradle\buildOutputCleanup)" [_thread_blocked, id=9116, stack(0x000000576bf00000,0x000000576c000000)]
  0x0000020ddd81d800 JavaThread "Build operations" [_thread_in_Java, id=2372, stack(0x000000576c200000,0x000000576c300000)]
  0x0000020ddd81f000 JavaThread "Build operations Thread 2" [_thread_in_Java, id=8072, stack(0x000000576c300000,0x000000576c400000)]
  0x0000020ddd820000 JavaThread "Memory manager" [_thread_blocked, id=8988, stack(0x0000005769200000,0x0000005769300000)]
  0x0000020de1939800 JavaThread "build event listener" [_thread_blocked, id=3540, stack(0x0000005769300000,0x0000005769400000)]
  0x0000020de193b800 JavaThread "build event listener" [_thread_blocked, id=672, stack(0x0000005769400000,0x0000005769500000)]
  0x0000020de193c000 JavaThread "Execution worker for ':'" [_thread_blocked, id=7156, stack(0x000000576af00000,0x000000576b000000)]
  0x0000020de1938000 JavaThread "Cache worker for execution history cache (C:\Users\felip\AndroidStudioProjects\VideoApp\.gradle\7.0.2\executionHistory)" [_thread_blocked, id=2252, stack(0x000000576c400000,0x000000576c500000)]
  0x0000020de193d000 JavaThread "WorkerExecutor Queue" [_thread_blocked, id=2036, stack(0x000000576c000000,0x000000576c100000)]

Other Threads:
  0x0000020ddc920800 VMThread "VM Thread" [stack: 0x0000005769b00000,0x0000005769c00000] [id=272]
  0x0000020ddcb4d800 WatcherThread [stack: 0x000000576a500000,0x000000576a600000] [id=6548]
  0x0000020dc62eb800 GCTaskThread "GC Thread#0" [stack: 0x0000005769600000,0x0000005769700000] [id=2652]
  0x0000020ddcc36000 GCTaskThread "GC Thread#1" [stack: 0x000000576a600000,0x000000576a700000] [id=4916]
  0x0000020dc62fd000 ConcurrentGCThread "G1 Main Marker" [stack: 0x0000005769700000,0x0000005769800000] [id=8468]
  0x0000020dc62fe000 ConcurrentGCThread "G1 Conc#0" [stack: 0x0000005769800000,0x0000005769900000] [id=6992]
  0x0000020dc634b000 ConcurrentGCThread "G1 Refine#0" [stack: 0x0000005769900000,0x0000005769a00000] [id=3252]
  0x0000020dc634c000 ConcurrentGCThread "G1 Young RemSet Sampling" [stack: 0x0000005769a00000,0x0000005769b00000] [id=8780]

Threads with active compile tasks:
C2 CompilerThread0 221340 14583 %     4       com.android.tools.r8.ir.regalloc.a::a @ 1405 (3985 bytes)
C1 CompilerThread0 221340 14626       2       com.android.tools.r8.ir.regalloc.a::h (7 bytes)

VM state:not at safepoint (normal execution)

VM Mutex/Monitor currently owned by a thread: None

Heap address: 0x00000000e0000000, size: 512 MB, Compressed Oops mode: 32-bit
Narrow klass base: 0x0000000000000000, Narrow klass shift: 3
Compressed class space size: 1073741824 Address: 0x0000000100000000

Heap:
 garbage-first heap   total 228352K, used 189398K [0x00000000e0000000, 0x0000000100000000)
  region size 1024K, 31 young (31744K), 3 survivors (3072K)
 Metaspace       used 100882K, capacity 103227K, committed 103420K, reserved 1138688K
  class space    used 12952K, capacity 13835K, committed 13952K, reserved 1048576K
Heap Regions: E=young(eden), S=young(survivor), O=old, HS=humongous(starts), HC=humongous(continues), CS=collection set, F=free, A=archive, TAMS=top-at-mark-start (previous, next)
|   0|0x00000000e0000000, 0x00000000e0100000, 0x00000000e0100000|100%| O|  |TAMS 0x00000000e0100000, 0x00000000e0000000| Untracked 
|   1|0x00000000e0100000, 0x00000000e0200000, 0x00000000e0200000|100%| O|  |TAMS 0x00000000e0200000, 0x00000000e0100000| Untracked 
|   2|0x00000000e0200000, 0x00000000e0300000, 0x00000000e0300000|100%| O|  |TAMS 0x00000000e0300000, 0x00000000e0200000| Untracked 
|   3|0x00000000e0300000, 0x00000000e0400000, 0x00000000e0400000|100%| O|  |TAMS 0x00000000e0400000, 0x00000000e0300000| Untracked 
|   4|0x00000000e0400000, 0x00000000e0500000, 0x00000000e0500000|100%|HS|  |TAMS 0x00000000e0500000, 0x00000000e0400000| Complete 
|   5|0x00000000e0500000, 0x00000000e0600000, 0x00000000e0600000|100%|HC|  |TAMS 0x00000000e0600000, 0x00000000e0500000| Complete 
|   6|0x00000000e0600000, 0x00000000e0700000, 0x00000000e0700000|100%|HC|  |TAMS 0x00000000e0700000, 0x00000000e0600000| Complete 
|   7|0x00000000e0700000, 0x00000000e0800000, 0x00000000e0800000|100%| O|  |TAMS 0x00000000e0800000, 0x00000000e0700000| Untracked 
|   8|0x00000000e0800000, 0x00000000e0900000, 0x00000000e0900000|100%| O|  |TAMS 0x00000000e0900000, 0x00000000e0800000| Untracked 
|   9|0x00000000e0900000, 0x00000000e0a00000, 0x00000000e0a00000|100%| O|  |TAMS 0x00000000e0a00000, 0x00000000e0900000| Untracked 
|  10|0x00000000e0a00000, 0x00000000e0b00000, 0x00000000e0b00000|100%| O|  |TAMS 0x00000000e0b00000, 0x00000000e0a00000| Untracked 
|  11|0x00000000e0b00000, 0x00000000e0c00000, 0x00000000e0c00000|100%| O|  |TAMS 0x00000000e0c00000, 0x00000000e0b00000| Untracked 
|  12|0x00000000e0c00000, 0x00000000e0d00000, 0x00000000e0d00000|100%| O|  |TAMS 0x00000000e0d00000, 0x00000000e0c00000| Untracked 
|  13|0x00000000e0d00000, 0x00000000e0e00000, 0x00000000e0e00000|100%| O|  |TAMS 0x00000000e0e00000, 0x00000000e0d00000| Untracked 
|  14|0x00000000e0e00000, 0x00000000e0f00000, 0x00000000e0f00000|100%| O|  |TAMS 0x00000000e0f00000, 0x00000000e0e00000| Untracked 
|  15|0x00000000e0f00000, 0x00000000e1000000, 0x00000000e1000000|100%| O|  |TAMS 0x00000000e1000000, 0x00000000e0f00000| Untracked 
|  16|0x00000000e1000000, 0x00000000e1100000, 0x00000000e1100000|100%| O|  |TAMS 0x00000000e1100000, 0x00000000e1000000| Untracked 
|  17|0x00000000e1100000, 0x00000000e1200000, 0x00000000e1200000|100%| O|  |TAMS 0x00000000e1200000, 0x00000000e1100000| Untracked 
|  18|0x00000000e1200000, 0x00000000e1300000, 0x00000000e1300000|100%| O|  |TAMS 0x00000000e1300000, 0x00000000e1200000| Untracked 
|  19|0x00000000e1300000, 0x00000000e1400000, 0x00000000e1400000|100%| O|  |TAMS 0x00000000e1400000, 0x00000000e1300000| Untracked 
|  20|0x00000000e1400000, 0x00000000e1500000, 0x00000000e1500000|100%| O|  |TAMS 0x00000000e1500000, 0x00000000e1400000| Untracked 
|  21|0x00000000e1500000, 0x00000000e1600000, 0x00000000e1600000|100%| O|  |TAMS 0x00000000e1600000, 0x00000000e1500000| Untracked 
|  22|0x00000000e1600000, 0x00000000e1700000, 0x00000000e1700000|100%| O|  |TAMS 0x00000000e1700000, 0x00000000e1600000| Untracked 
|  23|0x00000000e1700000, 0x00000000e1800000, 0x00000000e1800000|100%| O|  |TAMS 0x00000000e1800000, 0x00000000e1700000| Untracked 
|  24|0x00000000e1800000, 0x00000000e1900000, 0x00000000e1900000|100%| O|  |TAMS 0x00000000e1900000, 0x00000000e1800000| Untracked 
|  25|0x00000000e1900000, 0x00000000e1a00000, 0x00000000e1a00000|100%| O|  |TAMS 0x00000000e1a00000, 0x00000000e1900000| Untracked 
|  26|0x00000000e1a00000, 0x00000000e1b00000, 0x00000000e1b00000|100%| O|  |TAMS 0x00000000e1b00000, 0x00000000e1a00000| Untracked 
|  27|0x00000000e1b00000, 0x00000000e1c00000, 0x00000000e1c00000|100%| O|  |TAMS 0x00000000e1c00000, 0x00000000e1b00000| Untracked 
|  28|0x00000000e1c00000, 0x00000000e1d00000, 0x00000000e1d00000|100%| O|  |TAMS 0x00000000e1d00000, 0x00000000e1c00000| Untracked 
|  29|0x00000000e1d00000, 0x00000000e1e00000, 0x00000000e1e00000|100%| O|  |TAMS 0x00000000e1e00000, 0x00000000e1d00000| Untracked 
|  30|0x00000000e1e00000, 0x00000000e1f00000, 0x00000000e1f00000|100%| O|  |TAMS 0x00000000e1f00000, 0x00000000e1e00000| Untracked 
|  31|0x00000000e1f00000, 0x00000000e2000000, 0x00000000e2000000|100%|HS|  |TAMS 0x00000000e2000000, 0x00000000e1f00000| Complete 
|  32|0x00000000e2000000, 0x00000000e2100000, 0x00000000e2100000|100%|HS|  |TAMS 0x00000000e2100000, 0x00000000e2000000| Complete 
|  33|0x00000000e2100000, 0x00000000e2200000, 0x00000000e2200000|100%|HS|  |TAMS 0x00000000e2200000, 0x00000000e2100000| Complete 
|  34|0x00000000e2200000, 0x00000000e2300000, 0x00000000e2300000|100%| O|  |TAMS 0x00000000e2300000, 0x00000000e2200000| Untracked 
|  35|0x00000000e2300000, 0x00000000e2400000, 0x00000000e2400000|100%|HS|  |TAMS 0x00000000e2400000, 0x00000000e2300000| Complete 
|  36|0x00000000e2400000, 0x00000000e2500000, 0x00000000e2500000|100%|HC|  |TAMS 0x00000000e2500000, 0x00000000e2400000| Complete 
|  37|0x00000000e2500000, 0x00000000e2600000, 0x00000000e2600000|100%|HC|  |TAMS 0x00000000e2600000, 0x00000000e2500000| Complete 
|  38|0x00000000e2600000, 0x00000000e2700000, 0x00000000e2700000|100%| O|  |TAMS 0x00000000e2700000, 0x00000000e2600000| Untracked 
|  39|0x00000000e2700000, 0x00000000e2800000, 0x00000000e2800000|100%| O|  |TAMS 0x00000000e2800000, 0x00000000e2700000| Untracked 
|  40|0x00000000e2800000, 0x00000000e2900000, 0x00000000e2900000|100%| O|  |TAMS 0x00000000e2900000, 0x00000000e2800000| Untracked 
|  41|0x00000000e2900000, 0x00000000e2a00000, 0x00000000e2a00000|100%|HS|  |TAMS 0x00000000e2a00000, 0x00000000e2900000| Complete 
|  42|0x00000000e2a00000, 0x00000000e2b00000, 0x00000000e2b00000|100%|HC|  |TAMS 0x00000000e2b00000, 0x00000000e2a00000| Complete 
|  43|0x00000000e2b00000, 0x00000000e2c00000, 0x00000000e2c00000|100%| O|  |TAMS 0x00000000e2c00000, 0x00000000e2b00000| Untracked 
|  44|0x00000000e2c00000, 0x00000000e2d00000, 0x00000000e2d00000|100%| O|  |TAMS 0x00000000e2d00000, 0x00000000e2c00000| Untracked 
|  45|0x00000000e2d00000, 0x00000000e2e00000, 0x00000000e2e00000|100%| O|  |TAMS 0x00000000e2e00000, 0x00000000e2d00000| Untracked 
|  46|0x00000000e2e00000, 0x00000000e2f00000, 0x00000000e2f00000|100%| O|  |TAMS 0x00000000e2f00000, 0x00000000e2e00000| Untracked 
|  47|0x00000000e2f00000, 0x00000000e3000000, 0x00000000e3000000|100%| O|  |TAMS 0x00000000e3000000, 0x00000000e2f00000| Untracked 
|  48|0x00000000e3000000, 0x00000000e3100000, 0x00000000e3100000|100%| O|  |TAMS 0x00000000e3100000, 0x00000000e3000000| Untracked 
|  49|0x00000000e3100000, 0x00000000e3200000, 0x00000000e3200000|100%| O|  |TAMS 0x00000000e3200000, 0x00000000e3100000| Untracked 
|  50|0x00000000e3200000, 0x00000000e3300000, 0x00000000e3300000|100%| O|  |TAMS 0x00000000e3300000, 0x00000000e3200000| Untracked 
|  51|0x00000000e3300000, 0x00000000e3400000, 0x00000000e3400000|100%| O|  |TAMS 0x00000000e3300000, 0x00000000e3300000| Untracked 
|  52|0x00000000e3400000, 0x00000000e3500000, 0x00000000e3500000|100%| O|  |TAMS 0x00000000e3500000, 0x00000000e3400000| Untracked 
|  53|0x00000000e3500000, 0x00000000e3600000, 0x00000000e3600000|100%| O|  |TAMS 0x00000000e3600000, 0x00000000e3500000| Untracked 
|  54|0x00000000e3600000, 0x00000000e3700000, 0x00000000e3700000|100%| O|  |TAMS 0x00000000e3700000, 0x00000000e3600000| Untracked 
|  55|0x00000000e3700000, 0x00000000e3800000, 0x00000000e3800000|100%| O|  |TAMS 0x00000000e3800000, 0x00000000e3700000| Untracked 
|  56|0x00000000e3800000, 0x00000000e3900000, 0x00000000e3900000|100%| O|  |TAMS 0x00000000e3900000, 0x00000000e3800000| Untracked 
|  57|0x00000000e3900000, 0x00000000e3a00000, 0x00000000e3a00000|100%| O|  |TAMS 0x00000000e3a00000, 0x00000000e3900000| Untracked 
|  58|0x00000000e3a00000, 0x00000000e3b00000, 0x00000000e3b00000|100%| O|  |TAMS 0x00000000e3b00000, 0x00000000e3a00000| Untracked 
|  59|0x00000000e3b00000, 0x00000000e3c00000, 0x00000000e3c00000|100%| O|  |TAMS 0x00000000e3c00000, 0x00000000e3b00000| Untracked 
|  60|0x00000000e3c00000, 0x00000000e3d00000, 0x00000000e3d00000|100%| O|  |TAMS 0x00000000e3d00000, 0x00000000e3c00000| Untracked 
|  61|0x00000000e3d00000, 0x00000000e3e00000, 0x00000000e3e00000|100%| O|  |TAMS 0x00000000e3e00000, 0x00000000e3d00000| Untracked 
|  62|0x00000000e3e00000, 0x00000000e3f00000, 0x00000000e3f00000|100%| O|  |TAMS 0x00000000e3f00000, 0x00000000e3e00000| Untracked 
|  63|0x00000000e3f00000, 0x00000000e4000000, 0x00000000e4000000|100%| O|  |TAMS 0x00000000e4000000, 0x00000000e3f00000| Untracked 
|  64|0x00000000e4000000, 0x00000000e4100000, 0x00000000e4100000|100%| O|  |TAMS 0x00000000e4100000, 0x00000000e4000000| Untracked 
|  65|0x00000000e4100000, 0x00000000e4200000, 0x00000000e4200000|100%| O|  |TAMS 0x00000000e4200000, 0x00000000e4100000| Untracked 
|  66|0x00000000e4200000, 0x00000000e4300000, 0x00000000e4300000|100%| O|  |TAMS 0x00000000e4300000, 0x00000000e4200000| Untracked 
|  67|0x00000000e4300000, 0x00000000e4400000, 0x00000000e4400000|100%| O|  |TAMS 0x00000000e4400000, 0x00000000e4300000| Untracked 
|  68|0x00000000e4400000, 0x00000000e4500000, 0x00000000e4500000|100%| O|  |TAMS 0x00000000e4500000, 0x00000000e4400000| Untracked 
|  69|0x00000000e4500000, 0x00000000e4600000, 0x00000000e4600000|100%| O|  |TAMS 0x00000000e4600000, 0x00000000e4500000| Untracked 
|  70|0x00000000e4600000, 0x00000000e4700000, 0x00000000e4700000|100%| O|  |TAMS 0x00000000e4700000, 0x00000000e4600000| Untracked 
|  71|0x00000000e4700000, 0x00000000e4800000, 0x00000000e4800000|100%| O|  |TAMS 0x00000000e4800000, 0x00000000e4700000| Untracked 
|  72|0x00000000e4800000, 0x00000000e4900000, 0x00000000e4900000|100%| O|  |TAMS 0x00000000e4900000, 0x00000000e4800000| Untracked 
|  73|0x00000000e4900000, 0x00000000e4a00000, 0x00000000e4a00000|100%| O|  |TAMS 0x00000000e4a00000, 0x00000000e4900000| Untracked 
|  74|0x00000000e4a00000, 0x00000000e4b00000, 0x00000000e4b00000|100%| O|  |TAMS 0x00000000e4b00000, 0x00000000e4a00000| Untracked 
|  75|0x00000000e4b00000, 0x00000000e4c00000, 0x00000000e4c00000|100%| O|  |TAMS 0x00000000e4c00000, 0x00000000e4b00000| Untracked 
|  76|0x00000000e4c00000, 0x00000000e4d00000, 0x00000000e4d00000|100%| O|  |TAMS 0x00000000e4d00000, 0x00000000e4c00000| Untracked 
|  77|0x00000000e4d00000, 0x00000000e4e00000, 0x00000000e4e00000|100%| O|  |TAMS 0x00000000e4e00000, 0x00000000e4d00000| Untracked 
|  78|0x00000000e4e00000, 0x00000000e4f00000, 0x00000000e4f00000|100%| O|  |TAMS 0x00000000e4f00000, 0x00000000e4e00000| Untracked 
|  79|0x00000000e4f00000, 0x00000000e5000000, 0x00000000e5000000|100%| O|  |TAMS 0x00000000e5000000, 0x00000000e4f00000| Untracked 
|  80|0x00000000e5000000, 0x00000000e5100000, 0x00000000e5100000|100%| O|  |TAMS 0x00000000e5100000, 0x00000000e5000000| Untracked 
|  81|0x00000000e5100000, 0x00000000e5200000, 0x00000000e5200000|100%| O|  |TAMS 0x00000000e5200000, 0x00000000e5100000| Untracked 
|  82|0x00000000e5200000, 0x00000000e5300000, 0x00000000e5300000|100%| O|  |TAMS 0x00000000e5300000, 0x00000000e5200000| Untracked 
|  83|0x00000000e5300000, 0x00000000e5400000, 0x00000000e5400000|100%| O|  |TAMS 0x00000000e5400000, 0x00000000e5300000| Untracked 
|  84|0x00000000e5400000, 0x00000000e5500000, 0x00000000e5500000|100%| O|  |TAMS 0x00000000e5500000, 0x00000000e5400000| Untracked 
|  85|0x00000000e5500000, 0x00000000e5600000, 0x00000000e5600000|100%| O|  |TAMS 0x00000000e5600000, 0x00000000e5500000| Untracked 
|  86|0x00000000e5600000, 0x00000000e5700000, 0x00000000e5700000|100%| O|  |TAMS 0x00000000e5700000, 0x00000000e5600000| Untracked 
|  87|0x00000000e5700000, 0x00000000e5800000, 0x00000000e5800000|100%| O|  |TAMS 0x00000000e5800000, 0x00000000e5700000| Untracked 
|  88|0x00000000e5800000, 0x00000000e5900000, 0x00000000e5900000|100%|HS|  |TAMS 0x00000000e5900000, 0x00000000e5800000| Complete 
|  89|0x00000000e5900000, 0x00000000e5a00000, 0x00000000e5a00000|100%| O|  |TAMS 0x00000000e5a00000, 0x00000000e5900000| Untracked 
|  90|0x00000000e5a00000, 0x00000000e5b00000, 0x00000000e5b00000|100%| O|  |TAMS 0x00000000e5b00000, 0x00000000e5a00000| Untracked 
|  91|0x00000000e5b00000, 0x00000000e5c00000, 0x00000000e5c00000|100%| O|  |TAMS 0x00000000e5c00000, 0x00000000e5b00000| Untracked 
|  92|0x00000000e5c00000, 0x00000000e5d00000, 0x00000000e5d00000|100%| O|  |TAMS 0x00000000e5d00000, 0x00000000e5c00000| Untracked 
|  93|0x00000000e5d00000, 0x00000000e5e00000, 0x00000000e5e00000|100%| O|  |TAMS 0x00000000e5e00000, 0x00000000e5d00000| Untracked 
|  94|0x00000000e5e00000, 0x00000000e5f00000, 0x00000000e5f00000|100%| O|  |TAMS 0x00000000e5f00000, 0x00000000e5e00000| Untracked 
|  95|0x00000000e5f00000, 0x00000000e6000000, 0x00000000e6000000|100%| O|  |TAMS 0x00000000e6000000, 0x00000000e5f00000| Untracked 
|  96|0x00000000e6000000, 0x00000000e6100000, 0x00000000e6100000|100%| O|  |TAMS 0x00000000e6100000, 0x00000000e6000000| Untracked 
|  97|0x00000000e6100000, 0x00000000e6200000, 0x00000000e6200000|100%| O|  |TAMS 0x00000000e6200000, 0x00000000e6100000| Untracked 
|  98|0x00000000e6200000, 0x00000000e6300000, 0x00000000e6300000|100%| O|  |TAMS 0x00000000e6300000, 0x00000000e6200000| Untracked 
|  99|0x00000000e6300000, 0x00000000e6400000, 0x00000000e6400000|100%| O|  |TAMS 0x00000000e6400000, 0x00000000e6300000| Untracked 
| 100|0x00000000e6400000, 0x00000000e6500000, 0x00000000e6500000|100%| O|  |TAMS 0x00000000e6500000, 0x00000000e6400000| Untracked 
| 101|0x00000000e6500000, 0x00000000e6600000, 0x00000000e6600000|100%| O|  |TAMS 0x00000000e6600000, 0x00000000e6500000| Untracked 
| 102|0x00000000e6600000, 0x00000000e6700000, 0x00000000e6700000|100%| O|  |TAMS 0x00000000e6700000, 0x00000000e6600000| Untracked 
| 103|0x00000000e6700000, 0x00000000e6800000, 0x00000000e6800000|100%| O|  |TAMS 0x00000000e6800000, 0x00000000e6700000| Untracked 
| 104|0x00000000e6800000, 0x00000000e6900000, 0x00000000e6900000|100%| O|  |TAMS 0x00000000e6900000, 0x00000000e6800000| Untracked 
| 105|0x00000000e6900000, 0x00000000e6a00000, 0x00000000e6a00000|100%| O|  |TAMS 0x00000000e6a00000, 0x00000000e6900000| Untracked 
| 106|0x00000000e6a00000, 0x00000000e6b00000, 0x00000000e6b00000|100%| O|  |TAMS 0x00000000e6b00000, 0x00000000e6a00000| Untracked 
| 107|0x00000000e6b00000, 0x00000000e6c00000, 0x00000000e6c00000|100%| O|  |TAMS 0x00000000e6c00000, 0x00000000e6b00000| Untracked 
| 108|0x00000000e6c00000, 0x00000000e6d00000, 0x00000000e6d00000|100%| O|  |TAMS 0x00000000e6d00000, 0x00000000e6c00000| Untracked 
| 109|0x00000000e6d00000, 0x00000000e6e00000, 0x00000000e6e00000|100%| O|  |TAMS 0x00000000e6e00000, 0x00000000e6d00000| Untracked 
| 110|0x00000000e6e00000, 0x00000000e6f00000, 0x00000000e6f00000|100%| O|  |TAMS 0x00000000e6f00000, 0x00000000e6e00000| Untracked 
| 111|0x00000000e6f00000, 0x00000000e7000000, 0x00000000e7000000|100%| O|  |TAMS 0x00000000e7000000, 0x00000000e6f00000| Untracked 
| 112|0x00000000e7000000, 0x00000000e7100000, 0x00000000e7100000|100%| O|  |TAMS 0x00000000e7100000, 0x00000000e7000000| Untracked 
| 113|0x00000000e7100000, 0x00000000e7200000, 0x00000000e7200000|100%| O|  |TAMS 0x00000000e7200000, 0x00000000e7100000| Untracked 
| 114|0x00000000e7200000, 0x00000000e7300000, 0x00000000e7300000|100%| O|  |TAMS 0x00000000e7300000, 0x00000000e7200000| Untracked 
| 115|0x00000000e7300000, 0x00000000e7400000, 0x00000000e7400000|100%| O|  |TAMS 0x00000000e7400000, 0x00000000e7300000| Untracked 
| 116|0x00000000e7400000, 0x00000000e7500000, 0x00000000e7500000|100%| O|  |TAMS 0x00000000e7500000, 0x00000000e7400000| Untracked 
| 117|0x00000000e7500000, 0x00000000e7600000, 0x00000000e7600000|100%| O|  |TAMS 0x00000000e7600000, 0x00000000e7500000| Untracked 
| 118|0x00000000e7600000, 0x00000000e7700000, 0x00000000e7700000|100%| O|  |TAMS 0x00000000e7700000, 0x00000000e7600000| Untracked 
| 119|0x00000000e7700000, 0x00000000e7800000, 0x00000000e7800000|100%| O|  |TAMS 0x00000000e7800000, 0x00000000e7700000| Untracked 
| 120|0x00000000e7800000, 0x00000000e7900000, 0x00000000e7900000|100%| O|  |TAMS 0x00000000e7900000, 0x00000000e7800000| Untracked 
| 121|0x00000000e7900000, 0x00000000e7a00000, 0x00000000e7a00000|100%| O|  |TAMS 0x00000000e7a00000, 0x00000000e7900000| Untracked 
| 122|0x00000000e7a00000, 0x00000000e7b00000, 0x00000000e7b00000|100%| O|  |TAMS 0x00000000e7a00000, 0x00000000e7a00000| Untracked 
| 123|0x00000000e7b00000, 0x00000000e7c00000, 0x00000000e7c00000|100%| O|  |TAMS 0x00000000e7c00000, 0x00000000e7b00000| Untracked 
| 124|0x00000000e7c00000, 0x00000000e7d00000, 0x00000000e7d00000|100%| O|  |TAMS 0x00000000e7d00000, 0x00000000e7c00000| Untracked 
| 125|0x00000000e7d00000, 0x00000000e7e00000, 0x00000000e7e00000|100%| O|  |TAMS 0x00000000e7e00000, 0x00000000e7d00000| Untracked 
| 126|0x00000000e7e00000, 0x00000000e7f00000, 0x00000000e7f00000|100%| O|  |TAMS 0x00000000e7f00000, 0x00000000e7e00000| Untracked 
| 127|0x00000000e7f00000, 0x00000000e8000000, 0x00000000e8000000|100%| O|  |TAMS 0x00000000e8000000, 0x00000000e7f00000| Untracked 
| 128|0x00000000e8000000, 0x00000000e8100000, 0x00000000e8100000|100%| O|  |TAMS 0x00000000e8100000, 0x00000000e8000000| Untracked 
| 129|0x00000000e8100000, 0x00000000e8200000, 0x00000000e8200000|100%| O|  |TAMS 0x00000000e8200000, 0x00000000e8100000| Untracked 
| 130|0x00000000e8200000, 0x00000000e8300000, 0x00000000e8300000|100%| O|  |TAMS 0x00000000e8300000, 0x00000000e8200000| Untracked 
| 131|0x00000000e8300000, 0x00000000e8400000, 0x00000000e8400000|100%| O|  |TAMS 0x00000000e8400000, 0x00000000e8300000| Untracked 
| 132|0x00000000e8400000, 0x00000000e8500000, 0x00000000e8500000|100%| O|  |TAMS 0x00000000e8500000, 0x00000000e8400000| Untracked 
| 133|0x00000000e8500000, 0x00000000e8600000, 0x00000000e8600000|100%| O|  |TAMS 0x00000000e8600000, 0x00000000e8500000| Untracked 
| 134|0x00000000e8600000, 0x00000000e8700000, 0x00000000e8700000|100%| O|  |TAMS 0x00000000e8700000, 0x00000000e8600000| Untracked 
| 135|0x00000000e8700000, 0x00000000e8800000, 0x00000000e8800000|100%| O|  |TAMS 0x00000000e8800000, 0x00000000e8700000| Untracked 
| 136|0x00000000e8800000, 0x00000000e8900000, 0x00000000e8900000|100%| O|  |TAMS 0x00000000e8900000, 0x00000000e8800000| Untracked 
| 137|0x00000000e8900000, 0x00000000e8a00000, 0x00000000e8a00000|100%| O|  |TAMS 0x00000000e8a00000, 0x00000000e8900000| Untracked 
| 138|0x00000000e8a00000, 0x00000000e8b00000, 0x00000000e8b00000|100%| O|  |TAMS 0x00000000e8b00000, 0x00000000e8a00000| Untracked 
| 139|0x00000000e8b00000, 0x00000000e8c00000, 0x00000000e8c00000|100%| O|  |TAMS 0x00000000e8c00000, 0x00000000e8b00000| Untracked 
| 140|0x00000000e8c00000, 0x00000000e8d00000, 0x00000000e8d00000|100%| O|  |TAMS 0x00000000e8d00000, 0x00000000e8c00000| Untracked 
| 141|0x00000000e8d00000, 0x00000000e8e00000, 0x00000000e8e00000|100%| O|  |TAMS 0x00000000e8e00000, 0x00000000e8d00000| Untracked 
| 142|0x00000000e8e00000, 0x00000000e8f00000, 0x00000000e8f00000|100%| O|  |TAMS 0x00000000e8f00000, 0x00000000e8e00000| Untracked 
| 143|0x00000000e8f00000, 0x00000000e9000000, 0x00000000e9000000|100%| O|  |TAMS 0x00000000e9000000, 0x00000000e8f00000| Untracked 
| 144|0x00000000e9000000, 0x00000000e9100000, 0x00000000e9100000|100%| O|  |TAMS 0x00000000e9100000, 0x00000000e9000000| Untracked 
| 145|0x00000000e9100000, 0x00000000e9200000, 0x00000000e9200000|100%| O|  |TAMS 0x00000000e9200000, 0x00000000e9100000| Untracked 
| 146|0x00000000e9200000, 0x00000000e9300000, 0x00000000e9300000|100%| O|  |TAMS 0x00000000e9300000, 0x00000000e9200000| Untracked 
| 147|0x00000000e9300000, 0x00000000e9400000, 0x00000000e9400000|100%| O|  |TAMS 0x00000000e9400000, 0x00000000e9300000| Untracked 
| 148|0x00000000e9400000, 0x00000000e9500000, 0x00000000e9500000|100%| O|  |TAMS 0x00000000e9500000, 0x00000000e9400000| Untracked 
| 149|0x00000000e9500000, 0x00000000e9600000, 0x00000000e9600000|100%| O|  |TAMS 0x00000000e9600000, 0x00000000e9500000| Untracked 
| 150|0x00000000e9600000, 0x00000000e9700000, 0x00000000e9700000|100%| O|  |TAMS 0x00000000e9700000, 0x00000000e9600000| Untracked 
| 151|0x00000000e9700000, 0x00000000e9800000, 0x00000000e9800000|100%| O|  |TAMS 0x00000000e9800000, 0x00000000e9700000| Untracked 
| 152|0x00000000e9800000, 0x00000000e9900000, 0x00000000e9900000|100%| O|  |TAMS 0x00000000e9900000, 0x00000000e9800000| Untracked 
| 153|0x00000000e9900000, 0x00000000e992bc00, 0x00000000e9a00000| 17%| O|  |TAMS 0x00000000e9900000, 0x00000000e9900000| Untracked 
| 154|0x00000000e9a00000, 0x00000000e9b00000, 0x00000000e9b00000|100%| O|  |TAMS 0x00000000e9b00000, 0x00000000e9a00000| Untracked 
| 155|0x00000000e9b00000, 0x00000000e9c00000, 0x00000000e9c00000|100%| O|  |TAMS 0x00000000e9b9be00, 0x00000000e9b00000| Untracked 
| 156|0x00000000e9c00000, 0x00000000e9c00000, 0x00000000e9d00000|  0%| F|  |TAMS 0x00000000e9c00000, 0x00000000e9c00000| Untracked 
| 157|0x00000000e9d00000, 0x00000000e9d00000, 0x00000000e9e00000|  0%| F|  |TAMS 0x00000000e9d00000, 0x00000000e9d00000| Untracked 
| 158|0x00000000e9e00000, 0x00000000e9e00000, 0x00000000e9f00000|  0%| F|  |TAMS 0x00000000e9e00000, 0x00000000e9e00000| Untracked 
| 159|0x00000000e9f00000, 0x00000000e9f00000, 0x00000000ea000000|  0%| F|  |TAMS 0x00000000e9f00000, 0x00000000e9f00000| Untracked 
| 160|0x00000000ea000000, 0x00000000ea000000, 0x00000000ea100000|  0%| F|  |TAMS 0x00000000ea000000, 0x00000000ea000000| Untracked 
| 161|0x00000000ea100000, 0x00000000ea100000, 0x00000000ea200000|  0%| F|  |TAMS 0x00000000ea100000, 0x00000000ea100000| Untracked 
| 162|0x00000000ea200000, 0x00000000ea200000, 0x00000000ea300000|  0%| F|  |TAMS 0x00000000ea200000, 0x00000000ea200000| Untracked 
| 163|0x00000000ea300000, 0x00000000ea300000, 0x00000000ea400000|  0%| F|  |TAMS 0x00000000ea300000, 0x00000000ea300000| Untracked 
| 164|0x00000000ea400000, 0x00000000ea400000, 0x00000000ea500000|  0%| F|  |TAMS 0x00000000ea400000, 0x00000000ea400000| Untracked 
| 165|0x00000000ea500000, 0x00000000ea500000, 0x00000000ea600000|  0%| F|  |TAMS 0x00000000ea500000, 0x00000000ea500000| Untracked 
| 166|0x00000000ea600000, 0x00000000ea600000, 0x00000000ea700000|  0%| F|  |TAMS 0x00000000ea600000, 0x00000000ea600000| Untracked 
| 167|0x00000000ea700000, 0x00000000ea700000, 0x00000000ea800000|  0%| F|  |TAMS 0x00000000ea700000, 0x00000000ea700000| Untracked 
| 168|0x00000000ea800000, 0x00000000ea800000, 0x00000000ea900000|  0%| F|  |TAMS 0x00000000ea800000, 0x00000000ea800000| Untracked 
| 169|0x00000000ea900000, 0x00000000ea900000, 0x00000000eaa00000|  0%| F|  |TAMS 0x00000000ea900000, 0x00000000ea900000| Untracked 
| 170|0x00000000eaa00000, 0x00000000eaa00000, 0x00000000eab00000|  0%| F|  |TAMS 0x00000000eaa00000, 0x00000000eaa00000| Untracked 
| 171|0x00000000eab00000, 0x00000000eab00000, 0x00000000eac00000|  0%| F|  |TAMS 0x00000000eab00000, 0x00000000eab00000| Untracked 
| 172|0x00000000eac00000, 0x00000000eac00000, 0x00000000ead00000|  0%| F|  |TAMS 0x00000000eac00000, 0x00000000eac00000| Untracked 
| 173|0x00000000ead00000, 0x00000000ead00000, 0x00000000eae00000|  0%| F|  |TAMS 0x00000000ead00000, 0x00000000ead00000| Untracked 
| 174|0x00000000eae00000, 0x00000000eae00000, 0x00000000eaf00000|  0%| F|  |TAMS 0x00000000eae00000, 0x00000000eae00000| Untracked 
| 175|0x00000000eaf00000, 0x00000000eaf00000, 0x00000000eb000000|  0%| F|  |TAMS 0x00000000eaf00000, 0x00000000eaf00000| Untracked 
| 176|0x00000000eb000000, 0x00000000eb000000, 0x00000000eb100000|  0%| F|  |TAMS 0x00000000eb000000, 0x00000000eb000000| Untracked 
| 177|0x00000000eb100000, 0x00000000eb100000, 0x00000000eb200000|  0%| F|  |TAMS 0x00000000eb100000, 0x00000000eb100000| Untracked 
| 178|0x00000000eb200000, 0x00000000eb200000, 0x00000000eb300000|  0%| F|  |TAMS 0x00000000eb200000, 0x00000000eb200000| Untracked 
| 179|0x00000000eb300000, 0x00000000eb300000, 0x00000000eb400000|  0%| F|  |TAMS 0x00000000eb300000, 0x00000000eb300000| Untracked 
| 180|0x00000000eb400000, 0x00000000eb4c9cc0, 0x00000000eb500000| 78%| S|CS|TAMS 0x00000000eb400000, 0x00000000eb400000| Complete 
| 181|0x00000000eb500000, 0x00000000eb500000, 0x00000000eb600000|  0%| F|  |TAMS 0x00000000eb500000, 0x00000000eb500000| Untracked 
| 182|0x00000000eb600000, 0x00000000eb700000, 0x00000000eb700000|100%| S|CS|TAMS 0x00000000eb600000, 0x00000000eb600000| Complete 
| 183|0x00000000eb700000, 0x00000000eb700000, 0x00000000eb800000|  0%| F|  |TAMS 0x00000000eb700000, 0x00000000eb700000| Untracked 
| 184|0x00000000eb800000, 0x00000000eb900000, 0x00000000eb900000|100%| S|CS|TAMS 0x00000000eb800000, 0x00000000eb800000| Complete 
| 185|0x00000000eb900000, 0x00000000eb900000, 0x00000000eba00000|  0%| F|  |TAMS 0x00000000eb900000, 0x00000000eb900000| Untracked 
| 186|0x00000000eba00000, 0x00000000eba61478, 0x00000000ebb00000| 37%| E|  |TAMS 0x00000000eba00000, 0x00000000eba00000| Complete 
| 187|0x00000000ebb00000, 0x00000000ebc00000, 0x00000000ebc00000|100%| E|CS|TAMS 0x00000000ebb00000, 0x00000000ebb00000| Complete 
| 188|0x00000000ebc00000, 0x00000000ebd00000, 0x00000000ebd00000|100%| E|CS|TAMS 0x00000000ebc00000, 0x00000000ebc00000| Complete 
| 189|0x00000000ebd00000, 0x00000000ebe00000, 0x00000000ebe00000|100%| E|CS|TAMS 0x00000000ebd00000, 0x00000000ebd00000| Complete 
| 190|0x00000000ebe00000, 0x00000000ebf00000, 0x00000000ebf00000|100%| E|CS|TAMS 0x00000000ebe00000, 0x00000000ebe00000| Complete 
| 191|0x00000000ebf00000, 0x00000000ec000000, 0x00000000ec000000|100%| E|CS|TAMS 0x00000000ebf00000, 0x00000000ebf00000| Complete 
| 192|0x00000000ec000000, 0x00000000ec100000, 0x00000000ec100000|100%| E|CS|TAMS 0x00000000ec000000, 0x00000000ec000000| Complete 
| 193|0x00000000ec100000, 0x00000000ec200000, 0x00000000ec200000|100%| E|CS|TAMS 0x00000000ec100000, 0x00000000ec100000| Complete 
| 194|0x00000000ec200000, 0x00000000ec300000, 0x00000000ec300000|100%| E|CS|TAMS 0x00000000ec200000, 0x00000000ec200000| Complete 
| 195|0x00000000ec300000, 0x00000000ec400000, 0x00000000ec400000|100%| E|CS|TAMS 0x00000000ec300000, 0x00000000ec300000| Complete 
| 196|0x00000000ec400000, 0x00000000ec500000, 0x00000000ec500000|100%| E|CS|TAMS 0x00000000ec400000, 0x00000000ec400000| Complete 
| 197|0x00000000ec500000, 0x00000000ec600000, 0x00000000ec600000|100%| E|CS|TAMS 0x00000000ec500000, 0x00000000ec500000| Complete 
| 198|0x00000000ec600000, 0x00000000ec700000, 0x00000000ec700000|100%| E|CS|TAMS 0x00000000ec600000, 0x00000000ec600000| Complete 
| 199|0x00000000ec700000, 0x00000000ec800000, 0x00000000ec800000|100%| E|CS|TAMS 0x00000000ec700000, 0x00000000ec700000| Complete 
| 200|0x00000000ec800000, 0x00000000ec900000, 0x00000000ec900000|100%| E|CS|TAMS 0x00000000ec800000, 0x00000000ec800000| Complete 
| 201|0x00000000ec900000, 0x00000000eca00000, 0x00000000eca00000|100%| E|CS|TAMS 0x00000000ec900000, 0x00000000ec900000| Complete 
| 202|0x00000000eca00000, 0x00000000ecb00000, 0x00000000ecb00000|100%| E|CS|TAMS 0x00000000eca00000, 0x00000000eca00000| Complete 
| 203|0x00000000ecb00000, 0x00000000ecc00000, 0x00000000ecc00000|100%| E|CS|TAMS 0x00000000ecb00000, 0x00000000ecb00000| Complete 
| 204|0x00000000ecc00000, 0x00000000ecd00000, 0x00000000ecd00000|100%| E|CS|TAMS 0x00000000ecc00000, 0x00000000ecc00000| Complete 
| 205|0x00000000ecd00000, 0x00000000ece00000, 0x00000000ece00000|100%| E|CS|TAMS 0x00000000ecd00000, 0x00000000ecd00000| Complete 
| 206|0x00000000ece00000, 0x00000000ecf00000, 0x00000000ecf00000|100%| E|CS|TAMS 0x00000000ece00000, 0x00000000ece00000| Complete 
| 207|0x00000000ecf00000, 0x00000000ed000000, 0x00000000ed000000|100%| E|CS|TAMS 0x00000000ecf00000, 0x00000000ecf00000| Complete 
| 208|0x00000000ed000000, 0x00000000ed100000, 0x00000000ed100000|100%| E|CS|TAMS 0x00000000ed000000, 0x00000000ed000000| Complete 
| 209|0x00000000ed100000, 0x00000000ed200000, 0x00000000ed200000|100%| E|CS|TAMS 0x00000000ed100000, 0x00000000ed100000| Complete 
| 210|0x00000000ed200000, 0x00000000ed300000, 0x00000000ed300000|100%| E|CS|TAMS 0x00000000ed200000, 0x00000000ed200000| Complete 
| 211|0x00000000ed300000, 0x00000000ed400000, 0x00000000ed400000|100%| E|CS|TAMS 0x00000000ed300000, 0x00000000ed300000| Complete 
| 212|0x00000000ed400000, 0x00000000ed500000, 0x00000000ed500000|100%| E|CS|TAMS 0x00000000ed400000, 0x00000000ed400000| Complete 
| 213|0x00000000ed500000, 0x00000000ed600000, 0x00000000ed600000|100%| E|CS|TAMS 0x00000000ed500000, 0x00000000ed500000| Complete 
| 214|0x00000000ed600000, 0x00000000ed700000, 0x00000000ed700000|100%| E|CS|TAMS 0x00000000ed600000, 0x00000000ed600000| Complete 
| 215|0x00000000ed700000, 0x00000000ed800000, 0x00000000ed800000|100%| E|CS|TAMS 0x00000000ed700000, 0x00000000ed700000| Complete 
| 216|0x00000000ed800000, 0x00000000ed900000, 0x00000000ed900000|100%| E|CS|TAMS 0x00000000ed800000, 0x00000000ed800000| Complete 
| 217|0x00000000ed900000, 0x00000000eda00000, 0x00000000eda00000|100%| E|CS|TAMS 0x00000000ed900000, 0x00000000ed900000| Complete 
| 218|0x00000000eda00000, 0x00000000edb00000, 0x00000000edb00000|100%| E|CS|TAMS 0x00000000eda00000, 0x00000000eda00000| Complete 
| 219|0x00000000edb00000, 0x00000000edc00000, 0x00000000edc00000|100%| E|CS|TAMS 0x00000000edb00000, 0x00000000edb00000| Complete 
| 220|0x00000000edc00000, 0x00000000edd00000, 0x00000000edd00000|100%| E|CS|TAMS 0x00000000edc00000, 0x00000000edc00000| Complete 
| 221|0x00000000edd00000, 0x00000000ede00000, 0x00000000ede00000|100%| E|CS|TAMS 0x00000000edd00000, 0x00000000edd00000| Complete 
| 222|0x00000000ede00000, 0x00000000edf00000, 0x00000000edf00000|100%| E|CS|TAMS 0x00000000ede00000, 0x00000000ede00000| Complete 

Card table byte_map: [0x0000020dc5fb0000,0x0000020dc60b0000] _byte_map_base: 0x0000020dc58b0000

Marking Bits (Prev, Next): (CMBitMap*) 0x0000020dc62fa008, (CMBitMap*) 0x0000020dc62fa040
 Prev Bits: [0x0000020dd8dd0000, 0x0000020dd95d0000)
 Next Bits: [0x0000020dd95d0000, 0x0000020dd9dd0000)

Polling page: 0x0000020dc4260000

Metaspace:

Usage:
  Non-class:     87.30 MB capacity,    85.87 MB ( 98%) used,     1.14 MB (  1%) free+waste,   293.31 KB ( <1%) overhead. 
      Class:     13.51 MB capacity,    12.65 MB ( 94%) used,   754.08 KB (  5%) free+waste,   128.69 KB ( <1%) overhead. 
       Both:    100.81 MB capacity,    98.52 MB ( 98%) used,     1.88 MB (  2%) free+waste,   422.00 KB ( <1%) overhead. 

Virtual space:
  Non-class space:       88.00 MB reserved,      87.37 MB (>99%) committed 
      Class space:        1.00 GB reserved,      13.63 MB (  1%) committed 
             Both:        1.09 GB reserved,     101.00 MB (  9%) committed 

Chunk freelists:
   Non-Class:  12.00 KB
       Class:  0 bytes
        Both:  12.00 KB

MaxMetaspaceSize: 17179869184.00 GB
CompressedClassSpaceSize: 1.00 GB

CodeHeap 'non-profiled nmethods': size=120064Kb used=10026Kb max_used=10672Kb free=110037Kb
 bounds [0x0000020dd1890000, 0x0000020dd2310000, 0x0000020dd8dd0000]
CodeHeap 'profiled nmethods': size=120000Kb used=31782Kb max_used=34033Kb free=88217Kb
 bounds [0x0000020dca360000, 0x0000020dcc4a0000, 0x0000020dd1890000]
CodeHeap 'non-nmethods': size=5696Kb used=2292Kb max_used=2349Kb free=3404Kb
 bounds [0x0000020dc9dd0000, 0x0000020dca040000, 0x0000020dca360000]
 total_blobs=14522 nmethods=13612 adapters=820
 compilation: enabled
              stopped_count=0, restarted_count=0
 full_count=0

Compilation events (20 events):
Event: 218.171 Thread 0x0000020ddc9b4000 14614       2       com.android.tools.r8.internal.FA::g (7 bytes)
Event: 218.171 Thread 0x0000020ddc9b4000 nmethod 14614 0x0000020dca36a790 code [0x0000020dca36a940, 0x0000020dca36aa58]
Event: 218.235 Thread 0x0000020ddc9b4000 14615       1       com.android.tools.r8.internal.C1::c1 (2 bytes)
Event: 218.235 Thread 0x0000020ddc9b4000 nmethod 14615 0x0000020dd18bbf90 code [0x0000020dd18bc140, 0x0000020dd18bc1f8]
Event: 218.519 Thread 0x0000020ddc9b4000 14617       2       com.android.tools.r8.internal.Me::b (228 bytes)
Event: 218.522 Thread 0x0000020ddc9b4000 nmethod 14617 0x0000020dca36ee90 code [0x0000020dca36f120, 0x0000020dca36f938]
Event: 218.762 Thread 0x0000020ddc9b4000 14619       2       com.android.tools.r8.ir.regalloc.e$$Lambda$1230/0x0000000100d5d840::apply (8 bytes)
Event: 218.763 Thread 0x0000020ddc9b4000 nmethod 14619 0x0000020dca36a190 code [0x0000020dca36a380, 0x0000020dca36a608]
Event: 218.891 Thread 0x0000020ddc9b2800 nmethod 14579 0x0000020dd22fc090 code [0x0000020dd22fc9a0, 0x0000020dd2303fc8]
Event: 218.892 Thread 0x0000020ddc9b2800 14583 %     4       com.android.tools.r8.ir.regalloc.a::a @ 1405 (3985 bytes)
Event: 219.000 Thread 0x0000020ddc9b4000 14620       2       com.android.tools.r8.ir.regalloc.e$$Lambda$1186/0x0000000100d2a040::apply (8 bytes)
Event: 219.001 Thread 0x0000020ddc9b4000 nmethod 14620 0x0000020dca372390 code [0x0000020dca372580, 0x0000020dca372808]
Event: 219.280 Thread 0x0000020ddc9b4000 14621       2       com.android.tools.r8.internal.u3::a (30 bytes)
Event: 219.281 Thread 0x0000020ddc9b4000 nmethod 14621 0x0000020dca369c10 code [0x0000020dca369e00, 0x0000020dca36a028]
Event: 219.282 Thread 0x0000020ddc9b4000 14622       2       com.android.tools.r8.internal.Me::a (41 bytes)
Event: 219.283 Thread 0x0000020ddc9b4000 nmethod 14622 0x0000020dca373590 code [0x0000020dca373780, 0x0000020dca373998]
Event: 219.529 Thread 0x0000020ddc9b4000 14623       2       com.android.tools.r8.ir.regalloc.a::a (242 bytes)
Event: 219.531 Thread 0x0000020ddc9b4000 nmethod 14623 0x0000020dca374810 code [0x0000020dca374a60, 0x0000020dca3752b8]
Event: 220.003 Thread 0x0000020ddc9b4000 14625       2       com.android.tools.r8.internal.pe::a (167 bytes)
Event: 220.028 Thread 0x0000020ddc9b4000 nmethod 14625 0x0000020dca378090 code [0x0000020dca378360, 0x0000020dca378cf8]

GC Heap History (20 events):
Event: 209.286 GC heap before
{Heap before GC invocations=276 (full 0):
 garbage-first heap   total 228352K, used 193799K [0x00000000e0000000, 0x0000000100000000)
  region size 1024K, 36 young (36864K), 2 survivors (2048K)
 Metaspace       used 100687K, capacity 103057K, committed 103292K, reserved 1138688K
  class space    used 12932K, capacity 13821K, committed 13824K, reserved 1048576K
}
Event: 209.310 GC heap after
{Heap after GC invocations=277 (full 0):
 garbage-first heap   total 228352K, used 159307K [0x00000000e0000000, 0x0000000100000000)
  region size 1024K, 2 young (2048K), 2 survivors (2048K)
 Metaspace       used 100687K, capacity 103057K, committed 103292K, reserved 1138688K
  class space    used 12932K, capacity 13821K, committed 13824K, reserved 1048576K
}
Event: 210.360 GC heap before
{Heap before GC invocations=277 (full 0):
 garbage-first heap   total 228352K, used 195147K [0x00000000e0000000, 0x0000000100000000)
  region size 1024K, 37 young (37888K), 2 survivors (2048K)
 Metaspace       used 100731K, capacity 103057K, committed 103292K, reserved 1138688K
  class space    used 12939K, capacity 13821K, committed 13824K, reserved 1048576K
}
Event: 210.377 GC heap after
{Heap after GC invocations=278 (full 0):
 garbage-first heap   total 228352K, used 159454K [0x00000000e0000000, 0x0000000100000000)
  region size 1024K, 2 young (2048K), 2 survivors (2048K)
 Metaspace       used 100731K, capacity 103057K, committed 103292K, reserved 1138688K
  class space    used 12939K, capacity 13821K, committed 13824K, reserved 1048576K
}
Event: 211.306 GC heap before
{Heap before GC invocations=278 (full 0):
 garbage-first heap   total 228352K, used 196318K [0x00000000e0000000, 0x0000000100000000)
  region size 1024K, 38 young (38912K), 2 survivors (2048K)
 Metaspace       used 100748K, capacity 103059K, committed 103292K, reserved 1138688K
  class space    used 12941K, capacity 13822K, committed 13824K, reserved 1048576K
}
Event: 211.323 GC heap after
{Heap after GC invocations=279 (full 0):
 garbage-first heap   total 228352K, used 159561K [0x00000000e0000000, 0x0000000100000000)
  region size 1024K, 2 young (2048K), 2 survivors (2048K)
 Metaspace       used 100748K, capacity 103059K, committed 103292K, reserved 1138688K
  class space    used 12941K, capacity 13822K, committed 13824K, reserved 1048576K
}
Event: 212.253 GC heap before
{Heap before GC invocations=279 (full 0):
 garbage-first heap   total 228352K, used 196425K [0x00000000e0000000, 0x0000000100000000)
  region size 1024K, 38 young (38912K), 2 survivors (2048K)
 Metaspace       used 100751K, capacity 103059K, committed 103292K, reserved 1138688K
  class space    used 12941K, capacity 13822K, committed 13824K, reserved 1048576K
}
Event: 212.270 GC heap after
{Heap after GC invocations=280 (full 0):
 garbage-first heap   total 228352K, used 159952K [0x00000000e0000000, 0x0000000100000000)
  region size 1024K, 3 young (3072K), 3 survivors (3072K)
 Metaspace       used 100751K, capacity 103059K, committed 103292K, reserved 1138688K
  class space    used 12941K, capacity 13822K, committed 13824K, reserved 1048576K
}
Event: 213.208 GC heap before
{Heap before GC invocations=280 (full 0):
 garbage-first heap   total 228352K, used 196816K [0x00000000e0000000, 0x0000000100000000)
  region size 1024K, 39 young (39936K), 3 survivors (3072K)
 Metaspace       used 100761K, capacity 103059K, committed 103292K, reserved 1138688K
  class space    used 12941K, capacity 13822K, committed 13824K, reserved 1048576K
}
Event: 213.225 GC heap after
{Heap after GC invocations=281 (full 0):
 garbage-first heap   total 228352K, used 160002K [0x00000000e0000000, 0x0000000100000000)
  region size 1024K, 3 young (3072K), 3 survivors (3072K)
 Metaspace       used 100761K, capacity 103059K, committed 103292K, reserved 1138688K
  class space    used 12941K, capacity 13822K, committed 13824K, reserved 1048576K
}
Event: 214.511 GC heap before
{Heap before GC invocations=281 (full 0):
 garbage-first heap   total 228352K, used 197890K [0x00000000e0000000, 0x0000000100000000)
  region size 1024K, 40 young (40960K), 3 survivors (3072K)
 Metaspace       used 100784K, capacity 103135K, committed 103420K, reserved 1138688K
  class space    used 12943K, capacity 13826K, committed 13952K, reserved 1048576K
}
Event: 214.531 GC heap after
{Heap after GC invocations=282 (full 0):
 garbage-first heap   total 228352K, used 160496K [0x00000000e0000000, 0x0000000100000000)
  region size 1024K, 3 young (3072K), 3 survivors (3072K)
 Metaspace       used 100784K, capacity 103135K, committed 103420K, reserved 1138688K
  class space    used 12943K, capacity 13826K, committed 13952K, reserved 1048576K
}
Event: 215.332 GC heap before
{Heap before GC invocations=282 (full 0):
 garbage-first heap   total 228352K, used 198384K [0x00000000e0000000, 0x0000000100000000)
  region size 1024K, 40 young (40960K), 3 survivors (3072K)
 Metaspace       used 100828K, capacity 103153K, committed 103420K, reserved 1138688K
  class space    used 12946K, capacity 13832K, committed 13952K, reserved 1048576K
}
Event: 215.352 GC heap after
{Heap after GC invocations=283 (full 0):
 garbage-first heap   total 228352K, used 160453K [0x00000000e0000000, 0x0000000100000000)
  region size 1024K, 3 young (3072K), 3 survivors (3072K)
 Metaspace       used 100828K, capacity 103153K, committed 103420K, reserved 1138688K
  class space    used 12946K, capacity 13832K, committed 13952K, reserved 1048576K
}
Event: 216.537 GC heap before
{Heap before GC invocations=283 (full 0):
 garbage-first heap   total 228352K, used 198341K [0x00000000e0000000, 0x0000000100000000)
  region size 1024K, 40 young (40960K), 3 survivors (3072K)
 Metaspace       used 100851K, capacity 103156K, committed 103420K, reserved 1138688K
  class space    used 12950K, capacity 13833K, committed 13952K, reserved 1048576K
}
Event: 216.558 GC heap after
{Heap after GC invocations=284 (full 0):
 garbage-first heap   total 228352K, used 160634K [0x00000000e0000000, 0x0000000100000000)
  region size 1024K, 3 young (3072K), 3 survivors (3072K)
 Metaspace       used 100851K, capacity 103156K, committed 103420K, reserved 1138688K
  class space    used 12950K, capacity 13833K, committed 13952K, reserved 1048576K
}
Event: 218.014 GC heap before
{Heap before GC invocations=284 (full 0):
 garbage-first heap   total 228352K, used 198522K [0x00000000e0000000, 0x0000000100000000)
  region size 1024K, 40 young (40960K), 3 survivors (3072K)
 Metaspace       used 100860K, capacity 103156K, committed 103420K, reserved 1138688K
  class space    used 12950K, capacity 13833K, committed 13952K, reserved 1048576K
}
Event: 218.036 GC heap after
{Heap after GC invocations=285 (full 0):
 garbage-first heap   total 228352K, used 161124K [0x00000000e0000000, 0x0000000100000000)
  region size 1024K, 3 young (3072K), 3 survivors (3072K)
 Metaspace       used 100860K, capacity 103156K, committed 103420K, reserved 1138688K
  class space    used 12950K, capacity 13833K, committed 13952K, reserved 1048576K
}
Event: 219.213 GC heap before
{Heap before GC invocations=285 (full 0):
 garbage-first heap   total 228352K, used 199012K [0x00000000e0000000, 0x0000000100000000)
  region size 1024K, 40 young (40960K), 3 survivors (3072K)
 Metaspace       used 100871K, capacity 103220K, committed 103420K, reserved 1138688K
  class space    used 12950K, capacity 13833K, committed 13952K, reserved 1048576K
}
Event: 219.236 GC heap after
{Heap after GC invocations=286 (full 0):
 garbage-first heap   total 228352K, used 161301K [0x00000000e0000000, 0x0000000100000000)
  region size 1024K, 3 young (3072K), 3 survivors (3072K)
 Metaspace       used 100871K, capacity 103220K, committed 103420K, reserved 1138688K
  class space    used 12950K, capacity 13833K, committed 13952K, reserved 1048576K
}

Deoptimization events (20 events):
Event: 215.190 Thread 0x0000020ddd81f000 Uncommon trap: trap_request=0xffffffd6 fr.pc=0x0000020dd22aee88 relative=0x0000000000002968
Event: 215.190 Thread 0x0000020ddd81f000 Uncommon trap: reason=array_check action=maybe_recompile pc=0x0000020dd22aee88 method=java.util.TimSort.reverseRange([Ljava/lang/Object;II)V @ 20 c2
Event: 215.190 Thread 0x0000020ddd81f000 DEOPT PACKING pc=0x0000020dd22aee88 sp=0x000000576c3f8b50
Event: 215.190 Thread 0x0000020ddd81f000 DEOPT UNPACKING pc=0x0000020dc9df6029 sp=0x000000576c3f8a18 mode 2
Event: 215.984 Thread 0x0000020ddd81f000 Uncommon trap: trap_request=0xffffff4d fr.pc=0x0000020dd229e450 relative=0x00000000000050b0
Event: 215.984 Thread 0x0000020ddd81f000 Uncommon trap: reason=unstable_if action=reinterpret pc=0x0000020dd229e450 method=com.android.tools.r8.internal.Me.a(ILcom/android/tools/r8/internal/YG;Lcom/android/tools/r8/internal/i2;Lcom/android/tools/r8/internal/i2$c;Lcom/android/tools/r8/internal/Nv
Event: 215.984 Thread 0x0000020ddd81f000 DEOPT PACKING pc=0x0000020dd229e450 sp=0x000000576c3f91c0
Event: 215.984 Thread 0x0000020ddd81f000 DEOPT UNPACKING pc=0x0000020dc9df6029 sp=0x000000576c3f91d0 mode 2
Event: 216.493 Thread 0x0000020ddd81f000 Uncommon trap: trap_request=0xffffff4d fr.pc=0x0000020dd1a4c478 relative=0x0000000000000238
Event: 216.493 Thread 0x0000020ddd81f000 Uncommon trap: reason=unstable_if action=reinterpret pc=0x0000020dd1a4c478 method=java.util.HashMap.getNode(ILjava/lang/Object;)Ljava/util/HashMap$Node; @ 84 c2
Event: 216.493 Thread 0x0000020ddd81f000 DEOPT PACKING pc=0x0000020dd1a4c478 sp=0x000000576c3f93d0
Event: 216.493 Thread 0x0000020ddd81f000 DEOPT UNPACKING pc=0x0000020dc9df6029 sp=0x000000576c3f92d8 mode 2
Event: 219.272 Thread 0x0000020ddd81f000 Uncommon trap: trap_request=0xffffff4d fr.pc=0x0000020dd21c7b40 relative=0x0000000000000160
Event: 219.272 Thread 0x0000020ddd81f000 Uncommon trap: reason=unstable_if action=reinterpret pc=0x0000020dd21c7b40 method=com.android.tools.r8.internal.u3.a(Lcom/android/tools/r8/graph/X;)Lcom/android/tools/r8/graph/X; @ 56 c2
Event: 219.272 Thread 0x0000020ddd81f000 DEOPT PACKING pc=0x0000020dd21c7b40 sp=0x000000576c3f9b40
Event: 219.272 Thread 0x0000020ddd81f000 DEOPT UNPACKING pc=0x0000020dc9df6029 sp=0x000000576c3f9a68 mode 2
Event: 219.579 Thread 0x0000020ddd81f000 Uncommon trap: trap_request=0xffffffd6 fr.pc=0x0000020dd22d5efc relative=0x000000000000245c
Event: 219.579 Thread 0x0000020ddd81f000 Uncommon trap: reason=array_check action=maybe_recompile pc=0x0000020dd22d5efc method=java.util.TimSort.reverseRange([Ljava/lang/Object;II)V @ 27 c2
Event: 219.579 Thread 0x0000020ddd81f000 DEOPT PACKING pc=0x0000020dd22d5efc sp=0x000000576c3f8f10
Event: 219.579 Thread 0x0000020ddd81f000 DEOPT UNPACKING pc=0x0000020dc9df6029 sp=0x000000576c3f8de8 mode 2

Classes redefined (0 events):
No events

Internal exceptions (20 events):
Event: 153.381 Thread 0x0000020ddd81d800 Exception <a 'java/lang/IncompatibleClassChangeError'{0x00000000e6a5d950}: Found class java.lang.Object, but interface was expected> (0x00000000e6a5d950) thrown at [./src/hotspot/share/interpreter/linkResolver.cpp, line 839]
Event: 153.670 Thread 0x0000020ddd81d800 Exception <a 'java/lang/NoSuchMethodError'{0x00000000e6cb8c98}: 'java.lang.Object java.lang.invoke.DirectMethodHandle$Holder.invokeStatic(java.lang.Object, long)'> (0x00000000e6cb8c98) thrown at [./src/hotspot/share/interpreter/linkResolver.cpp, line 773]
Event: 153.670 Thread 0x0000020ddd81f000 Exception <a 'java/lang/NoSuchMethodError'{0x00000000e6cb4470}: 'java.lang.Object java.lang.invoke.DirectMethodHandle$Holder.invokeStatic(java.lang.Object, long)'> (0x00000000e6cb4470) thrown at [./src/hotspot/share/interpreter/linkResolver.cpp, line 773]
Event: 153.674 Thread 0x0000020ddd81f000 Exception <a 'java/lang/NoSuchMethodError'{0x00000000e6cc7bd8}: 'java.lang.Object java.lang.invoke.Invokers$Holder.linkToTargetMethod(long, java.lang.Object)'> (0x00000000e6cc7bd8) thrown at [./src/hotspot/share/interpreter/linkResolver.cpp, line 773]
Event: 161.815 Thread 0x0000020ddd81f000 Exception <a 'java/lang/NoSuchMethodError'{0x00000000e8fe53c8}: 'int java.lang.invoke.DirectMethodHandle$Holder.invokeVirtual(java.lang.Object, java.lang.Object, java.lang.Object, java.lang.Object)'> (0x00000000e8fe53c8) thrown at [./src/hotspot/share/interpreter/linkResolver.cpp, line 773]
Event: 162.884 Thread 0x0000020ddd81f000 Exception <a 'java/lang/NoSuchMethodError'{0x00000000e90776a8}: 'void java.lang.invoke.DirectMethodHandle$Holder.invokeStatic(java.lang.Object, java.lang.Object, java.lang.Object, int)'> (0x00000000e90776a8) thrown at [./src/hotspot/share/interpreter/linkResolver.cpp, line 773]
Event: 162.889 Thread 0x0000020ddd81f000 Exception <a 'java/lang/IncompatibleClassChangeError'{0x00000000e8f612f0}: Found class java.lang.Object, but interface was expected> (0x00000000e8f612f0) thrown at [./src/hotspot/share/interpreter/linkResolver.cpp, line 839]
Event: 162.924 Thread 0x0000020ddd81f000 Exception <a 'java/lang/NoSuchMethodError'{0x00000000e8ffbbb0}: 'int java.lang.invoke.DirectMethodHandle$Holder.invokeVirtual(java.lang.Object, java.lang.Object, java.lang.Object)'> (0x00000000e8ffbbb0) thrown at [./src/hotspot/share/interpreter/linkResolver.cpp, line 773]
Event: 164.400 Thread 0x0000020ddd81d800 Implicit null exception at 0x0000020dd20208d2 to 0x0000020dd202734c
Event: 169.929 Thread 0x0000020ddd81d800 Exception <a 'java/lang/NoSuchMethodError'{0x00000000eacf17c8}: 'java.lang.Object java.lang.invoke.DirectMethodHandle$Holder.invokeStatic(java.lang.Object, int, java.lang.Object, java.lang.Object)'> (0x00000000eacf17c8) thrown at [./src/hotspot/share/interpreter/linkResolver.cpp, line 773]
Event: 179.983 Thread 0x0000020ddd81f000 Exception <a 'java/lang/NoSuchMethodError'{0x00000000ecea4950}: 'java.lang.Object java.lang.invoke.Invokers$Holder.linkToTargetMethod(java.lang.Object, java.lang.Object, java.lang.Object, java.lang.Object, java.lang.Object, java.lang.Object, java.lang.Object)'> (0x00000000ecea4950) thrown at [./src/hotspot/share/interpreter/linkResolver.cpp, line 773]
Event: 180.811 Thread 0x0000020ddd81f000 Exception <a 'java/lang/NoSuchMethodError'{0x00000000ecb830a8}: 'java.lang.Object java.lang.invoke.DirectMethodHandle$Holder.invokeVirtual(java.lang.Object, java.lang.Object, int, java.lang.Object)'> (0x00000000ecb830a8) thrown at [./src/hotspot/share/interpreter/linkResolver.cpp, line 773]
Event: 181.174 Thread 0x0000020ddd81d800 Exception <a 'java/lang/IncompatibleClassChangeError'{0x00000000eca20f08}: Found class java.lang.Object, but interface was expected> (0x00000000eca20f08) thrown at [./src/hotspot/share/interpreter/linkResolver.cpp, line 839]
Event: 181.222 Thread 0x0000020ddd81d800 Exception <a 'java/lang/IncompatibleClassChangeError'{0x00000000eca2b800}: Found class java.lang.Object, but interface was expected> (0x00000000eca2b800) thrown at [./src/hotspot/share/interpreter/linkResolver.cpp, line 839]
Event: 181.431 Thread 0x0000020ddd81d800 Exception <a 'java/lang/NoSuchMethodError'{0x00000000ec92e738}: 'void java.lang.invoke.DirectMethodHandle$Holder.invokeVirtual(java.lang.Object, java.lang.Object, int, java.lang.Object)'> (0x00000000ec92e738) thrown at [./src/hotspot/share/interpreter/linkResolver.cpp, line 773]
Event: 182.810 Thread 0x0000020ddd81d800 Exception <a 'java/lang/NoSuchMethodError'{0x00000000edd60318}: 'java.lang.Object java.lang.invoke.DirectMethodHandle$Holder.newInvokeSpecial(java.lang.Object, int)'> (0x00000000edd60318) thrown at [./src/hotspot/share/interpreter/linkResolver.cpp, line 773]
Event: 184.342 Thread 0x0000020ddd81d800 Exception <a 'java/lang/NoSuchMethodError'{0x00000000ed79d538}: 'java.lang.Object java.lang.invoke.DirectMethodHandle$Holder.invokeInterface(java.lang.Object, java.lang.Object, int)'> (0x00000000ed79d538) thrown at [./src/hotspot/share/interpreter/linkResolver.cpp, line 773]
Event: 185.700 Thread 0x0000020ddd81f000 Implicit null exception at 0x0000020dd212e0ed to 0x0000020dd212e118
Event: 195.042 Thread 0x0000020ddd81f000 Implicit null exception at 0x0000020dd19f4beb to 0x0000020dd19f4c0c
Event: 197.246 Thread 0x0000020ddd81f000 Exception <a 'java/lang/NoSuchMethodError'{0x00000000ec86fcb8}: 'int java.lang.invoke.DirectMethodHandle$Holder.invokeInterface(java.lang.Object, java.lang.Object, int)'> (0x00000000ec86fcb8) thrown at [./src/hotspot/share/interpreter/linkResolver.cpp, line 773]

Events (20 events):
Event: 217.680 Thread 0x0000020ddc9ee000 flushing nmethod 0x0000020dcaeef290
Event: 217.681 Thread 0x0000020ddc9ee000 flushing nmethod 0x0000020dcaf10790
Event: 217.682 Thread 0x0000020ddc9ee000 flushing nmethod 0x0000020dcafd8390
Event: 217.682 Thread 0x0000020ddc9ee000 flushing nmethod 0x0000020dcafd9310
Event: 217.682 Thread 0x0000020ddc9ee000 flushing nmethod 0x0000020dcafe1d10
Event: 217.682 Thread 0x0000020ddc9ee000 flushing nmethod 0x0000020dcafe2790
Event: 217.682 Thread 0x0000020ddc9ee000 flushing nmethod 0x0000020dcafee390
Event: 217.682 Thread 0x0000020ddc9ee000 flushing nmethod 0x0000020dcafef510
Event: 217.682 Thread 0x0000020ddc9ee000 flushing nmethod 0x0000020dcafefe90
Event: 217.682 Thread 0x0000020ddc9ee000 flushing nmethod 0x0000020dcaff0490
Event: 217.682 Thread 0x0000020ddc9ee000 flushing nmethod 0x0000020dcaff6010
Event: 217.682 Thread 0x0000020ddc9ee000 flushing nmethod 0x0000020dcaff6590
Event: 217.683 Thread 0x0000020ddc9ee000 flushing nmethod 0x0000020dcaff8e90
Event: 217.683 Thread 0x0000020ddc9ee000 flushing nmethod 0x0000020dcaffe510
Event: 217.683 Thread 0x0000020ddc9ee000 flushing nmethod 0x0000020dcafff210
Event: 217.687 Thread 0x0000020ddc9ee000 flushing nmethod 0x0000020dcb2e2990
Event: 217.981 Executing VM operation: G1CollectForAllocation
Event: 218.036 Executing VM operation: G1CollectForAllocation done
Event: 219.212 Executing VM operation: G1CollectForAllocation
Event: 219.236 Executing VM operation: G1CollectForAllocation done


Dynamic libraries:
0x00007ff734ab0000 - 0x00007ff734aba000 	C:\Users\felip\OneDrive\Desktop\android-studio\jre\bin\java.exe
0x00007ff9eee70000 - 0x00007ff9ef065000 	C:\Windows\SYSTEM32\ntdll.dll
0x00007ff9e0a50000 - 0x00007ff9e0a66000 	C:\Program Files\Avast Software\Avast\aswhook.dll
0x00007ff9ecec0000 - 0x00007ff9ecf7e000 	C:\Windows\System32\KERNEL32.DLL
0x00007ff9ec870000 - 0x00007ff9ecb38000 	C:\Windows\System32\KERNELBASE.dll
0x00007ff9ec6d0000 - 0x00007ff9ec7d0000 	C:\Windows\System32\ucrtbase.dll
0x00007ff9e1630000 - 0x00007ff9e1649000 	C:\Users\felip\OneDrive\Desktop\android-studio\jre\bin\jli.dll
0x00007ff9eec80000 - 0x00007ff9eee21000 	C:\Windows\System32\USER32.dll
0x00007ff9ece90000 - 0x00007ff9eceb2000 	C:\Windows\System32\win32u.dll
0x00007ff9ee350000 - 0x00007ff9ee37b000 	C:\Windows\System32\GDI32.dll
0x00007ff9ecd00000 - 0x00007ff9ece0b000 	C:\Windows\System32\gdi32full.dll
0x00007ff9e0400000 - 0x00007ff9e069a000 	C:\Windows\WinSxS\amd64_microsoft.windows.common-controls_6595b64144ccf1df_6.0.19041.1110_none_60b5254171f9507e\COMCTL32.dll
0x00007ff9ec7d0000 - 0x00007ff9ec86d000 	C:\Windows\System32\msvcp_win.dll
0x00007ff9d7250000 - 0x00007ff9d7267000 	C:\Users\felip\OneDrive\Desktop\android-studio\jre\bin\VCRUNTIME140.dll
0x00007ff9ed270000 - 0x00007ff9ed30e000 	C:\Windows\System32\msvcrt.dll
0x00007ff9ed690000 - 0x00007ff9ed6c0000 	C:\Windows\System32\IMM32.DLL
0x00007ff9cbd20000 - 0x00007ff9cbdbd000 	C:\Users\felip\OneDrive\Desktop\android-studio\jre\bin\msvcp140.dll
0x00007ff9c0d50000 - 0x00007ff9c1825000 	C:\Users\felip\OneDrive\Desktop\android-studio\jre\bin\server\jvm.dll
0x00007ff9ee600000 - 0x00007ff9ee6ac000 	C:\Windows\System32\ADVAPI32.dll
0x00007ff9ed6c0000 - 0x00007ff9ed75b000 	C:\Windows\System32\sechost.dll
0x00007ff9edec0000 - 0x00007ff9edfea000 	C:\Windows\System32\RPCRT4.dll
0x00007ff9ee740000 - 0x00007ff9ee748000 	C:\Windows\System32\PSAPI.DLL
0x00007ff9e0a70000 - 0x00007ff9e0a7a000 	C:\Windows\SYSTEM32\VERSION.dll
0x00007ff9ddaf0000 - 0x00007ff9ddaf9000 	C:\Windows\SYSTEM32\WSOCK32.dll
0x00007ff9d4c70000 - 0x00007ff9d4c97000 	C:\Windows\SYSTEM32\WINMM.dll
0x00007ff9ee440000 - 0x00007ff9ee4ab000 	C:\Windows\System32\WS2_32.dll
0x00007ff9ea3b0000 - 0x00007ff9ea3c2000 	C:\Windows\SYSTEM32\kernel.appcore.dll
0x00007ff9e80a0000 - 0x00007ff9e80b1000 	C:\Users\felip\OneDrive\Desktop\android-studio\jre\bin\verify.dll
0x00007ff9e0860000 - 0x00007ff9e0a44000 	C:\Windows\SYSTEM32\DBGHELP.DLL
0x00007ff9e0830000 - 0x00007ff9e085c000 	C:\Windows\SYSTEM32\dbgcore.DLL
0x00007ff9ec590000 - 0x00007ff9ec613000 	C:\Windows\System32\bcryptPrimitives.dll
0x00007ff9e5f40000 - 0x00007ff9e5f69000 	C:\Users\felip\OneDrive\Desktop\android-studio\jre\bin\java.dll
0x00007ff9e9e80000 - 0x00007ff9e9e8b000 	C:\Users\felip\OneDrive\Desktop\android-studio\jre\bin\jimage.dll
0x00007ff9e5f20000 - 0x00007ff9e5f38000 	C:\Users\felip\OneDrive\Desktop\android-studio\jre\bin\zip.dll
0x00007ff9ed760000 - 0x00007ff9ede9f000 	C:\Windows\System32\SHELL32.dll
0x00007ff9ea690000 - 0x00007ff9eae20000 	C:\Windows\SYSTEM32\windows.storage.dll
0x00007ff9edff0000 - 0x00007ff9ee345000 	C:\Windows\System32\combase.dll
0x00007ff9ebf10000 - 0x00007ff9ebf3e000 	C:\Windows\SYSTEM32\Wldp.dll
0x00007ff9ee750000 - 0x00007ff9ee7fd000 	C:\Windows\System32\SHCORE.dll
0x00007ff9ed130000 - 0x00007ff9ed185000 	C:\Windows\System32\shlwapi.dll
0x00007ff9ec4d0000 - 0x00007ff9ec4ef000 	C:\Windows\SYSTEM32\profapi.dll
0x00007ff9e5ea0000 - 0x00007ff9e5eba000 	C:\Users\felip\OneDrive\Desktop\android-studio\jre\bin\net.dll
0x00007ff9e37b0000 - 0x00007ff9e38bc000 	C:\Windows\SYSTEM32\WINHTTP.dll
0x00007ff9ebc70000 - 0x00007ff9ebcda000 	C:\Windows\system32\mswsock.dll
0x00007ff9e5e80000 - 0x00007ff9e5e94000 	C:\Users\felip\OneDrive\Desktop\android-studio\jre\bin\nio.dll
0x00007ff9d4f40000 - 0x00007ff9d4f67000 	C:\Users\felip\.gradle\native\8bec1ad78214c89d9ad589b4d07fe93259594b29d510b10fafb7a158f7737e5d\windows-amd64\native-platform.dll
0x00007ff9cdb40000 - 0x00007ff9cdc7d000 	C:\Users\felip\.gradle\native\53dbd7edfb1c66fb8903c78663c9afc45aea4f116125fa6feffd364cf09443e8\windows-amd64\native-platform-file-events.dll
0x00007ff9e8300000 - 0x00007ff9e830a000 	C:\Users\felip\OneDrive\Desktop\android-studio\jre\bin\management.dll
0x00007ff9e75f0000 - 0x00007ff9e75fd000 	C:\Users\felip\OneDrive\Desktop\android-studio\jre\bin\management_ext.dll
0x00007ff9ebe70000 - 0x00007ff9ebe88000 	C:\Windows\SYSTEM32\CRYPTSP.dll
0x00007ff9eb5f0000 - 0x00007ff9eb624000 	C:\Windows\system32\rsaenh.dll
0x00007ff9ece60000 - 0x00007ff9ece87000 	C:\Windows\System32\bcrypt.dll
0x00007ff9ec450000 - 0x00007ff9ec47e000 	C:\Windows\SYSTEM32\USERENV.dll
0x00007ff9ebe60000 - 0x00007ff9ebe6c000 	C:\Windows\SYSTEM32\CRYPTBASE.dll
0x00007ff9eb960000 - 0x00007ff9eb99b000 	C:\Windows\SYSTEM32\IPHLPAPI.DLL
0x00007ff9ee380000 - 0x00007ff9ee388000 	C:\Windows\System32\NSI.dll
0x00007ff9e6bc0000 - 0x00007ff9e6bd7000 	C:\Windows\SYSTEM32\dhcpcsvc6.DLL
0x00007ff9e5c80000 - 0x00007ff9e5c9d000 	C:\Windows\SYSTEM32\dhcpcsvc.DLL
0x00007ff9eb9a0000 - 0x00007ff9eba6b000 	C:\Windows\SYSTEM32\DNSAPI.dll

dbghelp: loaded successfully - version: 4.0.5 - missing functions: none
symbol engine: initialized successfully - sym options: 0x614 - pdb path: .;C:\Users\felip\OneDrive\Desktop\android-studio\jre\bin;C:\Windows\SYSTEM32;C:\Program Files\Avast Software\Avast;C:\Windows\WinSxS\amd64_microsoft.windows.common-controls_6595b64144ccf1df_6.0.19041.1110_none_60b5254171f9507e;C:\Users\felip\OneDrive\Desktop\android-studio\jre\bin\server;C:\Users\felip\.gradle\native\8bec1ad78214c89d9ad589b4d07fe93259594b29d510b10fafb7a158f7737e5d\windows-amd64;C:\Users\felip\.gradle\native\53dbd7edfb1c66fb8903c78663c9afc45aea4f116125fa6feffd364cf09443e8\windows-amd64

VM Arguments:
jvm_args: --add-opens=java.base/java.util=ALL-UNNAMED --add-opens=java.base/java.lang=ALL-UNNAMED --add-opens=java.base/java.lang.invoke=ALL-UNNAMED --add-opens=java.base/java.util=ALL-UNNAMED --add-opens=java.prefs/java.util.prefs=ALL-UNNAMED --add-opens=java.prefs/java.util.prefs=ALL-UNNAMED --add-opens=java.base/java.nio.charset=ALL-UNNAMED --add-opens=java.base/java.net=ALL-UNNAMED --add-opens=java.base/java.util.concurrent.atomic=ALL-UNNAMED -Xmx512m -Dfile.encoding=UTF-8 -Duser.country=US -Duser.language=en -Duser.variant 
java_command: org.gradle.launcher.daemon.bootstrap.GradleDaemon 7.0.2
java_class_path (initial): C:\Users\felip\.gradle\wrapper\dists\gradle-7.0.2-bin\857tjihv64xamwrf0h14cai3r\gradle-7.0.2\lib\gradle-launcher-7.0.2.jar
Launcher Type: SUN_STANDARD

[Global flags]
     intx CICompilerCount                          = 2                                         {product} {ergonomic}
     uint ConcGCThreads                            = 1                                         {product} {ergonomic}
     uint G1ConcRefinementThreads                  = 2                                         {product} {ergonomic}
   size_t G1HeapRegionSize                         = 1048576                                   {product} {ergonomic}
    uintx GCDrainStackTargetSize                   = 64                                        {product} {ergonomic}
   size_t InitialHeapSize                          = 67108864                                  {product} {ergonomic}
   size_t MarkStackSize                            = 4194304                                   {product} {ergonomic}
   size_t MaxHeapSize                              = 536870912                                 {product} {command line}
   size_t MaxNewSize                               = 321912832                                 {product} {ergonomic}
   size_t MinHeapDeltaBytes                        = 1048576                                   {product} {ergonomic}
    uintx NonNMethodCodeHeapSize                   = 5825164                                {pd product} {ergonomic}
    uintx NonProfiledCodeHeapSize                  = 122916538                              {pd product} {ergonomic}
    uintx ProfiledCodeHeapSize                     = 122916538                              {pd product} {ergonomic}
    uintx ReservedCodeCacheSize                    = 251658240                              {pd product} {ergonomic}
     bool SegmentedCodeCache                       = true                                      {product} {ergonomic}
     bool UseCompressedClassPointers               = true                                 {lp64_product} {ergonomic}
     bool UseCompressedOops                        = true                                 {lp64_product} {ergonomic}
     bool UseG1GC                                  = true                                      {product} {ergonomic}
     bool UseLargePagesIndividualAllocation        = false                                  {pd product} {ergonomic}

Logging:
Log output configuration:
 #0: stdout all=warning uptime,level,tags
 #1: stderr all=off uptime,level,tags

Environment Variables:
PATH=C:\Program Files\Common Files\Oracle\Java\javapath;C:\Program Files (x86)\Common Files\Oracle\Java\javapath;C:\Windows\system32;C:\Windows;C:\Windows\System32\Wbem;C:\Windows\System32\WindowsPowerShell\v1.0\;C:\Windows\System32\OpenSSH\;C:\ProgramData\chocolatey\bin;C:\Program Files (x86)\Yarn\bin\;C:\Program Files\Git\cmd;C:\Program Files\nodejs\;C:\Users\felip\AppData\Local\Microsoft\WindowsApps;C:\Users\felip\AppData\Local\Programs\Microsoft VS Code\bin;C:\Users\felip\AppData\Local\Yarn\bin;C:\Users\felip\AppData\Local\GitHubDesktop\bin;C:\Users\felip\AppData\Roaming\npm
USERNAME=felip
OS=Windows_NT
PROCESSOR_IDENTIFIER=Intel64 Family 6 Model 23 Stepping 10, GenuineIntel



---------------  S Y S T E M  ---------------

OS: Windows 10 , 64 bit Build 19041 (10.0.19041.1348)
OS uptime: 1 days 18:42 hours

CPU:total 2 (initial active 2) (2 cores per cpu, 1 threads per core) family 6 model 23 stepping 10 microcode 0xa0c, cmov, cx8, fxsr, mmx, sse, sse2, sse3, ssse3, tsc

Memory: 4k page, system-wide physical 4061M (22M free)
TotalPageFile size 4061M (AvailPageFile size 3M)
current process WorkingSet (physical memory assigned to process): 201M, peak: 369M
current process commit charge ("private bytes"): 557M, peak: 557M

vm_info: OpenJDK 64-Bit Server VM (11.0.11+9-b60-7590822) for windows-amd64 JRE (11.0.11+9-b60-7590822), built on Jul 29 2021 21:43:44 by "builder" with MS VC++ 14.0 (VS2015)

END.
