#
# There is insufficient memory for the Java Runtime Environment to continue.
# Native memory allocation (malloc) failed to allocate 984336 bytes for Chunk::new
# Possible reasons:
#   The system is out of physical RAM or swap space
#   The process is running with CompressedOops enabled, and the Java Heap may be blocking the growth of the native heap
# Possible solutions:
#   Reduce memory load on the system
#   Increase physical memory or swap space
#   Check if swap backing store is full
#   Decrease Java heap size (-Xmx/-Xms)
#   Decrease number of Java threads
#   Decrease Java thread stack sizes (-Xss)
#   Set larger code cache with -XX:ReservedCodeCacheSize=
#   JVM is running with Unscaled Compressed Oops mode in which the Java heap is
#     placed in the first 4GB address space. The Java Heap base address is the
#     maximum limit for the native heap growth. Please use -XX:HeapBaseMinAddress
#     to set the Java Heap base and to place the Java Heap above 4GB virtual address.
# This output file may be truncated or incomplete.
#
#  Out of Memory Error (./src/hotspot/share/memory/arena.cpp:197), pid=6276, tid=9568
#
# JRE version: OpenJDK Runtime Environment (11.0.10) (build 11.0.10+0-b96-7249189)
# Java VM: OpenJDK 64-Bit Server VM (11.0.10+0-b96-7249189, mixed mode, tiered, compressed oops, g1 gc, windows-amd64)
# No core dump will be written. Minidumps are not enabled by default on client versions of Windows
#

---------------  S U M M A R Y ------------

Command Line: --add-opens=java.base/java.util=ALL-UNNAMED --add-opens=java.base/java.lang=ALL-UNNAMED --add-opens=java.base/java.lang.invoke=ALL-UNNAMED --add-opens=java.base/java.util=ALL-UNNAMED --add-opens=java.prefs/java.util.prefs=ALL-UNNAMED --add-opens=java.prefs/java.util.prefs=ALL-UNNAMED --add-opens=java.base/java.nio.charset=ALL-UNNAMED --add-opens=java.base/java.net=ALL-UNNAMED --add-opens=java.base/java.util.concurrent.atomic=ALL-UNNAMED -Xmx2048m -Dfile.encoding=UTF-8 -Duser.country=US -Duser.language=en -Duser.variant org.gradle.launcher.daemon.bootstrap.GradleDaemon 7.0.2

Host: Celeron(R) Dual-Core CPU       T3500  @ 2.10GHz, 2 cores, 3G,  Windows 10 , 64 bit Build 19041 (10.0.19041.1202)
Time: Mon Nov  1 09:05:51 2021 E. South America Standard Time elapsed time: 28.395902 seconds (0d 0h 0m 28s)

---------------  T H R E A D  ---------------

Current thread (0x000001892d45f000):  JavaThread "C2 CompilerThread0" daemon [_thread_in_native, id=9568, stack(0x000000019d400000,0x000000019d500000)]


Current CompileTask:
C2:  28396 3986       4       groovy.lang.MetaClassImpl$1MOPIter::methodNameAction (325 bytes)

Stack: [0x000000019d400000,0x000000019d500000]
Native frames: (J=compiled Java code, j=interpreted, Vv=VM code, C=native code)
V  [jvm.dll+0x5ecfaa]
V  [jvm.dll+0x722bd5]
V  [jvm.dll+0x72412d]
V  [jvm.dll+0x7247e3]
V  [jvm.dll+0x242928]
V  [jvm.dll+0xbc4fc]
V  [jvm.dll+0xbca0c]
V  [jvm.dll+0x352d7d]
V  [jvm.dll+0x197e0c]
V  [jvm.dll+0x1fb70e]
V  [jvm.dll+0x1fa7f4]
V  [jvm.dll+0x18354c]
V  [jvm.dll+0x208ee7]
V  [jvm.dll+0x207731]
V  [jvm.dll+0x6eb1cf]
V  [jvm.dll+0x6e3d45]
V  [jvm.dll+0x5ebe96]
C  [ucrtbase.dll+0x21bb2]
C  [KERNEL32.DLL+0x17034]
C  [ntdll.dll+0x52651]


---------------  P R O C E S S  ---------------

Threads class SMR info:
_java_thread_list=0x00000189328ec6d0, length=34, elements={
0x0000018913d6f000, 0x000001892d3f3800, 0x000001892d3f7000, 0x000001892d450800,
0x000001892d452800, 0x000001892d455000, 0x000001892d45f000, 0x000001892d460800,
0x000001892ddcb000, 0x000001892debe800, 0x000001892f541800, 0x000001892f1b6800,
0x000001892f686800, 0x000001892fba0800, 0x000001892f2e1000, 0x000001892ee08000,
0x000001892ee38000, 0x000001892f671000, 0x000001892f850800, 0x000001892f835800,
0x000001892f832800, 0x000001892f838000, 0x000001892f836800, 0x000001892f833000,
0x000001892f837000, 0x000001892f839000, 0x000001892f834000, 0x000001892f835000,
0x000001893097b800, 0x000001893097a000, 0x000001893097f000, 0x0000018930979800,
0x0000018930980000, 0x000001893097b000
}

Java Threads: ( => current thread )
  0x0000018913d6f000 JavaThread "main" [_thread_blocked, id=5172, stack(0x000000019c800000,0x000000019c900000)]
  0x000001892d3f3800 JavaThread "Reference Handler" daemon [_thread_blocked, id=8492, stack(0x000000019cf00000,0x000000019d000000)]
  0x000001892d3f7000 JavaThread "Finalizer" daemon [_thread_blocked, id=4804, stack(0x000000019d000000,0x000000019d100000)]
  0x000001892d450800 JavaThread "Signal Dispatcher" daemon [_thread_blocked, id=4524, stack(0x000000019d100000,0x000000019d200000)]
  0x000001892d452800 JavaThread "Attach Listener" daemon [_thread_blocked, id=7816, stack(0x000000019d200000,0x000000019d300000)]
  0x000001892d455000 JavaThread "Service Thread" daemon [_thread_blocked, id=4020, stack(0x000000019d300000,0x000000019d400000)]
=>0x000001892d45f000 JavaThread "C2 CompilerThread0" daemon [_thread_in_native, id=9568, stack(0x000000019d400000,0x000000019d500000)]
  0x000001892d460800 JavaThread "C1 CompilerThread0" daemon [_thread_blocked, id=7680, stack(0x000000019d500000,0x000000019d600000)]
  0x000001892ddcb000 JavaThread "Sweeper thread" daemon [_thread_blocked, id=5676, stack(0x000000019d600000,0x000000019d700000)]
  0x000001892debe800 JavaThread "Common-Cleaner" daemon [_thread_blocked, id=9644, stack(0x000000019d700000,0x000000019d800000)]
  0x000001892f541800 JavaThread "Daemon health stats" [_thread_blocked, id=5652, stack(0x000000019da00000,0x000000019db00000)]
  0x000001892f1b6800 JavaThread "Incoming local TCP Connector on port 6088" [_thread_in_native, id=9560, stack(0x000000019db00000,0x000000019dc00000)]
  0x000001892f686800 JavaThread "Daemon periodic checks" [_thread_blocked, id=1236, stack(0x000000019dc00000,0x000000019dd00000)]
  0x000001892fba0800 JavaThread "Daemon" [_thread_blocked, id=904, stack(0x000000019dd00000,0x000000019de00000)]
  0x000001892f2e1000 JavaThread "Handler for socket connection from /127.0.0.1:6088 to /127.0.0.1:6089" [_thread_in_native, id=5624, stack(0x000000019de00000,0x000000019df00000)]
  0x000001892ee08000 JavaThread "Cancel handler" [_thread_blocked, id=7812, stack(0x000000019df00000,0x000000019e000000)]
  0x000001892ee38000 JavaThread "Daemon worker" [_thread_in_vm, id=2228, stack(0x000000019e000000,0x000000019e100000)]
  0x000001892f671000 JavaThread "Asynchronous log dispatcher for DefaultDaemonConnection: socket connection from /127.0.0.1:6088 to /127.0.0.1:6089" [_thread_blocked, id=9616, stack(0x000000019e100000,0x000000019e200000)]
  0x000001892f850800 JavaThread "Stdin handler" [_thread_blocked, id=236, stack(0x000000019e200000,0x000000019e300000)]
  0x000001892f835800 JavaThread "Daemon client event forwarder" [_thread_blocked, id=4912, stack(0x000000019e300000,0x000000019e400000)]
  0x000001892f832800 JavaThread "Cache worker for file hash cache (C:\Users\felip\.gradle\caches\7.0.2\fileHashes)" [_thread_blocked, id=5872, stack(0x000000019e400000,0x000000019e500000)]
  0x000001892f838000 JavaThread "File lock request listener" [_thread_in_native, id=9000, stack(0x000000019e500000,0x000000019e600000)]
  0x000001892f836800 JavaThread "Cache worker for journal cache (C:\Users\felip\.gradle\caches\journal-1)" [_thread_blocked, id=6360, stack(0x000000019e600000,0x000000019e700000)]
  0x000001892f833000 JavaThread "Cache worker for file hash cache (C:\Users\felip\AndroidStudioProjects\VideoApp\.gradle\7.0.2\fileHashes)" [_thread_blocked, id=8576, stack(0x000000019e700000,0x000000019e800000)]
  0x000001892f837000 JavaThread "File watcher server" daemon [_thread_in_native, id=8588, stack(0x000000019e800000,0x000000019e900000)]
  0x000001892f839000 JavaThread "File watcher consumer" daemon [_thread_blocked, id=6464, stack(0x000000019e900000,0x000000019ea00000)]
  0x000001892f834000 JavaThread "jar transforms" [_thread_blocked, id=8992, stack(0x000000019ea00000,0x000000019eb00000)]
  0x000001892f835000 JavaThread "jar transforms Thread 2" [_thread_blocked, id=3244, stack(0x000000019eb00000,0x000000019ec00000)]
  0x000001893097b800 JavaThread "Cache worker for checksums cache (C:\Users\felip\AndroidStudioProjects\VideoApp\.gradle\checksums)" [_thread_blocked, id=2604, stack(0x000000019ec00000,0x000000019ed00000)]
  0x000001893097a000 JavaThread "Cache worker for cache directory md-supplier (C:\Users\felip\.gradle\caches\7.0.2\md-supplier)" [_thread_blocked, id=836, stack(0x000000019ed00000,0x000000019ee00000)]
  0x000001893097f000 JavaThread "Cache worker for cache directory md-rule (C:\Users\felip\.gradle\caches\7.0.2\md-rule)" [_thread_blocked, id=5976, stack(0x000000019ee00000,0x000000019ef00000)]
  0x0000018930979800 JavaThread "Cache worker for execution history cache (C:\Users\felip\.gradle\caches\7.0.2\executionHistory)" [_thread_blocked, id=5072, stack(0x000000019ef00000,0x000000019f000000)]
  0x0000018930980000 JavaThread "Cache worker for file content cache (C:\Users\felip\.gradle\caches\7.0.2\fileContent)" [_thread_blocked, id=1128, stack(0x000000019f000000,0x000000019f100000)]
  0x000001893097b000 JavaThread "Cache worker for dependencies-accessors (C:\Users\felip\AndroidStudioProjects\VideoApp\.gradle\7.0.2\dependencies-accessors)" [_thread_new, id=8804, stack(0x0000000000000000,0x0000000000000000)]

Other Threads:
  0x000001892d3eb000 VMThread "VM Thread" [stack: 0x000000019ce00000,0x000000019cf00000] [id=5232]
  0x000001892dede000 WatcherThread [stack: 0x000000019d800000,0x000000019d900000] [id=8756]
  0x0000018913d8b800 GCTaskThread "GC Thread#0" [stack: 0x000000019c900000,0x000000019ca00000] [id=5380]
  0x000001892dfcb800 GCTaskThread "GC Thread#1" [stack: 0x000000019d900000,0x000000019da00000] [id=276]
  0x0000018913dbc000 ConcurrentGCThread "G1 Main Marker" [stack: 0x000000019ca00000,0x000000019cb00000] [id=7144]
  0x0000018913dbd800 ConcurrentGCThread "G1 Conc#0" [stack: 0x000000019cb00000,0x000000019cc00000] [id=6120]
  0x0000018913e0d800 ConcurrentGCThread "G1 Refine#0" [stack: 0x000000019cc00000,0x000000019cd00000] [id=8524]
  0x0000018913e0f000 ConcurrentGCThread "G1 Young RemSet Sampling" [stack: 0x000000019cd00000,0x000000019ce00000] [id=3484]

Threads with active compile tasks:
C2 CompilerThread0  29325 3986       4       groovy.lang.MetaClassImpl$1MOPIter::methodNameAction (325 bytes)

VM state:not at safepoint (normal execution)

VM Mutex/Monitor currently owned by a thread: None

Heap address: 0x0000000080000000, size: 2048 MB, Compressed Oops mode: 32-bit
Narrow klass base: 0x0000000000000000, Narrow klass shift: 3
Compressed class space size: 1073741824 Address: 0x0000000100000000

Heap:
 garbage-first heap   total 95232K, used 65801K [0x0000000080000000, 0x0000000100000000)
  region size 1024K, 14 young (14336K), 2 survivors (2048K)
 Metaspace       used 45305K, capacity 46483K, committed 46592K, reserved 1089536K
  class space    used 5715K, capacity 6127K, committed 6144K, reserved 1048576K
Heap Regions: E=young(eden), S=young(survivor), O=old, HS=humongous(starts), HC=humongous(continues), CS=collection set, F=free, A=archive, TAMS=top-at-mark-start (previous, next)
|   0|0x0000000080000000, 0x0000000080100000, 0x0000000080100000|100%| O|  |TAMS 0x0000000080100000, 0x0000000080000000| Untracked 
|   1|0x0000000080100000, 0x0000000080200000, 0x0000000080200000|100%| O|  |TAMS 0x0000000080200000, 0x0000000080100000| Untracked 
|   2|0x0000000080200000, 0x0000000080300000, 0x0000000080300000|100%| O|  |TAMS 0x0000000080300000, 0x0000000080200000| Untracked 
|   3|0x0000000080300000, 0x0000000080400000, 0x0000000080400000|100%| O|  |TAMS 0x0000000080400000, 0x0000000080300000| Untracked 
|   4|0x0000000080400000, 0x0000000080500000, 0x0000000080500000|100%|HS|  |TAMS 0x0000000080500000, 0x0000000080400000| Complete 
|   5|0x0000000080500000, 0x0000000080600000, 0x0000000080600000|100%|HC|  |TAMS 0x0000000080600000, 0x0000000080500000| Complete 
|   6|0x0000000080600000, 0x0000000080700000, 0x0000000080700000|100%|HC|  |TAMS 0x0000000080700000, 0x0000000080600000| Complete 
|   7|0x0000000080700000, 0x0000000080800000, 0x0000000080800000|100%| O|  |TAMS 0x0000000080800000, 0x0000000080700000| Untracked 
|   8|0x0000000080800000, 0x0000000080900000, 0x0000000080900000|100%| O|  |TAMS 0x0000000080900000, 0x0000000080800000| Untracked 
|   9|0x0000000080900000, 0x0000000080a00000, 0x0000000080a00000|100%| O|  |TAMS 0x0000000080a00000, 0x0000000080900000| Untracked 
|  10|0x0000000080a00000, 0x0000000080b00000, 0x0000000080b00000|100%| O|  |TAMS 0x0000000080b00000, 0x0000000080a00000| Untracked 
|  11|0x0000000080b00000, 0x0000000080c00000, 0x0000000080c00000|100%| O|  |TAMS 0x0000000080c00000, 0x0000000080b00000| Untracked 
|  12|0x0000000080c00000, 0x0000000080d00000, 0x0000000080d00000|100%| O|  |TAMS 0x0000000080d00000, 0x0000000080c00000| Untracked 
|  13|0x0000000080d00000, 0x0000000080e00000, 0x0000000080e00000|100%| O|  |TAMS 0x0000000080e00000, 0x0000000080d00000| Untracked 
|  14|0x0000000080e00000, 0x0000000080f00000, 0x0000000080f00000|100%| O|  |TAMS 0x0000000080f00000, 0x0000000080e00000| Untracked 
|  15|0x0000000080f00000, 0x0000000081000000, 0x0000000081000000|100%| O|  |TAMS 0x0000000081000000, 0x0000000080f00000| Untracked 
|  16|0x0000000081000000, 0x0000000081100000, 0x0000000081100000|100%|HS|  |TAMS 0x0000000081100000, 0x0000000081000000| Complete 
|  17|0x0000000081100000, 0x0000000081200000, 0x0000000081200000|100%|HC|  |TAMS 0x0000000081200000, 0x0000000081100000| Complete 
|  18|0x0000000081200000, 0x0000000081300000, 0x0000000081300000|100%|HS|  |TAMS 0x0000000081300000, 0x0000000081200000| Complete 
|  19|0x0000000081300000, 0x0000000081400000, 0x0000000081400000|100%|HC|  |TAMS 0x0000000081400000, 0x0000000081300000| Complete 
|  20|0x0000000081400000, 0x0000000081500000, 0x0000000081500000|100%|HC|  |TAMS 0x0000000081500000, 0x0000000081400000| Complete 
|  21|0x0000000081500000, 0x0000000081600000, 0x0000000081600000|100%|HS|  |TAMS 0x0000000081600000, 0x0000000081500000| Complete 
|  22|0x0000000081600000, 0x0000000081700000, 0x0000000081700000|100%|HC|  |TAMS 0x0000000081700000, 0x0000000081600000| Complete 
|  23|0x0000000081700000, 0x0000000081800000, 0x0000000081800000|100%|HC|  |TAMS 0x0000000081800000, 0x0000000081700000| Complete 
|  24|0x0000000081800000, 0x0000000081900000, 0x0000000081900000|100%|HC|  |TAMS 0x0000000081900000, 0x0000000081800000| Complete 
|  25|0x0000000081900000, 0x0000000081a00000, 0x0000000081a00000|100%|HC|  |TAMS 0x0000000081a00000, 0x0000000081900000| Complete 
|  26|0x0000000081a00000, 0x0000000081b00000, 0x0000000081b00000|100%| O|  |TAMS 0x0000000081b00000, 0x0000000081a00000| Untracked 
|  27|0x0000000081b00000, 0x0000000081c00000, 0x0000000081c00000|100%| O|  |TAMS 0x0000000081c00000, 0x0000000081b00000| Untracked 
|  28|0x0000000081c00000, 0x0000000081d00000, 0x0000000081d00000|100%| O|  |TAMS 0x0000000081d00000, 0x0000000081c00000| Untracked 
|  29|0x0000000081d00000, 0x0000000081e00000, 0x0000000081e00000|100%| O|  |TAMS 0x0000000081e00000, 0x0000000081d00000| Untracked 
|  30|0x0000000081e00000, 0x0000000081f00000, 0x0000000081f00000|100%| O|  |TAMS 0x0000000081f00000, 0x0000000081e00000| Untracked 
|  31|0x0000000081f00000, 0x0000000082000000, 0x0000000082000000|100%| O|  |TAMS 0x0000000082000000, 0x0000000081f00000| Untracked 
|  32|0x0000000082000000, 0x0000000082100000, 0x0000000082100000|100%| O|  |TAMS 0x0000000082100000, 0x0000000082000000| Untracked 
|  33|0x0000000082100000, 0x0000000082200000, 0x0000000082200000|100%| O|  |TAMS 0x0000000082200000, 0x0000000082100000| Untracked 
|  34|0x0000000082200000, 0x0000000082300000, 0x0000000082300000|100%| O|  |TAMS 0x0000000082300000, 0x0000000082200000| Untracked 
|  35|0x0000000082300000, 0x0000000082400000, 0x0000000082400000|100%| O|  |TAMS 0x0000000082400000, 0x0000000082300000| Untracked 
|  36|0x0000000082400000, 0x0000000082500000, 0x0000000082500000|100%| O|  |TAMS 0x0000000082500000, 0x0000000082400000| Untracked 
|  37|0x0000000082500000, 0x0000000082600000, 0x0000000082600000|100%|HS|  |TAMS 0x0000000082600000, 0x0000000082500000| Complete 
|  38|0x0000000082600000, 0x0000000082700000, 0x0000000082700000|100%|HC|  |TAMS 0x0000000082700000, 0x0000000082600000| Complete 
|  39|0x0000000082700000, 0x0000000082800000, 0x0000000082800000|100%|HC|  |TAMS 0x0000000082800000, 0x0000000082700000| Complete 
|  40|0x0000000082800000, 0x0000000082900000, 0x0000000082900000|100%| O|  |TAMS 0x0000000082900000, 0x0000000082800000| Untracked 
|  41|0x0000000082900000, 0x0000000082a00000, 0x0000000082a00000|100%| O|  |TAMS 0x0000000082a00000, 0x0000000082900000| Untracked 
|  42|0x0000000082a00000, 0x0000000082b00000, 0x0000000082b00000|100%|HS|  |TAMS 0x0000000082b00000, 0x0000000082a00000| Complete 
|  43|0x0000000082b00000, 0x0000000082c00000, 0x0000000082c00000|100%|HC|  |TAMS 0x0000000082c00000, 0x0000000082b00000| Complete 
|  44|0x0000000082c00000, 0x0000000082d00000, 0x0000000082d00000|100%|HC|  |TAMS 0x0000000082d00000, 0x0000000082c00000| Complete 
|  45|0x0000000082d00000, 0x0000000082e00000, 0x0000000082e00000|100%|HC|  |TAMS 0x0000000082e00000, 0x0000000082d00000| Complete 
|  46|0x0000000082e00000, 0x0000000082f00000, 0x0000000082f00000|100%|HC|  |TAMS 0x0000000082f00000, 0x0000000082e00000| Complete 
|  47|0x0000000082f00000, 0x0000000083000000, 0x0000000083000000|100%| O|  |TAMS 0x0000000083000000, 0x0000000082f00000| Untracked 
|  48|0x0000000083000000, 0x0000000083100000, 0x0000000083100000|100%| O|  |TAMS 0x0000000083100000, 0x0000000083000000| Untracked 
|  49|0x0000000083100000, 0x0000000083200000, 0x0000000083200000|100%| O|  |TAMS 0x00000000831efc00, 0x0000000083100000| Untracked 
|  50|0x0000000083200000, 0x0000000083200000, 0x0000000083300000|  0%| F|  |TAMS 0x0000000083200000, 0x0000000083200000| Untracked 
|  51|0x0000000083300000, 0x0000000083400000, 0x0000000083400000|100%| O|  |TAMS 0x0000000083300000, 0x0000000083300000| Untracked 
|  52|0x0000000083400000, 0x0000000083496800, 0x0000000083500000| 58%| O|  |TAMS 0x0000000083400000, 0x0000000083400000| Untracked 
|  53|0x0000000083500000, 0x0000000083500000, 0x0000000083600000|  0%| F|  |TAMS 0x0000000083500000, 0x0000000083500000| Untracked 
|  54|0x0000000083600000, 0x0000000083600000, 0x0000000083700000|  0%| F|  |TAMS 0x0000000083600000, 0x0000000083600000| Untracked 
|  55|0x0000000083700000, 0x0000000083700000, 0x0000000083800000|  0%| F|  |TAMS 0x0000000083700000, 0x0000000083700000| Untracked 
|  56|0x0000000083800000, 0x0000000083800000, 0x0000000083900000|  0%| F|  |TAMS 0x0000000083800000, 0x0000000083800000| Untracked 
|  57|0x0000000083900000, 0x0000000083900000, 0x0000000083a00000|  0%| F|  |TAMS 0x0000000083900000, 0x0000000083900000| Untracked 
|  58|0x0000000083a00000, 0x0000000083a00000, 0x0000000083b00000|  0%| F|  |TAMS 0x0000000083a00000, 0x0000000083a00000| Untracked 
|  59|0x0000000083b00000, 0x0000000083b00000, 0x0000000083c00000|  0%| F|  |TAMS 0x0000000083b00000, 0x0000000083b00000| Untracked 
|  60|0x0000000083c00000, 0x0000000083c00000, 0x0000000083d00000|  0%| F|  |TAMS 0x0000000083c00000, 0x0000000083c00000| Untracked 
|  61|0x0000000083d00000, 0x0000000083d00000, 0x0000000083e00000|  0%| F|  |TAMS 0x0000000083d00000, 0x0000000083d00000| Untracked 
|  62|0x0000000083e00000, 0x0000000083e00000, 0x0000000083f00000|  0%| F|  |TAMS 0x0000000083e00000, 0x0000000083e00000| Untracked 
|  63|0x0000000083f00000, 0x0000000083f00000, 0x0000000084000000|  0%| F|  |TAMS 0x0000000083f00000, 0x0000000083f00000| Untracked 
|  64|0x0000000084000000, 0x0000000084000000, 0x0000000084100000|  0%| F|  |TAMS 0x0000000084000000, 0x0000000084000000| Untracked 
|  65|0x0000000084100000, 0x0000000084100000, 0x0000000084200000|  0%| F|  |TAMS 0x0000000084100000, 0x0000000084100000| Untracked 
|  66|0x0000000084200000, 0x0000000084200000, 0x0000000084300000|  0%| F|  |TAMS 0x0000000084200000, 0x0000000084200000| Untracked 
|  67|0x0000000084300000, 0x0000000084300000, 0x0000000084400000|  0%| F|  |TAMS 0x0000000084300000, 0x0000000084300000| Untracked 
|  68|0x0000000084400000, 0x0000000084400000, 0x0000000084500000|  0%| F|  |TAMS 0x0000000084400000, 0x0000000084400000| Untracked 
|  69|0x0000000084500000, 0x0000000084500000, 0x0000000084600000|  0%| F|  |TAMS 0x0000000084500000, 0x0000000084500000| Untracked 
|  70|0x0000000084600000, 0x0000000084600000, 0x0000000084700000|  0%| F|  |TAMS 0x0000000084600000, 0x0000000084600000| Untracked 
|  71|0x0000000084700000, 0x0000000084700000, 0x0000000084800000|  0%| F|  |TAMS 0x0000000084700000, 0x0000000084700000| Untracked 
|  72|0x0000000084800000, 0x0000000084800000, 0x0000000084900000|  0%| F|  |TAMS 0x0000000084800000, 0x0000000084800000| Untracked 
|  73|0x0000000084900000, 0x0000000084900000, 0x0000000084a00000|  0%| F|  |TAMS 0x0000000084900000, 0x0000000084900000| Untracked 
|  74|0x0000000084a00000, 0x0000000084aabc98, 0x0000000084b00000| 67%| S|CS|TAMS 0x0000000084a00000, 0x0000000084a00000| Complete 
|  75|0x0000000084b00000, 0x0000000084c00000, 0x0000000084c00000|100%| S|CS|TAMS 0x0000000084b00000, 0x0000000084b00000| Complete 
|  76|0x0000000084c00000, 0x0000000084c00000, 0x0000000084d00000|  0%| F|  |TAMS 0x0000000084c00000, 0x0000000084c00000| Untracked 
|  77|0x0000000084d00000, 0x0000000084d00000, 0x0000000084e00000|  0%| F|  |TAMS 0x0000000084d00000, 0x0000000084d00000| Untracked 
|  78|0x0000000084e00000, 0x0000000084e00000, 0x0000000084f00000|  0%| F|  |TAMS 0x0000000084e00000, 0x0000000084e00000| Untracked 
|  79|0x0000000084f00000, 0x0000000084f00000, 0x0000000085000000|  0%| F|  |TAMS 0x0000000084f00000, 0x0000000084f00000| Untracked 
|  80|0x0000000085000000, 0x000000008504b9d8, 0x0000000085100000| 29%| E|  |TAMS 0x0000000085000000, 0x0000000085000000| Complete 
|  81|0x0000000085100000, 0x0000000085200000, 0x0000000085200000|100%| E|CS|TAMS 0x0000000085100000, 0x0000000085100000| Complete 
|  82|0x0000000085200000, 0x0000000085300000, 0x0000000085300000|100%| E|CS|TAMS 0x0000000085200000, 0x0000000085200000| Complete 
|  83|0x0000000085300000, 0x0000000085400000, 0x0000000085400000|100%| E|CS|TAMS 0x0000000085300000, 0x0000000085300000| Complete 
|  84|0x0000000085400000, 0x0000000085500000, 0x0000000085500000|100%| E|CS|TAMS 0x0000000085400000, 0x0000000085400000| Complete 
|  85|0x0000000085500000, 0x0000000085600000, 0x0000000085600000|100%| E|CS|TAMS 0x0000000085500000, 0x0000000085500000| Complete 
|  86|0x0000000085600000, 0x0000000085700000, 0x0000000085700000|100%| E|CS|TAMS 0x0000000085600000, 0x0000000085600000| Complete 
|  87|0x0000000085700000, 0x0000000085800000, 0x0000000085800000|100%| E|CS|TAMS 0x0000000085700000, 0x0000000085700000| Complete 
|  88|0x0000000085800000, 0x0000000085900000, 0x0000000085900000|100%| E|CS|TAMS 0x0000000085800000, 0x0000000085800000| Complete 
|  89|0x0000000085900000, 0x0000000085a00000, 0x0000000085a00000|100%| E|CS|TAMS 0x0000000085900000, 0x0000000085900000| Complete 
|  90|0x0000000085a00000, 0x0000000085b00000, 0x0000000085b00000|100%| E|CS|TAMS 0x0000000085a00000, 0x0000000085a00000| Complete 
|  91|0x0000000085b00000, 0x0000000085c00000, 0x0000000085c00000|100%| E|CS|TAMS 0x0000000085b00000, 0x0000000085b00000| Complete 
|  92|0x0000000085c00000, 0x0000000085d00000, 0x0000000085d00000|100%| E|CS|TAMS 0x0000000085c00000, 0x0000000085c00000| Complete 

Card table byte_map: [0x0000018926860000,0x0000018926c60000] _byte_map_base: 0x0000018926460000

Marking Bits (Prev, Next): (CMBitMap*) 0x0000018913db3418, (CMBitMap*) 0x0000018913db3450
 Prev Bits: [0x0000018927060000, 0x0000018929060000)
 Next Bits: [0x0000018929060000, 0x000001892b060000)

Polling page: 0x0000018911ab0000

Metaspace:

Usage:
  Non-class:     39.41 MB capacity,    38.68 MB ( 98%) used,   640.20 KB (  2%) free+waste,   111.31 KB ( <1%) overhead. 
      Class:      5.98 MB capacity,     5.59 MB ( 93%) used,   353.08 KB (  6%) free+waste,    53.50 KB ( <1%) overhead. 
       Both:     45.40 MB capacity,    44.27 MB ( 98%) used,   993.28 KB (  2%) free+waste,   164.81 KB ( <1%) overhead. 

Virtual space:
  Non-class space:       40.00 MB reserved,      39.50 MB ( 99%) committed 
      Class space:        1.00 GB reserved,       6.00 MB ( <1%) committed 
             Both:        1.04 GB reserved,      45.50 MB (  4%) committed 

Chunk freelists:
   Non-Class:  26.00 KB
       Class:  16.00 KB
        Both:  42.00 KB

MaxMetaspaceSize: 17179869184.00 GB
CompressedClassSpaceSize: 1.00 GB

CodeHeap 'non-profiled nmethods': size=120064Kb used=1903Kb max_used=1903Kb free=118160Kb
 bounds [0x000001891f320000, 0x000001891f590000, 0x0000018926860000]
CodeHeap 'profiled nmethods': size=120000Kb used=8884Kb max_used=8884Kb free=111115Kb
 bounds [0x0000018917df0000, 0x00000189186a0000, 0x000001891f320000]
CodeHeap 'non-nmethods': size=5696Kb used=2204Kb max_used=2226Kb free=3492Kb
 bounds [0x0000018917860000, 0x0000018917ad0000, 0x0000018917df0000]
 total_blobs=4916 nmethods=4133 adapters=694
 compilation: enabled
              stopped_count=0, restarted_count=0
 full_count=0

Compilation events (20 events):
Event: 27.677 Thread 0x000001892d460800 3989       3       java.util.HashMap$Values::iterator (12 bytes)
Event: 27.677 Thread 0x000001892d460800 nmethod 3989 0x000001891863fb10 code [0x000001891863fce0, 0x000001891863ff48]
Event: 27.678 Thread 0x000001892d460800 3990       3       java.util.TreeMap::getFirstEntry (26 bytes)
Event: 27.678 Thread 0x000001892d460800 nmethod 3990 0x0000018918640010 code [0x00000189186401c0, 0x00000189186403b8]
Event: 27.678 Thread 0x000001892d460800 3991       3       java.util.TreeMap$PrivateEntryIterator::<init> (28 bytes)
Event: 27.679 Thread 0x000001892d460800 nmethod 3991 0x0000018918640490 code [0x0000018918640640, 0x0000018918640898]
Event: 27.799 Thread 0x000001892d460800 3992       3       com.google.common.collect.MapMakerInternalMap$StrongKeyWeakValueEntry::<init> (15 bytes)
Event: 27.800 Thread 0x000001892d460800 nmethod 3992 0x0000018918640990 code [0x0000018918640b60, 0x0000018918640e98]
Event: 27.800 Thread 0x000001892d460800 3993       3       com.google.common.collect.MapMakerInternalMap$WeakValueReferenceImpl::<init> (12 bytes)
Event: 27.801 Thread 0x000001892d460800 nmethod 3993 0x0000018918640f90 code [0x0000018918641160, 0x00000189186414f8]
Event: 27.833 Thread 0x000001892d460800 3994       3       org.codehaus.groovy.runtime.metaclass.MetaMethodIndex::resize (103 bytes)
Event: 27.833 Thread 0x000001892d460800 nmethod 3994 0x0000018918641610 code [0x0000018918641800, 0x0000018918641d98]
Event: 27.839 Thread 0x000001892d460800 3995       3       com.sun.beans.introspect.MethodInfo::resolve (12 bytes)
Event: 27.840 Thread 0x000001892d460800 nmethod 3995 0x0000018918641f90 code [0x00000189186421c0, 0x00000189186427b8]
Event: 27.886 Thread 0x000001892d460800 3996       3       com.google.common.collect.MapMakerInternalMap::putIfAbsent (29 bytes)
Event: 27.888 Thread 0x000001892d460800 nmethod 3996 0x0000018918642a90 code [0x0000018918642cc0, 0x00000189186433e8]
Event: 27.888 Thread 0x000001892d460800 3997       3       com.google.common.collect.MapMakerInternalMap$Segment::preWriteCleanup (5 bytes)
Event: 27.889 Thread 0x000001892d460800 nmethod 3997 0x0000018918643710 code [0x0000018918643920, 0x0000018918643fb8]
Event: 27.889 Thread 0x000001892d460800 3998       3       com.google.common.collect.MapMakerInternalMap$Segment::setValue (19 bytes)
Event: 27.889 Thread 0x000001892d460800 nmethod 3998 0x0000018918644210 code [0x00000189186443e0, 0x0000018918644678]

GC Heap History (20 events):
Event: 16.782 GC heap before
{Heap before GC invocations=10 (full 0):
 garbage-first heap   total 65536K, used 48464K [0x0000000080000000, 0x0000000100000000)
  region size 1024K, 20 young (20480K), 4 survivors (4096K)
 Metaspace       used 28888K, capacity 29675K, committed 29824K, reserved 1075200K
  class space    used 3844K, capacity 4137K, committed 4224K, reserved 1048576K
}
Event: 16.796 GC heap after
{Heap after GC invocations=11 (full 0):
 garbage-first heap   total 78848K, used 32849K [0x0000000080000000, 0x0000000100000000)
  region size 1024K, 1 young (1024K), 1 survivors (1024K)
 Metaspace       used 28888K, capacity 29675K, committed 29824K, reserved 1075200K
  class space    used 3844K, capacity 4137K, committed 4224K, reserved 1048576K
}
Event: 18.860 GC heap before
{Heap before GC invocations=11 (full 0):
 garbage-first heap   total 78848K, used 54353K [0x0000000080000000, 0x0000000100000000)
  region size 1024K, 22 young (22528K), 1 survivors (1024K)
 Metaspace       used 32195K, capacity 33041K, committed 33280K, reserved 1077248K
  class space    used 4298K, capacity 4598K, committed 4608K, reserved 1048576K
}
Event: 18.870 GC heap after
{Heap after GC invocations=12 (full 0):
 garbage-first heap   total 78848K, used 33659K [0x0000000080000000, 0x0000000100000000)
  region size 1024K, 2 young (2048K), 2 survivors (2048K)
 Metaspace       used 32195K, capacity 33041K, committed 33280K, reserved 1077248K
  class space    used 4298K, capacity 4598K, committed 4608K, reserved 1048576K
}
Event: 20.144 GC heap before
{Heap before GC invocations=12 (full 0):
 garbage-first heap   total 78848K, used 42875K [0x0000000080000000, 0x0000000100000000)
  region size 1024K, 12 young (12288K), 2 survivors (2048K)
 Metaspace       used 34710K, capacity 35603K, committed 35840K, reserved 1081344K
  class space    used 4509K, capacity 4835K, committed 4864K, reserved 1048576K
}
Event: 20.159 GC heap after
{Heap after GC invocations=13 (full 0):
 garbage-first heap   total 78848K, used 35147K [0x0000000080000000, 0x0000000100000000)
  region size 1024K, 3 young (3072K), 3 survivors (3072K)
 Metaspace       used 34710K, capacity 35603K, committed 35840K, reserved 1081344K
  class space    used 4509K, capacity 4835K, committed 4864K, reserved 1048576K
}
Event: 22.027 GC heap before
{Heap before GC invocations=14 (full 0):
 garbage-first heap   total 78848K, used 54603K [0x0000000080000000, 0x0000000100000000)
  region size 1024K, 23 young (23552K), 3 survivors (3072K)
 Metaspace       used 37786K, capacity 38706K, committed 38784K, reserved 1083392K
  class space    used 4882K, capacity 5207K, committed 5248K, reserved 1048576K
}
Event: 22.049 GC heap after
{Heap after GC invocations=15 (full 0):
 garbage-first heap   total 78848K, used 37501K [0x0000000080000000, 0x0000000100000000)
  region size 1024K, 3 young (3072K), 3 survivors (3072K)
 Metaspace       used 37786K, capacity 38706K, committed 38784K, reserved 1083392K
  class space    used 4882K, capacity 5207K, committed 5248K, reserved 1048576K
}
Event: 22.595 GC heap before
{Heap before GC invocations=15 (full 0):
 garbage-first heap   total 78848K, used 52861K [0x0000000080000000, 0x0000000100000000)
  region size 1024K, 20 young (20480K), 3 survivors (3072K)
 Metaspace       used 38182K, capacity 39118K, committed 39424K, reserved 1083392K
  class space    used 4932K, capacity 5257K, committed 5376K, reserved 1048576K
}
Event: 22.618 GC heap after
{Heap after GC invocations=16 (full 0):
 garbage-first heap   total 78848K, used 40457K [0x0000000080000000, 0x0000000100000000)
  region size 1024K, 3 young (3072K), 3 survivors (3072K)
 Metaspace       used 38182K, capacity 39118K, committed 39424K, reserved 1083392K
  class space    used 4932K, capacity 5257K, committed 5376K, reserved 1048576K
}
Event: 23.805 GC heap before
{Heap before GC invocations=17 (full 0):
 garbage-first heap   total 78848K, used 61961K [0x0000000080000000, 0x0000000100000000)
  region size 1024K, 21 young (21504K), 3 survivors (3072K)
 Metaspace       used 40628K, capacity 41691K, committed 41728K, reserved 1085440K
  class space    used 5203K, capacity 5603K, committed 5632K, reserved 1048576K
}
Event: 23.818 GC heap after
{Heap after GC invocations=18 (full 0):
 garbage-first heap   total 78848K, used 40401K [0x0000000080000000, 0x0000000100000000)
  region size 1024K, 1 young (1024K), 1 survivors (1024K)
 Metaspace       used 40628K, capacity 41691K, committed 41728K, reserved 1085440K
  class space    used 5203K, capacity 5603K, committed 5632K, reserved 1048576K
}
Event: 24.913 GC heap before
{Heap before GC invocations=18 (full 0):
 garbage-first heap   total 78848K, used 58833K [0x0000000080000000, 0x0000000100000000)
  region size 1024K, 20 young (20480K), 1 survivors (1024K)
 Metaspace       used 42023K, capacity 43144K, committed 43264K, reserved 1087488K
  class space    used 5406K, capacity 5812K, committed 5888K, reserved 1048576K
}
Event: 24.924 GC heap after
{Heap after GC invocations=19 (full 0):
 garbage-first heap   total 78848K, used 40839K [0x0000000080000000, 0x0000000100000000)
  region size 1024K, 2 young (2048K), 2 survivors (2048K)
 Metaspace       used 42023K, capacity 43144K, committed 43264K, reserved 1087488K
  class space    used 5406K, capacity 5812K, committed 5888K, reserved 1048576K
}
Event: 26.252 GC heap before
{Heap before GC invocations=20 (full 0):
 garbage-first heap   total 78848K, used 51079K [0x0000000080000000, 0x0000000100000000)
  region size 1024K, 8 young (8192K), 2 survivors (2048K)
 Metaspace       used 42245K, capacity 43355K, committed 43520K, reserved 1087488K
  class space    used 5423K, capacity 5855K, committed 5888K, reserved 1048576K
}
Event: 26.266 GC heap after
{Heap after GC invocations=21 (full 0):
 garbage-first heap   total 78848K, used 47953K [0x0000000080000000, 0x0000000100000000)
  region size 1024K, 3 young (3072K), 3 survivors (3072K)
 Metaspace       used 42245K, capacity 43355K, committed 43520K, reserved 1087488K
  class space    used 5423K, capacity 5855K, committed 5888K, reserved 1048576K
}
Event: 27.729 GC heap before
{Heap before GC invocations=22 (full 0):
 garbage-first heap   total 78848K, used 66385K [0x0000000080000000, 0x0000000100000000)
  region size 1024K, 18 young (18432K), 3 survivors (3072K)
 Metaspace       used 43103K, capacity 44298K, committed 44416K, reserved 1087488K
  class space    used 5535K, capacity 5975K, committed 6016K, reserved 1048576K
}
Event: 27.748 GC heap after
{Heap after GC invocations=23 (full 0):
 garbage-first heap   total 95232K, used 52551K [0x0000000080000000, 0x0000000100000000)
  region size 1024K, 3 young (3072K), 3 survivors (3072K)
 Metaspace       used 43103K, capacity 44298K, committed 44416K, reserved 1087488K
  class space    used 5535K, capacity 5975K, committed 6016K, reserved 1048576K
}
Event: 27.950 GC heap before
{Heap before GC invocations=23 (full 0):
 garbage-first heap   total 95232K, used 55623K [0x0000000080000000, 0x0000000100000000)
  region size 1024K, 8 young (8192K), 3 survivors (3072K)
 Metaspace       used 43407K, capacity 44618K, committed 44672K, reserved 1087488K
  class space    used 5560K, capacity 5975K, committed 6016K, reserved 1048576K
}
Event: 27.977 GC heap after
{Heap after GC invocations=24 (full 0):
 garbage-first heap   total 95232K, used 53508K [0x0000000080000000, 0x0000000100000000)
  region size 1024K, 3 young (3072K), 3 survivors (3072K)
 Metaspace       used 43407K, capacity 44618K, committed 44672K, reserved 1087488K
  class space    used 5560K, capacity 5975K, committed 6016K, reserved 1048576K
}

Deoptimization events (20 events):
Event: 26.905 Thread 0x000001892ee38000 DEOPT PACKING pc=0x000001891f43bec4 sp=0x000000019e0f86e0
Event: 26.905 Thread 0x000001892ee38000 DEOPT UNPACKING pc=0x0000018917886a29 sp=0x000000019e0f8480 mode 2
Event: 26.990 Thread 0x000001892ee38000 Uncommon trap: trap_request=0xffffffcc fr.pc=0x000001891f4e69dc relative=0x000000000000019c
Event: 26.990 Thread 0x000001892ee38000 Uncommon trap: reason=intrinsic_or_type_checked_inlining action=make_not_entrant pc=0x000001891f4e69dc method=java.util.Arrays.copyOf([Ljava/lang/Object;ILjava/lang/Class;)[Ljava/lang/Object; @ 35 c2
Event: 26.990 Thread 0x000001892ee38000 DEOPT PACKING pc=0x000001891f4e69dc sp=0x000000019e0f95c0
Event: 26.990 Thread 0x000001892ee38000 DEOPT UNPACKING pc=0x0000018917886a29 sp=0x000000019e0f9550 mode 2
Event: 27.005 Thread 0x000001892ee38000 Uncommon trap: trap_request=0xffffffde fr.pc=0x000001891f4e13fc relative=0x00000000000013dc
Event: 27.006 Thread 0x000001892ee38000 Uncommon trap: reason=class_check action=maybe_recompile pc=0x000001891f4e13fc method=org.codehaus.groovy.reflection.ParameterTypes.getParametersTypes0()V @ 16 c2
Event: 27.006 Thread 0x000001892ee38000 DEOPT PACKING pc=0x000001891f4e13fc sp=0x000000019e0f99f0
Event: 27.006 Thread 0x000001892ee38000 DEOPT UNPACKING pc=0x0000018917886a29 sp=0x000000019e0f9988 mode 2
Event: 27.060 Thread 0x000001892ee38000 Uncommon trap: trap_request=0xffffff4d fr.pc=0x000001891f376524 relative=0x0000000000000644
Event: 27.060 Thread 0x000001892ee38000 Uncommon trap: reason=unstable_if action=reinterpret pc=0x000001891f376524 method=java.util.jar.Manifest$FastInputStream.readLine([BII)I @ 130 c2
Event: 27.060 Thread 0x000001892ee38000 DEOPT PACKING pc=0x000001891f376524 sp=0x000000019e0f6620
Event: 27.060 Thread 0x000001892ee38000 DEOPT UNPACKING pc=0x0000018917886a29 sp=0x000000019e0f65b0 mode 2
Event: 27.271 Thread 0x000001892ee38000 Uncommon trap: trap_request=0xffffffde fr.pc=0x000001891f4e13fc relative=0x00000000000013dc
Event: 27.272 Thread 0x000001892ee38000 Uncommon trap: reason=class_check action=maybe_recompile pc=0x000001891f4e13fc method=org.codehaus.groovy.reflection.ParameterTypes.getParametersTypes0()V @ 16 c2
Event: 27.272 Thread 0x000001892ee38000 DEOPT PACKING pc=0x000001891f4e13fc sp=0x000000019e0f8c60
Event: 27.272 Thread 0x000001892ee38000 DEOPT UNPACKING pc=0x0000018917886a29 sp=0x000000019e0f8bf8 mode 2
Event: 27.661 Thread 0x000001892ee38000 DEOPT PACKING pc=0x0000018918590e74 sp=0x000000019e0f22c0
Event: 27.661 Thread 0x000001892ee38000 DEOPT UNPACKING pc=0x000001891788683f sp=0x000000019e0f1860 mode 0

Classes redefined (0 events):
No events

Internal exceptions (20 events):
Event: 27.525 Thread 0x000001892ee38000 Exception <a 'java/lang/ClassNotFoundException'{0x0000000083f83590}: org/jetbrains/plugins/gradle/tooling/AbstractModelBuilderServiceCustomizer> (0x0000000083f83590) thrown at [./src/hotspot/share/classfile/systemDictionary.cpp, line 231]
Event: 27.528 Thread 0x000001892ee38000 Exception <a 'java/lang/ClassNotFoundException'{0x0000000083f927c0}: org/jetbrains/plugins/gradle/tooling/builder/WarModelBuilderImplCustomizer> (0x0000000083f927c0) thrown at [./src/hotspot/share/classfile/systemDictionary.cpp, line 231]
Event: 27.551 Thread 0x000001892ee38000 Exception <a 'java/lang/ClassNotFoundException'{0x0000000083e01860}: org/jetbrains/plugins/gradle/tooling/builder/EarModelBuilderImplBeanInfo> (0x0000000083e01860) thrown at [./src/hotspot/share/classfile/systemDictionary.cpp, line 231]
Event: 27.552 Thread 0x000001892ee38000 Exception <a 'java/lang/ClassNotFoundException'{0x0000000083e0dbf8}: org/jetbrains/plugins/gradle/tooling/builder/EarModelBuilderImplCustomizer> (0x0000000083e0dbf8) thrown at [./src/hotspot/share/classfile/systemDictionary.cpp, line 231]
Event: 27.580 Thread 0x000001892ee38000 Exception <a 'java/lang/ClassNotFoundException'{0x0000000083ef7650}: org/jetbrains/plugins/gradle/tooling/builder/ScalaModelBuilderImplBeanInfo> (0x0000000083ef7650) thrown at [./src/hotspot/share/classfile/systemDictionary.cpp, line 231]
Event: 27.581 Thread 0x000001892ee38000 Exception <a 'java/lang/ClassNotFoundException'{0x0000000083d03fe8}: org/jetbrains/plugins/gradle/tooling/builder/ScalaModelBuilderImplCustomizer> (0x0000000083d03fe8) thrown at [./src/hotspot/share/classfile/systemDictionary.cpp, line 231]
Event: 27.600 Thread 0x000001892ee38000 Exception <a 'java/lang/ClassNotFoundException'{0x0000000083d72770}: org/jetbrains/plugins/gradle/tooling/builder/ExternalProjectBuilderImpl$1BeanInfo> (0x0000000083d72770) thrown at [./src/hotspot/share/classfile/systemDictionary.cpp, line 231]
Event: 27.604 Thread 0x000001892ee38000 Exception <a 'java/lang/ClassNotFoundException'{0x0000000083d7ef18}: org/jetbrains/plugins/gradle/tooling/builder/ExternalProjectBuilderImpl$1Customizer> (0x0000000083d7ef18) thrown at [./src/hotspot/share/classfile/systemDictionary.cpp, line 231]
Event: 27.626 Thread 0x000001892ee38000 Exception <a 'java/lang/ClassNotFoundException'{0x0000000083dee508}: org/jetbrains/plugins/gradle/tooling/builder/ExternalProjectBuilderImplBeanInfo> (0x0000000083dee508) thrown at [./src/hotspot/share/classfile/systemDictionary.cpp, line 231]
Event: 27.627 Thread 0x000001892ee38000 Exception <a 'java/lang/ClassNotFoundException'{0x0000000083dfaac8}: org/jetbrains/plugins/gradle/tooling/builder/ExternalProjectBuilderImplCustomizer> (0x0000000083dfaac8) thrown at [./src/hotspot/share/classfile/systemDictionary.cpp, line 231]
Event: 27.650 Thread 0x000001892ee38000 Exception <a 'java/lang/ClassNotFoundException'{0x0000000083c570b8}: org/jetbrains/plugins/gradle/tooling/builder/DependencyGraphModelBuilderImplBeanInfo> (0x0000000083c570b8) thrown at [./src/hotspot/share/classfile/systemDictionary.cpp, line 231]
Event: 27.651 Thread 0x000001892ee38000 Exception <a 'java/lang/ClassNotFoundException'{0x0000000083c638e0}: org/jetbrains/plugins/gradle/tooling/builder/DependencyGraphModelBuilderImplCustomizer> (0x0000000083c638e0) thrown at [./src/hotspot/share/classfile/systemDictionary.cpp, line 231]
Event: 27.675 Thread 0x000001892ee38000 Exception <a 'java/lang/ClassNotFoundException'{0x0000000083b11700}: org/jetbrains/plugins/gradle/tooling/builder/ExternalTestsModelBuilderImplBeanInfo> (0x0000000083b11700) thrown at [./src/hotspot/share/classfile/systemDictionary.cpp, line 231]
Event: 27.676 Thread 0x000001892ee38000 Exception <a 'java/lang/ClassNotFoundException'{0x0000000083b1deb0}: org/jetbrains/plugins/gradle/tooling/builder/ExternalTestsModelBuilderImplCustomizer> (0x0000000083b1deb0) thrown at [./src/hotspot/share/classfile/systemDictionary.cpp, line 231]
Event: 27.815 Thread 0x000001892ee38000 Exception <a 'java/lang/ClassNotFoundException'{0x0000000085b86f20}: org/jetbrains/plugins/gradle/tooling/builder/ProjectExtensionsDataBuilderImplBeanInfo> (0x0000000085b86f20) thrown at [./src/hotspot/share/classfile/systemDictionary.cpp, line 231]
Event: 27.816 Thread 0x000001892ee38000 Exception <a 'java/lang/ClassNotFoundException'{0x0000000085b93768}: org/jetbrains/plugins/gradle/tooling/builder/ProjectExtensionsDataBuilderImplCustomizer> (0x0000000085b93768) thrown at [./src/hotspot/share/classfile/systemDictionary.cpp, line 231]
Event: 27.826 Thread 0x000001892ee38000 Exception <a 'java/lang/ClassNotFoundException'{0x0000000085bcb458}: org/jetbrains/plugins/gradle/tooling/builder/IntelliJSettingsBuilderBeanInfo> (0x0000000085bcb458) thrown at [./src/hotspot/share/classfile/systemDictionary.cpp, line 231]
Event: 27.828 Thread 0x000001892ee38000 Exception <a 'java/lang/ClassNotFoundException'{0x0000000085bd7970}: org/jetbrains/plugins/gradle/tooling/builder/IntelliJSettingsBuilderCustomizer> (0x0000000085bd7970) thrown at [./src/hotspot/share/classfile/systemDictionary.cpp, line 231]
Event: 27.836 Thread 0x000001892ee38000 Exception <a 'java/lang/ClassNotFoundException'{0x0000000085a0fd98}: org/jetbrains/plugins/gradle/tooling/builder/IntelliJProjectSettingsBuilderBeanInfo> (0x0000000085a0fd98) thrown at [./src/hotspot/share/classfile/systemDictionary.cpp, line 231]
Event: 27.837 Thread 0x000001892ee38000 Exception <a 'java/lang/ClassNotFoundException'{0x0000000085a1c568}: org/jetbrains/plugins/gradle/tooling/builder/IntelliJProjectSettingsBuilderCustomizer> (0x0000000085a1c568) thrown at [./src/hotspot/share/classfile/systemDictionary.cpp, line 231]

Events (20 events):
Event: 28.215 loading class org/gradle/api/logging/Logging
Event: 28.215 loading class org/gradle/api/logging/Logging done
Event: 28.215 loading class org/jetbrains/kotlin/gradle/OrphanSourceSetImportingChecker
Event: 28.215 loading class org/jetbrains/kotlin/gradle/OrphanSourceSetImportingChecker done
Event: 28.216 loading class org/jetbrains/kotlin/gradle/MultiplatformModelImportingChecker
Event: 28.216 loading class org/jetbrains/kotlin/gradle/MultiplatformModelImportingChecker done
Event: 28.217 loading class org/jetbrains/kotlin/gradle/KotlinCocoaPodsModelBuilder
Event: 28.217 loading class org/jetbrains/kotlin/gradle/KotlinCocoaPodsModelBuilder done
Event: 28.225 loading class org/jetbrains/kotlin/gradle/KotlinCommonizerModelBuilder
Event: 28.225 loading class org/jetbrains/kotlin/gradle/KotlinCommonizerModelBuilder done
Event: 28.227 loading class org/jetbrains/kotlin/gradle/KotlinCommonizerModelBuilder$Companion
Event: 28.227 loading class org/jetbrains/kotlin/gradle/KotlinCommonizerModelBuilder$Companion done
Event: 28.228 loading class org/jetbrains/kotlin/allopen/ide/AllOpenModelBuilderService
Event: 28.228 loading class org/jetbrains/kotlin/allopen/ide/AllOpenModelBuilderService done
Event: 28.230 loading class org/jetbrains/kotlin/annotation/plugin/ide/AnnotationBasedPluginModelBuilderService
Event: 28.230 loading class org/jetbrains/kotlin/annotation/plugin/ide/AnnotationBasedPluginModelBuilderService done
Event: 28.234 loading class org/jetbrains/kotlin/kapt/idea/KaptModelBuilderService
Event: 28.234 loading class org/jetbrains/kotlin/kapt/idea/KaptModelBuilderService done
Event: 28.265 loading class org/jetbrains/kotlin/noarg/ide/NoArgModelBuilderService
Event: 28.265 loading class org/jetbrains/kotlin/noarg/ide/NoArgModelBuilderService done


Dynamic libraries:
0x00007ff732390000 - 0x00007ff73239a000 	C:\Users\felip\OneDrive\Desktop\android-studio-ide-202.6987402-windows\android-studio\jre\bin\java.exe
0x00007ff9d52b0000 - 0x00007ff9d54a5000 	C:\Windows\SYSTEM32\ntdll.dll
0x00007ff9b0f10000 - 0x00007ff9b0f25000 	C:\Program Files\Avast Software\Avast\aswhook.dll
0x00007ff9d3360000 - 0x00007ff9d341e000 	C:\Windows\System32\KERNEL32.DLL
0x00007ff9d29d0000 - 0x00007ff9d2c99000 	C:\Windows\System32\KERNELBASE.dll
0x00007ff9d2e80000 - 0x00007ff9d2f80000 	C:\Windows\System32\ucrtbase.dll
0x00007ff9cb470000 - 0x00007ff9cb489000 	C:\Users\felip\OneDrive\Desktop\android-studio-ide-202.6987402-windows\android-studio\jre\bin\jli.dll
0x00007ff9cadf0000 - 0x00007ff9cae07000 	C:\Users\felip\OneDrive\Desktop\android-studio-ide-202.6987402-windows\android-studio\jre\bin\VCRUNTIME140.dll
0x00007ff9d45b0000 - 0x00007ff9d4751000 	C:\Windows\System32\USER32.dll
0x00007ff9d3110000 - 0x00007ff9d3132000 	C:\Windows\System32\win32u.dll
0x00007ff9d4080000 - 0x00007ff9d40ab000 	C:\Windows\System32\GDI32.dll
0x00007ff9d2f80000 - 0x00007ff9d308b000 	C:\Windows\System32\gdi32full.dll
0x00007ff9d2d50000 - 0x00007ff9d2ded000 	C:\Windows\System32\msvcp_win.dll
0x00007ff9c2c60000 - 0x00007ff9c2efa000 	C:\Windows\WinSxS\amd64_microsoft.windows.common-controls_6595b64144ccf1df_6.0.19041.1110_none_60b5254171f9507e\COMCTL32.dll
0x00007ff9d3d40000 - 0x00007ff9d3dde000 	C:\Windows\System32\msvcrt.dll
0x00007ff9d4930000 - 0x00007ff9d4960000 	C:\Windows\System32\IMM32.DLL
0x00007ff9b6640000 - 0x00007ff9b66dd000 	C:\Users\felip\OneDrive\Desktop\android-studio-ide-202.6987402-windows\android-studio\jre\bin\msvcp140.dll
0x00007ff998b00000 - 0x00007ff9995cf000 	C:\Users\felip\OneDrive\Desktop\android-studio-ide-202.6987402-windows\android-studio\jre\bin\server\jvm.dll
0x00007ff9d3df0000 - 0x00007ff9d3e9c000 	C:\Windows\System32\ADVAPI32.dll
0x00007ff9d3c80000 - 0x00007ff9d3d1b000 	C:\Windows\System32\sechost.dll
0x00007ff9d4410000 - 0x00007ff9d453a000 	C:\Windows\System32\RPCRT4.dll
0x00007ff9d3bf0000 - 0x00007ff9d3bf8000 	C:\Windows\System32\PSAPI.DLL
0x00007ff9c66e0000 - 0x00007ff9c66e9000 	C:\Windows\SYSTEM32\WSOCK32.dll
0x00007ff9bbe10000 - 0x00007ff9bbe37000 	C:\Windows\SYSTEM32\WINMM.dll
0x00007ff9c9c60000 - 0x00007ff9c9c6a000 	C:\Windows\SYSTEM32\VERSION.dll
0x00007ff9d4540000 - 0x00007ff9d45ab000 	C:\Windows\System32\WS2_32.dll
0x00007ff9d07f0000 - 0x00007ff9d0802000 	C:\Windows\SYSTEM32\kernel.appcore.dll
0x00007ff9cb010000 - 0x00007ff9cb021000 	C:\Users\felip\OneDrive\Desktop\android-studio-ide-202.6987402-windows\android-studio\jre\bin\verify.dll
0x00007ff9c7410000 - 0x00007ff9c75f4000 	C:\Windows\SYSTEM32\DBGHELP.DLL
0x00007ff9c73e0000 - 0x00007ff9c740c000 	C:\Windows\SYSTEM32\dbgcore.DLL
0x00007ff9d2df0000 - 0x00007ff9d2e73000 	C:\Windows\System32\bcryptPrimitives.dll
0x00007ff9c8cc0000 - 0x00007ff9c8ce9000 	C:\Users\felip\OneDrive\Desktop\android-studio-ide-202.6987402-windows\android-studio\jre\bin\java.dll
0x00007ff9ce600000 - 0x00007ff9ce60b000 	C:\Users\felip\OneDrive\Desktop\android-studio-ide-202.6987402-windows\android-studio\jre\bin\jimage.dll
0x00007ff9caff0000 - 0x00007ff9cb008000 	C:\Users\felip\OneDrive\Desktop\android-studio-ide-202.6987402-windows\android-studio\jre\bin\zip.dll
0x00007ff9d4960000 - 0x00007ff9d509f000 	C:\Windows\System32\SHELL32.dll
0x00007ff9d0ad0000 - 0x00007ff9d1260000 	C:\Windows\SYSTEM32\windows.storage.dll
0x00007ff9d40b0000 - 0x00007ff9d4405000 	C:\Windows\System32\combase.dll
0x00007ff9d2350000 - 0x00007ff9d237c000 	C:\Windows\SYSTEM32\Wldp.dll
0x00007ff9d3f70000 - 0x00007ff9d401d000 	C:\Windows\System32\SHCORE.dll
0x00007ff9d3710000 - 0x00007ff9d3765000 	C:\Windows\System32\shlwapi.dll
0x00007ff9d2910000 - 0x00007ff9d292f000 	C:\Windows\SYSTEM32\profapi.dll
0x00007ff9c7b90000 - 0x00007ff9c7baa000 	C:\Users\felip\OneDrive\Desktop\android-studio-ide-202.6987402-windows\android-studio\jre\bin\net.dll
0x00007ff9c7210000 - 0x00007ff9c7318000 	C:\Windows\SYSTEM32\WINHTTP.dll
0x00007ff9d20b0000 - 0x00007ff9d211a000 	C:\Windows\system32\mswsock.dll
0x00007ff9c2360000 - 0x00007ff9c2374000 	C:\Users\felip\OneDrive\Desktop\android-studio-ide-202.6987402-windows\android-studio\jre\bin\nio.dll
0x00007ff9bf5c0000 - 0x00007ff9bf5e7000 	C:\Users\felip\.gradle\native\8bec1ad78214c89d9ad589b4d07fe93259594b29d510b10fafb7a158f7737e5d\windows-amd64\native-platform.dll
0x00007ff9b77a0000 - 0x00007ff9b78dd000 	C:\Users\felip\.gradle\native\53dbd7edfb1c66fb8903c78663c9afc45aea4f116125fa6feffd364cf09443e8\windows-amd64\native-platform-file-events.dll
0x00007ff9cc7e0000 - 0x00007ff9cc7ea000 	C:\Users\felip\OneDrive\Desktop\android-studio-ide-202.6987402-windows\android-studio\jre\bin\management.dll
0x00007ff9cb9d0000 - 0x00007ff9cb9dc000 	C:\Users\felip\OneDrive\Desktop\android-studio-ide-202.6987402-windows\android-studio\jre\bin\management_ext.dll
0x00007ff9d22b0000 - 0x00007ff9d22c8000 	C:\Windows\SYSTEM32\CRYPTSP.dll
0x00007ff9d1a30000 - 0x00007ff9d1a64000 	C:\Windows\system32\rsaenh.dll
0x00007ff9d3090000 - 0x00007ff9d30b7000 	C:\Windows\System32\bcrypt.dll
0x00007ff9d28d0000 - 0x00007ff9d28fe000 	C:\Windows\SYSTEM32\USERENV.dll
0x00007ff9d22a0000 - 0x00007ff9d22ac000 	C:\Windows\SYSTEM32\CRYPTBASE.dll
0x00007ff9d1da0000 - 0x00007ff9d1ddb000 	C:\Windows\SYSTEM32\IPHLPAPI.DLL
0x00007ff9d4920000 - 0x00007ff9d4928000 	C:\Windows\System32\NSI.dll
0x00007ff9cabe0000 - 0x00007ff9cabf7000 	C:\Windows\SYSTEM32\dhcpcsvc6.DLL
0x00007ff9cc0b0000 - 0x00007ff9cc0cd000 	C:\Windows\SYSTEM32\dhcpcsvc.DLL
0x00007ff9d1de0000 - 0x00007ff9d1eac000 	C:\Windows\SYSTEM32\DNSAPI.dll

dbghelp: loaded successfully - version: 4.0.5 - missing functions: none
symbol engine: initialized successfully - sym options: 0x614 - pdb path: .;C:\Users\felip\OneDrive\Desktop\android-studio-ide-202.6987402-windows\android-studio\jre\bin;C:\Windows\SYSTEM32;C:\Program Files\Avast Software\Avast;C:\Windows\WinSxS\amd64_microsoft.windows.common-controls_6595b64144ccf1df_6.0.19041.1110_none_60b5254171f9507e;C:\Users\felip\OneDrive\Desktop\android-studio-ide-202.6987402-windows\android-studio\jre\bin\server;C:\Users\felip\.gradle\native\8bec1ad78214c89d9ad589b4d07fe93259594b29d510b10fafb7a158f7737e5d\windows-amd64;C:\Users\felip\.gradle\native\53dbd7edfb1c66fb8903c78663c9afc45aea4f116125fa6feffd364cf09443e8\windows-amd64

VM Arguments:
jvm_args: --add-opens=java.base/java.util=ALL-UNNAMED --add-opens=java.base/java.lang=ALL-UNNAMED --add-opens=java.base/java.lang.invoke=ALL-UNNAMED --add-opens=java.base/java.util=ALL-UNNAMED --add-opens=java.prefs/java.util.prefs=ALL-UNNAMED --add-opens=java.prefs/java.util.prefs=ALL-UNNAMED --add-opens=java.base/java.nio.charset=ALL-UNNAMED --add-opens=java.base/java.net=ALL-UNNAMED --add-opens=java.base/java.util.concurrent.atomic=ALL-UNNAMED -Xmx2048m -Dfile.encoding=UTF-8 -Duser.country=US -Duser.language=en -Duser.variant 
java_command: org.gradle.launcher.daemon.bootstrap.GradleDaemon 7.0.2
java_class_path (initial): C:\Users\felip\.gradle\wrapper\dists\gradle-7.0.2-bin\857tjihv64xamwrf0h14cai3r\gradle-7.0.2\lib\gradle-launcher-7.0.2.jar
Launcher Type: SUN_STANDARD

[Global flags]
     intx CICompilerCount                          = 2                                         {product} {ergonomic}
     uint ConcGCThreads                            = 1                                         {product} {ergonomic}
     uint G1ConcRefinementThreads                  = 2                                         {product} {ergonomic}
   size_t G1HeapRegionSize                         = 1048576                                   {product} {ergonomic}
    uintx GCDrainStackTargetSize                   = 64                                        {product} {ergonomic}
   size_t InitialHeapSize                          = 67108864                                  {product} {ergonomic}
   size_t MarkStackSize                            = 4194304                                   {product} {ergonomic}
   size_t MaxHeapSize                              = 2147483648                                {product} {command line}
   size_t MaxNewSize                               = 1287651328                                {product} {ergonomic}
   size_t MinHeapDeltaBytes                        = 1048576                                   {product} {ergonomic}
    uintx NonNMethodCodeHeapSize                   = 5825164                                {pd product} {ergonomic}
    uintx NonProfiledCodeHeapSize                  = 122916538                              {pd product} {ergonomic}
    uintx ProfiledCodeHeapSize                     = 122916538                              {pd product} {ergonomic}
    uintx ReservedCodeCacheSize                    = 251658240                              {pd product} {ergonomic}
     bool SegmentedCodeCache                       = true                                      {product} {ergonomic}
     bool UseCompressedClassPointers               = true                                 {lp64_product} {ergonomic}
     bool UseCompressedOops                        = true                                 {lp64_product} {ergonomic}
     bool UseG1GC                                  = true                                      {product} {ergonomic}
     bool UseLargePagesIndividualAllocation        = false                                  {pd product} {ergonomic}

Logging:
Log output configuration:
 #0: stdout all=warning uptime,level,tags
 #1: stderr all=off uptime,level,tags

Environment Variables:
PATH=C:\Program Files\Common Files\Oracle\Java\javapath;C:\Program Files (x86)\Common Files\Oracle\Java\javapath;C:\Windows\system32;C:\Windows;C:\Windows\System32\Wbem;C:\Windows\System32\WindowsPowerShell\v1.0\;C:\Windows\System32\OpenSSH\;C:\ProgramData\chocolatey\bin;C:\Program Files (x86)\Yarn\bin\;C:\Program Files\Git\cmd;C:\Program Files\nodejs\;C:\Users\felip\AppData\Local\Microsoft\WindowsApps;C:\Users\felip\AppData\Local\Programs\Microsoft VS Code\bin;C:\Users\felip\AppData\Local\Yarn\bin;C:\Users\felip\AppData\Local\GitHubDesktop\bin;C:\Users\felip\AppData\Roaming\npm
USERNAME=felip
OS=Windows_NT
PROCESSOR_IDENTIFIER=Intel64 Family 6 Model 23 Stepping 10, GenuineIntel



---------------  S Y S T E M  ---------------

OS: Windows 10 , 64 bit Build 19041 (10.0.19041.1202)
OS uptime: 11 days 21:46 hours

CPU:total 2 (initial active 2) (2 cores per cpu, 1 threads per core) family 6 model 23 stepping 10 microcode 0xa0c, cmov, cx8, fxsr, mmx, sse, sse2, sse3, ssse3, tsc

Memory: 4k page, system-wide physical 4061M (45M free)
TotalPageFile size 4061M (AvailPageFile size 4M)
current process WorkingSet (physical memory assigned to process): 231M, peak: 231M
current process commit charge ("private bytes"): 259M, peak: 259M

vm_info: OpenJDK 64-Bit Server VM (11.0.10+0-b96-7249189) for windows-amd64 JRE (11.0.10+0-b96-7249189), built on Mar 31 2021 21:44:00 by "builder" with MS VC++ 14.0 (VS2015)

END.
