#
# There is insufficient memory for the Java Runtime Environment to continue.
# Native memory allocation (malloc) failed to allocate 204496 bytes for Chunk::new
# Possible reasons:
#   The system is out of physical RAM or swap space
#   The process is running with CompressedOops enabled, and the Java Heap may be blocking the growth of the native heap
# Possible solutions:
#   Reduce memory load on the system
#   Increase physical memory or swap space
#   Check if swap backing store is full
#   Decrease Java heap size (-Xmx/-Xms)
#   Decrease number of Java threads
#   Decrease Java thread stack sizes (-Xss)
#   Set larger code cache with -XX:ReservedCodeCacheSize=
#   JVM is running with Unscaled Compressed Oops mode in which the Java heap is
#     placed in the first 4GB address space. The Java Heap base address is the
#     maximum limit for the native heap growth. Please use -XX:HeapBaseMinAddress
#     to set the Java Heap base and to place the Java Heap above 4GB virtual address.
# This output file may be truncated or incomplete.
#
#  Out of Memory Error (./src/hotspot/share/memory/arena.cpp:197), pid=5228, tid=6332
#
# JRE version: OpenJDK Runtime Environment (11.0.11+9) (build 11.0.11+9-b60-7590822)
# Java VM: OpenJDK 64-Bit Server VM (11.0.11+9-b60-7590822, mixed mode, tiered, compressed oops, g1 gc, windows-amd64)
# No core dump will be written. Minidumps are not enabled by default on client versions of Windows
#

---------------  S U M M A R Y ------------

Command Line: --add-opens=java.base/java.util=ALL-UNNAMED --add-opens=java.base/java.lang=ALL-UNNAMED --add-opens=java.base/java.lang.invoke=ALL-UNNAMED --add-opens=java.base/java.util=ALL-UNNAMED --add-opens=java.prefs/java.util.prefs=ALL-UNNAMED --add-opens=java.prefs/java.util.prefs=ALL-UNNAMED --add-opens=java.base/java.nio.charset=ALL-UNNAMED --add-opens=java.base/java.net=ALL-UNNAMED --add-opens=java.base/java.util.concurrent.atomic=ALL-UNNAMED -Xmx1024m -Dfile.encoding=UTF-8 -Duser.country=US -Duser.language=en -Duser.variant org.gradle.launcher.daemon.bootstrap.GradleDaemon 7.0.2

Host: Celeron(R) Dual-Core CPU       T3500  @ 2.10GHz, 2 cores, 3G,  Windows 10 , 64 bit Build 19041 (10.0.19041.1202)
Time: Fri Nov  5 09:03:33 2021 E. South America Standard Time elapsed time: 53.338177 seconds (0d 0h 0m 53s)

---------------  T H R E A D  ---------------

Current thread (0x000002992a6e4800):  JavaThread "C2 CompilerThread0" daemon [_thread_in_native, id=6332, stack(0x000000c4f9c00000,0x000000c4f9d00000)]


Current CompileTask:
C2:  53338 4229       4       java.util.HashMap::get (23 bytes)

Stack: [0x000000c4f9c00000,0x000000c4f9d00000]
Native frames: (J=compiled Java code, j=interpreted, Vv=VM code, C=native code)
V  [jvm.dll+0x5f214a]
V  [jvm.dll+0x726fb5]
V  [jvm.dll+0x7285cd]
V  [jvm.dll+0x728c83]
V  [jvm.dll+0x243278]
V  [jvm.dll+0xbc53c]
V  [jvm.dll+0xbca3c]
V  [jvm.dll+0x353e7d]
V  [jvm.dll+0x1985c7]
V  [jvm.dll+0x1fc2ee]
V  [jvm.dll+0x1fb3d4]
V  [jvm.dll+0x183d6c]
V  [jvm.dll+0x209a57]
V  [jvm.dll+0x2082a1]
V  [jvm.dll+0x6ef58f]
V  [jvm.dll+0x6e80b5]
V  [jvm.dll+0x5f1036]
C  [ucrtbase.dll+0x21bb2]
C  [KERNEL32.DLL+0x17034]
C  [ntdll.dll+0x52651]


---------------  P R O C E S S  ---------------

Threads class SMR info:
_java_thread_list=0x000002992c666f60, length=33, elements={
0x0000029910de2000, 0x000002992a67a000, 0x000002992a684000, 0x000002992a694800,
0x000002992a697000, 0x000002992a6da800, 0x000002992a6e4800, 0x000002992a6e6800,
0x000002992a6e8800, 0x000002992a942000, 0x000002992ac03000, 0x000002992c014000,
0x000002992bbbe000, 0x000002992c1ca000, 0x000002992c33f800, 0x000002992bc51800,
0x000002992b980800, 0x000002992c927800, 0x000002992c928800, 0x000002992c234000,
0x000002992c234800, 0x000002992c235800, 0x000002992c236800, 0x000002992d4e6000,
0x000002992d4e4800, 0x000002992d4e7000, 0x000002992d4ea800, 0x000002992d4e5800,
0x000002992d4ed000, 0x000002992d4ec000, 0x000002992d4e8000, 0x000002992d4e8800,
0x000002992d4ed800
}

Java Threads: ( => current thread )
  0x0000029910de2000 JavaThread "main" [_thread_blocked, id=6792, stack(0x000000c4f9000000,0x000000c4f9100000)]
  0x000002992a67a000 JavaThread "Reference Handler" daemon [_thread_blocked, id=6800, stack(0x000000c4f9700000,0x000000c4f9800000)]
  0x000002992a684000 JavaThread "Finalizer" daemon [_thread_blocked, id=4276, stack(0x000000c4f9800000,0x000000c4f9900000)]
  0x000002992a694800 JavaThread "Signal Dispatcher" daemon [_thread_blocked, id=7940, stack(0x000000c4f9900000,0x000000c4f9a00000)]
  0x000002992a697000 JavaThread "Attach Listener" daemon [_thread_blocked, id=5872, stack(0x000000c4f9a00000,0x000000c4f9b00000)]
  0x000002992a6da800 JavaThread "Service Thread" daemon [_thread_blocked, id=7020, stack(0x000000c4f9b00000,0x000000c4f9c00000)]
=>0x000002992a6e4800 JavaThread "C2 CompilerThread0" daemon [_thread_in_native, id=6332, stack(0x000000c4f9c00000,0x000000c4f9d00000)]
  0x000002992a6e6800 JavaThread "C1 CompilerThread0" daemon [_thread_blocked, id=6212, stack(0x000000c4f9d00000,0x000000c4f9e00000)]
  0x000002992a6e8800 JavaThread "Sweeper thread" daemon [_thread_blocked, id=4788, stack(0x000000c4f9e00000,0x000000c4f9f00000)]
  0x000002992a942000 JavaThread "Common-Cleaner" daemon [_thread_blocked, id=2320, stack(0x000000c4f9f00000,0x000000c4fa000000)]
  0x000002992ac03000 JavaThread "Daemon health stats" [_thread_blocked, id=7656, stack(0x000000c4fa200000,0x000000c4fa300000)]
  0x000002992c014000 JavaThread "Incoming local TCP Connector on port 6790" [_thread_in_native, id=6632, stack(0x000000c4fa300000,0x000000c4fa400000)]
  0x000002992bbbe000 JavaThread "Daemon periodic checks" [_thread_blocked, id=6072, stack(0x000000c4fa400000,0x000000c4fa500000)]
  0x000002992c1ca000 JavaThread "Daemon" [_thread_blocked, id=4348, stack(0x000000c4fa500000,0x000000c4fa600000)]
  0x000002992c33f800 JavaThread "Handler for socket connection from /127.0.0.1:6790 to /127.0.0.1:6791" [_thread_in_native, id=5544, stack(0x000000c4fa600000,0x000000c4fa700000)]
  0x000002992bc51800 JavaThread "Cancel handler" [_thread_blocked, id=960, stack(0x000000c4fa700000,0x000000c4fa800000)]
  0x000002992b980800 JavaThread "Daemon worker" [_thread_in_native, id=6688, stack(0x000000c4fa800000,0x000000c4fa900000)]
  0x000002992c927800 JavaThread "Asynchronous log dispatcher for DefaultDaemonConnection: socket connection from /127.0.0.1:6790 to /127.0.0.1:6791" [_thread_blocked, id=7508, stack(0x000000c4fa900000,0x000000c4faa00000)]
  0x000002992c928800 JavaThread "Stdin handler" [_thread_blocked, id=5616, stack(0x000000c4faa00000,0x000000c4fab00000)]
  0x000002992c234000 JavaThread "Daemon client event forwarder" [_thread_blocked, id=6988, stack(0x000000c4fab00000,0x000000c4fac00000)]
  0x000002992c234800 JavaThread "Cache worker for file hash cache (C:\Users\felip\.gradle\caches\7.0.2\fileHashes)" [_thread_blocked, id=2652, stack(0x000000c4fac00000,0x000000c4fad00000)]
  0x000002992c235800 JavaThread "File lock request listener" [_thread_in_native, id=6856, stack(0x000000c4fad00000,0x000000c4fae00000)]
  0x000002992c236800 JavaThread "Cache worker for journal cache (C:\Users\felip\.gradle\caches\journal-1)" [_thread_blocked, id=7604, stack(0x000000c4fae00000,0x000000c4faf00000)]
  0x000002992d4e6000 JavaThread "Cache worker for file hash cache (C:\Users\felip\AndroidStudioProjects\VideoApp\.gradle\7.0.2\fileHashes)" [_thread_blocked, id=4196, stack(0x000000c4faf00000,0x000000c4fb000000)]
  0x000002992d4e4800 JavaThread "File watcher server" daemon [_thread_in_native, id=8024, stack(0x000000c4fb000000,0x000000c4fb100000)]
  0x000002992d4e7000 JavaThread "File watcher consumer" daemon [_thread_blocked, id=7456, stack(0x000000c4fb100000,0x000000c4fb200000)]
  0x000002992d4ea800 JavaThread "jar transforms" [_thread_blocked, id=8188, stack(0x000000c4fb200000,0x000000c4fb300000)]
  0x000002992d4e5800 JavaThread "jar transforms Thread 2" [_thread_blocked, id=7808, stack(0x000000c4fb300000,0x000000c4fb400000)]
  0x000002992d4ed000 JavaThread "Cache worker for checksums cache (C:\Users\felip\AndroidStudioProjects\VideoApp\.gradle\checksums)" [_thread_blocked, id=5668, stack(0x000000c4fb400000,0x000000c4fb500000)]
  0x000002992d4ec000 JavaThread "Cache worker for cache directory md-supplier (C:\Users\felip\.gradle\caches\7.0.2\md-supplier)" [_thread_blocked, id=7204, stack(0x000000c4fb500000,0x000000c4fb600000)]
  0x000002992d4e8000 JavaThread "Cache worker for cache directory md-rule (C:\Users\felip\.gradle\caches\7.0.2\md-rule)" [_thread_blocked, id=5704, stack(0x000000c4fb600000,0x000000c4fb700000)]
  0x000002992d4e8800 JavaThread "Cache worker for execution history cache (C:\Users\felip\.gradle\caches\7.0.2\executionHistory)" [_thread_blocked, id=3128, stack(0x000000c4fb700000,0x000000c4fb800000)]
  0x000002992d4ed800 JavaThread "Cache worker for file content cache (C:\Users\felip\.gradle\caches\7.0.2\fileContent)" [_thread_blocked, id=6912, stack(0x000000c4fb800000,0x000000c4fb900000)]

Other Threads:
  0x000002992a674800 VMThread "VM Thread" [stack: 0x000000c4f9600000,0x000000c4f9700000] [id=1244]
  0x000002992a980000 WatcherThread [stack: 0x000000c4fa000000,0x000000c4fa100000] [id=4812]
  0x0000029910dfb800 GCTaskThread "GC Thread#0" [stack: 0x000000c4f9100000,0x000000c4f9200000] [id=6176]
  0x000002992aae7800 GCTaskThread "GC Thread#1" [stack: 0x000000c4fa100000,0x000000c4fa200000] [id=6892]
  0x0000029910e16000 ConcurrentGCThread "G1 Main Marker" [stack: 0x000000c4f9200000,0x000000c4f9300000] [id=8128]
  0x0000029910e17000 ConcurrentGCThread "G1 Conc#0" [stack: 0x000000c4f9300000,0x000000c4f9400000] [id=324]
  0x0000029910e67800 ConcurrentGCThread "G1 Refine#0" [stack: 0x000000c4f9400000,0x000000c4f9500000] [id=3848]
  0x0000029910e68800 ConcurrentGCThread "G1 Young RemSet Sampling" [stack: 0x000000c4f9500000,0x000000c4f9600000] [id=4500]

Threads with active compile tasks:
C2 CompilerThread0  53867 4229       4       java.util.HashMap::get (23 bytes)

VM state:not at safepoint (normal execution)

VM Mutex/Monitor currently owned by a thread: None

Heap address: 0x00000000c0000000, size: 1024 MB, Compressed Oops mode: 32-bit
Narrow klass base: 0x0000000000000000, Narrow klass shift: 3
Compressed class space size: 1073741824 Address: 0x0000000100000000

Heap:
 garbage-first heap   total 78848K, used 48386K [0x00000000c0000000, 0x0000000100000000)
  region size 1024K, 4 young (4096K), 2 survivors (2048K)
 Metaspace       used 45599K, capacity 46802K, committed 46848K, reserved 1089536K
  class space    used 5931K, capacity 6384K, committed 6400K, reserved 1048576K
Heap Regions: E=young(eden), S=young(survivor), O=old, HS=humongous(starts), HC=humongous(continues), CS=collection set, F=free, A=archive, TAMS=top-at-mark-start (previous, next)
|   0|0x00000000c0000000, 0x00000000c0100000, 0x00000000c0100000|100%| O|  |TAMS 0x00000000c0100000, 0x00000000c0000000| Untracked 
|   1|0x00000000c0100000, 0x00000000c0200000, 0x00000000c0200000|100%| O|  |TAMS 0x00000000c0200000, 0x00000000c0100000| Untracked 
|   2|0x00000000c0200000, 0x00000000c0300000, 0x00000000c0300000|100%| O|  |TAMS 0x00000000c0300000, 0x00000000c0200000| Untracked 
|   3|0x00000000c0300000, 0x00000000c0400000, 0x00000000c0400000|100%| O|  |TAMS 0x00000000c0400000, 0x00000000c0300000| Untracked 
|   4|0x00000000c0400000, 0x00000000c0500000, 0x00000000c0500000|100%|HS|  |TAMS 0x00000000c0500000, 0x00000000c0400000| Complete 
|   5|0x00000000c0500000, 0x00000000c0600000, 0x00000000c0600000|100%|HC|  |TAMS 0x00000000c0600000, 0x00000000c0500000| Complete 
|   6|0x00000000c0600000, 0x00000000c0700000, 0x00000000c0700000|100%|HC|  |TAMS 0x00000000c0700000, 0x00000000c0600000| Complete 
|   7|0x00000000c0700000, 0x00000000c0800000, 0x00000000c0800000|100%| O|  |TAMS 0x00000000c0800000, 0x00000000c0700000| Untracked 
|   8|0x00000000c0800000, 0x00000000c0900000, 0x00000000c0900000|100%| O|  |TAMS 0x00000000c0900000, 0x00000000c0800000| Untracked 
|   9|0x00000000c0900000, 0x00000000c0a00000, 0x00000000c0a00000|100%| O|  |TAMS 0x00000000c0a00000, 0x00000000c0900000| Untracked 
|  10|0x00000000c0a00000, 0x00000000c0b00000, 0x00000000c0b00000|100%| O|  |TAMS 0x00000000c0b00000, 0x00000000c0a00000| Untracked 
|  11|0x00000000c0b00000, 0x00000000c0c00000, 0x00000000c0c00000|100%| O|  |TAMS 0x00000000c0c00000, 0x00000000c0b00000| Untracked 
|  12|0x00000000c0c00000, 0x00000000c0d00000, 0x00000000c0d00000|100%| O|  |TAMS 0x00000000c0d00000, 0x00000000c0c00000| Untracked 
|  13|0x00000000c0d00000, 0x00000000c0e00000, 0x00000000c0e00000|100%| O|  |TAMS 0x00000000c0e00000, 0x00000000c0d00000| Untracked 
|  14|0x00000000c0e00000, 0x00000000c0f00000, 0x00000000c0f00000|100%| O|  |TAMS 0x00000000c0f00000, 0x00000000c0e00000| Untracked 
|  15|0x00000000c0f00000, 0x00000000c1000000, 0x00000000c1000000|100%| O|  |TAMS 0x00000000c1000000, 0x00000000c0f00000| Untracked 
|  16|0x00000000c1000000, 0x00000000c1100000, 0x00000000c1100000|100%| O|  |TAMS 0x00000000c1100000, 0x00000000c1000000| Untracked 
|  17|0x00000000c1100000, 0x00000000c1200000, 0x00000000c1200000|100%|HS|  |TAMS 0x00000000c1200000, 0x00000000c1100000| Complete 
|  18|0x00000000c1200000, 0x00000000c1300000, 0x00000000c1300000|100%|HC|  |TAMS 0x00000000c1300000, 0x00000000c1200000| Complete 
|  19|0x00000000c1300000, 0x00000000c1400000, 0x00000000c1400000|100%|HS|  |TAMS 0x00000000c1400000, 0x00000000c1300000| Complete 
|  20|0x00000000c1400000, 0x00000000c1500000, 0x00000000c1500000|100%|HC|  |TAMS 0x00000000c1500000, 0x00000000c1400000| Complete 
|  21|0x00000000c1500000, 0x00000000c1600000, 0x00000000c1600000|100%|HC|  |TAMS 0x00000000c1600000, 0x00000000c1500000| Complete 
|  22|0x00000000c1600000, 0x00000000c1700000, 0x00000000c1700000|100%|HS|  |TAMS 0x00000000c1700000, 0x00000000c1600000| Complete 
|  23|0x00000000c1700000, 0x00000000c1800000, 0x00000000c1800000|100%|HC|  |TAMS 0x00000000c1800000, 0x00000000c1700000| Complete 
|  24|0x00000000c1800000, 0x00000000c1900000, 0x00000000c1900000|100%|HC|  |TAMS 0x00000000c1900000, 0x00000000c1800000| Complete 
|  25|0x00000000c1900000, 0x00000000c1a00000, 0x00000000c1a00000|100%|HC|  |TAMS 0x00000000c1a00000, 0x00000000c1900000| Complete 
|  26|0x00000000c1a00000, 0x00000000c1b00000, 0x00000000c1b00000|100%| O|  |TAMS 0x00000000c1b00000, 0x00000000c1a00000| Untracked 
|  27|0x00000000c1b00000, 0x00000000c1c00000, 0x00000000c1c00000|100%| O|  |TAMS 0x00000000c1c00000, 0x00000000c1b00000| Untracked 
|  28|0x00000000c1c00000, 0x00000000c1d00000, 0x00000000c1d00000|100%| O|  |TAMS 0x00000000c1d00000, 0x00000000c1c00000| Untracked 
|  29|0x00000000c1d00000, 0x00000000c1e00000, 0x00000000c1e00000|100%| O|  |TAMS 0x00000000c1e00000, 0x00000000c1d00000| Untracked 
|  30|0x00000000c1e00000, 0x00000000c1f00000, 0x00000000c1f00000|100%| O|  |TAMS 0x00000000c1f00000, 0x00000000c1e00000| Untracked 
|  31|0x00000000c1f00000, 0x00000000c2000000, 0x00000000c2000000|100%| O|  |TAMS 0x00000000c2000000, 0x00000000c1f00000| Untracked 
|  32|0x00000000c2000000, 0x00000000c2100000, 0x00000000c2100000|100%| O|  |TAMS 0x00000000c2100000, 0x00000000c2000000| Untracked 
|  33|0x00000000c2100000, 0x00000000c2200000, 0x00000000c2200000|100%| O|  |TAMS 0x00000000c2200000, 0x00000000c2100000| Untracked 
|  34|0x00000000c2200000, 0x00000000c2300000, 0x00000000c2300000|100%| O|  |TAMS 0x00000000c2300000, 0x00000000c2200000| Untracked 
|  35|0x00000000c2300000, 0x00000000c2400000, 0x00000000c2400000|100%| O|  |TAMS 0x00000000c2400000, 0x00000000c2300000| Untracked 
|  36|0x00000000c2400000, 0x00000000c2500000, 0x00000000c2500000|100%| O|  |TAMS 0x00000000c2500000, 0x00000000c2400000| Untracked 
|  37|0x00000000c2500000, 0x00000000c2600000, 0x00000000c2600000|100%| O|  |TAMS 0x00000000c2600000, 0x00000000c2500000| Untracked 
|  38|0x00000000c2600000, 0x00000000c2700000, 0x00000000c2700000|100%| O|  |TAMS 0x00000000c2700000, 0x00000000c2600000| Untracked 
|  39|0x00000000c2700000, 0x00000000c2800000, 0x00000000c2800000|100%|HS|  |TAMS 0x00000000c2800000, 0x00000000c2700000| Complete 
|  40|0x00000000c2800000, 0x00000000c2900000, 0x00000000c2900000|100%|HC|  |TAMS 0x00000000c2900000, 0x00000000c2800000| Complete 
|  41|0x00000000c2900000, 0x00000000c2a00000, 0x00000000c2a00000|100%|HC|  |TAMS 0x00000000c2a00000, 0x00000000c2900000| Complete 
|  42|0x00000000c2a00000, 0x00000000c2b00000, 0x00000000c2b00000|100%| O|  |TAMS 0x00000000c2b00000, 0x00000000c2a00000| Untracked 
|  43|0x00000000c2b00000, 0x00000000c2c00000, 0x00000000c2c00000|100%| O|  |TAMS 0x00000000c2c00000, 0x00000000c2b00000| Untracked 
|  44|0x00000000c2c00000, 0x00000000c2d00000, 0x00000000c2d00000|100%| O|  |TAMS 0x00000000c2d00000, 0x00000000c2c00000| Untracked 
|  45|0x00000000c2d00000, 0x00000000c2d00000, 0x00000000c2e00000|  0%| F|  |TAMS 0x00000000c2d00000, 0x00000000c2d00000| Untracked 
|  46|0x00000000c2e00000, 0x00000000c2e00000, 0x00000000c2f00000|  0%| F|  |TAMS 0x00000000c2e00000, 0x00000000c2e00000| Untracked 
|  47|0x00000000c2f00000, 0x00000000c2f00000, 0x00000000c3000000|  0%| F|  |TAMS 0x00000000c2f00000, 0x00000000c2f00000| Untracked 
|  48|0x00000000c3000000, 0x00000000c3000000, 0x00000000c3100000|  0%| F|  |TAMS 0x00000000c3000000, 0x00000000c3000000| Untracked 
|  49|0x00000000c3100000, 0x00000000c3100000, 0x00000000c3200000|  0%| F|  |TAMS 0x00000000c3100000, 0x00000000c3100000| Untracked 
|  50|0x00000000c3200000, 0x00000000c3200000, 0x00000000c3300000|  0%| F|  |TAMS 0x00000000c3200000, 0x00000000c3200000| Untracked 
|  51|0x00000000c3300000, 0x00000000c3300000, 0x00000000c3400000|  0%| F|  |TAMS 0x00000000c3300000, 0x00000000c3300000| Untracked 
|  52|0x00000000c3400000, 0x00000000c3400000, 0x00000000c3500000|  0%| F|  |TAMS 0x00000000c3400000, 0x00000000c3400000| Untracked 
|  53|0x00000000c3500000, 0x00000000c3500000, 0x00000000c3600000|  0%| F|  |TAMS 0x00000000c3500000, 0x00000000c3500000| Untracked 
|  54|0x00000000c3600000, 0x00000000c3600000, 0x00000000c3700000|  0%| F|  |TAMS 0x00000000c3600000, 0x00000000c3600000| Untracked 
|  55|0x00000000c3700000, 0x00000000c3700000, 0x00000000c3800000|  0%| F|  |TAMS 0x00000000c3700000, 0x00000000c3700000| Untracked 
|  56|0x00000000c3800000, 0x00000000c3800000, 0x00000000c3900000|  0%| F|  |TAMS 0x00000000c3800000, 0x00000000c3800000| Untracked 
|  57|0x00000000c3900000, 0x00000000c3900000, 0x00000000c3a00000|  0%| F|  |TAMS 0x00000000c3900000, 0x00000000c3900000| Untracked 
|  58|0x00000000c3a00000, 0x00000000c3a00000, 0x00000000c3b00000|  0%| F|  |TAMS 0x00000000c3a00000, 0x00000000c3a00000| Untracked 
|  59|0x00000000c3b00000, 0x00000000c3b00000, 0x00000000c3c00000|  0%| F|  |TAMS 0x00000000c3b00000, 0x00000000c3b00000| Untracked 
|  60|0x00000000c3c00000, 0x00000000c3c00000, 0x00000000c3d00000|  0%| F|  |TAMS 0x00000000c3c00000, 0x00000000c3c00000| Untracked 
|  61|0x00000000c3d00000, 0x00000000c3d40840, 0x00000000c3e00000| 25%| S|CS|TAMS 0x00000000c3d00000, 0x00000000c3d00000| Complete 
|  62|0x00000000c3e00000, 0x00000000c3f00000, 0x00000000c3f00000|100%| S|CS|TAMS 0x00000000c3e00000, 0x00000000c3e00000| Complete 
|  63|0x00000000c3f00000, 0x00000000c3f00000, 0x00000000c4000000|  0%| F|  |TAMS 0x00000000c3f00000, 0x00000000c3f00000| Untracked 
|  64|0x00000000c4000000, 0x00000000c4000000, 0x00000000c4100000|  0%| F|  |TAMS 0x00000000c4000000, 0x00000000c4000000| Untracked 
|  65|0x00000000c4100000, 0x00000000c4100000, 0x00000000c4200000|  0%| F|  |TAMS 0x00000000c4100000, 0x00000000c4100000| Untracked 
|  66|0x00000000c4200000, 0x00000000c4200000, 0x00000000c4300000|  0%| F|  |TAMS 0x00000000c4200000, 0x00000000c4200000| Untracked 
|  67|0x00000000c4300000, 0x00000000c4300000, 0x00000000c4400000|  0%| F|  |TAMS 0x00000000c4300000, 0x00000000c4300000| Untracked 
|  68|0x00000000c4400000, 0x00000000c4400000, 0x00000000c4500000|  0%| F|  |TAMS 0x00000000c4400000, 0x00000000c4400000| Untracked 
|  69|0x00000000c4500000, 0x00000000c4500000, 0x00000000c4600000|  0%| F|  |TAMS 0x00000000c4500000, 0x00000000c4500000| Untracked 
|  70|0x00000000c4600000, 0x00000000c4600000, 0x00000000c4700000|  0%| F|  |TAMS 0x00000000c4600000, 0x00000000c4600000| Untracked 
|  71|0x00000000c4700000, 0x00000000c4700000, 0x00000000c4800000|  0%| F|  |TAMS 0x00000000c4700000, 0x00000000c4700000| Untracked 
|  72|0x00000000c4800000, 0x00000000c4800000, 0x00000000c4900000|  0%| F|  |TAMS 0x00000000c4800000, 0x00000000c4800000| Untracked 
|  73|0x00000000c4900000, 0x00000000c4900000, 0x00000000c4a00000|  0%| F|  |TAMS 0x00000000c4900000, 0x00000000c4900000| Untracked 
|  74|0x00000000c4a00000, 0x00000000c4a00000, 0x00000000c4b00000|  0%| F|  |TAMS 0x00000000c4a00000, 0x00000000c4a00000| Untracked 
|  75|0x00000000c4b00000, 0x00000000c4c00000, 0x00000000c4c00000|100%| E|  |TAMS 0x00000000c4b00000, 0x00000000c4b00000| Complete 
|  76|0x00000000c4c00000, 0x00000000c4d00000, 0x00000000c4d00000|100%| E|CS|TAMS 0x00000000c4c00000, 0x00000000c4c00000| Complete 

Card table byte_map: [0x00000299256d0000,0x00000299258d0000] _byte_map_base: 0x00000299250d0000

Marking Bits (Prev, Next): (CMBitMap*) 0x0000029910e10fa0, (CMBitMap*) 0x0000029910e10f68
 Prev Bits: [0x0000029926ad0000, 0x0000029927ad0000)
 Next Bits: [0x0000029925ad0000, 0x0000029926ad0000)

Polling page: 0x0000029910ec0000

Metaspace:

Usage:
  Non-class:     39.47 MB capacity,    38.74 MB ( 98%) used,   633.50 KB (  2%) free+waste,   117.31 KB ( <1%) overhead. 
      Class:      6.23 MB capacity,     5.79 MB ( 93%) used,   395.40 KB (  6%) free+waste,    56.75 KB ( <1%) overhead. 
       Both:     45.71 MB capacity,    44.53 MB ( 97%) used,     1.00 MB (  2%) free+waste,   174.06 KB ( <1%) overhead. 

Virtual space:
  Non-class space:       40.00 MB reserved,      39.50 MB ( 99%) committed 
      Class space:        1.00 GB reserved,       6.25 MB ( <1%) committed 
             Both:        1.04 GB reserved,      45.75 MB (  4%) committed 

Chunk freelists:
   Non-Class:  30.00 KB
       Class:  0 bytes
        Both:  30.00 KB

MaxMetaspaceSize: 17179869184.00 GB
CompressedClassSpaceSize: 1.00 GB

CodeHeap 'non-profiled nmethods': size=120064Kb used=2152Kb max_used=2152Kb free=117911Kb
 bounds [0x000002991db90000, 0x000002991de00000, 0x00000299250d0000]
CodeHeap 'profiled nmethods': size=120000Kb used=9367Kb max_used=9367Kb free=110632Kb
 bounds [0x0000029916660000, 0x0000029916f90000, 0x000002991db90000]
CodeHeap 'non-nmethods': size=5696Kb used=2204Kb max_used=2237Kb free=3491Kb
 bounds [0x00000299160d0000, 0x0000029916340000, 0x0000029916660000]
 total_blobs=5231 nmethods=4449 adapters=694
 compilation: enabled
              stopped_count=0, restarted_count=0
 full_count=0

Compilation events (20 events):
Event: 52.730 Thread 0x000002992a6e6800 nmethod 4374 0x0000029916f59e10 code [0x0000029916f59fe0, 0x0000029916f5a228]
Event: 52.737 Thread 0x000002992a6e6800 4375 %     3       groovyjarjarantlr4.v4.runtime.atn.ArrayPredictionContext::equals @ 138 (244 bytes)
Event: 52.739 Thread 0x000002992a6e6800 nmethod 4375% 0x0000029916f5a310 code [0x0000029916f5a6a0, 0x0000029916f5c2c8]
Event: 52.740 Thread 0x000002992a6e6800 4376       3       groovyjarjarantlr4.v4.runtime.atn.ArrayPredictionContext::equals (244 bytes)
Event: 52.743 Thread 0x000002992a6e6800 nmethod 4376 0x0000029916f5cb90 code [0x0000029916f5cf60, 0x0000029916f5ebb8]
Event: 53.047 Thread 0x000002992a6e6800 4377       2       groovyjarjarantlr4.v4.runtime.atn.ArrayPredictionContext::<init> (67 bytes)
Event: 53.047 Thread 0x000002992a6e6800 nmethod 4377 0x0000029916f5f590 code [0x0000029916f5f740, 0x0000029916f5f8d8]
Event: 53.057 Thread 0x000002992a6e6800 4378       2       java.util.HashMap$TreeNode::rotateRight (91 bytes)
Event: 53.057 Thread 0x000002992a6e6800 nmethod 4378 0x0000029916f5f990 code [0x0000029916f5fb60, 0x0000029916f5ff38]
Event: 53.098 Thread 0x000002992a6e6800 4379       2       java.util.concurrent.ThreadPoolExecutor::workerCountOf (5 bytes)
Event: 53.098 Thread 0x000002992a6e6800 nmethod 4379 0x0000029916f60090 code [0x0000029916f60240, 0x0000029916f60318]
Event: 53.152 Thread 0x000002992a6e4800 nmethod 4295 0x000002991dd9d610 code [0x000002991dd9dc60, 0x000002991dda2e98]
Event: 53.154 Thread 0x000002992a6e4800 4229       4       java.util.HashMap::get (23 bytes)
Event: 53.199 Thread 0x000002992a6e6800 4381       2       java.util.concurrent.atomic.AtomicIntegerArray::<init> (12 bytes)
Event: 53.200 Thread 0x000002992a6e6800 nmethod 4381 0x0000029916f60390 code [0x0000029916f60540, 0x0000029916f60718]
Event: 53.203 Thread 0x000002992a6e6800 4383   !   2       java.util.concurrent.ConcurrentHashMap::putVal (432 bytes)
Event: 53.206 Thread 0x000002992a6e6800 nmethod 4383 0x0000029916f60810 code [0x0000029916f60ac0, 0x0000029916f61c18]
Event: 53.255 Thread 0x000002992a6e6800 4384       2       groovyjarjarantlr4.v4.runtime.atn.ParserATNSimulator::computeStartState (710 bytes)
Event: 53.263 Thread 0x000002992a6e6800 nmethod 4384 0x0000029916f62490 code [0x0000029916f62920, 0x0000029916f64708]
Event: 53.276 Thread 0x000002992a6e6800 4386       2       java.util.HashMap$TreeNode::treeify (221 bytes)

GC Heap History (20 events):
Event: 48.184 GC heap before
{Heap before GC invocations=19 (full 0):
 garbage-first heap   total 65536K, used 52514K [0x00000000c0000000, 0x0000000100000000)
  region size 1024K, 16 young (16384K), 2 survivors (2048K)
 Metaspace       used 41488K, capacity 42531K, committed 42624K, reserved 1085440K
  class space    used 5295K, capacity 5689K, committed 5760K, reserved 1048576K
}
Event: 48.195 GC heap after
{Heap after GC invocations=20 (full 0):
 garbage-first heap   total 65536K, used 38613K [0x00000000c0000000, 0x0000000100000000)
  region size 1024K, 2 young (2048K), 2 survivors (2048K)
 Metaspace       used 41488K, capacity 42531K, committed 42624K, reserved 1085440K
  class space    used 5295K, capacity 5689K, committed 5760K, reserved 1048576K
}
Event: 50.044 GC heap before
{Heap before GC invocations=21 (full 0):
 garbage-first heap   total 65536K, used 50901K [0x00000000c0000000, 0x0000000100000000)
  region size 1024K, 16 young (16384K), 2 survivors (2048K)
 Metaspace       used 42560K, capacity 43647K, committed 43776K, reserved 1087488K
  class space    used 5450K, capacity 5844K, committed 5888K, reserved 1048576K
}
Event: 50.058 GC heap after
{Heap after GC invocations=22 (full 0):
 garbage-first heap   total 65536K, used 39806K [0x00000000c0000000, 0x0000000100000000)
  region size 1024K, 2 young (2048K), 2 survivors (2048K)
 Metaspace       used 42560K, capacity 43647K, committed 43776K, reserved 1087488K
  class space    used 5450K, capacity 5844K, committed 5888K, reserved 1048576K
}
Event: 51.257 GC heap before
{Heap before GC invocations=23 (full 0):
 garbage-first heap   total 65536K, used 55166K [0x00000000c0000000, 0x0000000100000000)
  region size 1024K, 15 young (15360K), 2 survivors (2048K)
 Metaspace       used 44690K, capacity 45822K, committed 45952K, reserved 1089536K
  class space    used 5849K, capacity 6271K, committed 6272K, reserved 1048576K
}
Event: 51.271 GC heap after
{Heap after GC invocations=24 (full 0):
 garbage-first heap   total 65536K, used 44753K [0x00000000c0000000, 0x0000000100000000)
  region size 1024K, 2 young (2048K), 2 survivors (2048K)
 Metaspace       used 44690K, capacity 45822K, committed 45952K, reserved 1089536K
  class space    used 5849K, capacity 6271K, committed 6272K, reserved 1048576K
}
Event: 51.740 GC heap before
{Heap before GC invocations=24 (full 0):
 garbage-first heap   total 65536K, used 54993K [0x00000000c0000000, 0x0000000100000000)
  region size 1024K, 12 young (12288K), 2 survivors (2048K)
 Metaspace       used 45150K, capacity 46311K, committed 46592K, reserved 1089536K
  class space    used 5886K, capacity 6306K, committed 6400K, reserved 1048576K
}
Event: 51.760 GC heap after
{Heap after GC invocations=25 (full 0):
 garbage-first heap   total 65536K, used 45340K [0x00000000c0000000, 0x0000000100000000)
  region size 1024K, 1 young (1024K), 1 survivors (1024K)
 Metaspace       used 45150K, capacity 46311K, committed 46592K, reserved 1089536K
  class space    used 5886K, capacity 6306K, committed 6400K, reserved 1048576K
}
Event: 52.195 GC heap before
{Heap before GC invocations=26 (full 0):
 garbage-first heap   total 65536K, used 54556K [0x00000000c0000000, 0x0000000100000000)
  region size 1024K, 10 young (10240K), 1 survivors (1024K)
 Metaspace       used 45221K, capacity 46311K, committed 46592K, reserved 1089536K
  class space    used 5889K, capacity 6306K, committed 6400K, reserved 1048576K
}
Event: 52.202 GC heap after
{Heap after GC invocations=27 (full 0):
 garbage-first heap   total 65536K, used 45682K [0x00000000c0000000, 0x0000000100000000)
  region size 1024K, 1 young (1024K), 1 survivors (1024K)
 Metaspace       used 45221K, capacity 46311K, committed 46592K, reserved 1089536K
  class space    used 5889K, capacity 6306K, committed 6400K, reserved 1048576K
}
Event: 52.367 GC heap before
{Heap before GC invocations=27 (full 0):
 garbage-first heap   total 65536K, used 54898K [0x00000000c0000000, 0x0000000100000000)
  region size 1024K, 10 young (10240K), 1 survivors (1024K)
 Metaspace       used 45260K, capacity 46375K, committed 46592K, reserved 1089536K
  class space    used 5889K, capacity 6306K, committed 6400K, reserved 1048576K
}
Event: 52.376 GC heap after
{Heap after GC invocations=28 (full 0):
 garbage-first heap   total 65536K, used 46249K [0x00000000c0000000, 0x0000000100000000)
  region size 1024K, 2 young (2048K), 2 survivors (2048K)
 Metaspace       used 45260K, capacity 46375K, committed 46592K, reserved 1089536K
  class space    used 5889K, capacity 6306K, committed 6400K, reserved 1048576K
}
Event: 52.697 GC heap before
{Heap before GC invocations=29 (full 0):
 garbage-first heap   total 65536K, used 54441K [0x00000000c0000000, 0x0000000100000000)
  region size 1024K, 10 young (10240K), 2 survivors (2048K)
 Metaspace       used 45287K, capacity 46439K, committed 46592K, reserved 1089536K
  class space    used 5889K, capacity 6306K, committed 6400K, reserved 1048576K
}
Event: 52.706 GC heap after
{Heap after GC invocations=30 (full 0):
 garbage-first heap   total 65536K, used 46199K [0x00000000c0000000, 0x0000000100000000)
  region size 1024K, 1 young (1024K), 1 survivors (1024K)
 Metaspace       used 45287K, capacity 46439K, committed 46592K, reserved 1089536K
  class space    used 5889K, capacity 6306K, committed 6400K, reserved 1048576K
}
Event: 52.821 GC heap before
{Heap before GC invocations=30 (full 0):
 garbage-first heap   total 65536K, used 54391K [0x00000000c0000000, 0x0000000100000000)
  region size 1024K, 9 young (9216K), 1 survivors (1024K)
 Metaspace       used 45291K, capacity 46439K, committed 46592K, reserved 1089536K
  class space    used 5889K, capacity 6306K, committed 6400K, reserved 1048576K
}
Event: 52.830 GC heap after
{Heap after GC invocations=31 (full 0):
 garbage-first heap   total 65536K, used 46707K [0x00000000c0000000, 0x0000000100000000)
  region size 1024K, 2 young (2048K), 2 survivors (2048K)
 Metaspace       used 45291K, capacity 46439K, committed 46592K, reserved 1089536K
  class space    used 5889K, capacity 6306K, committed 6400K, reserved 1048576K
}
Event: 53.120 GC heap before
{Heap before GC invocations=32 (full 0):
 garbage-first heap   total 65536K, used 53875K [0x00000000c0000000, 0x0000000100000000)
  region size 1024K, 9 young (9216K), 2 survivors (2048K)
 Metaspace       used 45292K, capacity 46439K, committed 46592K, reserved 1089536K
  class space    used 5889K, capacity 6306K, committed 6400K, reserved 1048576K
}
Event: 53.129 GC heap after
{Heap after GC invocations=33 (full 0):
 garbage-first heap   total 65536K, used 46780K [0x00000000c0000000, 0x0000000100000000)
  region size 1024K, 1 young (1024K), 1 survivors (1024K)
 Metaspace       used 45292K, capacity 46439K, committed 46592K, reserved 1089536K
  class space    used 5889K, capacity 6306K, committed 6400K, reserved 1048576K
}
Event: 53.215 GC heap before
{Heap before GC invocations=33 (full 0):
 garbage-first heap   total 65536K, used 54972K [0x00000000c0000000, 0x0000000100000000)
  region size 1024K, 9 young (9216K), 1 survivors (1024K)
 Metaspace       used 45293K, capacity 46439K, committed 46592K, reserved 1089536K
  class space    used 5889K, capacity 6306K, committed 6400K, reserved 1048576K
}
Event: 53.226 GC heap after
{Heap after GC invocations=34 (full 0):
 garbage-first heap   total 78848K, used 47109K [0x00000000c0000000, 0x0000000100000000)
  region size 1024K, 2 young (2048K), 2 survivors (2048K)
 Metaspace       used 45293K, capacity 46439K, committed 46592K, reserved 1089536K
  class space    used 5889K, capacity 6306K, committed 6400K, reserved 1048576K
}

Deoptimization events (20 events):
Event: 52.002 Thread 0x000002992b980800 DEOPT PACKING pc=0x0000029916ef0bf9 sp=0x000000c4fa8f89b0
Event: 52.002 Thread 0x000002992b980800 DEOPT UNPACKING pc=0x00000299160f643f sp=0x000000c4fa8f7f00 mode 0
Event: 52.101 Thread 0x000002992b980800 DEOPT PACKING pc=0x0000029916ee8ccf sp=0x000000c4fa8f8660
Event: 52.101 Thread 0x000002992b980800 DEOPT UNPACKING pc=0x00000299160f643f sp=0x000000c4fa8f7bb8 mode 0
Event: 52.156 Thread 0x000002992b980800 DEOPT PACKING pc=0x0000029916eff341 sp=0x000000c4fa8f8310
Event: 52.156 Thread 0x000002992b980800 DEOPT UNPACKING pc=0x00000299160f643f sp=0x000000c4fa8f7828 mode 0
Event: 52.307 Thread 0x000002992b980800 DEOPT PACKING pc=0x0000029916ee653c sp=0x000000c4fa8f8480
Event: 52.307 Thread 0x000002992b980800 DEOPT UNPACKING pc=0x00000299160f643f sp=0x000000c4fa8f7970 mode 0
Event: 52.365 Thread 0x000002992b980800 DEOPT PACKING pc=0x0000029916ed8537 sp=0x000000c4fa8f88c0
Event: 52.365 Thread 0x000002992b980800 DEOPT UNPACKING pc=0x00000299160f643f sp=0x000000c4fa8f7de8 mode 0
Event: 52.602 Thread 0x000002992b980800 DEOPT PACKING pc=0x0000029916ed8e4d sp=0x000000c4fa8f3840
Event: 52.602 Thread 0x000002992b980800 DEOPT UNPACKING pc=0x00000299160f643f sp=0x000000c4fa8f2ce8 mode 0
Event: 52.664 Thread 0x000002992b980800 DEOPT PACKING pc=0x0000029916f08d3b sp=0x000000c4fa8f7df0
Event: 52.664 Thread 0x000002992b980800 DEOPT UNPACKING pc=0x00000299160f643f sp=0x000000c4fa8f72d8 mode 0
Event: 52.743 Thread 0x000002992b980800 DEOPT PACKING pc=0x0000029916edcaec sp=0x000000c4fa8f7c60
Event: 52.743 Thread 0x000002992b980800 DEOPT UNPACKING pc=0x00000299160f643f sp=0x000000c4fa8f7140 mode 0
Event: 53.180 Thread 0x000002992b980800 Uncommon trap: trap_request=0xffffffde fr.pc=0x000002991dc5a474 relative=0x00000000000010b4
Event: 53.180 Thread 0x000002992b980800 Uncommon trap: reason=class_check action=maybe_recompile pc=0x000002991dc5a474 method=java.util.concurrent.ConcurrentHashMap.putVal(Ljava/lang/Object;Ljava/lang/Object;Z)Ljava/lang/Object; @ 242 c2
Event: 53.180 Thread 0x000002992b980800 DEOPT PACKING pc=0x000002991dc5a474 sp=0x000000c4fa8f7290
Event: 53.180 Thread 0x000002992b980800 DEOPT UNPACKING pc=0x00000299160f6029 sp=0x000000c4fa8f7200 mode 2

Classes redefined (0 events):
No events

Internal exceptions (20 events):
Event: 46.409 Thread 0x000002992b980800 Exception <a 'java/lang/ClassNotFoundException'{0x00000000c3fd8c20}: org/gradle/api/internal/artifacts/dsl/dependencies/DefaultDependencyHandlerBeanInfo> (0x00000000c3fd8c20) thrown at [./src/hotspot/share/classfile/systemDictionary.cpp, line 231]
Event: 46.412 Thread 0x000002992b980800 Exception <a 'java/lang/ClassNotFoundException'{0x00000000c3e13328}: org/gradle/api/internal/artifacts/dsl/dependencies/DefaultDependencyHandlerCustomizer> (0x00000000c3e13328) thrown at [./src/hotspot/share/classfile/systemDictionary.cpp, line 231]
Event: 46.433 Thread 0x000002992b980800 Exception <a 'java/lang/ClassNotFoundException'{0x00000000c3e76e68}: org/gradle/api/internal/artifacts/dsl/dependencies/DefaultDependencyHandler_DecoratedCustomizer> (0x00000000c3e76e68) thrown at [./src/hotspot/share/classfile/systemDictionary.cpp, line 231]
Event: 46.554 Thread 0x000002992b980800 Exception <a 'java/lang/NoSuchMethodError'{0x00000000c3d56780}: 'int java.lang.invoke.DirectMethodHandle$Holder.invokeVirtual(java.lang.Object, java.lang.Object)'> (0x00000000c3d56780) thrown at [./src/hotspot/share/interpreter/linkResolver.cpp, line 773]
Event: 46.655 Thread 0x000002992b980800 Exception <a 'java/lang/NoSuchMethodError'{0x00000000c3c54cb8}: 'java.lang.Object java.lang.invoke.DirectMethodHandle$Holder.invokeStatic(java.lang.Object, java.lang.Object, int, java.lang.Object)'> (0x00000000c3c54cb8) thrown at [./src/hotspot/share/interpreter/linkResolver.cpp, line 773]
Event: 46.658 Thread 0x000002992b980800 Exception <a 'java/lang/NoSuchMethodError'{0x00000000c3c5bca8}: 'java.lang.Object java.lang.invoke.Invokers$Holder.linkToTargetMethod(java.lang.Object, int, java.lang.Object, java.lang.Object)'> (0x00000000c3c5bca8) thrown at [./src/hotspot/share/interpreter/linkResolver.cpp, line 773]
Event: 48.349 Thread 0x000002992b980800 Exception <a 'java/lang/IncompatibleClassChangeError'{0x00000000c3e32758}: Found class java.lang.Object, but interface was expected> (0x00000000c3e32758) thrown at [./src/hotspot/share/interpreter/linkResolver.cpp, line 839]
Event: 48.473 Thread 0x000002992b980800 Exception <a 'java/lang/NoSuchMethodError'{0x00000000c3dd21b0}: 'java.lang.Object java.lang.invoke.Invokers$Holder.linkToTargetMethod(java.lang.Object, int, java.lang.Object)'> (0x00000000c3dd21b0) thrown at [./src/hotspot/share/interpreter/linkResolver.cpp, line 773]
Event: 48.637 Thread 0x000002992b980800 Exception <a 'java/lang/NoSuchMethodError'{0x00000000c39ba898}: 'int java.lang.invoke.DirectMethodHandle$Holder.invokeStaticInit(java.lang.Object)'> (0x00000000c39ba898) thrown at [./src/hotspot/share/interpreter/linkResolver.cpp, line 773]
Event: 48.886 Thread 0x000002992d4e5800 Exception <a 'sun/nio/fs/WindowsException'{0x00000000c37a46d0}> (0x00000000c37a46d0) thrown at [./src/hotspot/share/prims/jni.cpp, line 615]
Event: 48.927 Thread 0x000002992d4e5800 Exception <a 'sun/nio/fs/WindowsException'{0x00000000c37fb960}> (0x00000000c37fb960) thrown at [./src/hotspot/share/prims/jni.cpp, line 615]
Event: 48.932 Thread 0x000002992d4e5800 Exception <a 'sun/nio/fs/WindowsException'{0x00000000c37fbac8}> (0x00000000c37fbac8) thrown at [./src/hotspot/share/prims/jni.cpp, line 615]
Event: 48.953 Thread 0x000002992b980800 Exception <a 'java/lang/ClassNotFoundException'{0x00000000c3640460}: sync_studio_tooling993_cans4bn2xw8f88acth0khxnj6BeanInfo> (0x00000000c3640460) thrown at [./src/hotspot/share/classfile/systemDictionary.cpp, line 231]
Event: 48.953 Thread 0x000002992b980800 Exception <a 'java/lang/ClassNotFoundException'{0x00000000c364c1c0}: sync_studio_tooling993_cans4bn2xw8f88acth0khxnj6Customizer> (0x00000000c364c1c0) thrown at [./src/hotspot/share/classfile/systemDictionary.cpp, line 231]
Event: 49.119 Thread 0x000002992b980800 Exception <a 'java/lang/ClassNotFoundException'{0x00000000c352aef0}: ijinit8_dc1tz6y8qq1k9oj9pg9u8cznlBeanInfo> (0x00000000c352aef0) thrown at [./src/hotspot/share/classfile/systemDictionary.cpp, line 231]
Event: 49.120 Thread 0x000002992b980800 Exception <a 'java/lang/ClassNotFoundException'{0x00000000c3535e30}: ijinit8_dc1tz6y8qq1k9oj9pg9u8cznlCustomizer> (0x00000000c3535e30) thrown at [./src/hotspot/share/classfile/systemDictionary.cpp, line 231]
Event: 49.136 Thread 0x000002992b980800 Exception <a 'java/lang/ClassNotFoundException'{0x00000000c3587438}: ijinit8_dc1tz6y8qq1k9oj9pg9u8cznl$_run_closure1BeanInfo> (0x00000000c3587438) thrown at [./src/hotspot/share/classfile/systemDictionary.cpp, line 231]
Event: 49.136 Thread 0x000002992b980800 Exception <a 'java/lang/ClassNotFoundException'{0x00000000c358d9b8}: ijinit8_dc1tz6y8qq1k9oj9pg9u8cznl$_run_closure1Customizer> (0x00000000c358d9b8) thrown at [./src/hotspot/share/classfile/systemDictionary.cpp, line 231]
Event: 49.731 Thread 0x000002992b980800 Exception <a 'java/lang/NoSuchMethodError'{0x00000000c33872d8}: 'void java.lang.invoke.DirectMethodHandle$Holder.invokeVirtual(java.lang.Object, java.lang.Object)'> (0x00000000c33872d8) thrown at [./src/hotspot/share/interpreter/linkResolver.cpp, line 773]
Event: 50.189 Thread 0x000002992b980800 Implicit null exception at 0x000002991dc024b0 to 0x000002991dc031ec

Events (20 events):
Event: 52.194 Executing VM operation: G1CollectForAllocation
Event: 52.202 Executing VM operation: G1CollectForAllocation done
Event: 52.367 Executing VM operation: G1CollectForAllocation
Event: 52.376 Executing VM operation: G1CollectForAllocation done
Event: 52.487 Executing VM operation: CGC_Operation
Event: 52.504 Executing VM operation: CGC_Operation done
Event: 52.547 Executing VM operation: CGC_Operation
Event: 52.548 Executing VM operation: CGC_Operation done
Event: 52.696 Executing VM operation: G1CollectForAllocation
Event: 52.706 Executing VM operation: G1CollectForAllocation done
Event: 52.821 Executing VM operation: G1CollectForAllocation
Event: 52.830 Executing VM operation: G1CollectForAllocation done
Event: 52.976 Executing VM operation: CGC_Operation
Event: 52.993 Executing VM operation: CGC_Operation done
Event: 53.038 Executing VM operation: CGC_Operation
Event: 53.039 Executing VM operation: CGC_Operation done
Event: 53.119 Executing VM operation: G1CollectForAllocation
Event: 53.129 Executing VM operation: G1CollectForAllocation done
Event: 53.215 Executing VM operation: G1CollectForAllocation
Event: 53.226 Executing VM operation: G1CollectForAllocation done


Dynamic libraries:
0x00007ff6e8440000 - 0x00007ff6e844a000 	C:\Users\felip\OneDrive\Desktop\android-studio\jre\bin\java.exe
0x00007ffe72f10000 - 0x00007ffe73105000 	C:\Windows\SYSTEM32\ntdll.dll
0x00007ffe51290000 - 0x00007ffe512a6000 	C:\Program Files\Avast Software\Avast\aswhook.dll
0x00007ffe70f60000 - 0x00007ffe7101e000 	C:\Windows\System32\KERNEL32.DLL
0x00007ffe70c90000 - 0x00007ffe70f59000 	C:\Windows\System32\KERNELBASE.dll
0x00007ffe70a30000 - 0x00007ffe70b30000 	C:\Windows\System32\ucrtbase.dll
0x00007ffe6dd40000 - 0x00007ffe6dd59000 	C:\Users\felip\OneDrive\Desktop\android-studio\jre\bin\jli.dll
0x00007ffe72ae0000 - 0x00007ffe72c81000 	C:\Windows\System32\USER32.dll
0x00007ffe70a00000 - 0x00007ffe70a22000 	C:\Windows\System32\win32u.dll
0x00007ffe71400000 - 0x00007ffe7142b000 	C:\Windows\System32\GDI32.dll
0x00007ffe70630000 - 0x00007ffe7073b000 	C:\Windows\System32\gdi32full.dll
0x00007ffe70740000 - 0x00007ffe707dd000 	C:\Windows\System32\msvcp_win.dll
0x00007ffe60850000 - 0x00007ffe60aea000 	C:\Windows\WinSxS\amd64_microsoft.windows.common-controls_6595b64144ccf1df_6.0.19041.1110_none_60b5254171f9507e\COMCTL32.dll
0x00007ffe6dcc0000 - 0x00007ffe6dcd7000 	C:\Users\felip\OneDrive\Desktop\android-studio\jre\bin\VCRUNTIME140.dll
0x00007ffe72260000 - 0x00007ffe722fe000 	C:\Windows\System32\msvcrt.dll
0x00007ffe72730000 - 0x00007ffe72760000 	C:\Windows\System32\IMM32.DLL
0x00007ffe5d650000 - 0x00007ffe5d6ed000 	C:\Users\felip\OneDrive\Desktop\android-studio\jre\bin\msvcp140.dll
0x00007ffe2bd60000 - 0x00007ffe2c835000 	C:\Users\felip\OneDrive\Desktop\android-studio\jre\bin\server\jvm.dll
0x00007ffe71430000 - 0x00007ffe714dc000 	C:\Windows\System32\ADVAPI32.dll
0x00007ffe711a0000 - 0x00007ffe7123b000 	C:\Windows\System32\sechost.dll
0x00007ffe712d0000 - 0x00007ffe713fa000 	C:\Windows\System32\RPCRT4.dll
0x00007ffe71970000 - 0x00007ffe71978000 	C:\Windows\System32\PSAPI.DLL
0x00007ffe63c60000 - 0x00007ffe63c69000 	C:\Windows\SYSTEM32\WSOCK32.dll
0x00007ffe65210000 - 0x00007ffe6521a000 	C:\Windows\SYSTEM32\VERSION.dll
0x00007ffe721f0000 - 0x00007ffe7225b000 	C:\Windows\System32\WS2_32.dll
0x00007ffe594e0000 - 0x00007ffe59507000 	C:\Windows\SYSTEM32\WINMM.dll
0x00007ffe6e450000 - 0x00007ffe6e462000 	C:\Windows\SYSTEM32\kernel.appcore.dll
0x00007ffe6d880000 - 0x00007ffe6d891000 	C:\Users\felip\OneDrive\Desktop\android-studio\jre\bin\verify.dll
0x00007ffe65020000 - 0x00007ffe65204000 	C:\Windows\SYSTEM32\DBGHELP.DLL
0x00007ffe64ff0000 - 0x00007ffe6501c000 	C:\Windows\SYSTEM32\dbgcore.DLL
0x00007ffe707e0000 - 0x00007ffe70863000 	C:\Windows\System32\bcryptPrimitives.dll
0x00007ffe6d760000 - 0x00007ffe6d789000 	C:\Users\felip\OneDrive\Desktop\android-studio\jre\bin\java.dll
0x00007ffe6dc90000 - 0x00007ffe6dc9b000 	C:\Users\felip\OneDrive\Desktop\android-studio\jre\bin\jimage.dll
0x00007ffe6d860000 - 0x00007ffe6d878000 	C:\Users\felip\OneDrive\Desktop\android-studio\jre\bin\zip.dll
0x00007ffe71ab0000 - 0x00007ffe721ef000 	C:\Windows\System32\SHELL32.dll
0x00007ffe6e730000 - 0x00007ffe6eec0000 	C:\Windows\SYSTEM32\windows.storage.dll
0x00007ffe72780000 - 0x00007ffe72ad5000 	C:\Windows\System32\combase.dll
0x00007ffe6ffb0000 - 0x00007ffe6ffdc000 	C:\Windows\SYSTEM32\Wldp.dll
0x00007ffe71980000 - 0x00007ffe71a2d000 	C:\Windows\System32\SHCORE.dll
0x00007ffe72d60000 - 0x00007ffe72db5000 	C:\Windows\System32\shlwapi.dll
0x00007ffe70570000 - 0x00007ffe7058f000 	C:\Windows\SYSTEM32\profapi.dll
0x00007ffe6c040000 - 0x00007ffe6c05a000 	C:\Users\felip\OneDrive\Desktop\android-studio\jre\bin\net.dll
0x00007ffe64e40000 - 0x00007ffe64f48000 	C:\Windows\SYSTEM32\WINHTTP.dll
0x00007ffe6fd10000 - 0x00007ffe6fd7a000 	C:\Windows\system32\mswsock.dll
0x00007ffe67f70000 - 0x00007ffe67f84000 	C:\Users\felip\OneDrive\Desktop\android-studio\jre\bin\nio.dll
0x00007ffe69610000 - 0x00007ffe69637000 	C:\Users\felip\.gradle\native\8bec1ad78214c89d9ad589b4d07fe93259594b29d510b10fafb7a158f7737e5d\windows-amd64\native-platform.dll
0x00007ffe59280000 - 0x00007ffe593bd000 	C:\Users\felip\.gradle\native\53dbd7edfb1c66fb8903c78663c9afc45aea4f116125fa6feffd364cf09443e8\windows-amd64\native-platform-file-events.dll
0x00007ffe6d700000 - 0x00007ffe6d70a000 	C:\Users\felip\OneDrive\Desktop\android-studio\jre\bin\management.dll
0x00007ffe6cd20000 - 0x00007ffe6cd2d000 	C:\Users\felip\OneDrive\Desktop\android-studio\jre\bin\management_ext.dll
0x00007ffe6ff10000 - 0x00007ffe6ff28000 	C:\Windows\SYSTEM32\CRYPTSP.dll
0x00007ffe6f690000 - 0x00007ffe6f6c4000 	C:\Windows\system32\rsaenh.dll
0x00007ffe70980000 - 0x00007ffe709a7000 	C:\Windows\System32\bcrypt.dll
0x00007ffe704f0000 - 0x00007ffe7051e000 	C:\Windows\SYSTEM32\USERENV.dll
0x00007ffe6ff00000 - 0x00007ffe6ff0c000 	C:\Windows\SYSTEM32\CRYPTBASE.dll
0x00007ffe6fa00000 - 0x00007ffe6fa3b000 	C:\Windows\SYSTEM32\IPHLPAPI.DLL
0x00007ffe71960000 - 0x00007ffe71968000 	C:\Windows\System32\NSI.dll
0x00007ffe698d0000 - 0x00007ffe698e7000 	C:\Windows\SYSTEM32\dhcpcsvc6.DLL
0x00007ffe69bc0000 - 0x00007ffe69bdd000 	C:\Windows\SYSTEM32\dhcpcsvc.DLL
0x00007ffe6fa40000 - 0x00007ffe6fb0c000 	C:\Windows\SYSTEM32\DNSAPI.dll

dbghelp: loaded successfully - version: 4.0.5 - missing functions: none
symbol engine: initialized successfully - sym options: 0x614 - pdb path: .;C:\Users\felip\OneDrive\Desktop\android-studio\jre\bin;C:\Windows\SYSTEM32;C:\Program Files\Avast Software\Avast;C:\Windows\WinSxS\amd64_microsoft.windows.common-controls_6595b64144ccf1df_6.0.19041.1110_none_60b5254171f9507e;C:\Users\felip\OneDrive\Desktop\android-studio\jre\bin\server;C:\Users\felip\.gradle\native\8bec1ad78214c89d9ad589b4d07fe93259594b29d510b10fafb7a158f7737e5d\windows-amd64;C:\Users\felip\.gradle\native\53dbd7edfb1c66fb8903c78663c9afc45aea4f116125fa6feffd364cf09443e8\windows-amd64

VM Arguments:
jvm_args: --add-opens=java.base/java.util=ALL-UNNAMED --add-opens=java.base/java.lang=ALL-UNNAMED --add-opens=java.base/java.lang.invoke=ALL-UNNAMED --add-opens=java.base/java.util=ALL-UNNAMED --add-opens=java.prefs/java.util.prefs=ALL-UNNAMED --add-opens=java.prefs/java.util.prefs=ALL-UNNAMED --add-opens=java.base/java.nio.charset=ALL-UNNAMED --add-opens=java.base/java.net=ALL-UNNAMED --add-opens=java.base/java.util.concurrent.atomic=ALL-UNNAMED -Xmx1024m -Dfile.encoding=UTF-8 -Duser.country=US -Duser.language=en -Duser.variant 
java_command: org.gradle.launcher.daemon.bootstrap.GradleDaemon 7.0.2
java_class_path (initial): C:\Users\felip\.gradle\wrapper\dists\gradle-7.0.2-bin\857tjihv64xamwrf0h14cai3r\gradle-7.0.2\lib\gradle-launcher-7.0.2.jar
Launcher Type: SUN_STANDARD

[Global flags]
     intx CICompilerCount                          = 2                                         {product} {ergonomic}
     uint ConcGCThreads                            = 1                                         {product} {ergonomic}
     uint G1ConcRefinementThreads                  = 2                                         {product} {ergonomic}
   size_t G1HeapRegionSize                         = 1048576                                   {product} {ergonomic}
    uintx GCDrainStackTargetSize                   = 64                                        {product} {ergonomic}
   size_t InitialHeapSize                          = 67108864                                  {product} {ergonomic}
   size_t MarkStackSize                            = 4194304                                   {product} {ergonomic}
   size_t MaxHeapSize                              = 1073741824                                {product} {command line}
   size_t MaxNewSize                               = 643825664                                 {product} {ergonomic}
   size_t MinHeapDeltaBytes                        = 1048576                                   {product} {ergonomic}
    uintx NonNMethodCodeHeapSize                   = 5825164                                {pd product} {ergonomic}
    uintx NonProfiledCodeHeapSize                  = 122916538                              {pd product} {ergonomic}
    uintx ProfiledCodeHeapSize                     = 122916538                              {pd product} {ergonomic}
    uintx ReservedCodeCacheSize                    = 251658240                              {pd product} {ergonomic}
     bool SegmentedCodeCache                       = true                                      {product} {ergonomic}
     bool UseCompressedClassPointers               = true                                 {lp64_product} {ergonomic}
     bool UseCompressedOops                        = true                                 {lp64_product} {ergonomic}
     bool UseG1GC                                  = true                                      {product} {ergonomic}
     bool UseLargePagesIndividualAllocation        = false                                  {pd product} {ergonomic}

Logging:
Log output configuration:
 #0: stdout all=warning uptime,level,tags
 #1: stderr all=off uptime,level,tags

Environment Variables:
PATH=C:\Program Files\Common Files\Oracle\Java\javapath;C:\Program Files (x86)\Common Files\Oracle\Java\javapath;C:\Windows\system32;C:\Windows;C:\Windows\System32\Wbem;C:\Windows\System32\WindowsPowerShell\v1.0\;C:\Windows\System32\OpenSSH\;C:\ProgramData\chocolatey\bin;C:\Program Files (x86)\Yarn\bin\;C:\Program Files\Git\cmd;C:\Program Files\nodejs\;C:\Users\felip\AppData\Local\Microsoft\WindowsApps;C:\Users\felip\AppData\Local\Programs\Microsoft VS Code\bin;C:\Users\felip\AppData\Local\Yarn\bin;C:\Users\felip\AppData\Local\GitHubDesktop\bin;C:\Users\felip\AppData\Roaming\npm
USERNAME=felip
OS=Windows_NT
PROCESSOR_IDENTIFIER=Intel64 Family 6 Model 23 Stepping 10, GenuineIntel



---------------  S Y S T E M  ---------------

OS: Windows 10 , 64 bit Build 19041 (10.0.19041.1202)
OS uptime: 1 days 0:15 hours

CPU:total 2 (initial active 2) (2 cores per cpu, 1 threads per core) family 6 model 23 stepping 10 microcode 0xa0c, cmov, cx8, fxsr, mmx, sse, sse2, sse3, ssse3, tsc

Memory: 4k page, system-wide physical 4061M (13M free)
TotalPageFile size 4061M (AvailPageFile size 5M)
current process WorkingSet (physical memory assigned to process): 201M, peak: 202M
current process commit charge ("private bytes"): 238M, peak: 238M

vm_info: OpenJDK 64-Bit Server VM (11.0.11+9-b60-7590822) for windows-amd64 JRE (11.0.11+9-b60-7590822), built on Jul 29 2021 21:43:44 by "builder" with MS VC++ 14.0 (VS2015)

END.
