#
# There is insufficient memory for the Java Runtime Environment to continue.
# Native memory allocation (malloc) failed to allocate 1172016 bytes for Chunk::new
# Possible reasons:
#   The system is out of physical RAM or swap space
#   The process is running with CompressedOops enabled, and the Java Heap may be blocking the growth of the native heap
# Possible solutions:
#   Reduce memory load on the system
#   Increase physical memory or swap space
#   Check if swap backing store is full
#   Decrease Java heap size (-Xmx/-Xms)
#   Decrease number of Java threads
#   Decrease Java thread stack sizes (-Xss)
#   Set larger code cache with -XX:ReservedCodeCacheSize=
#   JVM is running with Unscaled Compressed Oops mode in which the Java heap is
#     placed in the first 4GB address space. The Java Heap base address is the
#     maximum limit for the native heap growth. Please use -XX:HeapBaseMinAddress
#     to set the Java Heap base and to place the Java Heap above 4GB virtual address.
# This output file may be truncated or incomplete.
#
#  Out of Memory Error (./src/hotspot/share/memory/arena.cpp:197), pid=4704, tid=8576
#
# JRE version: OpenJDK Runtime Environment (11.0.11+9) (build 11.0.11+9-b60-7590822)
# Java VM: OpenJDK 64-Bit Server VM (11.0.11+9-b60-7590822, mixed mode, tiered, compressed oops, g1 gc, windows-amd64)
# No core dump will be written. Minidumps are not enabled by default on client versions of Windows
#

---------------  S U M M A R Y ------------

Command Line: --add-opens=java.base/java.util=ALL-UNNAMED --add-opens=java.base/java.lang=ALL-UNNAMED --add-opens=java.base/java.lang.invoke=ALL-UNNAMED --add-opens=java.base/java.util=ALL-UNNAMED --add-opens=java.prefs/java.util.prefs=ALL-UNNAMED --add-opens=java.prefs/java.util.prefs=ALL-UNNAMED --add-opens=java.base/java.nio.charset=ALL-UNNAMED --add-opens=java.base/java.net=ALL-UNNAMED --add-opens=java.base/java.util.concurrent.atomic=ALL-UNNAMED -Xmx512m -Dfile.encoding=UTF-8 -Duser.country=US -Duser.language=en -Duser.variant org.gradle.launcher.daemon.bootstrap.GradleDaemon 7.0.2

Host: Celeron(R) Dual-Core CPU       T3500  @ 2.10GHz, 2 cores, 3G,  Windows 10 , 64 bit Build 19041 (10.0.19041.1348)
Time: Fri Dec  3 10:13:37 2021 E. South America Standard Time elapsed time: 171.749968 seconds (0d 0h 2m 51s)

---------------  T H R E A D  ---------------

Current thread (0x0000021395dfe800):  JavaThread "C2 CompilerThread0" daemon [_thread_in_native, id=8576, stack(0x0000002667600000,0x0000002667700000)]


Current CompileTask:
C2: 171750 16249 %     4       com.android.tools.r8.ir.regalloc.a::a @ 1542 (1824 bytes)

Stack: [0x0000002667600000,0x0000002667700000]
Native frames: (J=compiled Java code, j=interpreted, Vv=VM code, C=native code)
V  [jvm.dll+0x5f214a]
V  [jvm.dll+0x726fb5]
V  [jvm.dll+0x7285cd]
V  [jvm.dll+0x728c83]
V  [jvm.dll+0x243278]
V  [jvm.dll+0xbc53c]
V  [jvm.dll+0xbca3c]
V  [jvm.dll+0x2b5c34]
V  [jvm.dll+0x508488]
V  [jvm.dll+0x1fd92d]
V  [jvm.dll+0x1fb35f]
V  [jvm.dll+0x183d6c]
V  [jvm.dll+0x209a57]
V  [jvm.dll+0x2082a1]
V  [jvm.dll+0x6ef58f]
V  [jvm.dll+0x6e80b5]
V  [jvm.dll+0x5f1036]
C  [ucrtbase.dll+0x21bb2]
C  [KERNEL32.DLL+0x17034]
C  [ntdll.dll+0x52651]


---------------  P R O C E S S  ---------------

Threads class SMR info:
_java_thread_list=0x000002139cbe8a00, length=43, elements={
0x00000213ff641000, 0x0000021395d95800, 0x0000021395d9f800, 0x0000021395df0800,
0x0000021395df1800, 0x0000021395df4800, 0x0000021395dfe800, 0x0000021395e00000,
0x0000021395e6a800, 0x0000021395f5d000, 0x00000213978f6800, 0x0000021396f49800,
0x0000021396f09800, 0x0000021397c21000, 0x0000021396118000, 0x00000213963d5800,
0x000002139776b800, 0x000002139776c800, 0x00000213977f1000, 0x00000213977f2800,
0x00000213977f4000, 0x00000213977f1800, 0x00000213977f3800, 0x00000213977f5000,
0x00000213977ef800, 0x00000213977f6000, 0x00000213977f0000, 0x00000213989f1800,
0x00000213989ef000, 0x00000213989f4000, 0x00000213989f5000, 0x00000213989f3800,
0x00000213989f0000, 0x00000213989f6800, 0x00000213989f1000, 0x00000213989fc800,
0x00000213989f8000, 0x00000213989fa800, 0x00000213989f9000, 0x00000213989fa000,
0x00000213989fb800, 0x00000213989fd000, 0x00000213989fe000
}

Java Threads: ( => current thread )
  0x00000213ff641000 JavaThread "main" [_thread_blocked, id=4752, stack(0x0000002666a00000,0x0000002666b00000)]
  0x0000021395d95800 JavaThread "Reference Handler" daemon [_thread_blocked, id=6152, stack(0x0000002667100000,0x0000002667200000)]
  0x0000021395d9f800 JavaThread "Finalizer" daemon [_thread_blocked, id=8232, stack(0x0000002667200000,0x0000002667300000)]
  0x0000021395df0800 JavaThread "Signal Dispatcher" daemon [_thread_blocked, id=2992, stack(0x0000002667300000,0x0000002667400000)]
  0x0000021395df1800 JavaThread "Attach Listener" daemon [_thread_blocked, id=6880, stack(0x0000002667400000,0x0000002667500000)]
  0x0000021395df4800 JavaThread "Service Thread" daemon [_thread_blocked, id=8136, stack(0x0000002667500000,0x0000002667600000)]
=>0x0000021395dfe800 JavaThread "C2 CompilerThread0" daemon [_thread_in_native, id=8576, stack(0x0000002667600000,0x0000002667700000)]
  0x0000021395e00000 JavaThread "C1 CompilerThread0" daemon [_thread_blocked, id=7464, stack(0x0000002667700000,0x0000002667800000)]
  0x0000021395e6a800 JavaThread "Sweeper thread" daemon [_thread_blocked, id=5544, stack(0x0000002667800000,0x0000002667900000)]
  0x0000021395f5d000 JavaThread "Common-Cleaner" daemon [_thread_blocked, id=6808, stack(0x0000002667900000,0x0000002667a00000)]
  0x00000213978f6800 JavaThread "Daemon health stats" [_thread_blocked, id=5052, stack(0x0000002667c00000,0x0000002667d00000)]
  0x0000021396f49800 JavaThread "Incoming local TCP Connector on port 14891" [_thread_in_native, id=4908, stack(0x0000002667d00000,0x0000002667e00000)]
  0x0000021396f09800 JavaThread "Daemon periodic checks" [_thread_blocked, id=5264, stack(0x0000002667e00000,0x0000002667f00000)]
  0x0000021397c21000 JavaThread "Daemon" [_thread_blocked, id=1432, stack(0x0000002667f00000,0x0000002668000000)]
  0x0000021396118000 JavaThread "Handler for socket connection from /127.0.0.1:14891 to /127.0.0.1:14892" [_thread_in_native, id=7568, stack(0x0000002668000000,0x0000002668100000)]
  0x00000213963d5800 JavaThread "Cancel handler" [_thread_blocked, id=1896, stack(0x0000002668100000,0x0000002668200000)]
  0x000002139776b800 JavaThread "Daemon worker" [_thread_blocked, id=6996, stack(0x0000002668200000,0x0000002668300000)]
  0x000002139776c800 JavaThread "Asynchronous log dispatcher for DefaultDaemonConnection: socket connection from /127.0.0.1:14891 to /127.0.0.1:14892" [_thread_blocked, id=6504, stack(0x0000002668300000,0x0000002668400000)]
  0x00000213977f1000 JavaThread "Daemon client event forwarder" [_thread_blocked, id=324, stack(0x0000002668500000,0x0000002668600000)]
  0x00000213977f2800 JavaThread "Cache worker for file hash cache (C:\Users\felip\.gradle\caches\7.0.2\fileHashes)" [_thread_blocked, id=8080, stack(0x0000002668600000,0x0000002668700000)]
  0x00000213977f4000 JavaThread "File lock request listener" [_thread_in_native, id=7248, stack(0x0000002668700000,0x0000002668800000)]
  0x00000213977f1800 JavaThread "Cache worker for journal cache (C:\Users\felip\.gradle\caches\journal-1)" [_thread_blocked, id=892, stack(0x0000002668800000,0x0000002668900000)]
  0x00000213977f3800 JavaThread "Cache worker for file hash cache (C:\Users\felip\AndroidStudioProjects\VideoApp\.gradle\7.0.2\fileHashes)" [_thread_blocked, id=1300, stack(0x0000002668900000,0x0000002668a00000)]
  0x00000213977f5000 JavaThread "File watcher server" daemon [_thread_in_native, id=8692, stack(0x0000002668a00000,0x0000002668b00000)]
  0x00000213977ef800 JavaThread "File watcher consumer" daemon [_thread_blocked, id=3920, stack(0x0000002668b00000,0x0000002668c00000)]
  0x00000213977f6000 JavaThread "Cache worker for checksums cache (C:\Users\felip\AndroidStudioProjects\VideoApp\.gradle\checksums)" [_thread_blocked, id=2540, stack(0x0000002668c00000,0x0000002668d00000)]
  0x00000213977f0000 JavaThread "Cache worker for cache directory md-supplier (C:\Users\felip\.gradle\caches\7.0.2\md-supplier)" [_thread_blocked, id=7132, stack(0x0000002668d00000,0x0000002668e00000)]
  0x00000213989f1800 JavaThread "Cache worker for cache directory md-rule (C:\Users\felip\.gradle\caches\7.0.2\md-rule)" [_thread_blocked, id=9188, stack(0x0000002668e00000,0x0000002668f00000)]
  0x00000213989ef000 JavaThread "Cache worker for execution history cache (C:\Users\felip\.gradle\caches\7.0.2\executionHistory)" [_thread_blocked, id=8444, stack(0x0000002668f00000,0x0000002669000000)]
  0x00000213989f4000 JavaThread "jar transforms" [_thread_blocked, id=6904, stack(0x0000002669000000,0x0000002669100000)]
  0x00000213989f5000 JavaThread "jar transforms Thread 2" [_thread_blocked, id=5988, stack(0x0000002669100000,0x0000002669200000)]
  0x00000213989f3800 JavaThread "Cache worker for file content cache (C:\Users\felip\.gradle\caches\7.0.2\fileContent)" [_thread_blocked, id=1616, stack(0x0000002669200000,0x0000002669300000)]
  0x00000213989f0000 JavaThread "Cache worker for dependencies-accessors (C:\Users\felip\AndroidStudioProjects\VideoApp\.gradle\7.0.2\dependencies-accessors)" [_thread_blocked, id=4668, stack(0x0000002669300000,0x0000002669400000)]
  0x00000213989f6800 JavaThread "Cache worker for Build Output Cleanup Cache (C:\Users\felip\AndroidStudioProjects\VideoApp\.gradle\buildOutputCleanup)" [_thread_blocked, id=5984, stack(0x0000002669400000,0x0000002669500000)]
  0x00000213989f1000 JavaThread "Build operations" [_thread_in_Java, id=7284, stack(0x0000002669500000,0x0000002669600000)]
  0x00000213989fc800 JavaThread "Build operations Thread 2" [_thread_in_native, id=7888, stack(0x0000002669600000,0x0000002669700000)]
  0x00000213989f8000 JavaThread "Memory manager" [_thread_blocked, id=4052, stack(0x0000002669900000,0x0000002669a00000)]
  0x00000213989fa800 JavaThread "build event listener" [_thread_blocked, id=9132, stack(0x0000002669a00000,0x0000002669b00000)]
  0x00000213989f9000 JavaThread "build event listener" [_thread_blocked, id=7984, stack(0x0000002666700000,0x0000002666800000)]
  0x00000213989fa000 JavaThread "Execution worker for ':'" [_thread_blocked, id=1968, stack(0x0000002666800000,0x0000002666900000)]
  0x00000213989fb800 JavaThread "Cache worker for execution history cache (C:\Users\felip\AndroidStudioProjects\VideoApp\.gradle\7.0.2\executionHistory)" [_thread_blocked, id=8868, stack(0x0000002666900000,0x0000002666a00000)]
  0x00000213989fd000 JavaThread "WorkerExecutor Queue" [_thread_blocked, id=2220, stack(0x0000002668400000,0x0000002668500000)]
  0x00000213989fe000 JavaThread "WorkerExecutor Queue Thread 2" [_thread_blocked, id=8312, stack(0x0000002669b00000,0x0000002669c00000)]

Other Threads:
  0x0000021395d6f800 VMThread "VM Thread" [stack: 0x0000002667000000,0x0000002667100000] [id=440]
  0x0000021395f80800 WatcherThread [stack: 0x0000002667a00000,0x0000002667b00000] [id=2312]
  0x00000213ff65a800 GCTaskThread "GC Thread#0" [stack: 0x0000002666b00000,0x0000002666c00000] [id=8316]
  0x0000021396087000 GCTaskThread "GC Thread#1" [stack: 0x0000002667b00000,0x0000002667c00000] [id=5408]
  0x00000213ff66a800 ConcurrentGCThread "G1 Main Marker" [stack: 0x0000002666c00000,0x0000002666d00000] [id=1488]
  0x00000213ff66c000 ConcurrentGCThread "G1 Conc#0" [stack: 0x0000002666d00000,0x0000002666e00000] [id=6448]
  0x00000213ff6b6800 ConcurrentGCThread "G1 Refine#0" [stack: 0x0000002666e00000,0x0000002666f00000] [id=8340]
  0x00000213ff6b8800 ConcurrentGCThread "G1 Young RemSet Sampling" [stack: 0x0000002666f00000,0x0000002667000000] [id=7944]

Threads with active compile tasks:
C2 CompilerThread0 172635 16249 %     4       com.android.tools.r8.ir.regalloc.a::a @ 1542 (1824 bytes)

VM state:not at safepoint (normal execution)

VM Mutex/Monitor currently owned by a thread: None

Heap address: 0x00000000e0000000, size: 512 MB, Compressed Oops mode: 32-bit
Narrow klass base: 0x0000000000000000, Narrow klass shift: 3
Compressed class space size: 1073741824 Address: 0x0000000100000000

Heap:
 garbage-first heap   total 237568K, used 178500K [0x00000000e0000000, 0x0000000100000000)
  region size 1024K, 23 young (23552K), 2 survivors (2048K)
 Metaspace       used 104917K, capacity 107683K, committed 107900K, reserved 1142784K
  class space    used 13439K, capacity 14483K, committed 14592K, reserved 1048576K
Heap Regions: E=young(eden), S=young(survivor), O=old, HS=humongous(starts), HC=humongous(continues), CS=collection set, F=free, A=archive, TAMS=top-at-mark-start (previous, next)
|   0|0x00000000e0000000, 0x00000000e0100000, 0x00000000e0100000|100%| O|  |TAMS 0x00000000e0100000, 0x00000000e0000000| Untracked 
|   1|0x00000000e0100000, 0x00000000e0200000, 0x00000000e0200000|100%| O|  |TAMS 0x00000000e0200000, 0x00000000e0100000| Untracked 
|   2|0x00000000e0200000, 0x00000000e0300000, 0x00000000e0300000|100%| O|  |TAMS 0x00000000e0300000, 0x00000000e0200000| Untracked 
|   3|0x00000000e0300000, 0x00000000e0400000, 0x00000000e0400000|100%| O|  |TAMS 0x00000000e0400000, 0x00000000e0300000| Untracked 
|   4|0x00000000e0400000, 0x00000000e0500000, 0x00000000e0500000|100%|HS|  |TAMS 0x00000000e0500000, 0x00000000e0400000| Complete 
|   5|0x00000000e0500000, 0x00000000e0600000, 0x00000000e0600000|100%|HC|  |TAMS 0x00000000e0600000, 0x00000000e0500000| Complete 
|   6|0x00000000e0600000, 0x00000000e0700000, 0x00000000e0700000|100%|HC|  |TAMS 0x00000000e0700000, 0x00000000e0600000| Complete 
|   7|0x00000000e0700000, 0x00000000e0800000, 0x00000000e0800000|100%| O|  |TAMS 0x00000000e0800000, 0x00000000e0700000| Untracked 
|   8|0x00000000e0800000, 0x00000000e0900000, 0x00000000e0900000|100%| O|  |TAMS 0x00000000e0900000, 0x00000000e0800000| Untracked 
|   9|0x00000000e0900000, 0x00000000e0a00000, 0x00000000e0a00000|100%| O|  |TAMS 0x00000000e0a00000, 0x00000000e0900000| Untracked 
|  10|0x00000000e0a00000, 0x00000000e0b00000, 0x00000000e0b00000|100%| O|  |TAMS 0x00000000e0b00000, 0x00000000e0a00000| Untracked 
|  11|0x00000000e0b00000, 0x00000000e0c00000, 0x00000000e0c00000|100%| O|  |TAMS 0x00000000e0c00000, 0x00000000e0b00000| Untracked 
|  12|0x00000000e0c00000, 0x00000000e0d00000, 0x00000000e0d00000|100%| O|  |TAMS 0x00000000e0d00000, 0x00000000e0c00000| Untracked 
|  13|0x00000000e0d00000, 0x00000000e0e00000, 0x00000000e0e00000|100%| O|  |TAMS 0x00000000e0e00000, 0x00000000e0d00000| Untracked 
|  14|0x00000000e0e00000, 0x00000000e0f00000, 0x00000000e0f00000|100%| O|  |TAMS 0x00000000e0f00000, 0x00000000e0e00000| Untracked 
|  15|0x00000000e0f00000, 0x00000000e1000000, 0x00000000e1000000|100%| O|  |TAMS 0x00000000e1000000, 0x00000000e0f00000| Untracked 
|  16|0x00000000e1000000, 0x00000000e1100000, 0x00000000e1100000|100%| O|  |TAMS 0x00000000e1100000, 0x00000000e1000000| Untracked 
|  17|0x00000000e1100000, 0x00000000e1200000, 0x00000000e1200000|100%| O|  |TAMS 0x00000000e1200000, 0x00000000e1100000| Untracked 
|  18|0x00000000e1200000, 0x00000000e1300000, 0x00000000e1300000|100%| O|  |TAMS 0x00000000e1300000, 0x00000000e1200000| Untracked 
|  19|0x00000000e1300000, 0x00000000e1400000, 0x00000000e1400000|100%| O|  |TAMS 0x00000000e1400000, 0x00000000e1300000| Untracked 
|  20|0x00000000e1400000, 0x00000000e1500000, 0x00000000e1500000|100%| O|  |TAMS 0x00000000e1500000, 0x00000000e1400000| Untracked 
|  21|0x00000000e1500000, 0x00000000e1600000, 0x00000000e1600000|100%| O|  |TAMS 0x00000000e1600000, 0x00000000e1500000| Untracked 
|  22|0x00000000e1600000, 0x00000000e1700000, 0x00000000e1700000|100%| O|  |TAMS 0x00000000e1700000, 0x00000000e1600000| Untracked 
|  23|0x00000000e1700000, 0x00000000e1800000, 0x00000000e1800000|100%| O|  |TAMS 0x00000000e1800000, 0x00000000e1700000| Untracked 
|  24|0x00000000e1800000, 0x00000000e1900000, 0x00000000e1900000|100%| O|  |TAMS 0x00000000e1900000, 0x00000000e1800000| Untracked 
|  25|0x00000000e1900000, 0x00000000e1a00000, 0x00000000e1a00000|100%| O|  |TAMS 0x00000000e1a00000, 0x00000000e1900000| Untracked 
|  26|0x00000000e1a00000, 0x00000000e1b00000, 0x00000000e1b00000|100%| O|  |TAMS 0x00000000e1b00000, 0x00000000e1a00000| Untracked 
|  27|0x00000000e1b00000, 0x00000000e1c00000, 0x00000000e1c00000|100%| O|  |TAMS 0x00000000e1c00000, 0x00000000e1b00000| Untracked 
|  28|0x00000000e1c00000, 0x00000000e1d00000, 0x00000000e1d00000|100%| O|  |TAMS 0x00000000e1d00000, 0x00000000e1c00000| Untracked 
|  29|0x00000000e1d00000, 0x00000000e1e00000, 0x00000000e1e00000|100%| O|  |TAMS 0x00000000e1e00000, 0x00000000e1d00000| Untracked 
|  30|0x00000000e1e00000, 0x00000000e1f00000, 0x00000000e1f00000|100%| O|  |TAMS 0x00000000e1f00000, 0x00000000e1e00000| Untracked 
|  31|0x00000000e1f00000, 0x00000000e2000000, 0x00000000e2000000|100%| O|  |TAMS 0x00000000e2000000, 0x00000000e1f00000| Untracked 
|  32|0x00000000e2000000, 0x00000000e2100000, 0x00000000e2100000|100%|HS|  |TAMS 0x00000000e2100000, 0x00000000e2000000| Complete 
|  33|0x00000000e2100000, 0x00000000e2200000, 0x00000000e2200000|100%|HS|  |TAMS 0x00000000e2200000, 0x00000000e2100000| Complete 
|  34|0x00000000e2200000, 0x00000000e2300000, 0x00000000e2300000|100%|HS|  |TAMS 0x00000000e2300000, 0x00000000e2200000| Complete 
|  35|0x00000000e2300000, 0x00000000e2400000, 0x00000000e2400000|100%| O|  |TAMS 0x00000000e2400000, 0x00000000e2300000| Untracked 
|  36|0x00000000e2400000, 0x00000000e2500000, 0x00000000e2500000|100%|HS|  |TAMS 0x00000000e2500000, 0x00000000e2400000| Complete 
|  37|0x00000000e2500000, 0x00000000e2600000, 0x00000000e2600000|100%|HC|  |TAMS 0x00000000e2600000, 0x00000000e2500000| Complete 
|  38|0x00000000e2600000, 0x00000000e2700000, 0x00000000e2700000|100%|HC|  |TAMS 0x00000000e2700000, 0x00000000e2600000| Complete 
|  39|0x00000000e2700000, 0x00000000e2800000, 0x00000000e2800000|100%| O|  |TAMS 0x00000000e2800000, 0x00000000e2700000| Untracked 
|  40|0x00000000e2800000, 0x00000000e2900000, 0x00000000e2900000|100%| O|  |TAMS 0x00000000e2900000, 0x00000000e2800000| Untracked 
|  41|0x00000000e2900000, 0x00000000e2a00000, 0x00000000e2a00000|100%|HS|  |TAMS 0x00000000e2a00000, 0x00000000e2900000| Complete 
|  42|0x00000000e2a00000, 0x00000000e2b00000, 0x00000000e2b00000|100%|HC|  |TAMS 0x00000000e2b00000, 0x00000000e2a00000| Complete 
|  43|0x00000000e2b00000, 0x00000000e2c00000, 0x00000000e2c00000|100%| O|  |TAMS 0x00000000e2c00000, 0x00000000e2b00000| Untracked 
|  44|0x00000000e2c00000, 0x00000000e2d00000, 0x00000000e2d00000|100%| O|  |TAMS 0x00000000e2d00000, 0x00000000e2c00000| Untracked 
|  45|0x00000000e2d00000, 0x00000000e2e00000, 0x00000000e2e00000|100%| O|  |TAMS 0x00000000e2e00000, 0x00000000e2d00000| Untracked 
|  46|0x00000000e2e00000, 0x00000000e2f00000, 0x00000000e2f00000|100%| O|  |TAMS 0x00000000e2f00000, 0x00000000e2e00000| Untracked 
|  47|0x00000000e2f00000, 0x00000000e3000000, 0x00000000e3000000|100%| O|  |TAMS 0x00000000e3000000, 0x00000000e2f00000| Untracked 
|  48|0x00000000e3000000, 0x00000000e3100000, 0x00000000e3100000|100%| O|  |TAMS 0x00000000e3100000, 0x00000000e3000000| Untracked 
|  49|0x00000000e3100000, 0x00000000e3200000, 0x00000000e3200000|100%| O|  |TAMS 0x00000000e3200000, 0x00000000e3100000| Untracked 
|  50|0x00000000e3200000, 0x00000000e3300000, 0x00000000e3300000|100%| O|  |TAMS 0x00000000e3300000, 0x00000000e3200000| Untracked 
|  51|0x00000000e3300000, 0x00000000e3400000, 0x00000000e3400000|100%| O|  |TAMS 0x00000000e332ca00, 0x00000000e3300000| Untracked 
|  52|0x00000000e3400000, 0x00000000e3500000, 0x00000000e3500000|100%| O|  |TAMS 0x00000000e3500000, 0x00000000e3400000| Untracked 
|  53|0x00000000e3500000, 0x00000000e3600000, 0x00000000e3600000|100%| O|  |TAMS 0x00000000e3600000, 0x00000000e3500000| Untracked 
|  54|0x00000000e3600000, 0x00000000e3700000, 0x00000000e3700000|100%| O|  |TAMS 0x00000000e3700000, 0x00000000e3600000| Untracked 
|  55|0x00000000e3700000, 0x00000000e3800000, 0x00000000e3800000|100%| O|  |TAMS 0x00000000e3800000, 0x00000000e3700000| Untracked 
|  56|0x00000000e3800000, 0x00000000e3900000, 0x00000000e3900000|100%| O|  |TAMS 0x00000000e3900000, 0x00000000e3800000| Untracked 
|  57|0x00000000e3900000, 0x00000000e3a00000, 0x00000000e3a00000|100%| O|  |TAMS 0x00000000e3a00000, 0x00000000e3900000| Untracked 
|  58|0x00000000e3a00000, 0x00000000e3b00000, 0x00000000e3b00000|100%| O|  |TAMS 0x00000000e3b00000, 0x00000000e3a00000| Untracked 
|  59|0x00000000e3b00000, 0x00000000e3c00000, 0x00000000e3c00000|100%| O|  |TAMS 0x00000000e3c00000, 0x00000000e3b00000| Untracked 
|  60|0x00000000e3c00000, 0x00000000e3d00000, 0x00000000e3d00000|100%| O|  |TAMS 0x00000000e3d00000, 0x00000000e3c00000| Untracked 
|  61|0x00000000e3d00000, 0x00000000e3e00000, 0x00000000e3e00000|100%| O|  |TAMS 0x00000000e3e00000, 0x00000000e3d00000| Untracked 
|  62|0x00000000e3e00000, 0x00000000e3f00000, 0x00000000e3f00000|100%| O|  |TAMS 0x00000000e3f00000, 0x00000000e3e00000| Untracked 
|  63|0x00000000e3f00000, 0x00000000e4000000, 0x00000000e4000000|100%| O|  |TAMS 0x00000000e4000000, 0x00000000e3f00000| Untracked 
|  64|0x00000000e4000000, 0x00000000e4100000, 0x00000000e4100000|100%| O|  |TAMS 0x00000000e4100000, 0x00000000e4000000| Untracked 
|  65|0x00000000e4100000, 0x00000000e4200000, 0x00000000e4200000|100%| O|  |TAMS 0x00000000e4200000, 0x00000000e4100000| Untracked 
|  66|0x00000000e4200000, 0x00000000e4300000, 0x00000000e4300000|100%| O|  |TAMS 0x00000000e4300000, 0x00000000e4200000| Untracked 
|  67|0x00000000e4300000, 0x00000000e4400000, 0x00000000e4400000|100%| O|  |TAMS 0x00000000e4400000, 0x00000000e4300000| Untracked 
|  68|0x00000000e4400000, 0x00000000e4500000, 0x00000000e4500000|100%| O|  |TAMS 0x00000000e4500000, 0x00000000e4400000| Untracked 
|  69|0x00000000e4500000, 0x00000000e4600000, 0x00000000e4600000|100%| O|  |TAMS 0x00000000e4600000, 0x00000000e4500000| Untracked 
|  70|0x00000000e4600000, 0x00000000e4700000, 0x00000000e4700000|100%| O|  |TAMS 0x00000000e4700000, 0x00000000e4600000| Untracked 
|  71|0x00000000e4700000, 0x00000000e4800000, 0x00000000e4800000|100%| O|  |TAMS 0x00000000e4800000, 0x00000000e4700000| Untracked 
|  72|0x00000000e4800000, 0x00000000e4900000, 0x00000000e4900000|100%| O|  |TAMS 0x00000000e4900000, 0x00000000e4800000| Untracked 
|  73|0x00000000e4900000, 0x00000000e4a00000, 0x00000000e4a00000|100%| O|  |TAMS 0x00000000e4a00000, 0x00000000e4900000| Untracked 
|  74|0x00000000e4a00000, 0x00000000e4b00000, 0x00000000e4b00000|100%| O|  |TAMS 0x00000000e4b00000, 0x00000000e4a00000| Untracked 
|  75|0x00000000e4b00000, 0x00000000e4c00000, 0x00000000e4c00000|100%| O|  |TAMS 0x00000000e4c00000, 0x00000000e4b00000| Untracked 
|  76|0x00000000e4c00000, 0x00000000e4d00000, 0x00000000e4d00000|100%| O|  |TAMS 0x00000000e4d00000, 0x00000000e4c00000| Untracked 
|  77|0x00000000e4d00000, 0x00000000e4e00000, 0x00000000e4e00000|100%| O|  |TAMS 0x00000000e4e00000, 0x00000000e4d00000| Untracked 
|  78|0x00000000e4e00000, 0x00000000e4f00000, 0x00000000e4f00000|100%| O|  |TAMS 0x00000000e4f00000, 0x00000000e4e00000| Untracked 
|  79|0x00000000e4f00000, 0x00000000e5000000, 0x00000000e5000000|100%| O|  |TAMS 0x00000000e5000000, 0x00000000e4f00000| Untracked 
|  80|0x00000000e5000000, 0x00000000e5100000, 0x00000000e5100000|100%| O|  |TAMS 0x00000000e5100000, 0x00000000e5000000| Untracked 
|  81|0x00000000e5100000, 0x00000000e5200000, 0x00000000e5200000|100%| O|  |TAMS 0x00000000e5200000, 0x00000000e5100000| Untracked 
|  82|0x00000000e5200000, 0x00000000e5300000, 0x00000000e5300000|100%| O|  |TAMS 0x00000000e5300000, 0x00000000e5200000| Untracked 
|  83|0x00000000e5300000, 0x00000000e5400000, 0x00000000e5400000|100%| O|  |TAMS 0x00000000e5400000, 0x00000000e5300000| Untracked 
|  84|0x00000000e5400000, 0x00000000e5500000, 0x00000000e5500000|100%| O|  |TAMS 0x00000000e5500000, 0x00000000e5400000| Untracked 
|  85|0x00000000e5500000, 0x00000000e5600000, 0x00000000e5600000|100%| O|  |TAMS 0x00000000e5600000, 0x00000000e5500000| Untracked 
|  86|0x00000000e5600000, 0x00000000e5700000, 0x00000000e5700000|100%| O|  |TAMS 0x00000000e5700000, 0x00000000e5600000| Untracked 
|  87|0x00000000e5700000, 0x00000000e5800000, 0x00000000e5800000|100%| O|  |TAMS 0x00000000e5800000, 0x00000000e5700000| Untracked 
|  88|0x00000000e5800000, 0x00000000e5900000, 0x00000000e5900000|100%| O|  |TAMS 0x00000000e5900000, 0x00000000e5800000| Untracked 
|  89|0x00000000e5900000, 0x00000000e5a00000, 0x00000000e5a00000|100%| O|  |TAMS 0x00000000e5a00000, 0x00000000e5900000| Untracked 
|  90|0x00000000e5a00000, 0x00000000e5b00000, 0x00000000e5b00000|100%| O|  |TAMS 0x00000000e5b00000, 0x00000000e5a00000| Untracked 
|  91|0x00000000e5b00000, 0x00000000e5c00000, 0x00000000e5c00000|100%| O|  |TAMS 0x00000000e5c00000, 0x00000000e5b00000| Untracked 
|  92|0x00000000e5c00000, 0x00000000e5d00000, 0x00000000e5d00000|100%| O|  |TAMS 0x00000000e5d00000, 0x00000000e5c00000| Untracked 
|  93|0x00000000e5d00000, 0x00000000e5e00000, 0x00000000e5e00000|100%| O|  |TAMS 0x00000000e5e00000, 0x00000000e5d00000| Untracked 
|  94|0x00000000e5e00000, 0x00000000e5f00000, 0x00000000e5f00000|100%| O|  |TAMS 0x00000000e5f00000, 0x00000000e5e00000| Untracked 
|  95|0x00000000e5f00000, 0x00000000e6000000, 0x00000000e6000000|100%| O|  |TAMS 0x00000000e6000000, 0x00000000e5f00000| Untracked 
|  96|0x00000000e6000000, 0x00000000e6100000, 0x00000000e6100000|100%| O|  |TAMS 0x00000000e6100000, 0x00000000e6000000| Untracked 
|  97|0x00000000e6100000, 0x00000000e6200000, 0x00000000e6200000|100%| O|  |TAMS 0x00000000e6200000, 0x00000000e6100000| Untracked 
|  98|0x00000000e6200000, 0x00000000e6300000, 0x00000000e6300000|100%| O|  |TAMS 0x00000000e6300000, 0x00000000e6200000| Untracked 
|  99|0x00000000e6300000, 0x00000000e6400000, 0x00000000e6400000|100%| O|  |TAMS 0x00000000e6400000, 0x00000000e6300000| Untracked 
| 100|0x00000000e6400000, 0x00000000e6500000, 0x00000000e6500000|100%| O|  |TAMS 0x00000000e6500000, 0x00000000e6400000| Untracked 
| 101|0x00000000e6500000, 0x00000000e6600000, 0x00000000e6600000|100%| O|  |TAMS 0x00000000e6600000, 0x00000000e6500000| Untracked 
| 102|0x00000000e6600000, 0x00000000e6700000, 0x00000000e6700000|100%| O|  |TAMS 0x00000000e6700000, 0x00000000e6600000| Untracked 
| 103|0x00000000e6700000, 0x00000000e6800000, 0x00000000e6800000|100%| O|  |TAMS 0x00000000e6800000, 0x00000000e6700000| Untracked 
| 104|0x00000000e6800000, 0x00000000e6900000, 0x00000000e6900000|100%| O|  |TAMS 0x00000000e6900000, 0x00000000e6800000| Untracked 
| 105|0x00000000e6900000, 0x00000000e6a00000, 0x00000000e6a00000|100%| O|  |TAMS 0x00000000e6a00000, 0x00000000e6900000| Untracked 
| 106|0x00000000e6a00000, 0x00000000e6b00000, 0x00000000e6b00000|100%| O|  |TAMS 0x00000000e6b00000, 0x00000000e6a00000| Untracked 
| 107|0x00000000e6b00000, 0x00000000e6c00000, 0x00000000e6c00000|100%| O|  |TAMS 0x00000000e6c00000, 0x00000000e6b00000| Untracked 
| 108|0x00000000e6c00000, 0x00000000e6d00000, 0x00000000e6d00000|100%| O|  |TAMS 0x00000000e6d00000, 0x00000000e6c00000| Untracked 
| 109|0x00000000e6d00000, 0x00000000e6e00000, 0x00000000e6e00000|100%| O|  |TAMS 0x00000000e6d00000, 0x00000000e6d00000| Untracked 
| 110|0x00000000e6e00000, 0x00000000e6f00000, 0x00000000e6f00000|100%| O|  |TAMS 0x00000000e6e00000, 0x00000000e6e00000| Untracked 
| 111|0x00000000e6f00000, 0x00000000e7000000, 0x00000000e7000000|100%| O|  |TAMS 0x00000000e6f00000, 0x00000000e6f00000| Untracked 
| 112|0x00000000e7000000, 0x00000000e7100000, 0x00000000e7100000|100%| O|  |TAMS 0x00000000e7000000, 0x00000000e7000000| Untracked 
| 113|0x00000000e7100000, 0x00000000e7200000, 0x00000000e7200000|100%| O|  |TAMS 0x00000000e7100000, 0x00000000e7100000| Untracked 
| 114|0x00000000e7200000, 0x00000000e7300000, 0x00000000e7300000|100%| O|  |TAMS 0x00000000e7200000, 0x00000000e7200000| Untracked 
| 115|0x00000000e7300000, 0x00000000e7400000, 0x00000000e7400000|100%| O|  |TAMS 0x00000000e7300000, 0x00000000e7300000| Untracked 
| 116|0x00000000e7400000, 0x00000000e7500000, 0x00000000e7500000|100%| O|  |TAMS 0x00000000e7400000, 0x00000000e7400000| Untracked 
| 117|0x00000000e7500000, 0x00000000e7600000, 0x00000000e7600000|100%| O|  |TAMS 0x00000000e7500000, 0x00000000e7500000| Untracked 
| 118|0x00000000e7600000, 0x00000000e7700000, 0x00000000e7700000|100%| O|  |TAMS 0x00000000e7600000, 0x00000000e7600000| Untracked 
| 119|0x00000000e7700000, 0x00000000e7800000, 0x00000000e7800000|100%| O|  |TAMS 0x00000000e7700000, 0x00000000e7700000| Untracked 
| 120|0x00000000e7800000, 0x00000000e7900000, 0x00000000e7900000|100%| O|  |TAMS 0x00000000e7800000, 0x00000000e7800000| Untracked 
| 121|0x00000000e7900000, 0x00000000e7a00000, 0x00000000e7a00000|100%| O|  |TAMS 0x00000000e7900000, 0x00000000e7900000| Untracked 
| 122|0x00000000e7a00000, 0x00000000e7b00000, 0x00000000e7b00000|100%| O|  |TAMS 0x00000000e7a00000, 0x00000000e7a00000| Untracked 
| 123|0x00000000e7b00000, 0x00000000e7c00000, 0x00000000e7c00000|100%| O|  |TAMS 0x00000000e7b00000, 0x00000000e7b00000| Untracked 
| 124|0x00000000e7c00000, 0x00000000e7d00000, 0x00000000e7d00000|100%| O|  |TAMS 0x00000000e7c00000, 0x00000000e7c00000| Untracked 
| 125|0x00000000e7d00000, 0x00000000e7e00000, 0x00000000e7e00000|100%| O|  |TAMS 0x00000000e7d00000, 0x00000000e7d00000| Untracked 
| 126|0x00000000e7e00000, 0x00000000e7f00000, 0x00000000e7f00000|100%| O|  |TAMS 0x00000000e7e00000, 0x00000000e7e00000| Untracked 
| 127|0x00000000e7f00000, 0x00000000e8000000, 0x00000000e8000000|100%| O|  |TAMS 0x00000000e7f00000, 0x00000000e7f00000| Untracked 
| 128|0x00000000e8000000, 0x00000000e8100000, 0x00000000e8100000|100%| O|  |TAMS 0x00000000e8000000, 0x00000000e8000000| Untracked 
| 129|0x00000000e8100000, 0x00000000e8200000, 0x00000000e8200000|100%| O|  |TAMS 0x00000000e8100000, 0x00000000e8100000| Untracked 
| 130|0x00000000e8200000, 0x00000000e8300000, 0x00000000e8300000|100%| O|  |TAMS 0x00000000e8200000, 0x00000000e8200000| Untracked 
| 131|0x00000000e8300000, 0x00000000e8400000, 0x00000000e8400000|100%| O|  |TAMS 0x00000000e8300000, 0x00000000e8300000| Untracked 
| 132|0x00000000e8400000, 0x00000000e8500000, 0x00000000e8500000|100%| O|  |TAMS 0x00000000e8400000, 0x00000000e8400000| Untracked 
| 133|0x00000000e8500000, 0x00000000e8600000, 0x00000000e8600000|100%| O|  |TAMS 0x00000000e8500000, 0x00000000e8500000| Untracked 
| 134|0x00000000e8600000, 0x00000000e8700000, 0x00000000e8700000|100%| O|  |TAMS 0x00000000e8600000, 0x00000000e8600000| Untracked 
| 135|0x00000000e8700000, 0x00000000e8800000, 0x00000000e8800000|100%| O|  |TAMS 0x00000000e8700000, 0x00000000e8700000| Untracked 
| 136|0x00000000e8800000, 0x00000000e8900000, 0x00000000e8900000|100%| O|  |TAMS 0x00000000e8800000, 0x00000000e8800000| Untracked 
| 137|0x00000000e8900000, 0x00000000e8a00000, 0x00000000e8a00000|100%| O|  |TAMS 0x00000000e8900000, 0x00000000e8900000| Untracked 
| 138|0x00000000e8a00000, 0x00000000e8b00000, 0x00000000e8b00000|100%| O|  |TAMS 0x00000000e8a00000, 0x00000000e8a00000| Untracked 
| 139|0x00000000e8b00000, 0x00000000e8c00000, 0x00000000e8c00000|100%| O|  |TAMS 0x00000000e8b00000, 0x00000000e8b00000| Untracked 
| 140|0x00000000e8c00000, 0x00000000e8d00000, 0x00000000e8d00000|100%| O|  |TAMS 0x00000000e8c00000, 0x00000000e8c00000| Untracked 
| 141|0x00000000e8d00000, 0x00000000e8e00000, 0x00000000e8e00000|100%| O|  |TAMS 0x00000000e8d00000, 0x00000000e8d00000| Untracked 
| 142|0x00000000e8e00000, 0x00000000e8f00000, 0x00000000e8f00000|100%| O|  |TAMS 0x00000000e8e00000, 0x00000000e8e00000| Untracked 
| 143|0x00000000e8f00000, 0x00000000e9000000, 0x00000000e9000000|100%| O|  |TAMS 0x00000000e8f00000, 0x00000000e8f00000| Untracked 
| 144|0x00000000e9000000, 0x00000000e9100000, 0x00000000e9100000|100%| O|  |TAMS 0x00000000e9000000, 0x00000000e9000000| Untracked 
| 145|0x00000000e9100000, 0x00000000e9200000, 0x00000000e9200000|100%| O|  |TAMS 0x00000000e9100000, 0x00000000e9100000| Untracked 
| 146|0x00000000e9200000, 0x00000000e9300000, 0x00000000e9300000|100%| O|  |TAMS 0x00000000e9200000, 0x00000000e9200000| Untracked 
| 147|0x00000000e9300000, 0x00000000e9400000, 0x00000000e9400000|100%| O|  |TAMS 0x00000000e9300000, 0x00000000e9300000| Untracked 
| 148|0x00000000e9400000, 0x00000000e9500000, 0x00000000e9500000|100%| O|  |TAMS 0x00000000e9400000, 0x00000000e9400000| Untracked 
| 149|0x00000000e9500000, 0x00000000e9600000, 0x00000000e9600000|100%| O|  |TAMS 0x00000000e9500000, 0x00000000e9500000| Untracked 
| 150|0x00000000e9600000, 0x00000000e9700000, 0x00000000e9700000|100%| O|  |TAMS 0x00000000e9600000, 0x00000000e9600000| Untracked 
| 151|0x00000000e9700000, 0x00000000e9700000, 0x00000000e9800000|  0%| F|  |TAMS 0x00000000e9700000, 0x00000000e9700000| Untracked 
| 152|0x00000000e9800000, 0x00000000e9900000, 0x00000000e9900000|100%| O|  |TAMS 0x00000000e9800000, 0x00000000e9800000| Untracked 
| 153|0x00000000e9900000, 0x00000000e9a00000, 0x00000000e9a00000|100%| O|  |TAMS 0x00000000e9900000, 0x00000000e9900000| Untracked 
| 154|0x00000000e9a00000, 0x00000000e9a38000, 0x00000000e9b00000| 21%| O|  |TAMS 0x00000000e9a00000, 0x00000000e9a00000| Untracked 
| 155|0x00000000e9b00000, 0x00000000e9b00000, 0x00000000e9c00000|  0%| F|  |TAMS 0x00000000e9b00000, 0x00000000e9b00000| Untracked 
| 156|0x00000000e9c00000, 0x00000000e9c00000, 0x00000000e9d00000|  0%| F|  |TAMS 0x00000000e9c00000, 0x00000000e9c00000| Untracked 
| 157|0x00000000e9d00000, 0x00000000e9d00000, 0x00000000e9e00000|  0%| F|  |TAMS 0x00000000e9d00000, 0x00000000e9d00000| Untracked 
| 158|0x00000000e9e00000, 0x00000000e9e00000, 0x00000000e9f00000|  0%| F|  |TAMS 0x00000000e9e00000, 0x00000000e9e00000| Untracked 
| 159|0x00000000e9f00000, 0x00000000e9f00000, 0x00000000ea000000|  0%| F|  |TAMS 0x00000000e9f00000, 0x00000000e9f00000| Untracked 
| 160|0x00000000ea000000, 0x00000000ea000000, 0x00000000ea100000|  0%| F|  |TAMS 0x00000000ea000000, 0x00000000ea000000| Untracked 
| 161|0x00000000ea100000, 0x00000000ea100000, 0x00000000ea200000|  0%| F|  |TAMS 0x00000000ea100000, 0x00000000ea100000| Untracked 
| 162|0x00000000ea200000, 0x00000000ea200000, 0x00000000ea300000|  0%| F|  |TAMS 0x00000000ea200000, 0x00000000ea200000| Untracked 
| 163|0x00000000ea300000, 0x00000000ea300000, 0x00000000ea400000|  0%| F|  |TAMS 0x00000000ea300000, 0x00000000ea300000| Untracked 
| 164|0x00000000ea400000, 0x00000000ea400000, 0x00000000ea500000|  0%| F|  |TAMS 0x00000000ea400000, 0x00000000ea400000| Untracked 
| 165|0x00000000ea500000, 0x00000000ea500000, 0x00000000ea600000|  0%| F|  |TAMS 0x00000000ea500000, 0x00000000ea500000| Untracked 
| 166|0x00000000ea600000, 0x00000000ea600000, 0x00000000ea700000|  0%| F|  |TAMS 0x00000000ea600000, 0x00000000ea600000| Untracked 
| 167|0x00000000ea700000, 0x00000000ea700000, 0x00000000ea800000|  0%| F|  |TAMS 0x00000000ea700000, 0x00000000ea700000| Untracked 
| 168|0x00000000ea800000, 0x00000000ea800000, 0x00000000ea900000|  0%| F|  |TAMS 0x00000000ea800000, 0x00000000ea800000| Untracked 
| 169|0x00000000ea900000, 0x00000000ea900000, 0x00000000eaa00000|  0%| F|  |TAMS 0x00000000ea900000, 0x00000000ea900000| Untracked 
| 170|0x00000000eaa00000, 0x00000000eaa00000, 0x00000000eab00000|  0%| F|  |TAMS 0x00000000eaa00000, 0x00000000eaa00000| Untracked 
| 171|0x00000000eab00000, 0x00000000eab00000, 0x00000000eac00000|  0%| F|  |TAMS 0x00000000eab00000, 0x00000000eab00000| Untracked 
| 172|0x00000000eac00000, 0x00000000eac00000, 0x00000000ead00000|  0%| F|  |TAMS 0x00000000eac00000, 0x00000000eac00000| Untracked 
| 173|0x00000000ead00000, 0x00000000ead00000, 0x00000000eae00000|  0%| F|  |TAMS 0x00000000ead00000, 0x00000000ead00000| Untracked 
| 174|0x00000000eae00000, 0x00000000eae00000, 0x00000000eaf00000|  0%| F|  |TAMS 0x00000000eae00000, 0x00000000eae00000| Untracked 
| 175|0x00000000eaf00000, 0x00000000eaf00000, 0x00000000eb000000|  0%| F|  |TAMS 0x00000000eaf00000, 0x00000000eaf00000| Untracked 
| 176|0x00000000eb000000, 0x00000000eb000000, 0x00000000eb100000|  0%| F|  |TAMS 0x00000000eb000000, 0x00000000eb000000| Untracked 
| 177|0x00000000eb100000, 0x00000000eb100000, 0x00000000eb200000|  0%| F|  |TAMS 0x00000000eb100000, 0x00000000eb100000| Untracked 
| 178|0x00000000eb200000, 0x00000000eb200000, 0x00000000eb300000|  0%| F|  |TAMS 0x00000000eb200000, 0x00000000eb200000| Untracked 
| 179|0x00000000eb300000, 0x00000000eb300000, 0x00000000eb400000|  0%| F|  |TAMS 0x00000000eb300000, 0x00000000eb300000| Untracked 
| 180|0x00000000eb400000, 0x00000000eb400000, 0x00000000eb500000|  0%| F|  |TAMS 0x00000000eb400000, 0x00000000eb400000| Untracked 
| 181|0x00000000eb500000, 0x00000000eb500000, 0x00000000eb600000|  0%| F|  |TAMS 0x00000000eb500000, 0x00000000eb500000| Untracked 
| 182|0x00000000eb600000, 0x00000000eb600000, 0x00000000eb700000|  0%| F|  |TAMS 0x00000000eb600000, 0x00000000eb600000| Untracked 
| 183|0x00000000eb700000, 0x00000000eb700000, 0x00000000eb800000|  0%| F|  |TAMS 0x00000000eb700000, 0x00000000eb700000| Untracked 
| 184|0x00000000eb800000, 0x00000000eb800000, 0x00000000eb900000|  0%| F|  |TAMS 0x00000000eb800000, 0x00000000eb800000| Untracked 
| 185|0x00000000eb900000, 0x00000000eb900000, 0x00000000eba00000|  0%| F|  |TAMS 0x00000000eb900000, 0x00000000eb900000| Untracked 
| 186|0x00000000eba00000, 0x00000000eba00000, 0x00000000ebb00000|  0%| F|  |TAMS 0x00000000eba00000, 0x00000000eba00000| Untracked 
| 187|0x00000000ebb00000, 0x00000000ebb00000, 0x00000000ebc00000|  0%| F|  |TAMS 0x00000000ebb00000, 0x00000000ebb00000| Untracked 
| 188|0x00000000ebc00000, 0x00000000ebc00000, 0x00000000ebd00000|  0%| F|  |TAMS 0x00000000ebc00000, 0x00000000ebc00000| Untracked 
| 189|0x00000000ebd00000, 0x00000000ebd00000, 0x00000000ebe00000|  0%| F|  |TAMS 0x00000000ebd00000, 0x00000000ebd00000| Untracked 
| 190|0x00000000ebe00000, 0x00000000ebe190a8, 0x00000000ebf00000|  9%| S|CS|TAMS 0x00000000ebe00000, 0x00000000ebe00000| Complete 
| 191|0x00000000ebf00000, 0x00000000ebf00000, 0x00000000ec000000|  0%| F|  |TAMS 0x00000000ebf00000, 0x00000000ebf00000| Untracked 
| 192|0x00000000ec000000, 0x00000000ec000000, 0x00000000ec100000|  0%| F|  |TAMS 0x00000000ec000000, 0x00000000ec000000| Untracked 
| 193|0x00000000ec100000, 0x00000000ec200000, 0x00000000ec200000|100%| S|CS|TAMS 0x00000000ec100000, 0x00000000ec100000| Complete 
| 194|0x00000000ec200000, 0x00000000ec200000, 0x00000000ec300000|  0%| F|  |TAMS 0x00000000ec200000, 0x00000000ec200000| Untracked 
| 195|0x00000000ec300000, 0x00000000ec300000, 0x00000000ec400000|  0%| F|  |TAMS 0x00000000ec300000, 0x00000000ec300000| Untracked 
| 196|0x00000000ec400000, 0x00000000ec400000, 0x00000000ec500000|  0%| F|  |TAMS 0x00000000ec400000, 0x00000000ec400000| Untracked 
| 197|0x00000000ec500000, 0x00000000ec500000, 0x00000000ec600000|  0%| F|  |TAMS 0x00000000ec500000, 0x00000000ec500000| Untracked 
| 198|0x00000000ec600000, 0x00000000ec600000, 0x00000000ec700000|  0%| F|  |TAMS 0x00000000ec600000, 0x00000000ec600000| Untracked 
| 199|0x00000000ec700000, 0x00000000ec700000, 0x00000000ec800000|  0%| F|  |TAMS 0x00000000ec700000, 0x00000000ec700000| Untracked 
| 200|0x00000000ec800000, 0x00000000ec800000, 0x00000000ec900000|  0%| F|  |TAMS 0x00000000ec800000, 0x00000000ec800000| Untracked 
| 201|0x00000000ec900000, 0x00000000ec900000, 0x00000000eca00000|  0%| F|  |TAMS 0x00000000ec900000, 0x00000000ec900000| Untracked 
| 202|0x00000000eca00000, 0x00000000eca00000, 0x00000000ecb00000|  0%| F|  |TAMS 0x00000000eca00000, 0x00000000eca00000| Untracked 
| 203|0x00000000ecb00000, 0x00000000ecb00000, 0x00000000ecc00000|  0%| F|  |TAMS 0x00000000ecb00000, 0x00000000ecb00000| Untracked 
| 204|0x00000000ecc00000, 0x00000000ecc00000, 0x00000000ecd00000|  0%| F|  |TAMS 0x00000000ecc00000, 0x00000000ecc00000| Untracked 
| 205|0x00000000ecd00000, 0x00000000ecd00000, 0x00000000ece00000|  0%| F|  |TAMS 0x00000000ecd00000, 0x00000000ecd00000| Untracked 
| 206|0x00000000ece00000, 0x00000000ece00000, 0x00000000ecf00000|  0%| F|  |TAMS 0x00000000ece00000, 0x00000000ece00000| Untracked 
| 207|0x00000000ecf00000, 0x00000000ecf00000, 0x00000000ed000000|  0%| F|  |TAMS 0x00000000ecf00000, 0x00000000ecf00000| Untracked 
| 208|0x00000000ed000000, 0x00000000ed000000, 0x00000000ed100000|  0%| F|  |TAMS 0x00000000ed000000, 0x00000000ed000000| Untracked 
| 209|0x00000000ed100000, 0x00000000ed200000, 0x00000000ed200000|100%| E|  |TAMS 0x00000000ed100000, 0x00000000ed100000| Complete 
| 210|0x00000000ed200000, 0x00000000ed300000, 0x00000000ed300000|100%| E|CS|TAMS 0x00000000ed200000, 0x00000000ed200000| Complete 
| 211|0x00000000ed300000, 0x00000000ed400000, 0x00000000ed400000|100%| E|CS|TAMS 0x00000000ed300000, 0x00000000ed300000| Complete 
| 212|0x00000000ed400000, 0x00000000ed500000, 0x00000000ed500000|100%| E|CS|TAMS 0x00000000ed400000, 0x00000000ed400000| Complete 
| 213|0x00000000ed500000, 0x00000000ed600000, 0x00000000ed600000|100%| E|CS|TAMS 0x00000000ed500000, 0x00000000ed500000| Complete 
| 214|0x00000000ed600000, 0x00000000ed700000, 0x00000000ed700000|100%| E|CS|TAMS 0x00000000ed600000, 0x00000000ed600000| Complete 
| 215|0x00000000ed700000, 0x00000000ed800000, 0x00000000ed800000|100%| E|CS|TAMS 0x00000000ed700000, 0x00000000ed700000| Complete 
| 216|0x00000000ed800000, 0x00000000ed900000, 0x00000000ed900000|100%| E|CS|TAMS 0x00000000ed800000, 0x00000000ed800000| Complete 
| 217|0x00000000ed900000, 0x00000000eda00000, 0x00000000eda00000|100%| E|CS|TAMS 0x00000000ed900000, 0x00000000ed900000| Complete 
| 218|0x00000000eda00000, 0x00000000edb00000, 0x00000000edb00000|100%| E|CS|TAMS 0x00000000eda00000, 0x00000000eda00000| Complete 
| 219|0x00000000edb00000, 0x00000000edc00000, 0x00000000edc00000|100%| E|CS|TAMS 0x00000000edb00000, 0x00000000edb00000| Complete 
| 220|0x00000000edc00000, 0x00000000edd00000, 0x00000000edd00000|100%| E|CS|TAMS 0x00000000edc00000, 0x00000000edc00000| Complete 
| 221|0x00000000edd00000, 0x00000000ede00000, 0x00000000ede00000|100%| E|CS|TAMS 0x00000000edd00000, 0x00000000edd00000| Complete 
| 222|0x00000000ede00000, 0x00000000edf00000, 0x00000000edf00000|100%| E|CS|TAMS 0x00000000ede00000, 0x00000000ede00000| Complete 
| 223|0x00000000edf00000, 0x00000000ee000000, 0x00000000ee000000|100%| E|CS|TAMS 0x00000000edf00000, 0x00000000edf00000| Complete 
| 224|0x00000000ee000000, 0x00000000ee100000, 0x00000000ee100000|100%| E|CS|TAMS 0x00000000ee000000, 0x00000000ee000000| Complete 
| 225|0x00000000ee100000, 0x00000000ee200000, 0x00000000ee200000|100%| E|CS|TAMS 0x00000000ee100000, 0x00000000ee100000| Complete 
| 226|0x00000000ee200000, 0x00000000ee300000, 0x00000000ee300000|100%| E|CS|TAMS 0x00000000ee200000, 0x00000000ee200000| Complete 
| 227|0x00000000ee300000, 0x00000000ee400000, 0x00000000ee400000|100%| E|CS|TAMS 0x00000000ee300000, 0x00000000ee300000| Complete 
| 228|0x00000000ee400000, 0x00000000ee500000, 0x00000000ee500000|100%| E|CS|TAMS 0x00000000ee400000, 0x00000000ee400000| Complete 
| 229|0x00000000ee500000, 0x00000000ee600000, 0x00000000ee600000|100%| E|CS|TAMS 0x00000000ee500000, 0x00000000ee500000| Complete 
| 230|0x00000000ee600000, 0x00000000ee700000, 0x00000000ee700000|100%| E|CS|TAMS 0x00000000ee600000, 0x00000000ee600000| Complete 
| 231|0x00000000ee700000, 0x00000000ee800000, 0x00000000ee800000|100%| E|CS|TAMS 0x00000000ee700000, 0x00000000ee700000| Complete 

Card table byte_map: [0x00000213ff320000,0x00000213ff420000] _byte_map_base: 0x00000213fec20000

Marking Bits (Prev, Next): (CMBitMap*) 0x00000213ff6678a8, (CMBitMap*) 0x00000213ff6678e0
 Prev Bits: [0x00000213ff720000, 0x00000213fff20000)
 Next Bits: [0x0000021392a20000, 0x0000021393220000)

Polling page: 0x00000213fd4b0000

Metaspace:

Usage:
  Non-class:     91.02 MB capacity,    89.33 MB ( 98%) used,     1.34 MB (  1%) free+waste,   344.38 KB ( <1%) overhead. 
      Class:     14.14 MB capacity,    13.12 MB ( 93%) used,   893.94 KB (  6%) free+waste,   149.81 KB (  1%) overhead. 
       Both:    105.16 MB capacity,   102.46 MB ( 97%) used,     2.22 MB (  2%) free+waste,   494.19 KB ( <1%) overhead. 

Virtual space:
  Non-class space:       92.00 MB reserved,      91.12 MB (>99%) committed 
      Class space:        1.00 GB reserved,      14.25 MB (  1%) committed 
             Both:        1.09 GB reserved,     105.37 MB (  9%) committed 

Chunk freelists:
   Non-Class:  0 bytes
       Class:  0 bytes
        Both:  0 bytes

MaxMetaspaceSize: 17179869184.00 GB
CompressedClassSpaceSize: 1.00 GB

CodeHeap 'non-profiled nmethods': size=120064Kb used=10086Kb max_used=10086Kb free=109978Kb
 bounds [0x000002138b4e0000, 0x000002138bec0000, 0x0000021392a20000]
CodeHeap 'profiled nmethods': size=120000Kb used=39156Kb max_used=39156Kb free=80843Kb
 bounds [0x0000021383fb0000, 0x00000213865f0000, 0x000002138b4e0000]
CodeHeap 'non-nmethods': size=5696Kb used=2296Kb max_used=2365Kb free=3399Kb
 bounds [0x0000021383a20000, 0x0000021383c90000, 0x0000021383fb0000]
 total_blobs=16846 nmethods=15930 adapters=826
 compilation: enabled
              stopped_count=0, restarted_count=0
 full_count=0

Compilation events (20 events):
Event: 171.235 Thread 0x0000021395e00000 16255       2       com.android.tools.r8.internal.X4::l (82 bytes)
Event: 171.241 Thread 0x0000021395e00000 nmethod 16255 0x00000213865b8490 code [0x00000213865b86c0, 0x00000213865b8d58]
Event: 171.242 Thread 0x0000021395e00000 16256       2       com.android.tools.r8.internal.X4::a (1165 bytes)
Event: 171.255 Thread 0x0000021395e00000 nmethod 16256 0x00000213865b9010 code [0x00000213865b9820, 0x00000213865bc5c8]
Event: 171.275 Thread 0x0000021395e00000 16258       1       com.android.tools.r8.internal.A1::Z1 (3 bytes)
Event: 171.277 Thread 0x0000021395e00000 nmethod 16258 0x000002138beb7210 code [0x000002138beb73c0, 0x000002138beb7478]
Event: 171.277 Thread 0x0000021395e00000 16259       1       com.android.tools.r8.internal.A1::Y1 (3 bytes)
Event: 171.277 Thread 0x0000021395e00000 nmethod 16259 0x000002138beb7510 code [0x000002138beb76c0, 0x000002138beb7778]
Event: 171.312 Thread 0x0000021395e00000 16261       2       org.gradle.launcher.daemon.registry.PersistentDaemonRegistry$1::isSatisfiedBy (9 bytes)
Event: 171.314 Thread 0x0000021395e00000 nmethod 16261 0x00000213865be010 code [0x00000213865be1c0, 0x00000213865be318]
Event: 171.319 Thread 0x0000021395e00000 16262       2       com.google.common.collect.Lists$TransformingSequentialList$1::transform (14 bytes)
Event: 171.322 Thread 0x0000021395e00000 nmethod 16262 0x00000213865be410 code [0x00000213865be5c0, 0x00000213865be6e8]
Event: 171.322 Thread 0x0000021395e00000 16263       2       org.gradle.launcher.daemon.server.DaemonRegistryUnavailableExpirationStrategy$1::apply (9 bytes)
Event: 171.326 Thread 0x0000021395e00000 nmethod 16263 0x00000213865be790 code [0x00000213865be940, 0x00000213865beab8]
Event: 171.371 Thread 0x0000021395e00000 16264       2       com.android.tools.r8.internal.Jj::hasNext (217 bytes)
Event: 171.375 Thread 0x0000021395e00000 nmethod 16264 0x00000213865bec10 code [0x00000213865bee80, 0x00000213865bf808]
Event: 171.397 Thread 0x0000021395e00000 16266       2       com.android.tools.r8.graph.z::E0 (23 bytes)
Event: 171.401 Thread 0x0000021395e00000 nmethod 16266 0x00000213865bfb10 code [0x00000213865bfcc0, 0x00000213865bfe28]
Event: 171.483 Thread 0x0000021395e00000 16269       2       com.android.tools.r8.internal.Is::a (76 bytes)
Event: 171.489 Thread 0x0000021395e00000 nmethod 16269 0x00000213865bff10 code [0x00000213865c0120, 0x00000213865c04c8]

GC Heap History (20 events):
Event: 166.424 GC heap before
{Heap before GC invocations=380 (full 0):
 garbage-first heap   total 192512K, used 164211K [0x00000000e0000000, 0x0000000100000000)
  region size 1024K, 10 young (10240K), 1 survivors (1024K)
 Metaspace       used 104381K, capacity 107055K, committed 107260K, reserved 1142784K
  class space    used 13345K, capacity 14357K, committed 14464K, reserved 1048576K
}
Event: 166.439 GC heap after
{Heap after GC invocations=381 (full 0):
 garbage-first heap   total 192512K, used 156490K [0x00000000e0000000, 0x0000000100000000)
  region size 1024K, 2 young (2048K), 2 survivors (2048K)
 Metaspace       used 104381K, capacity 107055K, committed 107260K, reserved 1142784K
  class space    used 13345K, capacity 14357K, committed 14464K, reserved 1048576K
}
Event: 166.594 GC heap before
{Heap before GC invocations=381 (full 0):
 garbage-first heap   total 192512K, used 165706K [0x00000000e0000000, 0x0000000100000000)
  region size 1024K, 10 young (10240K), 2 survivors (2048K)
 Metaspace       used 104388K, capacity 107055K, committed 107260K, reserved 1142784K
  class space    used 13345K, capacity 14357K, committed 14464K, reserved 1048576K
}
Event: 166.607 GC heap after
{Heap after GC invocations=382 (full 0):
 garbage-first heap   total 192512K, used 158179K [0x00000000e0000000, 0x0000000100000000)
  region size 1024K, 2 young (2048K), 2 survivors (2048K)
 Metaspace       used 104388K, capacity 107055K, committed 107260K, reserved 1142784K
  class space    used 13345K, capacity 14357K, committed 14464K, reserved 1048576K
}
Event: 166.811 GC heap before
{Heap before GC invocations=382 (full 0):
 garbage-first heap   total 192512K, used 166371K [0x00000000e0000000, 0x0000000100000000)
  region size 1024K, 10 young (10240K), 2 survivors (2048K)
 Metaspace       used 104391K, capacity 107055K, committed 107260K, reserved 1142784K
  class space    used 13345K, capacity 14357K, committed 14464K, reserved 1048576K
}
Event: 166.818 GC heap after
{Heap after GC invocations=383 (full 0):
 garbage-first heap   total 192512K, used 157128K [0x00000000e0000000, 0x0000000100000000)
  region size 1024K, 1 young (1024K), 1 survivors (1024K)
 Metaspace       used 104391K, capacity 107055K, committed 107260K, reserved 1142784K
  class space    used 13345K, capacity 14357K, committed 14464K, reserved 1048576K
}
Event: 167.006 GC heap before
{Heap before GC invocations=383 (full 0):
 garbage-first heap   total 192512K, used 165320K [0x00000000e0000000, 0x0000000100000000)
  region size 1024K, 9 young (9216K), 1 survivors (1024K)
 Metaspace       used 104393K, capacity 107055K, committed 107260K, reserved 1142784K
  class space    used 13345K, capacity 14357K, committed 14464K, reserved 1048576K
}
Event: 167.011 GC heap after
{Heap after GC invocations=384 (full 0):
 garbage-first heap   total 192512K, used 157029K [0x00000000e0000000, 0x0000000100000000)
  region size 1024K, 1 young (1024K), 1 survivors (1024K)
 Metaspace       used 104393K, capacity 107055K, committed 107260K, reserved 1142784K
  class space    used 13345K, capacity 14357K, committed 14464K, reserved 1048576K
}
Event: 167.282 GC heap before
{Heap before GC invocations=384 (full 0):
 garbage-first heap   total 192512K, used 166245K [0x00000000e0000000, 0x0000000100000000)
  region size 1024K, 10 young (10240K), 1 survivors (1024K)
 Metaspace       used 104393K, capacity 107055K, committed 107260K, reserved 1142784K
  class space    used 13345K, capacity 14357K, committed 14464K, reserved 1048576K
}
Event: 167.286 GC heap after
{Heap after GC invocations=385 (full 0):
 garbage-first heap   total 192512K, used 157150K [0x00000000e0000000, 0x0000000100000000)
  region size 1024K, 1 young (1024K), 1 survivors (1024K)
 Metaspace       used 104393K, capacity 107055K, committed 107260K, reserved 1142784K
  class space    used 13345K, capacity 14357K, committed 14464K, reserved 1048576K
}
Event: 167.495 GC heap before
{Heap before GC invocations=385 (full 0):
 garbage-first heap   total 192512K, used 166366K [0x00000000e0000000, 0x0000000100000000)
  region size 1024K, 10 young (10240K), 1 survivors (1024K)
 Metaspace       used 104393K, capacity 107055K, committed 107260K, reserved 1142784K
  class space    used 13345K, capacity 14357K, committed 14464K, reserved 1048576K
}
Event: 167.515 GC heap after
{Heap after GC invocations=386 (full 0):
 garbage-first heap   total 192512K, used 157120K [0x00000000e0000000, 0x0000000100000000)
  region size 1024K, 1 young (1024K), 1 survivors (1024K)
 Metaspace       used 104393K, capacity 107055K, committed 107260K, reserved 1142784K
  class space    used 13345K, capacity 14357K, committed 14464K, reserved 1048576K
}
Event: 167.701 GC heap before
{Heap before GC invocations=386 (full 0):
 garbage-first heap   total 192512K, used 167360K [0x00000000e0000000, 0x0000000100000000)
  region size 1024K, 11 young (11264K), 1 survivors (1024K)
 Metaspace       used 104396K, capacity 107055K, committed 107260K, reserved 1142784K
  class space    used 13345K, capacity 14357K, committed 14464K, reserved 1048576K
}
Event: 167.709 GC heap after
{Heap after GC invocations=387 (full 0):
 garbage-first heap   total 237568K, used 157176K [0x00000000e0000000, 0x0000000100000000)
  region size 1024K, 1 young (1024K), 1 survivors (1024K)
 Metaspace       used 104396K, capacity 107055K, committed 107260K, reserved 1142784K
  class space    used 13345K, capacity 14357K, committed 14464K, reserved 1048576K
}
Event: 168.522 GC heap before
{Heap before GC invocations=387 (full 0):
 garbage-first heap   total 237568K, used 190968K [0x00000000e0000000, 0x0000000100000000)
  region size 1024K, 34 young (34816K), 1 survivors (1024K)
 Metaspace       used 104411K, capacity 107064K, committed 107260K, reserved 1142784K
  class space    used 13345K, capacity 14358K, committed 14464K, reserved 1048576K
}
Event: 168.536 GC heap after
{Heap after GC invocations=388 (full 0):
 garbage-first heap   total 237568K, used 157990K [0x00000000e0000000, 0x0000000100000000)
  region size 1024K, 2 young (2048K), 2 survivors (2048K)
 Metaspace       used 104411K, capacity 107064K, committed 107260K, reserved 1142784K
  class space    used 13345K, capacity 14358K, committed 14464K, reserved 1048576K
}
Event: 169.279 GC heap before
{Heap before GC invocations=388 (full 0):
 garbage-first heap   total 237568K, used 193830K [0x00000000e0000000, 0x0000000100000000)
  region size 1024K, 37 young (37888K), 2 survivors (2048K)
 Metaspace       used 104413K, capacity 107064K, committed 107260K, reserved 1142784K
  class space    used 13345K, capacity 14358K, committed 14464K, reserved 1048576K
}
Event: 169.288 GC heap after
{Heap after GC invocations=389 (full 0):
 garbage-first heap   total 237568K, used 157543K [0x00000000e0000000, 0x0000000100000000)
  region size 1024K, 1 young (1024K), 1 survivors (1024K)
 Metaspace       used 104413K, capacity 107064K, committed 107260K, reserved 1142784K
  class space    used 13345K, capacity 14358K, committed 14464K, reserved 1048576K
}
Event: 170.756 GC heap before
{Heap before GC invocations=389 (full 0):
 garbage-first heap   total 237568K, used 195431K [0x00000000e0000000, 0x0000000100000000)
  region size 1024K, 39 young (39936K), 1 survivors (1024K)
 Metaspace       used 104690K, capacity 107394K, committed 107516K, reserved 1142784K
  class space    used 13387K, capacity 14404K, committed 14464K, reserved 1048576K
}
Event: 170.936 GC heap after
{Heap after GC invocations=390 (full 0):
 garbage-first heap   total 237568K, used 158101K [0x00000000e0000000, 0x0000000100000000)
  region size 1024K, 2 young (2048K), 2 survivors (2048K)
 Metaspace       used 104690K, capacity 107394K, committed 107516K, reserved 1142784K
  class space    used 13387K, capacity 14404K, committed 14464K, reserved 1048576K
}

Deoptimization events (20 events):
Event: 171.204 Thread 0x00000213989fc800 Uncommon trap: trap_request=0xffffffde fr.pc=0x000002138bc305f0 relative=0x00000000000000b0
Event: 171.204 Thread 0x00000213989fc800 Uncommon trap: reason=class_check action=maybe_recompile pc=0x000002138bc305f0 method=com.android.tools.r8.graph.z.I0()Z @ 4 c2
Event: 171.204 Thread 0x00000213989fc800 DEOPT PACKING pc=0x000002138bc305f0 sp=0x00000026696f9d50
Event: 171.204 Thread 0x00000213989fc800 DEOPT UNPACKING pc=0x0000021383a46029 sp=0x00000026696f9c38 mode 2
Event: 171.204 Thread 0x00000213989fc800 Uncommon trap: trap_request=0xffffffde fr.pc=0x000002138bbf5e10 relative=0x0000000000000070
Event: 171.204 Thread 0x00000213989fc800 Uncommon trap: reason=class_check action=maybe_recompile pc=0x000002138bbf5e10 method=com.android.tools.r8.graph.z.I0()Z @ 4 c2
Event: 171.204 Thread 0x00000213989fc800 DEOPT PACKING pc=0x000002138bbf5e10 sp=0x00000026696f9cf0
Event: 171.204 Thread 0x00000213989fc800 DEOPT UNPACKING pc=0x0000021383a46029 sp=0x00000026696f9c30 mode 2
Event: 171.227 Thread 0x00000213989fc800 Uncommon trap: trap_request=0xffffffde fr.pc=0x000002138bce86a4 relative=0x0000000000000984
Event: 171.227 Thread 0x00000213989fc800 Uncommon trap: reason=class_check action=maybe_recompile pc=0x000002138bce86a4 method=com.android.tools.r8.internal.Jj.hasNext()Z @ 98 c2
Event: 171.227 Thread 0x00000213989fc800 DEOPT PACKING pc=0x000002138bce86a4 sp=0x00000026696faf70
Event: 171.227 Thread 0x00000213989fc800 DEOPT UNPACKING pc=0x0000021383a46029 sp=0x00000026696faf38 mode 2
Event: 171.228 Thread 0x00000213989fc800 Uncommon trap: trap_request=0xffffffde fr.pc=0x000002138bce86a4 relative=0x0000000000000984
Event: 171.228 Thread 0x00000213989fc800 Uncommon trap: reason=class_check action=maybe_recompile pc=0x000002138bce86a4 method=com.android.tools.r8.internal.Jj.hasNext()Z @ 98 c2
Event: 171.228 Thread 0x00000213989fc800 DEOPT PACKING pc=0x000002138bce86a4 sp=0x00000026696faf70
Event: 171.229 Thread 0x00000213989fc800 DEOPT UNPACKING pc=0x0000021383a46029 sp=0x00000026696faf38 mode 2
Event: 171.436 Thread 0x00000213989fc800 Uncommon trap: trap_request=0xffffffde fr.pc=0x000002138bea3518 relative=0x0000000000000958
Event: 171.436 Thread 0x00000213989fc800 Uncommon trap: reason=class_check action=maybe_recompile pc=0x000002138bea3518 method=com.android.tools.r8.internal.GE.a(Ljava/util/function/Predicate;Ljava/util/function/Function;)Lcom/android/tools/r8/internal/GE; @ 16 c2
Event: 171.436 Thread 0x00000213989fc800 DEOPT PACKING pc=0x000002138bea3518 sp=0x00000026696fa2d0
Event: 171.436 Thread 0x00000213989fc800 DEOPT UNPACKING pc=0x0000021383a46029 sp=0x00000026696fa158 mode 2

Classes redefined (0 events):
No events

Internal exceptions (20 events):
Event: 139.449 Thread 0x00000213989fc800 Exception <a 'sun/nio/fs/WindowsException'{0x00000000e89ce2b8}> (0x00000000e89ce2b8) thrown at [./src/hotspot/share/prims/jni.cpp, line 615]
Event: 141.253 Thread 0x00000213989fc800 Exception <a 'sun/nio/fs/WindowsException'{0x00000000e8832230}> (0x00000000e8832230) thrown at [./src/hotspot/share/prims/jni.cpp, line 615]
Event: 144.111 Thread 0x00000213989f1000 Implicit null exception at 0x000002138bd02554 to 0x000002138bd07e64
Event: 155.243 Thread 0x00000213989f1000 Exception <a 'sun/nio/fs/WindowsException'{0x00000000e9826d38}> (0x00000000e9826d38) thrown at [./src/hotspot/share/prims/jni.cpp, line 615]
Event: 155.829 Thread 0x00000213989fc800 Exception <a 'sun/nio/fs/WindowsException'{0x00000000e9c4a8f8}> (0x00000000e9c4a8f8) thrown at [./src/hotspot/share/prims/jni.cpp, line 615]
Event: 156.141 Thread 0x00000213989f1000 Exception <a 'sun/nio/fs/WindowsException'{0x00000000e9a0f2d8}> (0x00000000e9a0f2d8) thrown at [./src/hotspot/share/prims/jni.cpp, line 615]
Event: 156.606 Thread 0x00000213989fc800 Exception <a 'sun/nio/fs/WindowsException'{0x00000000e9b18280}> (0x00000000e9b18280) thrown at [./src/hotspot/share/prims/jni.cpp, line 615]
Event: 156.818 Thread 0x00000213989f1000 Exception <a 'sun/nio/fs/WindowsException'{0x00000000e999fea8}> (0x00000000e999fea8) thrown at [./src/hotspot/share/prims/jni.cpp, line 615]
Event: 158.150 Thread 0x00000213989f1000 Exception <a 'sun/nio/fs/WindowsException'{0x00000000e9b39280}> (0x00000000e9b39280) thrown at [./src/hotspot/share/prims/jni.cpp, line 615]
Event: 160.403 Thread 0x00000213989f1000 Exception <a 'sun/nio/fs/WindowsException'{0x00000000ea3ae4f0}> (0x00000000ea3ae4f0) thrown at [./src/hotspot/share/prims/jni.cpp, line 615]
Event: 161.675 Thread 0x00000213989f1000 Exception <a 'sun/nio/fs/WindowsException'{0x00000000ea6ef608}> (0x00000000ea6ef608) thrown at [./src/hotspot/share/prims/jni.cpp, line 615]
Event: 163.150 Thread 0x00000213989f1000 Exception <a 'sun/nio/fs/WindowsException'{0x00000000ea72c660}> (0x00000000ea72c660) thrown at [./src/hotspot/share/prims/jni.cpp, line 615]
Event: 165.008 Thread 0x00000213989f1000 Exception <a 'sun/nio/fs/WindowsException'{0x00000000eab90060}> (0x00000000eab90060) thrown at [./src/hotspot/share/prims/jni.cpp, line 615]
Event: 166.555 Thread 0x00000213989fc800 Exception <a 'sun/nio/fs/WindowsException'{0x00000000eb502690}> (0x00000000eb502690) thrown at [./src/hotspot/share/prims/jni.cpp, line 615]
Event: 167.939 Thread 0x00000213989fc800 Exception <a 'sun/nio/fs/WindowsException'{0x00000000eded5ec8}> (0x00000000eded5ec8) thrown at [./src/hotspot/share/prims/jni.cpp, line 615]
Event: 168.417 Thread 0x00000213989fc800 Exception <a 'sun/nio/fs/WindowsException'{0x00000000ec987308}> (0x00000000ec987308) thrown at [./src/hotspot/share/prims/jni.cpp, line 615]
Event: 169.366 Thread 0x00000213989fc800 Exception <a 'sun/nio/fs/WindowsException'{0x00000000ee4aa928}> (0x00000000ee4aa928) thrown at [./src/hotspot/share/prims/jni.cpp, line 615]
Event: 170.086 Thread 0x00000213989fc800 Exception <a 'java/lang/NoSuchMethodError'{0x00000000ed0855a8}: 'java.lang.Object java.lang.invoke.DirectMethodHandle$Holder.invokeSpecial(java.lang.Object, java.lang.Object, java.lang.Object, java.lang.Object, java.lang.Object, java.lang.Object, java.lang.Object, java.lang.Object, java.lang.Object, java.lang.Object, java.lang.Object)'> (0x00000000ed0855a8) thrown at [./src/hotspot/share/interpreter/linkResolver.cpp, line 773]
Event: 170.093 Thread 0x00000213989fc800 Exception <a 'java/lang/NoSuchMethodError'{0x00000000ed090e58}: 'java.lang.Object java.lang.invoke.Invokers$Holder.linkToTargetMethod(java.lang.Object, java.lang.Object, java.lang.Object, java.lang.Object, java.lang.Object, java.lang.Object, java.lang.Object, java.lang.Object, java.lang.Object, java.lang.Object)'> (0x00000000ed090e58) thrown at [./src/hotspot/share/interpreter/linkResolver.cpp, line 773]
Event: 170.378 Thread 0x00000213989fc800 Exception <a 'java/lang/IncompatibleClassChangeError'{0x00000000ec98cce0}: Found class java.lang.Object, but interface was expected> (0x00000000ec98cce0) thrown at [./src/hotspot/share/interpreter/linkResolver.cpp, line 839]

Events (20 events):
Event: 171.450 loading class com/android/tools/r8/internal/GE
Event: 171.450 loading class com/android/tools/r8/internal/GE done
Event: 171.450 loading class com/android/tools/r8/internal/FE
Event: 171.450 loading class com/android/tools/r8/internal/FE done
Event: 171.450 loading class com/android/tools/r8/graph/E
Event: 171.450 loading class com/android/tools/r8/graph/E done
Event: 171.451 loading class com/android/tools/r8/graph/E
Event: 171.451 loading class com/android/tools/r8/graph/E done
Event: 171.451 loading class com/android/tools/r8/graph/E
Event: 171.451 loading class com/android/tools/r8/graph/E done
Event: 171.452 loading class com/android/tools/r8/graph/E
Event: 171.452 loading class com/android/tools/r8/graph/E done
Event: 171.453 loading class com/android/tools/r8/graph/E
Event: 171.453 loading class com/android/tools/r8/graph/E done
Event: 171.453 loading class com/android/tools/r8/graph/E
Event: 171.453 loading class com/android/tools/r8/graph/E done
Event: 171.454 loading class com/android/tools/r8/graph/E
Event: 171.454 loading class com/android/tools/r8/graph/E done
Event: 171.499 loading class com/android/tools/r8/graph/E
Event: 171.499 loading class com/android/tools/r8/graph/E done


Dynamic libraries:
0x00007ff768630000 - 0x00007ff76863a000 	C:\Users\felip\OneDrive\Desktop\android-studio\jre\bin\java.exe
0x00007ff9eee70000 - 0x00007ff9ef065000 	C:\Windows\SYSTEM32\ntdll.dll
0x00007ff9e0a50000 - 0x00007ff9e0a66000 	C:\Program Files\Avast Software\Avast\aswhook.dll
0x00007ff9ecec0000 - 0x00007ff9ecf7e000 	C:\Windows\System32\KERNEL32.DLL
0x00007ff9ec870000 - 0x00007ff9ecb38000 	C:\Windows\System32\KERNELBASE.dll
0x00007ff9ec6d0000 - 0x00007ff9ec7d0000 	C:\Windows\System32\ucrtbase.dll
0x00007ff9e8050000 - 0x00007ff9e8067000 	C:\Users\felip\OneDrive\Desktop\android-studio\jre\bin\VCRUNTIME140.dll
0x00007ff9e78e0000 - 0x00007ff9e78f9000 	C:\Users\felip\OneDrive\Desktop\android-studio\jre\bin\jli.dll
0x00007ff9eec80000 - 0x00007ff9eee21000 	C:\Windows\System32\USER32.dll
0x00007ff9ece90000 - 0x00007ff9eceb2000 	C:\Windows\System32\win32u.dll
0x00007ff9ee350000 - 0x00007ff9ee37b000 	C:\Windows\System32\GDI32.dll
0x00007ff9e0400000 - 0x00007ff9e069a000 	C:\Windows\WinSxS\amd64_microsoft.windows.common-controls_6595b64144ccf1df_6.0.19041.1110_none_60b5254171f9507e\COMCTL32.dll
0x00007ff9ecd00000 - 0x00007ff9ece0b000 	C:\Windows\System32\gdi32full.dll
0x00007ff9ec7d0000 - 0x00007ff9ec86d000 	C:\Windows\System32\msvcp_win.dll
0x00007ff9ed270000 - 0x00007ff9ed30e000 	C:\Windows\System32\msvcrt.dll
0x00007ff9ed690000 - 0x00007ff9ed6c0000 	C:\Windows\System32\IMM32.DLL
0x00007ff9e1670000 - 0x00007ff9e170d000 	C:\Users\felip\OneDrive\Desktop\android-studio\jre\bin\msvcp140.dll
0x00007ff9c2480000 - 0x00007ff9c2f55000 	C:\Users\felip\OneDrive\Desktop\android-studio\jre\bin\server\jvm.dll
0x00007ff9ee600000 - 0x00007ff9ee6ac000 	C:\Windows\System32\ADVAPI32.dll
0x00007ff9ed6c0000 - 0x00007ff9ed75b000 	C:\Windows\System32\sechost.dll
0x00007ff9edec0000 - 0x00007ff9edfea000 	C:\Windows\System32\RPCRT4.dll
0x00007ff9ee740000 - 0x00007ff9ee748000 	C:\Windows\System32\PSAPI.DLL
0x00007ff9e0a70000 - 0x00007ff9e0a7a000 	C:\Windows\SYSTEM32\VERSION.dll
0x00007ff9d4c70000 - 0x00007ff9d4c97000 	C:\Windows\SYSTEM32\WINMM.dll
0x00007ff9ddaf0000 - 0x00007ff9ddaf9000 	C:\Windows\SYSTEM32\WSOCK32.dll
0x00007ff9ee440000 - 0x00007ff9ee4ab000 	C:\Windows\System32\WS2_32.dll
0x00007ff9ea3b0000 - 0x00007ff9ea3c2000 	C:\Windows\SYSTEM32\kernel.appcore.dll
0x00007ff9e54e0000 - 0x00007ff9e54f1000 	C:\Users\felip\OneDrive\Desktop\android-studio\jre\bin\verify.dll
0x00007ff9e0860000 - 0x00007ff9e0a44000 	C:\Windows\SYSTEM32\DBGHELP.DLL
0x00007ff9e0830000 - 0x00007ff9e085c000 	C:\Windows\SYSTEM32\dbgcore.DLL
0x00007ff9ec590000 - 0x00007ff9ec613000 	C:\Windows\System32\bcryptPrimitives.dll
0x00007ff9e14b0000 - 0x00007ff9e14d9000 	C:\Users\felip\OneDrive\Desktop\android-studio\jre\bin\java.dll
0x00007ff9e7540000 - 0x00007ff9e754b000 	C:\Users\felip\OneDrive\Desktop\android-studio\jre\bin\jimage.dll
0x00007ff9e54c0000 - 0x00007ff9e54d8000 	C:\Users\felip\OneDrive\Desktop\android-studio\jre\bin\zip.dll
0x00007ff9ed760000 - 0x00007ff9ede9f000 	C:\Windows\System32\SHELL32.dll
0x00007ff9ea690000 - 0x00007ff9eae20000 	C:\Windows\SYSTEM32\windows.storage.dll
0x00007ff9edff0000 - 0x00007ff9ee345000 	C:\Windows\System32\combase.dll
0x00007ff9ebf10000 - 0x00007ff9ebf3e000 	C:\Windows\SYSTEM32\Wldp.dll
0x00007ff9ee750000 - 0x00007ff9ee7fd000 	C:\Windows\System32\SHCORE.dll
0x00007ff9ed130000 - 0x00007ff9ed185000 	C:\Windows\System32\shlwapi.dll
0x00007ff9ec4d0000 - 0x00007ff9ec4ef000 	C:\Windows\SYSTEM32\profapi.dll
0x00007ff9e1960000 - 0x00007ff9e197a000 	C:\Users\felip\OneDrive\Desktop\android-studio\jre\bin\net.dll
0x00007ff9e37b0000 - 0x00007ff9e38bc000 	C:\Windows\SYSTEM32\WINHTTP.dll
0x00007ff9ebc70000 - 0x00007ff9ebcda000 	C:\Windows\system32\mswsock.dll
0x00007ff9dfd50000 - 0x00007ff9dfd64000 	C:\Users\felip\OneDrive\Desktop\android-studio\jre\bin\nio.dll
0x00007ff9e1710000 - 0x00007ff9e1737000 	C:\Users\felip\.gradle\native\8bec1ad78214c89d9ad589b4d07fe93259594b29d510b10fafb7a158f7737e5d\windows-amd64\native-platform.dll
0x00007ff9d4420000 - 0x00007ff9d455d000 	C:\Users\felip\.gradle\native\53dbd7edfb1c66fb8903c78663c9afc45aea4f116125fa6feffd364cf09443e8\windows-amd64\native-platform-file-events.dll
0x00007ff9e71c0000 - 0x00007ff9e71ca000 	C:\Users\felip\OneDrive\Desktop\android-studio\jre\bin\management.dll
0x00007ff9e6300000 - 0x00007ff9e630d000 	C:\Users\felip\OneDrive\Desktop\android-studio\jre\bin\management_ext.dll
0x00007ff9ebe70000 - 0x00007ff9ebe88000 	C:\Windows\SYSTEM32\CRYPTSP.dll
0x00007ff9eb5f0000 - 0x00007ff9eb624000 	C:\Windows\system32\rsaenh.dll
0x00007ff9ece60000 - 0x00007ff9ece87000 	C:\Windows\System32\bcrypt.dll
0x00007ff9ec450000 - 0x00007ff9ec47e000 	C:\Windows\SYSTEM32\USERENV.dll
0x00007ff9ebe60000 - 0x00007ff9ebe6c000 	C:\Windows\SYSTEM32\CRYPTBASE.dll
0x00007ff9eb960000 - 0x00007ff9eb99b000 	C:\Windows\SYSTEM32\IPHLPAPI.DLL
0x00007ff9ee380000 - 0x00007ff9ee388000 	C:\Windows\System32\NSI.dll
0x00007ff9e6bc0000 - 0x00007ff9e6bd7000 	C:\Windows\SYSTEM32\dhcpcsvc6.DLL
0x00007ff9e5c80000 - 0x00007ff9e5c9d000 	C:\Windows\SYSTEM32\dhcpcsvc.DLL
0x00007ff9eb9a0000 - 0x00007ff9eba6b000 	C:\Windows\SYSTEM32\DNSAPI.dll

dbghelp: loaded successfully - version: 4.0.5 - missing functions: none
symbol engine: initialized successfully - sym options: 0x614 - pdb path: .;C:\Users\felip\OneDrive\Desktop\android-studio\jre\bin;C:\Windows\SYSTEM32;C:\Program Files\Avast Software\Avast;C:\Windows\WinSxS\amd64_microsoft.windows.common-controls_6595b64144ccf1df_6.0.19041.1110_none_60b5254171f9507e;C:\Users\felip\OneDrive\Desktop\android-studio\jre\bin\server;C:\Users\felip\.gradle\native\8bec1ad78214c89d9ad589b4d07fe93259594b29d510b10fafb7a158f7737e5d\windows-amd64;C:\Users\felip\.gradle\native\53dbd7edfb1c66fb8903c78663c9afc45aea4f116125fa6feffd364cf09443e8\windows-amd64

VM Arguments:
jvm_args: --add-opens=java.base/java.util=ALL-UNNAMED --add-opens=java.base/java.lang=ALL-UNNAMED --add-opens=java.base/java.lang.invoke=ALL-UNNAMED --add-opens=java.base/java.util=ALL-UNNAMED --add-opens=java.prefs/java.util.prefs=ALL-UNNAMED --add-opens=java.prefs/java.util.prefs=ALL-UNNAMED --add-opens=java.base/java.nio.charset=ALL-UNNAMED --add-opens=java.base/java.net=ALL-UNNAMED --add-opens=java.base/java.util.concurrent.atomic=ALL-UNNAMED -Xmx512m -Dfile.encoding=UTF-8 -Duser.country=US -Duser.language=en -Duser.variant 
java_command: org.gradle.launcher.daemon.bootstrap.GradleDaemon 7.0.2
java_class_path (initial): C:\Users\felip\.gradle\wrapper\dists\gradle-7.0.2-bin\857tjihv64xamwrf0h14cai3r\gradle-7.0.2\lib\gradle-launcher-7.0.2.jar
Launcher Type: SUN_STANDARD

[Global flags]
     intx CICompilerCount                          = 2                                         {product} {ergonomic}
     uint ConcGCThreads                            = 1                                         {product} {ergonomic}
     uint G1ConcRefinementThreads                  = 2                                         {product} {ergonomic}
   size_t G1HeapRegionSize                         = 1048576                                   {product} {ergonomic}
    uintx GCDrainStackTargetSize                   = 64                                        {product} {ergonomic}
   size_t InitialHeapSize                          = 67108864                                  {product} {ergonomic}
   size_t MarkStackSize                            = 4194304                                   {product} {ergonomic}
   size_t MaxHeapSize                              = 536870912                                 {product} {command line}
   size_t MaxNewSize                               = 321912832                                 {product} {ergonomic}
   size_t MinHeapDeltaBytes                        = 1048576                                   {product} {ergonomic}
    uintx NonNMethodCodeHeapSize                   = 5825164                                {pd product} {ergonomic}
    uintx NonProfiledCodeHeapSize                  = 122916538                              {pd product} {ergonomic}
    uintx ProfiledCodeHeapSize                     = 122916538                              {pd product} {ergonomic}
    uintx ReservedCodeCacheSize                    = 251658240                              {pd product} {ergonomic}
     bool SegmentedCodeCache                       = true                                      {product} {ergonomic}
     bool UseCompressedClassPointers               = true                                 {lp64_product} {ergonomic}
     bool UseCompressedOops                        = true                                 {lp64_product} {ergonomic}
     bool UseG1GC                                  = true                                      {product} {ergonomic}
     bool UseLargePagesIndividualAllocation        = false                                  {pd product} {ergonomic}

Logging:
Log output configuration:
 #0: stdout all=warning uptime,level,tags
 #1: stderr all=off uptime,level,tags

Environment Variables:
PATH=C:\Program Files\Common Files\Oracle\Java\javapath;C:\Program Files (x86)\Common Files\Oracle\Java\javapath;C:\Windows\system32;C:\Windows;C:\Windows\System32\Wbem;C:\Windows\System32\WindowsPowerShell\v1.0\;C:\Windows\System32\OpenSSH\;C:\ProgramData\chocolatey\bin;C:\Program Files (x86)\Yarn\bin\;C:\Program Files\Git\cmd;C:\Program Files\nodejs\;C:\Users\felip\AppData\Local\Microsoft\WindowsApps;C:\Users\felip\AppData\Local\Programs\Microsoft VS Code\bin;C:\Users\felip\AppData\Local\Yarn\bin;C:\Users\felip\AppData\Local\GitHubDesktop\bin;C:\Users\felip\AppData\Roaming\npm
USERNAME=felip
OS=Windows_NT
PROCESSOR_IDENTIFIER=Intel64 Family 6 Model 23 Stepping 10, GenuineIntel



---------------  S Y S T E M  ---------------

OS: Windows 10 , 64 bit Build 19041 (10.0.19041.1348)
OS uptime: 1 days 14:41 hours

CPU:total 2 (initial active 2) (2 cores per cpu, 1 threads per core) family 6 model 23 stepping 10 microcode 0xa0c, cmov, cx8, fxsr, mmx, sse, sse2, sse3, ssse3, tsc

Memory: 4k page, system-wide physical 4061M (34M free)
TotalPageFile size 4061M (AvailPageFile size 6M)
current process WorkingSet (physical memory assigned to process): 234M, peak: 406M
current process commit charge ("private bytes"): 566M, peak: 566M

vm_info: OpenJDK 64-Bit Server VM (11.0.11+9-b60-7590822) for windows-amd64 JRE (11.0.11+9-b60-7590822), built on Jul 29 2021 21:43:44 by "builder" with MS VC++ 14.0 (VS2015)

END.
