#
# There is insufficient memory for the Java Runtime Environment to continue.
# Native memory allocation (mmap) failed to map 122683392 bytes for Failed to commit area from 0x00000000ebc00000 to 0x00000000f3100000 of length 122683392.
# Possible reasons:
#   The system is out of physical RAM or swap space
#   The process is running with CompressedOops enabled, and the Java Heap may be blocking the growth of the native heap
# Possible solutions:
#   Reduce memory load on the system
#   Increase physical memory or swap space
#   Check if swap backing store is full
#   Decrease Java heap size (-Xmx/-Xms)
#   Decrease number of Java threads
#   Decrease Java thread stack sizes (-Xss)
#   Set larger code cache with -XX:ReservedCodeCacheSize=
#   JVM is running with Unscaled Compressed Oops mode in which the Java heap is
#     placed in the first 4GB address space. The Java Heap base address is the
#     maximum limit for the native heap growth. Please use -XX:HeapBaseMinAddress
#     to set the Java Heap base and to place the Java Heap above 4GB virtual address.
# This output file may be truncated or incomplete.
#
#  Out of Memory Error (./src/hotspot/os/windows/os_windows.cpp:3301), pid=1580, tid=8688
#
# JRE version: OpenJDK Runtime Environment (11.0.11+9) (build 11.0.11+9-b60-7590822)
# Java VM: OpenJDK 64-Bit Server VM (11.0.11+9-b60-7590822, mixed mode, tiered, compressed oops, g1 gc, windows-amd64)
# No core dump will be written. Minidumps are not enabled by default on client versions of Windows
#

---------------  S U M M A R Y ------------

Command Line: --add-opens=java.base/java.util=ALL-UNNAMED --add-opens=java.base/java.lang=ALL-UNNAMED --add-opens=java.base/java.lang.invoke=ALL-UNNAMED --add-opens=java.base/java.util=ALL-UNNAMED --add-opens=java.prefs/java.util.prefs=ALL-UNNAMED --add-opens=java.prefs/java.util.prefs=ALL-UNNAMED --add-opens=java.base/java.nio.charset=ALL-UNNAMED --add-opens=java.base/java.net=ALL-UNNAMED --add-opens=java.base/java.util.concurrent.atomic=ALL-UNNAMED -Xmx512m -Dfile.encoding=UTF-8 -Duser.country=US -Duser.language=en -Duser.variant org.gradle.launcher.daemon.bootstrap.GradleDaemon 7.0.2

Host: Celeron(R) Dual-Core CPU       T3500  @ 2.10GHz, 2 cores, 3G,  Windows 10 , 64 bit Build 19041 (10.0.19041.1348)
Time: Mon Nov 29 14:11:28 2021 E. South America Standard Time elapsed time: 376.831115 seconds (0d 0h 6m 16s)

---------------  T H R E A D  ---------------

Current thread (0x000001e65e9df800):  VMThread "VM Thread" [stack: 0x0000002053d00000,0x0000002053e00000] [id=8688]

Stack: [0x0000002053d00000,0x0000002053e00000]
[error occurred during error reporting (printing stack bounds), id 0xc0000005, EXCEPTION_ACCESS_VIOLATION (0xc0000005) at pc=0x000001e64b770f3d]

Native frames: (J=compiled Java code, j=interpreted, Vv=VM code, C=native code)
V  [jvm.dll+0x5f214a]
V  [jvm.dll+0x726fb5]
V  [jvm.dll+0x7285cd]
V  [jvm.dll+0x728be5]
V  [jvm.dll+0x728b9b]
V  [jvm.dll+0x5f14e8]
V  [jvm.dll+0x5f1c78]
C  [ntdll.dll+0xa20cf]
C  [ntdll.dll+0x51454]
C  [ntdll.dll+0xa0bfe]
C  0x000001e64b770f3d

VM_Operation (0x00000020562fa270): G1CollectForAllocation, mode: safepoint, requested by thread 0x000001e660c11000


---------------  P R O C E S S  ---------------

Threads class SMR info:
_java_thread_list=0x000001e667750910, length=43, elements={
0x000001e646481800, 0x000001e65ea05800, 0x000001e65ea08800, 0x000001e65ea63800,
0x000001e65ea64800, 0x000001e65ea66000, 0x000001e65ea68000, 0x000001e65eaae800,
0x000001e65ebd6800, 0x000001e65ecd2800, 0x000001e660199800, 0x000001e65fcea800,
0x000001e65fceb800, 0x000001e6605c4800, 0x000001e6605c5000, 0x000001e65fda4800,
0x000001e65fccd800, 0x000001e65fe75000, 0x000001e6603b6800, 0x000001e6603b7800,
0x000001e6603b8000, 0x000001e6603b5800, 0x000001e660c0d000, 0x000001e660c09000,
0x000001e660c07000, 0x000001e660c09800, 0x000001e660c0d800, 0x000001e660c08000,
0x000001e660c0b000, 0x000001e660c0e800, 0x000001e660c0f800, 0x000001e660c0c000,
0x000001e660c12000, 0x000001e660c15000, 0x000001e660c11000, 0x000001e660c12800,
0x000001e660c14000, 0x000001e660c16000, 0x000001e6658c9000, 0x000001e6658c5000,
0x000001e6658c5800, 0x000001e6658c6800, 0x000001e6658c7800
}

Java Threads: ( => current thread )
  0x000001e646481800 JavaThread "main" [_thread_blocked, id=6704, stack(0x0000002053700000,0x0000002053800000)]
  0x000001e65ea05800 JavaThread "Reference Handler" daemon [_thread_blocked, id=8048, stack(0x0000002053e00000,0x0000002053f00000)]
  0x000001e65ea08800 JavaThread "Finalizer" daemon [_thread_blocked, id=3216, stack(0x0000002053f00000,0x0000002054000000)]
  0x000001e65ea63800 JavaThread "Signal Dispatcher" daemon [_thread_blocked, id=8656, stack(0x0000002054000000,0x0000002054100000)]
  0x000001e65ea64800 JavaThread "Attach Listener" daemon [_thread_blocked, id=3768, stack(0x0000002054100000,0x0000002054200000)]
  0x000001e65ea66000 JavaThread "Service Thread" daemon [_thread_blocked, id=7768, stack(0x0000002054200000,0x0000002054300000)]
  0x000001e65ea68000 JavaThread "C2 CompilerThread0" daemon [_thread_blocked, id=7172, stack(0x0000002054300000,0x0000002054400000)]
  0x000001e65eaae800 JavaThread "C1 CompilerThread0" daemon [_thread_blocked, id=4012, stack(0x0000002054400000,0x0000002054500000)]
  0x000001e65ebd6800 JavaThread "Sweeper thread" daemon [_thread_blocked, id=8904, stack(0x0000002054500000,0x0000002054600000)]
  0x000001e65ecd2800 JavaThread "Common-Cleaner" daemon [_thread_blocked, id=1528, stack(0x0000002054600000,0x0000002054700000)]
  0x000001e660199800 JavaThread "Daemon health stats" [_thread_blocked, id=2944, stack(0x0000002054900000,0x0000002054a00000)]
  0x000001e65fcea800 JavaThread "Incoming local TCP Connector on port 5045" [_thread_in_native, id=1236, stack(0x0000002054a00000,0x0000002054b00000)]
  0x000001e65fceb800 JavaThread "Daemon periodic checks" [_thread_blocked, id=4420, stack(0x0000002054b00000,0x0000002054c00000)]
  0x000001e6605c4800 JavaThread "Daemon" [_thread_blocked, id=468, stack(0x0000002054c00000,0x0000002054d00000)]
  0x000001e6605c5000 JavaThread "Handler for socket connection from /127.0.0.1:5045 to /127.0.0.1:5046" [_thread_in_native, id=6720, stack(0x0000002054d00000,0x0000002054e00000)]
  0x000001e65fda4800 JavaThread "Cancel handler" [_thread_blocked, id=7788, stack(0x0000002054e00000,0x0000002054f00000)]
  0x000001e65fccd800 JavaThread "Daemon worker" [_thread_blocked, id=7140, stack(0x0000002054f00000,0x0000002055000000)]
  0x000001e65fe75000 JavaThread "Asynchronous log dispatcher for DefaultDaemonConnection: socket connection from /127.0.0.1:5045 to /127.0.0.1:5046" [_thread_blocked, id=7092, stack(0x0000002055000000,0x0000002055100000)]
  0x000001e6603b6800 JavaThread "Daemon client event forwarder" [_thread_blocked, id=9032, stack(0x0000002055200000,0x0000002055300000)]
  0x000001e6603b7800 JavaThread "Cache worker for file hash cache (C:\Users\felip\.gradle\caches\7.0.2\fileHashes)" [_thread_blocked, id=4880, stack(0x0000002055300000,0x0000002055400000)]
  0x000001e6603b8000 JavaThread "File lock request listener" [_thread_in_native, id=5096, stack(0x0000002055400000,0x0000002055500000)]
  0x000001e6603b5800 JavaThread "Cache worker for journal cache (C:\Users\felip\.gradle\caches\journal-1)" [_thread_blocked, id=4784, stack(0x0000002055500000,0x0000002055600000)]
  0x000001e660c0d000 JavaThread "Cache worker for file hash cache (C:\Users\felip\AndroidStudioProjects\VideoApp\.gradle\7.0.2\fileHashes)" [_thread_blocked, id=7356, stack(0x0000002055600000,0x0000002055700000)]
  0x000001e660c09000 JavaThread "File watcher server" daemon [_thread_blocked, id=5900, stack(0x0000002055700000,0x0000002055800000)]
  0x000001e660c07000 JavaThread "File watcher consumer" daemon [_thread_blocked, id=3296, stack(0x0000002055800000,0x0000002055900000)]
  0x000001e660c09800 JavaThread "Cache worker for checksums cache (C:\Users\felip\AndroidStudioProjects\VideoApp\.gradle\checksums)" [_thread_blocked, id=8524, stack(0x0000002055900000,0x0000002055a00000)]
  0x000001e660c0d800 JavaThread "Cache worker for cache directory md-supplier (C:\Users\felip\.gradle\caches\7.0.2\md-supplier)" [_thread_blocked, id=7024, stack(0x0000002055a00000,0x0000002055b00000)]
  0x000001e660c08000 JavaThread "Cache worker for cache directory md-rule (C:\Users\felip\.gradle\caches\7.0.2\md-rule)" [_thread_blocked, id=8884, stack(0x0000002055b00000,0x0000002055c00000)]
  0x000001e660c0b000 JavaThread "Cache worker for execution history cache (C:\Users\felip\.gradle\caches\7.0.2\executionHistory)" [_thread_blocked, id=7296, stack(0x0000002055c00000,0x0000002055d00000)]
  0x000001e660c0e800 JavaThread "jar transforms" [_thread_blocked, id=6496, stack(0x0000002055d00000,0x0000002055e00000)]
  0x000001e660c0f800 JavaThread "jar transforms Thread 2" [_thread_blocked, id=4852, stack(0x0000002055e00000,0x0000002055f00000)]
  0x000001e660c0c000 JavaThread "Cache worker for file content cache (C:\Users\felip\.gradle\caches\7.0.2\fileContent)" [_thread_blocked, id=6804, stack(0x0000002055f00000,0x0000002056000000)]
  0x000001e660c12000 JavaThread "Cache worker for dependencies-accessors (C:\Users\felip\AndroidStudioProjects\VideoApp\.gradle\7.0.2\dependencies-accessors)" [_thread_blocked, id=8576, stack(0x0000002056000000,0x0000002056100000)]
  0x000001e660c15000 JavaThread "Cache worker for Build Output Cleanup Cache (C:\Users\felip\AndroidStudioProjects\VideoApp\.gradle\buildOutputCleanup)" [_thread_blocked, id=8292, stack(0x0000002056100000,0x0000002056200000)]
  0x000001e660c11000 JavaThread "Build operations" [_thread_blocked, id=2936, stack(0x0000002056200000,0x0000002056300000)]
  0x000001e660c12800 JavaThread "Build operations Thread 2" [_thread_blocked, id=1872, stack(0x0000002056300000,0x0000002056400000)]
  0x000001e660c14000 JavaThread "Memory manager" [_thread_blocked, id=720, stack(0x0000002056600000,0x0000002056700000)]
  0x000001e660c16000 JavaThread "build event listener" [_thread_blocked, id=6044, stack(0x0000002053400000,0x0000002053500000)]
  0x000001e6658c9000 JavaThread "build event listener" [_thread_blocked, id=3384, stack(0x0000002053500000,0x0000002053600000)]
  0x000001e6658c5000 JavaThread "Execution worker for ':'" [_thread_blocked, id=6344, stack(0x0000002053600000,0x0000002053700000)]
  0x000001e6658c5800 JavaThread "Cache worker for execution history cache (C:\Users\felip\AndroidStudioProjects\VideoApp\.gradle\7.0.2\executionHistory)" [_thread_blocked, id=7568, stack(0x0000002055100000,0x0000002055200000)]
  0x000001e6658c6800 JavaThread "WorkerExecutor Queue" [_thread_blocked, id=172, stack(0x0000002056400000,0x0000002056500000)]
  0x000001e6658c7800 JavaThread "WorkerExecutor Queue Thread 2" [_thread_blocked, id=5732, stack(0x0000002056500000,0x0000002056600000)]

Other Threads:
=>0x000001e65e9df800 VMThread "VM Thread" [stack: 0x0000002053d00000,0x0000002053e00000] [id=8688]
  0x000001e65ed0a000 WatcherThread [stack: 0x0000002054700000,0x0000002054800000] [id=8044]
  0x000001e64649c800 GCTaskThread "GC Thread#0" [stack: 0x0000002053800000,0x0000002053900000] [id=2508]
  0x000001e65eeae000 GCTaskThread "GC Thread#1" [stack: 0x0000002054800000,0x0000002054900000] [id=1828]
  0x000001e6464ad800 ConcurrentGCThread "G1 Main Marker" [stack: 0x0000002053900000,0x0000002053a00000] [id=1092]
  0x000001e6464ae800 ConcurrentGCThread "G1 Conc#0" [stack: 0x0000002053a00000,0x0000002053b00000] [id=8320]
  0x000001e6464fa800 ConcurrentGCThread "G1 Refine#0" [stack: 0x0000002053b00000,0x0000002053c00000] [id=6160]
  0x000001e6464fc000 ConcurrentGCThread "G1 Young RemSet Sampling" [stack: 0x0000002053c00000,0x0000002053d00000] [id=6688]

Threads with active compile tasks:
C2 CompilerThread0 377167 18499       4       org.objectweb.asm.commons.ClassRemapper::visitInnerClass (49 bytes)

VM state:at safepoint (normal execution)

VM Mutex/Monitor currently owned by a thread:  ([mutex/lock_event])
[0x000001e64647dbd0] Threads_lock - owner thread: 0x000001e65e9df800
[0x000001e64647dcf0] Heap_lock - owner thread: 0x000001e660c11000

Heap address: 0x00000000e0000000, size: 512 MB, Compressed Oops mode: 32-bit
Narrow klass base: 0x0000000000000000, Narrow klass shift: 3
Compressed class space size: 1073741824 Address: 0x0000000100000000

Heap:
 garbage-first heap   total 312320K, used 116676K [0x00000000e0000000, 0x0000000100000000)
  region size 1024K, 5 young (5120K), 5 survivors (5120K)
 Metaspace       used 114518K, capacity 116927K, committed 117244K, reserved 1150976K
  class space    used 14022K, capacity 14865K, committed 14976K, reserved 1048576K
Heap Regions: E=young(eden), S=young(survivor), O=old, HS=humongous(starts), HC=humongous(continues), CS=collection set, F=free, A=archive, TAMS=top-at-mark-start (previous, next)
|   0|0x00000000e0000000, 0x00000000e0100000, 0x00000000e0100000|100%| O|  |TAMS 0x00000000e0100000, 0x00000000e0000000| Untracked 
|   1|0x00000000e0100000, 0x00000000e0200000, 0x00000000e0200000|100%| O|  |TAMS 0x00000000e0200000, 0x00000000e0100000| Untracked 
|   2|0x00000000e0200000, 0x00000000e0300000, 0x00000000e0300000|100%| O|  |TAMS 0x00000000e0300000, 0x00000000e0200000| Untracked 
|   3|0x00000000e0300000, 0x00000000e0400000, 0x00000000e0400000|100%| O|  |TAMS 0x00000000e0400000, 0x00000000e0300000| Untracked 
|   4|0x00000000e0400000, 0x00000000e0500000, 0x00000000e0500000|100%|HS|  |TAMS 0x00000000e0500000, 0x00000000e0400000| Complete 
|   5|0x00000000e0500000, 0x00000000e0600000, 0x00000000e0600000|100%|HC|  |TAMS 0x00000000e0600000, 0x00000000e0500000| Complete 
|   6|0x00000000e0600000, 0x00000000e0700000, 0x00000000e0700000|100%|HC|  |TAMS 0x00000000e0700000, 0x00000000e0600000| Complete 
|   7|0x00000000e0700000, 0x00000000e0800000, 0x00000000e0800000|100%| O|  |TAMS 0x00000000e0800000, 0x00000000e0700000| Untracked 
|   8|0x00000000e0800000, 0x00000000e0900000, 0x00000000e0900000|100%| O|  |TAMS 0x00000000e0900000, 0x00000000e0800000| Untracked 
|   9|0x00000000e0900000, 0x00000000e0a00000, 0x00000000e0a00000|100%| O|  |TAMS 0x00000000e0a00000, 0x00000000e0900000| Untracked 
|  10|0x00000000e0a00000, 0x00000000e0b00000, 0x00000000e0b00000|100%| O|  |TAMS 0x00000000e0b00000, 0x00000000e0a00000| Untracked 
|  11|0x00000000e0b00000, 0x00000000e0c00000, 0x00000000e0c00000|100%| O|  |TAMS 0x00000000e0c00000, 0x00000000e0b00000| Untracked 
|  12|0x00000000e0c00000, 0x00000000e0d00000, 0x00000000e0d00000|100%| O|  |TAMS 0x00000000e0d00000, 0x00000000e0c00000| Untracked 
|  13|0x00000000e0d00000, 0x00000000e0e00000, 0x00000000e0e00000|100%| O|  |TAMS 0x00000000e0e00000, 0x00000000e0d00000| Untracked 
|  14|0x00000000e0e00000, 0x00000000e0f00000, 0x00000000e0f00000|100%| O|  |TAMS 0x00000000e0f00000, 0x00000000e0e00000| Untracked 
|  15|0x00000000e0f00000, 0x00000000e1000000, 0x00000000e1000000|100%| O|  |TAMS 0x00000000e1000000, 0x00000000e0f00000| Untracked 
|  16|0x00000000e1000000, 0x00000000e1100000, 0x00000000e1100000|100%| O|  |TAMS 0x00000000e1100000, 0x00000000e1000000| Untracked 
|  17|0x00000000e1100000, 0x00000000e1200000, 0x00000000e1200000|100%| O|  |TAMS 0x00000000e1200000, 0x00000000e1100000| Untracked 
|  18|0x00000000e1200000, 0x00000000e1300000, 0x00000000e1300000|100%| O|  |TAMS 0x00000000e1300000, 0x00000000e1200000| Untracked 
|  19|0x00000000e1300000, 0x00000000e1400000, 0x00000000e1400000|100%| O|  |TAMS 0x00000000e1400000, 0x00000000e1300000| Untracked 
|  20|0x00000000e1400000, 0x00000000e1500000, 0x00000000e1500000|100%| O|  |TAMS 0x00000000e1500000, 0x00000000e1400000| Untracked 
|  21|0x00000000e1500000, 0x00000000e1600000, 0x00000000e1600000|100%| O|  |TAMS 0x00000000e1600000, 0x00000000e1500000| Untracked 
|  22|0x00000000e1600000, 0x00000000e1700000, 0x00000000e1700000|100%| O|  |TAMS 0x00000000e1700000, 0x00000000e1600000| Untracked 
|  23|0x00000000e1700000, 0x00000000e1800000, 0x00000000e1800000|100%| O|  |TAMS 0x00000000e1800000, 0x00000000e1700000| Untracked 
|  24|0x00000000e1800000, 0x00000000e1900000, 0x00000000e1900000|100%| O|  |TAMS 0x00000000e1900000, 0x00000000e1800000| Untracked 
|  25|0x00000000e1900000, 0x00000000e1a00000, 0x00000000e1a00000|100%| O|  |TAMS 0x00000000e1a00000, 0x00000000e1900000| Untracked 
|  26|0x00000000e1a00000, 0x00000000e1b00000, 0x00000000e1b00000|100%| O|  |TAMS 0x00000000e1b00000, 0x00000000e1a00000| Untracked 
|  27|0x00000000e1b00000, 0x00000000e1c00000, 0x00000000e1c00000|100%| O|  |TAMS 0x00000000e1c00000, 0x00000000e1b00000| Untracked 
|  28|0x00000000e1c00000, 0x00000000e1d00000, 0x00000000e1d00000|100%| O|  |TAMS 0x00000000e1d00000, 0x00000000e1c00000| Untracked 
|  29|0x00000000e1d00000, 0x00000000e1e00000, 0x00000000e1e00000|100%| O|  |TAMS 0x00000000e1e00000, 0x00000000e1d00000| Untracked 
|  30|0x00000000e1e00000, 0x00000000e1f00000, 0x00000000e1f00000|100%| O|  |TAMS 0x00000000e1f00000, 0x00000000e1e00000| Untracked 
|  31|0x00000000e1f00000, 0x00000000e2000000, 0x00000000e2000000|100%|HS|  |TAMS 0x00000000e2000000, 0x00000000e1f00000| Complete 
|  32|0x00000000e2000000, 0x00000000e2100000, 0x00000000e2100000|100%|HS|  |TAMS 0x00000000e2100000, 0x00000000e2000000| Complete 
|  33|0x00000000e2100000, 0x00000000e2200000, 0x00000000e2200000|100%|HS|  |TAMS 0x00000000e2200000, 0x00000000e2100000| Complete 
|  34|0x00000000e2200000, 0x00000000e2300000, 0x00000000e2300000|100%| O|  |TAMS 0x00000000e2300000, 0x00000000e2200000| Untracked 
|  35|0x00000000e2300000, 0x00000000e2400000, 0x00000000e2400000|100%| O|  |TAMS 0x00000000e2400000, 0x00000000e2300000| Untracked 
|  36|0x00000000e2400000, 0x00000000e2500000, 0x00000000e2500000|100%|HS|  |TAMS 0x00000000e2500000, 0x00000000e2400000| Complete 
|  37|0x00000000e2500000, 0x00000000e2600000, 0x00000000e2600000|100%|HC|  |TAMS 0x00000000e2600000, 0x00000000e2500000| Complete 
|  38|0x00000000e2600000, 0x00000000e2700000, 0x00000000e2700000|100%|HC|  |TAMS 0x00000000e2700000, 0x00000000e2600000| Complete 
|  39|0x00000000e2700000, 0x00000000e2800000, 0x00000000e2800000|100%| O|  |TAMS 0x00000000e2800000, 0x00000000e2700000| Untracked 
|  40|0x00000000e2800000, 0x00000000e2900000, 0x00000000e2900000|100%| O|  |TAMS 0x00000000e2900000, 0x00000000e2800000| Untracked 
|  41|0x00000000e2900000, 0x00000000e2a00000, 0x00000000e2a00000|100%|HS|  |TAMS 0x00000000e2a00000, 0x00000000e2900000| Complete 
|  42|0x00000000e2a00000, 0x00000000e2b00000, 0x00000000e2b00000|100%|HC|  |TAMS 0x00000000e2b00000, 0x00000000e2a00000| Complete 
|  43|0x00000000e2b00000, 0x00000000e2c00000, 0x00000000e2c00000|100%| O|  |TAMS 0x00000000e2b00000, 0x00000000e2b00000| Untracked 
|  44|0x00000000e2c00000, 0x00000000e2d00000, 0x00000000e2d00000|100%| O|  |TAMS 0x00000000e2d00000, 0x00000000e2c00000| Untracked 
|  45|0x00000000e2d00000, 0x00000000e2e00000, 0x00000000e2e00000|100%| O|  |TAMS 0x00000000e2e00000, 0x00000000e2d00000| Untracked 
|  46|0x00000000e2e00000, 0x00000000e2f00000, 0x00000000e2f00000|100%| O|  |TAMS 0x00000000e2f00000, 0x00000000e2e00000| Untracked 
|  47|0x00000000e2f00000, 0x00000000e3000000, 0x00000000e3000000|100%| O|  |TAMS 0x00000000e3000000, 0x00000000e2f00000| Untracked 
|  48|0x00000000e3000000, 0x00000000e3100000, 0x00000000e3100000|100%| O|  |TAMS 0x00000000e3100000, 0x00000000e3000000| Untracked 
|  49|0x00000000e3100000, 0x00000000e3200000, 0x00000000e3200000|100%| O|  |TAMS 0x00000000e3200000, 0x00000000e3100000| Untracked 
|  50|0x00000000e3200000, 0x00000000e3300000, 0x00000000e3300000|100%| O|  |TAMS 0x00000000e3300000, 0x00000000e3200000| Untracked 
|  51|0x00000000e3300000, 0x00000000e3400000, 0x00000000e3400000|100%| O|  |TAMS 0x00000000e3400000, 0x00000000e3300000| Untracked 
|  52|0x00000000e3400000, 0x00000000e3500000, 0x00000000e3500000|100%| O|  |TAMS 0x00000000e3500000, 0x00000000e3400000| Untracked 
|  53|0x00000000e3500000, 0x00000000e3600000, 0x00000000e3600000|100%| O|  |TAMS 0x00000000e3600000, 0x00000000e3500000| Untracked 
|  54|0x00000000e3600000, 0x00000000e3700000, 0x00000000e3700000|100%| O|  |TAMS 0x00000000e3700000, 0x00000000e3600000| Untracked 
|  55|0x00000000e3700000, 0x00000000e3800000, 0x00000000e3800000|100%| O|  |TAMS 0x00000000e3800000, 0x00000000e3700000| Untracked 
|  56|0x00000000e3800000, 0x00000000e3900000, 0x00000000e3900000|100%| O|  |TAMS 0x00000000e3900000, 0x00000000e3800000| Untracked 
|  57|0x00000000e3900000, 0x00000000e3a00000, 0x00000000e3a00000|100%| O|  |TAMS 0x00000000e3a00000, 0x00000000e3900000| Untracked 
|  58|0x00000000e3a00000, 0x00000000e3b00000, 0x00000000e3b00000|100%| O|  |TAMS 0x00000000e3b00000, 0x00000000e3a00000| Untracked 
|  59|0x00000000e3b00000, 0x00000000e3c00000, 0x00000000e3c00000|100%| O|  |TAMS 0x00000000e3c00000, 0x00000000e3b00000| Untracked 
|  60|0x00000000e3c00000, 0x00000000e3d00000, 0x00000000e3d00000|100%| O|  |TAMS 0x00000000e3d00000, 0x00000000e3c00000| Untracked 
|  61|0x00000000e3d00000, 0x00000000e3e00000, 0x00000000e3e00000|100%| O|  |TAMS 0x00000000e3e00000, 0x00000000e3d00000| Untracked 
|  62|0x00000000e3e00000, 0x00000000e3f00000, 0x00000000e3f00000|100%| O|  |TAMS 0x00000000e3f00000, 0x00000000e3e00000| Untracked 
|  63|0x00000000e3f00000, 0x00000000e4000000, 0x00000000e4000000|100%| O|  |TAMS 0x00000000e4000000, 0x00000000e3f00000| Untracked 
|  64|0x00000000e4000000, 0x00000000e4100000, 0x00000000e4100000|100%| O|  |TAMS 0x00000000e4100000, 0x00000000e4000000| Untracked 
|  65|0x00000000e4100000, 0x00000000e4200000, 0x00000000e4200000|100%| O|  |TAMS 0x00000000e4200000, 0x00000000e4100000| Untracked 
|  66|0x00000000e4200000, 0x00000000e4300000, 0x00000000e4300000|100%| O|  |TAMS 0x00000000e4300000, 0x00000000e4200000| Untracked 
|  67|0x00000000e4300000, 0x00000000e4400000, 0x00000000e4400000|100%| O|  |TAMS 0x00000000e4400000, 0x00000000e4300000| Untracked 
|  68|0x00000000e4400000, 0x00000000e4500000, 0x00000000e4500000|100%| O|  |TAMS 0x00000000e4500000, 0x00000000e4400000| Untracked 
|  69|0x00000000e4500000, 0x00000000e4600000, 0x00000000e4600000|100%| O|  |TAMS 0x00000000e4600000, 0x00000000e4500000| Untracked 
|  70|0x00000000e4600000, 0x00000000e4700000, 0x00000000e4700000|100%| O|  |TAMS 0x00000000e4700000, 0x00000000e4600000| Untracked 
|  71|0x00000000e4700000, 0x00000000e4800000, 0x00000000e4800000|100%| O|  |TAMS 0x00000000e4800000, 0x00000000e4700000| Untracked 
|  72|0x00000000e4800000, 0x00000000e4900000, 0x00000000e4900000|100%| O|  |TAMS 0x00000000e4900000, 0x00000000e4800000| Untracked 
|  73|0x00000000e4900000, 0x00000000e4a00000, 0x00000000e4a00000|100%| O|  |TAMS 0x00000000e4a00000, 0x00000000e4900000| Untracked 
|  74|0x00000000e4a00000, 0x00000000e4b00000, 0x00000000e4b00000|100%| O|  |TAMS 0x00000000e4b00000, 0x00000000e4a00000| Untracked 
|  75|0x00000000e4b00000, 0x00000000e4c00000, 0x00000000e4c00000|100%| O|  |TAMS 0x00000000e4c00000, 0x00000000e4b00000| Untracked 
|  76|0x00000000e4c00000, 0x00000000e4d00000, 0x00000000e4d00000|100%| O|  |TAMS 0x00000000e4d00000, 0x00000000e4c00000| Untracked 
|  77|0x00000000e4d00000, 0x00000000e4e00000, 0x00000000e4e00000|100%| O|  |TAMS 0x00000000e4e00000, 0x00000000e4d00000| Untracked 
|  78|0x00000000e4e00000, 0x00000000e4f00000, 0x00000000e4f00000|100%| O|  |TAMS 0x00000000e4f00000, 0x00000000e4e00000| Untracked 
|  79|0x00000000e4f00000, 0x00000000e4f92800, 0x00000000e5000000| 57%| O|  |TAMS 0x00000000e4f00000, 0x00000000e4f00000| Untracked 
|  80|0x00000000e5000000, 0x00000000e5100000, 0x00000000e5100000|100%| O|  |TAMS 0x00000000e5100000, 0x00000000e5000000| Untracked 
|  81|0x00000000e5100000, 0x00000000e5100000, 0x00000000e5200000|  0%| F|  |TAMS 0x00000000e5100000, 0x00000000e5100000| Untracked 
|  82|0x00000000e5200000, 0x00000000e5300000, 0x00000000e5300000|100%| O|  |TAMS 0x00000000e5300000, 0x00000000e5200000| Untracked 
|  83|0x00000000e5300000, 0x00000000e5400000, 0x00000000e5400000|100%| O|  |TAMS 0x00000000e5400000, 0x00000000e5300000| Untracked 
|  84|0x00000000e5400000, 0x00000000e5500000, 0x00000000e5500000|100%| O|  |TAMS 0x00000000e5500000, 0x00000000e5400000| Untracked 
|  85|0x00000000e5500000, 0x00000000e5600000, 0x00000000e5600000|100%| O|  |TAMS 0x00000000e5600000, 0x00000000e5500000| Untracked 
|  86|0x00000000e5600000, 0x00000000e5600000, 0x00000000e5700000|  0%| F|  |TAMS 0x00000000e5600000, 0x00000000e5600000| Untracked 
|  87|0x00000000e5700000, 0x00000000e5700000, 0x00000000e5800000|  0%| F|  |TAMS 0x00000000e5700000, 0x00000000e5700000| Untracked 
|  88|0x00000000e5800000, 0x00000000e5800000, 0x00000000e5900000|  0%| F|  |TAMS 0x00000000e5800000, 0x00000000e5800000| Untracked 
|  89|0x00000000e5900000, 0x00000000e5900000, 0x00000000e5a00000|  0%| F|  |TAMS 0x00000000e5900000, 0x00000000e5900000| Untracked 
|  90|0x00000000e5a00000, 0x00000000e5b00000, 0x00000000e5b00000|100%| O|  |TAMS 0x00000000e5b00000, 0x00000000e5a00000| Untracked 
|  91|0x00000000e5b00000, 0x00000000e5c00000, 0x00000000e5c00000|100%| O|  |TAMS 0x00000000e5c00000, 0x00000000e5b00000| Untracked 
|  92|0x00000000e5c00000, 0x00000000e5c00000, 0x00000000e5d00000|  0%| F|  |TAMS 0x00000000e5c00000, 0x00000000e5c00000| Untracked 
|  93|0x00000000e5d00000, 0x00000000e5d00000, 0x00000000e5e00000|  0%| F|  |TAMS 0x00000000e5d00000, 0x00000000e5d00000| Untracked 
|  94|0x00000000e5e00000, 0x00000000e5f00000, 0x00000000e5f00000|100%| O|  |TAMS 0x00000000e5f00000, 0x00000000e5e00000| Untracked 
|  95|0x00000000e5f00000, 0x00000000e5f00000, 0x00000000e6000000|  0%| F|  |TAMS 0x00000000e5f00000, 0x00000000e5f00000| Untracked 
|  96|0x00000000e6000000, 0x00000000e6000000, 0x00000000e6100000|  0%| F|  |TAMS 0x00000000e6000000, 0x00000000e6000000| Untracked 
|  97|0x00000000e6100000, 0x00000000e6100000, 0x00000000e6200000|  0%| F|  |TAMS 0x00000000e6100000, 0x00000000e6100000| Untracked 
|  98|0x00000000e6200000, 0x00000000e6300000, 0x00000000e6300000|100%| O|  |TAMS 0x00000000e6300000, 0x00000000e6200000| Untracked 
|  99|0x00000000e6300000, 0x00000000e6300000, 0x00000000e6400000|  0%| F|  |TAMS 0x00000000e6300000, 0x00000000e6300000| Untracked 
| 100|0x00000000e6400000, 0x00000000e6500000, 0x00000000e6500000|100%| O|  |TAMS 0x00000000e6500000, 0x00000000e6400000| Untracked 
| 101|0x00000000e6500000, 0x00000000e6600000, 0x00000000e6600000|100%| O|  |TAMS 0x00000000e6600000, 0x00000000e6500000| Untracked 
| 102|0x00000000e6600000, 0x00000000e6700000, 0x00000000e6700000|100%| O|  |TAMS 0x00000000e6700000, 0x00000000e6600000| Untracked 
| 103|0x00000000e6700000, 0x00000000e6800000, 0x00000000e6800000|100%| O|  |TAMS 0x00000000e6800000, 0x00000000e6700000| Untracked 
| 104|0x00000000e6800000, 0x00000000e6900000, 0x00000000e6900000|100%| O|  |TAMS 0x00000000e6900000, 0x00000000e6800000| Untracked 
| 105|0x00000000e6900000, 0x00000000e6a00000, 0x00000000e6a00000|100%| O|  |TAMS 0x00000000e6a00000, 0x00000000e6900000| Untracked 
| 106|0x00000000e6a00000, 0x00000000e6b00000, 0x00000000e6b00000|100%| O|  |TAMS 0x00000000e6b00000, 0x00000000e6a00000| Untracked 
| 107|0x00000000e6b00000, 0x00000000e6c00000, 0x00000000e6c00000|100%|HS|  |TAMS 0x00000000e6c00000, 0x00000000e6b00000| Complete 
| 108|0x00000000e6c00000, 0x00000000e6c00000, 0x00000000e6d00000|  0%| F|  |TAMS 0x00000000e6c00000, 0x00000000e6c00000| Untracked 
| 109|0x00000000e6d00000, 0x00000000e6e00000, 0x00000000e6e00000|100%| O|  |TAMS 0x00000000e6e00000, 0x00000000e6d00000| Untracked 
| 110|0x00000000e6e00000, 0x00000000e6f00000, 0x00000000e6f00000|100%| O|  |TAMS 0x00000000e6f00000, 0x00000000e6e00000| Untracked 
| 111|0x00000000e6f00000, 0x00000000e6f00000, 0x00000000e7000000|  0%| F|  |TAMS 0x00000000e6f00000, 0x00000000e6f00000| Untracked 
| 112|0x00000000e7000000, 0x00000000e7100000, 0x00000000e7100000|100%| O|  |TAMS 0x00000000e7100000, 0x00000000e7000000| Untracked 
| 113|0x00000000e7100000, 0x00000000e7200000, 0x00000000e7200000|100%| O|  |TAMS 0x00000000e7200000, 0x00000000e7100000| Untracked 
| 114|0x00000000e7200000, 0x00000000e7300000, 0x00000000e7300000|100%| O|  |TAMS 0x00000000e7300000, 0x00000000e7200000| Untracked 
| 115|0x00000000e7300000, 0x00000000e7400000, 0x00000000e7400000|100%| O|  |TAMS 0x00000000e7400000, 0x00000000e7300000| Untracked 
| 116|0x00000000e7400000, 0x00000000e7500000, 0x00000000e7500000|100%| O|  |TAMS 0x00000000e7428a00, 0x00000000e7400000| Untracked 
| 117|0x00000000e7500000, 0x00000000e7600000, 0x00000000e7600000|100%| O|  |TAMS 0x00000000e7500000, 0x00000000e7500000| Untracked 
| 118|0x00000000e7600000, 0x00000000e7700000, 0x00000000e7700000|100%| O|  |TAMS 0x00000000e7600000, 0x00000000e7600000| Untracked 
| 119|0x00000000e7700000, 0x00000000e7800000, 0x00000000e7800000|100%| O|  |TAMS 0x00000000e7700000, 0x00000000e7700000| Untracked 
| 120|0x00000000e7800000, 0x00000000e7900000, 0x00000000e7900000|100%| O|  |TAMS 0x00000000e7800000, 0x00000000e7800000| Untracked 
| 121|0x00000000e7900000, 0x00000000e7a00000, 0x00000000e7a00000|100%| O|  |TAMS 0x00000000e7900000, 0x00000000e7900000| Untracked 
| 122|0x00000000e7a00000, 0x00000000e7b00000, 0x00000000e7b00000|100%| O|  |TAMS 0x00000000e7a00000, 0x00000000e7a00000| Untracked 
| 123|0x00000000e7b00000, 0x00000000e7b00000, 0x00000000e7c00000|  0%| F|  |TAMS 0x00000000e7b00000, 0x00000000e7b00000| Untracked 
| 124|0x00000000e7c00000, 0x00000000e7c00000, 0x00000000e7d00000|  0%| F|  |TAMS 0x00000000e7c00000, 0x00000000e7c00000| Untracked 
| 125|0x00000000e7d00000, 0x00000000e7d00000, 0x00000000e7e00000|  0%| F|  |TAMS 0x00000000e7d00000, 0x00000000e7d00000| Untracked 
| 126|0x00000000e7e00000, 0x00000000e7e00000, 0x00000000e7f00000|  0%| F|  |TAMS 0x00000000e7e00000, 0x00000000e7e00000| Untracked 
| 127|0x00000000e7f00000, 0x00000000e7f00000, 0x00000000e8000000|  0%| F|  |TAMS 0x00000000e7f00000, 0x00000000e7f00000| Untracked 
| 128|0x00000000e8000000, 0x00000000e8000000, 0x00000000e8100000|  0%| F|  |TAMS 0x00000000e8000000, 0x00000000e8000000| Untracked 
| 129|0x00000000e8100000, 0x00000000e8100000, 0x00000000e8200000|  0%| F|  |TAMS 0x00000000e8100000, 0x00000000e8100000| Untracked 
| 130|0x00000000e8200000, 0x00000000e8200000, 0x00000000e8300000|  0%| F|  |TAMS 0x00000000e8200000, 0x00000000e8200000| Untracked 
| 131|0x00000000e8300000, 0x00000000e8300000, 0x00000000e8400000|  0%| F|  |TAMS 0x00000000e8300000, 0x00000000e8300000| Untracked 
| 132|0x00000000e8400000, 0x00000000e8400000, 0x00000000e8500000|  0%| F|  |TAMS 0x00000000e8400000, 0x00000000e8400000| Untracked 
| 133|0x00000000e8500000, 0x00000000e8500000, 0x00000000e8600000|  0%| F|  |TAMS 0x00000000e8500000, 0x00000000e8500000| Untracked 
| 134|0x00000000e8600000, 0x00000000e8600000, 0x00000000e8700000|  0%| F|  |TAMS 0x00000000e8600000, 0x00000000e8600000| Untracked 
| 135|0x00000000e8700000, 0x00000000e8700000, 0x00000000e8800000|  0%| F|  |TAMS 0x00000000e8700000, 0x00000000e8700000| Untracked 
| 136|0x00000000e8800000, 0x00000000e8800000, 0x00000000e8900000|  0%| F|  |TAMS 0x00000000e8800000, 0x00000000e8800000| Untracked 
| 137|0x00000000e8900000, 0x00000000e8900000, 0x00000000e8a00000|  0%| F|  |TAMS 0x00000000e8900000, 0x00000000e8900000| Untracked 
| 138|0x00000000e8a00000, 0x00000000e8a00000, 0x00000000e8b00000|  0%| F|  |TAMS 0x00000000e8a00000, 0x00000000e8a00000| Untracked 
| 139|0x00000000e8b00000, 0x00000000e8b5eaa0, 0x00000000e8c00000| 36%| S|CS|TAMS 0x00000000e8b00000, 0x00000000e8b00000| Complete 
| 140|0x00000000e8c00000, 0x00000000e8d00000, 0x00000000e8d00000|100%| S|CS|TAMS 0x00000000e8c00000, 0x00000000e8c00000| Complete 
| 141|0x00000000e8d00000, 0x00000000e8e00000, 0x00000000e8e00000|100%| S|CS|TAMS 0x00000000e8d00000, 0x00000000e8d00000| Complete 
| 142|0x00000000e8e00000, 0x00000000e8f00000, 0x00000000e8f00000|100%| S|CS|TAMS 0x00000000e8e00000, 0x00000000e8e00000| Complete 
| 143|0x00000000e8f00000, 0x00000000e9000000, 0x00000000e9000000|100%| S|CS|TAMS 0x00000000e8f00000, 0x00000000e8f00000| Complete 
| 144|0x00000000e9000000, 0x00000000e9000000, 0x00000000e9100000|  0%| F|  |TAMS 0x00000000e9000000, 0x00000000e9000000| Untracked 
| 145|0x00000000e9100000, 0x00000000e9100000, 0x00000000e9200000|  0%| F|  |TAMS 0x00000000e9100000, 0x00000000e9100000| Untracked 
| 146|0x00000000e9200000, 0x00000000e9200000, 0x00000000e9300000|  0%| F|  |TAMS 0x00000000e9200000, 0x00000000e9200000| Untracked 
| 147|0x00000000e9300000, 0x00000000e9300000, 0x00000000e9400000|  0%| F|  |TAMS 0x00000000e9300000, 0x00000000e9300000| Untracked 
| 148|0x00000000e9400000, 0x00000000e9400000, 0x00000000e9500000|  0%| F|  |TAMS 0x00000000e9400000, 0x00000000e9400000| Untracked 
| 149|0x00000000e9500000, 0x00000000e9500000, 0x00000000e9600000|  0%| F|  |TAMS 0x00000000e9500000, 0x00000000e9500000| Untracked 
| 150|0x00000000e9600000, 0x00000000e9600000, 0x00000000e9700000|  0%| F|  |TAMS 0x00000000e9600000, 0x00000000e9600000| Untracked 
| 151|0x00000000e9700000, 0x00000000e9700000, 0x00000000e9800000|  0%| F|  |TAMS 0x00000000e9700000, 0x00000000e9700000| Untracked 
| 152|0x00000000e9800000, 0x00000000e9800000, 0x00000000e9900000|  0%| F|  |TAMS 0x00000000e9800000, 0x00000000e9800000| Untracked 
| 153|0x00000000e9900000, 0x00000000e9900000, 0x00000000e9a00000|  0%| F|  |TAMS 0x00000000e9900000, 0x00000000e9900000| Untracked 
| 154|0x00000000e9a00000, 0x00000000e9a00000, 0x00000000e9b00000|  0%| F|  |TAMS 0x00000000e9a00000, 0x00000000e9a00000| Untracked 
| 155|0x00000000e9b00000, 0x00000000e9b00000, 0x00000000e9c00000|  0%| F|  |TAMS 0x00000000e9b00000, 0x00000000e9b00000| Untracked 
| 156|0x00000000e9c00000, 0x00000000e9c00000, 0x00000000e9d00000|  0%| F|  |TAMS 0x00000000e9c00000, 0x00000000e9c00000| Untracked 
| 157|0x00000000e9d00000, 0x00000000e9d00000, 0x00000000e9e00000|  0%| F|  |TAMS 0x00000000e9d00000, 0x00000000e9d00000| Untracked 
| 158|0x00000000e9e00000, 0x00000000e9e00000, 0x00000000e9f00000|  0%| F|  |TAMS 0x00000000e9e00000, 0x00000000e9e00000| Untracked 
| 159|0x00000000e9f00000, 0x00000000e9f00000, 0x00000000ea000000|  0%| F|  |TAMS 0x00000000e9f00000, 0x00000000e9f00000| Untracked 
| 160|0x00000000ea000000, 0x00000000ea000000, 0x00000000ea100000|  0%| F|  |TAMS 0x00000000ea000000, 0x00000000ea000000| Untracked 
| 161|0x00000000ea100000, 0x00000000ea100000, 0x00000000ea200000|  0%| F|  |TAMS 0x00000000ea100000, 0x00000000ea100000| Untracked 
| 162|0x00000000ea200000, 0x00000000ea200000, 0x00000000ea300000|  0%| F|  |TAMS 0x00000000ea200000, 0x00000000ea200000| Untracked 
| 163|0x00000000ea300000, 0x00000000ea300000, 0x00000000ea400000|  0%| F|  |TAMS 0x00000000ea300000, 0x00000000ea300000| Untracked 
| 164|0x00000000ea400000, 0x00000000ea400000, 0x00000000ea500000|  0%| F|  |TAMS 0x00000000ea400000, 0x00000000ea400000| Untracked 
| 165|0x00000000ea500000, 0x00000000ea500000, 0x00000000ea600000|  0%| F|  |TAMS 0x00000000ea500000, 0x00000000ea500000| Untracked 
| 166|0x00000000ea600000, 0x00000000ea600000, 0x00000000ea700000|  0%| F|  |TAMS 0x00000000ea600000, 0x00000000ea600000| Untracked 
| 167|0x00000000ea700000, 0x00000000ea700000, 0x00000000ea800000|  0%| F|  |TAMS 0x00000000ea700000, 0x00000000ea700000| Untracked 
| 168|0x00000000ea800000, 0x00000000ea800000, 0x00000000ea900000|  0%| F|  |TAMS 0x00000000ea800000, 0x00000000ea800000| Untracked 
| 169|0x00000000ea900000, 0x00000000ea900000, 0x00000000eaa00000|  0%| F|  |TAMS 0x00000000ea900000, 0x00000000ea900000| Untracked 
| 170|0x00000000eaa00000, 0x00000000eaa00000, 0x00000000eab00000|  0%| F|  |TAMS 0x00000000eaa00000, 0x00000000eaa00000| Untracked 
| 171|0x00000000eab00000, 0x00000000eab00000, 0x00000000eac00000|  0%| F|  |TAMS 0x00000000eab00000, 0x00000000eab00000| Untracked 
| 172|0x00000000eac00000, 0x00000000eac00000, 0x00000000ead00000|  0%| F|  |TAMS 0x00000000eac00000, 0x00000000eac00000| Untracked 
| 173|0x00000000ead00000, 0x00000000ead00000, 0x00000000eae00000|  0%| F|  |TAMS 0x00000000ead00000, 0x00000000ead00000| Untracked 
| 174|0x00000000eae00000, 0x00000000eae00000, 0x00000000eaf00000|  0%| F|  |TAMS 0x00000000eae00000, 0x00000000eae00000| Untracked 
| 175|0x00000000eaf00000, 0x00000000eaf00000, 0x00000000eb000000|  0%| F|  |TAMS 0x00000000eaf00000, 0x00000000eaf00000| Untracked 
| 176|0x00000000eb000000, 0x00000000eb000000, 0x00000000eb100000|  0%| F|  |TAMS 0x00000000eb000000, 0x00000000eb000000| Untracked 
| 177|0x00000000eb100000, 0x00000000eb100000, 0x00000000eb200000|  0%| F|  |TAMS 0x00000000eb100000, 0x00000000eb100000| Untracked 
| 178|0x00000000eb200000, 0x00000000eb200000, 0x00000000eb300000|  0%| F|  |TAMS 0x00000000eb200000, 0x00000000eb200000| Untracked 
| 179|0x00000000eb300000, 0x00000000eb300000, 0x00000000eb400000|  0%| F|  |TAMS 0x00000000eb300000, 0x00000000eb300000| Untracked 
| 180|0x00000000eb400000, 0x00000000eb400000, 0x00000000eb500000|  0%| F|  |TAMS 0x00000000eb400000, 0x00000000eb400000| Untracked 
| 181|0x00000000eb500000, 0x00000000eb500000, 0x00000000eb600000|  0%| F|  |TAMS 0x00000000eb500000, 0x00000000eb500000| Untracked 
| 182|0x00000000eb600000, 0x00000000eb600000, 0x00000000eb700000|  0%| F|  |TAMS 0x00000000eb600000, 0x00000000eb600000| Untracked 
| 183|0x00000000eb700000, 0x00000000eb700000, 0x00000000eb800000|  0%| F|  |TAMS 0x00000000eb700000, 0x00000000eb700000| Untracked 
| 184|0x00000000eb800000, 0x00000000eb800000, 0x00000000eb900000|  0%| F|  |TAMS 0x00000000eb800000, 0x00000000eb800000| Untracked 
| 185|0x00000000eb900000, 0x00000000eb900000, 0x00000000eba00000|  0%| F|  |TAMS 0x00000000eb900000, 0x00000000eb900000| Untracked 
| 186|0x00000000eba00000, 0x00000000eba00000, 0x00000000ebb00000|  0%| F|  |TAMS 0x00000000eba00000, 0x00000000eba00000| Untracked 
| 187|0x00000000ebb00000, 0x00000000ebb00000, 0x00000000ebc00000|  0%| F|  |TAMS 0x00000000ebb00000, 0x00000000ebb00000| Untracked 

Card table byte_map: [0x000001e65ac70000,0x000001e65ad70000] _byte_map_base: 0x000001e65a570000

Marking Bits (Prev, Next): (CMBitMap*) 0x000001e6464aad48, (CMBitMap*) 0x000001e6464aad80
 Prev Bits: [0x000001e65ae70000, 0x000001e65b670000)
 Next Bits: [0x000001e65b670000, 0x000001e65be70000)

Polling page: 0x000001e646560000

Metaspace:

Usage:
  Non-class:     99.67 MB capacity,    98.14 MB ( 98%) used,     1.24 MB (  1%) free+waste,   297.38 KB ( <1%) overhead. 
      Class:     14.52 MB capacity,    13.69 MB ( 94%) used,   714.98 KB (  5%) free+waste,   127.19 KB ( <1%) overhead. 
       Both:    114.19 MB capacity,   111.83 MB ( 98%) used,     1.94 MB (  2%) free+waste,   424.56 KB ( <1%) overhead. 

Virtual space:
  Non-class space:      100.00 MB reserved,      99.87 MB (>99%) committed 
      Class space:        1.00 GB reserved,      14.63 MB (  1%) committed 
             Both:        1.10 GB reserved,     114.50 MB ( 10%) committed 

Chunk freelists:
   Non-Class:  14.00 KB
       Class:  15.00 KB
        Both:  29.00 KB

MaxMetaspaceSize: 17179869184.00 GB
CompressedClassSpaceSize: 1.00 GB

CodeHeap 'non-profiled nmethods': size=120064Kb used=13490Kb max_used=13490Kb free=106573Kb
 bounds [0x000001e653230000, 0x000001e653f90000, 0x000001e65a770000]
CodeHeap 'profiled nmethods': size=120000Kb used=37303Kb max_used=39568Kb free=82696Kb
 bounds [0x000001e64bd00000, 0x000001e64e3c0000, 0x000001e653230000]
CodeHeap 'non-nmethods': size=5696Kb used=2325Kb max_used=2372Kb free=3370Kb
 bounds [0x000001e64b770000, 0x000001e64b9e0000, 0x000001e64bd00000]
 total_blobs=17310 nmethods=16350 adapters=869
 compilation: enabled
              stopped_count=0, restarted_count=0
 full_count=0

Compilation events (20 events):
Event: 374.674 Thread 0x000001e65eaae800 nmethod 18493 0x000001e64bec5190 code [0x000001e64bec53a0, 0x000001e64bec57c8]
Event: 374.711 Thread 0x000001e65ea68000 18494       4       org.objectweb.asm.commons.ClassRemapper::visitAnnotation (28 bytes)
Event: 374.807 Thread 0x000001e65ea68000 nmethod 18494 0x000001e653817d90 code [0x000001e653818000, 0x000001e6538195d0]
Event: 374.810 Thread 0x000001e65ea68000 18495       4       org.objectweb.asm.commons.Remapper::mapSignature (57 bytes)
Event: 375.034 Thread 0x000001e65eaae800 18501       2       org.objectweb.asm.ClassReader::readField (667 bytes)
Event: 375.045 Thread 0x000001e65eaae800 nmethod 18501 0x000001e64c106610 code [0x000001e64c106a20, 0x000001e64c108238]
Event: 375.088 Thread 0x000001e65eaae800 18502 %     3       org.objectweb.asm.ClassWriter::toByteArray @ 51 (1360 bytes)
Event: 375.105 Thread 0x000001e65eaae800 nmethod 18502% 0x000001e64c297790 code [0x000001e64c298020, 0x000001e64c29ba98]
Event: 375.105 Thread 0x000001e65eaae800 18503       3       org.objectweb.asm.ClassWriter::toByteArray (1360 bytes)
Event: 375.124 Thread 0x000001e65eaae800 nmethod 18503 0x000001e64cefe110 code [0x000001e64cefe9a0, 0x000001e64cf020d8]
Event: 375.248 Thread 0x000001e65ea68000 nmethod 18495 0x000001e65392ca10 code [0x000001e65392ce20, 0x000001e653930ca0]
Event: 375.250 Thread 0x000001e65ea68000 18500       4       org.objectweb.asm.commons.ClassRemapper::visitField (72 bytes)
Event: 376.444 Thread 0x000001e65ea68000 nmethod 18500 0x000001e653f7c910 code [0x000001e653f7cf20, 0x000001e653f83e68]
Event: 376.445 Thread 0x000001e65ea68000 18504       4       org.objectweb.asm.ClassReader::readField (667 bytes)
Event: 376.625 Thread 0x000001e65eaae800 18506 %     3       org.objectweb.asm.AnnotationWriter::computeAnnotationsSize @ 18 (42 bytes)
Event: 376.626 Thread 0x000001e65eaae800 nmethod 18506% 0x000001e64bde6710 code [0x000001e64bde68e0, 0x000001e64bde6b68]
Event: 376.626 Thread 0x000001e65eaae800 18507       3       org.objectweb.asm.AnnotationWriter::computeAnnotationsSize (42 bytes)
Event: 376.627 Thread 0x000001e65eaae800 nmethod 18507 0x000001e64be0e890 code [0x000001e64be0ea60, 0x000001e64be0eca8]
Event: 376.645 Thread 0x000001e65ea68000 nmethod 18504 0x000001e653944890 code [0x000001e653944c40, 0x000001e653947588]
Event: 376.646 Thread 0x000001e65ea68000 18499       4       org.objectweb.asm.commons.ClassRemapper::visitInnerClass (49 bytes)

GC Heap History (20 events):
Event: 373.382 GC heap after
{Heap after GC invocations=410 (full 0):
 garbage-first heap   total 150528K, used 123497K [0x00000000e0000000, 0x0000000100000000)
  region size 1024K, 1 young (1024K), 1 survivors (1024K)
 Metaspace       used 114518K, capacity 116927K, committed 117244K, reserved 1150976K
  class space    used 14022K, capacity 14865K, committed 14976K, reserved 1048576K
}
Event: 373.400 GC heap before
{Heap before GC invocations=410 (full 0):
 garbage-first heap   total 150528K, used 129641K [0x00000000e0000000, 0x0000000100000000)
  region size 1024K, 7 young (7168K), 1 survivors (1024K)
 Metaspace       used 114518K, capacity 116927K, committed 117244K, reserved 1150976K
  class space    used 14022K, capacity 14865K, committed 14976K, reserved 1048576K
}
Event: 373.422 GC heap after
{Heap after GC invocations=411 (full 0):
 garbage-first heap   total 150528K, used 111744K [0x00000000e0000000, 0x0000000100000000)
  region size 1024K, 1 young (1024K), 1 survivors (1024K)
 Metaspace       used 114518K, capacity 116927K, committed 117244K, reserved 1150976K
  class space    used 14022K, capacity 14865K, committed 14976K, reserved 1048576K
}
Event: 373.440 GC heap before
{Heap before GC invocations=411 (full 0):
 garbage-first heap   total 150528K, used 117888K [0x00000000e0000000, 0x0000000100000000)
  region size 1024K, 7 young (7168K), 1 survivors (1024K)
 Metaspace       used 114518K, capacity 116927K, committed 117244K, reserved 1150976K
  class space    used 14022K, capacity 14865K, committed 14976K, reserved 1048576K
}
Event: 373.450 GC heap after
{Heap after GC invocations=412 (full 0):
 garbage-first heap   total 150528K, used 111274K [0x00000000e0000000, 0x0000000100000000)
  region size 1024K, 1 young (1024K), 1 survivors (1024K)
 Metaspace       used 114518K, capacity 116927K, committed 117244K, reserved 1150976K
  class space    used 14022K, capacity 14865K, committed 14976K, reserved 1048576K
}
Event: 373.493 GC heap before
{Heap before GC invocations=412 (full 0):
 garbage-first heap   total 150528K, used 124586K [0x00000000e0000000, 0x0000000100000000)
  region size 1024K, 15 young (15360K), 1 survivors (1024K)
 Metaspace       used 114518K, capacity 116927K, committed 117244K, reserved 1150976K
  class space    used 14022K, capacity 14865K, committed 14976K, reserved 1048576K
}
Event: 373.501 GC heap after
{Heap after GC invocations=413 (full 0):
 garbage-first heap   total 150528K, used 113254K [0x00000000e0000000, 0x0000000100000000)
  region size 1024K, 2 young (2048K), 2 survivors (2048K)
 Metaspace       used 114518K, capacity 116927K, committed 117244K, reserved 1150976K
  class space    used 14022K, capacity 14865K, committed 14976K, reserved 1048576K
}
Event: 373.542 GC heap before
{Heap before GC invocations=413 (full 0):
 garbage-first heap   total 150528K, used 127590K [0x00000000e0000000, 0x0000000100000000)
  region size 1024K, 16 young (16384K), 2 survivors (2048K)
 Metaspace       used 114518K, capacity 116927K, committed 117244K, reserved 1150976K
  class space    used 14022K, capacity 14865K, committed 14976K, reserved 1048576K
}
Event: 373.548 GC heap after
{Heap after GC invocations=414 (full 0):
 garbage-first heap   total 150528K, used 112756K [0x00000000e0000000, 0x0000000100000000)
  region size 1024K, 1 young (1024K), 1 survivors (1024K)
 Metaspace       used 114518K, capacity 116927K, committed 117244K, reserved 1150976K
  class space    used 14022K, capacity 14865K, committed 14976K, reserved 1048576K
}
Event: 373.592 GC heap before
{Heap before GC invocations=414 (full 0):
 garbage-first heap   total 150528K, used 127092K [0x00000000e0000000, 0x0000000100000000)
  region size 1024K, 15 young (15360K), 1 survivors (1024K)
 Metaspace       used 114518K, capacity 116927K, committed 117244K, reserved 1150976K
  class space    used 14022K, capacity 14865K, committed 14976K, reserved 1048576K
}
Event: 373.690 GC heap after
{Heap after GC invocations=415 (full 0):
 garbage-first heap   total 192512K, used 112556K [0x00000000e0000000, 0x0000000100000000)
  region size 1024K, 1 young (1024K), 1 survivors (1024K)
 Metaspace       used 114518K, capacity 116927K, committed 117244K, reserved 1150976K
  class space    used 14022K, capacity 14865K, committed 14976K, reserved 1048576K
}
Event: 374.369 GC heap before
{Heap before GC invocations=415 (full 0):
 garbage-first heap   total 192512K, used 146348K [0x00000000e0000000, 0x0000000100000000)
  region size 1024K, 34 young (34816K), 1 survivors (1024K)
 Metaspace       used 114518K, capacity 116927K, committed 117244K, reserved 1150976K
  class space    used 14022K, capacity 14865K, committed 14976K, reserved 1048576K
}
Event: 374.404 GC heap after
{Heap after GC invocations=416 (full 0):
 garbage-first heap   total 192512K, used 112848K [0x00000000e0000000, 0x0000000100000000)
  region size 1024K, 1 young (1024K), 1 survivors (1024K)
 Metaspace       used 114518K, capacity 116927K, committed 117244K, reserved 1150976K
  class space    used 14022K, capacity 14865K, committed 14976K, reserved 1048576K
}
Event: 374.770 GC heap before
{Heap before GC invocations=416 (full 0):
 garbage-first heap   total 192512K, used 149712K [0x00000000e0000000, 0x0000000100000000)
  region size 1024K, 37 young (37888K), 1 survivors (1024K)
 Metaspace       used 114518K, capacity 116927K, committed 117244K, reserved 1150976K
  class space    used 14022K, capacity 14865K, committed 14976K, reserved 1048576K
}
Event: 374.781 GC heap after
{Heap after GC invocations=417 (full 0):
 garbage-first heap   total 192512K, used 112569K [0x00000000e0000000, 0x0000000100000000)
  region size 1024K, 1 young (1024K), 1 survivors (1024K)
 Metaspace       used 114518K, capacity 116927K, committed 117244K, reserved 1150976K
  class space    used 14022K, capacity 14865K, committed 14976K, reserved 1048576K
}
Event: 375.382 GC heap before
{Heap before GC invocations=417 (full 0):
 garbage-first heap   total 192512K, used 151481K [0x00000000e0000000, 0x0000000100000000)
  region size 1024K, 39 young (39936K), 1 survivors (1024K)
 Metaspace       used 114518K, capacity 116927K, committed 117244K, reserved 1150976K
  class space    used 14022K, capacity 14865K, committed 14976K, reserved 1048576K
}
Event: 375.398 GC heap after
{Heap after GC invocations=418 (full 0):
 garbage-first heap   total 192512K, used 113425K [0x00000000e0000000, 0x0000000100000000)
  region size 1024K, 2 young (2048K), 2 survivors (2048K)
 Metaspace       used 114518K, capacity 116927K, committed 117244K, reserved 1150976K
  class space    used 14022K, capacity 14865K, committed 14976K, reserved 1048576K
}
Event: 375.840 GC heap before
{Heap before GC invocations=418 (full 0):
 garbage-first heap   total 192512K, used 153361K [0x00000000e0000000, 0x0000000100000000)
  region size 1024K, 41 young (41984K), 2 survivors (2048K)
 Metaspace       used 114518K, capacity 116927K, committed 117244K, reserved 1150976K
  class space    used 14022K, capacity 14865K, committed 14976K, reserved 1048576K
}
Event: 375.902 GC heap after
{Heap after GC invocations=419 (full 0):
 garbage-first heap   total 192512K, used 115171K [0x00000000e0000000, 0x0000000100000000)
  region size 1024K, 3 young (3072K), 3 survivors (3072K)
 Metaspace       used 114518K, capacity 116927K, committed 117244K, reserved 1150976K
  class space    used 14022K, capacity 14865K, committed 14976K, reserved 1048576K
}
Event: 376.650 GC heap before
{Heap before GC invocations=419 (full 0):
 garbage-first heap   total 192512K, used 157155K [0x00000000e0000000, 0x0000000100000000)
  region size 1024K, 44 young (45056K), 3 survivors (3072K)
 Metaspace       used 114518K, capacity 116927K, committed 117244K, reserved 1150976K
  class space    used 14022K, capacity 14865K, committed 14976K, reserved 1048576K
}

Deoptimization events (20 events):
Event: 374.744 Thread 0x000001e660c12800 Uncommon trap: trap_request=0xffffffde fr.pc=0x000001e65390f618 relative=0x0000000000004958
Event: 374.744 Thread 0x000001e660c12800 Uncommon trap: reason=class_check action=maybe_recompile pc=0x000001e65390f618 method=org.objectweb.asm.commons.ClassRemapper.visitField(ILjava/lang/String;Ljava/lang/String;Ljava/lang/String;Ljava/lang/Object;)Lorg/objectweb/asm/FieldVisitor; @ 48 c2
Event: 374.744 Thread 0x000001e660c12800 DEOPT PACKING pc=0x000001e65390f618 sp=0x00000020563fac90
Event: 374.744 Thread 0x000001e660c12800 DEOPT UNPACKING pc=0x000001e64b796029 sp=0x00000020563fab88 mode 2
Event: 374.748 Thread 0x000001e660c12800 Uncommon trap: trap_request=0xffffffde fr.pc=0x000001e65390f618 relative=0x0000000000004958
Event: 374.748 Thread 0x000001e660c12800 Uncommon trap: reason=class_check action=maybe_recompile pc=0x000001e65390f618 method=org.objectweb.asm.commons.ClassRemapper.visitField(ILjava/lang/String;Ljava/lang/String;Ljava/lang/String;Ljava/lang/Object;)Lorg/objectweb/asm/FieldVisitor; @ 48 c2
Event: 374.748 Thread 0x000001e660c12800 DEOPT PACKING pc=0x000001e65390f618 sp=0x00000020563fac90
Event: 374.748 Thread 0x000001e660c12800 DEOPT UNPACKING pc=0x000001e64b796029 sp=0x00000020563fab88 mode 2
Event: 374.902 Thread 0x000001e660c12800 Uncommon trap: trap_request=0xffffffde fr.pc=0x000001e65390f618 relative=0x0000000000004958
Event: 374.903 Thread 0x000001e660c12800 Uncommon trap: reason=class_check action=maybe_recompile pc=0x000001e65390f618 method=org.objectweb.asm.commons.ClassRemapper.visitField(ILjava/lang/String;Ljava/lang/String;Ljava/lang/String;Ljava/lang/Object;)Lorg/objectweb/asm/FieldVisitor; @ 48 c2
Event: 374.903 Thread 0x000001e660c12800 DEOPT PACKING pc=0x000001e65390f618 sp=0x00000020563fac90
Event: 374.903 Thread 0x000001e660c12800 DEOPT UNPACKING pc=0x000001e64b796029 sp=0x00000020563fab88 mode 2
Event: 374.980 Thread 0x000001e660c12800 Uncommon trap: trap_request=0xffffffde fr.pc=0x000001e65390f618 relative=0x0000000000004958
Event: 374.982 Thread 0x000001e660c12800 Uncommon trap: reason=class_check action=maybe_recompile pc=0x000001e65390f618 method=org.objectweb.asm.commons.ClassRemapper.visitField(ILjava/lang/String;Ljava/lang/String;Ljava/lang/String;Ljava/lang/Object;)Lorg/objectweb/asm/FieldVisitor; @ 48 c2
Event: 374.982 Thread 0x000001e660c12800 DEOPT PACKING pc=0x000001e65390f618 sp=0x00000020563fac90
Event: 374.982 Thread 0x000001e660c12800 DEOPT UNPACKING pc=0x000001e64b796029 sp=0x00000020563fab88 mode 2
Event: 375.127 Thread 0x000001e660c12800 DEOPT PACKING pc=0x000001e64e389bc3 sp=0x00000020563fad40
Event: 375.127 Thread 0x000001e660c12800 DEOPT UNPACKING pc=0x000001e64b79643f sp=0x00000020563fa2d0 mode 0
Event: 376.627 Thread 0x000001e660c11000 DEOPT PACKING pc=0x000001e64e37c67f sp=0x00000020562fa750
Event: 376.627 Thread 0x000001e660c11000 DEOPT UNPACKING pc=0x000001e64b79643f sp=0x00000020562f9bd8 mode 0

Classes redefined (0 events):
No events

Internal exceptions (20 events):
Event: 367.687 Thread 0x000001e660c12800 Exception <a 'sun/nio/fs/WindowsException'{0x00000000e87dcac8}> (0x00000000e87dcac8) thrown at [./src/hotspot/share/prims/jni.cpp, line 615]
Event: 367.694 Thread 0x000001e660c11000 Exception <a 'sun/nio/fs/WindowsException'{0x00000000e876b7a8}> (0x00000000e876b7a8) thrown at [./src/hotspot/share/prims/jni.cpp, line 615]
Event: 367.828 Thread 0x000001e660c11000 Exception <a 'sun/nio/fs/WindowsException'{0x00000000e8794da8}> (0x00000000e8794da8) thrown at [./src/hotspot/share/prims/jni.cpp, line 615]
Event: 367.893 Thread 0x000001e660c12800 Exception <a 'sun/nio/fs/WindowsException'{0x00000000e8616180}> (0x00000000e8616180) thrown at [./src/hotspot/share/prims/jni.cpp, line 615]
Event: 367.999 Thread 0x000001e660c12800 Exception <a 'sun/nio/fs/WindowsException'{0x00000000e8671650}> (0x00000000e8671650) thrown at [./src/hotspot/share/prims/jni.cpp, line 615]
Event: 368.104 Thread 0x000001e660c12800 Exception <a 'sun/nio/fs/WindowsException'{0x00000000e86ad350}> (0x00000000e86ad350) thrown at [./src/hotspot/share/prims/jni.cpp, line 615]
Event: 368.149 Thread 0x000001e660c11000 Exception <a 'sun/nio/fs/WindowsException'{0x00000000e853e9f8}> (0x00000000e853e9f8) thrown at [./src/hotspot/share/prims/jni.cpp, line 615]
Event: 368.198 Thread 0x000001e660c12800 Exception <a 'sun/nio/fs/WindowsException'{0x00000000e85b2238}> (0x00000000e85b2238) thrown at [./src/hotspot/share/prims/jni.cpp, line 615]
Event: 368.547 Thread 0x000001e660c11000 Exception <a 'java/net/SocketTimeoutException'{0x00000000e8558408}: Read timed out> (0x00000000e8558408) thrown at [./src/hotspot/share/prims/jni.cpp, line 636]
Event: 369.110 Thread 0x000001e660c11000 Exception <a 'sun/nio/fs/WindowsException'{0x00000000e7edf850}> (0x00000000e7edf850) thrown at [./src/hotspot/share/prims/jni.cpp, line 615]
Event: 369.133 Thread 0x000001e660c12800 Exception <a 'sun/nio/fs/WindowsException'{0x00000000e8462e50}> (0x00000000e8462e50) thrown at [./src/hotspot/share/prims/jni.cpp, line 615]
Event: 369.377 Thread 0x000001e660c11000 Exception <a 'sun/nio/fs/WindowsException'{0x00000000e7d9e330}> (0x00000000e7d9e330) thrown at [./src/hotspot/share/prims/jni.cpp, line 615]
Event: 369.734 Thread 0x000001e660c12800 Exception <a 'sun/nio/fs/WindowsException'{0x00000000e92073d8}> (0x00000000e92073d8) thrown at [./src/hotspot/share/prims/jni.cpp, line 615]
Event: 369.794 Thread 0x000001e660c11000 Exception <a 'sun/nio/fs/WindowsException'{0x00000000e921d7c0}> (0x00000000e921d7c0) thrown at [./src/hotspot/share/prims/jni.cpp, line 615]
Event: 369.904 Thread 0x000001e660c11000 Exception <a 'sun/nio/fs/WindowsException'{0x00000000e9252c70}> (0x00000000e9252c70) thrown at [./src/hotspot/share/prims/jni.cpp, line 615]
Event: 369.931 Thread 0x000001e660c12800 Exception <a 'sun/nio/fs/WindowsException'{0x00000000e91149e8}> (0x00000000e91149e8) thrown at [./src/hotspot/share/prims/jni.cpp, line 615]
Event: 370.269 Thread 0x000001e660c11000 Exception <a 'sun/nio/fs/WindowsException'{0x00000000e9138b70}> (0x00000000e9138b70) thrown at [./src/hotspot/share/prims/jni.cpp, line 615]
Event: 370.477 Thread 0x000001e660c11000 Exception <a 'sun/nio/fs/WindowsException'{0x00000000e91601c8}> (0x00000000e91601c8) thrown at [./src/hotspot/share/prims/jni.cpp, line 615]
Event: 370.831 Thread 0x000001e660c11000 Exception <a 'sun/nio/fs/WindowsException'{0x00000000e85c97e0}> (0x00000000e85c97e0) thrown at [./src/hotspot/share/prims/jni.cpp, line 615]
Event: 371.813 Thread 0x000001e660c11000 Exception <a 'sun/nio/fs/WindowsException'{0x00000000e84c3f48}> (0x00000000e84c3f48) thrown at [./src/hotspot/share/prims/jni.cpp, line 615]

Events (20 events):
Event: 373.383 Executing VM operation: G1CollectForAllocation done
Event: 373.400 Executing VM operation: G1CollectForAllocation
Event: 373.422 Executing VM operation: G1CollectForAllocation done
Event: 373.439 Executing VM operation: G1CollectForAllocation
Event: 373.450 Executing VM operation: G1CollectForAllocation done
Event: 373.491 Executing VM operation: G1CollectForAllocation
Event: 373.501 Executing VM operation: G1CollectForAllocation done
Event: 373.541 Executing VM operation: G1CollectForAllocation
Event: 373.548 Executing VM operation: G1CollectForAllocation done
Event: 373.590 Executing VM operation: G1CollectForAllocation
Event: 373.690 Executing VM operation: G1CollectForAllocation done
Event: 374.358 Executing VM operation: G1CollectForAllocation
Event: 374.405 Executing VM operation: G1CollectForAllocation done
Event: 374.760 Executing VM operation: G1CollectForAllocation
Event: 374.782 Executing VM operation: G1CollectForAllocation done
Event: 375.379 Executing VM operation: G1CollectForAllocation
Event: 375.398 Executing VM operation: G1CollectForAllocation done
Event: 375.838 Executing VM operation: G1CollectForAllocation
Event: 375.902 Executing VM operation: G1CollectForAllocation done
Event: 376.646 Executing VM operation: G1CollectForAllocation


Dynamic libraries:
0x00007ff7b72c0000 - 0x00007ff7b72ca000 	C:\Users\felip\OneDrive\Desktop\android-studio\jre\bin\java.exe
0x00007ffa0ca10000 - 0x00007ffa0cc05000 	C:\Windows\SYSTEM32\ntdll.dll
0x00007ff9eb7a0000 - 0x00007ff9eb7b6000 	C:\Program Files\Avast Software\Avast\aswhook.dll
0x00007ffa0be00000 - 0x00007ffa0bebe000 	C:\Windows\System32\KERNEL32.DLL
0x00007ffa0a2f0000 - 0x00007ffa0a5b8000 	C:\Windows\System32\KERNELBASE.dll
0x00007ffa0a770000 - 0x00007ffa0a870000 	C:\Windows\System32\ucrtbase.dll
0x00007ffa036a0000 - 0x00007ffa036b9000 	C:\Users\felip\OneDrive\Desktop\android-studio\jre\bin\jli.dll
0x00007ffa0ade0000 - 0x00007ffa0af81000 	C:\Windows\System32\USER32.dll
0x00007ffa0a610000 - 0x00007ffa0a632000 	C:\Windows\System32\win32u.dll
0x00007ffa0ab80000 - 0x00007ffa0abab000 	C:\Windows\System32\GDI32.dll
0x00007ff9fa3a0000 - 0x00007ff9fa63a000 	C:\Windows\WinSxS\amd64_microsoft.windows.common-controls_6595b64144ccf1df_6.0.19041.1110_none_60b5254171f9507e\COMCTL32.dll
0x00007ffa0a1e0000 - 0x00007ffa0a2eb000 	C:\Windows\System32\gdi32full.dll
0x00007ffa0a640000 - 0x00007ffa0a6dd000 	C:\Windows\System32\msvcp_win.dll
0x00007ffa0abb0000 - 0x00007ffa0ac4e000 	C:\Windows\System32\msvcrt.dll
0x00007ffa01380000 - 0x00007ffa01397000 	C:\Users\felip\OneDrive\Desktop\android-studio\jre\bin\VCRUNTIME140.dll
0x00007ffa0bdd0000 - 0x00007ffa0be00000 	C:\Windows\System32\IMM32.DLL
0x00007ff9f7200000 - 0x00007ff9f729d000 	C:\Users\felip\OneDrive\Desktop\android-studio\jre\bin\msvcp140.dll
0x00007ff9ddae0000 - 0x00007ff9de5b5000 	C:\Users\felip\OneDrive\Desktop\android-studio\jre\bin\server\jvm.dll
0x00007ffa0aad0000 - 0x00007ffa0ab7c000 	C:\Windows\System32\ADVAPI32.dll
0x00007ffa0bec0000 - 0x00007ffa0bf5b000 	C:\Windows\System32\sechost.dll
0x00007ffa0bfe0000 - 0x00007ffa0c10a000 	C:\Windows\System32\RPCRT4.dll
0x00007ffa0bf60000 - 0x00007ffa0bf68000 	C:\Windows\System32\PSAPI.DLL
0x00007ff9fd5d0000 - 0x00007ff9fd5d9000 	C:\Windows\SYSTEM32\WSOCK32.dll
0x00007ff9f32b0000 - 0x00007ff9f32d7000 	C:\Windows\SYSTEM32\WINMM.dll
0x00007ff9fed50000 - 0x00007ff9fed5a000 	C:\Windows\SYSTEM32\VERSION.dll
0x00007ffa0bf70000 - 0x00007ffa0bfdb000 	C:\Windows\System32\WS2_32.dll
0x00007ffa07f50000 - 0x00007ffa07f62000 	C:\Windows\SYSTEM32\kernel.appcore.dll
0x00007ff9ffcc0000 - 0x00007ff9ffcd1000 	C:\Users\felip\OneDrive\Desktop\android-studio\jre\bin\verify.dll
0x00007ff9feb60000 - 0x00007ff9fed44000 	C:\Windows\SYSTEM32\DBGHELP.DLL
0x00007ff9fea90000 - 0x00007ff9feabc000 	C:\Windows\SYSTEM32\dbgcore.DLL
0x00007ffa0a6e0000 - 0x00007ffa0a763000 	C:\Windows\System32\bcryptPrimitives.dll
0x00007ff9ffc50000 - 0x00007ff9ffc79000 	C:\Users\felip\OneDrive\Desktop\android-studio\jre\bin\java.dll
0x00007ffa04300000 - 0x00007ffa0430b000 	C:\Users\felip\OneDrive\Desktop\android-studio\jre\bin\jimage.dll
0x00007ff9ffca0000 - 0x00007ff9ffcb8000 	C:\Users\felip\OneDrive\Desktop\android-studio\jre\bin\zip.dll
0x00007ffa0af90000 - 0x00007ffa0b6cf000 	C:\Windows\System32\SHELL32.dll
0x00007ffa08230000 - 0x00007ffa089c0000 	C:\Windows\SYSTEM32\windows.storage.dll
0x00007ffa0c670000 - 0x00007ffa0c9c5000 	C:\Windows\System32\combase.dll
0x00007ffa09ab0000 - 0x00007ffa09ade000 	C:\Windows\SYSTEM32\Wldp.dll
0x00007ffa0ac50000 - 0x00007ffa0acfd000 	C:\Windows\System32\SHCORE.dll
0x00007ffa0c110000 - 0x00007ffa0c165000 	C:\Windows\System32\shlwapi.dll
0x00007ffa0a070000 - 0x00007ffa0a08f000 	C:\Windows\SYSTEM32\profapi.dll
0x00007ff9ffc30000 - 0x00007ff9ffc4a000 	C:\Users\felip\OneDrive\Desktop\android-studio\jre\bin\net.dll
0x00007ff9fe960000 - 0x00007ff9fea6c000 	C:\Windows\SYSTEM32\WINHTTP.dll
0x00007ffa09810000 - 0x00007ffa0987a000 	C:\Windows\system32\mswsock.dll
0x00007ff9ffc10000 - 0x00007ff9ffc24000 	C:\Users\felip\OneDrive\Desktop\android-studio\jre\bin\nio.dll
0x00007ffa036c0000 - 0x00007ffa036e7000 	C:\Users\felip\.gradle\native\8bec1ad78214c89d9ad589b4d07fe93259594b29d510b10fafb7a158f7737e5d\windows-amd64\native-platform.dll
0x00007ff9f4ce0000 - 0x00007ff9f4e1d000 	C:\Users\felip\.gradle\native\53dbd7edfb1c66fb8903c78663c9afc45aea4f116125fa6feffd364cf09443e8\windows-amd64\native-platform-file-events.dll
0x00007ffa040e0000 - 0x00007ffa040ea000 	C:\Users\felip\OneDrive\Desktop\android-studio\jre\bin\management.dll
0x00007ffa03de0000 - 0x00007ffa03ded000 	C:\Users\felip\OneDrive\Desktop\android-studio\jre\bin\management_ext.dll
0x00007ffa09a10000 - 0x00007ffa09a28000 	C:\Windows\SYSTEM32\CRYPTSP.dll
0x00007ffa09190000 - 0x00007ffa091c4000 	C:\Windows\system32\rsaenh.dll
0x00007ffa0aa30000 - 0x00007ffa0aa57000 	C:\Windows\System32\bcrypt.dll
0x00007ffa0a030000 - 0x00007ffa0a05e000 	C:\Windows\SYSTEM32\USERENV.dll
0x00007ffa09a00000 - 0x00007ffa09a0c000 	C:\Windows\SYSTEM32\CRYPTBASE.dll
0x00007ffa09500000 - 0x00007ffa0953b000 	C:\Windows\SYSTEM32\IPHLPAPI.DLL
0x00007ffa0aac0000 - 0x00007ffa0aac8000 	C:\Windows\System32\NSI.dll
0x00007ffa026b0000 - 0x00007ffa026c7000 	C:\Windows\SYSTEM32\dhcpcsvc6.DLL
0x00007ffa03d40000 - 0x00007ffa03d5d000 	C:\Windows\SYSTEM32\dhcpcsvc.DLL
0x00007ffa09540000 - 0x00007ffa0960b000 	C:\Windows\SYSTEM32\DNSAPI.dll
0x00007ff9ffab0000 - 0x00007ff9ffad7000 	C:\Users\felip\OneDrive\Desktop\android-studio\jre\bin\sunec.dll
0x00007ff9ff4d0000 - 0x00007ff9ff4da000 	C:\Windows\System32\rasadhlp.dll
0x00007ff9ff3b0000 - 0x00007ff9ff42f000 	C:\Windows\System32\fwpuclnt.dll
0x00007ffa08e60000 - 0x00007ffa08e93000 	C:\Windows\SYSTEM32\ntmarta.dll

dbghelp: loaded successfully - version: 4.0.5 - missing functions: none
symbol engine: initialized successfully - sym options: 0x614 - pdb path: .;C:\Users\felip\OneDrive\Desktop\android-studio\jre\bin;C:\Windows\SYSTEM32;C:\Program Files\Avast Software\Avast;C:\Windows\WinSxS\amd64_microsoft.windows.common-controls_6595b64144ccf1df_6.0.19041.1110_none_60b5254171f9507e;C:\Users\felip\OneDrive\Desktop\android-studio\jre\bin\server;C:\Users\felip\.gradle\native\8bec1ad78214c89d9ad589b4d07fe93259594b29d510b10fafb7a158f7737e5d\windows-amd64;C:\Users\felip\.gradle\native\53dbd7edfb1c66fb8903c78663c9afc45aea4f116125fa6feffd364cf09443e8\windows-amd64

VM Arguments:
jvm_args: --add-opens=java.base/java.util=ALL-UNNAMED --add-opens=java.base/java.lang=ALL-UNNAMED --add-opens=java.base/java.lang.invoke=ALL-UNNAMED --add-opens=java.base/java.util=ALL-UNNAMED --add-opens=java.prefs/java.util.prefs=ALL-UNNAMED --add-opens=java.prefs/java.util.prefs=ALL-UNNAMED --add-opens=java.base/java.nio.charset=ALL-UNNAMED --add-opens=java.base/java.net=ALL-UNNAMED --add-opens=java.base/java.util.concurrent.atomic=ALL-UNNAMED -Xmx512m -Dfile.encoding=UTF-8 -Duser.country=US -Duser.language=en -Duser.variant 
java_command: org.gradle.launcher.daemon.bootstrap.GradleDaemon 7.0.2
java_class_path (initial): C:\Users\felip\.gradle\wrapper\dists\gradle-7.0.2-bin\857tjihv64xamwrf0h14cai3r\gradle-7.0.2\lib\gradle-launcher-7.0.2.jar
Launcher Type: SUN_STANDARD

[Global flags]
     intx CICompilerCount                          = 2                                         {product} {ergonomic}
     uint ConcGCThreads                            = 1                                         {product} {ergonomic}
     uint G1ConcRefinementThreads                  = 2                                         {product} {ergonomic}
   size_t G1HeapRegionSize                         = 1048576                                   {product} {ergonomic}
    uintx GCDrainStackTargetSize                   = 64                                        {product} {ergonomic}
   size_t InitialHeapSize                          = 67108864                                  {product} {ergonomic}
   size_t MarkStackSize                            = 4194304                                   {product} {ergonomic}
   size_t MaxHeapSize                              = 536870912                                 {product} {command line}
   size_t MaxNewSize                               = 321912832                                 {product} {ergonomic}
   size_t MinHeapDeltaBytes                        = 1048576                                   {product} {ergonomic}
    uintx NonNMethodCodeHeapSize                   = 5825164                                {pd product} {ergonomic}
    uintx NonProfiledCodeHeapSize                  = 122916538                              {pd product} {ergonomic}
    uintx ProfiledCodeHeapSize                     = 122916538                              {pd product} {ergonomic}
    uintx ReservedCodeCacheSize                    = 251658240                              {pd product} {ergonomic}
     bool SegmentedCodeCache                       = true                                      {product} {ergonomic}
     bool UseCompressedClassPointers               = true                                 {lp64_product} {ergonomic}
     bool UseCompressedOops                        = true                                 {lp64_product} {ergonomic}
     bool UseG1GC                                  = true                                      {product} {ergonomic}
     bool UseLargePagesIndividualAllocation        = false                                  {pd product} {ergonomic}

Logging:
Log output configuration:
 #0: stdout all=warning uptime,level,tags
 #1: stderr all=off uptime,level,tags

Environment Variables:
PATH=C:\Program Files\Common Files\Oracle\Java\javapath;C:\Program Files (x86)\Common Files\Oracle\Java\javapath;C:\Windows\system32;C:\Windows;C:\Windows\System32\Wbem;C:\Windows\System32\WindowsPowerShell\v1.0\;C:\Windows\System32\OpenSSH\;C:\ProgramData\chocolatey\bin;C:\Program Files (x86)\Yarn\bin\;C:\Program Files\nodejs\;C:\Program Files\Git\cmd;C:\Users\felip\AppData\Local\Microsoft\WindowsApps;C:\Users\felip\AppData\Local\Programs\Microsoft VS Code\bin;C:\Users\felip\AppData\Local\Yarn\bin;C:\Users\felip\AppData\Local\GitHubDesktop\bin;C:\Users\felip\AppData\Roaming\npm
USERNAME=felip
OS=Windows_NT
PROCESSOR_IDENTIFIER=Intel64 Family 6 Model 23 Stepping 10, GenuineIntel



---------------  S Y S T E M  ---------------

OS: Windows 10 , 64 bit Build 19041 (10.0.19041.1348)
OS uptime: 3 days 22:50 hours

CPU:total 2 (initial active 2) (2 cores per cpu, 1 threads per core) family 6 model 23 stepping 10 microcode 0xa0c, cmov, cx8, fxsr, mmx, sse, sse2, sse3, ssse3, tsc

Memory: 4k page, system-wide physical 4061M (19M free)
TotalPageFile size 4061M (AvailPageFile size 24M)
current process WorkingSet (physical memory assigned to process): 201M, peak: 377M
current process commit charge ("private bytes"): 508M, peak: 625M

vm_info: OpenJDK 64-Bit Server VM (11.0.11+9-b60-7590822) for windows-amd64 JRE (11.0.11+9-b60-7590822), built on Jul 29 2021 21:43:44 by "builder" with MS VC++ 14.0 (VS2015)

END.
