#
# There is insufficient memory for the Java Runtime Environment to continue.
# Native memory allocation (mmap) failed to map 51380224 bytes for Failed to commit area from 0x00000000ef600000 to 0x00000000f2700000 of length 51380224.
# Possible reasons:
#   The system is out of physical RAM or swap space
#   The process is running with CompressedOops enabled, and the Java Heap may be blocking the growth of the native heap
# Possible solutions:
#   Reduce memory load on the system
#   Increase physical memory or swap space
#   Check if swap backing store is full
#   Decrease Java heap size (-Xmx/-Xms)
#   Decrease number of Java threads
#   Decrease Java thread stack sizes (-Xss)
#   Set larger code cache with -XX:ReservedCodeCacheSize=
#   JVM is running with Unscaled Compressed Oops mode in which the Java heap is
#     placed in the first 4GB address space. The Java Heap base address is the
#     maximum limit for the native heap growth. Please use -XX:HeapBaseMinAddress
#     to set the Java Heap base and to place the Java Heap above 4GB virtual address.
# This output file may be truncated or incomplete.
#
#  Out of Memory Error (./src/hotspot/os/windows/os_windows.cpp:3301), pid=3536, tid=8248
#
# JRE version: OpenJDK Runtime Environment (11.0.11+9) (build 11.0.11+9-b60-7590822)
# Java VM: OpenJDK 64-Bit Server VM (11.0.11+9-b60-7590822, mixed mode, tiered, compressed oops, g1 gc, windows-amd64)
# No core dump will be written. Minidumps are not enabled by default on client versions of Windows
#

---------------  S U M M A R Y ------------

Command Line: --add-opens=java.base/java.util=ALL-UNNAMED --add-opens=java.base/java.lang=ALL-UNNAMED --add-opens=java.base/java.lang.invoke=ALL-UNNAMED --add-opens=java.base/java.util=ALL-UNNAMED --add-opens=java.prefs/java.util.prefs=ALL-UNNAMED --add-opens=java.prefs/java.util.prefs=ALL-UNNAMED --add-opens=java.base/java.nio.charset=ALL-UNNAMED --add-opens=java.base/java.net=ALL-UNNAMED --add-opens=java.base/java.util.concurrent.atomic=ALL-UNNAMED -Xmx512m -Dfile.encoding=UTF-8 -Duser.country=US -Duser.language=en -Duser.variant org.gradle.launcher.daemon.bootstrap.GradleDaemon 7.0.2

Host: Celeron(R) Dual-Core CPU       T3500  @ 2.10GHz, 2 cores, 3G,  Windows 10 , 64 bit Build 19041 (10.0.19041.1348)
Time: Fri Dec  3 10:50:02 2021 E. South America Standard Time elapsed time: 383.385977 seconds (0d 0h 6m 23s)

---------------  T H R E A D  ---------------

Current thread (0x0000014ef822f800):  VMThread "VM Thread" [stack: 0x0000002774400000,0x0000002774500000] [id=8248]

Stack: [0x0000002774400000,0x0000002774500000]
[error occurred during error reporting (printing stack bounds), id 0xc0000005, EXCEPTION_ACCESS_VIOLATION (0xc0000005) at pc=0x0000014e80000f3d]

Native frames: (J=compiled Java code, j=interpreted, Vv=VM code, C=native code)
V  [jvm.dll+0x5f214a]
V  [jvm.dll+0x726fb5]
V  [jvm.dll+0x7285cd]
V  [jvm.dll+0x728be5]
V  [jvm.dll+0x728b9b]
V  [jvm.dll+0x5f14e8]
V  [jvm.dll+0x5f1c78]
C  [ntdll.dll+0xa20cf]
C  [ntdll.dll+0x51454]
C  [ntdll.dll+0xa0bfe]
C  0x0000014e80000f3d

VM_Operation (0x0000002776af9c20): G1CollectForAllocation, mode: safepoint, requested by thread 0x0000014efada8800


---------------  P R O C E S S  ---------------

Threads class SMR info:
_java_thread_list=0x0000014efc88b250, length=42, elements={
0x0000014ef0be2000, 0x0000014ef8257000, 0x0000014ef8261000, 0x0000014ef82b2800,
0x0000014ef82b8000, 0x0000014ef82bc000, 0x0000014ef82c4000, 0x0000014ef82c6000,
0x0000014ef82fe000, 0x0000014ef851e800, 0x0000014ef9655800, 0x0000014ef923d800,
0x0000014ef997b800, 0x0000014ef90b4800, 0x0000014ef893a800, 0x0000014ef9ce6800,
0x0000014ef9a10000, 0x0000014ef906d000, 0x0000014efa2c0000, 0x0000014efa2ba800,
0x0000014efa2bc800, 0x0000014efa2bc000, 0x0000014efa2bd800, 0x0000014efa2be800,
0x0000014efa2bf000, 0x0000014efa2bb000, 0x0000014efa2c1000, 0x0000014efad9f800,
0x0000014efada2000, 0x0000014efada5800, 0x0000014efada0800, 0x0000014efada4800,
0x0000014efada7000, 0x0000014efada3800, 0x0000014efada1800, 0x0000014efada8800,
0x0000014efada8000, 0x0000014efadad800, 0x0000014efada9800, 0x0000014efadab000,
0x0000014efadac000, 0x0000014efadae800
}

Java Threads: ( => current thread )
  0x0000014ef0be2000 JavaThread "main" [_thread_blocked, id=5156, stack(0x0000002773e00000,0x0000002773f00000)]
  0x0000014ef8257000 JavaThread "Reference Handler" daemon [_thread_blocked, id=5052, stack(0x0000002774500000,0x0000002774600000)]
  0x0000014ef8261000 JavaThread "Finalizer" daemon [_thread_blocked, id=7512, stack(0x0000002774600000,0x0000002774700000)]
  0x0000014ef82b2800 JavaThread "Signal Dispatcher" daemon [_thread_blocked, id=5908, stack(0x0000002774700000,0x0000002774800000)]
  0x0000014ef82b8000 JavaThread "Attach Listener" daemon [_thread_blocked, id=6900, stack(0x0000002774800000,0x0000002774900000)]
  0x0000014ef82bc000 JavaThread "Service Thread" daemon [_thread_blocked, id=5760, stack(0x0000002774900000,0x0000002774a00000)]
  0x0000014ef82c4000 JavaThread "C2 CompilerThread0" daemon [_thread_in_native, id=2880, stack(0x0000002774a00000,0x0000002774b00000)]
  0x0000014ef82c6000 JavaThread "C1 CompilerThread0" daemon [_thread_blocked, id=8944, stack(0x0000002774b00000,0x0000002774c00000)]
  0x0000014ef82fe000 JavaThread "Sweeper thread" daemon [_thread_blocked, id=6188, stack(0x0000002774c00000,0x0000002774d00000)]
  0x0000014ef851e800 JavaThread "Common-Cleaner" daemon [_thread_blocked, id=8684, stack(0x0000002774d00000,0x0000002774e00000)]
  0x0000014ef9655800 JavaThread "Daemon health stats" [_thread_blocked, id=5516, stack(0x0000002775000000,0x0000002775100000)]
  0x0000014ef923d800 JavaThread "Incoming local TCP Connector on port 14963" [_thread_in_native, id=8460, stack(0x0000002775100000,0x0000002775200000)]
  0x0000014ef997b800 JavaThread "Daemon periodic checks" [_thread_blocked, id=7756, stack(0x0000002775200000,0x0000002775300000)]
  0x0000014ef90b4800 JavaThread "Daemon" [_thread_blocked, id=8444, stack(0x0000002775300000,0x0000002775400000)]
  0x0000014ef893a800 JavaThread "Handler for socket connection from /127.0.0.1:14963 to /127.0.0.1:14964" [_thread_in_native, id=1280, stack(0x0000002775400000,0x0000002775500000)]
  0x0000014ef9ce6800 JavaThread "Cancel handler" [_thread_blocked, id=1536, stack(0x0000002775500000,0x0000002775600000)]
  0x0000014ef9a10000 JavaThread "Daemon worker" [_thread_blocked, id=3380, stack(0x0000002775600000,0x0000002775700000)]
  0x0000014ef906d000 JavaThread "Asynchronous log dispatcher for DefaultDaemonConnection: socket connection from /127.0.0.1:14963 to /127.0.0.1:14964" [_thread_blocked, id=8508, stack(0x0000002775700000,0x0000002775800000)]
  0x0000014efa2c0000 JavaThread "Daemon client event forwarder" [_thread_blocked, id=5524, stack(0x0000002775900000,0x0000002775a00000)]
  0x0000014efa2ba800 JavaThread "Cache worker for file hash cache (C:\Users\felip\.gradle\caches\7.0.2\fileHashes)" [_thread_blocked, id=7084, stack(0x0000002775a00000,0x0000002775b00000)]
  0x0000014efa2bc800 JavaThread "File lock request listener" [_thread_in_native, id=1896, stack(0x0000002775b00000,0x0000002775c00000)]
  0x0000014efa2bc000 JavaThread "Cache worker for journal cache (C:\Users\felip\.gradle\caches\journal-1)" [_thread_blocked, id=6504, stack(0x0000002775c00000,0x0000002775d00000)]
  0x0000014efa2bd800 JavaThread "Cache worker for file hash cache (C:\Users\felip\AndroidStudioProjects\VideoApp\.gradle\7.0.2\fileHashes)" [_thread_blocked, id=4620, stack(0x0000002775d00000,0x0000002775e00000)]
  0x0000014efa2be800 JavaThread "File watcher server" daemon [_thread_blocked, id=4308, stack(0x0000002775e00000,0x0000002775f00000)]
  0x0000014efa2bf000 JavaThread "File watcher consumer" daemon [_thread_blocked, id=5488, stack(0x0000002775f00000,0x0000002776000000)]
  0x0000014efa2bb000 JavaThread "Cache worker for checksums cache (C:\Users\felip\AndroidStudioProjects\VideoApp\.gradle\checksums)" [_thread_blocked, id=5904, stack(0x0000002776000000,0x0000002776100000)]
  0x0000014efa2c1000 JavaThread "Cache worker for cache directory md-supplier (C:\Users\felip\.gradle\caches\7.0.2\md-supplier)" [_thread_blocked, id=2076, stack(0x0000002776100000,0x0000002776200000)]
  0x0000014efad9f800 JavaThread "Cache worker for cache directory md-rule (C:\Users\felip\.gradle\caches\7.0.2\md-rule)" [_thread_blocked, id=1984, stack(0x0000002776200000,0x0000002776300000)]
  0x0000014efada2000 JavaThread "Cache worker for execution history cache (C:\Users\felip\.gradle\caches\7.0.2\executionHistory)" [_thread_blocked, id=1596, stack(0x0000002776300000,0x0000002776400000)]
  0x0000014efada5800 JavaThread "jar transforms" [_thread_blocked, id=8664, stack(0x0000002776400000,0x0000002776500000)]
  0x0000014efada0800 JavaThread "jar transforms Thread 2" [_thread_blocked, id=7688, stack(0x0000002776500000,0x0000002776600000)]
  0x0000014efada4800 JavaThread "Cache worker for file content cache (C:\Users\felip\.gradle\caches\7.0.2\fileContent)" [_thread_blocked, id=4360, stack(0x0000002776600000,0x0000002776700000)]
  0x0000014efada7000 JavaThread "Cache worker for dependencies-accessors (C:\Users\felip\AndroidStudioProjects\VideoApp\.gradle\7.0.2\dependencies-accessors)" [_thread_blocked, id=5348, stack(0x0000002776700000,0x0000002776800000)]
  0x0000014efada3800 JavaThread "Cache worker for Build Output Cleanup Cache (C:\Users\felip\AndroidStudioProjects\VideoApp\.gradle\buildOutputCleanup)" [_thread_blocked, id=5296, stack(0x0000002776800000,0x0000002776900000)]
  0x0000014efada1800 JavaThread "Build operations" [_thread_blocked, id=5812, stack(0x0000002776900000,0x0000002776a00000)]
  0x0000014efada8800 JavaThread "Build operations Thread 2" [_thread_blocked, id=6096, stack(0x0000002776a00000,0x0000002776b00000)]
  0x0000014efada8000 JavaThread "Memory manager" [_thread_blocked, id=5816, stack(0x0000002776d00000,0x0000002776e00000)]
  0x0000014efadad800 JavaThread "build event listener" [_thread_blocked, id=8884, stack(0x0000002776e00000,0x0000002776f00000)]
  0x0000014efada9800 JavaThread "build event listener" [_thread_blocked, id=6388, stack(0x0000002773b00000,0x0000002773c00000)]
  0x0000014efadab000 JavaThread "Execution worker for ':'" [_thread_blocked, id=6780, stack(0x0000002773c00000,0x0000002773d00000)]
  0x0000014efadac000 JavaThread "Cache worker for execution history cache (C:\Users\felip\AndroidStudioProjects\VideoApp\.gradle\7.0.2\executionHistory)" [_thread_blocked, id=7456, stack(0x0000002773d00000,0x0000002773e00000)]
  0x0000014efadae800 JavaThread "WorkerExecutor Queue" [_thread_blocked, id=7232, stack(0x0000002775800000,0x0000002775900000)]

Other Threads:
=>0x0000014ef822f800 VMThread "VM Thread" [stack: 0x0000002774400000,0x0000002774500000] [id=8248]
  0x0000014ef8543800 WatcherThread [stack: 0x0000002774e00000,0x0000002774f00000] [id=5492]
  0x0000014ef0bfa000 GCTaskThread "GC Thread#0" [stack: 0x0000002773f00000,0x0000002774000000] [id=384]
  0x0000014ef8635000 GCTaskThread "GC Thread#1" [stack: 0x0000002774f00000,0x0000002775000000] [id=1252]
  0x0000014ef0c0b800 ConcurrentGCThread "G1 Main Marker" [stack: 0x0000002774000000,0x0000002774100000] [id=8504]
  0x0000014ef0c0d000 ConcurrentGCThread "G1 Conc#0" [stack: 0x0000002774100000,0x0000002774200000] [id=8668]
  0x0000014ef0c59800 ConcurrentGCThread "G1 Refine#0" [stack: 0x0000002774200000,0x0000002774300000] [id=6104]
  0x0000014ef0c5a800 ConcurrentGCThread "G1 Young RemSet Sampling" [stack: 0x0000002774300000,0x0000002774400000] [id=1484]

Threads with active compile tasks:
C2 CompilerThread0 383733 19470       4       com.android.tools.r8.internal.F7::r (464 bytes)

VM state:at safepoint (normal execution)

VM Mutex/Monitor currently owned by a thread:  ([mutex/lock_event])
[0x0000014ef0bddbc0] Threads_lock - owner thread: 0x0000014ef822f800
[0x0000014ef0bde550] Heap_lock - owner thread: 0x0000014efada8800

Heap address: 0x00000000e0000000, size: 512 MB, Compressed Oops mode: 32-bit
Narrow klass base: 0x0000000000000000, Narrow klass shift: 3
Compressed class space size: 1073741824 Address: 0x0000000100000000

Heap:
 garbage-first heap   total 302080K, used 209202K [0x00000000e0000000, 0x0000000100000000)
  region size 1024K, 3 young (3072K), 3 survivors (3072K)
 Metaspace       used 104438K, capacity 107118K, committed 107132K, reserved 1142784K
  class space    used 13312K, capacity 14333K, committed 14336K, reserved 1048576K
Heap Regions: E=young(eden), S=young(survivor), O=old, HS=humongous(starts), HC=humongous(continues), CS=collection set, F=free, A=archive, TAMS=top-at-mark-start (previous, next)
|   0|0x00000000e0000000, 0x00000000e0100000, 0x00000000e0100000|100%| O|  |TAMS 0x00000000e0100000, 0x00000000e0000000| Untracked 
|   1|0x00000000e0100000, 0x00000000e0200000, 0x00000000e0200000|100%| O|  |TAMS 0x00000000e0200000, 0x00000000e0100000| Untracked 
|   2|0x00000000e0200000, 0x00000000e0300000, 0x00000000e0300000|100%| O|  |TAMS 0x00000000e0300000, 0x00000000e0200000| Untracked 
|   3|0x00000000e0300000, 0x00000000e0400000, 0x00000000e0400000|100%| O|  |TAMS 0x00000000e0400000, 0x00000000e0300000| Untracked 
|   4|0x00000000e0400000, 0x00000000e0500000, 0x00000000e0500000|100%|HS|  |TAMS 0x00000000e0500000, 0x00000000e0400000| Complete 
|   5|0x00000000e0500000, 0x00000000e0600000, 0x00000000e0600000|100%|HC|  |TAMS 0x00000000e0600000, 0x00000000e0500000| Complete 
|   6|0x00000000e0600000, 0x00000000e0700000, 0x00000000e0700000|100%|HC|  |TAMS 0x00000000e0700000, 0x00000000e0600000| Complete 
|   7|0x00000000e0700000, 0x00000000e0800000, 0x00000000e0800000|100%| O|  |TAMS 0x00000000e0800000, 0x00000000e0700000| Untracked 
|   8|0x00000000e0800000, 0x00000000e0900000, 0x00000000e0900000|100%| O|  |TAMS 0x00000000e0900000, 0x00000000e0800000| Untracked 
|   9|0x00000000e0900000, 0x00000000e0a00000, 0x00000000e0a00000|100%| O|  |TAMS 0x00000000e0a00000, 0x00000000e0900000| Untracked 
|  10|0x00000000e0a00000, 0x00000000e0b00000, 0x00000000e0b00000|100%| O|  |TAMS 0x00000000e0b00000, 0x00000000e0a00000| Untracked 
|  11|0x00000000e0b00000, 0x00000000e0c00000, 0x00000000e0c00000|100%| O|  |TAMS 0x00000000e0c00000, 0x00000000e0b00000| Untracked 
|  12|0x00000000e0c00000, 0x00000000e0d00000, 0x00000000e0d00000|100%| O|  |TAMS 0x00000000e0d00000, 0x00000000e0c00000| Untracked 
|  13|0x00000000e0d00000, 0x00000000e0e00000, 0x00000000e0e00000|100%| O|  |TAMS 0x00000000e0e00000, 0x00000000e0d00000| Untracked 
|  14|0x00000000e0e00000, 0x00000000e0f00000, 0x00000000e0f00000|100%| O|  |TAMS 0x00000000e0f00000, 0x00000000e0e00000| Untracked 
|  15|0x00000000e0f00000, 0x00000000e1000000, 0x00000000e1000000|100%| O|  |TAMS 0x00000000e1000000, 0x00000000e0f00000| Untracked 
|  16|0x00000000e1000000, 0x00000000e1100000, 0x00000000e1100000|100%| O|  |TAMS 0x00000000e1100000, 0x00000000e1000000| Untracked 
|  17|0x00000000e1100000, 0x00000000e1200000, 0x00000000e1200000|100%| O|  |TAMS 0x00000000e1200000, 0x00000000e1100000| Untracked 
|  18|0x00000000e1200000, 0x00000000e1300000, 0x00000000e1300000|100%| O|  |TAMS 0x00000000e1300000, 0x00000000e1200000| Untracked 
|  19|0x00000000e1300000, 0x00000000e1400000, 0x00000000e1400000|100%| O|  |TAMS 0x00000000e1400000, 0x00000000e1300000| Untracked 
|  20|0x00000000e1400000, 0x00000000e1500000, 0x00000000e1500000|100%| O|  |TAMS 0x00000000e1500000, 0x00000000e1400000| Untracked 
|  21|0x00000000e1500000, 0x00000000e1600000, 0x00000000e1600000|100%| O|  |TAMS 0x00000000e1600000, 0x00000000e1500000| Untracked 
|  22|0x00000000e1600000, 0x00000000e1700000, 0x00000000e1700000|100%| O|  |TAMS 0x00000000e1700000, 0x00000000e1600000| Untracked 
|  23|0x00000000e1700000, 0x00000000e1800000, 0x00000000e1800000|100%| O|  |TAMS 0x00000000e1800000, 0x00000000e1700000| Untracked 
|  24|0x00000000e1800000, 0x00000000e1900000, 0x00000000e1900000|100%| O|  |TAMS 0x00000000e1900000, 0x00000000e1800000| Untracked 
|  25|0x00000000e1900000, 0x00000000e1a00000, 0x00000000e1a00000|100%| O|  |TAMS 0x00000000e1a00000, 0x00000000e1900000| Untracked 
|  26|0x00000000e1a00000, 0x00000000e1b00000, 0x00000000e1b00000|100%| O|  |TAMS 0x00000000e1b00000, 0x00000000e1a00000| Untracked 
|  27|0x00000000e1b00000, 0x00000000e1c00000, 0x00000000e1c00000|100%| O|  |TAMS 0x00000000e1c00000, 0x00000000e1b00000| Untracked 
|  28|0x00000000e1c00000, 0x00000000e1d00000, 0x00000000e1d00000|100%| O|  |TAMS 0x00000000e1d00000, 0x00000000e1c00000| Untracked 
|  29|0x00000000e1d00000, 0x00000000e1e00000, 0x00000000e1e00000|100%| O|  |TAMS 0x00000000e1e00000, 0x00000000e1d00000| Untracked 
|  30|0x00000000e1e00000, 0x00000000e1f00000, 0x00000000e1f00000|100%| O|  |TAMS 0x00000000e1f00000, 0x00000000e1e00000| Untracked 
|  31|0x00000000e1f00000, 0x00000000e2000000, 0x00000000e2000000|100%| O|  |TAMS 0x00000000e2000000, 0x00000000e1f00000| Untracked 
|  32|0x00000000e2000000, 0x00000000e2100000, 0x00000000e2100000|100%|HS|  |TAMS 0x00000000e2100000, 0x00000000e2000000| Complete 
|  33|0x00000000e2100000, 0x00000000e2200000, 0x00000000e2200000|100%|HS|  |TAMS 0x00000000e2200000, 0x00000000e2100000| Complete 
|  34|0x00000000e2200000, 0x00000000e2300000, 0x00000000e2300000|100%|HS|  |TAMS 0x00000000e2300000, 0x00000000e2200000| Complete 
|  35|0x00000000e2300000, 0x00000000e2400000, 0x00000000e2400000|100%| O|  |TAMS 0x00000000e2400000, 0x00000000e2300000| Untracked 
|  36|0x00000000e2400000, 0x00000000e2500000, 0x00000000e2500000|100%| O|  |TAMS 0x00000000e2500000, 0x00000000e2400000| Untracked 
|  37|0x00000000e2500000, 0x00000000e2600000, 0x00000000e2600000|100%|HS|  |TAMS 0x00000000e2600000, 0x00000000e2500000| Complete 
|  38|0x00000000e2600000, 0x00000000e2700000, 0x00000000e2700000|100%|HC|  |TAMS 0x00000000e2700000, 0x00000000e2600000| Complete 
|  39|0x00000000e2700000, 0x00000000e2800000, 0x00000000e2800000|100%|HC|  |TAMS 0x00000000e2800000, 0x00000000e2700000| Complete 
|  40|0x00000000e2800000, 0x00000000e2900000, 0x00000000e2900000|100%| O|  |TAMS 0x00000000e2900000, 0x00000000e2800000| Untracked 
|  41|0x00000000e2900000, 0x00000000e2a00000, 0x00000000e2a00000|100%| O|  |TAMS 0x00000000e2a00000, 0x00000000e2900000| Untracked 
|  42|0x00000000e2a00000, 0x00000000e2b00000, 0x00000000e2b00000|100%|HS|  |TAMS 0x00000000e2b00000, 0x00000000e2a00000| Complete 
|  43|0x00000000e2b00000, 0x00000000e2c00000, 0x00000000e2c00000|100%|HC|  |TAMS 0x00000000e2c00000, 0x00000000e2b00000| Complete 
|  44|0x00000000e2c00000, 0x00000000e2d00000, 0x00000000e2d00000|100%| O|  |TAMS 0x00000000e2d00000, 0x00000000e2c00000| Untracked 
|  45|0x00000000e2d00000, 0x00000000e2e00000, 0x00000000e2e00000|100%| O|  |TAMS 0x00000000e2e00000, 0x00000000e2d00000| Untracked 
|  46|0x00000000e2e00000, 0x00000000e2f00000, 0x00000000e2f00000|100%| O|  |TAMS 0x00000000e2f00000, 0x00000000e2e00000| Untracked 
|  47|0x00000000e2f00000, 0x00000000e3000000, 0x00000000e3000000|100%| O|  |TAMS 0x00000000e3000000, 0x00000000e2f00000| Untracked 
|  48|0x00000000e3000000, 0x00000000e3100000, 0x00000000e3100000|100%| O|  |TAMS 0x00000000e3100000, 0x00000000e3000000| Untracked 
|  49|0x00000000e3100000, 0x00000000e3200000, 0x00000000e3200000|100%| O|  |TAMS 0x00000000e3200000, 0x00000000e3100000| Untracked 
|  50|0x00000000e3200000, 0x00000000e3300000, 0x00000000e3300000|100%| O|  |TAMS 0x00000000e3300000, 0x00000000e3200000| Untracked 
|  51|0x00000000e3300000, 0x00000000e3400000, 0x00000000e3400000|100%| O|  |TAMS 0x00000000e3400000, 0x00000000e3300000| Untracked 
|  52|0x00000000e3400000, 0x00000000e3500000, 0x00000000e3500000|100%| O|  |TAMS 0x00000000e3500000, 0x00000000e3400000| Untracked 
|  53|0x00000000e3500000, 0x00000000e3600000, 0x00000000e3600000|100%| O|  |TAMS 0x00000000e3500000, 0x00000000e3500000| Untracked 
|  54|0x00000000e3600000, 0x00000000e3700000, 0x00000000e3700000|100%| O|  |TAMS 0x00000000e3700000, 0x00000000e3600000| Untracked 
|  55|0x00000000e3700000, 0x00000000e3800000, 0x00000000e3800000|100%| O|  |TAMS 0x00000000e3800000, 0x00000000e3700000| Untracked 
|  56|0x00000000e3800000, 0x00000000e3900000, 0x00000000e3900000|100%| O|  |TAMS 0x00000000e3800000, 0x00000000e3800000| Untracked 
|  57|0x00000000e3900000, 0x00000000e3a00000, 0x00000000e3a00000|100%| O|  |TAMS 0x00000000e3a00000, 0x00000000e3900000| Untracked 
|  58|0x00000000e3a00000, 0x00000000e3b00000, 0x00000000e3b00000|100%| O|  |TAMS 0x00000000e3b00000, 0x00000000e3a00000| Untracked 
|  59|0x00000000e3b00000, 0x00000000e3c00000, 0x00000000e3c00000|100%| O|  |TAMS 0x00000000e3c00000, 0x00000000e3b00000| Untracked 
|  60|0x00000000e3c00000, 0x00000000e3d00000, 0x00000000e3d00000|100%| O|  |TAMS 0x00000000e3d00000, 0x00000000e3c00000| Untracked 
|  61|0x00000000e3d00000, 0x00000000e3e00000, 0x00000000e3e00000|100%| O|  |TAMS 0x00000000e3e00000, 0x00000000e3d00000| Untracked 
|  62|0x00000000e3e00000, 0x00000000e3f00000, 0x00000000e3f00000|100%| O|  |TAMS 0x00000000e3f00000, 0x00000000e3e00000| Untracked 
|  63|0x00000000e3f00000, 0x00000000e4000000, 0x00000000e4000000|100%| O|  |TAMS 0x00000000e4000000, 0x00000000e3f00000| Untracked 
|  64|0x00000000e4000000, 0x00000000e4100000, 0x00000000e4100000|100%| O|  |TAMS 0x00000000e4100000, 0x00000000e4000000| Untracked 
|  65|0x00000000e4100000, 0x00000000e4200000, 0x00000000e4200000|100%| O|  |TAMS 0x00000000e4200000, 0x00000000e4100000| Untracked 
|  66|0x00000000e4200000, 0x00000000e4300000, 0x00000000e4300000|100%| O|  |TAMS 0x00000000e4300000, 0x00000000e4200000| Untracked 
|  67|0x00000000e4300000, 0x00000000e4400000, 0x00000000e4400000|100%| O|  |TAMS 0x00000000e4400000, 0x00000000e4300000| Untracked 
|  68|0x00000000e4400000, 0x00000000e4500000, 0x00000000e4500000|100%| O|  |TAMS 0x00000000e4500000, 0x00000000e4400000| Untracked 
|  69|0x00000000e4500000, 0x00000000e4600000, 0x00000000e4600000|100%| O|  |TAMS 0x00000000e4600000, 0x00000000e4500000| Untracked 
|  70|0x00000000e4600000, 0x00000000e4700000, 0x00000000e4700000|100%| O|  |TAMS 0x00000000e4700000, 0x00000000e4600000| Untracked 
|  71|0x00000000e4700000, 0x00000000e4800000, 0x00000000e4800000|100%| O|  |TAMS 0x00000000e4800000, 0x00000000e4700000| Untracked 
|  72|0x00000000e4800000, 0x00000000e4900000, 0x00000000e4900000|100%| O|  |TAMS 0x00000000e4900000, 0x00000000e4800000| Untracked 
|  73|0x00000000e4900000, 0x00000000e4a00000, 0x00000000e4a00000|100%| O|  |TAMS 0x00000000e4a00000, 0x00000000e4900000| Untracked 
|  74|0x00000000e4a00000, 0x00000000e4b00000, 0x00000000e4b00000|100%| O|  |TAMS 0x00000000e4b00000, 0x00000000e4a00000| Untracked 
|  75|0x00000000e4b00000, 0x00000000e4c00000, 0x00000000e4c00000|100%| O|  |TAMS 0x00000000e4c00000, 0x00000000e4b00000| Untracked 
|  76|0x00000000e4c00000, 0x00000000e4d00000, 0x00000000e4d00000|100%| O|  |TAMS 0x00000000e4d00000, 0x00000000e4c00000| Untracked 
|  77|0x00000000e4d00000, 0x00000000e4e00000, 0x00000000e4e00000|100%| O|  |TAMS 0x00000000e4e00000, 0x00000000e4d00000| Untracked 
|  78|0x00000000e4e00000, 0x00000000e4f00000, 0x00000000e4f00000|100%| O|  |TAMS 0x00000000e4f00000, 0x00000000e4e00000| Untracked 
|  79|0x00000000e4f00000, 0x00000000e5000000, 0x00000000e5000000|100%|HS|  |TAMS 0x00000000e4f00000, 0x00000000e4f00000| Complete 
|  80|0x00000000e5000000, 0x00000000e5100000, 0x00000000e5100000|100%| O|  |TAMS 0x00000000e5100000, 0x00000000e5000000| Untracked 
|  81|0x00000000e5100000, 0x00000000e5200000, 0x00000000e5200000|100%| O|  |TAMS 0x00000000e5200000, 0x00000000e5100000| Untracked 
|  82|0x00000000e5200000, 0x00000000e5300000, 0x00000000e5300000|100%| O|  |TAMS 0x00000000e5300000, 0x00000000e5200000| Untracked 
|  83|0x00000000e5300000, 0x00000000e5400000, 0x00000000e5400000|100%| O|  |TAMS 0x00000000e5400000, 0x00000000e5300000| Untracked 
|  84|0x00000000e5400000, 0x00000000e5500000, 0x00000000e5500000|100%| O|  |TAMS 0x00000000e5500000, 0x00000000e5400000| Untracked 
|  85|0x00000000e5500000, 0x00000000e5600000, 0x00000000e5600000|100%| O|  |TAMS 0x00000000e5600000, 0x00000000e5500000| Untracked 
|  86|0x00000000e5600000, 0x00000000e5700000, 0x00000000e5700000|100%| O|  |TAMS 0x00000000e5600000, 0x00000000e5600000| Untracked 
|  87|0x00000000e5700000, 0x00000000e5800000, 0x00000000e5800000|100%| O|  |TAMS 0x00000000e5700000, 0x00000000e5700000| Untracked 
|  88|0x00000000e5800000, 0x00000000e5900000, 0x00000000e5900000|100%| O|  |TAMS 0x00000000e5800000, 0x00000000e5800000| Untracked 
|  89|0x00000000e5900000, 0x00000000e5a00000, 0x00000000e5a00000|100%| O|  |TAMS 0x00000000e5900000, 0x00000000e5900000| Untracked 
|  90|0x00000000e5a00000, 0x00000000e5b00000, 0x00000000e5b00000|100%| O|  |TAMS 0x00000000e5a00000, 0x00000000e5a00000| Untracked 
|  91|0x00000000e5b00000, 0x00000000e5c00000, 0x00000000e5c00000|100%| O|  |TAMS 0x00000000e5c00000, 0x00000000e5b00000| Untracked 
|  92|0x00000000e5c00000, 0x00000000e5d00000, 0x00000000e5d00000|100%| O|  |TAMS 0x00000000e5d00000, 0x00000000e5c00000| Untracked 
|  93|0x00000000e5d00000, 0x00000000e5e00000, 0x00000000e5e00000|100%| O|  |TAMS 0x00000000e5d00000, 0x00000000e5d00000| Untracked 
|  94|0x00000000e5e00000, 0x00000000e5f00000, 0x00000000e5f00000|100%| O|  |TAMS 0x00000000e5e00000, 0x00000000e5e00000| Untracked 
|  95|0x00000000e5f00000, 0x00000000e6000000, 0x00000000e6000000|100%| O|  |TAMS 0x00000000e5f00000, 0x00000000e5f00000| Untracked 
|  96|0x00000000e6000000, 0x00000000e6100000, 0x00000000e6100000|100%| O|  |TAMS 0x00000000e6000000, 0x00000000e6000000| Untracked 
|  97|0x00000000e6100000, 0x00000000e6200000, 0x00000000e6200000|100%| O|  |TAMS 0x00000000e6100000, 0x00000000e6100000| Untracked 
|  98|0x00000000e6200000, 0x00000000e6300000, 0x00000000e6300000|100%| O|  |TAMS 0x00000000e6200000, 0x00000000e6200000| Untracked 
|  99|0x00000000e6300000, 0x00000000e6400000, 0x00000000e6400000|100%| O|  |TAMS 0x00000000e6300000, 0x00000000e6300000| Untracked 
| 100|0x00000000e6400000, 0x00000000e6500000, 0x00000000e6500000|100%| O|  |TAMS 0x00000000e6500000, 0x00000000e6400000| Untracked 
| 101|0x00000000e6500000, 0x00000000e6600000, 0x00000000e6600000|100%| O|  |TAMS 0x00000000e6500000, 0x00000000e6500000| Untracked 
| 102|0x00000000e6600000, 0x00000000e6700000, 0x00000000e6700000|100%| O|  |TAMS 0x00000000e6600000, 0x00000000e6600000| Untracked 
| 103|0x00000000e6700000, 0x00000000e6800000, 0x00000000e6800000|100%| O|  |TAMS 0x00000000e6800000, 0x00000000e6700000| Untracked 
| 104|0x00000000e6800000, 0x00000000e6900000, 0x00000000e6900000|100%| O|  |TAMS 0x00000000e6800000, 0x00000000e6800000| Untracked 
| 105|0x00000000e6900000, 0x00000000e6a00000, 0x00000000e6a00000|100%| O|  |TAMS 0x00000000e6900000, 0x00000000e6900000| Untracked 
| 106|0x00000000e6a00000, 0x00000000e6b00000, 0x00000000e6b00000|100%| O|  |TAMS 0x00000000e6a00000, 0x00000000e6a00000| Untracked 
| 107|0x00000000e6b00000, 0x00000000e6c00000, 0x00000000e6c00000|100%| O|  |TAMS 0x00000000e6b00000, 0x00000000e6b00000| Untracked 
| 108|0x00000000e6c00000, 0x00000000e6d00000, 0x00000000e6d00000|100%| O|  |TAMS 0x00000000e6c00000, 0x00000000e6c00000| Untracked 
| 109|0x00000000e6d00000, 0x00000000e6e00000, 0x00000000e6e00000|100%| O|  |TAMS 0x00000000e6d00000, 0x00000000e6d00000| Untracked 
| 110|0x00000000e6e00000, 0x00000000e6f00000, 0x00000000e6f00000|100%| O|  |TAMS 0x00000000e6e00000, 0x00000000e6e00000| Untracked 
| 111|0x00000000e6f00000, 0x00000000e7000000, 0x00000000e7000000|100%| O|  |TAMS 0x00000000e6f00000, 0x00000000e6f00000| Untracked 
| 112|0x00000000e7000000, 0x00000000e7100000, 0x00000000e7100000|100%| O|  |TAMS 0x00000000e7100000, 0x00000000e7000000| Untracked 
| 113|0x00000000e7100000, 0x00000000e7200000, 0x00000000e7200000|100%| O|  |TAMS 0x00000000e7100000, 0x00000000e7100000| Untracked 
| 114|0x00000000e7200000, 0x00000000e7300000, 0x00000000e7300000|100%| O|  |TAMS 0x00000000e7200000, 0x00000000e7200000| Untracked 
| 115|0x00000000e7300000, 0x00000000e7400000, 0x00000000e7400000|100%| O|  |TAMS 0x00000000e7300000, 0x00000000e7300000| Untracked 
| 116|0x00000000e7400000, 0x00000000e7500000, 0x00000000e7500000|100%| O|  |TAMS 0x00000000e7400000, 0x00000000e7400000| Untracked 
| 117|0x00000000e7500000, 0x00000000e7600000, 0x00000000e7600000|100%| O|  |TAMS 0x00000000e7500000, 0x00000000e7500000| Untracked 
| 118|0x00000000e7600000, 0x00000000e7700000, 0x00000000e7700000|100%| O|  |TAMS 0x00000000e7600000, 0x00000000e7600000| Untracked 
| 119|0x00000000e7700000, 0x00000000e7800000, 0x00000000e7800000|100%| O|  |TAMS 0x00000000e7700000, 0x00000000e7700000| Untracked 
| 120|0x00000000e7800000, 0x00000000e7900000, 0x00000000e7900000|100%| O|  |TAMS 0x00000000e7800000, 0x00000000e7800000| Untracked 
| 121|0x00000000e7900000, 0x00000000e7a00000, 0x00000000e7a00000|100%| O|  |TAMS 0x00000000e7900000, 0x00000000e7900000| Untracked 
| 122|0x00000000e7a00000, 0x00000000e7b00000, 0x00000000e7b00000|100%| O|  |TAMS 0x00000000e7a00000, 0x00000000e7a00000| Untracked 
| 123|0x00000000e7b00000, 0x00000000e7c00000, 0x00000000e7c00000|100%| O|  |TAMS 0x00000000e7b00000, 0x00000000e7b00000| Untracked 
| 124|0x00000000e7c00000, 0x00000000e7d00000, 0x00000000e7d00000|100%| O|  |TAMS 0x00000000e7c00000, 0x00000000e7c00000| Untracked 
| 125|0x00000000e7d00000, 0x00000000e7e00000, 0x00000000e7e00000|100%| O|  |TAMS 0x00000000e7d00000, 0x00000000e7d00000| Untracked 
| 126|0x00000000e7e00000, 0x00000000e7f00000, 0x00000000e7f00000|100%| O|  |TAMS 0x00000000e7e00000, 0x00000000e7e00000| Untracked 
| 127|0x00000000e7f00000, 0x00000000e8000000, 0x00000000e8000000|100%| O|  |TAMS 0x00000000e8000000, 0x00000000e7f00000| Untracked 
| 128|0x00000000e8000000, 0x00000000e8100000, 0x00000000e8100000|100%| O|  |TAMS 0x00000000e8100000, 0x00000000e8000000| Untracked 
| 129|0x00000000e8100000, 0x00000000e8200000, 0x00000000e8200000|100%| O|  |TAMS 0x00000000e8100000, 0x00000000e8100000| Untracked 
| 130|0x00000000e8200000, 0x00000000e8300000, 0x00000000e8300000|100%| O|  |TAMS 0x00000000e8200000, 0x00000000e8200000| Untracked 
| 131|0x00000000e8300000, 0x00000000e8400000, 0x00000000e8400000|100%| O|  |TAMS 0x00000000e8300000, 0x00000000e8300000| Untracked 
| 132|0x00000000e8400000, 0x00000000e8500000, 0x00000000e8500000|100%| O|  |TAMS 0x00000000e8400000, 0x00000000e8400000| Untracked 
| 133|0x00000000e8500000, 0x00000000e8600000, 0x00000000e8600000|100%| O|  |TAMS 0x00000000e8500000, 0x00000000e8500000| Untracked 
| 134|0x00000000e8600000, 0x00000000e8700000, 0x00000000e8700000|100%| O|  |TAMS 0x00000000e8600000, 0x00000000e8600000| Untracked 
| 135|0x00000000e8700000, 0x00000000e8800000, 0x00000000e8800000|100%| O|  |TAMS 0x00000000e8700000, 0x00000000e8700000| Untracked 
| 136|0x00000000e8800000, 0x00000000e8900000, 0x00000000e8900000|100%| O|  |TAMS 0x00000000e8800000, 0x00000000e8800000| Untracked 
| 137|0x00000000e8900000, 0x00000000e8a00000, 0x00000000e8a00000|100%| O|  |TAMS 0x00000000e8900000, 0x00000000e8900000| Untracked 
| 138|0x00000000e8a00000, 0x00000000e8b00000, 0x00000000e8b00000|100%| O|  |TAMS 0x00000000e8a00000, 0x00000000e8a00000| Untracked 
| 139|0x00000000e8b00000, 0x00000000e8c00000, 0x00000000e8c00000|100%| O|  |TAMS 0x00000000e8b00000, 0x00000000e8b00000| Untracked 
| 140|0x00000000e8c00000, 0x00000000e8d00000, 0x00000000e8d00000|100%| O|  |TAMS 0x00000000e8c00000, 0x00000000e8c00000| Untracked 
| 141|0x00000000e8d00000, 0x00000000e8e00000, 0x00000000e8e00000|100%| O|  |TAMS 0x00000000e8d00000, 0x00000000e8d00000| Untracked 
| 142|0x00000000e8e00000, 0x00000000e8f00000, 0x00000000e8f00000|100%| O|  |TAMS 0x00000000e8e00000, 0x00000000e8e00000| Untracked 
| 143|0x00000000e8f00000, 0x00000000e9000000, 0x00000000e9000000|100%| O|  |TAMS 0x00000000e8f00000, 0x00000000e8f00000| Untracked 
| 144|0x00000000e9000000, 0x00000000e9100000, 0x00000000e9100000|100%| O|  |TAMS 0x00000000e9000000, 0x00000000e9000000| Untracked 
| 145|0x00000000e9100000, 0x00000000e9200000, 0x00000000e9200000|100%| O|  |TAMS 0x00000000e9100000, 0x00000000e9100000| Untracked 
| 146|0x00000000e9200000, 0x00000000e9300000, 0x00000000e9300000|100%| O|  |TAMS 0x00000000e9200000, 0x00000000e9200000| Untracked 
| 147|0x00000000e9300000, 0x00000000e9400000, 0x00000000e9400000|100%| O|  |TAMS 0x00000000e9300000, 0x00000000e9300000| Untracked 
| 148|0x00000000e9400000, 0x00000000e9500000, 0x00000000e9500000|100%| O|  |TAMS 0x00000000e9400000, 0x00000000e9400000| Untracked 
| 149|0x00000000e9500000, 0x00000000e9600000, 0x00000000e9600000|100%| O|  |TAMS 0x00000000e9500000, 0x00000000e9500000| Untracked 
| 150|0x00000000e9600000, 0x00000000e9700000, 0x00000000e9700000|100%| O|  |TAMS 0x00000000e9600000, 0x00000000e9600000| Untracked 
| 151|0x00000000e9700000, 0x00000000e9800000, 0x00000000e9800000|100%| O|  |TAMS 0x00000000e9700000, 0x00000000e9700000| Untracked 
| 152|0x00000000e9800000, 0x00000000e9900000, 0x00000000e9900000|100%| O|  |TAMS 0x00000000e9800000, 0x00000000e9800000| Untracked 
| 153|0x00000000e9900000, 0x00000000e9a00000, 0x00000000e9a00000|100%| O|  |TAMS 0x00000000e9900000, 0x00000000e9900000| Untracked 
| 154|0x00000000e9a00000, 0x00000000e9b00000, 0x00000000e9b00000|100%| O|  |TAMS 0x00000000e9a00000, 0x00000000e9a00000| Untracked 
| 155|0x00000000e9b00000, 0x00000000e9c00000, 0x00000000e9c00000|100%| O|  |TAMS 0x00000000e9b00000, 0x00000000e9b00000| Untracked 
| 156|0x00000000e9c00000, 0x00000000e9d00000, 0x00000000e9d00000|100%| O|  |TAMS 0x00000000e9c00000, 0x00000000e9c00000| Untracked 
| 157|0x00000000e9d00000, 0x00000000e9e00000, 0x00000000e9e00000|100%| O|  |TAMS 0x00000000e9d00000, 0x00000000e9d00000| Untracked 
| 158|0x00000000e9e00000, 0x00000000e9f00000, 0x00000000e9f00000|100%| O|  |TAMS 0x00000000e9e00000, 0x00000000e9e00000| Untracked 
| 159|0x00000000e9f00000, 0x00000000ea000000, 0x00000000ea000000|100%| O|  |TAMS 0x00000000e9f00000, 0x00000000e9f00000| Untracked 
| 160|0x00000000ea000000, 0x00000000ea100000, 0x00000000ea100000|100%| O|  |TAMS 0x00000000ea000000, 0x00000000ea000000| Untracked 
| 161|0x00000000ea100000, 0x00000000ea200000, 0x00000000ea200000|100%| O|  |TAMS 0x00000000ea100000, 0x00000000ea100000| Untracked 
| 162|0x00000000ea200000, 0x00000000ea300000, 0x00000000ea300000|100%| O|  |TAMS 0x00000000ea200000, 0x00000000ea200000| Untracked 
| 163|0x00000000ea300000, 0x00000000ea400000, 0x00000000ea400000|100%| O|  |TAMS 0x00000000ea300000, 0x00000000ea300000| Untracked 
| 164|0x00000000ea400000, 0x00000000ea500000, 0x00000000ea500000|100%| O|  |TAMS 0x00000000ea400000, 0x00000000ea400000| Untracked 
| 165|0x00000000ea500000, 0x00000000ea600000, 0x00000000ea600000|100%| O|  |TAMS 0x00000000ea600000, 0x00000000ea500000| Untracked 
| 166|0x00000000ea600000, 0x00000000ea700000, 0x00000000ea700000|100%| O|  |TAMS 0x00000000ea700000, 0x00000000ea600000| Untracked 
| 167|0x00000000ea700000, 0x00000000ea800000, 0x00000000ea800000|100%| O|  |TAMS 0x00000000ea800000, 0x00000000ea700000| Untracked 
| 168|0x00000000ea800000, 0x00000000ea900000, 0x00000000ea900000|100%| O|  |TAMS 0x00000000ea900000, 0x00000000ea800000| Untracked 
| 169|0x00000000ea900000, 0x00000000eaa00000, 0x00000000eaa00000|100%| O|  |TAMS 0x00000000eaa00000, 0x00000000ea900000| Untracked 
| 170|0x00000000eaa00000, 0x00000000eab00000, 0x00000000eab00000|100%| O|  |TAMS 0x00000000eab00000, 0x00000000eaa00000| Untracked 
| 171|0x00000000eab00000, 0x00000000eac00000, 0x00000000eac00000|100%| O|  |TAMS 0x00000000eac00000, 0x00000000eab00000| Untracked 
| 172|0x00000000eac00000, 0x00000000ead00000, 0x00000000ead00000|100%| O|  |TAMS 0x00000000ead00000, 0x00000000eac00000| Untracked 
| 173|0x00000000ead00000, 0x00000000eae00000, 0x00000000eae00000|100%| O|  |TAMS 0x00000000eae00000, 0x00000000ead00000| Untracked 
| 174|0x00000000eae00000, 0x00000000eaf00000, 0x00000000eaf00000|100%| O|  |TAMS 0x00000000eaf00000, 0x00000000eae00000| Untracked 
| 175|0x00000000eaf00000, 0x00000000eb000000, 0x00000000eb000000|100%| O|  |TAMS 0x00000000eb000000, 0x00000000eaf00000| Untracked 
| 176|0x00000000eb000000, 0x00000000eb100000, 0x00000000eb100000|100%| O|  |TAMS 0x00000000eb100000, 0x00000000eb000000| Untracked 
| 177|0x00000000eb100000, 0x00000000eb200000, 0x00000000eb200000|100%| O|  |TAMS 0x00000000eb200000, 0x00000000eb100000| Untracked 
| 178|0x00000000eb200000, 0x00000000eb300000, 0x00000000eb300000|100%| O|  |TAMS 0x00000000eb300000, 0x00000000eb200000| Untracked 
| 179|0x00000000eb300000, 0x00000000eb400000, 0x00000000eb400000|100%| O|  |TAMS 0x00000000eb400000, 0x00000000eb300000| Untracked 
| 180|0x00000000eb400000, 0x00000000eb500000, 0x00000000eb500000|100%| O|  |TAMS 0x00000000eb500000, 0x00000000eb400000| Untracked 
| 181|0x00000000eb500000, 0x00000000eb600000, 0x00000000eb600000|100%| O|  |TAMS 0x00000000eb600000, 0x00000000eb500000| Untracked 
| 182|0x00000000eb600000, 0x00000000eb700000, 0x00000000eb700000|100%| O|  |TAMS 0x00000000eb646c00, 0x00000000eb600000| Untracked 
| 183|0x00000000eb700000, 0x00000000eb800000, 0x00000000eb800000|100%| O|  |TAMS 0x00000000eb700000, 0x00000000eb700000| Untracked 
| 184|0x00000000eb800000, 0x00000000eb900000, 0x00000000eb900000|100%| O|  |TAMS 0x00000000eb800000, 0x00000000eb800000| Untracked 
| 185|0x00000000eb900000, 0x00000000eba00000, 0x00000000eba00000|100%| O|  |TAMS 0x00000000eb900000, 0x00000000eb900000| Untracked 
| 186|0x00000000eba00000, 0x00000000ebb00000, 0x00000000ebb00000|100%| O|  |TAMS 0x00000000eba00000, 0x00000000eba00000| Untracked 
| 187|0x00000000ebb00000, 0x00000000ebc00000, 0x00000000ebc00000|100%| O|  |TAMS 0x00000000ebb00000, 0x00000000ebb00000| Untracked 
| 188|0x00000000ebc00000, 0x00000000ebd00000, 0x00000000ebd00000|100%| O|  |TAMS 0x00000000ebc00000, 0x00000000ebc00000| Untracked 
| 189|0x00000000ebd00000, 0x00000000ebe00000, 0x00000000ebe00000|100%| O|  |TAMS 0x00000000ebd00000, 0x00000000ebd00000| Untracked 
| 190|0x00000000ebe00000, 0x00000000ebf00000, 0x00000000ebf00000|100%| O|  |TAMS 0x00000000ebe00000, 0x00000000ebe00000| Untracked 
| 191|0x00000000ebf00000, 0x00000000ec000000, 0x00000000ec000000|100%| O|  |TAMS 0x00000000ebf00000, 0x00000000ebf00000| Untracked 
| 192|0x00000000ec000000, 0x00000000ec100000, 0x00000000ec100000|100%| O|  |TAMS 0x00000000ec000000, 0x00000000ec000000| Untracked 
| 193|0x00000000ec100000, 0x00000000ec200000, 0x00000000ec200000|100%| O|  |TAMS 0x00000000ec100000, 0x00000000ec100000| Untracked 
| 194|0x00000000ec200000, 0x00000000ec300000, 0x00000000ec300000|100%| O|  |TAMS 0x00000000ec200000, 0x00000000ec200000| Untracked 
| 195|0x00000000ec300000, 0x00000000ec400000, 0x00000000ec400000|100%| O|  |TAMS 0x00000000ec300000, 0x00000000ec300000| Untracked 
| 196|0x00000000ec400000, 0x00000000ec500000, 0x00000000ec500000|100%| O|  |TAMS 0x00000000ec400000, 0x00000000ec400000| Untracked 
| 197|0x00000000ec500000, 0x00000000ec600000, 0x00000000ec600000|100%| O|  |TAMS 0x00000000ec500000, 0x00000000ec500000| Untracked 
| 198|0x00000000ec600000, 0x00000000ec700000, 0x00000000ec700000|100%| O|  |TAMS 0x00000000ec600000, 0x00000000ec600000| Untracked 
| 199|0x00000000ec700000, 0x00000000ec800000, 0x00000000ec800000|100%| O|  |TAMS 0x00000000ec700000, 0x00000000ec700000| Untracked 
| 200|0x00000000ec800000, 0x00000000ec900000, 0x00000000ec900000|100%| O|  |TAMS 0x00000000ec800000, 0x00000000ec800000| Untracked 
| 201|0x00000000ec900000, 0x00000000ec9b2600, 0x00000000eca00000| 69%| O|  |TAMS 0x00000000ec900000, 0x00000000ec900000| Untracked 
| 202|0x00000000eca00000, 0x00000000eca00000, 0x00000000ecb00000|  0%| F|  |TAMS 0x00000000eca00000, 0x00000000eca00000| Untracked 
| 203|0x00000000ecb00000, 0x00000000ecb00000, 0x00000000ecc00000|  0%| F|  |TAMS 0x00000000ecb00000, 0x00000000ecb00000| Untracked 
| 204|0x00000000ecc00000, 0x00000000ecc00000, 0x00000000ecd00000|  0%| F|  |TAMS 0x00000000ecc00000, 0x00000000ecc00000| Untracked 
| 205|0x00000000ecd00000, 0x00000000ecd00000, 0x00000000ece00000|  0%| F|  |TAMS 0x00000000ecd00000, 0x00000000ecd00000| Untracked 
| 206|0x00000000ece00000, 0x00000000ece00000, 0x00000000ecf00000|  0%| F|  |TAMS 0x00000000ece00000, 0x00000000ece00000| Untracked 
| 207|0x00000000ecf00000, 0x00000000ecf00000, 0x00000000ed000000|  0%| F|  |TAMS 0x00000000ecf00000, 0x00000000ecf00000| Untracked 
| 208|0x00000000ed000000, 0x00000000ed000000, 0x00000000ed100000|  0%| F|  |TAMS 0x00000000ed000000, 0x00000000ed000000| Untracked 
| 209|0x00000000ed100000, 0x00000000ed100000, 0x00000000ed200000|  0%| F|  |TAMS 0x00000000ed100000, 0x00000000ed100000| Untracked 
| 210|0x00000000ed200000, 0x00000000ed200000, 0x00000000ed300000|  0%| F|  |TAMS 0x00000000ed200000, 0x00000000ed200000| Untracked 
| 211|0x00000000ed300000, 0x00000000ed300000, 0x00000000ed400000|  0%| F|  |TAMS 0x00000000ed300000, 0x00000000ed300000| Untracked 
| 212|0x00000000ed400000, 0x00000000ed400000, 0x00000000ed500000|  0%| F|  |TAMS 0x00000000ed400000, 0x00000000ed400000| Untracked 
| 213|0x00000000ed500000, 0x00000000ed500000, 0x00000000ed600000|  0%| F|  |TAMS 0x00000000ed500000, 0x00000000ed500000| Untracked 
| 214|0x00000000ed600000, 0x00000000ed600000, 0x00000000ed700000|  0%| F|  |TAMS 0x00000000ed600000, 0x00000000ed600000| Untracked 
| 215|0x00000000ed700000, 0x00000000ed700000, 0x00000000ed800000|  0%| F|  |TAMS 0x00000000ed700000, 0x00000000ed700000| Untracked 
| 216|0x00000000ed800000, 0x00000000ed800000, 0x00000000ed900000|  0%| F|  |TAMS 0x00000000ed800000, 0x00000000ed800000| Untracked 
| 217|0x00000000ed900000, 0x00000000ed900000, 0x00000000eda00000|  0%| F|  |TAMS 0x00000000ed900000, 0x00000000ed900000| Untracked 
| 218|0x00000000eda00000, 0x00000000eda00000, 0x00000000edb00000|  0%| F|  |TAMS 0x00000000eda00000, 0x00000000eda00000| Untracked 
| 219|0x00000000edb00000, 0x00000000edb00000, 0x00000000edc00000|  0%| F|  |TAMS 0x00000000edb00000, 0x00000000edb00000| Untracked 
| 220|0x00000000edc00000, 0x00000000edc00000, 0x00000000edd00000|  0%| F|  |TAMS 0x00000000edc00000, 0x00000000edc00000| Untracked 
| 221|0x00000000edd00000, 0x00000000edd00000, 0x00000000ede00000|  0%| F|  |TAMS 0x00000000edd00000, 0x00000000edd00000| Untracked 
| 222|0x00000000ede00000, 0x00000000ede00000, 0x00000000edf00000|  0%| F|  |TAMS 0x00000000ede00000, 0x00000000ede00000| Untracked 
| 223|0x00000000edf00000, 0x00000000edf00000, 0x00000000ee000000|  0%| F|  |TAMS 0x00000000edf00000, 0x00000000edf00000| Untracked 
| 224|0x00000000ee000000, 0x00000000ee000000, 0x00000000ee100000|  0%| F|  |TAMS 0x00000000ee000000, 0x00000000ee000000| Untracked 
| 225|0x00000000ee100000, 0x00000000ee100000, 0x00000000ee200000|  0%| F|  |TAMS 0x00000000ee100000, 0x00000000ee100000| Untracked 
| 226|0x00000000ee200000, 0x00000000ee29a210, 0x00000000ee300000| 60%| S|CS|TAMS 0x00000000ee200000, 0x00000000ee200000| Complete 
| 227|0x00000000ee300000, 0x00000000ee300000, 0x00000000ee400000|  0%| F|  |TAMS 0x00000000ee300000, 0x00000000ee300000| Untracked 
| 228|0x00000000ee400000, 0x00000000ee400000, 0x00000000ee500000|  0%| F|  |TAMS 0x00000000ee400000, 0x00000000ee400000| Untracked 
| 229|0x00000000ee500000, 0x00000000ee600000, 0x00000000ee600000|100%| S|CS|TAMS 0x00000000ee500000, 0x00000000ee500000| Complete 
| 230|0x00000000ee600000, 0x00000000ee600000, 0x00000000ee700000|  0%| F|  |TAMS 0x00000000ee600000, 0x00000000ee600000| Untracked 
| 231|0x00000000ee700000, 0x00000000ee800000, 0x00000000ee800000|100%| S|CS|TAMS 0x00000000ee700000, 0x00000000ee700000| Complete 
| 232|0x00000000ee800000, 0x00000000ee800000, 0x00000000ee900000|  0%| F|  |TAMS 0x00000000ee800000, 0x00000000ee800000| Untracked 
| 233|0x00000000ee900000, 0x00000000ee900000, 0x00000000eea00000|  0%| F|  |TAMS 0x00000000ee900000, 0x00000000ee900000| Untracked 
| 234|0x00000000eea00000, 0x00000000eea00000, 0x00000000eeb00000|  0%| F|  |TAMS 0x00000000eea00000, 0x00000000eea00000| Untracked 
| 235|0x00000000eeb00000, 0x00000000eeb00000, 0x00000000eec00000|  0%| F|  |TAMS 0x00000000eeb00000, 0x00000000eeb00000| Untracked 
| 236|0x00000000eec00000, 0x00000000eec00000, 0x00000000eed00000|  0%| F|  |TAMS 0x00000000eec00000, 0x00000000eec00000| Untracked 
| 237|0x00000000eed00000, 0x00000000eed00000, 0x00000000eee00000|  0%| F|  |TAMS 0x00000000eed00000, 0x00000000eed00000| Untracked 
| 238|0x00000000eee00000, 0x00000000eee00000, 0x00000000eef00000|  0%| F|  |TAMS 0x00000000eee00000, 0x00000000eee00000| Untracked 
| 239|0x00000000eef00000, 0x00000000eef00000, 0x00000000ef000000|  0%| F|  |TAMS 0x00000000eef00000, 0x00000000eef00000| Untracked 
| 240|0x00000000ef000000, 0x00000000ef000000, 0x00000000ef100000|  0%| F|  |TAMS 0x00000000ef000000, 0x00000000ef000000| Untracked 
| 241|0x00000000ef100000, 0x00000000ef100000, 0x00000000ef200000|  0%| F|  |TAMS 0x00000000ef100000, 0x00000000ef100000| Untracked 
| 242|0x00000000ef200000, 0x00000000ef200000, 0x00000000ef300000|  0%| F|  |TAMS 0x00000000ef200000, 0x00000000ef200000| Untracked 
| 243|0x00000000ef300000, 0x00000000ef300000, 0x00000000ef400000|  0%| F|  |TAMS 0x00000000ef300000, 0x00000000ef300000| Untracked 
| 244|0x00000000ef400000, 0x00000000ef400000, 0x00000000ef500000|  0%| F|  |TAMS 0x00000000ef400000, 0x00000000ef400000| Untracked 
| 245|0x00000000ef500000, 0x00000000ef500000, 0x00000000ef600000|  0%| F|  |TAMS 0x00000000ef500000, 0x00000000ef500000| Untracked 

Card table byte_map: [0x0000014ef08d0000,0x0000014ef09d0000] _byte_map_base: 0x0000014ef01d0000

Marking Bits (Prev, Next): (CMBitMap*) 0x0000014ef0c08bd8, (CMBitMap*) 0x0000014ef0c08c10
 Prev Bits: [0x0000014ef46e0000, 0x0000014ef4ee0000)
 Next Bits: [0x0000014ef4ee0000, 0x0000014ef56e0000)

Polling page: 0x0000014eeeb00000

Metaspace:

Usage:
  Non-class:     90.61 MB capacity,    88.99 MB ( 98%) used,     1.28 MB (  1%) free+waste,   346.94 KB ( <1%) overhead. 
      Class:     14.00 MB capacity,    13.00 MB ( 93%) used,   872.34 KB (  6%) free+waste,   148.19 KB (  1%) overhead. 
       Both:    104.61 MB capacity,   101.99 MB ( 97%) used,     2.13 MB (  2%) free+waste,   495.13 KB ( <1%) overhead. 

Virtual space:
  Non-class space:       92.00 MB reserved,      90.62 MB ( 99%) committed 
      Class space:        1.00 GB reserved,      14.00 MB (  1%) committed 
             Both:        1.09 GB reserved,     104.62 MB (  9%) committed 

Chunk freelists:
   Non-Class:  11.00 KB
       Class:  0 bytes
        Both:  11.00 KB

MaxMetaspaceSize: 17179869184.00 GB
CompressedClassSpaceSize: 1.00 GB

CodeHeap 'non-profiled nmethods': size=120064Kb used=15815Kb max_used=15815Kb free=104248Kb
 bounds [0x0000014e87ac0000, 0x0000014e88ac0000, 0x0000014e8f000000]
CodeHeap 'profiled nmethods': size=120000Kb used=34313Kb max_used=36619Kb free=85686Kb
 bounds [0x0000014e80590000, 0x0000014e82ad0000, 0x0000014e87ac0000]
CodeHeap 'non-nmethods': size=5696Kb used=2294Kb max_used=2380Kb free=3401Kb
 bounds [0x0000014e80000000, 0x0000014e80270000, 0x0000014e80590000]
 total_blobs=16203 nmethods=15290 adapters=823
 compilation: enabled
              stopped_count=0, restarted_count=0
 full_count=0

Compilation events (20 events):
Event: 381.991 Thread 0x0000014ef82c6000 19490       2       com.android.tools.r8.code.M0::a (1 bytes)
Event: 381.992 Thread 0x0000014ef82c6000 nmethod 19490 0x0000014e818b1390 code [0x0000014e818b1540, 0x0000014e818b1638]
Event: 382.155 Thread 0x0000014ef82c6000 19505       2       com.android.tools.r8.graph.f0$c::a (9 bytes)
Event: 382.155 Thread 0x0000014ef82c6000 nmethod 19505 0x0000014e818cfc90 code [0x0000014e818cfe40, 0x0000014e818cff68]
Event: 382.237 Thread 0x0000014ef82c6000 19509       2       com.android.tools.r8.code.q2::a (1 bytes)
Event: 382.238 Thread 0x0000014ef82c6000 nmethod 19509 0x0000014e818d5990 code [0x0000014e818d5b40, 0x0000014e818d5c38]
Event: 382.404 Thread 0x0000014ef82c6000 19512       2       com.android.tools.r8.graph.Z::a (132 bytes)
Event: 382.405 Thread 0x0000014ef82c6000 nmethod 19512 0x0000014e818d5090 code [0x0000014e818d52a0, 0x0000014e818d5618]
Event: 382.407 Thread 0x0000014ef82c6000 19513       2       com.android.tools.r8.dex.z::c (8 bytes)
Event: 382.408 Thread 0x0000014ef82c6000 nmethod 19513 0x0000014e818d7e90 code [0x0000014e818d8040, 0x0000014e818d8168]
Event: 382.433 Thread 0x0000014ef82c6000 19514       2       com.android.tools.r8.code.a::a (1 bytes)
Event: 382.434 Thread 0x0000014ef82c6000 nmethod 19514 0x0000014e818da390 code [0x0000014e818da540, 0x0000014e818da638]
Event: 382.459 Thread 0x0000014ef82c4000 nmethod 19463 0x0000014e88aa9b10 code [0x0000014e88aaa4a0, 0x0000014e88ab1f80]
Event: 382.461 Thread 0x0000014ef82c4000 19470       4       com.android.tools.r8.internal.F7::r (464 bytes)
Event: 382.520 Thread 0x0000014ef82c6000 19515       2       com.android.tools.r8.code.e0::a (1 bytes)
Event: 382.520 Thread 0x0000014ef82c6000 nmethod 19515 0x0000014e818e2690 code [0x0000014e818e2840, 0x0000014e818e2938]
Event: 382.593 Thread 0x0000014ef82c6000 19523       2       com.android.tools.r8.graph.f0$c::o0 (8 bytes)
Event: 382.594 Thread 0x0000014ef82c6000 nmethod 19523 0x0000014e818ef310 code [0x0000014e818ef4c0, 0x0000014e818ef5e8]
Event: 383.175 Thread 0x0000014ef82c6000 19528       2       com.android.tools.r8.graph.f0$c::equals (31 bytes)
Event: 383.176 Thread 0x0000014ef82c6000 nmethod 19528 0x0000014e818f0190 code [0x0000014e818f0360, 0x0000014e818f0548]

GC Heap History (20 events):
Event: 380.241 GC heap after
{Heap after GC invocations=778 (full 0):
 garbage-first heap   total 251904K, used 203082K [0x00000000e0000000, 0x0000000100000000)
  region size 1024K, 2 young (2048K), 2 survivors (2048K)
 Metaspace       used 104432K, capacity 107118K, committed 107132K, reserved 1142784K
  class space    used 13312K, capacity 14333K, committed 14336K, reserved 1048576K
}
Event: 380.493 GC heap before
{Heap before GC invocations=778 (full 0):
 garbage-first heap   total 251904K, used 223562K [0x00000000e0000000, 0x0000000100000000)
  region size 1024K, 22 young (22528K), 2 survivors (2048K)
 Metaspace       used 104432K, capacity 107118K, committed 107132K, reserved 1142784K
  class space    used 13312K, capacity 14333K, committed 14336K, reserved 1048576K
}
Event: 380.514 GC heap after
{Heap after GC invocations=779 (full 0):
 garbage-first heap   total 251904K, used 203053K [0x00000000e0000000, 0x0000000100000000)
  region size 1024K, 2 young (2048K), 2 survivors (2048K)
 Metaspace       used 104432K, capacity 107118K, committed 107132K, reserved 1142784K
  class space    used 13312K, capacity 14333K, committed 14336K, reserved 1048576K
}
Event: 380.811 GC heap before
{Heap before GC invocations=779 (full 0):
 garbage-first heap   total 251904K, used 223533K [0x00000000e0000000, 0x0000000100000000)
  region size 1024K, 22 young (22528K), 2 survivors (2048K)
 Metaspace       used 104432K, capacity 107118K, committed 107132K, reserved 1142784K
  class space    used 13312K, capacity 14333K, committed 14336K, reserved 1048576K
}
Event: 380.832 GC heap after
{Heap after GC invocations=780 (full 0):
 garbage-first heap   total 251904K, used 203329K [0x00000000e0000000, 0x0000000100000000)
  region size 1024K, 2 young (2048K), 2 survivors (2048K)
 Metaspace       used 104432K, capacity 107118K, committed 107132K, reserved 1142784K
  class space    used 13312K, capacity 14333K, committed 14336K, reserved 1048576K
}
Event: 381.108 GC heap before
{Heap before GC invocations=780 (full 0):
 garbage-first heap   total 251904K, used 223809K [0x00000000e0000000, 0x0000000100000000)
  region size 1024K, 22 young (22528K), 2 survivors (2048K)
 Metaspace       used 104432K, capacity 107118K, committed 107132K, reserved 1142784K
  class space    used 13312K, capacity 14333K, committed 14336K, reserved 1048576K
}
Event: 381.129 GC heap after
{Heap after GC invocations=781 (full 0):
 garbage-first heap   total 251904K, used 203438K [0x00000000e0000000, 0x0000000100000000)
  region size 1024K, 2 young (2048K), 2 survivors (2048K)
 Metaspace       used 104432K, capacity 107118K, committed 107132K, reserved 1142784K
  class space    used 13312K, capacity 14333K, committed 14336K, reserved 1048576K
}
Event: 381.398 GC heap before
{Heap before GC invocations=781 (full 0):
 garbage-first heap   total 251904K, used 222894K [0x00000000e0000000, 0x0000000100000000)
  region size 1024K, 21 young (21504K), 2 survivors (2048K)
 Metaspace       used 104432K, capacity 107118K, committed 107132K, reserved 1142784K
  class space    used 13312K, capacity 14333K, committed 14336K, reserved 1048576K
}
Event: 381.417 GC heap after
{Heap after GC invocations=782 (full 0):
 garbage-first heap   total 251904K, used 203390K [0x00000000e0000000, 0x0000000100000000)
  region size 1024K, 2 young (2048K), 2 survivors (2048K)
 Metaspace       used 104432K, capacity 107118K, committed 107132K, reserved 1142784K
  class space    used 13312K, capacity 14333K, committed 14336K, reserved 1048576K
}
Event: 381.672 GC heap before
{Heap before GC invocations=782 (full 0):
 garbage-first heap   total 251904K, used 222846K [0x00000000e0000000, 0x0000000100000000)
  region size 1024K, 21 young (21504K), 2 survivors (2048K)
 Metaspace       used 104432K, capacity 107118K, committed 107132K, reserved 1142784K
  class space    used 13312K, capacity 14333K, committed 14336K, reserved 1048576K
}
Event: 381.697 GC heap after
{Heap after GC invocations=783 (full 0):
 garbage-first heap   total 251904K, used 203833K [0x00000000e0000000, 0x0000000100000000)
  region size 1024K, 2 young (2048K), 2 survivors (2048K)
 Metaspace       used 104432K, capacity 107118K, committed 107132K, reserved 1142784K
  class space    used 13312K, capacity 14333K, committed 14336K, reserved 1048576K
}
Event: 381.935 GC heap before
{Heap before GC invocations=783 (full 0):
 garbage-first heap   total 251904K, used 223289K [0x00000000e0000000, 0x0000000100000000)
  region size 1024K, 21 young (21504K), 2 survivors (2048K)
 Metaspace       used 104433K, capacity 107118K, committed 107132K, reserved 1142784K
  class space    used 13312K, capacity 14333K, committed 14336K, reserved 1048576K
}
Event: 381.976 GC heap after
{Heap after GC invocations=784 (full 0):
 garbage-first heap   total 251904K, used 205346K [0x00000000e0000000, 0x0000000100000000)
  region size 1024K, 3 young (3072K), 3 survivors (3072K)
 Metaspace       used 104433K, capacity 107118K, committed 107132K, reserved 1142784K
  class space    used 13312K, capacity 14333K, committed 14336K, reserved 1048576K
}
Event: 382.290 GC heap before
{Heap before GC invocations=784 (full 0):
 garbage-first heap   total 251904K, used 222754K [0x00000000e0000000, 0x0000000100000000)
  region size 1024K, 20 young (20480K), 3 survivors (3072K)
 Metaspace       used 104436K, capacity 107118K, committed 107132K, reserved 1142784K
  class space    used 13312K, capacity 14333K, committed 14336K, reserved 1048576K
}
Event: 382.351 GC heap after
{Heap after GC invocations=785 (full 0):
 garbage-first heap   total 251904K, used 206456K [0x00000000e0000000, 0x0000000100000000)
  region size 1024K, 3 young (3072K), 3 survivors (3072K)
 Metaspace       used 104436K, capacity 107118K, committed 107132K, reserved 1142784K
  class space    used 13312K, capacity 14333K, committed 14336K, reserved 1048576K
}
Event: 382.647 GC heap before
{Heap before GC invocations=785 (full 0):
 garbage-first heap   total 251904K, used 221816K [0x00000000e0000000, 0x0000000100000000)
  region size 1024K, 19 young (19456K), 3 survivors (3072K)
 Metaspace       used 104437K, capacity 107118K, committed 107132K, reserved 1142784K
  class space    used 13312K, capacity 14333K, committed 14336K, reserved 1048576K
}
Event: 382.694 GC heap after
{Heap after GC invocations=786 (full 0):
 garbage-first heap   total 251904K, used 207016K [0x00000000e0000000, 0x0000000100000000)
  region size 1024K, 2 young (2048K), 2 survivors (2048K)
 Metaspace       used 104437K, capacity 107118K, committed 107132K, reserved 1142784K
  class space    used 13312K, capacity 14333K, committed 14336K, reserved 1048576K
}
Event: 383.002 GC heap before
{Heap before GC invocations=786 (full 0):
 garbage-first heap   total 251904K, used 221352K [0x00000000e0000000, 0x0000000100000000)
  region size 1024K, 17 young (17408K), 2 survivors (2048K)
 Metaspace       used 104437K, capacity 107118K, committed 107132K, reserved 1142784K
  class space    used 13312K, capacity 14333K, committed 14336K, reserved 1048576K
}
Event: 383.029 GC heap after
{Heap after GC invocations=787 (full 0):
 garbage-first heap   total 251904K, used 208045K [0x00000000e0000000, 0x0000000100000000)
  region size 1024K, 3 young (3072K), 3 survivors (3072K)
 Metaspace       used 104437K, capacity 107118K, committed 107132K, reserved 1142784K
  class space    used 13312K, capacity 14333K, committed 14336K, reserved 1048576K
}
Event: 383.278 GC heap before
{Heap before GC invocations=787 (full 0):
 garbage-first heap   total 251904K, used 221357K [0x00000000e0000000, 0x0000000100000000)
  region size 1024K, 17 young (17408K), 3 survivors (3072K)
 Metaspace       used 104438K, capacity 107118K, committed 107132K, reserved 1142784K
  class space    used 13312K, capacity 14333K, committed 14336K, reserved 1048576K
}

Deoptimization events (20 events):
Event: 382.181 Thread 0x0000014efada1800 DEOPT PACKING pc=0x0000014e820487c2 sp=0x00000027769f9d10
Event: 382.181 Thread 0x0000014efada1800 DEOPT UNPACKING pc=0x0000014e8002643f sp=0x00000027769f92d8 mode 0
Event: 382.406 Thread 0x0000014efada8800 DEOPT PACKING pc=0x0000014e80703930 sp=0x0000002776afacf0
Event: 382.406 Thread 0x0000014efada8800 DEOPT UNPACKING pc=0x0000014e8002643f sp=0x0000002776afa178 mode 0
Event: 382.420 Thread 0x0000014efada8800 DEOPT PACKING pc=0x0000014e8071a006 sp=0x0000002776afad70
Event: 382.420 Thread 0x0000014efada8800 DEOPT UNPACKING pc=0x0000014e8002643f sp=0x0000002776afa208 mode 0
Event: 382.825 Thread 0x0000014efada1800 DEOPT PACKING pc=0x0000014e81ce4d7c sp=0x00000027769f9d80
Event: 382.826 Thread 0x0000014efada1800 DEOPT UNPACKING pc=0x0000014e8002643f sp=0x00000027769f9310 mode 0
Event: 382.977 Thread 0x0000014efada8800 DEOPT PACKING pc=0x0000014e80cbf8db sp=0x0000002776afa060
Event: 382.977 Thread 0x0000014efada8800 DEOPT UNPACKING pc=0x0000014e8002643f sp=0x0000002776af95c8 mode 0
Event: 383.165 Thread 0x0000014efada8800 DEOPT PACKING pc=0x0000014e80cbf8db sp=0x0000002776afa060
Event: 383.165 Thread 0x0000014efada8800 DEOPT UNPACKING pc=0x0000014e8002643f sp=0x0000002776af95c8 mode 0
Event: 383.248 Thread 0x0000014efada8800 Uncommon trap: trap_request=0xffffffd6 fr.pc=0x0000014e883f958c relative=0x00000000000015ec
Event: 383.248 Thread 0x0000014efada8800 Uncommon trap: reason=array_check action=maybe_recompile pc=0x0000014e883f958c method=java.util.TimSort.mergeLo(IIII)V @ 81 c2
Event: 383.248 Thread 0x0000014efada8800 DEOPT PACKING pc=0x0000014e883f958c sp=0x0000002776afa260
Event: 383.248 Thread 0x0000014efada8800 DEOPT UNPACKING pc=0x0000014e80026029 sp=0x0000002776afa230 mode 2
Event: 383.252 Thread 0x0000014efada8800 DEOPT PACKING pc=0x0000014e80cbf8db sp=0x0000002776afa570
Event: 383.252 Thread 0x0000014efada8800 DEOPT UNPACKING pc=0x0000014e8002643f sp=0x0000002776af9ad8 mode 0
Event: 383.256 Thread 0x0000014efada8800 DEOPT PACKING pc=0x0000014e80cbf8db sp=0x0000002776afa570
Event: 383.256 Thread 0x0000014efada8800 DEOPT UNPACKING pc=0x0000014e8002643f sp=0x0000002776af9ad8 mode 0

Classes redefined (0 events):
No events

Internal exceptions (20 events):
Event: 334.737 Thread 0x0000014efada1800 Exception <a 'sun/nio/fs/WindowsException'{0x00000000ec567b80}> (0x00000000ec567b80) thrown at [./src/hotspot/share/prims/jni.cpp, line 615]
Event: 334.778 Thread 0x0000014efada1800 Exception <a 'sun/nio/fs/WindowsException'{0x00000000e9f06f78}> (0x00000000e9f06f78) thrown at [./src/hotspot/share/prims/jni.cpp, line 615]
Event: 334.886 Thread 0x0000014efada8800 Exception <a 'sun/nio/fs/WindowsException'{0x00000000ea364b70}> (0x00000000ea364b70) thrown at [./src/hotspot/share/prims/jni.cpp, line 615]
Event: 335.016 Thread 0x0000014efada8800 Exception <a 'sun/nio/fs/WindowsException'{0x00000000e99efed0}> (0x00000000e99efed0) thrown at [./src/hotspot/share/prims/jni.cpp, line 615]
Event: 335.151 Thread 0x0000014efada1800 Exception <a 'sun/nio/fs/WindowsException'{0x00000000e9f6c318}> (0x00000000e9f6c318) thrown at [./src/hotspot/share/prims/jni.cpp, line 615]
Event: 335.206 Thread 0x0000014efada1800 Exception <a 'sun/nio/fs/WindowsException'{0x00000000e9458358}> (0x00000000e9458358) thrown at [./src/hotspot/share/prims/jni.cpp, line 615]
Event: 335.385 Thread 0x0000014efada1800 Exception <a 'sun/nio/fs/WindowsException'{0x00000000e9369450}> (0x00000000e9369450) thrown at [./src/hotspot/share/prims/jni.cpp, line 615]
Event: 335.415 Thread 0x0000014efada8800 Exception <a 'sun/nio/fs/WindowsException'{0x00000000e90bdcc8}> (0x00000000e90bdcc8) thrown at [./src/hotspot/share/prims/jni.cpp, line 615]
Event: 335.557 Thread 0x0000014efada8800 Exception <a 'sun/nio/fs/WindowsException'{0x00000000e8a2de40}> (0x00000000e8a2de40) thrown at [./src/hotspot/share/prims/jni.cpp, line 615]
Event: 335.854 Thread 0x0000014efada1800 Exception <a 'sun/nio/fs/WindowsException'{0x00000000edb32fe8}> (0x00000000edb32fe8) thrown at [./src/hotspot/share/prims/jni.cpp, line 615]
Event: 336.057 Thread 0x0000014efada8800 Exception <a 'sun/nio/fs/WindowsException'{0x00000000edbcfe08}> (0x00000000edbcfe08) thrown at [./src/hotspot/share/prims/jni.cpp, line 615]
Event: 336.080 Thread 0x0000014efada8800 Exception <a 'sun/nio/fs/WindowsException'{0x00000000edaf5a68}> (0x00000000edaf5a68) thrown at [./src/hotspot/share/prims/jni.cpp, line 615]
Event: 336.238 Thread 0x0000014efada1800 Exception <a 'sun/nio/fs/WindowsException'{0x00000000ed9e6840}> (0x00000000ed9e6840) thrown at [./src/hotspot/share/prims/jni.cpp, line 615]
Event: 336.312 Thread 0x0000014efada1800 Exception <a 'sun/nio/fs/WindowsException'{0x00000000ed4cdc28}> (0x00000000ed4cdc28) thrown at [./src/hotspot/share/prims/jni.cpp, line 615]
Event: 336.725 Thread 0x0000014efada1800 Exception <a 'sun/nio/fs/WindowsException'{0x00000000ed3df538}> (0x00000000ed3df538) thrown at [./src/hotspot/share/prims/jni.cpp, line 615]
Event: 336.744 Thread 0x0000014efada1800 Exception <a 'sun/nio/fs/WindowsException'{0x00000000ec952a60}> (0x00000000ec952a60) thrown at [./src/hotspot/share/prims/jni.cpp, line 615]
Event: 337.388 Thread 0x0000014efada8800 Exception <a 'sun/nio/fs/WindowsException'{0x00000000eb79b700}> (0x00000000eb79b700) thrown at [./src/hotspot/share/prims/jni.cpp, line 615]
Event: 337.522 Thread 0x0000014efada1800 Exception <a 'sun/nio/fs/WindowsException'{0x00000000e9c830d0}> (0x00000000e9c830d0) thrown at [./src/hotspot/share/prims/jni.cpp, line 615]
Event: 355.200 Thread 0x0000014efada1800 Exception <a 'sun/nio/fs/WindowsException'{0x00000000ec5a7ed8}> (0x00000000ec5a7ed8) thrown at [./src/hotspot/share/prims/jni.cpp, line 615]
Event: 358.596 Thread 0x0000014efada1800 Exception <a 'sun/nio/fs/WindowsException'{0x00000000ed4eeb38}> (0x00000000ed4eeb38) thrown at [./src/hotspot/share/prims/jni.cpp, line 615]

Events (20 events):
Event: 380.241 Executing VM operation: G1CollectForAllocation done
Event: 380.492 Executing VM operation: G1CollectForAllocation
Event: 380.514 Executing VM operation: G1CollectForAllocation done
Event: 380.810 Executing VM operation: G1CollectForAllocation
Event: 380.832 Executing VM operation: G1CollectForAllocation done
Event: 381.095 Executing VM operation: G1CollectForAllocation
Event: 381.129 Executing VM operation: G1CollectForAllocation done
Event: 381.392 Executing VM operation: G1CollectForAllocation
Event: 381.417 Executing VM operation: G1CollectForAllocation done
Event: 381.671 Executing VM operation: G1CollectForAllocation
Event: 381.698 Executing VM operation: G1CollectForAllocation done
Event: 381.933 Executing VM operation: G1CollectForAllocation
Event: 381.976 Executing VM operation: G1CollectForAllocation done
Event: 382.290 Executing VM operation: G1CollectForAllocation
Event: 382.351 Executing VM operation: G1CollectForAllocation done
Event: 382.646 Executing VM operation: G1CollectForAllocation
Event: 382.694 Executing VM operation: G1CollectForAllocation done
Event: 383.002 Executing VM operation: G1CollectForAllocation
Event: 383.029 Executing VM operation: G1CollectForAllocation done
Event: 383.275 Executing VM operation: G1CollectForAllocation


Dynamic libraries:
0x00007ff60a970000 - 0x00007ff60a97a000 	C:\Users\felip\OneDrive\Desktop\android-studio\jre\bin\java.exe
0x00007ff9eee70000 - 0x00007ff9ef065000 	C:\Windows\SYSTEM32\ntdll.dll
0x00007ff9e0a50000 - 0x00007ff9e0a66000 	C:\Program Files\Avast Software\Avast\aswhook.dll
0x00007ff9ecec0000 - 0x00007ff9ecf7e000 	C:\Windows\System32\KERNEL32.DLL
0x00007ff9ec870000 - 0x00007ff9ecb38000 	C:\Windows\System32\KERNELBASE.dll
0x00007ff9ec6d0000 - 0x00007ff9ec7d0000 	C:\Windows\System32\ucrtbase.dll
0x00007ff9d71f0000 - 0x00007ff9d7209000 	C:\Users\felip\OneDrive\Desktop\android-studio\jre\bin\jli.dll
0x00007ff9eec80000 - 0x00007ff9eee21000 	C:\Windows\System32\USER32.dll
0x00007ff9ece90000 - 0x00007ff9eceb2000 	C:\Windows\System32\win32u.dll
0x00007ff9ee350000 - 0x00007ff9ee37b000 	C:\Windows\System32\GDI32.dll
0x00007ff9ecd00000 - 0x00007ff9ece0b000 	C:\Windows\System32\gdi32full.dll
0x00007ff9ec7d0000 - 0x00007ff9ec86d000 	C:\Windows\System32\msvcp_win.dll
0x00007ff9e0400000 - 0x00007ff9e069a000 	C:\Windows\WinSxS\amd64_microsoft.windows.common-controls_6595b64144ccf1df_6.0.19041.1110_none_60b5254171f9507e\COMCTL32.dll
0x00007ff9d6c60000 - 0x00007ff9d6c77000 	C:\Users\felip\OneDrive\Desktop\android-studio\jre\bin\VCRUNTIME140.dll
0x00007ff9ed270000 - 0x00007ff9ed30e000 	C:\Windows\System32\msvcrt.dll
0x00007ff9ed690000 - 0x00007ff9ed6c0000 	C:\Windows\System32\IMM32.DLL
0x00007ff9d3f80000 - 0x00007ff9d401d000 	C:\Users\felip\OneDrive\Desktop\android-studio\jre\bin\msvcp140.dll
0x00007ff9c4c30000 - 0x00007ff9c5705000 	C:\Users\felip\OneDrive\Desktop\android-studio\jre\bin\server\jvm.dll
0x00007ff9ee600000 - 0x00007ff9ee6ac000 	C:\Windows\System32\ADVAPI32.dll
0x00007ff9ed6c0000 - 0x00007ff9ed75b000 	C:\Windows\System32\sechost.dll
0x00007ff9edec0000 - 0x00007ff9edfea000 	C:\Windows\System32\RPCRT4.dll
0x00007ff9ee740000 - 0x00007ff9ee748000 	C:\Windows\System32\PSAPI.DLL
0x00007ff9ddaf0000 - 0x00007ff9ddaf9000 	C:\Windows\SYSTEM32\WSOCK32.dll
0x00007ff9e0a70000 - 0x00007ff9e0a7a000 	C:\Windows\SYSTEM32\VERSION.dll
0x00007ff9d4c70000 - 0x00007ff9d4c97000 	C:\Windows\SYSTEM32\WINMM.dll
0x00007ff9ee440000 - 0x00007ff9ee4ab000 	C:\Windows\System32\WS2_32.dll
0x00007ff9ea3b0000 - 0x00007ff9ea3c2000 	C:\Windows\SYSTEM32\kernel.appcore.dll
0x00007ff9e78e0000 - 0x00007ff9e78f1000 	C:\Users\felip\OneDrive\Desktop\android-studio\jre\bin\verify.dll
0x00007ff9e0860000 - 0x00007ff9e0a44000 	C:\Windows\SYSTEM32\DBGHELP.DLL
0x00007ff9e0830000 - 0x00007ff9e085c000 	C:\Windows\SYSTEM32\dbgcore.DLL
0x00007ff9ec590000 - 0x00007ff9ec613000 	C:\Windows\System32\bcryptPrimitives.dll
0x00007ff9e6250000 - 0x00007ff9e6279000 	C:\Users\felip\OneDrive\Desktop\android-studio\jre\bin\java.dll
0x00007ff9e8300000 - 0x00007ff9e830b000 	C:\Users\felip\OneDrive\Desktop\android-studio\jre\bin\jimage.dll
0x00007ff9e75d0000 - 0x00007ff9e75e8000 	C:\Users\felip\OneDrive\Desktop\android-studio\jre\bin\zip.dll
0x00007ff9ed760000 - 0x00007ff9ede9f000 	C:\Windows\System32\SHELL32.dll
0x00007ff9ea690000 - 0x00007ff9eae20000 	C:\Windows\SYSTEM32\windows.storage.dll
0x00007ff9edff0000 - 0x00007ff9ee345000 	C:\Windows\System32\combase.dll
0x00007ff9ebf10000 - 0x00007ff9ebf3e000 	C:\Windows\SYSTEM32\Wldp.dll
0x00007ff9ee750000 - 0x00007ff9ee7fd000 	C:\Windows\System32\SHCORE.dll
0x00007ff9ed130000 - 0x00007ff9ed185000 	C:\Windows\System32\shlwapi.dll
0x00007ff9ec4d0000 - 0x00007ff9ec4ef000 	C:\Windows\SYSTEM32\profapi.dll
0x00007ff9e71f0000 - 0x00007ff9e720a000 	C:\Users\felip\OneDrive\Desktop\android-studio\jre\bin\net.dll
0x00007ff9e37b0000 - 0x00007ff9e38bc000 	C:\Windows\SYSTEM32\WINHTTP.dll
0x00007ff9ebc70000 - 0x00007ff9ebcda000 	C:\Windows\system32\mswsock.dll
0x00007ff9e5e60000 - 0x00007ff9e5e74000 	C:\Users\felip\OneDrive\Desktop\android-studio\jre\bin\nio.dll
0x00007ff9d8710000 - 0x00007ff9d8737000 	C:\Users\felip\.gradle\native\8bec1ad78214c89d9ad589b4d07fe93259594b29d510b10fafb7a158f7737e5d\windows-amd64\native-platform.dll
0x00007ff9ccc40000 - 0x00007ff9ccd7d000 	C:\Users\felip\.gradle\native\53dbd7edfb1c66fb8903c78663c9afc45aea4f116125fa6feffd364cf09443e8\windows-amd64\native-platform-file-events.dll
0x00007ff9e7f80000 - 0x00007ff9e7f8a000 	C:\Users\felip\OneDrive\Desktop\android-studio\jre\bin\management.dll
0x00007ff9e7540000 - 0x00007ff9e754d000 	C:\Users\felip\OneDrive\Desktop\android-studio\jre\bin\management_ext.dll
0x00007ff9ebe70000 - 0x00007ff9ebe88000 	C:\Windows\SYSTEM32\CRYPTSP.dll
0x00007ff9eb5f0000 - 0x00007ff9eb624000 	C:\Windows\system32\rsaenh.dll
0x00007ff9ece60000 - 0x00007ff9ece87000 	C:\Windows\System32\bcrypt.dll
0x00007ff9ec450000 - 0x00007ff9ec47e000 	C:\Windows\SYSTEM32\USERENV.dll
0x00007ff9ebe60000 - 0x00007ff9ebe6c000 	C:\Windows\SYSTEM32\CRYPTBASE.dll
0x00007ff9eb960000 - 0x00007ff9eb99b000 	C:\Windows\SYSTEM32\IPHLPAPI.DLL
0x00007ff9ee380000 - 0x00007ff9ee388000 	C:\Windows\System32\NSI.dll
0x00007ff9e6bc0000 - 0x00007ff9e6bd7000 	C:\Windows\SYSTEM32\dhcpcsvc6.DLL
0x00007ff9e5c80000 - 0x00007ff9e5c9d000 	C:\Windows\SYSTEM32\dhcpcsvc.DLL
0x00007ff9eb9a0000 - 0x00007ff9eba6b000 	C:\Windows\SYSTEM32\DNSAPI.dll

dbghelp: loaded successfully - version: 4.0.5 - missing functions: none
symbol engine: initialized successfully - sym options: 0x614 - pdb path: .;C:\Users\felip\OneDrive\Desktop\android-studio\jre\bin;C:\Windows\SYSTEM32;C:\Program Files\Avast Software\Avast;C:\Windows\WinSxS\amd64_microsoft.windows.common-controls_6595b64144ccf1df_6.0.19041.1110_none_60b5254171f9507e;C:\Users\felip\OneDrive\Desktop\android-studio\jre\bin\server;C:\Users\felip\.gradle\native\8bec1ad78214c89d9ad589b4d07fe93259594b29d510b10fafb7a158f7737e5d\windows-amd64;C:\Users\felip\.gradle\native\53dbd7edfb1c66fb8903c78663c9afc45aea4f116125fa6feffd364cf09443e8\windows-amd64

VM Arguments:
jvm_args: --add-opens=java.base/java.util=ALL-UNNAMED --add-opens=java.base/java.lang=ALL-UNNAMED --add-opens=java.base/java.lang.invoke=ALL-UNNAMED --add-opens=java.base/java.util=ALL-UNNAMED --add-opens=java.prefs/java.util.prefs=ALL-UNNAMED --add-opens=java.prefs/java.util.prefs=ALL-UNNAMED --add-opens=java.base/java.nio.charset=ALL-UNNAMED --add-opens=java.base/java.net=ALL-UNNAMED --add-opens=java.base/java.util.concurrent.atomic=ALL-UNNAMED -Xmx512m -Dfile.encoding=UTF-8 -Duser.country=US -Duser.language=en -Duser.variant 
java_command: org.gradle.launcher.daemon.bootstrap.GradleDaemon 7.0.2
java_class_path (initial): C:\Users\felip\.gradle\wrapper\dists\gradle-7.0.2-bin\857tjihv64xamwrf0h14cai3r\gradle-7.0.2\lib\gradle-launcher-7.0.2.jar
Launcher Type: SUN_STANDARD

[Global flags]
     intx CICompilerCount                          = 2                                         {product} {ergonomic}
     uint ConcGCThreads                            = 1                                         {product} {ergonomic}
     uint G1ConcRefinementThreads                  = 2                                         {product} {ergonomic}
   size_t G1HeapRegionSize                         = 1048576                                   {product} {ergonomic}
    uintx GCDrainStackTargetSize                   = 64                                        {product} {ergonomic}
   size_t InitialHeapSize                          = 67108864                                  {product} {ergonomic}
   size_t MarkStackSize                            = 4194304                                   {product} {ergonomic}
   size_t MaxHeapSize                              = 536870912                                 {product} {command line}
   size_t MaxNewSize                               = 321912832                                 {product} {ergonomic}
   size_t MinHeapDeltaBytes                        = 1048576                                   {product} {ergonomic}
    uintx NonNMethodCodeHeapSize                   = 5825164                                {pd product} {ergonomic}
    uintx NonProfiledCodeHeapSize                  = 122916538                              {pd product} {ergonomic}
    uintx ProfiledCodeHeapSize                     = 122916538                              {pd product} {ergonomic}
    uintx ReservedCodeCacheSize                    = 251658240                              {pd product} {ergonomic}
     bool SegmentedCodeCache                       = true                                      {product} {ergonomic}
     bool UseCompressedClassPointers               = true                                 {lp64_product} {ergonomic}
     bool UseCompressedOops                        = true                                 {lp64_product} {ergonomic}
     bool UseG1GC                                  = true                                      {product} {ergonomic}
     bool UseLargePagesIndividualAllocation        = false                                  {pd product} {ergonomic}

Logging:
Log output configuration:
 #0: stdout all=warning uptime,level,tags
 #1: stderr all=off uptime,level,tags

Environment Variables:
PATH=C:\Program Files\Common Files\Oracle\Java\javapath;C:\Program Files (x86)\Common Files\Oracle\Java\javapath;C:\Windows\system32;C:\Windows;C:\Windows\System32\Wbem;C:\Windows\System32\WindowsPowerShell\v1.0\;C:\Windows\System32\OpenSSH\;C:\ProgramData\chocolatey\bin;C:\Program Files (x86)\Yarn\bin\;C:\Program Files\Git\cmd;C:\Program Files\nodejs\;C:\Users\felip\AppData\Local\Microsoft\WindowsApps;C:\Users\felip\AppData\Local\Programs\Microsoft VS Code\bin;C:\Users\felip\AppData\Local\Yarn\bin;C:\Users\felip\AppData\Local\GitHubDesktop\bin;C:\Users\felip\AppData\Roaming\npm
USERNAME=felip
OS=Windows_NT
PROCESSOR_IDENTIFIER=Intel64 Family 6 Model 23 Stepping 10, GenuineIntel



---------------  S Y S T E M  ---------------

OS: Windows 10 , 64 bit Build 19041 (10.0.19041.1348)
OS uptime: 1 days 15:17 hours

CPU:total 2 (initial active 2) (2 cores per cpu, 1 threads per core) family 6 model 23 stepping 10 microcode 0xa0c, cmov, cx8, fxsr, mmx, sse, sse2, sse3, ssse3, tsc

Memory: 4k page, system-wide physical 4061M (51M free)
TotalPageFile size 4061M (AvailPageFile size 13M)
current process WorkingSet (physical memory assigned to process): 495M, peak: 500M
current process commit charge ("private bytes"): 624M, peak: 676M

vm_info: OpenJDK 64-Bit Server VM (11.0.11+9-b60-7590822) for windows-amd64 JRE (11.0.11+9-b60-7590822), built on Jul 29 2021 21:43:44 by "builder" with MS VC++ 14.0 (VS2015)

END.
