#
# There is insufficient memory for the Java Runtime Environment to continue.
# Native memory allocation (malloc) failed to allocate 1363536 bytes for Chunk::new
# Possible reasons:
#   The system is out of physical RAM or swap space
#   The process is running with CompressedOops enabled, and the Java Heap may be blocking the growth of the native heap
# Possible solutions:
#   Reduce memory load on the system
#   Increase physical memory or swap space
#   Check if swap backing store is full
#   Decrease Java heap size (-Xmx/-Xms)
#   Decrease number of Java threads
#   Decrease Java thread stack sizes (-Xss)
#   Set larger code cache with -XX:ReservedCodeCacheSize=
#   JVM is running with Unscaled Compressed Oops mode in which the Java heap is
#     placed in the first 4GB address space. The Java Heap base address is the
#     maximum limit for the native heap growth. Please use -XX:HeapBaseMinAddress
#     to set the Java Heap base and to place the Java Heap above 4GB virtual address.
# This output file may be truncated or incomplete.
#
#  Out of Memory Error (allocation.cpp:389), pid=7396, tid=0x00000000000009d4
#
# JRE version: OpenJDK Runtime Environment (8.0_242-b01) (build 1.8.0_242-release-1644-b01)
# Java VM: OpenJDK 64-Bit Server VM (25.242-b01 mixed mode windows-amd64 compressed oops)
# Failed to write core dump. Minidumps are not enabled by default on client versions of Windows
#

---------------  T H R E A D  ---------------

Current thread (0x0000000017af1000):  JavaThread "C2 CompilerThread0" daemon [_thread_in_native, id=2516, stack(0x0000000018b20000,0x0000000018c20000)]

Stack: [0x0000000018b20000,0x0000000018c20000]
[error occurred during error reporting (printing stack bounds), id 0xc0000005]

Native frames: (J=compiled Java code, j=interpreted, Vv=VM code, C=native code)


Current CompileTask:
C2:  47675 3344       4       java.net.URLClassLoader$1::run (5 bytes)


---------------  P R O C E S S  ---------------

Java Threads: ( => current thread )
  0x000000001a55e800 JavaThread "Cache worker for execution history cache (C:\Users\felip\.gradle\caches\7.0.2\executionHistory)" [_thread_blocked, id=8992, stack(0x000000001f4d0000,0x000000001f5d0000)]
  0x000000001ac29800 JavaThread "Cache worker for cache directory md-rule (C:\Users\felip\.gradle\caches\7.0.2\md-rule)" [_thread_blocked, id=4024, stack(0x000000001f3d0000,0x000000001f4d0000)]
  0x000000001ac28800 JavaThread "Cache worker for cache directory md-supplier (C:\Users\felip\.gradle\caches\7.0.2\md-supplier)" [_thread_blocked, id=4468, stack(0x000000001f0d0000,0x000000001f1d0000)]
  0x000000001ac27000 JavaThread "Cache worker for checksums cache (C:\Users\felip\AndroidStudioProjects\VideoApp\.gradle\checksums)" [_thread_blocked, id=192, stack(0x000000001efd0000,0x000000001f0d0000)]
  0x000000001ac2b000 JavaThread "jar transforms Thread 2" [_thread_blocked, id=9472, stack(0x000000001ecd0000,0x000000001edd0000)]
  0x000000001ac26800 JavaThread "jar transforms" [_thread_blocked, id=8008, stack(0x000000001e9d0000,0x000000001ead0000)]
  0x000000001ac2d000 JavaThread "File watcher consumer" daemon [_thread_blocked, id=3240, stack(0x000000001e8d0000,0x000000001e9d0000)]
  0x000000001ac2c800 JavaThread "File watcher server" daemon [_thread_in_native, id=6780, stack(0x000000001e7d0000,0x000000001e8d0000)]
  0x000000001ac2b800 JavaThread "Cache worker for file hash cache (C:\Users\felip\AndroidStudioProjects\VideoApp\.gradle\7.0.2\fileHashes)" [_thread_blocked, id=2964, stack(0x000000001e6d0000,0x000000001e7d0000)]
  0x000000001ac2a000 JavaThread "Cache worker for journal cache (C:\Users\felip\.gradle\caches\journal-1)" [_thread_blocked, id=5912, stack(0x000000001d400000,0x000000001d500000)]
  0x000000001ac28000 JavaThread "File lock request listener" [_thread_in_native, id=5052, stack(0x000000001c130000,0x000000001c230000)]
  0x000000001a976000 JavaThread "Cache worker for file hash cache (C:\Users\felip\.gradle\caches\7.0.2\fileHashes)" [_thread_blocked, id=876, stack(0x000000001c030000,0x000000001c130000)]
  0x00000000191e4000 JavaThread "Daemon client event forwarder" [_thread_blocked, id=2156, stack(0x000000001bd30000,0x000000001be30000)]
  0x0000000019d77800 JavaThread "Stdin handler" [_thread_blocked, id=8780, stack(0x000000001bc30000,0x000000001bd30000)]
  0x0000000019d77000 JavaThread "Asynchronous log dispatcher for DefaultDaemonConnection: socket connection from /127.0.0.1:8265 to /127.0.0.1:8266" [_thread_blocked, id=10160, stack(0x000000001bb30000,0x000000001bc30000)]
  0x0000000019d73800 JavaThread "Daemon worker" [_thread_in_native, id=5304, stack(0x000000001ba30000,0x000000001bb30000)]
  0x0000000019d83800 JavaThread "Cancel handler" [_thread_blocked, id=3512, stack(0x000000001b930000,0x000000001ba30000)]
  0x0000000019d59800 JavaThread "Handler for socket connection from /127.0.0.1:8265 to /127.0.0.1:8266" [_thread_in_native, id=3328, stack(0x000000001b830000,0x000000001b930000)]
  0x000000001a0f8800 JavaThread "Daemon" [_thread_blocked, id=4872, stack(0x000000001b730000,0x000000001b830000)]
  0x0000000019d91000 JavaThread "Daemon periodic checks" [_thread_blocked, id=6624, stack(0x000000001b430000,0x000000001b530000)]
  0x0000000019d8e000 JavaThread "Incoming local TCP Connector on port 8265" [_thread_in_native, id=10088, stack(0x000000001b1f0000,0x000000001b2f0000)]
  0x000000001a8a4000 JavaThread "Daemon health stats" [_thread_blocked, id=7412, stack(0x000000001adb0000,0x000000001aeb0000)]
  0x0000000017b66000 JavaThread "Service Thread" daemon [_thread_blocked, id=1448, stack(0x0000000018d20000,0x0000000018e20000)]
  0x0000000017aff000 JavaThread "C1 CompilerThread1" daemon [_thread_blocked, id=9332, stack(0x0000000018c20000,0x0000000018d20000)]
=>0x0000000017af1000 JavaThread "C2 CompilerThread0" daemon [_thread_in_native, id=2516, stack(0x0000000018b20000,0x0000000018c20000)]
  0x0000000017aef800 JavaThread "Attach Listener" daemon [_thread_blocked, id=8664, stack(0x0000000018a20000,0x0000000018b20000)]
  0x000000000310e800 JavaThread "Signal Dispatcher" daemon [_thread_blocked, id=5092, stack(0x0000000018920000,0x0000000018a20000)]
  0x0000000003106800 JavaThread "Finalizer" daemon [_thread_blocked, id=5992, stack(0x0000000018720000,0x0000000018820000)]
  0x0000000017ad7000 JavaThread "Reference Handler" daemon [_thread_blocked, id=280, stack(0x0000000018620000,0x0000000018720000)]
  0x000000000169e000 JavaThread "main" [_thread_blocked, id=9756, stack(0x0000000002e80000,0x0000000002f80000)]

Other Threads:
  0x0000000017ab4800 VMThread [stack: 0x0000000018520000,0x0000000018620000] [id=1644]
  0x0000000017b68800 WatcherThread [stack: 0x0000000018e20000,0x0000000018f20000] [id=460]

VM state:not at safepoint (normal execution)

VM Mutex/Monitor currently owned by a thread: None

heap address: 0x0000000080000000, size: 2048 MB, Compressed Oops mode: 32-bit
Narrow klass base: 0x0000000000000000, Narrow klass shift: 3
Compressed class space size: 1073741824 Address: 0x0000000100000000

Heap:
 PSYoungGen      total 137216K, used 18415K [0x00000000d5580000, 0x00000000de480000, 0x0000000100000000)
  eden space 128000K, 14% used [0x00000000d5580000,0x00000000d677bf20,0x00000000dd280000)
  from space 9216K, 0% used [0x00000000ddb80000,0x00000000ddb80000,0x00000000de480000)
  to   space 9216K, 0% used [0x00000000dd280000,0x00000000dd280000,0x00000000ddb80000)
 ParOldGen       total 49152K, used 14438K [0x0000000080000000, 0x0000000083000000, 0x00000000d5580000)
  object space 49152K, 29% used [0x0000000080000000,0x0000000080e198f0,0x0000000083000000)
 Metaspace       used 35885K, capacity 37460K, committed 37760K, reserved 1081344K
  class space    used 5089K, capacity 5432K, committed 5504K, reserved 1048576K

Card table byte_map: [0x00000000124d0000,0x00000000128e0000] byte_map_base: 0x00000000120d0000

Marking Bits: (ParMarkBitMap*) 0x000000006639f030
 Begin Bits: [0x0000000012d90000, 0x0000000014d90000)
 End Bits:   [0x0000000014d90000, 0x0000000016d90000)

Polling page: 0x00000000015b0000

CodeCache: size=245760Kb used=10599Kb max_used=10599Kb free=235160Kb
 bounds [0x0000000003110000, 0x0000000003b80000, 0x0000000012110000]
 total_blobs=3716 nmethods=3135 adapters=494
 compilation: enabled

Compilation events (10 events):
Event: 47.483 Thread 0x0000000017aff000 3427  s!   2       java.beans.PropertyDescriptor::getPropertyType (33 bytes)
Event: 47.484 Thread 0x0000000017aff000 nmethod 3427 0x0000000003b6f190 code [0x0000000003b6f340, 0x0000000003b6f848]
Event: 47.486 Thread 0x0000000017aff000 3428       2       org.codehaus.groovy.util.ComplexKeyHashMap$1::nextEntry (69 bytes)
Event: 47.486 Thread 0x0000000017aff000 nmethod 3428 0x0000000003b6fb10 code [0x0000000003b6fc80, 0x0000000003b6ff48]
Event: 47.487 Thread 0x0000000017aff000 3429       2       org.codehaus.groovy.reflection.CachedField::getModifiers (8 bytes)
Event: 47.487 Thread 0x0000000017aff000 nmethod 3429 0x0000000003b70190 code [0x0000000003b702e0, 0x0000000003b70430]
Event: 47.505 Thread 0x0000000017aff000 3430       2       java.util.concurrent.locks.ReentrantLock::isHeldByCurrentThread (8 bytes)
Event: 47.506 Thread 0x0000000017aff000 nmethod 3430 0x0000000003b704d0 code [0x0000000003b70620, 0x0000000003b70790]
Event: 47.544 Thread 0x0000000017aff000 3431       2       java.lang.String::equalsIgnoreCase (48 bytes)
Event: 47.546 Thread 0x0000000017aff000 nmethod 3431 0x0000000003b70850 code [0x0000000003b709c0, 0x0000000003b70ba8]

GC Heap History (10 events):
Event: 17.326 GC heap before
{Heap before GC invocations=8 (full 0):
 PSYoungGen      total 71168K, used 39043K [0x00000000d5580000, 0x00000000de480000, 0x0000000100000000)
  eden space 64000K, 49% used [0x00000000d5580000,0x00000000d74a1fc8,0x00000000d9400000)
  from space 7168K, 99% used [0x00000000d9400000,0x00000000d9afef58,0x00000000d9b00000)
  to   space 9216K, 0% used [0x00000000ddb80000,0x00000000ddb80000,0x00000000de480000)
 ParOldGen       total 44032K, used 7791K [0x0000000080000000, 0x0000000082b00000, 0x00000000d5580000)
  object space 44032K, 17% used [0x0000000080000000,0x000000008079bd98,0x0000000082b00000)
 Metaspace       used 20428K, capacity 21228K, committed 21296K, reserved 1067008K
  class space    used 2948K, capacity 3184K, committed 3200K, reserved 1048576K
Event: 17.354 GC heap after
Heap after GC invocations=8 (full 0):
 PSYoungGen      total 137216K, used 6188K [0x00000000d5580000, 0x00000000de480000, 0x0000000100000000)
  eden space 128000K, 0% used [0x00000000d5580000,0x00000000d5580000,0x00000000dd280000)
  from space 9216K, 67% used [0x00000000ddb80000,0x00000000de18b0f8,0x00000000de480000)
  to   space 9216K, 0% used [0x00000000dd280000,0x00000000dd280000,0x00000000ddb80000)
 ParOldGen       total 44032K, used 8191K [0x0000000080000000, 0x0000000082b00000, 0x00000000d5580000)
  object space 44032K, 18% used [0x0000000080000000,0x00000000807ffcf0,0x0000000082b00000)
 Metaspace       used 20428K, capacity 21228K, committed 21296K, reserved 1067008K
  class space    used 2948K, capacity 3184K, committed 3200K, reserved 1048576K
}
Event: 17.354 GC heap before
{Heap before GC invocations=9 (full 1):
 PSYoungGen      total 137216K, used 6188K [0x00000000d5580000, 0x00000000de480000, 0x0000000100000000)
  eden space 128000K, 0% used [0x00000000d5580000,0x00000000d5580000,0x00000000dd280000)
  from space 9216K, 67% used [0x00000000ddb80000,0x00000000de18b0f8,0x00000000de480000)
  to   space 9216K, 0% used [0x00000000dd280000,0x00000000dd280000,0x00000000ddb80000)
 ParOldGen       total 44032K, used 8191K [0x0000000080000000, 0x0000000082b00000, 0x00000000d5580000)
  object space 44032K, 18% used [0x0000000080000000,0x00000000807ffcf0,0x0000000082b00000)
 Metaspace       used 20428K, capacity 21228K, committed 21296K, reserved 1067008K
  class space    used 2948K, capacity 3184K, committed 3200K, reserved 1048576K
Event: 17.513 GC heap after
Heap after GC invocations=9 (full 1):
 PSYoungGen      total 137216K, used 0K [0x00000000d5580000, 0x00000000de480000, 0x0000000100000000)
  eden space 128000K, 0% used [0x00000000d5580000,0x00000000d5580000,0x00000000dd280000)
  from space 9216K, 0% used [0x00000000ddb80000,0x00000000ddb80000,0x00000000de480000)
  to   space 9216K, 0% used [0x00000000dd280000,0x00000000dd280000,0x00000000ddb80000)
 ParOldGen       total 35840K, used 10706K [0x0000000080000000, 0x0000000082300000, 0x00000000d5580000)
  object space 35840K, 29% used [0x0000000080000000,0x0000000080a74b30,0x0000000082300000)
 Metaspace       used 20428K, capacity 21228K, committed 21296K, reserved 1067008K
  class space    used 2948K, capacity 3184K, committed 3200K, reserved 1048576K
}
Event: 44.321 GC heap before
{Heap before GC invocations=10 (full 1):
 PSYoungGen      total 137216K, used 128000K [0x00000000d5580000, 0x00000000de480000, 0x0000000100000000)
  eden space 128000K, 100% used [0x00000000d5580000,0x00000000dd280000,0x00000000dd280000)
  from space 9216K, 0% used [0x00000000ddb80000,0x00000000ddb80000,0x00000000de480000)
  to   space 9216K, 0% used [0x00000000dd280000,0x00000000dd280000,0x00000000ddb80000)
 ParOldGen       total 35840K, used 10706K [0x0000000080000000, 0x0000000082300000, 0x00000000d5580000)
  object space 35840K, 29% used [0x0000000080000000,0x0000000080a74b30,0x0000000082300000)
 Metaspace       used 32789K, capacity 34230K, committed 34304K, reserved 1079296K
  class space    used 4741K, capacity 5091K, committed 5120K, reserved 1048576K
Event: 44.399 GC heap after
Heap after GC invocations=10 (full 1):
 PSYoungGen      total 137216K, used 9188K [0x00000000d5580000, 0x00000000de480000, 0x0000000100000000)
  eden space 128000K, 0% used [0x00000000d5580000,0x00000000d5580000,0x00000000dd280000)
  from space 9216K, 99% used [0x00000000dd280000,0x00000000ddb79140,0x00000000ddb80000)
  to   space 9216K, 0% used [0x00000000ddb80000,0x00000000ddb80000,0x00000000de480000)
 ParOldGen       total 35840K, used 15476K [0x0000000080000000, 0x0000000082300000, 0x00000000d5580000)
  object space 35840K, 43% used [0x0000000080000000,0x0000000080f1d028,0x0000000082300000)
 Metaspace       used 32789K, capacity 34230K, committed 34304K, reserved 1079296K
  class space    used 4741K, capacity 5091K, committed 5120K, reserved 1048576K
}
Event: 45.628 GC heap before
{Heap before GC invocations=11 (full 1):
 PSYoungGen      total 137216K, used 43446K [0x00000000d5580000, 0x00000000de480000, 0x0000000100000000)
  eden space 128000K, 26% used [0x00000000d5580000,0x00000000d76f4948,0x00000000dd280000)
  from space 9216K, 99% used [0x00000000dd280000,0x00000000ddb79140,0x00000000ddb80000)
  to   space 9216K, 0% used [0x00000000ddb80000,0x00000000ddb80000,0x00000000de480000)
 ParOldGen       total 35840K, used 15476K [0x0000000080000000, 0x0000000082300000, 0x00000000d5580000)
  object space 35840K, 43% used [0x0000000080000000,0x0000000080f1d028,0x0000000082300000)
 Metaspace       used 33842K, capacity 35358K, committed 35456K, reserved 1079296K
  class space    used 4847K, capacity 5193K, committed 5248K, reserved 1048576K
Event: 45.653 GC heap after
Heap after GC invocations=11 (full 1):
 PSYoungGen      total 137216K, used 7434K [0x00000000d5580000, 0x00000000de480000, 0x0000000100000000)
  eden space 128000K, 0% used [0x00000000d5580000,0x00000000d5580000,0x00000000dd280000)
  from space 9216K, 80% used [0x00000000ddb80000,0x00000000de2c2bc8,0x00000000de480000)
  to   space 9216K, 0% used [0x00000000dd280000,0x00000000dd280000,0x00000000ddb80000)
 ParOldGen       total 35840K, used 15484K [0x0000000080000000, 0x0000000082300000, 0x00000000d5580000)
  object space 35840K, 43% used [0x0000000080000000,0x0000000080f1f028,0x0000000082300000)
 Metaspace       used 33842K, capacity 35358K, committed 35456K, reserved 1079296K
  class space    used 4847K, capacity 5193K, committed 5248K, reserved 1048576K
}
Event: 45.653 GC heap before
{Heap before GC invocations=12 (full 2):
 PSYoungGen      total 137216K, used 7434K [0x00000000d5580000, 0x00000000de480000, 0x0000000100000000)
  eden space 128000K, 0% used [0x00000000d5580000,0x00000000d5580000,0x00000000dd280000)
  from space 9216K, 80% used [0x00000000ddb80000,0x00000000de2c2bc8,0x00000000de480000)
  to   space 9216K, 0% used [0x00000000dd280000,0x00000000dd280000,0x00000000ddb80000)
 ParOldGen       total 35840K, used 15484K [0x0000000080000000, 0x0000000082300000, 0x00000000d5580000)
  object space 35840K, 43% used [0x0000000080000000,0x0000000080f1f028,0x0000000082300000)
 Metaspace       used 33842K, capacity 35358K, committed 35456K, reserved 1079296K
  class space    used 4847K, capacity 5193K, committed 5248K, reserved 1048576K
Event: 45.846 GC heap after
Heap after GC invocations=12 (full 2):
 PSYoungGen      total 137216K, used 0K [0x00000000d5580000, 0x00000000de480000, 0x0000000100000000)
  eden space 128000K, 0% used [0x00000000d5580000,0x00000000d5580000,0x00000000dd280000)
  from space 9216K, 0% used [0x00000000ddb80000,0x00000000ddb80000,0x00000000de480000)
  to   space 9216K, 0% used [0x00000000dd280000,0x00000000dd280000,0x00000000ddb80000)
 ParOldGen       total 49152K, used 14438K [0x0000000080000000, 0x0000000083000000, 0x00000000d5580000)
  object space 49152K, 29% used [0x0000000080000000,0x0000000080e198f0,0x0000000083000000)
 Metaspace       used 33842K, capacity 35358K, committed 35456K, reserved 1079296K
  class space    used 4847K, capacity 5193K, committed 5248K, reserved 1048576K
}

Deoptimization events (10 events):
Event: 42.712 Thread 0x0000000019d73800 Uncommon trap: reason=bimorphic action=maybe_recompile pc=0x0000000003700410 method=java.io.BufferedInputStream.read([BII)I @ 101
Event: 42.714 Thread 0x0000000019d73800 Uncommon trap: reason=bimorphic action=maybe_recompile pc=0x0000000003700410 method=java.io.BufferedInputStream.read([BII)I @ 101
Event: 42.715 Thread 0x0000000019d73800 Uncommon trap: reason=bimorphic action=maybe_recompile pc=0x0000000003700410 method=java.io.BufferedInputStream.read([BII)I @ 101
Event: 42.829 Thread 0x0000000019d73800 Uncommon trap: reason=unstable_if action=reinterpret pc=0x00000000034735a8 method=sun.misc.MetaIndex.mayContain(Ljava/lang/String;)Z @ 38
Event: 44.185 Thread 0x0000000019d73800 Uncommon trap: reason=unstable_if action=reinterpret pc=0x00000000035353d4 method=sun.misc.URLClassPath$JarLoader.getResource(Ljava/lang/String;ZLjava/util/Set;)Lsun/misc/Resource; @ 17
Event: 44.400 Thread 0x0000000017ad7000 Uncommon trap: reason=unstable_if action=reinterpret pc=0x00000000036764cc method=java.lang.ref.Reference.tryHandlePending(Z)Z @ 104
Event: 44.591 Thread 0x0000000019d73800 Uncommon trap: reason=unstable_if action=reinterpret pc=0x00000000036a39a8 method=java.util.regex.Pattern$BmpCharProperty.match(Ljava/util/regex/Matcher;ILjava/lang/CharSequence;)Z @ 34
Event: 45.463 Thread 0x0000000019d73800 Uncommon trap: reason=unstable_if action=reinterpret pc=0x000000000372dc34 method=java.lang.ClassLoader.getClassLoadingLock(Ljava/lang/String;)Ljava/lang/Object; @ 6
Event: 47.049 Thread 0x000000001ac26800 Uncommon trap: reason=unstable_if action=reinterpret pc=0x000000000355f930 method=java.lang.String.regionMatches(ZILjava/lang/String;II)Z @ 123
Event: 47.049 Thread 0x000000001ac26800 Uncommon trap: reason=unstable_if action=reinterpret pc=0x00000000033b7ff8 method=java.lang.String.regionMatches(ZILjava/lang/String;II)Z @ 123

Classes redefined (0 events):
No events

Internal exceptions (10 events):
Event: 47.424 Thread 0x0000000019d73800 Exception <a 'java/lang/ClassNotFoundException': org/gradle/groovy/scripts/ScriptBeanInfo> (0x00000000d633a078) thrown at [C:\src\AOSP-openjdk-git\hotspot\src\share\vm\classfile\systemDictionary.cpp, line 210]
Event: 47.430 Thread 0x0000000019d73800 Exception <a 'java/lang/ClassNotFoundException': groovy/lang/ScriptBeanInfo> (0x00000000d636c7b0) thrown at [C:\src\AOSP-openjdk-git\hotspot\src\share\vm\classfile\systemDictionary.cpp, line 210]
Event: 47.432 Thread 0x0000000019d73800 Exception <a 'java/lang/ClassNotFoundException': groovy/lang/ScriptCustomizer> (0x00000000d63a06e0) thrown at [C:\src\AOSP-openjdk-git\hotspot\src\share\vm\classfile\systemDictionary.cpp, line 210]
Event: 47.447 Thread 0x0000000019d73800 Exception <a 'java/lang/ClassNotFoundException': org/gradle/groovy/scripts/ScriptCustomizer> (0x00000000d63c5c78) thrown at [C:\src\AOSP-openjdk-git\hotspot\src\share\vm\classfile\systemDictionary.cpp, line 210]
Event: 47.451 Thread 0x0000000019d73800 Exception <a 'java/lang/ClassNotFoundException': org/gradle/groovy/scripts/BasicScriptCustomizer> (0x00000000d63edbc0) thrown at [C:\src\AOSP-openjdk-git\hotspot\src\share\vm\classfile\systemDictionary.cpp, line 210]
Event: 47.458 Thread 0x0000000019d73800 Exception <a 'java/lang/ClassNotFoundException': org/gradle/groovy/scripts/DefaultScriptCustomizer> (0x00000000d641b4e0) thrown at [C:\src\AOSP-openjdk-git\hotspot\src\share\vm\classfile\systemDictionary.cpp, line 210]
Event: 47.476 Thread 0x0000000019d73800 Exception <a 'java/lang/ClassNotFoundException': org/gradle/initialization/InitScriptCustomizer> (0x00000000d647fcb8) thrown at [C:\src\AOSP-openjdk-git\hotspot\src\share\vm\classfile\systemDictionary.cpp, line 210]
Event: 47.480 Thread 0x0000000019d73800 Exception <a 'java/lang/ClassNotFoundException': sync_studio_tooling11_esf5yi9jet7werxa0m7sg67n4Customizer> (0x00000000d649a700) thrown at [C:\src\AOSP-openjdk-git\hotspot\src\share\vm\classfile\systemDictionary.cpp, line 210]
Event: 47.555 Thread 0x0000000019d73800 Exception <a 'java/lang/ClassNotFoundException': org/gradle/internal/extensibility/DefaultExtraPropertiesExtensionBeanInfo> (0x00000000d65e24b0) thrown at [C:\src\AOSP-openjdk-git\hotspot\src\share\vm\classfile\systemDictionary.cpp, line 210]
Event: 47.556 Thread 0x0000000019d73800 Exception <a 'java/lang/ClassNotFoundException': org/gradle/internal/extensibility/DefaultExtraPropertiesExtensionCustomizer> (0x00000000d660c110) thrown at [C:\src\AOSP-openjdk-git\hotspot\src\share\vm\classfile\systemDictionary.cpp, line 210]

Events (10 events):
Event: 47.621 loading class org/gradle/process/JavaDebugOptions
Event: 47.621 loading class org/gradle/process/JavaDebugOptions done
Event: 47.621 loading class org/gradle/process/internal/JavaForkOptionsInternal
Event: 47.621 loading class org/gradle/process/internal/JavaForkOptionsInternal done
Event: 47.622 loading class org/gradle/process/internal/ExecHandleBuilder
Event: 47.622 loading class org/gradle/process/internal/ExecHandleBuilder done
Event: 47.623 loading class org/gradle/process/internal/ExecAction
Event: 47.623 loading class org/gradle/process/internal/ExecAction done
Event: 47.623 loading class org/gradle/api/internal/model/InstantiatorBackedObjectFactory
Event: 47.623 loading class org/gradle/api/internal/model/InstantiatorBackedObjectFactory done


Dynamic libraries:
0x00007ff77c660000 - 0x00007ff77c691000 	C:\Program Files\Android\Android Studio\jre\bin\java.exe
0x00007ff9d52b0000 - 0x00007ff9d54a5000 	C:\Windows\SYSTEM32\ntdll.dll
0x00007ff9b0f10000 - 0x00007ff9b0f25000 	C:\Program Files\Avast Software\Avast\aswhook.dll
0x00007ff9d3360000 - 0x00007ff9d341e000 	C:\Windows\System32\KERNEL32.DLL
0x00007ff9d29d0000 - 0x00007ff9d2c99000 	C:\Windows\System32\KERNELBASE.dll
0x00007ff9d3df0000 - 0x00007ff9d3e9c000 	C:\Windows\System32\ADVAPI32.dll
0x00007ff9d3d40000 - 0x00007ff9d3dde000 	C:\Windows\System32\msvcrt.dll
0x00007ff9d3c80000 - 0x00007ff9d3d1b000 	C:\Windows\System32\sechost.dll
0x00007ff9d4410000 - 0x00007ff9d453a000 	C:\Windows\System32\RPCRT4.dll
0x00007ff9d45b0000 - 0x00007ff9d4751000 	C:\Windows\System32\USER32.dll
0x00007ff9d3110000 - 0x00007ff9d3132000 	C:\Windows\System32\win32u.dll
0x00007ff9d4080000 - 0x00007ff9d40ab000 	C:\Windows\System32\GDI32.dll
0x00007ff9d2f80000 - 0x00007ff9d308b000 	C:\Windows\System32\gdi32full.dll
0x00007ff9d2d50000 - 0x00007ff9d2ded000 	C:\Windows\System32\msvcp_win.dll
0x00007ff9d2e80000 - 0x00007ff9d2f80000 	C:\Windows\System32\ucrtbase.dll
0x00007ff9c2c60000 - 0x00007ff9c2efa000 	C:\Windows\WinSxS\amd64_microsoft.windows.common-controls_6595b64144ccf1df_6.0.19041.1110_none_60b5254171f9507e\COMCTL32.dll
0x00007ff9d4930000 - 0x00007ff9d4960000 	C:\Windows\System32\IMM32.DLL
0x0000000065a10000 - 0x0000000065ae2000 	C:\Program Files\Android\Android Studio\jre\jre\bin\msvcr100.dll
0x0000000065bd0000 - 0x000000006641b000 	C:\Program Files\Android\Android Studio\jre\jre\bin\server\jvm.dll
0x00007ff9d3bf0000 - 0x00007ff9d3bf8000 	C:\Windows\System32\PSAPI.DLL
0x00007ff9bbe10000 - 0x00007ff9bbe37000 	C:\Windows\SYSTEM32\WINMM.dll
0x00007ff9c9c60000 - 0x00007ff9c9c6a000 	C:\Windows\SYSTEM32\VERSION.dll
0x00007ff9c66e0000 - 0x00007ff9c66e9000 	C:\Windows\SYSTEM32\WSOCK32.dll
0x00007ff9d4540000 - 0x00007ff9d45ab000 	C:\Windows\System32\WS2_32.dll
0x00007ff9ce640000 - 0x00007ff9ce64f000 	C:\Program Files\Android\Android Studio\jre\jre\bin\verify.dll
0x00007ff9c1ea0000 - 0x00007ff9c1ec9000 	C:\Program Files\Android\Android Studio\jre\jre\bin\java.dll
0x00007ff9cb170000 - 0x00007ff9cb186000 	C:\Program Files\Android\Android Studio\jre\jre\bin\zip.dll
0x00007ff9d4960000 - 0x00007ff9d509f000 	C:\Windows\System32\SHELL32.dll
0x00007ff9d0ad0000 - 0x00007ff9d1260000 	C:\Windows\SYSTEM32\windows.storage.dll
0x00007ff9d40b0000 - 0x00007ff9d4405000 	C:\Windows\System32\combase.dll
0x00007ff9d2350000 - 0x00007ff9d237c000 	C:\Windows\SYSTEM32\Wldp.dll
0x00007ff9d3f70000 - 0x00007ff9d401d000 	C:\Windows\System32\SHCORE.dll
0x00007ff9d3710000 - 0x00007ff9d3765000 	C:\Windows\System32\shlwapi.dll
0x00007ff9d2910000 - 0x00007ff9d292f000 	C:\Windows\SYSTEM32\profapi.dll
0x00007ff9c8730000 - 0x00007ff9c874a000 	C:\Program Files\Android\Android Studio\jre\jre\bin\net.dll
0x00007ff9d20b0000 - 0x00007ff9d211a000 	C:\Windows\system32\mswsock.dll
0x00007ff9c8560000 - 0x00007ff9c8573000 	C:\Program Files\Android\Android Studio\jre\jre\bin\nio.dll
0x00007ff9c0b40000 - 0x00007ff9c0b67000 	C:\Users\felip\.gradle\native\8bec1ad78214c89d9ad589b4d07fe93259594b29d510b10fafb7a158f7737e5d\windows-amd64\native-platform.dll
0x00007ff9b0470000 - 0x00007ff9b05ad000 	C:\Users\felip\.gradle\native\53dbd7edfb1c66fb8903c78663c9afc45aea4f116125fa6feffd364cf09443e8\windows-amd64\native-platform-file-events.dll
0x00007ff9ce570000 - 0x00007ff9ce57d000 	C:\Program Files\Android\Android Studio\jre\jre\bin\management.dll
0x00007ff9d22b0000 - 0x00007ff9d22c8000 	C:\Windows\SYSTEM32\CRYPTSP.dll
0x00007ff9d1a30000 - 0x00007ff9d1a64000 	C:\Windows\system32\rsaenh.dll
0x00007ff9d3090000 - 0x00007ff9d30b7000 	C:\Windows\System32\bcrypt.dll
0x00007ff9d28d0000 - 0x00007ff9d28fe000 	C:\Windows\SYSTEM32\USERENV.dll
0x00007ff9d2df0000 - 0x00007ff9d2e73000 	C:\Windows\System32\bcryptprimitives.dll
0x00007ff9d22a0000 - 0x00007ff9d22ac000 	C:\Windows\SYSTEM32\CRYPTBASE.dll
0x00007ff9d1da0000 - 0x00007ff9d1ddb000 	C:\Windows\SYSTEM32\IPHLPAPI.DLL
0x00007ff9d4920000 - 0x00007ff9d4928000 	C:\Windows\System32\NSI.dll
0x00007ff9cabe0000 - 0x00007ff9cabf7000 	C:\Windows\SYSTEM32\dhcpcsvc6.DLL
0x00007ff9cc0b0000 - 0x00007ff9cc0cd000 	C:\Windows\SYSTEM32\dhcpcsvc.DLL
0x00007ff9d1de0000 - 0x00007ff9d1eac000 	C:\Windows\SYSTEM32\DNSAPI.dll

VM Arguments:
jvm_args: -Xmx2048m -Dfile.encoding=UTF-8 -Duser.country=US -Duser.language=en -Duser.variant 
java_command: org.gradle.launcher.daemon.bootstrap.GradleDaemon 7.0.2
java_class_path (initial): C:\Users\felip\.gradle\wrapper\dists\gradle-7.0.2-bin\857tjihv64xamwrf0h14cai3r\gradle-7.0.2\lib\gradle-launcher-7.0.2.jar
Launcher Type: SUN_STANDARD

Environment Variables:
PATH=C:\Program Files\Common Files\Oracle\Java\javapath;C:\Program Files (x86)\Common Files\Oracle\Java\javapath;C:\Windows\system32;C:\Windows;C:\Windows\System32\Wbem;C:\Windows\System32\WindowsPowerShell\v1.0\;C:\Windows\System32\OpenSSH\;C:\ProgramData\chocolatey\bin;C:\Program Files (x86)\Yarn\bin\;C:\Program Files\Git\cmd;C:\Program Files\nodejs\;C:\Users\felip\AppData\Local\Microsoft\WindowsApps;C:\Users\felip\AppData\Local\Programs\Microsoft VS Code\bin;C:\Users\felip\AppData\Local\Yarn\bin;C:\Users\felip\AppData\Local\GitHubDesktop\bin;C:\Users\felip\AppData\Roaming\npm
USERNAME=felip
OS=Windows_NT
PROCESSOR_IDENTIFIER=Intel64 Family 6 Model 23 Stepping 10, GenuineIntel



---------------  S Y S T E M  ---------------

OS: Windows 10.0 , 64 bit Build 19041 (10.0.19041.1202)

CPU:total 2 (initial active 2) (2 cores per cpu, 1 threads per core) family 6 model 23 stepping 10, cmov, cx8, fxsr, mmx, sse, sse2, sse3, ssse3, tsc

Memory: 4k page, physical 4158640k(173176k free), swap 4158640k(5512k free)

vm_info: OpenJDK 64-Bit Server VM (25.242-b01) for windows-amd64 JRE (1.8.0_242-release-1644-b01), built by "builder" with MS VC++ 10.0 (VS2010)

time: Mon Nov 01 10:54:39 2021
timezone: E. South America Standard Time
elapsed time: 47 seconds (0d 0h 0m 47s)

