#
# There is insufficient memory for the Java Runtime Environment to continue.
# Native memory allocation (malloc) failed to allocate 2191216 bytes for Chunk::new
# Possible reasons:
#   The system is out of physical RAM or swap space
#   The process is running with CompressedOops enabled, and the Java Heap may be blocking the growth of the native heap
# Possible solutions:
#   Reduce memory load on the system
#   Increase physical memory or swap space
#   Check if swap backing store is full
#   Decrease Java heap size (-Xmx/-Xms)
#   Decrease number of Java threads
#   Decrease Java thread stack sizes (-Xss)
#   Set larger code cache with -XX:ReservedCodeCacheSize=
#   JVM is running with Unscaled Compressed Oops mode in which the Java heap is
#     placed in the first 4GB address space. The Java Heap base address is the
#     maximum limit for the native heap growth. Please use -XX:HeapBaseMinAddress
#     to set the Java Heap base and to place the Java Heap above 4GB virtual address.
# This output file may be truncated or incomplete.
#
#  Out of Memory Error (./src/hotspot/share/memory/arena.cpp:197), pid=5280, tid=2540
#
# JRE version: OpenJDK Runtime Environment (11.0.11+9) (build 11.0.11+9-b60-7590822)
# Java VM: OpenJDK 64-Bit Server VM (11.0.11+9-b60-7590822, mixed mode, tiered, compressed oops, g1 gc, windows-amd64)
# No core dump will be written. Minidumps are not enabled by default on client versions of Windows
#

---------------  S U M M A R Y ------------

Command Line: --add-opens=java.base/java.util=ALL-UNNAMED --add-opens=java.base/java.lang=ALL-UNNAMED --add-opens=java.base/java.lang.invoke=ALL-UNNAMED --add-opens=java.base/java.util=ALL-UNNAMED --add-opens=java.prefs/java.util.prefs=ALL-UNNAMED --add-opens=java.prefs/java.util.prefs=ALL-UNNAMED --add-opens=java.base/java.nio.charset=ALL-UNNAMED --add-opens=java.base/java.net=ALL-UNNAMED --add-opens=java.base/java.util.concurrent.atomic=ALL-UNNAMED -Xmx1024m -Dfile.encoding=UTF-8 -Duser.country=US -Duser.language=en -Duser.variant org.gradle.launcher.daemon.bootstrap.GradleDaemon 7.0.2

Host: Celeron(R) Dual-Core CPU       T3500  @ 2.10GHz, 2 cores, 3G,  Windows 10 , 64 bit Build 19041 (10.0.19041.1202)
Time: Fri Nov  5 09:05:56 2021 E. South America Standard Time elapsed time: 65.642383 seconds (0d 0h 1m 5s)

---------------  T H R E A D  ---------------

Current thread (0x0000021936971000):  JavaThread "C2 CompilerThread0" daemon [_thread_in_native, id=2540, stack(0x0000005f66e00000,0x0000005f66f00000)]


Current CompileTask:
C2:  65642 4952       4       org.codehaus.groovy.runtime.metaclass.MetaMethodIndex::addMethodToList (131 bytes)

Stack: [0x0000005f66e00000,0x0000005f66f00000]
Native frames: (J=compiled Java code, j=interpreted, Vv=VM code, C=native code)
V  [jvm.dll+0x5f214a]
V  [jvm.dll+0x726fb5]
V  [jvm.dll+0x7285cd]
V  [jvm.dll+0x728c83]
V  [jvm.dll+0x243278]
V  [jvm.dll+0xbc53c]
V  [jvm.dll+0xbca3c]
V  [jvm.dll+0x353e7d]
V  [jvm.dll+0x321893]
V  [jvm.dll+0x320d8a]
V  [jvm.dll+0x1fc1e2]
V  [jvm.dll+0x1fb3d4]
V  [jvm.dll+0x183d6c]
V  [jvm.dll+0x209a57]
V  [jvm.dll+0x2082a1]
V  [jvm.dll+0x6ef58f]
V  [jvm.dll+0x6e80b5]
V  [jvm.dll+0x5f1036]
C  [ucrtbase.dll+0x21bb2]
C  [KERNEL32.DLL+0x17034]
C  [ntdll.dll+0x52651]


---------------  P R O C E S S  ---------------

Threads class SMR info:
_java_thread_list=0x0000021939b92820, length=33, elements={
0x000002191f062800, 0x0000021936908800, 0x0000021936914800, 0x0000021936925000,
0x0000021936928000, 0x000002193696b800, 0x0000021936971000, 0x0000021936973800,
0x0000021936977800, 0x0000021936bca000, 0x0000021937e9e800, 0x00000219383b6800,
0x00000219383b7000, 0x0000021937a6d000, 0x0000021938486000, 0x0000021938200800,
0x0000021937951800, 0x0000021937952000, 0x0000021937991800, 0x0000021936f6d000,
0x0000021936f6d800, 0x0000021936f6e800, 0x0000021936f6b000, 0x0000021936f69800,
0x0000021936f6f800, 0x0000021936f70000, 0x0000021936f6a800, 0x0000021936f6c000,
0x0000021939801000, 0x0000021939802800, 0x0000021939804000, 0x0000021939801800,
0x0000021939800000
}

Java Threads: ( => current thread )
  0x000002191f062800 JavaThread "main" [_thread_blocked, id=860, stack(0x0000005f66200000,0x0000005f66300000)]
  0x0000021936908800 JavaThread "Reference Handler" daemon [_thread_blocked, id=6260, stack(0x0000005f66900000,0x0000005f66a00000)]
  0x0000021936914800 JavaThread "Finalizer" daemon [_thread_blocked, id=7224, stack(0x0000005f66a00000,0x0000005f66b00000)]
  0x0000021936925000 JavaThread "Signal Dispatcher" daemon [_thread_blocked, id=7924, stack(0x0000005f66b00000,0x0000005f66c00000)]
  0x0000021936928000 JavaThread "Attach Listener" daemon [_thread_blocked, id=6228, stack(0x0000005f66c00000,0x0000005f66d00000)]
  0x000002193696b800 JavaThread "Service Thread" daemon [_thread_blocked, id=5556, stack(0x0000005f66d00000,0x0000005f66e00000)]
=>0x0000021936971000 JavaThread "C2 CompilerThread0" daemon [_thread_in_native, id=2540, stack(0x0000005f66e00000,0x0000005f66f00000)]
  0x0000021936973800 JavaThread "C1 CompilerThread0" daemon [_thread_blocked, id=4692, stack(0x0000005f66f00000,0x0000005f67000000)]
  0x0000021936977800 JavaThread "Sweeper thread" daemon [_thread_blocked, id=1372, stack(0x0000005f67000000,0x0000005f67100000)]
  0x0000021936bca000 JavaThread "Common-Cleaner" daemon [_thread_blocked, id=6364, stack(0x0000005f67100000,0x0000005f67200000)]
  0x0000021937e9e800 JavaThread "Daemon health stats" [_thread_blocked, id=5220, stack(0x0000005f67400000,0x0000005f67500000)]
  0x00000219383b6800 JavaThread "Incoming local TCP Connector on port 6798" [_thread_in_native, id=5628, stack(0x0000005f67500000,0x0000005f67600000)]
  0x00000219383b7000 JavaThread "Daemon periodic checks" [_thread_blocked, id=8140, stack(0x0000005f67600000,0x0000005f67700000)]
  0x0000021937a6d000 JavaThread "Daemon" [_thread_blocked, id=6624, stack(0x0000005f67700000,0x0000005f67800000)]
  0x0000021938486000 JavaThread "Handler for socket connection from /127.0.0.1:6798 to /127.0.0.1:6799" [_thread_in_native, id=5012, stack(0x0000005f67800000,0x0000005f67900000)]
  0x0000021938200800 JavaThread "Cancel handler" [_thread_blocked, id=192, stack(0x0000005f67900000,0x0000005f67a00000)]
  0x0000021937951800 JavaThread "Daemon worker" [_thread_blocked, id=6528, stack(0x0000005f67a00000,0x0000005f67b00000)]
  0x0000021937952000 JavaThread "Asynchronous log dispatcher for DefaultDaemonConnection: socket connection from /127.0.0.1:6798 to /127.0.0.1:6799" [_thread_blocked, id=6064, stack(0x0000005f67b00000,0x0000005f67c00000)]
  0x0000021937991800 JavaThread "Stdin handler" [_thread_blocked, id=6432, stack(0x0000005f67c00000,0x0000005f67d00000)]
  0x0000021936f6d000 JavaThread "Daemon client event forwarder" [_thread_blocked, id=4644, stack(0x0000005f67d00000,0x0000005f67e00000)]
  0x0000021936f6d800 JavaThread "Cache worker for file hash cache (C:\Users\felip\.gradle\caches\7.0.2\fileHashes)" [_thread_blocked, id=4308, stack(0x0000005f67e00000,0x0000005f67f00000)]
  0x0000021936f6e800 JavaThread "File lock request listener" [_thread_in_native, id=2968, stack(0x0000005f67f00000,0x0000005f68000000)]
  0x0000021936f6b000 JavaThread "Cache worker for journal cache (C:\Users\felip\.gradle\caches\journal-1)" [_thread_blocked, id=7648, stack(0x0000005f68000000,0x0000005f68100000)]
  0x0000021936f69800 JavaThread "Cache worker for file hash cache (C:\Users\felip\AndroidStudioProjects\VideoApp\.gradle\7.0.2\fileHashes)" [_thread_blocked, id=5024, stack(0x0000005f68100000,0x0000005f68200000)]
  0x0000021936f6f800 JavaThread "File watcher server" daemon [_thread_in_native, id=6168, stack(0x0000005f68200000,0x0000005f68300000)]
  0x0000021936f70000 JavaThread "File watcher consumer" daemon [_thread_blocked, id=1544, stack(0x0000005f68300000,0x0000005f68400000)]
  0x0000021936f6a800 JavaThread "jar transforms" [_thread_blocked, id=3008, stack(0x0000005f68400000,0x0000005f68500000)]
  0x0000021936f6c000 JavaThread "jar transforms Thread 2" [_thread_blocked, id=7964, stack(0x0000005f68500000,0x0000005f68600000)]
  0x0000021939801000 JavaThread "Cache worker for checksums cache (C:\Users\felip\AndroidStudioProjects\VideoApp\.gradle\checksums)" [_thread_blocked, id=6536, stack(0x0000005f68600000,0x0000005f68700000)]
  0x0000021939802800 JavaThread "Cache worker for cache directory md-supplier (C:\Users\felip\.gradle\caches\7.0.2\md-supplier)" [_thread_blocked, id=2660, stack(0x0000005f68700000,0x0000005f68800000)]
  0x0000021939804000 JavaThread "Cache worker for cache directory md-rule (C:\Users\felip\.gradle\caches\7.0.2\md-rule)" [_thread_blocked, id=2864, stack(0x0000005f68800000,0x0000005f68900000)]
  0x0000021939801800 JavaThread "Cache worker for execution history cache (C:\Users\felip\.gradle\caches\7.0.2\executionHistory)" [_thread_blocked, id=2212, stack(0x0000005f68900000,0x0000005f68a00000)]
  0x0000021939800000 JavaThread "Cache worker for file content cache (C:\Users\felip\.gradle\caches\7.0.2\fileContent)" [_thread_blocked, id=6276, stack(0x0000005f68a00000,0x0000005f68b00000)]

Other Threads:
  0x0000021936904800 VMThread "VM Thread" [stack: 0x0000005f66800000,0x0000005f66900000] [id=7972]
  0x0000021936bcd000 WatcherThread [stack: 0x0000005f67200000,0x0000005f67300000] [id=2668]
  0x000002191f07a000 GCTaskThread "GC Thread#0" [stack: 0x0000005f66300000,0x0000005f66400000] [id=1088]
  0x0000021936ce0800 GCTaskThread "GC Thread#1" [stack: 0x0000005f67300000,0x0000005f67400000] [id=5888]
  0x000002191f096000 ConcurrentGCThread "G1 Main Marker" [stack: 0x0000005f66400000,0x0000005f66500000] [id=5132]
  0x000002191f097800 ConcurrentGCThread "G1 Conc#0" [stack: 0x0000005f66500000,0x0000005f66600000] [id=2956]
  0x000002191f0e4800 ConcurrentGCThread "G1 Refine#0" [stack: 0x0000005f66600000,0x0000005f66700000] [id=840]
  0x000002191f0e5800 ConcurrentGCThread "G1 Young RemSet Sampling" [stack: 0x0000005f66700000,0x0000005f66800000] [id=7860]

Threads with active compile tasks:
C2 CompilerThread0  66300 4952       4       org.codehaus.groovy.runtime.metaclass.MetaMethodIndex::addMethodToList (131 bytes)
C1 CompilerThread0  66300 5011       3       java.util.stream.ReferencePipeline::makeNodeBuilder (6 bytes)

VM state:at safepoint (normal execution)

VM Mutex/Monitor currently owned by a thread:  ([mutex/lock_event])
[0x000002191f05e930] Threads_lock - owner thread: 0x0000021936904800
[0x000002191f05e300] Heap_lock - owner thread: 0x0000021937951800

Heap address: 0x00000000c0000000, size: 1024 MB, Compressed Oops mode: 32-bit
Narrow klass base: 0x0000000000000000, Narrow klass shift: 3
Compressed class space size: 1073741824 Address: 0x0000000100000000

Heap:
 garbage-first heap   total 95232K, used 50603K [0x00000000c0000000, 0x0000000100000000)
  region size 1024K, 3 young (3072K), 3 survivors (3072K)
 Metaspace       used 48248K, capacity 49691K, committed 49792K, reserved 1091584K
  class space    used 6205K, capacity 6719K, committed 6784K, reserved 1048576K
Heap Regions: E=young(eden), S=young(survivor), O=old, HS=humongous(starts), HC=humongous(continues), CS=collection set, F=free, A=archive, TAMS=top-at-mark-start (previous, next)
|   0|0x00000000c0000000, 0x00000000c0100000, 0x00000000c0100000|100%| O|  |TAMS 0x00000000c0100000, 0x00000000c0100000| Untracked 
|   1|0x00000000c0100000, 0x00000000c0200000, 0x00000000c0200000|100%| O|  |TAMS 0x00000000c0200000, 0x00000000c0200000| Untracked 
|   2|0x00000000c0200000, 0x00000000c0300000, 0x00000000c0300000|100%| O|  |TAMS 0x00000000c0300000, 0x00000000c0300000| Untracked 
|   3|0x00000000c0300000, 0x00000000c0400000, 0x00000000c0400000|100%| O|  |TAMS 0x00000000c0400000, 0x00000000c0400000| Untracked 
|   4|0x00000000c0400000, 0x00000000c0500000, 0x00000000c0500000|100%|HS|  |TAMS 0x00000000c0500000, 0x00000000c0500000| Complete 
|   5|0x00000000c0500000, 0x00000000c0600000, 0x00000000c0600000|100%|HC|  |TAMS 0x00000000c0600000, 0x00000000c0600000| Complete 
|   6|0x00000000c0600000, 0x00000000c0700000, 0x00000000c0700000|100%|HC|  |TAMS 0x00000000c0700000, 0x00000000c0700000| Complete 
|   7|0x00000000c0700000, 0x00000000c0800000, 0x00000000c0800000|100%| O|  |TAMS 0x00000000c0800000, 0x00000000c0800000| Untracked 
|   8|0x00000000c0800000, 0x00000000c0900000, 0x00000000c0900000|100%| O|  |TAMS 0x00000000c0900000, 0x00000000c0900000| Untracked 
|   9|0x00000000c0900000, 0x00000000c0a00000, 0x00000000c0a00000|100%| O|  |TAMS 0x00000000c0a00000, 0x00000000c0a00000| Untracked 
|  10|0x00000000c0a00000, 0x00000000c0b00000, 0x00000000c0b00000|100%| O|  |TAMS 0x00000000c0b00000, 0x00000000c0b00000| Untracked 
|  11|0x00000000c0b00000, 0x00000000c0c00000, 0x00000000c0c00000|100%| O|  |TAMS 0x00000000c0c00000, 0x00000000c0c00000| Untracked 
|  12|0x00000000c0c00000, 0x00000000c0d00000, 0x00000000c0d00000|100%| O|  |TAMS 0x00000000c0d00000, 0x00000000c0d00000| Untracked 
|  13|0x00000000c0d00000, 0x00000000c0e00000, 0x00000000c0e00000|100%| O|  |TAMS 0x00000000c0e00000, 0x00000000c0e00000| Untracked 
|  14|0x00000000c0e00000, 0x00000000c0f00000, 0x00000000c0f00000|100%| O|  |TAMS 0x00000000c0f00000, 0x00000000c0f00000| Untracked 
|  15|0x00000000c0f00000, 0x00000000c1000000, 0x00000000c1000000|100%| O|  |TAMS 0x00000000c1000000, 0x00000000c1000000| Untracked 
|  16|0x00000000c1000000, 0x00000000c1100000, 0x00000000c1100000|100%|HS|  |TAMS 0x00000000c1100000, 0x00000000c1100000| Complete 
|  17|0x00000000c1100000, 0x00000000c1200000, 0x00000000c1200000|100%|HC|  |TAMS 0x00000000c1200000, 0x00000000c1200000| Complete 
|  18|0x00000000c1200000, 0x00000000c1300000, 0x00000000c1300000|100%|HS|  |TAMS 0x00000000c1300000, 0x00000000c1300000| Complete 
|  19|0x00000000c1300000, 0x00000000c1400000, 0x00000000c1400000|100%|HC|  |TAMS 0x00000000c1400000, 0x00000000c1400000| Complete 
|  20|0x00000000c1400000, 0x00000000c1500000, 0x00000000c1500000|100%|HC|  |TAMS 0x00000000c1500000, 0x00000000c1500000| Complete 
|  21|0x00000000c1500000, 0x00000000c1600000, 0x00000000c1600000|100%| O|  |TAMS 0x00000000c1600000, 0x00000000c1600000| Untracked 
|  22|0x00000000c1600000, 0x00000000c1700000, 0x00000000c1700000|100%|HS|  |TAMS 0x00000000c1700000, 0x00000000c1700000| Complete 
|  23|0x00000000c1700000, 0x00000000c1800000, 0x00000000c1800000|100%|HC|  |TAMS 0x00000000c1800000, 0x00000000c1800000| Complete 
|  24|0x00000000c1800000, 0x00000000c1900000, 0x00000000c1900000|100%|HC|  |TAMS 0x00000000c1900000, 0x00000000c1900000| Complete 
|  25|0x00000000c1900000, 0x00000000c1a00000, 0x00000000c1a00000|100%|HC|  |TAMS 0x00000000c1a00000, 0x00000000c1a00000| Complete 
|  26|0x00000000c1a00000, 0x00000000c1b00000, 0x00000000c1b00000|100%| O|  |TAMS 0x00000000c1b00000, 0x00000000c1b00000| Untracked 
|  27|0x00000000c1b00000, 0x00000000c1c00000, 0x00000000c1c00000|100%| O|  |TAMS 0x00000000c1c00000, 0x00000000c1c00000| Untracked 
|  28|0x00000000c1c00000, 0x00000000c1d00000, 0x00000000c1d00000|100%| O|  |TAMS 0x00000000c1d00000, 0x00000000c1d00000| Untracked 
|  29|0x00000000c1d00000, 0x00000000c1e00000, 0x00000000c1e00000|100%| O|  |TAMS 0x00000000c1e00000, 0x00000000c1e00000| Untracked 
|  30|0x00000000c1e00000, 0x00000000c1f00000, 0x00000000c1f00000|100%| O|  |TAMS 0x00000000c1f00000, 0x00000000c1f00000| Untracked 
|  31|0x00000000c1f00000, 0x00000000c2000000, 0x00000000c2000000|100%| O|  |TAMS 0x00000000c2000000, 0x00000000c2000000| Untracked 
|  32|0x00000000c2000000, 0x00000000c2100000, 0x00000000c2100000|100%| O|  |TAMS 0x00000000c2100000, 0x00000000c2100000| Untracked 
|  33|0x00000000c2100000, 0x00000000c2200000, 0x00000000c2200000|100%| O|  |TAMS 0x00000000c2200000, 0x00000000c2200000| Untracked 
|  34|0x00000000c2200000, 0x00000000c2300000, 0x00000000c2300000|100%| O|  |TAMS 0x00000000c2300000, 0x00000000c2300000| Untracked 
|  35|0x00000000c2300000, 0x00000000c2400000, 0x00000000c2400000|100%| O|  |TAMS 0x00000000c2400000, 0x00000000c2400000| Untracked 
|  36|0x00000000c2400000, 0x00000000c2500000, 0x00000000c2500000|100%| O|  |TAMS 0x00000000c2500000, 0x00000000c2500000| Untracked 
|  37|0x00000000c2500000, 0x00000000c2600000, 0x00000000c2600000|100%| O|  |TAMS 0x00000000c2600000, 0x00000000c2600000| Untracked 
|  38|0x00000000c2600000, 0x00000000c2700000, 0x00000000c2700000|100%| O|  |TAMS 0x00000000c2700000, 0x00000000c2700000| Untracked 
|  39|0x00000000c2700000, 0x00000000c2800000, 0x00000000c2800000|100%| O|  |TAMS 0x00000000c2800000, 0x00000000c2800000| Untracked 
|  40|0x00000000c2800000, 0x00000000c2900000, 0x00000000c2900000|100%|HS|  |TAMS 0x00000000c2900000, 0x00000000c2900000| Complete 
|  41|0x00000000c2900000, 0x00000000c2a00000, 0x00000000c2a00000|100%|HC|  |TAMS 0x00000000c2a00000, 0x00000000c2a00000| Complete 
|  42|0x00000000c2a00000, 0x00000000c2b00000, 0x00000000c2b00000|100%|HC|  |TAMS 0x00000000c2b00000, 0x00000000c2b00000| Complete 
|  43|0x00000000c2b00000, 0x00000000c2c00000, 0x00000000c2c00000|100%| O|  |TAMS 0x00000000c2c00000, 0x00000000c2c00000| Untracked 
|  44|0x00000000c2c00000, 0x00000000c2d00000, 0x00000000c2d00000|100%| O|  |TAMS 0x00000000c2d00000, 0x00000000c2d00000| Untracked 
|  45|0x00000000c2d00000, 0x00000000c2e00000, 0x00000000c2e00000|100%| O|  |TAMS 0x00000000c2d9da00, 0x00000000c2e00000| Untracked 
|  46|0x00000000c2e00000, 0x00000000c2e7b400, 0x00000000c2f00000| 48%| O|  |TAMS 0x00000000c2e00000, 0x00000000c2e7b400| Untracked 
|  47|0x00000000c2f00000, 0x00000000c2f00000, 0x00000000c3000000|  0%| F|  |TAMS 0x00000000c2f00000, 0x00000000c2f00000| Untracked 
|  48|0x00000000c3000000, 0x00000000c3000000, 0x00000000c3100000|  0%| F|  |TAMS 0x00000000c3000000, 0x00000000c3000000| Untracked 
|  49|0x00000000c3100000, 0x00000000c3100000, 0x00000000c3200000|  0%| F|  |TAMS 0x00000000c3100000, 0x00000000c3100000| Untracked 
|  50|0x00000000c3200000, 0x00000000c3200000, 0x00000000c3300000|  0%| F|  |TAMS 0x00000000c3200000, 0x00000000c3200000| Untracked 
|  51|0x00000000c3300000, 0x00000000c3300000, 0x00000000c3400000|  0%| F|  |TAMS 0x00000000c3300000, 0x00000000c3300000| Untracked 
|  52|0x00000000c3400000, 0x00000000c3400000, 0x00000000c3500000|  0%| F|  |TAMS 0x00000000c3400000, 0x00000000c3400000| Untracked 
|  53|0x00000000c3500000, 0x00000000c3500000, 0x00000000c3600000|  0%| F|  |TAMS 0x00000000c3500000, 0x00000000c3500000| Untracked 
|  54|0x00000000c3600000, 0x00000000c3600000, 0x00000000c3700000|  0%| F|  |TAMS 0x00000000c3600000, 0x00000000c3600000| Untracked 
|  55|0x00000000c3700000, 0x00000000c3700000, 0x00000000c3800000|  0%| F|  |TAMS 0x00000000c3700000, 0x00000000c3700000| Untracked 
|  56|0x00000000c3800000, 0x00000000c3800000, 0x00000000c3900000|  0%| F|  |TAMS 0x00000000c3800000, 0x00000000c3800000| Untracked 
|  57|0x00000000c3900000, 0x00000000c3900000, 0x00000000c3a00000|  0%| F|  |TAMS 0x00000000c3900000, 0x00000000c3900000| Untracked 
|  58|0x00000000c3a00000, 0x00000000c3a00000, 0x00000000c3b00000|  0%| F|  |TAMS 0x00000000c3a00000, 0x00000000c3a00000| Untracked 
|  59|0x00000000c3b00000, 0x00000000c3befb50, 0x00000000c3c00000| 93%| S|CS|TAMS 0x00000000c3b00000, 0x00000000c3b00000| Complete 
|  60|0x00000000c3c00000, 0x00000000c3d00000, 0x00000000c3d00000|100%| S|CS|TAMS 0x00000000c3c00000, 0x00000000c3c00000| Complete 
|  61|0x00000000c3d00000, 0x00000000c3d00000, 0x00000000c3e00000|  0%| F|  |TAMS 0x00000000c3d00000, 0x00000000c3d00000| Untracked 
|  62|0x00000000c3e00000, 0x00000000c3f00000, 0x00000000c3f00000|100%| S|CS|TAMS 0x00000000c3e00000, 0x00000000c3e00000| Complete 
|  63|0x00000000c3f00000, 0x00000000c3f00000, 0x00000000c4000000|  0%| F|  |TAMS 0x00000000c3f00000, 0x00000000c3f00000| Untracked 
|  64|0x00000000c4000000, 0x00000000c4000000, 0x00000000c4100000|  0%| F|  |TAMS 0x00000000c4000000, 0x00000000c4000000| Untracked 
|  65|0x00000000c4100000, 0x00000000c4100000, 0x00000000c4200000|  0%| F|  |TAMS 0x00000000c4100000, 0x00000000c4100000| Untracked 
|  66|0x00000000c4200000, 0x00000000c4200000, 0x00000000c4300000|  0%| F|  |TAMS 0x00000000c4200000, 0x00000000c4200000| Untracked 
|  67|0x00000000c4300000, 0x00000000c4300000, 0x00000000c4400000|  0%| F|  |TAMS 0x00000000c4300000, 0x00000000c4300000| Untracked 
|  68|0x00000000c4400000, 0x00000000c4400000, 0x00000000c4500000|  0%| F|  |TAMS 0x00000000c4400000, 0x00000000c4400000| Untracked 
|  69|0x00000000c4500000, 0x00000000c4500000, 0x00000000c4600000|  0%| F|  |TAMS 0x00000000c4500000, 0x00000000c4500000| Untracked 
|  70|0x00000000c4600000, 0x00000000c4600000, 0x00000000c4700000|  0%| F|  |TAMS 0x00000000c4600000, 0x00000000c4600000| Untracked 
|  71|0x00000000c4700000, 0x00000000c4700000, 0x00000000c4800000|  0%| F|  |TAMS 0x00000000c4700000, 0x00000000c4700000| Untracked 
|  72|0x00000000c4800000, 0x00000000c4800000, 0x00000000c4900000|  0%| F|  |TAMS 0x00000000c4800000, 0x00000000c4800000| Untracked 
|  73|0x00000000c4900000, 0x00000000c4900000, 0x00000000c4a00000|  0%| F|  |TAMS 0x00000000c4900000, 0x00000000c4900000| Untracked 
|  74|0x00000000c4a00000, 0x00000000c4a00000, 0x00000000c4b00000|  0%| F|  |TAMS 0x00000000c4a00000, 0x00000000c4a00000| Untracked 
|  75|0x00000000c4b00000, 0x00000000c4b00000, 0x00000000c4c00000|  0%| F|  |TAMS 0x00000000c4b00000, 0x00000000c4b00000| Untracked 
|  76|0x00000000c4c00000, 0x00000000c4c00000, 0x00000000c4d00000|  0%| F|  |TAMS 0x00000000c4c00000, 0x00000000c4c00000| Untracked 

Card table byte_map: [0x000002191ee40000,0x000002191f040000] _byte_map_base: 0x000002191e840000

Marking Bits (Prev, Next): (CMBitMap*) 0x000002191f091560, (CMBitMap*) 0x000002191f091528
 Prev Bits: [0x0000021932d60000, 0x0000021933d60000)
 Next Bits: [0x0000021931d60000, 0x0000021932d60000)

Polling page: 0x000002191d050000

Metaspace:

Usage:
  Non-class:     41.96 MB capacity,    41.06 MB ( 98%) used,   801.23 KB (  2%) free+waste,   127.88 KB ( <1%) overhead. 
      Class:      6.56 MB capacity,     6.06 MB ( 92%) used,   451.98 KB (  7%) free+waste,    61.44 KB ( <1%) overhead. 
       Both:     48.53 MB capacity,    47.12 MB ( 97%) used,     1.22 MB (  3%) free+waste,   189.31 KB ( <1%) overhead. 

Virtual space:
  Non-class space:       42.00 MB reserved,      42.00 MB (100%) committed 
      Class space:        1.00 GB reserved,       6.63 MB ( <1%) committed 
             Both:        1.04 GB reserved,      48.63 MB (  5%) committed 

Chunk freelists:
   Non-Class:  36.00 KB
       Class:  1.00 KB
        Both:  37.00 KB

MaxMetaspaceSize: 17179869184.00 GB
CompressedClassSpaceSize: 1.00 GB

CodeHeap 'non-profiled nmethods': size=120064Kb used=2432Kb max_used=2432Kb free=117631Kb
 bounds [0x000002192a620000, 0x000002192a890000, 0x0000021931b60000]
CodeHeap 'profiled nmethods': size=120000Kb used=10826Kb max_used=10826Kb free=109173Kb
 bounds [0x00000219230f0000, 0x0000021923b90000, 0x000002192a620000]
CodeHeap 'non-nmethods': size=5696Kb used=2210Kb max_used=2244Kb free=3485Kb
 bounds [0x0000021922b60000, 0x0000021922dd0000, 0x00000219230f0000]
 total_blobs=5779 nmethods=4987 adapters=704
 compilation: enabled
              stopped_count=0, restarted_count=0
 full_count=0

Compilation events (20 events):
Event: 65.294 Thread 0x0000021936973800 4974       3       org.codehaus.groovy.reflection.CachedClass$1$$Lambda$317/0x00000001004a9040::test (8 bytes)
Event: 65.295 Thread 0x0000021936973800 nmethod 4974 0x0000021923b64f10 code [0x0000021923b650e0, 0x0000021923b653c8]
Event: 65.295 Thread 0x0000021936973800 4975       3       org.codehaus.groovy.reflection.CachedClass$1$$Lambda$318/0x00000001004a9440::apply (12 bytes)
Event: 65.296 Thread 0x0000021936973800 nmethod 4975 0x0000021923b65510 code [0x0000021923b65700, 0x0000021923b65bb8]
Event: 65.296 Thread 0x0000021936973800 4976       3       org.codehaus.groovy.reflection.CachedMethod::find (30 bytes)
Event: 65.297 Thread 0x0000021936973800 nmethod 4976 0x0000021923b65d10 code [0x0000021923b65f60, 0x0000021923b668b8]
Event: 65.297 Thread 0x0000021936973800 4977       3       groovy.lang.MetaClassImpl::findMethod (130 bytes)
Event: 65.299 Thread 0x0000021936973800 nmethod 4977 0x0000021923b66c10 code [0x0000021923b66ee0, 0x0000021923b67ef8]
Event: 65.339 Thread 0x0000021936973800 4978       3       groovy.lang.MetaClassImpl::copyNonPrivateFields (100 bytes)
Event: 65.341 Thread 0x0000021936973800 nmethod 4978 0x0000021923b68410 code [0x0000021923b686a0, 0x0000021923b69498]
Event: 65.346 Thread 0x0000021936973800 4979       3       groovyjarjarasm.asm.Frame::pop (53 bytes)
Event: 65.347 Thread 0x0000021936973800 nmethod 4979 0x0000021923b69990 code [0x0000021923b69be0, 0x0000021923b6a318]
Event: 65.347 Thread 0x0000021936973800 4980       3       groovyjarjarasm.asm.ByteVector::put122 (93 bytes)
Event: 65.348 Thread 0x0000021936973800 nmethod 4980 0x0000021923b6a610 code [0x0000021923b6a7e0, 0x0000021923b6aa68]
Event: 65.355 Thread 0x0000021936973800 4982       3       org.codehaus.groovy.util.ComplexKeyHashMap::<init> (11 bytes)
Event: 65.355 Thread 0x0000021936973800 nmethod 4982 0x0000021923b6ac10 code [0x0000021923b6ade0, 0x0000021923b6b118]
Event: 65.355 Thread 0x0000021936973800 4983       3       org.codehaus.groovy.util.ComplexKeyHashMap::init (20 bytes)
Event: 65.356 Thread 0x0000021936973800 nmethod 4983 0x0000021923b6b210 code [0x0000021923b6b3c0, 0x0000021923b6b5d8]
Event: 65.356 Thread 0x0000021936973800 4981       3       org.codehaus.groovy.util.SingleKeyHashMap::<init> (5 bytes)
Event: 65.356 Thread 0x0000021936973800 nmethod 4981 0x0000021923b6b690 code [0x0000021923b6b860, 0x0000021923b6bbf8]

GC Heap History (20 events):
Event: 57.516 GC heap before
{Heap before GC invocations=24 (full 0):
 garbage-first heap   total 65536K, used 54534K [0x00000000c0000000, 0x0000000100000000)
  region size 1024K, 11 young (11264K), 2 survivors (2048K)
 Metaspace       used 45128K, capacity 46235K, committed 46336K, reserved 1089536K
  class space    used 5877K, capacity 6303K, committed 6400K, reserved 1048576K
}
Event: 57.533 GC heap after
{Heap after GC invocations=25 (full 0):
 garbage-first heap   total 65536K, used 46115K [0x00000000c0000000, 0x0000000100000000)
  region size 1024K, 1 young (1024K), 1 survivors (1024K)
 Metaspace       used 45128K, capacity 46235K, committed 46336K, reserved 1089536K
  class space    used 5877K, capacity 6303K, committed 6400K, reserved 1048576K
}
Event: 58.052 GC heap before
{Heap before GC invocations=26 (full 0):
 garbage-first heap   total 65536K, used 54307K [0x00000000c0000000, 0x0000000100000000)
  region size 1024K, 9 young (9216K), 1 survivors (1024K)
 Metaspace       used 45242K, capacity 46436K, committed 46592K, reserved 1089536K
  class space    used 5887K, capacity 6306K, committed 6400K, reserved 1048576K
}
Event: 58.059 GC heap after
{Heap after GC invocations=27 (full 0):
 garbage-first heap   total 65536K, used 46425K [0x00000000c0000000, 0x0000000100000000)
  region size 1024K, 2 young (2048K), 2 survivors (2048K)
 Metaspace       used 45242K, capacity 46436K, committed 46592K, reserved 1089536K
  class space    used 5887K, capacity 6306K, committed 6400K, reserved 1048576K
}
Event: 58.184 GC heap before
{Heap before GC invocations=27 (full 0):
 garbage-first heap   total 65536K, used 53593K [0x00000000c0000000, 0x0000000100000000)
  region size 1024K, 9 young (9216K), 2 survivors (2048K)
 Metaspace       used 45273K, capacity 46436K, committed 46592K, reserved 1089536K
  class space    used 5887K, capacity 6306K, committed 6400K, reserved 1048576K
}
Event: 58.191 GC heap after
{Heap after GC invocations=28 (full 0):
 garbage-first heap   total 65536K, used 46325K [0x00000000c0000000, 0x0000000100000000)
  region size 1024K, 1 young (1024K), 1 survivors (1024K)
 Metaspace       used 45273K, capacity 46436K, committed 46592K, reserved 1089536K
  class space    used 5887K, capacity 6306K, committed 6400K, reserved 1048576K
}
Event: 58.529 GC heap before
{Heap before GC invocations=29 (full 0):
 garbage-first heap   total 65536K, used 54517K [0x00000000c0000000, 0x0000000100000000)
  region size 1024K, 9 young (9216K), 1 survivors (1024K)
 Metaspace       used 45301K, capacity 46436K, committed 46592K, reserved 1089536K
  class space    used 5887K, capacity 6306K, committed 6400K, reserved 1048576K
}
Event: 58.537 GC heap after
{Heap after GC invocations=30 (full 0):
 garbage-first heap   total 65536K, used 46792K [0x00000000c0000000, 0x0000000100000000)
  region size 1024K, 2 young (2048K), 2 survivors (2048K)
 Metaspace       used 45301K, capacity 46436K, committed 46592K, reserved 1089536K
  class space    used 5887K, capacity 6306K, committed 6400K, reserved 1048576K
}
Event: 58.700 GC heap before
{Heap before GC invocations=30 (full 0):
 garbage-first heap   total 65536K, used 53960K [0x00000000c0000000, 0x0000000100000000)
  region size 1024K, 9 young (9216K), 2 survivors (2048K)
 Metaspace       used 45315K, capacity 46500K, committed 46848K, reserved 1089536K
  class space    used 5887K, capacity 6306K, committed 6400K, reserved 1048576K
}
Event: 58.709 GC heap after
{Heap after GC invocations=31 (full 0):
 garbage-first heap   total 65536K, used 47080K [0x00000000c0000000, 0x0000000100000000)
  region size 1024K, 2 young (2048K), 2 survivors (2048K)
 Metaspace       used 45315K, capacity 46500K, committed 46848K, reserved 1089536K
  class space    used 5887K, capacity 6306K, committed 6400K, reserved 1048576K
}
Event: 59.008 GC heap before
{Heap before GC invocations=32 (full 0):
 garbage-first heap   total 65536K, used 54248K [0x00000000c0000000, 0x0000000100000000)
  region size 1024K, 9 young (9216K), 2 survivors (2048K)
 Metaspace       used 45315K, capacity 46500K, committed 46848K, reserved 1089536K
  class space    used 5887K, capacity 6306K, committed 6400K, reserved 1048576K
}
Event: 59.017 GC heap after
{Heap after GC invocations=33 (full 0):
 garbage-first heap   total 65536K, used 47466K [0x00000000c0000000, 0x0000000100000000)
  region size 1024K, 2 young (2048K), 2 survivors (2048K)
 Metaspace       used 45315K, capacity 46500K, committed 46848K, reserved 1089536K
  class space    used 5887K, capacity 6306K, committed 6400K, reserved 1048576K
}
Event: 59.119 GC heap before
{Heap before GC invocations=33 (full 0):
 garbage-first heap   total 65536K, used 54634K [0x00000000c0000000, 0x0000000100000000)
  region size 1024K, 9 young (9216K), 2 survivors (2048K)
 Metaspace       used 45315K, capacity 46500K, committed 46848K, reserved 1089536K
  class space    used 5887K, capacity 6306K, committed 6400K, reserved 1048576K
}
Event: 59.128 GC heap after
{Heap after GC invocations=34 (full 0):
 garbage-first heap   total 78848K, used 47725K [0x00000000c0000000, 0x0000000100000000)
  region size 1024K, 1 young (1024K), 1 survivors (1024K)
 Metaspace       used 45315K, capacity 46500K, committed 46848K, reserved 1089536K
  class space    used 5887K, capacity 6306K, committed 6400K, reserved 1048576K
}
Event: 59.633 GC heap before
{Heap before GC invocations=35 (full 0):
 garbage-first heap   total 78848K, used 62061K [0x00000000c0000000, 0x0000000100000000)
  region size 1024K, 15 young (15360K), 1 survivors (1024K)
 Metaspace       used 45331K, capacity 46500K, committed 46848K, reserved 1089536K
  class space    used 5887K, capacity 6306K, committed 6400K, reserved 1048576K
}
Event: 59.642 GC heap after
{Heap after GC invocations=36 (full 0):
 garbage-first heap   total 78848K, used 47734K [0x00000000c0000000, 0x0000000100000000)
  region size 1024K, 1 young (1024K), 1 survivors (1024K)
 Metaspace       used 45331K, capacity 46500K, committed 46848K, reserved 1089536K
  class space    used 5887K, capacity 6306K, committed 6400K, reserved 1048576K
}
Event: 59.901 GC heap before
{Heap before GC invocations=36 (full 0):
 garbage-first heap   total 78848K, used 63094K [0x00000000c0000000, 0x0000000100000000)
  region size 1024K, 16 young (16384K), 1 survivors (1024K)
 Metaspace       used 45346K, capacity 46500K, committed 46848K, reserved 1089536K
  class space    used 5887K, capacity 6306K, committed 6400K, reserved 1048576K
}
Event: 59.911 GC heap after
{Heap after GC invocations=37 (full 0):
 garbage-first heap   total 78848K, used 48076K [0x00000000c0000000, 0x0000000100000000)
  region size 1024K, 2 young (2048K), 2 survivors (2048K)
 Metaspace       used 45346K, capacity 46500K, committed 46848K, reserved 1089536K
  class space    used 5887K, capacity 6306K, committed 6400K, reserved 1048576K
}
Event: 61.550 GC heap before
{Heap before GC invocations=38 (full 0):
 garbage-first heap   total 78848K, used 62412K [0x00000000c0000000, 0x0000000100000000)
  region size 1024K, 17 young (17408K), 2 survivors (2048K)
 Metaspace       used 46522K, capacity 47766K, committed 48000K, reserved 1091584K
  class space    used 6007K, capacity 6470K, committed 6528K, reserved 1048576K
}
Event: 61.563 GC heap after
{Heap after GC invocations=39 (full 0):
 garbage-first heap   total 78848K, used 48987K [0x00000000c0000000, 0x0000000100000000)
  region size 1024K, 3 young (3072K), 3 survivors (3072K)
 Metaspace       used 46522K, capacity 47766K, committed 48000K, reserved 1091584K
  class space    used 6007K, capacity 6470K, committed 6528K, reserved 1048576K
}

Deoptimization events (20 events):
Event: 61.861 Thread 0x0000021937951800 Uncommon trap: trap_request=0xffffffde fr.pc=0x000002192a641974 relative=0x0000000000000154
Event: 61.861 Thread 0x0000021937951800 Uncommon trap: reason=class_check action=maybe_recompile pc=0x000002192a641974 method=java.lang.String.equals(Ljava/lang/Object;)Z @ 8 c2
Event: 61.861 Thread 0x0000021937951800 DEOPT PACKING pc=0x000002192a641974 sp=0x0000005f67af9c80
Event: 61.861 Thread 0x0000021937951800 DEOPT UNPACKING pc=0x0000021922b86029 sp=0x0000005f67af9c28 mode 2
Event: 61.861 Thread 0x0000021937951800 Uncommon trap: trap_request=0xffffffde fr.pc=0x000002192a641974 relative=0x0000000000000154
Event: 61.861 Thread 0x0000021937951800 Uncommon trap: reason=class_check action=maybe_recompile pc=0x000002192a641974 method=java.lang.String.equals(Ljava/lang/Object;)Z @ 8 c2
Event: 61.861 Thread 0x0000021937951800 DEOPT PACKING pc=0x000002192a641974 sp=0x0000005f67af9c80
Event: 61.861 Thread 0x0000021937951800 DEOPT UNPACKING pc=0x0000021922b86029 sp=0x0000005f67af9c28 mode 2
Event: 61.966 Thread 0x0000021937951800 Uncommon trap: trap_request=0xffffffde fr.pc=0x000002192a641974 relative=0x0000000000000154
Event: 61.966 Thread 0x0000021937951800 Uncommon trap: reason=class_check action=maybe_recompile pc=0x000002192a641974 method=java.lang.String.equals(Ljava/lang/Object;)Z @ 8 c2
Event: 61.966 Thread 0x0000021937951800 DEOPT PACKING pc=0x000002192a641974 sp=0x0000005f67af9b40
Event: 61.967 Thread 0x0000021937951800 DEOPT UNPACKING pc=0x0000021922b86029 sp=0x0000005f67af9ae8 mode 2
Event: 62.165 Thread 0x0000021937951800 Uncommon trap: trap_request=0xffffffde fr.pc=0x000002192a641974 relative=0x0000000000000154
Event: 62.166 Thread 0x0000021937951800 Uncommon trap: reason=class_check action=maybe_recompile pc=0x000002192a641974 method=java.lang.String.equals(Ljava/lang/Object;)Z @ 8 c2
Event: 62.166 Thread 0x0000021937951800 DEOPT PACKING pc=0x000002192a641974 sp=0x0000005f67af9bc0
Event: 62.166 Thread 0x0000021937951800 DEOPT UNPACKING pc=0x0000021922b86029 sp=0x0000005f67af9b68 mode 2
Event: 65.350 Thread 0x0000021937951800 Uncommon trap: trap_request=0xffffff4d fr.pc=0x000002192a674128 relative=0x0000000000000548
Event: 65.350 Thread 0x0000021937951800 Uncommon trap: reason=unstable_if action=reinterpret pc=0x000002192a674128 method=java.util.jar.Manifest$FastInputStream.readLine([BII)I @ 130 c2
Event: 65.350 Thread 0x0000021937951800 DEOPT PACKING pc=0x000002192a674128 sp=0x0000005f67af6da0
Event: 65.350 Thread 0x0000021937951800 DEOPT UNPACKING pc=0x0000021922b86029 sp=0x0000005f67af6d30 mode 2

Classes redefined (0 events):
No events

Internal exceptions (20 events):
Event: 54.657 Thread 0x0000021937951800 Exception <a 'java/lang/ClassNotFoundException'{0x00000000c353e260}: ijinit8_dc1tz6y8qq1k9oj9pg9u8cznlBeanInfo> (0x00000000c353e260) thrown at [./src/hotspot/share/classfile/systemDictionary.cpp, line 231]
Event: 54.658 Thread 0x0000021937951800 Exception <a 'java/lang/ClassNotFoundException'{0x00000000c3549bf8}: ijinit8_dc1tz6y8qq1k9oj9pg9u8cznlCustomizer> (0x00000000c3549bf8) thrown at [./src/hotspot/share/classfile/systemDictionary.cpp, line 231]
Event: 54.674 Thread 0x0000021937951800 Exception <a 'java/lang/ClassNotFoundException'{0x00000000c359c1e8}: ijinit8_dc1tz6y8qq1k9oj9pg9u8cznl$_run_closure1BeanInfo> (0x00000000c359c1e8) thrown at [./src/hotspot/share/classfile/systemDictionary.cpp, line 231]
Event: 54.675 Thread 0x0000021937951800 Exception <a 'java/lang/ClassNotFoundException'{0x00000000c35a24d8}: ijinit8_dc1tz6y8qq1k9oj9pg9u8cznl$_run_closure1Customizer> (0x00000000c35a24d8) thrown at [./src/hotspot/share/classfile/systemDictionary.cpp, line 231]
Event: 55.010 Thread 0x0000021937951800 Exception <a 'java/lang/NoSuchMethodError'{0x00000000c33a2220}: 'void java.lang.invoke.DirectMethodHandle$Holder.invokeVirtual(java.lang.Object, java.lang.Object)'> (0x00000000c33a2220) thrown at [./src/hotspot/share/interpreter/linkResolver.cpp, line 773]
Event: 60.257 Thread 0x0000021937951800 Implicit null exception at 0x000002192a75aeec to 0x000002192a75af98
Event: 60.555 Thread 0x0000021937951800 Exception <a 'java/lang/NoSuchMethodError'{0x00000000c48b1638}: 'void java.lang.invoke.DirectMethodHandle$Holder.invokeSpecialIFC(java.lang.Object, java.lang.Object, java.lang.Object)'> (0x00000000c48b1638) thrown at [./src/hotspot/share/interpreter/linkResolver.cpp, line 773]
Event: 61.733 Thread 0x0000021937951800 Exception <a 'java/lang/NoSuchMethodError'{0x00000000c4b158e0}: 'int java.lang.invoke.DirectMethodHandle$Holder.invokeStatic(java.lang.Object, int, java.lang.Object, java.lang.Object)'> (0x00000000c4b158e0) thrown at [./src/hotspot/share/interpreter/linkResolver.cpp, line 773]
Event: 64.981 Thread 0x0000021937951800 Exception <a 'java/lang/ClassNotFoundException'{0x00000000c44a6cd8}: ijinit8_dc1tz6y8qq1k9oj9pg9u8cznlBeanInfo> (0x00000000c44a6cd8) thrown at [./src/hotspot/share/classfile/systemDictionary.cpp, line 231]
Event: 64.982 Thread 0x0000021937951800 Exception <a 'java/lang/ClassNotFoundException'{0x00000000c44b23a8}: ijinit8_dc1tz6y8qq1k9oj9pg9u8cznlCustomizer> (0x00000000c44b23a8) thrown at [./src/hotspot/share/classfile/systemDictionary.cpp, line 231]
Event: 65.045 Thread 0x0000021937951800 Exception <a 'java/lang/ClassNotFoundException'{0x00000000c4315320}: org/gradle/api/internal/plugins/DefaultObjectConfigurationActionBeanInfo> (0x00000000c4315320) thrown at [./src/hotspot/share/classfile/systemDictionary.cpp, line 231]
Event: 65.047 Thread 0x0000021937951800 Exception <a 'java/lang/ClassNotFoundException'{0x00000000c433f4f0}: org/gradle/api/internal/plugins/DefaultObjectConfigurationActionCustomizer> (0x00000000c433f4f0) thrown at [./src/hotspot/share/classfile/systemDictionary.cpp, line 231]
Event: 65.216 Thread 0x0000021937951800 Exception <a 'java/lang/ClassNotFoundException'{0x00000000c43ee1d0}: JetGradlePluginBeanInfo> (0x00000000c43ee1d0) thrown at [./src/hotspot/share/classfile/systemDictionary.cpp, line 231]
Event: 65.217 Thread 0x0000021937951800 Exception <a 'java/lang/ClassNotFoundException'{0x00000000c43f8aa0}: JetGradlePluginCustomizer> (0x00000000c43f8aa0) thrown at [./src/hotspot/share/classfile/systemDictionary.cpp, line 231]
Event: 65.229 Thread 0x0000021937951800 Exception <a 'java/lang/ClassNotFoundException'{0x00000000c424dd80}: groovy/lang/ReferenceBeanInfo> (0x00000000c424dd80) thrown at [./src/hotspot/share/classfile/systemDictionary.cpp, line 231]
Event: 65.233 Thread 0x0000021937951800 Exception <a 'java/lang/ClassNotFoundException'{0x00000000c42834a0}: groovy/lang/ReferenceCustomizer> (0x00000000c42834a0) thrown at [./src/hotspot/share/classfile/systemDictionary.cpp, line 231]
Event: 65.288 Thread 0x0000021937951800 Exception <a 'java/lang/ClassNotFoundException'{0x00000000c42bdc38}: RegistryProcessorBeanInfo> (0x00000000c42bdc38) thrown at [./src/hotspot/share/classfile/systemDictionary.cpp, line 231]
Event: 65.290 Thread 0x0000021937951800 Exception <a 'java/lang/ClassNotFoundException'{0x00000000c42c8708}: RegistryProcessorCustomizer> (0x00000000c42c8708) thrown at [./src/hotspot/share/classfile/systemDictionary.cpp, line 231]
Event: 65.335 Thread 0x0000021937951800 Exception <a 'java/lang/ClassNotFoundException'{0x00000000c4126428}: org/gradle/util/GradleVersionBeanInfo> (0x00000000c4126428) thrown at [./src/hotspot/share/classfile/systemDictionary.cpp, line 231]
Event: 65.337 Thread 0x0000021937951800 Exception <a 'java/lang/ClassNotFoundException'{0x00000000c414b210}: org/gradle/util/GradleVersionCustomizer> (0x00000000c414b210) thrown at [./src/hotspot/share/classfile/systemDictionary.cpp, line 231]

Events (20 events):
Event: 65.335 loading class org/gradle/util/GradleVersionCustomizer
Event: 65.335 loading class org/gradle/util/GradleVersionCustomizer done
Event: 65.336 loading class org/gradle/util/GradleVersionCustomizer
Event: 65.336 loading class org/gradle/util/GradleVersionCustomizer done
Event: 65.336 loading class org/gradle/util/GradleVersionCustomizer
Event: 65.336 loading class org/gradle/util/GradleVersionCustomizer done
Event: 65.337 loading class org/gradle/util/GradleVersionCustomizer
Event: 65.337 loading class org/gradle/util/GradleVersionCustomizer done
Event: 65.342 loading class org/codehaus/groovy/runtime/callsite/StaticMetaMethodSite
Event: 65.342 loading class org/codehaus/groovy/runtime/callsite/StaticMetaMethodSite done
Event: 65.349 loading class org/jetbrains/plugins/gradle/tooling/internal/ExtraModelBuilder
Event: 65.349 loading class org/jetbrains/plugins/gradle/tooling/internal/ExtraModelBuilder done
Event: 65.351 loading class org/gradle/tooling/provider/model/ToolingModelBuilder
Event: 65.351 loading class org/gradle/tooling/provider/model/ToolingModelBuilder done
Event: 65.352 loading class org/codehaus/groovy/runtime/callsite/ClassMetaClassGetPropertySite
Event: 65.352 loading class org/codehaus/groovy/runtime/callsite/ClassMetaClassGetPropertySite done
Event: 65.354 loading class groovy/runtime/metaclass/org/jetbrains/plugins/gradle/tooling/internal/ExtraModelBuilderMetaClass
Event: 65.354 loading class groovy/runtime/metaclass/org/jetbrains/plugins/gradle/tooling/internal/ExtraModelBuilderMetaClass done
Event: 65.356 loading class org/jetbrains/plugins/gradle/tooling/ModelBuilderContext
Event: 65.356 loading class org/jetbrains/plugins/gradle/tooling/ModelBuilderContext done


Dynamic libraries:
0x00007ff6e8440000 - 0x00007ff6e844a000 	C:\Users\felip\OneDrive\Desktop\android-studio\jre\bin\java.exe
0x00007ffe72f10000 - 0x00007ffe73105000 	C:\Windows\SYSTEM32\ntdll.dll
0x00007ffe51290000 - 0x00007ffe512a6000 	C:\Program Files\Avast Software\Avast\aswhook.dll
0x00007ffe70f60000 - 0x00007ffe7101e000 	C:\Windows\System32\KERNEL32.DLL
0x00007ffe70c90000 - 0x00007ffe70f59000 	C:\Windows\System32\KERNELBASE.dll
0x00007ffe70a30000 - 0x00007ffe70b30000 	C:\Windows\System32\ucrtbase.dll
0x00007ffe6dcc0000 - 0x00007ffe6dcd9000 	C:\Users\felip\OneDrive\Desktop\android-studio\jre\bin\jli.dll
0x00007ffe6cd30000 - 0x00007ffe6cd47000 	C:\Users\felip\OneDrive\Desktop\android-studio\jre\bin\VCRUNTIME140.dll
0x00007ffe72ae0000 - 0x00007ffe72c81000 	C:\Windows\System32\USER32.dll
0x00007ffe70a00000 - 0x00007ffe70a22000 	C:\Windows\System32\win32u.dll
0x00007ffe71400000 - 0x00007ffe7142b000 	C:\Windows\System32\GDI32.dll
0x00007ffe70630000 - 0x00007ffe7073b000 	C:\Windows\System32\gdi32full.dll
0x00007ffe60850000 - 0x00007ffe60aea000 	C:\Windows\WinSxS\amd64_microsoft.windows.common-controls_6595b64144ccf1df_6.0.19041.1110_none_60b5254171f9507e\COMCTL32.dll
0x00007ffe70740000 - 0x00007ffe707dd000 	C:\Windows\System32\msvcp_win.dll
0x00007ffe72260000 - 0x00007ffe722fe000 	C:\Windows\System32\msvcrt.dll
0x00007ffe72730000 - 0x00007ffe72760000 	C:\Windows\System32\IMM32.DLL
0x00007ffe5d650000 - 0x00007ffe5d6ed000 	C:\Users\felip\OneDrive\Desktop\android-studio\jre\bin\msvcp140.dll
0x00007ffe2bd60000 - 0x00007ffe2c835000 	C:\Users\felip\OneDrive\Desktop\android-studio\jre\bin\server\jvm.dll
0x00007ffe71430000 - 0x00007ffe714dc000 	C:\Windows\System32\ADVAPI32.dll
0x00007ffe711a0000 - 0x00007ffe7123b000 	C:\Windows\System32\sechost.dll
0x00007ffe712d0000 - 0x00007ffe713fa000 	C:\Windows\System32\RPCRT4.dll
0x00007ffe71970000 - 0x00007ffe71978000 	C:\Windows\System32\PSAPI.DLL
0x00007ffe63c60000 - 0x00007ffe63c69000 	C:\Windows\SYSTEM32\WSOCK32.dll
0x00007ffe594e0000 - 0x00007ffe59507000 	C:\Windows\SYSTEM32\WINMM.dll
0x00007ffe65210000 - 0x00007ffe6521a000 	C:\Windows\SYSTEM32\VERSION.dll
0x00007ffe721f0000 - 0x00007ffe7225b000 	C:\Windows\System32\WS2_32.dll
0x00007ffe6e450000 - 0x00007ffe6e462000 	C:\Windows\SYSTEM32\kernel.appcore.dll
0x00007ffe6d880000 - 0x00007ffe6d891000 	C:\Users\felip\OneDrive\Desktop\android-studio\jre\bin\verify.dll
0x00007ffe65020000 - 0x00007ffe65204000 	C:\Windows\SYSTEM32\DBGHELP.DLL
0x00007ffe64ff0000 - 0x00007ffe6501c000 	C:\Windows\SYSTEM32\dbgcore.DLL
0x00007ffe707e0000 - 0x00007ffe70863000 	C:\Windows\System32\bcryptPrimitives.dll
0x00007ffe6d760000 - 0x00007ffe6d789000 	C:\Users\felip\OneDrive\Desktop\android-studio\jre\bin\java.dll
0x00007ffe6dc90000 - 0x00007ffe6dc9b000 	C:\Users\felip\OneDrive\Desktop\android-studio\jre\bin\jimage.dll
0x00007ffe6d860000 - 0x00007ffe6d878000 	C:\Users\felip\OneDrive\Desktop\android-studio\jre\bin\zip.dll
0x00007ffe71ab0000 - 0x00007ffe721ef000 	C:\Windows\System32\SHELL32.dll
0x00007ffe6e730000 - 0x00007ffe6eec0000 	C:\Windows\SYSTEM32\windows.storage.dll
0x00007ffe72780000 - 0x00007ffe72ad5000 	C:\Windows\System32\combase.dll
0x00007ffe6ffb0000 - 0x00007ffe6ffdc000 	C:\Windows\SYSTEM32\Wldp.dll
0x00007ffe71980000 - 0x00007ffe71a2d000 	C:\Windows\System32\SHCORE.dll
0x00007ffe72d60000 - 0x00007ffe72db5000 	C:\Windows\System32\shlwapi.dll
0x00007ffe70570000 - 0x00007ffe7058f000 	C:\Windows\SYSTEM32\profapi.dll
0x00007ffe6c040000 - 0x00007ffe6c05a000 	C:\Users\felip\OneDrive\Desktop\android-studio\jre\bin\net.dll
0x00007ffe64e40000 - 0x00007ffe64f48000 	C:\Windows\SYSTEM32\WINHTTP.dll
0x00007ffe6fd10000 - 0x00007ffe6fd7a000 	C:\Windows\system32\mswsock.dll
0x00007ffe67f70000 - 0x00007ffe67f84000 	C:\Users\felip\OneDrive\Desktop\android-studio\jre\bin\nio.dll
0x00007ffe69610000 - 0x00007ffe69637000 	C:\Users\felip\.gradle\native\8bec1ad78214c89d9ad589b4d07fe93259594b29d510b10fafb7a158f7737e5d\windows-amd64\native-platform.dll
0x00007ffe59280000 - 0x00007ffe593bd000 	C:\Users\felip\.gradle\native\53dbd7edfb1c66fb8903c78663c9afc45aea4f116125fa6feffd364cf09443e8\windows-amd64\native-platform-file-events.dll
0x00007ffe6d700000 - 0x00007ffe6d70a000 	C:\Users\felip\OneDrive\Desktop\android-studio\jre\bin\management.dll
0x00007ffe6cd20000 - 0x00007ffe6cd2d000 	C:\Users\felip\OneDrive\Desktop\android-studio\jre\bin\management_ext.dll
0x00007ffe6ff10000 - 0x00007ffe6ff28000 	C:\Windows\SYSTEM32\CRYPTSP.dll
0x00007ffe6f690000 - 0x00007ffe6f6c4000 	C:\Windows\system32\rsaenh.dll
0x00007ffe70980000 - 0x00007ffe709a7000 	C:\Windows\System32\bcrypt.dll
0x00007ffe704f0000 - 0x00007ffe7051e000 	C:\Windows\SYSTEM32\USERENV.dll
0x00007ffe6ff00000 - 0x00007ffe6ff0c000 	C:\Windows\SYSTEM32\CRYPTBASE.dll
0x00007ffe6fa00000 - 0x00007ffe6fa3b000 	C:\Windows\SYSTEM32\IPHLPAPI.DLL
0x00007ffe71960000 - 0x00007ffe71968000 	C:\Windows\System32\NSI.dll
0x00007ffe698d0000 - 0x00007ffe698e7000 	C:\Windows\SYSTEM32\dhcpcsvc6.DLL
0x00007ffe69bc0000 - 0x00007ffe69bdd000 	C:\Windows\SYSTEM32\dhcpcsvc.DLL
0x00007ffe6fa40000 - 0x00007ffe6fb0c000 	C:\Windows\SYSTEM32\DNSAPI.dll

dbghelp: loaded successfully - version: 4.0.5 - missing functions: none
symbol engine: initialized successfully - sym options: 0x614 - pdb path: .;C:\Users\felip\OneDrive\Desktop\android-studio\jre\bin;C:\Windows\SYSTEM32;C:\Program Files\Avast Software\Avast;C:\Windows\WinSxS\amd64_microsoft.windows.common-controls_6595b64144ccf1df_6.0.19041.1110_none_60b5254171f9507e;C:\Users\felip\OneDrive\Desktop\android-studio\jre\bin\server;C:\Users\felip\.gradle\native\8bec1ad78214c89d9ad589b4d07fe93259594b29d510b10fafb7a158f7737e5d\windows-amd64;C:\Users\felip\.gradle\native\53dbd7edfb1c66fb8903c78663c9afc45aea4f116125fa6feffd364cf09443e8\windows-amd64

VM Arguments:
jvm_args: --add-opens=java.base/java.util=ALL-UNNAMED --add-opens=java.base/java.lang=ALL-UNNAMED --add-opens=java.base/java.lang.invoke=ALL-UNNAMED --add-opens=java.base/java.util=ALL-UNNAMED --add-opens=java.prefs/java.util.prefs=ALL-UNNAMED --add-opens=java.prefs/java.util.prefs=ALL-UNNAMED --add-opens=java.base/java.nio.charset=ALL-UNNAMED --add-opens=java.base/java.net=ALL-UNNAMED --add-opens=java.base/java.util.concurrent.atomic=ALL-UNNAMED -Xmx1024m -Dfile.encoding=UTF-8 -Duser.country=US -Duser.language=en -Duser.variant 
java_command: org.gradle.launcher.daemon.bootstrap.GradleDaemon 7.0.2
java_class_path (initial): C:\Users\felip\.gradle\wrapper\dists\gradle-7.0.2-bin\857tjihv64xamwrf0h14cai3r\gradle-7.0.2\lib\gradle-launcher-7.0.2.jar
Launcher Type: SUN_STANDARD

[Global flags]
     intx CICompilerCount                          = 2                                         {product} {ergonomic}
     uint ConcGCThreads                            = 1                                         {product} {ergonomic}
     uint G1ConcRefinementThreads                  = 2                                         {product} {ergonomic}
   size_t G1HeapRegionSize                         = 1048576                                   {product} {ergonomic}
    uintx GCDrainStackTargetSize                   = 64                                        {product} {ergonomic}
   size_t InitialHeapSize                          = 67108864                                  {product} {ergonomic}
   size_t MarkStackSize                            = 4194304                                   {product} {ergonomic}
   size_t MaxHeapSize                              = 1073741824                                {product} {command line}
   size_t MaxNewSize                               = 643825664                                 {product} {ergonomic}
   size_t MinHeapDeltaBytes                        = 1048576                                   {product} {ergonomic}
    uintx NonNMethodCodeHeapSize                   = 5825164                                {pd product} {ergonomic}
    uintx NonProfiledCodeHeapSize                  = 122916538                              {pd product} {ergonomic}
    uintx ProfiledCodeHeapSize                     = 122916538                              {pd product} {ergonomic}
    uintx ReservedCodeCacheSize                    = 251658240                              {pd product} {ergonomic}
     bool SegmentedCodeCache                       = true                                      {product} {ergonomic}
     bool UseCompressedClassPointers               = true                                 {lp64_product} {ergonomic}
     bool UseCompressedOops                        = true                                 {lp64_product} {ergonomic}
     bool UseG1GC                                  = true                                      {product} {ergonomic}
     bool UseLargePagesIndividualAllocation        = false                                  {pd product} {ergonomic}

Logging:
Log output configuration:
 #0: stdout all=warning uptime,level,tags
 #1: stderr all=off uptime,level,tags

Environment Variables:
PATH=C:\Program Files\Common Files\Oracle\Java\javapath;C:\Program Files (x86)\Common Files\Oracle\Java\javapath;C:\Windows\system32;C:\Windows;C:\Windows\System32\Wbem;C:\Windows\System32\WindowsPowerShell\v1.0\;C:\Windows\System32\OpenSSH\;C:\ProgramData\chocolatey\bin;C:\Program Files (x86)\Yarn\bin\;C:\Program Files\Git\cmd;C:\Program Files\nodejs\;C:\Users\felip\AppData\Local\Microsoft\WindowsApps;C:\Users\felip\AppData\Local\Programs\Microsoft VS Code\bin;C:\Users\felip\AppData\Local\Yarn\bin;C:\Users\felip\AppData\Local\GitHubDesktop\bin;C:\Users\felip\AppData\Roaming\npm
USERNAME=felip
OS=Windows_NT
PROCESSOR_IDENTIFIER=Intel64 Family 6 Model 23 Stepping 10, GenuineIntel



---------------  S Y S T E M  ---------------

OS: Windows 10 , 64 bit Build 19041 (10.0.19041.1202)
OS uptime: 1 days 0:17 hours

CPU:total 2 (initial active 2) (2 cores per cpu, 1 threads per core) family 6 model 23 stepping 10 microcode 0xa0c, cmov, cx8, fxsr, mmx, sse, sse2, sse3, ssse3, tsc

Memory: 4k page, system-wide physical 4061M (33M free)
TotalPageFile size 4061M (AvailPageFile size 5M)
current process WorkingSet (physical memory assigned to process): 202M, peak: 212M
current process commit charge ("private bytes"): 246M, peak: 262M

vm_info: OpenJDK 64-Bit Server VM (11.0.11+9-b60-7590822) for windows-amd64 JRE (11.0.11+9-b60-7590822), built on Jul 29 2021 21:43:44 by "builder" with MS VC++ 14.0 (VS2015)

END.
