#
# There is insufficient memory for the Java Runtime Environment to continue.
# Native memory allocation (malloc) failed to allocate 32744 bytes for ChunkPool::allocate
# Possible reasons:
#   The system is out of physical RAM or swap space
#   The process is running with CompressedOops enabled, and the Java Heap may be blocking the growth of the native heap
# Possible solutions:
#   Reduce memory load on the system
#   Increase physical memory or swap space
#   Check if swap backing store is full
#   Decrease Java heap size (-Xmx/-Xms)
#   Decrease number of Java threads
#   Decrease Java thread stack sizes (-Xss)
#   Set larger code cache with -XX:ReservedCodeCacheSize=
#   JVM is running with Unscaled Compressed Oops mode in which the Java heap is
#     placed in the first 4GB address space. The Java Heap base address is the
#     maximum limit for the native heap growth. Please use -XX:HeapBaseMinAddress
#     to set the Java Heap base and to place the Java Heap above 4GB virtual address.
# This output file may be truncated or incomplete.
#
#  Out of Memory Error (./src/hotspot/share/memory/arena.cpp:81), pid=5060, tid=5548
#
# JRE version: OpenJDK Runtime Environment (11.0.11+9) (build 11.0.11+9-b60-7590822)
# Java VM: OpenJDK 64-Bit Server VM (11.0.11+9-b60-7590822, mixed mode, tiered, compressed oops, g1 gc, windows-amd64)
# No core dump will be written. Minidumps are not enabled by default on client versions of Windows
#

---------------  S U M M A R Y ------------

Command Line: --add-opens=java.base/java.util=ALL-UNNAMED --add-opens=java.base/java.lang=ALL-UNNAMED --add-opens=java.base/java.lang.invoke=ALL-UNNAMED --add-opens=java.base/java.util=ALL-UNNAMED --add-opens=java.prefs/java.util.prefs=ALL-UNNAMED --add-opens=java.prefs/java.util.prefs=ALL-UNNAMED --add-opens=java.base/java.nio.charset=ALL-UNNAMED --add-opens=java.base/java.net=ALL-UNNAMED --add-opens=java.base/java.util.concurrent.atomic=ALL-UNNAMED -Xmx512m -Dfile.encoding=UTF-8 -Duser.country=US -Duser.language=en -Duser.variant org.gradle.launcher.daemon.bootstrap.GradleDaemon 7.0.2

Host: Celeron(R) Dual-Core CPU       T3500  @ 2.10GHz, 2 cores, 3G,  Windows 10 , 64 bit Build 19041 (10.0.19041.1348)
Time: Tue Dec  7 17:35:52 2021 E. South America Standard Time elapsed time: 127.822386 seconds (0d 0h 2m 7s)

---------------  T H R E A D  ---------------

Current thread (0x000001b59a38e800):  JavaThread "C2 CompilerThread0" daemon [_thread_in_native, id=5548, stack(0x0000006650300000,0x0000006650400000)]


Current CompileTask:
C2: 127822 11668       4       com.android.tools.r8.code.w1::a (4137 bytes)

Stack: [0x0000006650300000,0x0000006650400000]
Native frames: (J=compiled Java code, j=interpreted, Vv=VM code, C=native code)
V  [jvm.dll+0x5f214a]
V  [jvm.dll+0x726fb5]
V  [jvm.dll+0x7285cd]
V  [jvm.dll+0x728c83]
V  [jvm.dll+0x243278]
V  [jvm.dll+0xbc78b]
V  [jvm.dll+0xbca3c]
V  [jvm.dll+0x5d0465]
V  [jvm.dll+0x19706a]
V  [jvm.dll+0x6096ce]
V  [jvm.dll+0x60edf7]
V  [jvm.dll+0x6071ba]
V  [jvm.dll+0x606823]
V  [jvm.dll+0x604872]
V  [jvm.dll+0x1865ac]
V  [jvm.dll+0x2b4d13]
V  [jvm.dll+0x60f2b9]
V  [jvm.dll+0x6071ba]
V  [jvm.dll+0x606823]
V  [jvm.dll+0x604872]
V  [jvm.dll+0x1865ac]
V  [jvm.dll+0x2b4d13]
V  [jvm.dll+0x60f2b9]
V  [jvm.dll+0x6071ba]
V  [jvm.dll+0x606823]
V  [jvm.dll+0x604872]
V  [jvm.dll+0x1865ac]
V  [jvm.dll+0x2b4d13]
V  [jvm.dll+0x60f2b9]
V  [jvm.dll+0x6071ba]
V  [jvm.dll+0x606823]
V  [jvm.dll+0x604872]
V  [jvm.dll+0x1865ac]
V  [jvm.dll+0x2b4d13]
V  [jvm.dll+0x60f2b9]
V  [jvm.dll+0x6071ba]
V  [jvm.dll+0x606823]
V  [jvm.dll+0x604872]
V  [jvm.dll+0x1865ac]
V  [jvm.dll+0x2b4d13]
V  [jvm.dll+0x60f2b9]
V  [jvm.dll+0x6071ba]
V  [jvm.dll+0x606823]
V  [jvm.dll+0x604872]
V  [jvm.dll+0x1865ac]
V  [jvm.dll+0x1fb0f5]
V  [jvm.dll+0x183d6c]
V  [jvm.dll+0x209a57]
V  [jvm.dll+0x2082a1]
V  [jvm.dll+0x6ef58f]
V  [jvm.dll+0x6e80b5]
V  [jvm.dll+0x5f1036]
C  [ucrtbase.dll+0x21bb2]
C  [KERNEL32.DLL+0x17034]
C  [ntdll.dll+0x52651]


---------------  P R O C E S S  ---------------

Threads class SMR info:
_java_thread_list=0x000001b5a0c38e80, length=45, elements={
0x000001b581db1800, 0x000001b59a326000, 0x000001b59a32f800, 0x000001b59a380800,
0x000001b59a381800, 0x000001b59a384800, 0x000001b59a38e800, 0x000001b59a390800,
0x000001b59a3ce000, 0x000001b59a5fc000, 0x000001b59c0bd000, 0x000001b59b80d800,
0x000001b59c137000, 0x000001b59b948000, 0x000001b59b949000, 0x000001b59ac10800,
0x000001b59b440000, 0x000001b59b92e000, 0x000001b59b438800, 0x000001b59b439800,
0x000001b59b43a800, 0x000001b59b434800, 0x000001b59b43b000, 0x000001b59b437000,
0x000001b59b435800, 0x000001b59b436000, 0x000001b59b438000, 0x000001b59cbaa000,
0x000001b59cba5800, 0x000001b59cbab800, 0x000001b59cba9000, 0x000001b59cbac000,
0x000001b59cbad000, 0x000001b59cba8000, 0x000001b59cba7800, 0x000001b59cbae800,
0x000001b59cbb1000, 0x000001b59cbaf800, 0x000001b59cbb3800, 0x000001b59cbae000,
0x000001b59cbb4800, 0x000001b59cbb0800, 0x000001b59cbb2000, 0x000001b5a10ae000,
0x000001b5a10aa000
}

Java Threads: ( => current thread )
  0x000001b581db1800 JavaThread "main" [_thread_blocked, id=2340, stack(0x000000664f700000,0x000000664f800000)]
  0x000001b59a326000 JavaThread "Reference Handler" daemon [_thread_blocked, id=7856, stack(0x000000664fe00000,0x000000664ff00000)]
  0x000001b59a32f800 JavaThread "Finalizer" daemon [_thread_blocked, id=2260, stack(0x000000664ff00000,0x0000006650000000)]
  0x000001b59a380800 JavaThread "Signal Dispatcher" daemon [_thread_blocked, id=7160, stack(0x0000006650000000,0x0000006650100000)]
  0x000001b59a381800 JavaThread "Attach Listener" daemon [_thread_blocked, id=2540, stack(0x0000006650100000,0x0000006650200000)]
  0x000001b59a384800 JavaThread "Service Thread" daemon [_thread_blocked, id=3384, stack(0x0000006650200000,0x0000006650300000)]
=>0x000001b59a38e800 JavaThread "C2 CompilerThread0" daemon [_thread_in_native, id=5548, stack(0x0000006650300000,0x0000006650400000)]
  0x000001b59a390800 JavaThread "C1 CompilerThread0" daemon [_thread_blocked, id=6424, stack(0x0000006650400000,0x0000006650500000)]
  0x000001b59a3ce000 JavaThread "Sweeper thread" daemon [_thread_blocked, id=7296, stack(0x0000006650500000,0x0000006650600000)]
  0x000001b59a5fc000 JavaThread "Common-Cleaner" daemon [_thread_blocked, id=3220, stack(0x0000006650600000,0x0000006650700000)]
  0x000001b59c0bd000 JavaThread "Daemon health stats" [_thread_blocked, id=3176, stack(0x0000006650900000,0x0000006650a00000)]
  0x000001b59b80d800 JavaThread "Incoming local TCP Connector on port 2157" [_thread_in_native, id=4972, stack(0x0000006650a00000,0x0000006650b00000)]
  0x000001b59c137000 JavaThread "Daemon periodic checks" [_thread_blocked, id=1736, stack(0x0000006650b00000,0x0000006650c00000)]
  0x000001b59b948000 JavaThread "Daemon" [_thread_blocked, id=7272, stack(0x0000006650c00000,0x0000006650d00000)]
  0x000001b59b949000 JavaThread "Handler for socket connection from /127.0.0.1:2157 to /127.0.0.1:2158" [_thread_in_native, id=8108, stack(0x0000006650d00000,0x0000006650e00000)]
  0x000001b59ac10800 JavaThread "Cancel handler" [_thread_blocked, id=64, stack(0x0000006650e00000,0x0000006650f00000)]
  0x000001b59b440000 JavaThread "Daemon worker" [_thread_blocked, id=6316, stack(0x0000006650f00000,0x0000006651000000)]
  0x000001b59b92e000 JavaThread "Asynchronous log dispatcher for DefaultDaemonConnection: socket connection from /127.0.0.1:2157 to /127.0.0.1:2158" [_thread_blocked, id=3768, stack(0x0000006651000000,0x0000006651100000)]
  0x000001b59b438800 JavaThread "Daemon client event forwarder" [_thread_blocked, id=3400, stack(0x0000006651200000,0x0000006651300000)]
  0x000001b59b439800 JavaThread "Cache worker for file hash cache (C:\Users\felip\.gradle\caches\7.0.2\fileHashes)" [_thread_blocked, id=2076, stack(0x0000006651300000,0x0000006651400000)]
  0x000001b59b43a800 JavaThread "File lock request listener" [_thread_in_native, id=7656, stack(0x0000006651400000,0x0000006651500000)]
  0x000001b59b434800 JavaThread "Cache worker for journal cache (C:\Users\felip\.gradle\caches\journal-1)" [_thread_blocked, id=8016, stack(0x0000006651500000,0x0000006651600000)]
  0x000001b59b43b000 JavaThread "Cache worker for file hash cache (C:\Users\felip\AndroidStudioProjects\VideoApp\.gradle\7.0.2\fileHashes)" [_thread_blocked, id=2128, stack(0x0000006651600000,0x0000006651700000)]
  0x000001b59b437000 JavaThread "File watcher server" daemon [_thread_in_native, id=1748, stack(0x0000006651700000,0x0000006651800000)]
  0x000001b59b435800 JavaThread "File watcher consumer" daemon [_thread_blocked, id=4424, stack(0x0000006651800000,0x0000006651900000)]
  0x000001b59b436000 JavaThread "Cache worker for checksums cache (C:\Users\felip\AndroidStudioProjects\VideoApp\.gradle\checksums)" [_thread_blocked, id=4864, stack(0x0000006651900000,0x0000006651a00000)]
  0x000001b59b438000 JavaThread "Cache worker for cache directory md-supplier (C:\Users\felip\.gradle\caches\7.0.2\md-supplier)" [_thread_blocked, id=336, stack(0x0000006651a00000,0x0000006651b00000)]
  0x000001b59cbaa000 JavaThread "Cache worker for cache directory md-rule (C:\Users\felip\.gradle\caches\7.0.2\md-rule)" [_thread_blocked, id=7748, stack(0x0000006651b00000,0x0000006651c00000)]
  0x000001b59cba5800 JavaThread "Cache worker for execution history cache (C:\Users\felip\.gradle\caches\7.0.2\executionHistory)" [_thread_blocked, id=5084, stack(0x0000006651c00000,0x0000006651d00000)]
  0x000001b59cbab800 JavaThread "jar transforms" [_thread_blocked, id=924, stack(0x0000006651d00000,0x0000006651e00000)]
  0x000001b59cba9000 JavaThread "jar transforms Thread 2" [_thread_blocked, id=4028, stack(0x0000006651e00000,0x0000006651f00000)]
  0x000001b59cbac000 JavaThread "Cache worker for file content cache (C:\Users\felip\.gradle\caches\7.0.2\fileContent)" [_thread_blocked, id=6864, stack(0x0000006651f00000,0x0000006652000000)]
  0x000001b59cbad000 JavaThread "Cache worker for dependencies-accessors (C:\Users\felip\AndroidStudioProjects\VideoApp\.gradle\7.0.2\dependencies-accessors)" [_thread_blocked, id=1628, stack(0x0000006652000000,0x0000006652100000)]
  0x000001b59cba8000 JavaThread "Cache worker for Build Output Cleanup Cache (C:\Users\felip\AndroidStudioProjects\VideoApp\.gradle\buildOutputCleanup)" [_thread_blocked, id=8088, stack(0x0000006652100000,0x0000006652200000)]
  0x000001b59cba7800 JavaThread "Build operations" [_thread_blocked, id=6836, stack(0x0000006652200000,0x0000006652300000)]
  0x000001b59cbae800 JavaThread "Build operations Thread 2" [_thread_blocked, id=7516, stack(0x0000006652300000,0x0000006652400000)]
  0x000001b59cbb1000 JavaThread "Memory manager" [_thread_blocked, id=6904, stack(0x0000006652600000,0x0000006652700000)]
  0x000001b59cbaf800 JavaThread "build event listener" [_thread_blocked, id=4932, stack(0x000000664f400000,0x000000664f500000)]
  0x000001b59cbb3800 JavaThread "build event listener" [_thread_blocked, id=4332, stack(0x000000664f500000,0x000000664f600000)]
  0x000001b59cbae000 JavaThread "Execution worker for ':'" [_thread_blocked, id=756, stack(0x000000664f600000,0x000000664f700000)]
  0x000001b59cbb4800 JavaThread "Cache worker for execution history cache (C:\Users\felip\AndroidStudioProjects\VideoApp\.gradle\7.0.2\executionHistory)" [_thread_blocked, id=6200, stack(0x0000006651100000,0x0000006651200000)]
  0x000001b59cbb0800 JavaThread "WorkerExecutor Queue" [_thread_blocked, id=748, stack(0x0000006652700000,0x0000006652800000)]
  0x000001b59cbb2000 JavaThread "WorkerExecutor Queue Thread 2" [_thread_blocked, id=6732, stack(0x0000006652800000,0x0000006652900000)]
  0x000001b5a10ae000 JavaThread "ForkJoinPool-1-worker-3" daemon [_thread_in_Java, id=4888, stack(0x0000006652900000,0x0000006652a00000)]
  0x000001b5a10aa000 JavaThread "ForkJoinPool-1-worker-1" daemon [_thread_in_Java, id=4652, stack(0x0000006652a00000,0x0000006652b00000)]

Other Threads:
  0x000001b59a300000 VMThread "VM Thread" [stack: 0x000000664fd00000,0x000000664fe00000] [id=4148]
  0x000001b59a61d000 WatcherThread [stack: 0x0000006650700000,0x0000006650800000] [id=1064]
  0x000001b581dca000 GCTaskThread "GC Thread#0" [stack: 0x000000664f800000,0x000000664f900000] [id=2684]
  0x000001b59a6ff800 GCTaskThread "GC Thread#1" [stack: 0x0000006650800000,0x0000006650900000] [id=1988]
  0x000001b581dda800 ConcurrentGCThread "G1 Main Marker" [stack: 0x000000664f900000,0x000000664fa00000] [id=6964]
  0x000001b581ddc000 ConcurrentGCThread "G1 Conc#0" [stack: 0x000000664fa00000,0x000000664fb00000] [id=3140]
  0x000001b581e27800 ConcurrentGCThread "G1 Refine#0" [stack: 0x000000664fb00000,0x000000664fc00000] [id=5720]
  0x000001b581e28800 ConcurrentGCThread "G1 Young RemSet Sampling" [stack: 0x000000664fc00000,0x000000664fd00000] [id=7348]

Threads with active compile tasks:
C2 CompilerThread0 128170 11668       4       com.android.tools.r8.code.w1::a (4137 bytes)

VM state:not at safepoint (normal execution)

VM Mutex/Monitor currently owned by a thread: None

Heap address: 0x00000000e0000000, size: 512 MB, Compressed Oops mode: 32-bit
Narrow klass base: 0x0000000000000000, Narrow klass shift: 3
Compressed class space size: 1073741824 Address: 0x0000000100000000

Heap:
 garbage-first heap   total 285696K, used 180087K [0x00000000e0000000, 0x0000000100000000)
  region size 1024K, 5 young (5120K), 2 survivors (2048K)
 Metaspace       used 91972K, capacity 94123K, committed 94332K, reserved 1130496K
  class space    used 11947K, capacity 12764K, committed 12800K, reserved 1048576K
Heap Regions: E=young(eden), S=young(survivor), O=old, HS=humongous(starts), HC=humongous(continues), CS=collection set, F=free, A=archive, TAMS=top-at-mark-start (previous, next)
|   0|0x00000000e0000000, 0x00000000e0100000, 0x00000000e0100000|100%| O|  |TAMS 0x00000000e0100000, 0x00000000e0100000| Untracked 
|   1|0x00000000e0100000, 0x00000000e0200000, 0x00000000e0200000|100%| O|  |TAMS 0x00000000e0200000, 0x00000000e0200000| Untracked 
|   2|0x00000000e0200000, 0x00000000e0300000, 0x00000000e0300000|100%| O|  |TAMS 0x00000000e0300000, 0x00000000e0300000| Untracked 
|   3|0x00000000e0300000, 0x00000000e0400000, 0x00000000e0400000|100%| O|  |TAMS 0x00000000e0400000, 0x00000000e0400000| Untracked 
|   4|0x00000000e0400000, 0x00000000e0500000, 0x00000000e0500000|100%|HS|  |TAMS 0x00000000e0500000, 0x00000000e0500000| Complete 
|   5|0x00000000e0500000, 0x00000000e0600000, 0x00000000e0600000|100%|HC|  |TAMS 0x00000000e0600000, 0x00000000e0600000| Complete 
|   6|0x00000000e0600000, 0x00000000e0700000, 0x00000000e0700000|100%|HC|  |TAMS 0x00000000e0700000, 0x00000000e0700000| Complete 
|   7|0x00000000e0700000, 0x00000000e0800000, 0x00000000e0800000|100%| O|  |TAMS 0x00000000e0800000, 0x00000000e0800000| Untracked 
|   8|0x00000000e0800000, 0x00000000e0900000, 0x00000000e0900000|100%| O|  |TAMS 0x00000000e0900000, 0x00000000e0900000| Untracked 
|   9|0x00000000e0900000, 0x00000000e0a00000, 0x00000000e0a00000|100%| O|  |TAMS 0x00000000e0a00000, 0x00000000e0a00000| Untracked 
|  10|0x00000000e0a00000, 0x00000000e0b00000, 0x00000000e0b00000|100%| O|  |TAMS 0x00000000e0b00000, 0x00000000e0b00000| Untracked 
|  11|0x00000000e0b00000, 0x00000000e0c00000, 0x00000000e0c00000|100%| O|  |TAMS 0x00000000e0c00000, 0x00000000e0c00000| Untracked 
|  12|0x00000000e0c00000, 0x00000000e0d00000, 0x00000000e0d00000|100%| O|  |TAMS 0x00000000e0d00000, 0x00000000e0d00000| Untracked 
|  13|0x00000000e0d00000, 0x00000000e0e00000, 0x00000000e0e00000|100%| O|  |TAMS 0x00000000e0e00000, 0x00000000e0e00000| Untracked 
|  14|0x00000000e0e00000, 0x00000000e0f00000, 0x00000000e0f00000|100%| O|  |TAMS 0x00000000e0f00000, 0x00000000e0f00000| Untracked 
|  15|0x00000000e0f00000, 0x00000000e1000000, 0x00000000e1000000|100%| O|  |TAMS 0x00000000e1000000, 0x00000000e1000000| Untracked 
|  16|0x00000000e1000000, 0x00000000e1100000, 0x00000000e1100000|100%| O|  |TAMS 0x00000000e1100000, 0x00000000e1100000| Untracked 
|  17|0x00000000e1100000, 0x00000000e1200000, 0x00000000e1200000|100%| O|  |TAMS 0x00000000e1200000, 0x00000000e1200000| Untracked 
|  18|0x00000000e1200000, 0x00000000e1300000, 0x00000000e1300000|100%| O|  |TAMS 0x00000000e1300000, 0x00000000e1300000| Untracked 
|  19|0x00000000e1300000, 0x00000000e1400000, 0x00000000e1400000|100%| O|  |TAMS 0x00000000e1400000, 0x00000000e1400000| Untracked 
|  20|0x00000000e1400000, 0x00000000e1500000, 0x00000000e1500000|100%| O|  |TAMS 0x00000000e1500000, 0x00000000e1500000| Untracked 
|  21|0x00000000e1500000, 0x00000000e1600000, 0x00000000e1600000|100%| O|  |TAMS 0x00000000e1600000, 0x00000000e1600000| Untracked 
|  22|0x00000000e1600000, 0x00000000e1700000, 0x00000000e1700000|100%| O|  |TAMS 0x00000000e1700000, 0x00000000e1700000| Untracked 
|  23|0x00000000e1700000, 0x00000000e1800000, 0x00000000e1800000|100%| O|  |TAMS 0x00000000e1800000, 0x00000000e1800000| Untracked 
|  24|0x00000000e1800000, 0x00000000e1900000, 0x00000000e1900000|100%| O|  |TAMS 0x00000000e1900000, 0x00000000e1900000| Untracked 
|  25|0x00000000e1900000, 0x00000000e1a00000, 0x00000000e1a00000|100%| O|  |TAMS 0x00000000e1a00000, 0x00000000e1a00000| Untracked 
|  26|0x00000000e1a00000, 0x00000000e1b00000, 0x00000000e1b00000|100%| O|  |TAMS 0x00000000e1b00000, 0x00000000e1b00000| Untracked 
|  27|0x00000000e1b00000, 0x00000000e1c00000, 0x00000000e1c00000|100%| O|  |TAMS 0x00000000e1c00000, 0x00000000e1c00000| Untracked 
|  28|0x00000000e1c00000, 0x00000000e1d00000, 0x00000000e1d00000|100%|HS|  |TAMS 0x00000000e1d00000, 0x00000000e1d00000| Complete 
|  29|0x00000000e1d00000, 0x00000000e1e00000, 0x00000000e1e00000|100%| O|  |TAMS 0x00000000e1e00000, 0x00000000e1e00000| Untracked 
|  30|0x00000000e1e00000, 0x00000000e1f00000, 0x00000000e1f00000|100%|HS|  |TAMS 0x00000000e1f00000, 0x00000000e1f00000| Complete 
|  31|0x00000000e1f00000, 0x00000000e2000000, 0x00000000e2000000|100%| O|  |TAMS 0x00000000e2000000, 0x00000000e2000000| Untracked 
|  32|0x00000000e2000000, 0x00000000e2100000, 0x00000000e2100000|100%| O|  |TAMS 0x00000000e2100000, 0x00000000e2100000| Untracked 
|  33|0x00000000e2100000, 0x00000000e2200000, 0x00000000e2200000|100%| O|  |TAMS 0x00000000e2200000, 0x00000000e2200000| Untracked 
|  34|0x00000000e2200000, 0x00000000e2300000, 0x00000000e2300000|100%| O|  |TAMS 0x00000000e2300000, 0x00000000e2300000| Untracked 
|  35|0x00000000e2300000, 0x00000000e2400000, 0x00000000e2400000|100%|HS|  |TAMS 0x00000000e2400000, 0x00000000e2400000| Complete 
|  36|0x00000000e2400000, 0x00000000e2500000, 0x00000000e2500000|100%|HS|  |TAMS 0x00000000e2500000, 0x00000000e2500000| Complete 
|  37|0x00000000e2500000, 0x00000000e2600000, 0x00000000e2600000|100%|HC|  |TAMS 0x00000000e2600000, 0x00000000e2600000| Complete 
|  38|0x00000000e2600000, 0x00000000e2700000, 0x00000000e2700000|100%|HC|  |TAMS 0x00000000e2700000, 0x00000000e2700000| Complete 
|  39|0x00000000e2700000, 0x00000000e2800000, 0x00000000e2800000|100%| O|  |TAMS 0x00000000e2800000, 0x00000000e2800000| Untracked 
|  40|0x00000000e2800000, 0x00000000e2900000, 0x00000000e2900000|100%| O|  |TAMS 0x00000000e2900000, 0x00000000e2900000| Untracked 
|  41|0x00000000e2900000, 0x00000000e2a00000, 0x00000000e2a00000|100%| O|  |TAMS 0x00000000e2a00000, 0x00000000e2a00000| Untracked 
|  42|0x00000000e2a00000, 0x00000000e2b00000, 0x00000000e2b00000|100%|HS|  |TAMS 0x00000000e2b00000, 0x00000000e2b00000| Complete 
|  43|0x00000000e2b00000, 0x00000000e2c00000, 0x00000000e2c00000|100%|HC|  |TAMS 0x00000000e2c00000, 0x00000000e2c00000| Complete 
|  44|0x00000000e2c00000, 0x00000000e2d00000, 0x00000000e2d00000|100%| O|  |TAMS 0x00000000e2d00000, 0x00000000e2d00000| Untracked 
|  45|0x00000000e2d00000, 0x00000000e2e00000, 0x00000000e2e00000|100%| O|  |TAMS 0x00000000e2e00000, 0x00000000e2e00000| Untracked 
|  46|0x00000000e2e00000, 0x00000000e2f00000, 0x00000000e2f00000|100%| O|  |TAMS 0x00000000e2f00000, 0x00000000e2f00000| Untracked 
|  47|0x00000000e2f00000, 0x00000000e3000000, 0x00000000e3000000|100%| O|  |TAMS 0x00000000e3000000, 0x00000000e3000000| Untracked 
|  48|0x00000000e3000000, 0x00000000e3100000, 0x00000000e3100000|100%| O|  |TAMS 0x00000000e3100000, 0x00000000e3100000| Untracked 
|  49|0x00000000e3100000, 0x00000000e3200000, 0x00000000e3200000|100%| O|  |TAMS 0x00000000e3200000, 0x00000000e3200000| Untracked 
|  50|0x00000000e3200000, 0x00000000e3300000, 0x00000000e3300000|100%| O|  |TAMS 0x00000000e3300000, 0x00000000e3300000| Untracked 
|  51|0x00000000e3300000, 0x00000000e3400000, 0x00000000e3400000|100%| O|  |TAMS 0x00000000e3400000, 0x00000000e3400000| Untracked 
|  52|0x00000000e3400000, 0x00000000e3500000, 0x00000000e3500000|100%| O|  |TAMS 0x00000000e3500000, 0x00000000e3500000| Untracked 
|  53|0x00000000e3500000, 0x00000000e3600000, 0x00000000e3600000|100%| O|  |TAMS 0x00000000e3600000, 0x00000000e3600000| Untracked 
|  54|0x00000000e3600000, 0x00000000e3700000, 0x00000000e3700000|100%| O|  |TAMS 0x00000000e3700000, 0x00000000e3700000| Untracked 
|  55|0x00000000e3700000, 0x00000000e3800000, 0x00000000e3800000|100%| O|  |TAMS 0x00000000e3800000, 0x00000000e3800000| Untracked 
|  56|0x00000000e3800000, 0x00000000e3900000, 0x00000000e3900000|100%| O|  |TAMS 0x00000000e3900000, 0x00000000e3900000| Untracked 
|  57|0x00000000e3900000, 0x00000000e3a00000, 0x00000000e3a00000|100%| O|  |TAMS 0x00000000e3a00000, 0x00000000e3a00000| Untracked 
|  58|0x00000000e3a00000, 0x00000000e3b00000, 0x00000000e3b00000|100%| O|  |TAMS 0x00000000e3b00000, 0x00000000e3b00000| Untracked 
|  59|0x00000000e3b00000, 0x00000000e3c00000, 0x00000000e3c00000|100%| O|  |TAMS 0x00000000e3c00000, 0x00000000e3c00000| Untracked 
|  60|0x00000000e3c00000, 0x00000000e3d00000, 0x00000000e3d00000|100%| O|  |TAMS 0x00000000e3d00000, 0x00000000e3d00000| Untracked 
|  61|0x00000000e3d00000, 0x00000000e3e00000, 0x00000000e3e00000|100%| O|  |TAMS 0x00000000e3e00000, 0x00000000e3e00000| Untracked 
|  62|0x00000000e3e00000, 0x00000000e3f00000, 0x00000000e3f00000|100%| O|  |TAMS 0x00000000e3f00000, 0x00000000e3f00000| Untracked 
|  63|0x00000000e3f00000, 0x00000000e4000000, 0x00000000e4000000|100%| O|  |TAMS 0x00000000e4000000, 0x00000000e4000000| Untracked 
|  64|0x00000000e4000000, 0x00000000e4100000, 0x00000000e4100000|100%| O|  |TAMS 0x00000000e4100000, 0x00000000e4100000| Untracked 
|  65|0x00000000e4100000, 0x00000000e4200000, 0x00000000e4200000|100%| O|  |TAMS 0x00000000e4200000, 0x00000000e4200000| Untracked 
|  66|0x00000000e4200000, 0x00000000e4300000, 0x00000000e4300000|100%| O|  |TAMS 0x00000000e4300000, 0x00000000e4300000| Untracked 
|  67|0x00000000e4300000, 0x00000000e4400000, 0x00000000e4400000|100%| O|  |TAMS 0x00000000e4400000, 0x00000000e4400000| Untracked 
|  68|0x00000000e4400000, 0x00000000e4500000, 0x00000000e4500000|100%| O|  |TAMS 0x00000000e4500000, 0x00000000e4500000| Untracked 
|  69|0x00000000e4500000, 0x00000000e4600000, 0x00000000e4600000|100%| O|  |TAMS 0x00000000e4600000, 0x00000000e4600000| Untracked 
|  70|0x00000000e4600000, 0x00000000e4700000, 0x00000000e4700000|100%| O|  |TAMS 0x00000000e4700000, 0x00000000e4700000| Untracked 
|  71|0x00000000e4700000, 0x00000000e4800000, 0x00000000e4800000|100%| O|  |TAMS 0x00000000e4800000, 0x00000000e4800000| Untracked 
|  72|0x00000000e4800000, 0x00000000e4900000, 0x00000000e4900000|100%| O|  |TAMS 0x00000000e4900000, 0x00000000e4900000| Untracked 
|  73|0x00000000e4900000, 0x00000000e4a00000, 0x00000000e4a00000|100%| O|  |TAMS 0x00000000e4a00000, 0x00000000e4a00000| Untracked 
|  74|0x00000000e4a00000, 0x00000000e4b00000, 0x00000000e4b00000|100%| O|  |TAMS 0x00000000e4b00000, 0x00000000e4b00000| Untracked 
|  75|0x00000000e4b00000, 0x00000000e4c00000, 0x00000000e4c00000|100%| O|  |TAMS 0x00000000e4c00000, 0x00000000e4c00000| Untracked 
|  76|0x00000000e4c00000, 0x00000000e4d00000, 0x00000000e4d00000|100%| O|  |TAMS 0x00000000e4d00000, 0x00000000e4d00000| Untracked 
|  77|0x00000000e4d00000, 0x00000000e4e00000, 0x00000000e4e00000|100%| O|  |TAMS 0x00000000e4e00000, 0x00000000e4e00000| Untracked 
|  78|0x00000000e4e00000, 0x00000000e4f00000, 0x00000000e4f00000|100%| O|  |TAMS 0x00000000e4f00000, 0x00000000e4f00000| Untracked 
|  79|0x00000000e4f00000, 0x00000000e5000000, 0x00000000e5000000|100%| O|  |TAMS 0x00000000e5000000, 0x00000000e5000000| Untracked 
|  80|0x00000000e5000000, 0x00000000e5100000, 0x00000000e5100000|100%| O|  |TAMS 0x00000000e5100000, 0x00000000e5100000| Untracked 
|  81|0x00000000e5100000, 0x00000000e5200000, 0x00000000e5200000|100%| O|  |TAMS 0x00000000e5200000, 0x00000000e5200000| Untracked 
|  82|0x00000000e5200000, 0x00000000e5300000, 0x00000000e5300000|100%| O|  |TAMS 0x00000000e5300000, 0x00000000e5300000| Untracked 
|  83|0x00000000e5300000, 0x00000000e5400000, 0x00000000e5400000|100%|HS|  |TAMS 0x00000000e5400000, 0x00000000e5400000| Complete 
|  84|0x00000000e5400000, 0x00000000e5500000, 0x00000000e5500000|100%|HC|  |TAMS 0x00000000e5500000, 0x00000000e5500000| Complete 
|  85|0x00000000e5500000, 0x00000000e5600000, 0x00000000e5600000|100%| O|  |TAMS 0x00000000e5600000, 0x00000000e5600000| Untracked 
|  86|0x00000000e5600000, 0x00000000e5700000, 0x00000000e5700000|100%|HS|  |TAMS 0x00000000e5700000, 0x00000000e5700000| Complete 
|  87|0x00000000e5700000, 0x00000000e5800000, 0x00000000e5800000|100%|HS|  |TAMS 0x00000000e5800000, 0x00000000e5800000| Complete 
|  88|0x00000000e5800000, 0x00000000e5900000, 0x00000000e5900000|100%| O|  |TAMS 0x00000000e5900000, 0x00000000e5900000| Untracked 
|  89|0x00000000e5900000, 0x00000000e5a00000, 0x00000000e5a00000|100%|HS|  |TAMS 0x00000000e5a00000, 0x00000000e5a00000| Complete 
|  90|0x00000000e5a00000, 0x00000000e5b00000, 0x00000000e5b00000|100%|HC|  |TAMS 0x00000000e5b00000, 0x00000000e5b00000| Complete 
|  91|0x00000000e5b00000, 0x00000000e5c00000, 0x00000000e5c00000|100%|HS|  |TAMS 0x00000000e5c00000, 0x00000000e5c00000| Complete 
|  92|0x00000000e5c00000, 0x00000000e5d00000, 0x00000000e5d00000|100%|HC|  |TAMS 0x00000000e5d00000, 0x00000000e5d00000| Complete 
|  93|0x00000000e5d00000, 0x00000000e5e00000, 0x00000000e5e00000|100%|HS|  |TAMS 0x00000000e5e00000, 0x00000000e5e00000| Complete 
|  94|0x00000000e5e00000, 0x00000000e5f00000, 0x00000000e5f00000|100%|HC|  |TAMS 0x00000000e5f00000, 0x00000000e5f00000| Complete 
|  95|0x00000000e5f00000, 0x00000000e6000000, 0x00000000e6000000|100%|HS|  |TAMS 0x00000000e6000000, 0x00000000e6000000| Complete 
|  96|0x00000000e6000000, 0x00000000e6100000, 0x00000000e6100000|100%|HS|  |TAMS 0x00000000e6100000, 0x00000000e6100000| Complete 
|  97|0x00000000e6100000, 0x00000000e6200000, 0x00000000e6200000|100%| O|  |TAMS 0x00000000e6200000, 0x00000000e6200000| Untracked 
|  98|0x00000000e6200000, 0x00000000e6300000, 0x00000000e6300000|100%| O|  |TAMS 0x00000000e6300000, 0x00000000e6300000| Untracked 
|  99|0x00000000e6300000, 0x00000000e6400000, 0x00000000e6400000|100%| O|  |TAMS 0x00000000e6400000, 0x00000000e6400000| Untracked 
| 100|0x00000000e6400000, 0x00000000e6500000, 0x00000000e6500000|100%| O|  |TAMS 0x00000000e6500000, 0x00000000e6500000| Untracked 
| 101|0x00000000e6500000, 0x00000000e6600000, 0x00000000e6600000|100%| O|  |TAMS 0x00000000e6600000, 0x00000000e6600000| Untracked 
| 102|0x00000000e6600000, 0x00000000e6700000, 0x00000000e6700000|100%|HS|  |TAMS 0x00000000e6700000, 0x00000000e6700000| Complete 
| 103|0x00000000e6700000, 0x00000000e6800000, 0x00000000e6800000|100%| O|  |TAMS 0x00000000e6800000, 0x00000000e6800000| Untracked 
| 104|0x00000000e6800000, 0x00000000e6900000, 0x00000000e6900000|100%|HS|  |TAMS 0x00000000e6900000, 0x00000000e6900000| Complete 
| 105|0x00000000e6900000, 0x00000000e6a00000, 0x00000000e6a00000|100%|HC|  |TAMS 0x00000000e6a00000, 0x00000000e6a00000| Complete 
| 106|0x00000000e6a00000, 0x00000000e6b00000, 0x00000000e6b00000|100%|HC|  |TAMS 0x00000000e6b00000, 0x00000000e6b00000| Complete 
| 107|0x00000000e6b00000, 0x00000000e6c00000, 0x00000000e6c00000|100%|HS|  |TAMS 0x00000000e6c00000, 0x00000000e6c00000| Complete 
| 108|0x00000000e6c00000, 0x00000000e6d00000, 0x00000000e6d00000|100%|HC|  |TAMS 0x00000000e6d00000, 0x00000000e6d00000| Complete 
| 109|0x00000000e6d00000, 0x00000000e6e00000, 0x00000000e6e00000|100%| O|  |TAMS 0x00000000e6e00000, 0x00000000e6e00000| Untracked 
| 110|0x00000000e6e00000, 0x00000000e6f00000, 0x00000000e6f00000|100%| O|  |TAMS 0x00000000e6f00000, 0x00000000e6f00000| Untracked 
| 111|0x00000000e6f00000, 0x00000000e7000000, 0x00000000e7000000|100%|HS|  |TAMS 0x00000000e7000000, 0x00000000e7000000| Complete 
| 112|0x00000000e7000000, 0x00000000e7100000, 0x00000000e7100000|100%|HS|  |TAMS 0x00000000e7100000, 0x00000000e7100000| Complete 
| 113|0x00000000e7100000, 0x00000000e7200000, 0x00000000e7200000|100%|HC|  |TAMS 0x00000000e7200000, 0x00000000e7200000| Complete 
| 114|0x00000000e7200000, 0x00000000e7300000, 0x00000000e7300000|100%| O|  |TAMS 0x00000000e7300000, 0x00000000e7300000| Untracked 
| 115|0x00000000e7300000, 0x00000000e7400000, 0x00000000e7400000|100%| O|  |TAMS 0x00000000e7400000, 0x00000000e7400000| Untracked 
| 116|0x00000000e7400000, 0x00000000e7500000, 0x00000000e7500000|100%|HS|  |TAMS 0x00000000e7500000, 0x00000000e7500000| Complete 
| 117|0x00000000e7500000, 0x00000000e7600000, 0x00000000e7600000|100%|HC|  |TAMS 0x00000000e7600000, 0x00000000e7600000| Complete 
| 118|0x00000000e7600000, 0x00000000e7700000, 0x00000000e7700000|100%| O|  |TAMS 0x00000000e7700000, 0x00000000e7700000| Untracked 
| 119|0x00000000e7700000, 0x00000000e7800000, 0x00000000e7800000|100%|HS|  |TAMS 0x00000000e7800000, 0x00000000e7800000| Complete 
| 120|0x00000000e7800000, 0x00000000e7900000, 0x00000000e7900000|100%|HC|  |TAMS 0x00000000e7900000, 0x00000000e7900000| Complete 
| 121|0x00000000e7900000, 0x00000000e7a00000, 0x00000000e7a00000|100%| O|  |TAMS 0x00000000e7a00000, 0x00000000e7a00000| Untracked 
| 122|0x00000000e7a00000, 0x00000000e7b00000, 0x00000000e7b00000|100%|HS|  |TAMS 0x00000000e7b00000, 0x00000000e7b00000| Complete 
| 123|0x00000000e7b00000, 0x00000000e7c00000, 0x00000000e7c00000|100%| O|  |TAMS 0x00000000e7c00000, 0x00000000e7c00000| Untracked 
| 124|0x00000000e7c00000, 0x00000000e7d00000, 0x00000000e7d00000|100%| O|  |TAMS 0x00000000e7d00000, 0x00000000e7d00000| Untracked 
| 125|0x00000000e7d00000, 0x00000000e7e00000, 0x00000000e7e00000|100%|HS|  |TAMS 0x00000000e7e00000, 0x00000000e7e00000| Complete 
| 126|0x00000000e7e00000, 0x00000000e7f00000, 0x00000000e7f00000|100%|HS|  |TAMS 0x00000000e7f00000, 0x00000000e7f00000| Complete 
| 127|0x00000000e7f00000, 0x00000000e8000000, 0x00000000e8000000|100%| O|  |TAMS 0x00000000e8000000, 0x00000000e8000000| Untracked 
| 128|0x00000000e8000000, 0x00000000e8100000, 0x00000000e8100000|100%| O|  |TAMS 0x00000000e8100000, 0x00000000e8100000| Untracked 
| 129|0x00000000e8100000, 0x00000000e8200000, 0x00000000e8200000|100%| O|  |TAMS 0x00000000e8200000, 0x00000000e8200000| Untracked 
| 130|0x00000000e8200000, 0x00000000e8300000, 0x00000000e8300000|100%|HS|  |TAMS 0x00000000e8300000, 0x00000000e8300000| Complete 
| 131|0x00000000e8300000, 0x00000000e8400000, 0x00000000e8400000|100%| O|  |TAMS 0x00000000e8400000, 0x00000000e8400000| Untracked 
| 132|0x00000000e8400000, 0x00000000e8500000, 0x00000000e8500000|100%|HS|  |TAMS 0x00000000e8500000, 0x00000000e8500000| Complete 
| 133|0x00000000e8500000, 0x00000000e8600000, 0x00000000e8600000|100%|HC|  |TAMS 0x00000000e8600000, 0x00000000e8600000| Complete 
| 134|0x00000000e8600000, 0x00000000e8700000, 0x00000000e8700000|100%|HC|  |TAMS 0x00000000e8700000, 0x00000000e8700000| Complete 
| 135|0x00000000e8700000, 0x00000000e8800000, 0x00000000e8800000|100%|HS|  |TAMS 0x00000000e8800000, 0x00000000e8800000| Complete 
| 136|0x00000000e8800000, 0x00000000e8900000, 0x00000000e8900000|100%|HC|  |TAMS 0x00000000e8900000, 0x00000000e8900000| Complete 
| 137|0x00000000e8900000, 0x00000000e8a00000, 0x00000000e8a00000|100%| O|  |TAMS 0x00000000e8a00000, 0x00000000e8a00000| Untracked 
| 138|0x00000000e8a00000, 0x00000000e8b00000, 0x00000000e8b00000|100%| O|  |TAMS 0x00000000e8b00000, 0x00000000e8b00000| Untracked 
| 139|0x00000000e8b00000, 0x00000000e8c00000, 0x00000000e8c00000|100%|HS|  |TAMS 0x00000000e8c00000, 0x00000000e8c00000| Complete 
| 140|0x00000000e8c00000, 0x00000000e8d00000, 0x00000000e8d00000|100%|HC|  |TAMS 0x00000000e8d00000, 0x00000000e8d00000| Complete 
| 141|0x00000000e8d00000, 0x00000000e8e00000, 0x00000000e8e00000|100%| O|  |TAMS 0x00000000e8e00000, 0x00000000e8e00000| Untracked 
| 142|0x00000000e8e00000, 0x00000000e8f00000, 0x00000000e8f00000|100%| O|  |TAMS 0x00000000e8f00000, 0x00000000e8f00000| Untracked 
| 143|0x00000000e8f00000, 0x00000000e9000000, 0x00000000e9000000|100%| O|  |TAMS 0x00000000e9000000, 0x00000000e9000000| Untracked 
| 144|0x00000000e9000000, 0x00000000e9100000, 0x00000000e9100000|100%| O|  |TAMS 0x00000000e9100000, 0x00000000e9100000| Untracked 
| 145|0x00000000e9100000, 0x00000000e9200000, 0x00000000e9200000|100%| O|  |TAMS 0x00000000e9200000, 0x00000000e9200000| Untracked 
| 146|0x00000000e9200000, 0x00000000e9300000, 0x00000000e9300000|100%| O|  |TAMS 0x00000000e9300000, 0x00000000e9300000| Untracked 
| 147|0x00000000e9300000, 0x00000000e9400000, 0x00000000e9400000|100%| O|  |TAMS 0x00000000e9400000, 0x00000000e9400000| Untracked 
| 148|0x00000000e9400000, 0x00000000e9500000, 0x00000000e9500000|100%| O|  |TAMS 0x00000000e9500000, 0x00000000e9500000| Untracked 
| 149|0x00000000e9500000, 0x00000000e9600000, 0x00000000e9600000|100%| O|  |TAMS 0x00000000e9600000, 0x00000000e9600000| Untracked 
| 150|0x00000000e9600000, 0x00000000e9700000, 0x00000000e9700000|100%| O|  |TAMS 0x00000000e9700000, 0x00000000e9700000| Untracked 
| 151|0x00000000e9700000, 0x00000000e9800000, 0x00000000e9800000|100%| O|  |TAMS 0x00000000e9800000, 0x00000000e9800000| Untracked 
| 152|0x00000000e9800000, 0x00000000e9900000, 0x00000000e9900000|100%| O|  |TAMS 0x00000000e9900000, 0x00000000e9900000| Untracked 
| 153|0x00000000e9900000, 0x00000000e9a00000, 0x00000000e9a00000|100%| O|  |TAMS 0x00000000e9a00000, 0x00000000e9a00000| Untracked 
| 154|0x00000000e9a00000, 0x00000000e9b00000, 0x00000000e9b00000|100%| O|  |TAMS 0x00000000e9b00000, 0x00000000e9b00000| Untracked 
| 155|0x00000000e9b00000, 0x00000000e9c00000, 0x00000000e9c00000|100%| O|  |TAMS 0x00000000e9c00000, 0x00000000e9c00000| Untracked 
| 156|0x00000000e9c00000, 0x00000000e9d00000, 0x00000000e9d00000|100%| O|  |TAMS 0x00000000e9d00000, 0x00000000e9d00000| Untracked 
| 157|0x00000000e9d00000, 0x00000000e9e00000, 0x00000000e9e00000|100%|HS|  |TAMS 0x00000000e9d00000, 0x00000000e9e00000| Complete 
| 158|0x00000000e9e00000, 0x00000000e9f00000, 0x00000000e9f00000|100%|HC|  |TAMS 0x00000000e9e00000, 0x00000000e9f00000| Complete 
| 159|0x00000000e9f00000, 0x00000000ea000000, 0x00000000ea000000|100%| O|  |TAMS 0x00000000e9f00000, 0x00000000ea000000| Untracked 
| 160|0x00000000ea000000, 0x00000000ea100000, 0x00000000ea100000|100%| O|  |TAMS 0x00000000ea000000, 0x00000000ea100000| Untracked 
| 161|0x00000000ea100000, 0x00000000ea200000, 0x00000000ea200000|100%| O|  |TAMS 0x00000000ea100000, 0x00000000ea200000| Untracked 
| 162|0x00000000ea200000, 0x00000000ea300000, 0x00000000ea300000|100%| O|  |TAMS 0x00000000ea200000, 0x00000000ea300000| Untracked 
| 163|0x00000000ea300000, 0x00000000ea400000, 0x00000000ea400000|100%| O|  |TAMS 0x00000000ea300000, 0x00000000ea400000| Untracked 
| 164|0x00000000ea400000, 0x00000000ea500000, 0x00000000ea500000|100%| O|  |TAMS 0x00000000ea400000, 0x00000000ea500000| Untracked 
| 165|0x00000000ea500000, 0x00000000ea600000, 0x00000000ea600000|100%| O|  |TAMS 0x00000000ea500000, 0x00000000ea600000| Untracked 
| 166|0x00000000ea600000, 0x00000000ea700000, 0x00000000ea700000|100%| O|  |TAMS 0x00000000ea600000, 0x00000000ea700000| Untracked 
| 167|0x00000000ea700000, 0x00000000ea800000, 0x00000000ea800000|100%| O|  |TAMS 0x00000000ea700000, 0x00000000ea800000| Untracked 
| 168|0x00000000ea800000, 0x00000000ea900000, 0x00000000ea900000|100%| O|  |TAMS 0x00000000ea800000, 0x00000000ea900000| Untracked 
| 169|0x00000000ea900000, 0x00000000eaa00000, 0x00000000eaa00000|100%| O|  |TAMS 0x00000000ea900000, 0x00000000eaa00000| Untracked 
| 170|0x00000000eaa00000, 0x00000000eab00000, 0x00000000eab00000|100%| O|  |TAMS 0x00000000eaa00000, 0x00000000eab00000| Untracked 
| 171|0x00000000eab00000, 0x00000000eabdde00, 0x00000000eac00000| 86%| O|  |TAMS 0x00000000eab00000, 0x00000000eabdde00| Untracked 
| 172|0x00000000eac00000, 0x00000000eac00000, 0x00000000ead00000|  0%| F|  |TAMS 0x00000000eac00000, 0x00000000eac00000| Untracked 
| 173|0x00000000ead00000, 0x00000000ead00000, 0x00000000eae00000|  0%| F|  |TAMS 0x00000000ead00000, 0x00000000ead00000| Untracked 
| 174|0x00000000eae00000, 0x00000000eae00000, 0x00000000eaf00000|  0%| F|  |TAMS 0x00000000eae00000, 0x00000000eae00000| Untracked 
| 175|0x00000000eaf00000, 0x00000000eaf00000, 0x00000000eb000000|  0%| F|  |TAMS 0x00000000eaf00000, 0x00000000eaf00000| Untracked 
| 176|0x00000000eb000000, 0x00000000eb000000, 0x00000000eb100000|  0%| F|  |TAMS 0x00000000eb000000, 0x00000000eb000000| Untracked 
| 177|0x00000000eb100000, 0x00000000eb100000, 0x00000000eb200000|  0%| F|  |TAMS 0x00000000eb100000, 0x00000000eb100000| Untracked 
| 178|0x00000000eb200000, 0x00000000eb200000, 0x00000000eb300000|  0%| F|  |TAMS 0x00000000eb200000, 0x00000000eb200000| Untracked 
| 179|0x00000000eb300000, 0x00000000eb300000, 0x00000000eb400000|  0%| F|  |TAMS 0x00000000eb300000, 0x00000000eb300000| Untracked 
| 180|0x00000000eb400000, 0x00000000eb400000, 0x00000000eb500000|  0%| F|  |TAMS 0x00000000eb400000, 0x00000000eb400000| Untracked 
| 181|0x00000000eb500000, 0x00000000eb500000, 0x00000000eb600000|  0%| F|  |TAMS 0x00000000eb500000, 0x00000000eb500000| Untracked 
| 182|0x00000000eb600000, 0x00000000eb600000, 0x00000000eb700000|  0%| F|  |TAMS 0x00000000eb600000, 0x00000000eb600000| Untracked 
| 183|0x00000000eb700000, 0x00000000eb700000, 0x00000000eb800000|  0%| F|  |TAMS 0x00000000eb700000, 0x00000000eb700000| Untracked 
| 184|0x00000000eb800000, 0x00000000eb800000, 0x00000000eb900000|  0%| F|  |TAMS 0x00000000eb800000, 0x00000000eb800000| Untracked 
| 185|0x00000000eb900000, 0x00000000eb900000, 0x00000000eba00000|  0%| F|  |TAMS 0x00000000eb900000, 0x00000000eb900000| Untracked 
| 186|0x00000000eba00000, 0x00000000eba00000, 0x00000000ebb00000|  0%| F|  |TAMS 0x00000000eba00000, 0x00000000eba00000| Untracked 
| 187|0x00000000ebb00000, 0x00000000ebb00000, 0x00000000ebc00000|  0%| F|  |TAMS 0x00000000ebb00000, 0x00000000ebb00000| Untracked 
| 188|0x00000000ebc00000, 0x00000000ebc00000, 0x00000000ebd00000|  0%| F|  |TAMS 0x00000000ebc00000, 0x00000000ebc00000| Untracked 
| 189|0x00000000ebd00000, 0x00000000ebd00000, 0x00000000ebe00000|  0%| F|  |TAMS 0x00000000ebd00000, 0x00000000ebd00000| Untracked 
| 190|0x00000000ebe00000, 0x00000000ebe00000, 0x00000000ebf00000|  0%| F|  |TAMS 0x00000000ebe00000, 0x00000000ebe00000| Untracked 
| 191|0x00000000ebf00000, 0x00000000ebf00000, 0x00000000ec000000|  0%| F|  |TAMS 0x00000000ebf00000, 0x00000000ebf00000| Untracked 
| 192|0x00000000ec000000, 0x00000000ec000000, 0x00000000ec100000|  0%| F|  |TAMS 0x00000000ec000000, 0x00000000ec000000| Untracked 
| 193|0x00000000ec100000, 0x00000000ec100000, 0x00000000ec200000|  0%| F|  |TAMS 0x00000000ec100000, 0x00000000ec100000| Untracked 
| 194|0x00000000ec200000, 0x00000000ec200000, 0x00000000ec300000|  0%| F|  |TAMS 0x00000000ec200000, 0x00000000ec200000| Untracked 
| 195|0x00000000ec300000, 0x00000000ec300000, 0x00000000ec400000|  0%| F|  |TAMS 0x00000000ec300000, 0x00000000ec300000| Untracked 
| 196|0x00000000ec400000, 0x00000000ec400000, 0x00000000ec500000|  0%| F|  |TAMS 0x00000000ec400000, 0x00000000ec400000| Untracked 
| 197|0x00000000ec500000, 0x00000000ec500000, 0x00000000ec600000|  0%| F|  |TAMS 0x00000000ec500000, 0x00000000ec500000| Untracked 
| 198|0x00000000ec600000, 0x00000000ec600000, 0x00000000ec700000|  0%| F|  |TAMS 0x00000000ec600000, 0x00000000ec600000| Untracked 
| 199|0x00000000ec700000, 0x00000000ec700000, 0x00000000ec800000|  0%| F|  |TAMS 0x00000000ec700000, 0x00000000ec700000| Untracked 
| 200|0x00000000ec800000, 0x00000000ec800000, 0x00000000ec900000|  0%| F|  |TAMS 0x00000000ec800000, 0x00000000ec800000| Untracked 
| 201|0x00000000ec900000, 0x00000000ec900000, 0x00000000eca00000|  0%| F|  |TAMS 0x00000000ec900000, 0x00000000ec900000| Untracked 
| 202|0x00000000eca00000, 0x00000000eca00000, 0x00000000ecb00000|  0%| F|  |TAMS 0x00000000eca00000, 0x00000000eca00000| Untracked 
| 203|0x00000000ecb00000, 0x00000000ecb00000, 0x00000000ecc00000|  0%| F|  |TAMS 0x00000000ecb00000, 0x00000000ecb00000| Untracked 
| 204|0x00000000ecc00000, 0x00000000ecc00000, 0x00000000ecd00000|  0%| F|  |TAMS 0x00000000ecc00000, 0x00000000ecc00000| Untracked 
| 205|0x00000000ecd00000, 0x00000000ecd00000, 0x00000000ece00000|  0%| F|  |TAMS 0x00000000ecd00000, 0x00000000ecd00000| Untracked 
| 206|0x00000000ece00000, 0x00000000ece00000, 0x00000000ecf00000|  0%| F|  |TAMS 0x00000000ece00000, 0x00000000ece00000| Untracked 
| 207|0x00000000ecf00000, 0x00000000ecf00000, 0x00000000ed000000|  0%| F|  |TAMS 0x00000000ecf00000, 0x00000000ecf00000| Untracked 
| 208|0x00000000ed000000, 0x00000000ed000000, 0x00000000ed100000|  0%| F|  |TAMS 0x00000000ed000000, 0x00000000ed000000| Untracked 
| 209|0x00000000ed100000, 0x00000000ed100000, 0x00000000ed200000|  0%| F|  |TAMS 0x00000000ed100000, 0x00000000ed100000| Untracked 
| 210|0x00000000ed200000, 0x00000000ed200000, 0x00000000ed300000|  0%| F|  |TAMS 0x00000000ed200000, 0x00000000ed200000| Untracked 
| 211|0x00000000ed300000, 0x00000000ed300000, 0x00000000ed400000|  0%| F|  |TAMS 0x00000000ed300000, 0x00000000ed300000| Untracked 
| 212|0x00000000ed400000, 0x00000000ed400000, 0x00000000ed500000|  0%| F|  |TAMS 0x00000000ed400000, 0x00000000ed400000| Untracked 
| 213|0x00000000ed500000, 0x00000000ed500000, 0x00000000ed600000|  0%| F|  |TAMS 0x00000000ed500000, 0x00000000ed500000| Untracked 
| 214|0x00000000ed600000, 0x00000000ed600000, 0x00000000ed700000|  0%| F|  |TAMS 0x00000000ed600000, 0x00000000ed600000| Untracked 
| 215|0x00000000ed700000, 0x00000000ed700000, 0x00000000ed800000|  0%| F|  |TAMS 0x00000000ed700000, 0x00000000ed700000| Untracked 
| 216|0x00000000ed800000, 0x00000000ed800000, 0x00000000ed900000|  0%| F|  |TAMS 0x00000000ed800000, 0x00000000ed800000| Untracked 
| 217|0x00000000ed900000, 0x00000000ed900000, 0x00000000eda00000|  0%| F|  |TAMS 0x00000000ed900000, 0x00000000ed900000| Untracked 
| 218|0x00000000eda00000, 0x00000000eda00000, 0x00000000edb00000|  0%| F|  |TAMS 0x00000000eda00000, 0x00000000eda00000| Untracked 
| 219|0x00000000edb00000, 0x00000000edb00000, 0x00000000edc00000|  0%| F|  |TAMS 0x00000000edb00000, 0x00000000edb00000| Untracked 
| 220|0x00000000edc00000, 0x00000000edc00000, 0x00000000edd00000|  0%| F|  |TAMS 0x00000000edc00000, 0x00000000edc00000| Untracked 
| 221|0x00000000edd00000, 0x00000000edd00000, 0x00000000ede00000|  0%| F|  |TAMS 0x00000000edd00000, 0x00000000edd00000| Untracked 
| 222|0x00000000ede00000, 0x00000000ede00000, 0x00000000edf00000|  0%| F|  |TAMS 0x00000000ede00000, 0x00000000ede00000| Untracked 
| 223|0x00000000edf00000, 0x00000000edf00000, 0x00000000ee000000|  0%| F|  |TAMS 0x00000000edf00000, 0x00000000edf00000| Untracked 
| 224|0x00000000ee000000, 0x00000000ee000000, 0x00000000ee100000|  0%| F|  |TAMS 0x00000000ee000000, 0x00000000ee000000| Untracked 
| 225|0x00000000ee100000, 0x00000000ee100000, 0x00000000ee200000|  0%| F|  |TAMS 0x00000000ee100000, 0x00000000ee100000| Untracked 
| 226|0x00000000ee200000, 0x00000000ee200000, 0x00000000ee300000|  0%| F|  |TAMS 0x00000000ee200000, 0x00000000ee200000| Untracked 
| 227|0x00000000ee300000, 0x00000000ee300000, 0x00000000ee400000|  0%| F|  |TAMS 0x00000000ee300000, 0x00000000ee300000| Untracked 
| 228|0x00000000ee400000, 0x00000000ee400000, 0x00000000ee500000|  0%| F|  |TAMS 0x00000000ee400000, 0x00000000ee400000| Untracked 
| 229|0x00000000ee500000, 0x00000000ee500000, 0x00000000ee600000|  0%| F|  |TAMS 0x00000000ee500000, 0x00000000ee500000| Untracked 
| 230|0x00000000ee600000, 0x00000000ee600000, 0x00000000ee700000|  0%| F|  |TAMS 0x00000000ee600000, 0x00000000ee600000| Untracked 
| 231|0x00000000ee700000, 0x00000000ee700000, 0x00000000ee800000|  0%| F|  |TAMS 0x00000000ee700000, 0x00000000ee700000| Untracked 
| 232|0x00000000ee800000, 0x00000000ee800000, 0x00000000ee900000|  0%| F|  |TAMS 0x00000000ee800000, 0x00000000ee800000| Untracked 
| 233|0x00000000ee900000, 0x00000000ee900000, 0x00000000eea00000|  0%| F|  |TAMS 0x00000000ee900000, 0x00000000ee900000| Untracked 
| 234|0x00000000eea00000, 0x00000000eea00000, 0x00000000eeb00000|  0%| F|  |TAMS 0x00000000eea00000, 0x00000000eea00000| Untracked 
| 235|0x00000000eeb00000, 0x00000000eeb00000, 0x00000000eec00000|  0%| F|  |TAMS 0x00000000eeb00000, 0x00000000eeb00000| Untracked 
| 236|0x00000000eec00000, 0x00000000eec00000, 0x00000000eed00000|  0%| F|  |TAMS 0x00000000eec00000, 0x00000000eec00000| Untracked 
| 237|0x00000000eed00000, 0x00000000eed00000, 0x00000000eee00000|  0%| F|  |TAMS 0x00000000eed00000, 0x00000000eed00000| Untracked 
| 238|0x00000000eee00000, 0x00000000eee00000, 0x00000000eef00000|  0%| F|  |TAMS 0x00000000eee00000, 0x00000000eee00000| Untracked 
| 239|0x00000000eef00000, 0x00000000eef00000, 0x00000000ef000000|  0%| F|  |TAMS 0x00000000eef00000, 0x00000000eef00000| Untracked 
| 240|0x00000000ef000000, 0x00000000ef000000, 0x00000000ef100000|  0%| F|  |TAMS 0x00000000ef000000, 0x00000000ef000000| Untracked 
| 241|0x00000000ef100000, 0x00000000ef100000, 0x00000000ef200000|  0%| F|  |TAMS 0x00000000ef100000, 0x00000000ef100000| Untracked 
| 242|0x00000000ef200000, 0x00000000ef200000, 0x00000000ef300000|  0%| F|  |TAMS 0x00000000ef200000, 0x00000000ef200000| Untracked 
| 243|0x00000000ef300000, 0x00000000ef300000, 0x00000000ef400000|  0%| F|  |TAMS 0x00000000ef300000, 0x00000000ef300000| Untracked 
| 244|0x00000000ef400000, 0x00000000ef400000, 0x00000000ef500000|  0%| F|  |TAMS 0x00000000ef400000, 0x00000000ef400000| Untracked 
| 245|0x00000000ef500000, 0x00000000ef500000, 0x00000000ef600000|  0%| F|  |TAMS 0x00000000ef500000, 0x00000000ef500000| Untracked 
| 246|0x00000000ef600000, 0x00000000ef600000, 0x00000000ef700000|  0%| F|  |TAMS 0x00000000ef600000, 0x00000000ef600000| Untracked 
| 247|0x00000000ef700000, 0x00000000ef700000, 0x00000000ef800000|  0%| F|  |TAMS 0x00000000ef700000, 0x00000000ef700000| Untracked 
| 248|0x00000000ef800000, 0x00000000ef800000, 0x00000000ef900000|  0%| F|  |TAMS 0x00000000ef800000, 0x00000000ef800000| Untracked 
| 249|0x00000000ef900000, 0x00000000ef900000, 0x00000000efa00000|  0%| F|  |TAMS 0x00000000ef900000, 0x00000000ef900000| Untracked 
| 250|0x00000000efa00000, 0x00000000efa00000, 0x00000000efb00000|  0%| F|  |TAMS 0x00000000efa00000, 0x00000000efa00000| Untracked 
| 251|0x00000000efb00000, 0x00000000efb00000, 0x00000000efc00000|  0%| F|  |TAMS 0x00000000efb00000, 0x00000000efb00000| Untracked 
| 252|0x00000000efc00000, 0x00000000efc00000, 0x00000000efd00000|  0%| F|  |TAMS 0x00000000efc00000, 0x00000000efc00000| Untracked 
| 253|0x00000000efd00000, 0x00000000efd00000, 0x00000000efe00000|  0%| F|  |TAMS 0x00000000efd00000, 0x00000000efd00000| Untracked 
| 254|0x00000000efe00000, 0x00000000efe00000, 0x00000000eff00000|  0%| F|  |TAMS 0x00000000efe00000, 0x00000000efe00000| Untracked 
| 255|0x00000000eff00000, 0x00000000eff00000, 0x00000000f0000000|  0%| F|  |TAMS 0x00000000eff00000, 0x00000000eff00000| Untracked 
| 256|0x00000000f0000000, 0x00000000f0000000, 0x00000000f0100000|  0%| F|  |TAMS 0x00000000f0000000, 0x00000000f0000000| Untracked 
| 257|0x00000000f0100000, 0x00000000f0100000, 0x00000000f0200000|  0%| F|  |TAMS 0x00000000f0100000, 0x00000000f0100000| Untracked 
| 258|0x00000000f0200000, 0x00000000f0200000, 0x00000000f0300000|  0%| F|  |TAMS 0x00000000f0200000, 0x00000000f0200000| Untracked 
| 259|0x00000000f0300000, 0x00000000f0300000, 0x00000000f0400000|  0%| F|  |TAMS 0x00000000f0300000, 0x00000000f0300000| Untracked 
| 260|0x00000000f0400000, 0x00000000f0400000, 0x00000000f0500000|  0%| F|  |TAMS 0x00000000f0400000, 0x00000000f0400000| Untracked 
| 261|0x00000000f0500000, 0x00000000f0500000, 0x00000000f0600000|  0%| F|  |TAMS 0x00000000f0500000, 0x00000000f0500000| Untracked 
| 262|0x00000000f0600000, 0x00000000f0600000, 0x00000000f0700000|  0%| F|  |TAMS 0x00000000f0600000, 0x00000000f0600000| Untracked 
| 263|0x00000000f0700000, 0x00000000f0700000, 0x00000000f0800000|  0%| F|  |TAMS 0x00000000f0700000, 0x00000000f0700000| Untracked 
| 264|0x00000000f0800000, 0x00000000f0900000, 0x00000000f0900000|100%| S|CS|TAMS 0x00000000f0800000, 0x00000000f0800000| Complete 
| 265|0x00000000f0900000, 0x00000000f0a00000, 0x00000000f0a00000|100%| S|CS|TAMS 0x00000000f0900000, 0x00000000f0900000| Complete 
| 266|0x00000000f0a00000, 0x00000000f0a00000, 0x00000000f0b00000|  0%| F|  |TAMS 0x00000000f0a00000, 0x00000000f0a00000| Untracked 
| 267|0x00000000f0b00000, 0x00000000f0b00000, 0x00000000f0c00000|  0%| F|  |TAMS 0x00000000f0b00000, 0x00000000f0b00000| Untracked 
| 268|0x00000000f0c00000, 0x00000000f0c00000, 0x00000000f0d00000|  0%| F|  |TAMS 0x00000000f0c00000, 0x00000000f0c00000| Untracked 
| 269|0x00000000f0d00000, 0x00000000f0d00000, 0x00000000f0e00000|  0%| F|  |TAMS 0x00000000f0d00000, 0x00000000f0d00000| Untracked 
| 270|0x00000000f0e00000, 0x00000000f0e00000, 0x00000000f0f00000|  0%| F|  |TAMS 0x00000000f0e00000, 0x00000000f0e00000| Untracked 
| 271|0x00000000f0f00000, 0x00000000f0f00000, 0x00000000f1000000|  0%| F|  |TAMS 0x00000000f0f00000, 0x00000000f0f00000| Untracked 
| 272|0x00000000f1000000, 0x00000000f1000000, 0x00000000f1100000|  0%| F|  |TAMS 0x00000000f1000000, 0x00000000f1000000| Untracked 
| 273|0x00000000f1100000, 0x00000000f1100000, 0x00000000f1200000|  0%| F|  |TAMS 0x00000000f1100000, 0x00000000f1100000| Untracked 
| 274|0x00000000f1200000, 0x00000000f1200000, 0x00000000f1300000|  0%| F|  |TAMS 0x00000000f1200000, 0x00000000f1200000| Untracked 
| 275|0x00000000f1300000, 0x00000000f1300000, 0x00000000f1400000|  0%| F|  |TAMS 0x00000000f1300000, 0x00000000f1300000| Untracked 
| 276|0x00000000f1400000, 0x00000000f1470790, 0x00000000f1500000| 43%| E|  |TAMS 0x00000000f1400000, 0x00000000f1400000| Complete 
| 277|0x00000000f1500000, 0x00000000f1600000, 0x00000000f1600000|100%| E|CS|TAMS 0x00000000f1500000, 0x00000000f1500000| Complete 
| 278|0x00000000f1600000, 0x00000000f1700000, 0x00000000f1700000|100%| E|CS|TAMS 0x00000000f1600000, 0x00000000f1600000| Complete 

Card table byte_map: [0x000001b596590000,0x000001b596690000] _byte_map_base: 0x000001b595e90000

Marking Bits (Prev, Next): (CMBitMap*) 0x000001b581dd79f8, (CMBitMap*) 0x000001b581dd7a30
 Prev Bits: [0x000001b596790000, 0x000001b596f90000)
 Next Bits: [0x000001b596f90000, 0x000001b597790000)

Polling page: 0x000001b587060000

Metaspace:

Usage:
  Non-class:     79.45 MB capacity,    78.15 MB ( 98%) used,     1.05 MB (  1%) free+waste,   257.19 KB ( <1%) overhead. 
      Class:     12.46 MB capacity,    11.67 MB ( 94%) used,   702.13 KB (  6%) free+waste,   114.06 KB ( <1%) overhead. 
       Both:     91.92 MB capacity,    89.82 MB ( 98%) used,     1.74 MB (  2%) free+waste,   371.25 KB ( <1%) overhead. 

Virtual space:
  Non-class space:       80.00 MB reserved,      79.62 MB (>99%) committed 
      Class space:        1.00 GB reserved,      12.50 MB (  1%) committed 
             Both:        1.08 GB reserved,      92.12 MB (  8%) committed 

Chunk freelists:
   Non-Class:  45.00 KB
       Class:  4.00 KB
        Both:  49.00 KB

MaxMetaspaceSize: 17179869184.00 GB
CompressedClassSpaceSize: 1.00 GB

CodeHeap 'non-profiled nmethods': size=120064Kb used=7465Kb max_used=7465Kb free=112598Kb
 bounds [0x000001b58eb40000, 0x000001b58f290000, 0x000001b596080000]
CodeHeap 'profiled nmethods': size=120000Kb used=25772Kb max_used=25772Kb free=94227Kb
 bounds [0x000001b587610000, 0x000001b588f40000, 0x000001b58eb40000]
CodeHeap 'non-nmethods': size=5696Kb used=2286Kb max_used=2319Kb free=3409Kb
 bounds [0x000001b587080000, 0x000001b5872f0000, 0x000001b587610000]
 total_blobs=12547 nmethods=11650 adapters=806
 compilation: enabled
              stopped_count=0, restarted_count=0
 full_count=0

Compilation events (20 events):
Event: 127.721 Thread 0x000001b59a38e800 nmethod 11637 0x000001b58f288b90 code [0x000001b58f288da0, 0x000001b58f2897a8]
Event: 127.722 Thread 0x000001b59a38e800 11668       4       com.android.tools.r8.code.w1::a (4137 bytes)
Event: 127.733 Thread 0x000001b59a390800 11673       3       java.util.AbstractList$SubList::<init> (35 bytes)
Event: 127.733 Thread 0x000001b59a390800 nmethod 11673 0x000001b588f32890 code [0x000001b588f32a60, 0x000001b588f32d18]
Event: 127.734 Thread 0x000001b59a390800 11674       3       java.util.AbstractList$SubList$1::<init> (41 bytes)
Event: 127.734 Thread 0x000001b59a390800 nmethod 11674 0x000001b588f32e90 code [0x000001b588f33060, 0x000001b588f33348]
Event: 127.744 Thread 0x000001b59a390800 11675       1       com.android.tools.r8.graph.f0$d::p0 (5 bytes)
Event: 127.744 Thread 0x000001b59a390800 nmethod 11675 0x000001b58f28a190 code [0x000001b58f28a340, 0x000001b58f28a3f8]
Event: 127.753 Thread 0x000001b59a390800 11676       3       com.android.tools.r8.graph.f0$o::S (2 bytes)
Event: 127.754 Thread 0x000001b59a390800 nmethod 11676 0x000001b588f33490 code [0x000001b588f33640, 0x000001b588f33738]
Event: 127.760 Thread 0x000001b59a390800 11678       1       com.android.tools.r8.graph.f0$u::k0 (2 bytes)
Event: 127.761 Thread 0x000001b59a390800 nmethod 11678 0x000001b58f28a490 code [0x000001b58f28a640, 0x000001b58f28a6f8]
Event: 127.761 Thread 0x000001b59a390800 11679       3       com.android.tools.r8.internal.q5$$Lambda$1001/0x0000000100c63440::applyAsInt (8 bytes)
Event: 127.761 Thread 0x000001b59a390800 nmethod 11679 0x000001b588f33810 code [0x000001b588f339c0, 0x000001b588f33c18]
Event: 127.761 Thread 0x000001b59a390800 11680       3       com.android.tools.r8.internal.q5::a (8 bytes)
Event: 127.762 Thread 0x000001b59a390800 nmethod 11680 0x000001b588f33d10 code [0x000001b588f33ec0, 0x000001b588f33fb8]
Event: 127.765 Thread 0x000001b59a390800 11682       2       com.android.tools.r8.graph.c0::a (47 bytes)
Event: 127.766 Thread 0x000001b59a390800 nmethod 11682 0x000001b588f34090 code [0x000001b588f34260, 0x000001b588f34478]
Event: 127.767 Thread 0x000001b59a390800 11683       2       com.android.tools.r8.graph.f0$v::Y (2 bytes)
Event: 127.768 Thread 0x000001b59a390800 nmethod 11683 0x000001b588f34610 code [0x000001b588f347c0, 0x000001b588f348b8]

GC Heap History (20 events):
Event: 121.006 GC heap before
{Heap before GC invocations=224 (full 0):
 garbage-first heap   total 144384K, used 142417K [0x00000000e0000000, 0x0000000100000000)
  region size 1024K, 6 young (6144K), 1 survivors (1024K)
 Metaspace       used 89637K, capacity 91721K, committed 92028K, reserved 1128448K
  class space    used 11474K, capacity 12224K, committed 12288K, reserved 1048576K
}
Event: 121.021 GC heap after
{Heap after GC invocations=225 (full 0):
 garbage-first heap   total 147456K, used 133455K [0x00000000e0000000, 0x0000000100000000)
  region size 1024K, 1 young (1024K), 1 survivors (1024K)
 Metaspace       used 89637K, capacity 91721K, committed 92028K, reserved 1128448K
  class space    used 11474K, capacity 12224K, committed 12288K, reserved 1048576K
}
Event: 121.256 GC heap before
{Heap before GC invocations=226 (full 0):
 garbage-first heap   total 147456K, used 138575K [0x00000000e0000000, 0x0000000100000000)
  region size 1024K, 7 young (7168K), 1 survivors (1024K)
 Metaspace       used 89679K, capacity 91722K, committed 92028K, reserved 1128448K
  class space    used 11474K, capacity 12224K, committed 12288K, reserved 1048576K
}
Event: 121.280 GC heap after
{Heap after GC invocations=227 (full 0):
 garbage-first heap   total 147456K, used 136082K [0x00000000e0000000, 0x0000000100000000)
  region size 1024K, 1 young (1024K), 1 survivors (1024K)
 Metaspace       used 89679K, capacity 91722K, committed 92028K, reserved 1128448K
  class space    used 11474K, capacity 12224K, committed 12288K, reserved 1048576K
}
Event: 121.453 GC heap before
{Heap before GC invocations=227 (full 0):
 garbage-first heap   total 147456K, used 142226K [0x00000000e0000000, 0x0000000100000000)
  region size 1024K, 7 young (7168K), 1 survivors (1024K)
 Metaspace       used 89681K, capacity 91786K, committed 92028K, reserved 1128448K
  class space    used 11474K, capacity 12224K, committed 12288K, reserved 1048576K
}
Event: 121.478 GC heap after
{Heap after GC invocations=228 (full 0):
 garbage-first heap   total 147456K, used 138670K [0x00000000e0000000, 0x0000000100000000)
  region size 1024K, 1 young (1024K), 1 survivors (1024K)
 Metaspace       used 89681K, capacity 91786K, committed 92028K, reserved 1128448K
  class space    used 11474K, capacity 12224K, committed 12288K, reserved 1048576K
}
Event: 122.235 GC heap before
{Heap before GC invocations=229 (full 0):
 garbage-first heap   total 147456K, used 143790K [0x00000000e0000000, 0x0000000100000000)
  region size 1024K, 7 young (7168K), 1 survivors (1024K)
 Metaspace       used 89701K, capacity 91786K, committed 92028K, reserved 1128448K
  class space    used 11475K, capacity 12224K, committed 12288K, reserved 1048576K
}
Event: 122.267 GC heap after
{Heap after GC invocations=230 (full 0):
 garbage-first heap   total 149504K, used 141720K [0x00000000e0000000, 0x0000000100000000)
  region size 1024K, 1 young (1024K), 1 survivors (1024K)
 Metaspace       used 89701K, capacity 91786K, committed 92028K, reserved 1128448K
  class space    used 11475K, capacity 12224K, committed 12288K, reserved 1048576K
}
Event: 122.465 GC heap before
{Heap before GC invocations=230 (full 0):
 garbage-first heap   total 149504K, used 147864K [0x00000000e0000000, 0x0000000100000000)
  region size 1024K, 7 young (7168K), 1 survivors (1024K)
 Metaspace       used 89701K, capacity 91786K, committed 92028K, reserved 1128448K
  class space    used 11475K, capacity 12224K, committed 12288K, reserved 1048576K
}
Event: 122.506 GC heap after
{Heap after GC invocations=231 (full 0):
 garbage-first heap   total 152576K, used 144876K [0x00000000e0000000, 0x0000000100000000)
  region size 1024K, 1 young (1024K), 1 survivors (1024K)
 Metaspace       used 89701K, capacity 91786K, committed 92028K, reserved 1128448K
  class space    used 11475K, capacity 12224K, committed 12288K, reserved 1048576K
}
Event: 123.240 GC heap before
{Heap before GC invocations=232 (full 0):
 garbage-first heap   total 152576K, used 147948K [0x00000000e0000000, 0x0000000100000000)
  region size 1024K, 5 young (5120K), 1 survivors (1024K)
 Metaspace       used 89701K, capacity 91786K, committed 92028K, reserved 1128448K
  class space    used 11475K, capacity 12224K, committed 12288K, reserved 1048576K
}
Event: 123.274 GC heap after
{Heap after GC invocations=233 (full 0):
 garbage-first heap   total 225280K, used 146954K [0x00000000e0000000, 0x0000000100000000)
  region size 1024K, 1 young (1024K), 1 survivors (1024K)
 Metaspace       used 89701K, capacity 91786K, committed 92028K, reserved 1128448K
  class space    used 11475K, capacity 12224K, committed 12288K, reserved 1048576K
}
Event: 124.210 GC heap before
{Heap before GC invocations=234 (full 0):
 garbage-first heap   total 225280K, used 156170K [0x00000000e0000000, 0x0000000100000000)
  region size 1024K, 10 young (10240K), 1 survivors (1024K)
 Metaspace       used 89710K, capacity 91798K, committed 92028K, reserved 1128448K
  class space    used 11476K, capacity 12226K, committed 12288K, reserved 1048576K
}
Event: 124.277 GC heap after
{Heap after GC invocations=235 (full 0):
 garbage-first heap   total 225280K, used 151703K [0x00000000e0000000, 0x0000000100000000)
  region size 1024K, 3 young (3072K), 3 survivors (3072K)
 Metaspace       used 89710K, capacity 91798K, committed 92028K, reserved 1128448K
  class space    used 11476K, capacity 12226K, committed 12288K, reserved 1048576K
}
Event: 125.132 GC heap before
{Heap before GC invocations=236 (full 0):
 garbage-first heap   total 225280K, used 170135K [0x00000000e0000000, 0x0000000100000000)
  region size 1024K, 20 young (20480K), 3 survivors (3072K)
 Metaspace       used 89710K, capacity 91798K, committed 92028K, reserved 1128448K
  class space    used 11476K, capacity 12226K, committed 12288K, reserved 1048576K
}
Event: 125.229 GC heap after
{Heap after GC invocations=237 (full 0):
 garbage-first heap   total 225280K, used 160042K [0x00000000e0000000, 0x0000000100000000)
  region size 1024K, 3 young (3072K), 3 survivors (3072K)
 Metaspace       used 89710K, capacity 91798K, committed 92028K, reserved 1128448K
  class space    used 11476K, capacity 12226K, committed 12288K, reserved 1048576K
}
Event: 125.274 GC heap before
{Heap before GC invocations=237 (full 0):
 garbage-first heap   total 225280K, used 166186K [0x00000000e0000000, 0x0000000100000000)
  region size 1024K, 11 young (11264K), 3 survivors (3072K)
 Metaspace       used 89711K, capacity 91798K, committed 92028K, reserved 1128448K
  class space    used 11476K, capacity 12226K, committed 12288K, reserved 1048576K
}
Event: 125.388 GC heap after
{Heap after GC invocations=238 (full 0):
 garbage-first heap   total 225280K, used 163840K [0x00000000e0000000, 0x0000000100000000)
  region size 1024K, 3 young (3072K), 3 survivors (3072K)
 Metaspace       used 89711K, capacity 91798K, committed 92028K, reserved 1128448K
  class space    used 11476K, capacity 12226K, committed 12288K, reserved 1048576K
}
Event: 127.231 GC heap before
{Heap before GC invocations=239 (full 0):
 garbage-first heap   total 225280K, used 179200K [0x00000000e0000000, 0x0000000100000000)
  region size 1024K, 17 young (17408K), 3 survivors (3072K)
 Metaspace       used 91890K, capacity 94018K, committed 94332K, reserved 1130496K
  class space    used 11939K, capacity 12729K, committed 12800K, reserved 1048576K
}
Event: 127.484 GC heap after
{Heap after GC invocations=240 (full 0):
 garbage-first heap   total 285696K, used 171008K [0x00000000e0000000, 0x0000000100000000)
  region size 1024K, 3 young (3072K), 3 survivors (3072K)
 Metaspace       used 91890K, capacity 94018K, committed 94332K, reserved 1130496K
  class space    used 11939K, capacity 12729K, committed 12800K, reserved 1048576K
}

Deoptimization events (20 events):
Event: 125.112 Thread 0x000001b59cbb2000 DEOPT PACKING pc=0x000001b58f25f620 sp=0x00000066528fd2f0
Event: 125.112 Thread 0x000001b59cbb2000 DEOPT UNPACKING pc=0x000001b5870a6029 sp=0x00000066528fd228 mode 2
Event: 125.112 Thread 0x000001b59cbb2000 Uncommon trap: trap_request=0xffffff4d fr.pc=0x000001b58f25ed5c relative=0x000000000000019c
Event: 125.112 Thread 0x000001b59cbb2000 Uncommon trap: reason=unstable_if action=reinterpret pc=0x000001b58f25ed5c method=com.android.tools.r8.graph.e0.equals(Ljava/lang/Object;)Z @ 28 c2
Event: 125.112 Thread 0x000001b59cbb2000 DEOPT PACKING pc=0x000001b58f25ed5c sp=0x00000066528fd260
Event: 125.112 Thread 0x000001b59cbb2000 DEOPT UNPACKING pc=0x000001b5870a6029 sp=0x00000066528fd210 mode 2
Event: 126.352 Thread 0x000001b5a10aa000 Uncommon trap: trap_request=0xffffff4d fr.pc=0x000001b58f26c2a4 relative=0x0000000000000ba4
Event: 126.352 Thread 0x000001b5a10aa000 Uncommon trap: reason=unstable_if action=reinterpret pc=0x000001b58f26c2a4 method=com.android.tools.r8.dex.j.a(ILjava/util/function/Supplier;)Ljava/lang/Object; @ 1 c2
Event: 126.352 Thread 0x000001b5a10aa000 DEOPT PACKING pc=0x000001b58f26c2a4 sp=0x0000006652afeb10
Event: 126.352 Thread 0x000001b5a10aa000 DEOPT UNPACKING pc=0x000001b5870a6029 sp=0x0000006652afeb18 mode 2
Event: 126.743 Thread 0x000001b5a10aa000 Uncommon trap: trap_request=0xffffff4d fr.pc=0x000001b58f2720f0 relative=0x00000000000002b0
Event: 126.743 Thread 0x000001b5a10aa000 Uncommon trap: reason=unstable_if action=reinterpret pc=0x000001b58f2720f0 method=com.android.tools.r8.graph.c0.a(Lcom/android/tools/r8/graph/c0;)I @ 49 c2
Event: 126.743 Thread 0x000001b5a10aa000 DEOPT PACKING pc=0x000001b58f2720f0 sp=0x0000006652afe5b0
Event: 126.743 Thread 0x000001b5a10aa000 DEOPT UNPACKING pc=0x000001b5870a6029 sp=0x0000006652afe530 mode 2
Event: 126.920 Thread 0x000001b5a10ae000 DEOPT PACKING pc=0x000001b588e5b8d3 sp=0x00000066529fe780
Event: 126.920 Thread 0x000001b5a10ae000 DEOPT UNPACKING pc=0x000001b5870a643f sp=0x00000066529fdcd8 mode 0
Event: 127.648 Thread 0x000001b5a10aa000 Uncommon trap: trap_request=0xffffff4d fr.pc=0x000001b58f27efac relative=0x000000000000110c
Event: 127.648 Thread 0x000001b5a10aa000 Uncommon trap: reason=unstable_if action=reinterpret pc=0x000001b58f27efac method=com.android.tools.r8.dex.j.i()Lcom/android/tools/r8/graph/f0; @ 64 c2
Event: 127.649 Thread 0x000001b5a10aa000 DEOPT PACKING pc=0x000001b58f27efac sp=0x0000006652afe930
Event: 127.649 Thread 0x000001b5a10aa000 DEOPT UNPACKING pc=0x000001b5870a6029 sp=0x0000006652afe918 mode 2

Classes redefined (0 events):
No events

Internal exceptions (20 events):
Event: 99.060 Thread 0x000001b59b440000 Exception <a 'java/lang/NoSuchMethodError'{0x00000000e5ac0480}: 'void java.lang.invoke.DirectMethodHandle$Holder.invokeVirtual(java.lang.Object, java.lang.Object)'> (0x00000000e5ac0480) thrown at [./src/hotspot/share/interpreter/linkResolver.cpp, line 773]
Event: 99.789 Thread 0x000001b59b440000 Exception <a 'sun/nio/fs/WindowsException'{0x00000000e5a7a058}> (0x00000000e5a7a058) thrown at [./src/hotspot/share/prims/jni.cpp, line 615]
Event: 99.790 Thread 0x000001b59b440000 Exception <a 'sun/nio/fs/WindowsException'{0x00000000e5a81b68}> (0x00000000e5a81b68) thrown at [./src/hotspot/share/prims/jni.cpp, line 615]
Event: 99.790 Thread 0x000001b59b440000 Exception <a 'sun/nio/fs/WindowsException'{0x00000000e5a81e70}> (0x00000000e5a81e70) thrown at [./src/hotspot/share/prims/jni.cpp, line 615]
Event: 99.790 Thread 0x000001b59b440000 Exception <a 'sun/nio/fs/WindowsException'{0x00000000e5a83500}> (0x00000000e5a83500) thrown at [./src/hotspot/share/prims/jni.cpp, line 615]
Event: 99.791 Thread 0x000001b59b440000 Exception <a 'sun/nio/fs/WindowsException'{0x00000000e5a837e8}> (0x00000000e5a837e8) thrown at [./src/hotspot/share/prims/jni.cpp, line 615]
Event: 99.791 Thread 0x000001b59b440000 Exception <a 'sun/nio/fs/WindowsException'{0x00000000e5a84e68}> (0x00000000e5a84e68) thrown at [./src/hotspot/share/prims/jni.cpp, line 615]
Event: 103.266 Thread 0x000001b59b440000 Implicit null exception at 0x000001b58eeb9e94 to 0x000001b58eeba39c
Event: 103.396 Thread 0x000001b59b440000 Exception <a 'java/lang/reflect/InvocationTargetException'{0x00000000e5ccb058}> (0x00000000e5ccb058) thrown at [./src/hotspot/share/runtime/reflection.cpp, line 1247]
Event: 103.418 Thread 0x000001b59b440000 Exception <a 'java/lang/NoSuchMethodError'{0x00000000e5b3d9c0}: 'void java.lang.invoke.DirectMethodHandle$Holder.invokeStatic(java.lang.Object, java.lang.Object, java.lang.Object, java.lang.Object, java.lang.Object, java.lang.Object, java.lang.Object)'> (0x00000000e5b3d9c0) thrown at [./src/hotspot/share/interpreter/linkResolver.cpp, line 773]
Event: 104.023 Thread 0x000001b59b438800 Exception <a 'java/lang/NoSuchMethodError'{0x00000000e5b95c40}: <clinit>> (0x00000000e5b95c40) thrown at [./src/hotspot/share/prims/jni.cpp, line 1362]
Event: 104.030 Thread 0x000001b59b438800 Exception <a 'java/lang/NoSuchMethodError'{0x00000000e5bb8f20}: <clinit>> (0x00000000e5bb8f20) thrown at [./src/hotspot/share/prims/jni.cpp, line 1362]
Event: 104.033 Thread 0x000001b59b438800 Exception <a 'java/lang/NoSuchMethodError'{0x00000000e5bcb210}: <clinit>> (0x00000000e5bcb210) thrown at [./src/hotspot/share/prims/jni.cpp, line 1362]
Event: 118.945 Thread 0x000001b59cbb2000 Exception <a 'sun/nio/fs/WindowsException'{0x00000000e6621bb0}> (0x00000000e6621bb0) thrown at [./src/hotspot/share/prims/jni.cpp, line 615]
Event: 120.419 Thread 0x000001b59cbb2000 Exception <a 'java/lang/NoSuchMethodError'{0x00000000e6e52ae8}: 'java.lang.Object java.lang.invoke.DirectMethodHandle$Holder.invokeStatic(java.lang.Object, java.lang.Object, java.lang.Object, java.lang.Object, java.lang.Object, java.lang.Object, java.lang.Object, java.lang.Object, java.lang.Object, java.lang.Object, java.lang.Object, java.lang.Object, java.lang.Object, java.lang.Object, java.lang.Object, java.lang.Object, java.lang.Object, java.lang.Object, int, java.lang.Object)'> (0x00000000e6e52ae8) thr
Event: 120.420 Thread 0x000001b59cbb2000 Exception <a 'java/lang/NoSuchMethodError'{0x00000000e6e58770}: 'java.lang.Object java.lang.invoke.DirectMethodHandle$Holder.invokeStaticInit(java.lang.Object, java.lang.Object, java.lang.Object, java.lang.Object, java.lang.Object, java.lang.Object, java.lang.Object, java.lang.Object, java.lang.Object, java.lang.Object, java.lang.Object, java.lang.Object, java.lang.Object, java.lang.Object, java.lang.Object, java.lang.Object, java.lang.Object, java.lang.Object, int, java.lang.Object)'> (0x00000000e6e58770)
Event: 126.302 Thread 0x000001b5a10ae000 Exception <a 'java/lang/NoSuchMethodError'{0x00000000ed7f6c88}: 'java.lang.Object java.lang.invoke.DirectMethodHandle$Holder.newInvokeSpecial(java.lang.Object, int)'> (0x00000000ed7f6c88) thrown at [./src/hotspot/share/interpreter/linkResolver.cpp, line 773]
Event: 126.353 Thread 0x000001b5a10aa000 Exception <a 'java/lang/IncompatibleClassChangeError'{0x00000000ed601dc0}: Found class java.lang.Object, but interface was expected> (0x00000000ed601dc0) thrown at [./src/hotspot/share/interpreter/linkResolver.cpp, line 839]
Event: 126.391 Thread 0x000001b5a10aa000 Exception <a 'java/lang/IncompatibleClassChangeError'{0x00000000ed61fe90}: Found class java.lang.Object, but interface was expected> (0x00000000ed61fe90) thrown at [./src/hotspot/share/interpreter/linkResolver.cpp, line 839]
Event: 126.393 Thread 0x000001b5a10aa000 Exception <a 'java/lang/IncompatibleClassChangeError'{0x00000000ed6271c8}: Found class java.lang.Object, but interface was expected> (0x00000000ed6271c8) thrown at [./src/hotspot/share/interpreter/linkResolver.cpp, line 839]

Events (20 events):
Event: 126.765 loading class com/android/tools/r8/internal/mu$f
Event: 126.765 loading class com/android/tools/r8/internal/mu$f done
Event: 126.768 loading class com/android/tools/r8/internal/Sb$a
Event: 126.768 loading class com/android/tools/r8/internal/Sb$a done
Event: 126.769 loading class com/android/tools/r8/internal/ou
Event: 126.769 loading class com/android/tools/r8/internal/ou done
Event: 126.769 loading class com/android/tools/r8/internal/qr
Event: 126.769 loading class com/android/tools/r8/internal/qr done
Event: 126.770 loading class com/android/tools/r8/internal/mu$d
Event: 126.770 loading class com/android/tools/r8/internal/mu$d done
Event: 126.771 loading class com/android/tools/r8/internal/nu
Event: 126.771 loading class com/android/tools/r8/internal/nu done
Event: 127.016 loading class com/android/tools/r8/internal/Zc
Event: 127.016 loading class com/android/tools/r8/internal/Zc done
Event: 127.230 Executing VM operation: G1CollectForAllocation
Event: 127.484 Executing VM operation: G1CollectForAllocation done
Event: 127.675 loading class com/android/tools/r8/internal/Ka
Event: 127.675 loading class com/android/tools/r8/internal/Ka done
Event: 127.696 loading class com/android/tools/r8/internal/g8
Event: 127.696 loading class com/android/tools/r8/internal/g8 done


Dynamic libraries:
0x00007ff77a980000 - 0x00007ff77a98a000 	C:\Users\felip\OneDrive\Desktop\android-studio\jre\bin\java.exe
0x00007ffedbff0000 - 0x00007ffedc1e5000 	C:\Windows\SYSTEM32\ntdll.dll
0x00007ffed7020000 - 0x00007ffed7036000 	C:\Program Files\Avast Software\Avast\aswhook.dll
0x00007ffedb350000 - 0x00007ffedb40e000 	C:\Windows\System32\KERNEL32.DLL
0x00007ffed97a0000 - 0x00007ffed9a68000 	C:\Windows\System32\KERNELBASE.dll
0x00007ffed9d40000 - 0x00007ffed9e40000 	C:\Windows\System32\ucrtbase.dll
0x00007ffec8260000 - 0x00007ffec8277000 	C:\Users\felip\OneDrive\Desktop\android-studio\jre\bin\VCRUNTIME140.dll
0x00007ffec8240000 - 0x00007ffec8259000 	C:\Users\felip\OneDrive\Desktop\android-studio\jre\bin\jli.dll
0x00007ffedb7e0000 - 0x00007ffedb981000 	C:\Windows\System32\USER32.dll
0x00007ffed9710000 - 0x00007ffed9732000 	C:\Windows\System32\win32u.dll
0x00007ffec6bb0000 - 0x00007ffec6e4a000 	C:\Windows\WinSxS\amd64_microsoft.windows.common-controls_6595b64144ccf1df_6.0.19041.1110_none_60b5254171f9507e\COMCTL32.dll
0x00007ffedb240000 - 0x00007ffedb26b000 	C:\Windows\System32\GDI32.dll
0x00007ffed9e40000 - 0x00007ffed9f4b000 	C:\Windows\System32\gdi32full.dll
0x00007ffed9fa0000 - 0x00007ffeda03d000 	C:\Windows\System32\msvcp_win.dll
0x00007ffedbcc0000 - 0x00007ffedbd5e000 	C:\Windows\System32\msvcrt.dll
0x00007ffedba00000 - 0x00007ffedba30000 	C:\Windows\System32\IMM32.DLL
0x00007ffec0800000 - 0x00007ffec089d000 	C:\Users\felip\OneDrive\Desktop\android-studio\jre\bin\msvcp140.dll
0x00007ffec0fb0000 - 0x00007ffec1a85000 	C:\Users\felip\OneDrive\Desktop\android-studio\jre\bin\server\jvm.dll
0x00007ffeda110000 - 0x00007ffeda1bc000 	C:\Windows\System32\ADVAPI32.dll
0x00007ffedbf10000 - 0x00007ffedbfab000 	C:\Windows\System32\sechost.dll
0x00007ffedbae0000 - 0x00007ffedbc0a000 	C:\Windows\System32\RPCRT4.dll
0x00007ffedb230000 - 0x00007ffedb238000 	C:\Windows\System32\PSAPI.DLL
0x00007ffec7410000 - 0x00007ffec7437000 	C:\Windows\SYSTEM32\WINMM.dll
0x00007ffecbca0000 - 0x00007ffecbca9000 	C:\Windows\SYSTEM32\WSOCK32.dll
0x00007ffed2a50000 - 0x00007ffed2a5a000 	C:\Windows\SYSTEM32\VERSION.dll
0x00007ffedb990000 - 0x00007ffedb9fb000 	C:\Windows\System32\WS2_32.dll
0x00007ffed7530000 - 0x00007ffed7542000 	C:\Windows\SYSTEM32\kernel.appcore.dll
0x00007ffed4680000 - 0x00007ffed4691000 	C:\Users\felip\OneDrive\Desktop\android-studio\jre\bin\verify.dll
0x00007ffece500000 - 0x00007ffece6e4000 	C:\Windows\SYSTEM32\DBGHELP.DLL
0x00007ffecf710000 - 0x00007ffecf73c000 	C:\Windows\SYSTEM32\dbgcore.DLL
0x00007ffed9c80000 - 0x00007ffed9d03000 	C:\Windows\System32\bcryptPrimitives.dll
0x00007ffed2000000 - 0x00007ffed2029000 	C:\Users\felip\OneDrive\Desktop\android-studio\jre\bin\java.dll
0x00007ffed4f20000 - 0x00007ffed4f2b000 	C:\Users\felip\OneDrive\Desktop\android-studio\jre\bin\jimage.dll
0x00007ffed4560000 - 0x00007ffed4578000 	C:\Users\felip\OneDrive\Desktop\android-studio\jre\bin\zip.dll
0x00007ffeda3d0000 - 0x00007ffedab0f000 	C:\Windows\System32\SHELL32.dll
0x00007ffed7810000 - 0x00007ffed7fa0000 	C:\Windows\SYSTEM32\windows.storage.dll
0x00007ffedb480000 - 0x00007ffedb7d5000 	C:\Windows\System32\combase.dll
0x00007ffed9090000 - 0x00007ffed90be000 	C:\Windows\SYSTEM32\Wldp.dll
0x00007ffedba30000 - 0x00007ffedbadd000 	C:\Windows\System32\SHCORE.dll
0x00007ffedb410000 - 0x00007ffedb465000 	C:\Windows\System32\shlwapi.dll
0x00007ffed9650000 - 0x00007ffed966f000 	C:\Windows\SYSTEM32\profapi.dll
0x00007ffed4530000 - 0x00007ffed454a000 	C:\Users\felip\OneDrive\Desktop\android-studio\jre\bin\net.dll
0x00007ffed08d0000 - 0x00007ffed09dc000 	C:\Windows\SYSTEM32\WINHTTP.dll
0x00007ffed8df0000 - 0x00007ffed8e5a000 	C:\Windows\system32\mswsock.dll
0x00007ffed39c0000 - 0x00007ffed39d4000 	C:\Users\felip\OneDrive\Desktop\android-studio\jre\bin\nio.dll
0x00007ffed2220000 - 0x00007ffed2247000 	C:\Users\felip\.gradle\native\8bec1ad78214c89d9ad589b4d07fe93259594b29d510b10fafb7a158f7737e5d\windows-amd64\native-platform.dll
0x00007ffed20e0000 - 0x00007ffed221d000 	C:\Users\felip\.gradle\native\53dbd7edfb1c66fb8903c78663c9afc45aea4f116125fa6feffd364cf09443e8\windows-amd64\native-platform-file-events.dll
0x00007ffed40e0000 - 0x00007ffed40ea000 	C:\Users\felip\OneDrive\Desktop\android-studio\jre\bin\management.dll
0x00007ffed1ff0000 - 0x00007ffed1ffd000 	C:\Users\felip\OneDrive\Desktop\android-studio\jre\bin\management_ext.dll
0x00007ffed8fe0000 - 0x00007ffed8ff8000 	C:\Windows\SYSTEM32\CRYPTSP.dll
0x00007ffed8770000 - 0x00007ffed87a4000 	C:\Windows\system32\rsaenh.dll
0x00007ffed9d10000 - 0x00007ffed9d37000 	C:\Windows\System32\bcrypt.dll
0x00007ffed9610000 - 0x00007ffed963e000 	C:\Windows\SYSTEM32\USERENV.dll
0x00007ffed9000000 - 0x00007ffed900c000 	C:\Windows\SYSTEM32\CRYPTBASE.dll
0x00007ffed8ae0000 - 0x00007ffed8b1b000 	C:\Windows\SYSTEM32\IPHLPAPI.DLL
0x00007ffedb470000 - 0x00007ffedb478000 	C:\Windows\System32\NSI.dll
0x00007ffed3ba0000 - 0x00007ffed3bb7000 	C:\Windows\SYSTEM32\dhcpcsvc6.DLL
0x00007ffed3dd0000 - 0x00007ffed3ded000 	C:\Windows\SYSTEM32\dhcpcsvc.DLL
0x00007ffed8b20000 - 0x00007ffed8beb000 	C:\Windows\SYSTEM32\DNSAPI.dll

dbghelp: loaded successfully - version: 4.0.5 - missing functions: none
symbol engine: initialized successfully - sym options: 0x614 - pdb path: .;C:\Users\felip\OneDrive\Desktop\android-studio\jre\bin;C:\Windows\SYSTEM32;C:\Program Files\Avast Software\Avast;C:\Windows\WinSxS\amd64_microsoft.windows.common-controls_6595b64144ccf1df_6.0.19041.1110_none_60b5254171f9507e;C:\Users\felip\OneDrive\Desktop\android-studio\jre\bin\server;C:\Users\felip\.gradle\native\8bec1ad78214c89d9ad589b4d07fe93259594b29d510b10fafb7a158f7737e5d\windows-amd64;C:\Users\felip\.gradle\native\53dbd7edfb1c66fb8903c78663c9afc45aea4f116125fa6feffd364cf09443e8\windows-amd64

VM Arguments:
jvm_args: --add-opens=java.base/java.util=ALL-UNNAMED --add-opens=java.base/java.lang=ALL-UNNAMED --add-opens=java.base/java.lang.invoke=ALL-UNNAMED --add-opens=java.base/java.util=ALL-UNNAMED --add-opens=java.prefs/java.util.prefs=ALL-UNNAMED --add-opens=java.prefs/java.util.prefs=ALL-UNNAMED --add-opens=java.base/java.nio.charset=ALL-UNNAMED --add-opens=java.base/java.net=ALL-UNNAMED --add-opens=java.base/java.util.concurrent.atomic=ALL-UNNAMED -Xmx512m -Dfile.encoding=UTF-8 -Duser.country=US -Duser.language=en -Duser.variant 
java_command: org.gradle.launcher.daemon.bootstrap.GradleDaemon 7.0.2
java_class_path (initial): C:\Users\felip\.gradle\wrapper\dists\gradle-7.0.2-bin\857tjihv64xamwrf0h14cai3r\gradle-7.0.2\lib\gradle-launcher-7.0.2.jar
Launcher Type: SUN_STANDARD

[Global flags]
     intx CICompilerCount                          = 2                                         {product} {ergonomic}
     uint ConcGCThreads                            = 1                                         {product} {ergonomic}
     uint G1ConcRefinementThreads                  = 2                                         {product} {ergonomic}
   size_t G1HeapRegionSize                         = 1048576                                   {product} {ergonomic}
    uintx GCDrainStackTargetSize                   = 64                                        {product} {ergonomic}
   size_t InitialHeapSize                          = 67108864                                  {product} {ergonomic}
   size_t MarkStackSize                            = 4194304                                   {product} {ergonomic}
   size_t MaxHeapSize                              = 536870912                                 {product} {command line}
   size_t MaxNewSize                               = 321912832                                 {product} {ergonomic}
   size_t MinHeapDeltaBytes                        = 1048576                                   {product} {ergonomic}
    uintx NonNMethodCodeHeapSize                   = 5825164                                {pd product} {ergonomic}
    uintx NonProfiledCodeHeapSize                  = 122916538                              {pd product} {ergonomic}
    uintx ProfiledCodeHeapSize                     = 122916538                              {pd product} {ergonomic}
    uintx ReservedCodeCacheSize                    = 251658240                              {pd product} {ergonomic}
     bool SegmentedCodeCache                       = true                                      {product} {ergonomic}
     bool UseCompressedClassPointers               = true                                 {lp64_product} {ergonomic}
     bool UseCompressedOops                        = true                                 {lp64_product} {ergonomic}
     bool UseG1GC                                  = true                                      {product} {ergonomic}
     bool UseLargePagesIndividualAllocation        = false                                  {pd product} {ergonomic}

Logging:
Log output configuration:
 #0: stdout all=warning uptime,level,tags
 #1: stderr all=off uptime,level,tags

Environment Variables:
PATH=C:\Program Files\Common Files\Oracle\Java\javapath;C:\Program Files (x86)\Common Files\Oracle\Java\javapath;C:\Windows\system32;C:\Windows;C:\Windows\System32\Wbem;C:\Windows\System32\WindowsPowerShell\v1.0\;C:\Windows\System32\OpenSSH\;C:\ProgramData\chocolatey\bin;C:\Program Files (x86)\Yarn\bin\;C:\Program Files\Git\cmd;C:\Program Files\nodejs\;C:\Users\felip\AppData\Local\Microsoft\WindowsApps;C:\Users\felip\AppData\Local\Programs\Microsoft VS Code\bin;C:\Users\felip\AppData\Local\Yarn\bin;C:\Users\felip\AppData\Local\GitHubDesktop\bin;C:\Users\felip\AppData\Roaming\npm
USERNAME=felip
OS=Windows_NT
PROCESSOR_IDENTIFIER=Intel64 Family 6 Model 23 Stepping 10, GenuineIntel



---------------  S Y S T E M  ---------------

OS: Windows 10 , 64 bit Build 19041 (10.0.19041.1348)
OS uptime: 0 days 8:18 hours

CPU:total 2 (initial active 2) (2 cores per cpu, 1 threads per core) family 6 model 23 stepping 10 microcode 0xa0c, cmov, cx8, fxsr, mmx, sse, sse2, sse3, ssse3, tsc

Memory: 4k page, system-wide physical 4061M (165M free)
TotalPageFile size 4061M (AvailPageFile size 3M)
current process WorkingSet (physical memory assigned to process): 434M, peak: 434M
current process commit charge ("private bytes"): 539M, peak: 539M

vm_info: OpenJDK 64-Bit Server VM (11.0.11+9-b60-7590822) for windows-amd64 JRE (11.0.11+9-b60-7590822), built on Jul 29 2021 21:43:44 by "builder" with MS VC++ 14.0 (VS2015)

END.
