#
# There is insufficient memory for the Java Runtime Environment to continue.
# Native memory allocation (malloc) failed to allocate 943376 bytes for Chunk::new
# Possible reasons:
#   The system is out of physical RAM or swap space
#   The process is running with CompressedOops enabled, and the Java Heap may be blocking the growth of the native heap
# Possible solutions:
#   Reduce memory load on the system
#   Increase physical memory or swap space
#   Check if swap backing store is full
#   Decrease Java heap size (-Xmx/-Xms)
#   Decrease number of Java threads
#   Decrease Java thread stack sizes (-Xss)
#   Set larger code cache with -XX:ReservedCodeCacheSize=
#   JVM is running with Unscaled Compressed Oops mode in which the Java heap is
#     placed in the first 4GB address space. The Java Heap base address is the
#     maximum limit for the native heap growth. Please use -XX:HeapBaseMinAddress
#     to set the Java Heap base and to place the Java Heap above 4GB virtual address.
# This output file may be truncated or incomplete.
#
#  Out of Memory Error (./src/hotspot/share/memory/arena.cpp:197), pid=9372, tid=6696
#
# JRE version: OpenJDK Runtime Environment (11.0.11+9) (build 11.0.11+9-b60-7590822)
# Java VM: OpenJDK 64-Bit Server VM (11.0.11+9-b60-7590822, mixed mode, tiered, compressed oops, g1 gc, windows-amd64)
# No core dump will be written. Minidumps are not enabled by default on client versions of Windows
#

---------------  S U M M A R Y ------------

Command Line: --add-opens=java.base/java.util=ALL-UNNAMED --add-opens=java.base/java.lang=ALL-UNNAMED --add-opens=java.base/java.lang.invoke=ALL-UNNAMED --add-opens=java.base/java.util=ALL-UNNAMED --add-opens=java.prefs/java.util.prefs=ALL-UNNAMED --add-opens=java.prefs/java.util.prefs=ALL-UNNAMED --add-opens=java.base/java.nio.charset=ALL-UNNAMED --add-opens=java.base/java.net=ALL-UNNAMED --add-opens=java.base/java.util.concurrent.atomic=ALL-UNNAMED -Xmx2048m -Dfile.encoding=UTF-8 -Duser.country=US -Duser.language=en -Duser.variant org.gradle.launcher.daemon.bootstrap.GradleDaemon 7.0.2

Host: Celeron(R) Dual-Core CPU       T3500  @ 2.10GHz, 2 cores, 3G,  Windows 10 , 64 bit Build 19041 (10.0.19041.1202)
Time: Wed Nov  3 09:43:20 2021 E. South America Standard Time elapsed time: 27.973783 seconds (0d 0h 0m 27s)

---------------  T H R E A D  ---------------

Current thread (0x0000027d50150000):  JavaThread "C2 CompilerThread0" daemon [_thread_in_native, id=6696, stack(0x00000084a3800000,0x00000084a3900000)]


Current CompileTask:
C2:  27974 3362       4       java.lang.String::split (324 bytes)

Stack: [0x00000084a3800000,0x00000084a3900000]
Native frames: (J=compiled Java code, j=interpreted, Vv=VM code, C=native code)
V  [jvm.dll+0x5f214a]
V  [jvm.dll+0x726fb5]
V  [jvm.dll+0x7285cd]
V  [jvm.dll+0x728c83]
V  [jvm.dll+0x243278]
V  [jvm.dll+0xbc53c]
V  [jvm.dll+0xbca3c]
V  [jvm.dll+0x2b5c34]
V  [jvm.dll+0x508488]
V  [jvm.dll+0x203d53]
V  [jvm.dll+0x1fdbac]
V  [jvm.dll+0x1fb35f]
V  [jvm.dll+0x183d6c]
V  [jvm.dll+0x209a57]
V  [jvm.dll+0x2082a1]
V  [jvm.dll+0x6ef58f]
V  [jvm.dll+0x6e80b5]
V  [jvm.dll+0x5f1036]
C  [ucrtbase.dll+0x21bb2]
C  [KERNEL32.DLL+0x17034]
C  [ntdll.dll+0x52651]


---------------  P R O C E S S  ---------------

Threads class SMR info:
_java_thread_list=0x0000027d52d04a80, length=33, elements={
0x0000027d34a02000, 0x0000027d500e5000, 0x0000027d500ef000, 0x0000027d50142000,
0x0000027d50143000, 0x0000027d50146000, 0x0000027d50150000, 0x0000027d50151800,
0x0000027d50abd000, 0x0000027d50bae800, 0x0000027d51fb9000, 0x0000027d516b8800,
0x0000027d51c0b800, 0x0000027d52403000, 0x0000027d523f9800, 0x0000027d52013800,
0x0000027d51f78800, 0x0000027d51dc9800, 0x0000027d51d2b000, 0x0000027d51934000,
0x0000027d51937800, 0x0000027d51938000, 0x0000027d51935800, 0x0000027d51939000,
0x0000027d51935000, 0x0000027d51933800, 0x0000027d51936800, 0x0000027d5193a000,
0x0000027d530d6800, 0x0000027d530d9000, 0x0000027d530d8000, 0x0000027d530dd000,
0x0000027d530da800
}

Java Threads: ( => current thread )
  0x0000027d34a02000 JavaThread "main" [_thread_blocked, id=7480, stack(0x00000084a2c00000,0x00000084a2d00000)]
  0x0000027d500e5000 JavaThread "Reference Handler" daemon [_thread_blocked, id=1228, stack(0x00000084a3300000,0x00000084a3400000)]
  0x0000027d500ef000 JavaThread "Finalizer" daemon [_thread_blocked, id=8704, stack(0x00000084a3400000,0x00000084a3500000)]
  0x0000027d50142000 JavaThread "Signal Dispatcher" daemon [_thread_blocked, id=3328, stack(0x00000084a3500000,0x00000084a3600000)]
  0x0000027d50143000 JavaThread "Attach Listener" daemon [_thread_blocked, id=9292, stack(0x00000084a3600000,0x00000084a3700000)]
  0x0000027d50146000 JavaThread "Service Thread" daemon [_thread_blocked, id=5956, stack(0x00000084a3700000,0x00000084a3800000)]
=>0x0000027d50150000 JavaThread "C2 CompilerThread0" daemon [_thread_in_native, id=6696, stack(0x00000084a3800000,0x00000084a3900000)]
  0x0000027d50151800 JavaThread "C1 CompilerThread0" daemon [_thread_blocked, id=8024, stack(0x00000084a3900000,0x00000084a3a00000)]
  0x0000027d50abd000 JavaThread "Sweeper thread" daemon [_thread_blocked, id=9452, stack(0x00000084a3a00000,0x00000084a3b00000)]
  0x0000027d50bae800 JavaThread "Common-Cleaner" daemon [_thread_blocked, id=5424, stack(0x00000084a3b00000,0x00000084a3c00000)]
  0x0000027d51fb9000 JavaThread "Daemon health stats" [_thread_blocked, id=8484, stack(0x00000084a3e00000,0x00000084a3f00000)]
  0x0000027d516b8800 JavaThread "Incoming local TCP Connector on port 8704" [_thread_in_native, id=7328, stack(0x00000084a3f00000,0x00000084a4000000)]
  0x0000027d51c0b800 JavaThread "Daemon periodic checks" [_thread_blocked, id=5952, stack(0x00000084a4000000,0x00000084a4100000)]
  0x0000027d52403000 JavaThread "Daemon" [_thread_blocked, id=1372, stack(0x00000084a4100000,0x00000084a4200000)]
  0x0000027d523f9800 JavaThread "Handler for socket connection from /127.0.0.1:8704 to /127.0.0.1:8705" [_thread_in_native, id=8124, stack(0x00000084a4200000,0x00000084a4300000)]
  0x0000027d52013800 JavaThread "Cancel handler" [_thread_blocked, id=584, stack(0x00000084a4300000,0x00000084a4400000)]
  0x0000027d51f78800 JavaThread "Daemon worker" [_thread_in_vm, id=1784, stack(0x00000084a4400000,0x00000084a4500000)]
  0x0000027d51dc9800 JavaThread "Asynchronous log dispatcher for DefaultDaemonConnection: socket connection from /127.0.0.1:8704 to /127.0.0.1:8705" [_thread_blocked, id=5240, stack(0x00000084a4500000,0x00000084a4600000)]
  0x0000027d51d2b000 JavaThread "Stdin handler" [_thread_blocked, id=5920, stack(0x00000084a4600000,0x00000084a4700000)]
  0x0000027d51934000 JavaThread "Daemon client event forwarder" [_thread_blocked, id=336, stack(0x00000084a4700000,0x00000084a4800000)]
  0x0000027d51937800 JavaThread "Cache worker for file hash cache (C:\Users\felip\.gradle\caches\7.0.2\fileHashes)" [_thread_blocked, id=3512, stack(0x00000084a4800000,0x00000084a4900000)]
  0x0000027d51938000 JavaThread "File lock request listener" [_thread_in_native, id=1136, stack(0x00000084a4900000,0x00000084a4a00000)]
  0x0000027d51935800 JavaThread "Cache worker for journal cache (C:\Users\felip\.gradle\caches\journal-1)" [_thread_blocked, id=5004, stack(0x00000084a4a00000,0x00000084a4b00000)]
  0x0000027d51939000 JavaThread "Cache worker for file hash cache (C:\Users\felip\AndroidStudioProjects\VideoApp\.gradle\7.0.2\fileHashes)" [_thread_blocked, id=8888, stack(0x00000084a4b00000,0x00000084a4c00000)]
  0x0000027d51935000 JavaThread "File watcher server" daemon [_thread_in_native, id=1840, stack(0x00000084a4c00000,0x00000084a4d00000)]
  0x0000027d51933800 JavaThread "File watcher consumer" daemon [_thread_blocked, id=684, stack(0x00000084a4d00000,0x00000084a4e00000)]
  0x0000027d51936800 JavaThread "jar transforms" [_thread_blocked, id=1180, stack(0x00000084a4e00000,0x00000084a4f00000)]
  0x0000027d5193a000 JavaThread "jar transforms Thread 2" [_thread_blocked, id=7864, stack(0x00000084a4f00000,0x00000084a5000000)]
  0x0000027d530d6800 JavaThread "Cache worker for checksums cache (C:\Users\felip\AndroidStudioProjects\VideoApp\.gradle\checksums)" [_thread_blocked, id=188, stack(0x00000084a5000000,0x00000084a5100000)]
  0x0000027d530d9000 JavaThread "Cache worker for cache directory md-supplier (C:\Users\felip\.gradle\caches\7.0.2\md-supplier)" [_thread_blocked, id=9756, stack(0x00000084a5100000,0x00000084a5200000)]
  0x0000027d530d8000 JavaThread "Cache worker for cache directory md-rule (C:\Users\felip\.gradle\caches\7.0.2\md-rule)" [_thread_blocked, id=1036, stack(0x00000084a5200000,0x00000084a5300000)]
  0x0000027d530dd000 JavaThread "Cache worker for execution history cache (C:\Users\felip\.gradle\caches\7.0.2\executionHistory)" [_thread_blocked, id=2488, stack(0x00000084a5300000,0x00000084a5400000)]
  0x0000027d530da800 JavaThread "Cache worker for file content cache (C:\Users\felip\.gradle\caches\7.0.2\fileContent)" [_thread_blocked, id=4012, stack(0x00000084a5400000,0x00000084a5500000)]

Other Threads:
  0x0000027d500de000 VMThread "VM Thread" [stack: 0x00000084a3200000,0x00000084a3300000] [id=5604]
  0x0000027d50be4000 WatcherThread [stack: 0x00000084a3c00000,0x00000084a3d00000] [id=228]
  0x0000027d34a1b800 GCTaskThread "GC Thread#0" [stack: 0x00000084a2d00000,0x00000084a2e00000] [id=3304]
  0x0000027d50d65800 GCTaskThread "GC Thread#1" [stack: 0x00000084a3d00000,0x00000084a3e00000] [id=2088]
  0x0000027d34a4c000 ConcurrentGCThread "G1 Main Marker" [stack: 0x00000084a2e00000,0x00000084a2f00000] [id=500]
  0x0000027d34a4d800 ConcurrentGCThread "G1 Conc#0" [stack: 0x00000084a2f00000,0x00000084a3000000] [id=7828]
  0x0000027d34a9e000 ConcurrentGCThread "G1 Refine#0" [stack: 0x00000084a3000000,0x00000084a3100000] [id=536]
  0x0000027d34a9f800 ConcurrentGCThread "G1 Young RemSet Sampling" [stack: 0x00000084a3100000,0x00000084a3200000] [id=9892]

Threads with active compile tasks:
C2 CompilerThread0  28254 3362       4       java.lang.String::split (324 bytes)

VM state:not at safepoint (normal execution)

VM Mutex/Monitor currently owned by a thread: None

Heap address: 0x0000000080000000, size: 2048 MB, Compressed Oops mode: 32-bit
Narrow klass base: 0x0000000000000000, Narrow klass shift: 3
Compressed class space size: 1073741824 Address: 0x0000000100000000

Heap:
 garbage-first heap   total 65536K, used 39047K [0x0000000080000000, 0x0000000100000000)
  region size 1024K, 4 young (4096K), 2 survivors (2048K)
 Metaspace       used 37760K, capacity 38827K, committed 39040K, reserved 1083392K
  class space    used 4880K, capacity 5242K, committed 5248K, reserved 1048576K
Heap Regions: E=young(eden), S=young(survivor), O=old, HS=humongous(starts), HC=humongous(continues), CS=collection set, F=free, A=archive, TAMS=top-at-mark-start (previous, next)
|   0|0x0000000080000000, 0x0000000080100000, 0x0000000080100000|100%| O|  |TAMS 0x0000000080100000, 0x0000000080000000| Untracked 
|   1|0x0000000080100000, 0x0000000080200000, 0x0000000080200000|100%| O|  |TAMS 0x0000000080200000, 0x0000000080100000| Untracked 
|   2|0x0000000080200000, 0x0000000080300000, 0x0000000080300000|100%| O|  |TAMS 0x0000000080300000, 0x0000000080200000| Untracked 
|   3|0x0000000080300000, 0x0000000080400000, 0x0000000080400000|100%| O|  |TAMS 0x0000000080400000, 0x0000000080300000| Untracked 
|   4|0x0000000080400000, 0x0000000080500000, 0x0000000080500000|100%|HS|  |TAMS 0x0000000080500000, 0x0000000080400000| Complete 
|   5|0x0000000080500000, 0x0000000080600000, 0x0000000080600000|100%|HC|  |TAMS 0x0000000080600000, 0x0000000080500000| Complete 
|   6|0x0000000080600000, 0x0000000080700000, 0x0000000080700000|100%|HC|  |TAMS 0x0000000080700000, 0x0000000080600000| Complete 
|   7|0x0000000080700000, 0x0000000080800000, 0x0000000080800000|100%| O|  |TAMS 0x0000000080800000, 0x0000000080700000| Untracked 
|   8|0x0000000080800000, 0x0000000080900000, 0x0000000080900000|100%| O|  |TAMS 0x0000000080900000, 0x0000000080800000| Untracked 
|   9|0x0000000080900000, 0x0000000080a00000, 0x0000000080a00000|100%| O|  |TAMS 0x0000000080a00000, 0x0000000080900000| Untracked 
|  10|0x0000000080a00000, 0x0000000080b00000, 0x0000000080b00000|100%| O|  |TAMS 0x0000000080b00000, 0x0000000080a00000| Untracked 
|  11|0x0000000080b00000, 0x0000000080c00000, 0x0000000080c00000|100%| O|  |TAMS 0x0000000080c00000, 0x0000000080b00000| Untracked 
|  12|0x0000000080c00000, 0x0000000080d00000, 0x0000000080d00000|100%| O|  |TAMS 0x0000000080d00000, 0x0000000080c00000| Untracked 
|  13|0x0000000080d00000, 0x0000000080e00000, 0x0000000080e00000|100%| O|  |TAMS 0x0000000080e00000, 0x0000000080d00000| Untracked 
|  14|0x0000000080e00000, 0x0000000080f00000, 0x0000000080f00000|100%| O|  |TAMS 0x0000000080f00000, 0x0000000080e00000| Untracked 
|  15|0x0000000080f00000, 0x0000000081000000, 0x0000000081000000|100%|HS|  |TAMS 0x0000000081000000, 0x0000000080f00000| Complete 
|  16|0x0000000081000000, 0x0000000081100000, 0x0000000081100000|100%|HC|  |TAMS 0x0000000081100000, 0x0000000081000000| Complete 
|  17|0x0000000081100000, 0x0000000081200000, 0x0000000081200000|100%|HS|  |TAMS 0x0000000081200000, 0x0000000081100000| Complete 
|  18|0x0000000081200000, 0x0000000081300000, 0x0000000081300000|100%|HC|  |TAMS 0x0000000081300000, 0x0000000081200000| Complete 
|  19|0x0000000081300000, 0x0000000081400000, 0x0000000081400000|100%|HC|  |TAMS 0x0000000081400000, 0x0000000081300000| Complete 
|  20|0x0000000081400000, 0x0000000081500000, 0x0000000081500000|100%| O|  |TAMS 0x0000000081500000, 0x0000000081400000| Untracked 
|  21|0x0000000081500000, 0x0000000081600000, 0x0000000081600000|100%| O|  |TAMS 0x0000000081600000, 0x0000000081500000| Untracked 
|  22|0x0000000081600000, 0x0000000081700000, 0x0000000081700000|100%|HS|  |TAMS 0x0000000081700000, 0x0000000081600000| Complete 
|  23|0x0000000081700000, 0x0000000081800000, 0x0000000081800000|100%|HC|  |TAMS 0x0000000081800000, 0x0000000081700000| Complete 
|  24|0x0000000081800000, 0x0000000081900000, 0x0000000081900000|100%|HC|  |TAMS 0x0000000081900000, 0x0000000081800000| Complete 
|  25|0x0000000081900000, 0x0000000081a00000, 0x0000000081a00000|100%|HC|  |TAMS 0x0000000081a00000, 0x0000000081900000| Complete 
|  26|0x0000000081a00000, 0x0000000081b00000, 0x0000000081b00000|100%| O|  |TAMS 0x0000000081b00000, 0x0000000081a00000| Untracked 
|  27|0x0000000081b00000, 0x0000000081c00000, 0x0000000081c00000|100%| O|  |TAMS 0x0000000081c00000, 0x0000000081b00000| Untracked 
|  28|0x0000000081c00000, 0x0000000081d00000, 0x0000000081d00000|100%| O|  |TAMS 0x0000000081d00000, 0x0000000081c00000| Untracked 
|  29|0x0000000081d00000, 0x0000000081e00000, 0x0000000081e00000|100%| O|  |TAMS 0x0000000081e00000, 0x0000000081d00000| Untracked 
|  30|0x0000000081e00000, 0x0000000081f00000, 0x0000000081f00000|100%| O|  |TAMS 0x0000000081f00000, 0x0000000081e00000| Untracked 
|  31|0x0000000081f00000, 0x0000000082000000, 0x0000000082000000|100%| O|  |TAMS 0x0000000082000000, 0x0000000081f00000| Untracked 
|  32|0x0000000082000000, 0x0000000082100000, 0x0000000082100000|100%| O|  |TAMS 0x0000000082100000, 0x0000000082000000| Untracked 
|  33|0x0000000082100000, 0x0000000082200000, 0x0000000082200000|100%| O|  |TAMS 0x0000000082200000, 0x0000000082100000| Untracked 
|  34|0x0000000082200000, 0x0000000082300000, 0x0000000082300000|100%| O|  |TAMS 0x000000008225e200, 0x0000000082200000| Untracked 
|  35|0x0000000082300000, 0x00000000823cd200, 0x0000000082400000| 80%| O|  |TAMS 0x0000000082300000, 0x0000000082300000| Untracked 
|  36|0x0000000082400000, 0x0000000082400000, 0x0000000082500000|  0%| F|  |TAMS 0x0000000082400000, 0x0000000082400000| Untracked 
|  37|0x0000000082500000, 0x0000000082500000, 0x0000000082600000|  0%| F|  |TAMS 0x0000000082500000, 0x0000000082500000| Untracked 
|  38|0x0000000082600000, 0x0000000082600000, 0x0000000082700000|  0%| F|  |TAMS 0x0000000082600000, 0x0000000082600000| Untracked 
|  39|0x0000000082700000, 0x0000000082700000, 0x0000000082800000|  0%| F|  |TAMS 0x0000000082700000, 0x0000000082700000| Untracked 
|  40|0x0000000082800000, 0x0000000082800000, 0x0000000082900000|  0%| F|  |TAMS 0x0000000082800000, 0x0000000082800000| Untracked 
|  41|0x0000000082900000, 0x0000000082900000, 0x0000000082a00000|  0%| F|  |TAMS 0x0000000082900000, 0x0000000082900000| Untracked 
|  42|0x0000000082a00000, 0x0000000082a00000, 0x0000000082b00000|  0%| F|  |TAMS 0x0000000082a00000, 0x0000000082a00000| Untracked 
|  43|0x0000000082b00000, 0x0000000082b00000, 0x0000000082c00000|  0%| F|  |TAMS 0x0000000082b00000, 0x0000000082b00000| Untracked 
|  44|0x0000000082c00000, 0x0000000082c00000, 0x0000000082d00000|  0%| F|  |TAMS 0x0000000082c00000, 0x0000000082c00000| Untracked 
|  45|0x0000000082d00000, 0x0000000082d00000, 0x0000000082e00000|  0%| F|  |TAMS 0x0000000082d00000, 0x0000000082d00000| Untracked 
|  46|0x0000000082e00000, 0x0000000082e00000, 0x0000000082f00000|  0%| F|  |TAMS 0x0000000082e00000, 0x0000000082e00000| Untracked 
|  47|0x0000000082f00000, 0x0000000082f00000, 0x0000000083000000|  0%| F|  |TAMS 0x0000000082f00000, 0x0000000082f00000| Untracked 
|  48|0x0000000083000000, 0x0000000083054b60, 0x0000000083100000| 33%| S|CS|TAMS 0x0000000083000000, 0x0000000083000000| Complete 
|  49|0x0000000083100000, 0x0000000083200000, 0x0000000083200000|100%| S|CS|TAMS 0x0000000083100000, 0x0000000083100000| Complete 
|  50|0x0000000083200000, 0x0000000083200000, 0x0000000083300000|  0%| F|  |TAMS 0x0000000083200000, 0x0000000083200000| Untracked 
|  51|0x0000000083300000, 0x0000000083300000, 0x0000000083400000|  0%| F|  |TAMS 0x0000000083300000, 0x0000000083300000| Untracked 
|  52|0x0000000083400000, 0x0000000083400000, 0x0000000083500000|  0%| F|  |TAMS 0x0000000083400000, 0x0000000083400000| Untracked 
|  53|0x0000000083500000, 0x0000000083500000, 0x0000000083600000|  0%| F|  |TAMS 0x0000000083500000, 0x0000000083500000| Untracked 
|  54|0x0000000083600000, 0x0000000083600000, 0x0000000083700000|  0%| F|  |TAMS 0x0000000083600000, 0x0000000083600000| Untracked 
|  55|0x0000000083700000, 0x0000000083700000, 0x0000000083800000|  0%| F|  |TAMS 0x0000000083700000, 0x0000000083700000| Untracked 
|  56|0x0000000083800000, 0x0000000083800000, 0x0000000083900000|  0%| F|  |TAMS 0x0000000083800000, 0x0000000083800000| Untracked 
|  57|0x0000000083900000, 0x0000000083900000, 0x0000000083a00000|  0%| F|  |TAMS 0x0000000083900000, 0x0000000083900000| Untracked 
|  58|0x0000000083a00000, 0x0000000083a00000, 0x0000000083b00000|  0%| F|  |TAMS 0x0000000083a00000, 0x0000000083a00000| Untracked 
|  59|0x0000000083b00000, 0x0000000083b00000, 0x0000000083c00000|  0%| F|  |TAMS 0x0000000083b00000, 0x0000000083b00000| Untracked 
|  60|0x0000000083c00000, 0x0000000083c00000, 0x0000000083d00000|  0%| F|  |TAMS 0x0000000083c00000, 0x0000000083c00000| Untracked 
|  61|0x0000000083d00000, 0x0000000083d00000, 0x0000000083e00000|  0%| F|  |TAMS 0x0000000083d00000, 0x0000000083d00000| Untracked 
|  62|0x0000000083e00000, 0x0000000083e96780, 0x0000000083f00000| 58%| E|  |TAMS 0x0000000083e00000, 0x0000000083e00000| Complete 
|  63|0x0000000083f00000, 0x0000000084000000, 0x0000000084000000|100%| E|CS|TAMS 0x0000000083f00000, 0x0000000083f00000| Complete 

Card table byte_map: [0x0000027d49500000,0x0000027d49900000] _byte_map_base: 0x0000027d49100000

Marking Bits (Prev, Next): (CMBitMap*) 0x0000027d34a430e0, (CMBitMap*) 0x0000027d34a430a8
 Prev Bits: [0x0000027d4bd00000, 0x0000027d4dd00000)
 Next Bits: [0x0000027d49d00000, 0x0000027d4bd00000)

Polling page: 0x0000027d34ae0000

Metaspace:

Usage:
  Non-class:     32.80 MB capacity,    32.11 MB ( 98%) used,   613.32 KB (  2%) free+waste,    91.50 KB ( <1%) overhead. 
      Class:      5.12 MB capacity,     4.77 MB ( 93%) used,   317.51 KB (  6%) free+waste,    44.19 KB ( <1%) overhead. 
       Both:     37.92 MB capacity,    36.88 MB ( 97%) used,   930.83 KB (  2%) free+waste,   135.69 KB ( <1%) overhead. 

Virtual space:
  Non-class space:       34.00 MB reserved,      33.00 MB ( 97%) committed 
      Class space:        1.00 GB reserved,       5.13 MB ( <1%) committed 
             Both:        1.03 GB reserved,      38.13 MB (  4%) committed 

Chunk freelists:
   Non-Class:  15.00 KB
       Class:  6.00 KB
        Both:  21.00 KB

MaxMetaspaceSize: 17179869184.00 GB
CompressedClassSpaceSize: 1.00 GB

CodeHeap 'non-profiled nmethods': size=120064Kb used=1594Kb max_used=1594Kb free=118469Kb
 bounds [0x0000027d417c0000, 0x0000027d41a30000, 0x0000027d48d00000]
CodeHeap 'profiled nmethods': size=120000Kb used=7354Kb max_used=7354Kb free=112645Kb
 bounds [0x0000027d3a290000, 0x0000027d3a9c0000, 0x0000027d417c0000]
CodeHeap 'non-nmethods': size=5696Kb used=1502Kb max_used=1518Kb free=4193Kb
 bounds [0x0000027d39d00000, 0x0000027d39f70000, 0x0000027d3a290000]
 total_blobs=4081 nmethods=3459 adapters=534
 compilation: enabled
              stopped_count=0, restarted_count=0
 full_count=0

Compilation events (20 events):
Event: 27.873 Thread 0x0000027d50151800 3449       3       com.sun.beans.TypeResolver::resolve (37 bytes)
Event: 27.874 Thread 0x0000027d50151800 nmethod 3449 0x0000027d3a9b4c90 code [0x0000027d3a9b4e60, 0x0000027d3a9b5288]
Event: 27.877 Thread 0x0000027d50151800 3450       3       java.lang.Class::getDeclaredFields (27 bytes)
Event: 27.877 Thread 0x0000027d50151800 nmethod 3450 0x0000027d3a9b5410 code [0x0000027d3a9b5600, 0x0000027d3a9b5898]
Event: 27.878 Thread 0x0000027d50151800 3451       3       org.codehaus.groovy.util.SingleKeyHashMap::put (10 bytes)
Event: 27.879 Thread 0x0000027d50151800 nmethod 3451 0x0000027d3a9b5990 code [0x0000027d3a9b5b60, 0x0000027d3a9b5d68]
Event: 27.879 Thread 0x0000027d50151800 3452       3       groovy.lang.MetaMethod::isStatic (16 bytes)
Event: 27.879 Thread 0x0000027d50151800 nmethod 3452 0x0000027d3a9b5e90 code [0x0000027d3a9b6040, 0x0000027d3a9b6248]
Event: 27.880 Thread 0x0000027d50151800 3453       3       groovy.lang.MetaProperty::<init> (15 bytes)
Event: 27.881 Thread 0x0000027d50151800 nmethod 3453 0x0000027d3a9b6310 code [0x0000027d3a9b64c0, 0x0000027d3a9b66d8]
Event: 27.882 Thread 0x0000027d50151800 3454       3       org.codehaus.groovy.util.SingleKeyHashMap::get (67 bytes)
Event: 27.883 Thread 0x0000027d50151800 nmethod 3454 0x0000027d3a9b6790 code [0x0000027d3a9b69a0, 0x0000027d3a9b7018]
Event: 27.884 Thread 0x0000027d50151800 3455       3       groovy.lang.MetaClassImpl::getPropName (19 bytes)
Event: 27.884 Thread 0x0000027d50151800 nmethod 3455 0x0000027d3a9b7290 code [0x0000027d3a9b74a0, 0x0000027d3a9b7b08]
Event: 27.885 Thread 0x0000027d50151800 3456       3       groovy.lang.MetaClassImpl::createMetaBeanProperty (35 bytes)
Event: 27.885 Thread 0x0000027d50151800 nmethod 3456 0x0000027d3a9b7d10 code [0x0000027d3a9b7f00, 0x0000027d3a9b83a8]
Event: 27.887 Thread 0x0000027d50151800 3457       3       groovy.lang.MetaBeanProperty::<init> (18 bytes)
Event: 27.887 Thread 0x0000027d50151800 nmethod 3457 0x0000027d3a9b8590 code [0x0000027d3a9b8760, 0x0000027d3a9b8a98]
Event: 27.888 Thread 0x0000027d50151800 3458       3       groovy.lang.MetaClassImpl::makeReplacementMetaProperty (241 bytes)
Event: 27.892 Thread 0x0000027d50151800 nmethod 3458 0x0000027d3a9b8b90 code [0x0000027d3a9b8fc0, 0x0000027d3a9bb798]

GC Heap History (20 events):
Event: 5.384 GC heap before
{Heap before GC invocations=2 (full 0):
 garbage-first heap   total 65536K, used 24842K [0x0000000080000000, 0x0000000100000000)
  region size 1024K, 20 young (20480K), 5 survivors (5120K)
 Metaspace       used 10877K, capacity 11135K, committed 11264K, reserved 1058816K
  class space    used 1126K, capacity 1206K, committed 1280K, reserved 1048576K
}
Event: 5.407 GC heap after
{Heap after GC invocations=3 (full 0):
 garbage-first heap   total 65536K, used 13175K [0x0000000080000000, 0x0000000100000000)
  region size 1024K, 3 young (3072K), 3 survivors (3072K)
 Metaspace       used 10877K, capacity 11135K, committed 11264K, reserved 1058816K
  class space    used 1126K, capacity 1206K, committed 1280K, reserved 1048576K
}
Event: 8.119 GC heap before
{Heap before GC invocations=3 (full 0):
 garbage-first heap   total 65536K, used 34679K [0x0000000080000000, 0x0000000100000000)
  region size 1024K, 24 young (24576K), 3 survivors (3072K)
 Metaspace       used 14893K, capacity 15222K, committed 15488K, reserved 1062912K
  class space    used 1696K, capacity 1826K, committed 1920K, reserved 1048576K
}
Event: 8.132 GC heap after
{Heap after GC invocations=4 (full 0):
 garbage-first heap   total 65536K, used 15602K [0x0000000080000000, 0x0000000100000000)
  region size 1024K, 2 young (2048K), 2 survivors (2048K)
 Metaspace       used 14893K, capacity 15222K, committed 15488K, reserved 1062912K
  class space    used 1696K, capacity 1826K, committed 1920K, reserved 1048576K
}
Event: 11.163 GC heap before
{Heap before GC invocations=4 (full 0):
 garbage-first heap   total 65536K, used 39154K [0x0000000080000000, 0x0000000100000000)
  region size 1024K, 25 young (25600K), 2 survivors (2048K)
 Metaspace       used 19086K, capacity 19581K, committed 19712K, reserved 1067008K
  class space    used 2295K, capacity 2446K, committed 2560K, reserved 1048576K
}
Event: 11.176 GC heap after
{Heap after GC invocations=5 (full 0):
 garbage-first heap   total 65536K, used 16838K [0x0000000080000000, 0x0000000100000000)
  region size 1024K, 4 young (4096K), 4 survivors (4096K)
 Metaspace       used 19086K, capacity 19581K, committed 19712K, reserved 1067008K
  class space    used 2295K, capacity 2446K, committed 2560K, reserved 1048576K
}
Event: 11.981 GC heap before
{Heap before GC invocations=5 (full 0):
 garbage-first heap   total 65536K, used 28102K [0x0000000080000000, 0x0000000100000000)
  region size 1024K, 16 young (16384K), 4 survivors (4096K)
 Metaspace       used 20594K, capacity 21089K, committed 21248K, reserved 1067008K
  class space    used 2503K, capacity 2699K, committed 2816K, reserved 1048576K
}
Event: 11.996 GC heap after
{Heap after GC invocations=6 (full 0):
 garbage-first heap   total 65536K, used 17066K [0x0000000080000000, 0x0000000100000000)
  region size 1024K, 2 young (2048K), 2 survivors (2048K)
 Metaspace       used 20594K, capacity 21089K, committed 21248K, reserved 1067008K
  class space    used 2503K, capacity 2699K, committed 2816K, reserved 1048576K
}
Event: 14.439 GC heap before
{Heap before GC invocations=7 (full 0):
 garbage-first heap   total 65536K, used 41642K [0x0000000080000000, 0x0000000100000000)
  region size 1024K, 27 young (27648K), 2 survivors (2048K)
 Metaspace       used 23288K, capacity 23884K, committed 23936K, reserved 1071104K
  class space    used 2947K, capacity 3166K, committed 3200K, reserved 1048576K
}
Event: 14.452 GC heap after
{Heap after GC invocations=8 (full 0):
 garbage-first heap   total 65536K, used 17867K [0x0000000080000000, 0x0000000100000000)
  region size 1024K, 3 young (3072K), 3 survivors (3072K)
 Metaspace       used 23288K, capacity 23884K, committed 23936K, reserved 1071104K
  class space    used 2947K, capacity 3166K, committed 3200K, reserved 1048576K
}
Event: 17.978 GC heap before
{Heap before GC invocations=8 (full 0):
 garbage-first heap   total 65536K, used 49611K [0x0000000080000000, 0x0000000100000000)
  region size 1024K, 29 young (29696K), 3 survivors (3072K)
 Metaspace       used 26174K, capacity 26919K, committed 27008K, reserved 1073152K
  class space    used 3416K, capacity 3686K, committed 3712K, reserved 1048576K
}
Event: 17.997 GC heap after
{Heap after GC invocations=9 (full 0):
 garbage-first heap   total 65536K, used 25622K [0x0000000080000000, 0x0000000100000000)
  region size 1024K, 4 young (4096K), 4 survivors (4096K)
 Metaspace       used 26174K, capacity 26919K, committed 27008K, reserved 1073152K
  class space    used 3416K, capacity 3686K, committed 3712K, reserved 1048576K
}
Event: 21.089 GC heap before
{Heap before GC invocations=9 (full 0):
 garbage-first heap   total 65536K, used 52246K [0x0000000080000000, 0x0000000100000000)
  region size 1024K, 27 young (27648K), 4 survivors (4096K)
 Metaspace       used 27816K, capacity 28692K, committed 28928K, reserved 1075200K
  class space    used 3682K, capacity 4001K, committed 4096K, reserved 1048576K
}
Event: 21.109 GC heap after
{Heap after GC invocations=10 (full 0):
 garbage-first heap   total 65536K, used 32436K [0x0000000080000000, 0x0000000100000000)
  region size 1024K, 3 young (3072K), 3 survivors (3072K)
 Metaspace       used 27816K, capacity 28692K, committed 28928K, reserved 1075200K
  class space    used 3682K, capacity 4001K, committed 4096K, reserved 1048576K
}
Event: 22.745 GC heap before
{Heap before GC invocations=10 (full 0):
 garbage-first heap   total 65536K, used 51892K [0x0000000080000000, 0x0000000100000000)
  region size 1024K, 22 young (22528K), 3 survivors (3072K)
 Metaspace       used 30002K, capacity 30845K, committed 30976K, reserved 1075200K
  class space    used 4021K, capacity 4313K, committed 4352K, reserved 1048576K
}
Event: 22.760 GC heap after
{Heap after GC invocations=11 (full 0):
 garbage-first heap   total 65536K, used 33231K [0x0000000080000000, 0x0000000100000000)
  region size 1024K, 1 young (1024K), 1 survivors (1024K)
 Metaspace       used 30002K, capacity 30845K, committed 30976K, reserved 1075200K
  class space    used 4021K, capacity 4313K, committed 4352K, reserved 1048576K
}
Event: 26.022 GC heap before
{Heap before GC invocations=12 (full 0):
 garbage-first heap   total 65536K, used 52687K [0x0000000080000000, 0x0000000100000000)
  region size 1024K, 20 young (20480K), 1 survivors (1024K)
 Metaspace       used 35308K, capacity 36244K, committed 36480K, reserved 1081344K
  class space    used 4612K, capacity 4961K, committed 4992K, reserved 1048576K
}
Event: 26.038 GC heap after
{Heap after GC invocations=13 (full 0):
 garbage-first heap   total 65536K, used 35273K [0x0000000080000000, 0x0000000100000000)
  region size 1024K, 3 young (3072K), 3 survivors (3072K)
 Metaspace       used 35308K, capacity 36244K, committed 36480K, reserved 1081344K
  class space    used 4612K, capacity 4961K, committed 4992K, reserved 1048576K
}
Event: 27.417 GC heap before
{Heap before GC invocations=13 (full 0):
 garbage-first heap   total 65536K, used 51657K [0x0000000080000000, 0x0000000100000000)
  region size 1024K, 20 young (20480K), 3 survivors (3072K)
 Metaspace       used 37417K, capacity 38447K, committed 38528K, reserved 1083392K
  class space    used 4838K, capacity 5205K, committed 5248K, reserved 1048576K
}
Event: 27.438 GC heap after
{Heap after GC invocations=14 (full 0):
 garbage-first heap   total 65536K, used 37707K [0x0000000080000000, 0x0000000100000000)
  region size 1024K, 3 young (3072K), 3 survivors (3072K)
 Metaspace       used 37417K, capacity 38447K, committed 38528K, reserved 1083392K
  class space    used 4838K, capacity 5205K, committed 5248K, reserved 1048576K
}

Deoptimization events (20 events):
Event: 27.504 Thread 0x0000027d51f78800 Uncommon trap: trap_request=0xffffffbe fr.pc=0x0000027d41946b88 relative=0x00000000000008a8
Event: 27.504 Thread 0x0000027d51f78800 Uncommon trap: reason=profile_predicate action=maybe_recompile pc=0x0000027d41946b88 method=jdk.internal.jimage.ImageStringsReader.charsFromByteBuffer([CLjava/nio/ByteBuffer;)V @ 6 c2
Event: 27.504 Thread 0x0000027d51f78800 DEOPT PACKING pc=0x0000027d41946b88 sp=0x00000084a44f7ec0
Event: 27.504 Thread 0x0000027d51f78800 DEOPT UNPACKING pc=0x0000027d39d26029 sp=0x00000084a44f7d98 mode 2
Event: 27.504 Thread 0x0000027d51f78800 Uncommon trap: trap_request=0xffffffbe fr.pc=0x0000027d41946b88 relative=0x00000000000008a8
Event: 27.504 Thread 0x0000027d51f78800 Uncommon trap: reason=profile_predicate action=maybe_recompile pc=0x0000027d41946b88 method=jdk.internal.jimage.ImageStringsReader.charsFromByteBuffer([CLjava/nio/ByteBuffer;)V @ 6 c2
Event: 27.504 Thread 0x0000027d51f78800 DEOPT PACKING pc=0x0000027d41946b88 sp=0x00000084a44f7d90
Event: 27.504 Thread 0x0000027d51f78800 DEOPT UNPACKING pc=0x0000027d39d26029 sp=0x00000084a44f7c68 mode 2
Event: 27.504 Thread 0x0000027d51f78800 Uncommon trap: trap_request=0xffffffbe fr.pc=0x0000027d41946b88 relative=0x00000000000008a8
Event: 27.504 Thread 0x0000027d51f78800 Uncommon trap: reason=profile_predicate action=maybe_recompile pc=0x0000027d41946b88 method=jdk.internal.jimage.ImageStringsReader.charsFromByteBuffer([CLjava/nio/ByteBuffer;)V @ 6 c2
Event: 27.504 Thread 0x0000027d51f78800 DEOPT PACKING pc=0x0000027d41946b88 sp=0x00000084a44f7d90
Event: 27.504 Thread 0x0000027d51f78800 DEOPT UNPACKING pc=0x0000027d39d26029 sp=0x00000084a44f7c68 mode 2
Event: 27.834 Thread 0x0000027d51f78800 Uncommon trap: trap_request=0xffffffde fr.pc=0x0000027d419453a4 relative=0x0000000000000484
Event: 27.834 Thread 0x0000027d51f78800 Uncommon trap: reason=class_check action=maybe_recompile pc=0x0000027d419453a4 method=java.util.regex.Pattern$Start.match(Ljava/util/regex/Matcher;ILjava/lang/CharSequence;)Z @ 44 c2
Event: 27.834 Thread 0x0000027d51f78800 DEOPT PACKING pc=0x0000027d419453a4 sp=0x00000084a44f7970
Event: 27.834 Thread 0x0000027d51f78800 DEOPT UNPACKING pc=0x0000027d39d26029 sp=0x00000084a44f7838 mode 2
Event: 27.847 Thread 0x0000027d51f78800 Uncommon trap: trap_request=0xffffffde fr.pc=0x0000027d419453a4 relative=0x0000000000000484
Event: 27.847 Thread 0x0000027d51f78800 Uncommon trap: reason=class_check action=maybe_recompile pc=0x0000027d419453a4 method=java.util.regex.Pattern$Start.match(Ljava/util/regex/Matcher;ILjava/lang/CharSequence;)Z @ 44 c2
Event: 27.847 Thread 0x0000027d51f78800 DEOPT PACKING pc=0x0000027d419453a4 sp=0x00000084a44f7970
Event: 27.847 Thread 0x0000027d51f78800 DEOPT UNPACKING pc=0x0000027d39d26029 sp=0x00000084a44f7838 mode 2

Classes redefined (0 events):
No events

Internal exceptions (20 events):
Event: 26.441 Thread 0x0000027d51f78800 Exception <a 'java/lang/ClassNotFoundException'{0x0000000083d891d0}: java/lang/ObjectBeanInfo> (0x0000000083d891d0) thrown at [./src/hotspot/share/classfile/systemDictionary.cpp, line 231]
Event: 26.443 Thread 0x0000027d51f78800 Exception <a 'java/lang/ClassNotFoundException'{0x0000000083d94850}: java/lang/ObjectCustomizer> (0x0000000083d94850) thrown at [./src/hotspot/share/classfile/systemDictionary.cpp, line 231]
Event: 26.462 Thread 0x0000027d51f78800 Exception <a 'java/lang/ClassNotFoundException'{0x0000000083dbba50}: groovy/lang/MetaClassImplCustomizer> (0x0000000083dbba50) thrown at [./src/hotspot/share/classfile/systemDictionary.cpp, line 231]
Event: 26.476 Thread 0x0000027d51f78800 Exception <a 'java/lang/ClassNotFoundException'{0x0000000083dfb8b0}: groovy/lang/ExpandoMetaClassCustomizer> (0x0000000083dfb8b0) thrown at [./src/hotspot/share/classfile/systemDictionary.cpp, line 231]
Event: 27.721 Thread 0x0000027d51f78800 Exception <a 'java/lang/ClassNotFoundException'{0x00000000836fa310}: groovy/lang/BindingBeanInfo> (0x00000000836fa310) thrown at [./src/hotspot/share/classfile/systemDictionary.cpp, line 231]
Event: 27.727 Thread 0x0000027d51f78800 Exception <a 'java/lang/ClassNotFoundException'{0x000000008351bbe8}: groovy/lang/GroovyObjectSupportBeanInfo> (0x000000008351bbe8) thrown at [./src/hotspot/share/classfile/systemDictionary.cpp, line 231]
Event: 27.732 Thread 0x0000027d51f78800 Exception <a 'java/lang/ClassNotFoundException'{0x000000008353d078}: groovy/lang/GroovyObjectSupportCustomizer> (0x000000008353d078) thrown at [./src/hotspot/share/classfile/systemDictionary.cpp, line 231]
Event: 27.734 Thread 0x0000027d51f78800 Exception <a 'java/lang/ClassNotFoundException'{0x0000000083560670}: groovy/lang/BindingCustomizer> (0x0000000083560670) thrown at [./src/hotspot/share/classfile/systemDictionary.cpp, line 231]
Event: 27.801 Thread 0x0000027d51f78800 Exception <a 'java/lang/ClassNotFoundException'{0x0000000083496168}: ijmapper_5oo6ox60fubq6srxthzjeego9BeanInfo> (0x0000000083496168) thrown at [./src/hotspot/share/classfile/systemDictionary.cpp, line 231]
Event: 27.802 Thread 0x0000027d51f78800 Exception <a 'java/lang/ClassNotFoundException'{0x00000000834aac90}: org/gradle/initialization/InitScriptBeanInfo> (0x00000000834aac90) thrown at [./src/hotspot/share/classfile/systemDictionary.cpp, line 231]
Event: 27.804 Thread 0x0000027d51f78800 Exception <a 'java/lang/ClassNotFoundException'{0x00000000834bfa38}: org/gradle/groovy/scripts/DefaultScriptBeanInfo> (0x00000000834bfa38) thrown at [./src/hotspot/share/classfile/systemDictionary.cpp, line 231]
Event: 27.805 Thread 0x0000027d51f78800 Exception <a 'java/lang/ClassNotFoundException'{0x00000000834d4868}: org/gradle/groovy/scripts/BasicScriptBeanInfo> (0x00000000834d4868) thrown at [./src/hotspot/share/classfile/systemDictionary.cpp, line 231]
Event: 27.810 Thread 0x0000027d51f78800 Exception <a 'java/lang/ClassNotFoundException'{0x00000000834e8370}: org/gradle/groovy/scripts/ScriptBeanInfo> (0x00000000834e8370) thrown at [./src/hotspot/share/classfile/systemDictionary.cpp, line 231]
Event: 27.812 Thread 0x0000027d51f78800 Exception <a 'java/lang/ClassNotFoundException'{0x000000008330b410}: groovy/lang/ScriptBeanInfo> (0x000000008330b410) thrown at [./src/hotspot/share/classfile/systemDictionary.cpp, line 231]
Event: 27.814 Thread 0x0000027d51f78800 Exception <a 'java/lang/ClassNotFoundException'{0x000000008332b2f0}: groovy/lang/ScriptCustomizer> (0x000000008332b2f0) thrown at [./src/hotspot/share/classfile/systemDictionary.cpp, line 231]
Event: 27.817 Thread 0x0000027d51f78800 Exception <a 'java/lang/ClassNotFoundException'{0x0000000083346f00}: org/gradle/groovy/scripts/ScriptCustomizer> (0x0000000083346f00) thrown at [./src/hotspot/share/classfile/systemDictionary.cpp, line 231]
Event: 27.825 Thread 0x0000027d51f78800 Exception <a 'java/lang/ClassNotFoundException'{0x0000000083362978}: org/gradle/groovy/scripts/BasicScriptCustomizer> (0x0000000083362978) thrown at [./src/hotspot/share/classfile/systemDictionary.cpp, line 231]
Event: 27.833 Thread 0x0000027d51f78800 Exception <a 'java/lang/ClassNotFoundException'{0x0000000083383cf8}: org/gradle/groovy/scripts/DefaultScriptCustomizer> (0x0000000083383cf8) thrown at [./src/hotspot/share/classfile/systemDictionary.cpp, line 231]
Event: 27.865 Thread 0x0000027d51f78800 Exception <a 'java/lang/ClassNotFoundException'{0x00000000833cf658}: org/gradle/initialization/InitScriptCustomizer> (0x00000000833cf658) thrown at [./src/hotspot/share/classfile/systemDictionary.cpp, line 231]
Event: 27.873 Thread 0x0000027d51f78800 Exception <a 'java/lang/ClassNotFoundException'{0x00000000833e3348}: ijmapper_5oo6ox60fubq6srxthzjeego9Customizer> (0x00000000833e3348) thrown at [./src/hotspot/share/classfile/systemDictionary.cpp, line 231]

Events (20 events):
Event: 27.849 loading class org/gradle/process/JavaExecSpec
Event: 27.849 loading class org/gradle/process/JavaExecSpec done
Event: 27.850 loading class org/gradle/process/JavaForkOptions
Event: 27.850 loading class org/gradle/process/JavaForkOptions done
Event: 27.864 loading class org/gradle/initialization/InitScriptCustomizer
Event: 27.864 loading class org/gradle/initialization/InitScriptCustomizer done
Event: 27.865 loading class org/gradle/initialization/InitScriptCustomizer
Event: 27.865 loading class org/gradle/initialization/InitScriptCustomizer done
Event: 27.865 loading class org/gradle/initialization/InitScriptCustomizer
Event: 27.865 loading class org/gradle/initialization/InitScriptCustomizer done
Event: 27.872 loading class ijmapper_5oo6ox60fubq6srxthzjeego9Customizer
Event: 27.872 loading class ijmapper_5oo6ox60fubq6srxthzjeego9Customizer done
Event: 27.872 loading class ijmapper_5oo6ox60fubq6srxthzjeego9Customizer
Event: 27.872 loading class ijmapper_5oo6ox60fubq6srxthzjeego9Customizer done
Event: 27.891 loading class org/gradle/api/internal/coerce/MethodArgumentsTransformer
Event: 27.891 loading class org/gradle/api/internal/coerce/MethodArgumentsTransformer done
Event: 27.892 loading class org/gradle/api/internal/coerce/PropertySetTransformer
Event: 27.892 loading class org/gradle/api/internal/coerce/PropertySetTransformer done
Event: 27.893 loading class org/gradle/internal/metaobject/BeanDynamicObject$MetaClassAdapter
Event: 27.893 loading class org/gradle/internal/metaobject/BeanDynamicObject$MetaClassAdapter done


Dynamic libraries:
0x00007ff7373c0000 - 0x00007ff7373ca000 	C:\Users\felip\OneDrive\Desktop\android-studio\jre\bin\java.exe
0x00007ff9d52b0000 - 0x00007ff9d54a5000 	C:\Windows\SYSTEM32\ntdll.dll
0x00007ff9b0f10000 - 0x00007ff9b0f25000 	C:\Program Files\Avast Software\Avast\aswhook.dll
0x00007ff9d3360000 - 0x00007ff9d341e000 	C:\Windows\System32\KERNEL32.DLL
0x00007ff9d29d0000 - 0x00007ff9d2c99000 	C:\Windows\System32\KERNELBASE.dll
0x00007ff9d2e80000 - 0x00007ff9d2f80000 	C:\Windows\System32\ucrtbase.dll
0x00007ff9ccb20000 - 0x00007ff9ccb39000 	C:\Users\felip\OneDrive\Desktop\android-studio\jre\bin\jli.dll
0x00007ff9cc680000 - 0x00007ff9cc697000 	C:\Users\felip\OneDrive\Desktop\android-studio\jre\bin\VCRUNTIME140.dll
0x00007ff9d45b0000 - 0x00007ff9d4751000 	C:\Windows\System32\USER32.dll
0x00007ff9d3110000 - 0x00007ff9d3132000 	C:\Windows\System32\win32u.dll
0x00007ff9d4080000 - 0x00007ff9d40ab000 	C:\Windows\System32\GDI32.dll
0x00007ff9d2f80000 - 0x00007ff9d308b000 	C:\Windows\System32\gdi32full.dll
0x00007ff9d2d50000 - 0x00007ff9d2ded000 	C:\Windows\System32\msvcp_win.dll
0x00007ff9c2c60000 - 0x00007ff9c2efa000 	C:\Windows\WinSxS\amd64_microsoft.windows.common-controls_6595b64144ccf1df_6.0.19041.1110_none_60b5254171f9507e\COMCTL32.dll
0x00007ff9d3d40000 - 0x00007ff9d3dde000 	C:\Windows\System32\msvcrt.dll
0x00007ff9d4930000 - 0x00007ff9d4960000 	C:\Windows\System32\IMM32.DLL
0x00007ff9bcb40000 - 0x00007ff9bcbdd000 	C:\Users\felip\OneDrive\Desktop\android-studio\jre\bin\msvcp140.dll
0x00007ff9a5b40000 - 0x00007ff9a6615000 	C:\Users\felip\OneDrive\Desktop\android-studio\jre\bin\server\jvm.dll
0x00007ff9d3df0000 - 0x00007ff9d3e9c000 	C:\Windows\System32\ADVAPI32.dll
0x00007ff9d3c80000 - 0x00007ff9d3d1b000 	C:\Windows\System32\sechost.dll
0x00007ff9d4410000 - 0x00007ff9d453a000 	C:\Windows\System32\RPCRT4.dll
0x00007ff9d3bf0000 - 0x00007ff9d3bf8000 	C:\Windows\System32\PSAPI.DLL
0x00007ff9c66e0000 - 0x00007ff9c66e9000 	C:\Windows\SYSTEM32\WSOCK32.dll
0x00007ff9bbe10000 - 0x00007ff9bbe37000 	C:\Windows\SYSTEM32\WINMM.dll
0x00007ff9c9c60000 - 0x00007ff9c9c6a000 	C:\Windows\SYSTEM32\VERSION.dll
0x00007ff9d4540000 - 0x00007ff9d45ab000 	C:\Windows\System32\WS2_32.dll
0x00007ff9d07f0000 - 0x00007ff9d0802000 	C:\Windows\SYSTEM32\kernel.appcore.dll
0x00007ff9c2a60000 - 0x00007ff9c2a71000 	C:\Users\felip\OneDrive\Desktop\android-studio\jre\bin\verify.dll
0x00007ff9c7410000 - 0x00007ff9c75f4000 	C:\Windows\SYSTEM32\DBGHELP.DLL
0x00007ff9c73e0000 - 0x00007ff9c740c000 	C:\Windows\SYSTEM32\dbgcore.DLL
0x00007ff9d2df0000 - 0x00007ff9d2e73000 	C:\Windows\System32\bcryptPrimitives.dll
0x00007ff9c1e40000 - 0x00007ff9c1e69000 	C:\Users\felip\OneDrive\Desktop\android-studio\jre\bin\java.dll
0x00007ff9cc2c0000 - 0x00007ff9cc2cb000 	C:\Users\felip\OneDrive\Desktop\android-studio\jre\bin\jimage.dll
0x00007ff9c2360000 - 0x00007ff9c2378000 	C:\Users\felip\OneDrive\Desktop\android-studio\jre\bin\zip.dll
0x00007ff9d4960000 - 0x00007ff9d509f000 	C:\Windows\System32\SHELL32.dll
0x00007ff9d0ad0000 - 0x00007ff9d1260000 	C:\Windows\SYSTEM32\windows.storage.dll
0x00007ff9d40b0000 - 0x00007ff9d4405000 	C:\Windows\System32\combase.dll
0x00007ff9d2350000 - 0x00007ff9d237c000 	C:\Windows\SYSTEM32\Wldp.dll
0x00007ff9d3f70000 - 0x00007ff9d401d000 	C:\Windows\System32\SHCORE.dll
0x00007ff9d3710000 - 0x00007ff9d3765000 	C:\Windows\System32\shlwapi.dll
0x00007ff9d2910000 - 0x00007ff9d292f000 	C:\Windows\SYSTEM32\profapi.dll
0x00007ff9c16c0000 - 0x00007ff9c16da000 	C:\Users\felip\OneDrive\Desktop\android-studio\jre\bin\net.dll
0x00007ff9c7210000 - 0x00007ff9c7318000 	C:\Windows\SYSTEM32\WINHTTP.dll
0x00007ff9d20b0000 - 0x00007ff9d211a000 	C:\Windows\system32\mswsock.dll
0x00007ff9c12f0000 - 0x00007ff9c1304000 	C:\Users\felip\OneDrive\Desktop\android-studio\jre\bin\nio.dll
0x00007ff9c87d0000 - 0x00007ff9c87f7000 	C:\Users\felip\.gradle\native\8bec1ad78214c89d9ad589b4d07fe93259594b29d510b10fafb7a158f7737e5d\windows-amd64\native-platform.dll
0x00007ff9bded0000 - 0x00007ff9be00d000 	C:\Users\felip\.gradle\native\53dbd7edfb1c66fb8903c78663c9afc45aea4f116125fa6feffd364cf09443e8\windows-amd64\native-platform-file-events.dll
0x00007ff9cbcd0000 - 0x00007ff9cbcda000 	C:\Users\felip\OneDrive\Desktop\android-studio\jre\bin\management.dll
0x00007ff9cbc10000 - 0x00007ff9cbc1d000 	C:\Users\felip\OneDrive\Desktop\android-studio\jre\bin\management_ext.dll
0x00007ff9d22b0000 - 0x00007ff9d22c8000 	C:\Windows\SYSTEM32\CRYPTSP.dll
0x00007ff9d1a30000 - 0x00007ff9d1a64000 	C:\Windows\system32\rsaenh.dll
0x00007ff9d3090000 - 0x00007ff9d30b7000 	C:\Windows\System32\bcrypt.dll
0x00007ff9d28d0000 - 0x00007ff9d28fe000 	C:\Windows\SYSTEM32\USERENV.dll
0x00007ff9d22a0000 - 0x00007ff9d22ac000 	C:\Windows\SYSTEM32\CRYPTBASE.dll
0x00007ff9d1da0000 - 0x00007ff9d1ddb000 	C:\Windows\SYSTEM32\IPHLPAPI.DLL
0x00007ff9d4920000 - 0x00007ff9d4928000 	C:\Windows\System32\NSI.dll
0x00007ff9cabe0000 - 0x00007ff9cabf7000 	C:\Windows\SYSTEM32\dhcpcsvc6.DLL
0x00007ff9cc0b0000 - 0x00007ff9cc0cd000 	C:\Windows\SYSTEM32\dhcpcsvc.DLL
0x00007ff9d1de0000 - 0x00007ff9d1eac000 	C:\Windows\SYSTEM32\DNSAPI.dll

dbghelp: loaded successfully - version: 4.0.5 - missing functions: none
symbol engine: initialized successfully - sym options: 0x614 - pdb path: .;C:\Users\felip\OneDrive\Desktop\android-studio\jre\bin;C:\Windows\SYSTEM32;C:\Program Files\Avast Software\Avast;C:\Windows\WinSxS\amd64_microsoft.windows.common-controls_6595b64144ccf1df_6.0.19041.1110_none_60b5254171f9507e;C:\Users\felip\OneDrive\Desktop\android-studio\jre\bin\server;C:\Users\felip\.gradle\native\8bec1ad78214c89d9ad589b4d07fe93259594b29d510b10fafb7a158f7737e5d\windows-amd64;C:\Users\felip\.gradle\native\53dbd7edfb1c66fb8903c78663c9afc45aea4f116125fa6feffd364cf09443e8\windows-amd64

VM Arguments:
jvm_args: --add-opens=java.base/java.util=ALL-UNNAMED --add-opens=java.base/java.lang=ALL-UNNAMED --add-opens=java.base/java.lang.invoke=ALL-UNNAMED --add-opens=java.base/java.util=ALL-UNNAMED --add-opens=java.prefs/java.util.prefs=ALL-UNNAMED --add-opens=java.prefs/java.util.prefs=ALL-UNNAMED --add-opens=java.base/java.nio.charset=ALL-UNNAMED --add-opens=java.base/java.net=ALL-UNNAMED --add-opens=java.base/java.util.concurrent.atomic=ALL-UNNAMED -Xmx2048m -Dfile.encoding=UTF-8 -Duser.country=US -Duser.language=en -Duser.variant 
java_command: org.gradle.launcher.daemon.bootstrap.GradleDaemon 7.0.2
java_class_path (initial): C:\Users\felip\.gradle\wrapper\dists\gradle-7.0.2-bin\857tjihv64xamwrf0h14cai3r\gradle-7.0.2\lib\gradle-launcher-7.0.2.jar
Launcher Type: SUN_STANDARD

[Global flags]
     intx CICompilerCount                          = 2                                         {product} {ergonomic}
     uint ConcGCThreads                            = 1                                         {product} {ergonomic}
     uint G1ConcRefinementThreads                  = 2                                         {product} {ergonomic}
   size_t G1HeapRegionSize                         = 1048576                                   {product} {ergonomic}
    uintx GCDrainStackTargetSize                   = 64                                        {product} {ergonomic}
   size_t InitialHeapSize                          = 67108864                                  {product} {ergonomic}
   size_t MarkStackSize                            = 4194304                                   {product} {ergonomic}
   size_t MaxHeapSize                              = 2147483648                                {product} {command line}
   size_t MaxNewSize                               = 1287651328                                {product} {ergonomic}
   size_t MinHeapDeltaBytes                        = 1048576                                   {product} {ergonomic}
    uintx NonNMethodCodeHeapSize                   = 5825164                                {pd product} {ergonomic}
    uintx NonProfiledCodeHeapSize                  = 122916538                              {pd product} {ergonomic}
    uintx ProfiledCodeHeapSize                     = 122916538                              {pd product} {ergonomic}
    uintx ReservedCodeCacheSize                    = 251658240                              {pd product} {ergonomic}
     bool SegmentedCodeCache                       = true                                      {product} {ergonomic}
     bool UseCompressedClassPointers               = true                                 {lp64_product} {ergonomic}
     bool UseCompressedOops                        = true                                 {lp64_product} {ergonomic}
     bool UseG1GC                                  = true                                      {product} {ergonomic}
     bool UseLargePagesIndividualAllocation        = false                                  {pd product} {ergonomic}

Logging:
Log output configuration:
 #0: stdout all=warning uptime,level,tags
 #1: stderr all=off uptime,level,tags

Environment Variables:
PATH=C:\Program Files\Common Files\Oracle\Java\javapath;C:\Program Files (x86)\Common Files\Oracle\Java\javapath;C:\Windows\system32;C:\Windows;C:\Windows\System32\Wbem;C:\Windows\System32\WindowsPowerShell\v1.0\;C:\Windows\System32\OpenSSH\;C:\ProgramData\chocolatey\bin;C:\Program Files (x86)\Yarn\bin\;C:\Program Files\Git\cmd;C:\Program Files\nodejs\;C:\Users\felip\AppData\Local\Microsoft\WindowsApps;C:\Users\felip\AppData\Local\Programs\Microsoft VS Code\bin;C:\Users\felip\AppData\Local\Yarn\bin;C:\Users\felip\AppData\Local\GitHubDesktop\bin;C:\Users\felip\AppData\Roaming\npm
USERNAME=felip
OS=Windows_NT
PROCESSOR_IDENTIFIER=Intel64 Family 6 Model 23 Stepping 10, GenuineIntel



---------------  S Y S T E M  ---------------

OS: Windows 10 , 64 bit Build 19041 (10.0.19041.1202)
OS uptime: 13 days 22:23 hours

CPU:total 2 (initial active 2) (2 cores per cpu, 1 threads per core) family 6 model 23 stepping 10 microcode 0xa0c, cmov, cx8, fxsr, mmx, sse, sse2, sse3, ssse3, tsc

Memory: 4k page, system-wide physical 4061M (25M free)
TotalPageFile size 4061M (AvailPageFile size 5M)
current process WorkingSet (physical memory assigned to process): 187M, peak: 187M
current process commit charge ("private bytes"): 210M, peak: 211M

vm_info: OpenJDK 64-Bit Server VM (11.0.11+9-b60-7590822) for windows-amd64 JRE (11.0.11+9-b60-7590822), built on Jul 29 2021 21:43:44 by "builder" with MS VC++ 14.0 (VS2015)

END.
