#
# There is insufficient memory for the Java Runtime Environment to continue.
# Native memory allocation (malloc) failed to allocate 32744 bytes for ChunkPool::allocate
# Possible reasons:
#   The system is out of physical RAM or swap space
#   The process is running with CompressedOops enabled, and the Java Heap may be blocking the growth of the native heap
# Possible solutions:
#   Reduce memory load on the system
#   Increase physical memory or swap space
#   Check if swap backing store is full
#   Decrease Java heap size (-Xmx/-Xms)
#   Decrease number of Java threads
#   Decrease Java thread stack sizes (-Xss)
#   Set larger code cache with -XX:ReservedCodeCacheSize=
#   JVM is running with Unscaled Compressed Oops mode in which the Java heap is
#     placed in the first 4GB address space. The Java Heap base address is the
#     maximum limit for the native heap growth. Please use -XX:HeapBaseMinAddress
#     to set the Java Heap base and to place the Java Heap above 4GB virtual address.
# This output file may be truncated or incomplete.
#
#  Out of Memory Error (./src/hotspot/share/memory/arena.cpp:81), pid=9524, tid=9000
#
# JRE version: OpenJDK Runtime Environment (11.0.11+9) (build 11.0.11+9-b60-7590822)
# Java VM: OpenJDK 64-Bit Server VM (11.0.11+9-b60-7590822, mixed mode, tiered, compressed oops, g1 gc, windows-amd64)
# No core dump will be written. Minidumps are not enabled by default on client versions of Windows
#

---------------  S U M M A R Y ------------

Command Line: --add-opens=java.base/java.util=ALL-UNNAMED --add-opens=java.base/java.lang=ALL-UNNAMED --add-opens=java.base/java.lang.invoke=ALL-UNNAMED --add-opens=java.base/java.util=ALL-UNNAMED --add-opens=java.prefs/java.util.prefs=ALL-UNNAMED --add-opens=java.prefs/java.util.prefs=ALL-UNNAMED --add-opens=java.base/java.nio.charset=ALL-UNNAMED --add-opens=java.base/java.net=ALL-UNNAMED --add-opens=java.base/java.util.concurrent.atomic=ALL-UNNAMED -Xmx2048m -Dfile.encoding=UTF-8 -Duser.country=US -Duser.language=en -Duser.variant org.gradle.launcher.daemon.bootstrap.GradleDaemon 7.0.2

Host: Celeron(R) Dual-Core CPU       T3500  @ 2.10GHz, 2 cores, 3G,  Windows 10 , 64 bit Build 19041 (10.0.19041.1202)
Time: Wed Nov  3 09:42:15 2021 E. South America Standard Time elapsed time: 23.951852 seconds (0d 0h 0m 23s)

---------------  T H R E A D  ---------------

Current thread (0x0000026bfefe1000):  JavaThread "C2 CompilerThread0" daemon [_thread_in_native, id=9000, stack(0x000000c860500000,0x000000c860600000)]


Current CompileTask:
C2:  23952 2097   !   4       java.net.URLClassLoader$1::run (63 bytes)

Stack: [0x000000c860500000,0x000000c860600000]
Native frames: (J=compiled Java code, j=interpreted, Vv=VM code, C=native code)
V  [jvm.dll+0x5f214a]
V  [jvm.dll+0x726fb5]
V  [jvm.dll+0x7285cd]
V  [jvm.dll+0x728c83]
V  [jvm.dll+0x243278]
V  [jvm.dll+0xbc78b]
V  [jvm.dll+0xbca3c]
V  [jvm.dll+0x359796]
V  [jvm.dll+0x359011]
V  [jvm.dll+0x359054]
V  [jvm.dll+0x19b83d]
V  [jvm.dll+0x4ec18c]
V  [jvm.dll+0x4ec856]
V  [jvm.dll+0x3218c2]
V  [jvm.dll+0x320d8a]
V  [jvm.dll+0x1fc1e2]
V  [jvm.dll+0x1fb3d4]
V  [jvm.dll+0x183d6c]
V  [jvm.dll+0x209a57]
V  [jvm.dll+0x2082a1]
V  [jvm.dll+0x6ef58f]
V  [jvm.dll+0x6e80b5]
V  [jvm.dll+0x5f1036]
C  [ucrtbase.dll+0x21bb2]
C  [KERNEL32.DLL+0x17034]
C  [ntdll.dll+0x52651]


---------------  P R O C E S S  ---------------

Threads class SMR info:
_java_thread_list=0x0000026bffa88930, length=23, elements={
0x0000026bf4701800, 0x0000026bfef79000, 0x0000026bfef82800, 0x0000026bfefd1800,
0x0000026bfefd6000, 0x0000026bfefd7800, 0x0000026bfefe1000, 0x0000026bfefea000,
0x0000026bfefee800, 0x0000026bff949800, 0x0000026b8fec1800, 0x0000026b901d0800,
0x0000026b908e8000, 0x0000026b8f8f6000, 0x0000026b8fa92800, 0x0000026b904e5800,
0x0000026b904e6800, 0x0000026bffb17800, 0x0000026bffb18000, 0x0000026b907f3000,
0x0000026b907f1000, 0x0000026b907f2000, 0x0000026b907f0800
}

Java Threads: ( => current thread )
  0x0000026bf4701800 JavaThread "main" [_thread_blocked, id=6540, stack(0x000000c85f900000,0x000000c85fa00000)]
  0x0000026bfef79000 JavaThread "Reference Handler" daemon [_thread_blocked, id=2652, stack(0x000000c860000000,0x000000c860100000)]
  0x0000026bfef82800 JavaThread "Finalizer" daemon [_thread_blocked, id=1104, stack(0x000000c860100000,0x000000c860200000)]
  0x0000026bfefd1800 JavaThread "Signal Dispatcher" daemon [_thread_blocked, id=7412, stack(0x000000c860200000,0x000000c860300000)]
  0x0000026bfefd6000 JavaThread "Attach Listener" daemon [_thread_blocked, id=3816, stack(0x000000c860300000,0x000000c860400000)]
  0x0000026bfefd7800 JavaThread "Service Thread" daemon [_thread_blocked, id=8884, stack(0x000000c860400000,0x000000c860500000)]
=>0x0000026bfefe1000 JavaThread "C2 CompilerThread0" daemon [_thread_in_native, id=9000, stack(0x000000c860500000,0x000000c860600000)]
  0x0000026bfefea000 JavaThread "C1 CompilerThread0" daemon [_thread_blocked, id=5260, stack(0x000000c860600000,0x000000c860700000)]
  0x0000026bfefee800 JavaThread "Sweeper thread" daemon [_thread_blocked, id=1032, stack(0x000000c860700000,0x000000c860800000)]
  0x0000026bff949800 JavaThread "Common-Cleaner" daemon [_thread_blocked, id=2340, stack(0x000000c860800000,0x000000c860900000)]
  0x0000026b8fec1800 JavaThread "Daemon health stats" [_thread_blocked, id=10036, stack(0x000000c860b00000,0x000000c860c00000)]
  0x0000026b901d0800 JavaThread "Incoming local TCP Connector on port 8696" [_thread_in_native, id=8924, stack(0x000000c860c00000,0x000000c860d00000)]
  0x0000026b908e8000 JavaThread "Daemon periodic checks" [_thread_blocked, id=5616, stack(0x000000c860d00000,0x000000c860e00000)]
  0x0000026b8f8f6000 JavaThread "Daemon" [_thread_blocked, id=5892, stack(0x000000c860e00000,0x000000c860f00000)]
  0x0000026b8fa92800 JavaThread "Handler for socket connection from /127.0.0.1:8696 to /127.0.0.1:8697" [_thread_in_native, id=1444, stack(0x000000c860f00000,0x000000c861000000)]
  0x0000026b904e5800 JavaThread "Cancel handler" [_thread_blocked, id=7740, stack(0x000000c861000000,0x000000c861100000)]
  0x0000026b904e6800 JavaThread "Daemon worker" [_thread_in_vm, id=5772, stack(0x000000c861100000,0x000000c861200000)]
  0x0000026bffb17800 JavaThread "Asynchronous log dispatcher for DefaultDaemonConnection: socket connection from /127.0.0.1:8696 to /127.0.0.1:8697" [_thread_blocked, id=7968, stack(0x000000c861200000,0x000000c861300000)]
  0x0000026bffb18000 JavaThread "Stdin handler" [_thread_blocked, id=5136, stack(0x000000c861300000,0x000000c861400000)]
  0x0000026b907f3000 JavaThread "Daemon client event forwarder" [_thread_blocked, id=5728, stack(0x000000c861400000,0x000000c861500000)]
  0x0000026b907f1000 JavaThread "Cache worker for file hash cache (C:\Users\felip\.gradle\caches\7.0.2\fileHashes)" [_thread_blocked, id=9448, stack(0x000000c861500000,0x000000c861600000)]
  0x0000026b907f2000 JavaThread "File lock request listener" [_thread_in_native, id=3076, stack(0x000000c861600000,0x000000c861700000)]
  0x0000026b907f0800 JavaThread "Cache worker for journal cache (C:\Users\felip\.gradle\caches\journal-1)" [_thread_blocked, id=4460, stack(0x000000c861700000,0x000000c861800000)]

Other Threads:
  0x0000026bfef72000 VMThread "VM Thread" [stack: 0x000000c85ff00000,0x000000c860000000] [id=2700]
  0x0000026bff96e800 WatcherThread [stack: 0x000000c860900000,0x000000c860a00000] [id=5236]
  0x0000026bf471b000 GCTaskThread "GC Thread#0" [stack: 0x000000c85fa00000,0x000000c85fb00000] [id=9420]
  0x0000026bfface000 GCTaskThread "GC Thread#1" [stack: 0x000000c860a00000,0x000000c860b00000] [id=8260]
  0x0000026bf474b000 ConcurrentGCThread "G1 Main Marker" [stack: 0x000000c85fb00000,0x000000c85fc00000] [id=5748]
  0x0000026bf474c800 ConcurrentGCThread "G1 Conc#0" [stack: 0x000000c85fc00000,0x000000c85fd00000] [id=9948]
  0x0000026bf47a2000 ConcurrentGCThread "G1 Refine#0" [stack: 0x000000c85fd00000,0x000000c85fe00000] [id=5064]
  0x0000026bf47a3000 ConcurrentGCThread "G1 Young RemSet Sampling" [stack: 0x000000c85fe00000,0x000000c85ff00000] [id=2032]

Threads with active compile tasks:
C2 CompilerThread0  24210 2097   !   4       java.net.URLClassLoader$1::run (63 bytes)

VM state:not at safepoint (normal execution)

VM Mutex/Monitor currently owned by a thread: None

Heap address: 0x0000000080000000, size: 2048 MB, Compressed Oops mode: 32-bit
Narrow klass base: 0x0000000000000000, Narrow klass shift: 3
Compressed class space size: 1073741824 Address: 0x0000000100000000

Heap:
 garbage-first heap   total 65536K, used 18875K [0x0000000080000000, 0x0000000100000000)
  region size 1024K, 5 young (5120K), 3 survivors (3072K)
 Metaspace       used 23553K, capacity 24088K, committed 24368K, reserved 1071104K
  class space    used 2981K, capacity 3169K, committed 3200K, reserved 1048576K
Heap Regions: E=young(eden), S=young(survivor), O=old, HS=humongous(starts), HC=humongous(continues), CS=collection set, F=free, A=archive, TAMS=top-at-mark-start (previous, next)
|   0|0x0000000080000000, 0x0000000080100000, 0x0000000080100000|100%| O|  |TAMS 0x0000000080100000, 0x0000000080000000| Untracked 
|   1|0x0000000080100000, 0x0000000080200000, 0x0000000080200000|100%| O|  |TAMS 0x0000000080200000, 0x0000000080100000| Untracked 
|   2|0x0000000080200000, 0x0000000080300000, 0x0000000080300000|100%| O|  |TAMS 0x0000000080300000, 0x0000000080200000| Untracked 
|   3|0x0000000080300000, 0x0000000080400000, 0x0000000080400000|100%| O|  |TAMS 0x0000000080400000, 0x0000000080300000| Untracked 
|   4|0x0000000080400000, 0x0000000080500000, 0x0000000080500000|100%|HS|  |TAMS 0x0000000080500000, 0x0000000080400000| Complete 
|   5|0x0000000080500000, 0x0000000080600000, 0x0000000080600000|100%|HC|  |TAMS 0x0000000080600000, 0x0000000080500000| Complete 
|   6|0x0000000080600000, 0x0000000080700000, 0x0000000080700000|100%|HC|  |TAMS 0x0000000080700000, 0x0000000080600000| Complete 
|   7|0x0000000080700000, 0x0000000080800000, 0x0000000080800000|100%| O|  |TAMS 0x0000000080800000, 0x0000000080700000| Untracked 
|   8|0x0000000080800000, 0x0000000080900000, 0x0000000080900000|100%| O|  |TAMS 0x0000000080900000, 0x0000000080800000| Untracked 
|   9|0x0000000080900000, 0x0000000080a00000, 0x0000000080a00000|100%| O|  |TAMS 0x0000000080a00000, 0x0000000080900000| Untracked 
|  10|0x0000000080a00000, 0x0000000080b00000, 0x0000000080b00000|100%| O|  |TAMS 0x0000000080b00000, 0x0000000080a00000| Untracked 
|  11|0x0000000080b00000, 0x0000000080c00000, 0x0000000080c00000|100%| O|  |TAMS 0x0000000080c00000, 0x0000000080b00000| Untracked 
|  12|0x0000000080c00000, 0x0000000080d00000, 0x0000000080d00000|100%| O|  |TAMS 0x0000000080d00000, 0x0000000080c00000| Untracked 
|  13|0x0000000080d00000, 0x0000000080e00000, 0x0000000080e00000|100%| O|  |TAMS 0x0000000080e00000, 0x0000000080d00000| Untracked 
|  14|0x0000000080e00000, 0x0000000080edf800, 0x0000000080f00000| 87%| O|  |TAMS 0x0000000080edf800, 0x0000000080e00000| Untracked 
|  15|0x0000000080f00000, 0x0000000080f00000, 0x0000000081000000|  0%| F|  |TAMS 0x0000000080f00000, 0x0000000080f00000| Untracked 
|  16|0x0000000081000000, 0x0000000081000000, 0x0000000081100000|  0%| F|  |TAMS 0x0000000081000000, 0x0000000081000000| Untracked 
|  17|0x0000000081100000, 0x0000000081100000, 0x0000000081200000|  0%| F|  |TAMS 0x0000000081100000, 0x0000000081100000| Untracked 
|  18|0x0000000081200000, 0x0000000081200000, 0x0000000081300000|  0%| F|  |TAMS 0x0000000081200000, 0x0000000081200000| Untracked 
|  19|0x0000000081300000, 0x0000000081300000, 0x0000000081400000|  0%| F|  |TAMS 0x0000000081300000, 0x0000000081300000| Untracked 
|  20|0x0000000081400000, 0x0000000081400000, 0x0000000081500000|  0%| F|  |TAMS 0x0000000081400000, 0x0000000081400000| Untracked 
|  21|0x0000000081500000, 0x0000000081500000, 0x0000000081600000|  0%| F|  |TAMS 0x0000000081500000, 0x0000000081500000| Untracked 
|  22|0x0000000081600000, 0x0000000081600000, 0x0000000081700000|  0%| F|  |TAMS 0x0000000081600000, 0x0000000081600000| Untracked 
|  23|0x0000000081700000, 0x0000000081700000, 0x0000000081800000|  0%| F|  |TAMS 0x0000000081700000, 0x0000000081700000| Untracked 
|  24|0x0000000081800000, 0x0000000081800000, 0x0000000081900000|  0%| F|  |TAMS 0x0000000081800000, 0x0000000081800000| Untracked 
|  25|0x0000000081900000, 0x0000000081900000, 0x0000000081a00000|  0%| F|  |TAMS 0x0000000081900000, 0x0000000081900000| Untracked 
|  26|0x0000000081a00000, 0x0000000081a00000, 0x0000000081b00000|  0%| F|  |TAMS 0x0000000081a00000, 0x0000000081a00000| Untracked 
|  27|0x0000000081b00000, 0x0000000081b00000, 0x0000000081c00000|  0%| F|  |TAMS 0x0000000081b00000, 0x0000000081b00000| Untracked 
|  28|0x0000000081c00000, 0x0000000081c00000, 0x0000000081d00000|  0%| F|  |TAMS 0x0000000081c00000, 0x0000000081c00000| Untracked 
|  29|0x0000000081d00000, 0x0000000081d00000, 0x0000000081e00000|  0%| F|  |TAMS 0x0000000081d00000, 0x0000000081d00000| Untracked 
|  30|0x0000000081e00000, 0x0000000081e00000, 0x0000000081f00000|  0%| F|  |TAMS 0x0000000081e00000, 0x0000000081e00000| Untracked 
|  31|0x0000000081f00000, 0x0000000081f00000, 0x0000000082000000|  0%| F|  |TAMS 0x0000000081f00000, 0x0000000081f00000| Untracked 
|  32|0x0000000082000000, 0x0000000082000000, 0x0000000082100000|  0%| F|  |TAMS 0x0000000082000000, 0x0000000082000000| Untracked 
|  33|0x0000000082100000, 0x0000000082100000, 0x0000000082200000|  0%| F|  |TAMS 0x0000000082100000, 0x0000000082100000| Untracked 
|  34|0x0000000082200000, 0x000000008228f448, 0x0000000082300000| 55%| S|CS|TAMS 0x0000000082200000, 0x0000000082200000| Complete 
|  35|0x0000000082300000, 0x0000000082400000, 0x0000000082400000|100%| S|CS|TAMS 0x0000000082300000, 0x0000000082300000| Complete 
|  36|0x0000000082400000, 0x0000000082500000, 0x0000000082500000|100%| S|CS|TAMS 0x0000000082400000, 0x0000000082400000| Complete 
|  37|0x0000000082500000, 0x0000000082500000, 0x0000000082600000|  0%| F|  |TAMS 0x0000000082500000, 0x0000000082500000| Untracked 
|  38|0x0000000082600000, 0x0000000082600000, 0x0000000082700000|  0%| F|  |TAMS 0x0000000082600000, 0x0000000082600000| Untracked 
|  39|0x0000000082700000, 0x0000000082700000, 0x0000000082800000|  0%| F|  |TAMS 0x0000000082700000, 0x0000000082700000| Untracked 
|  40|0x0000000082800000, 0x0000000082800000, 0x0000000082900000|  0%| F|  |TAMS 0x0000000082800000, 0x0000000082800000| Untracked 
|  41|0x0000000082900000, 0x0000000082900000, 0x0000000082a00000|  0%| F|  |TAMS 0x0000000082900000, 0x0000000082900000| Untracked 
|  42|0x0000000082a00000, 0x0000000082a00000, 0x0000000082b00000|  0%| F|  |TAMS 0x0000000082a00000, 0x0000000082a00000| Untracked 
|  43|0x0000000082b00000, 0x0000000082b00000, 0x0000000082c00000|  0%| F|  |TAMS 0x0000000082b00000, 0x0000000082b00000| Untracked 
|  44|0x0000000082c00000, 0x0000000082c00000, 0x0000000082d00000|  0%| F|  |TAMS 0x0000000082c00000, 0x0000000082c00000| Untracked 
|  45|0x0000000082d00000, 0x0000000082d00000, 0x0000000082e00000|  0%| F|  |TAMS 0x0000000082d00000, 0x0000000082d00000| Untracked 
|  46|0x0000000082e00000, 0x0000000082e00000, 0x0000000082f00000|  0%| F|  |TAMS 0x0000000082e00000, 0x0000000082e00000| Untracked 
|  47|0x0000000082f00000, 0x0000000082f00000, 0x0000000083000000|  0%| F|  |TAMS 0x0000000082f00000, 0x0000000082f00000| Untracked 
|  48|0x0000000083000000, 0x0000000083000000, 0x0000000083100000|  0%| F|  |TAMS 0x0000000083000000, 0x0000000083000000| Untracked 
|  49|0x0000000083100000, 0x0000000083100000, 0x0000000083200000|  0%| F|  |TAMS 0x0000000083100000, 0x0000000083100000| Untracked 
|  50|0x0000000083200000, 0x0000000083200000, 0x0000000083300000|  0%| F|  |TAMS 0x0000000083200000, 0x0000000083200000| Untracked 
|  51|0x0000000083300000, 0x0000000083300000, 0x0000000083400000|  0%| F|  |TAMS 0x0000000083300000, 0x0000000083300000| Untracked 
|  52|0x0000000083400000, 0x0000000083400000, 0x0000000083500000|  0%| F|  |TAMS 0x0000000083400000, 0x0000000083400000| Untracked 
|  53|0x0000000083500000, 0x0000000083500000, 0x0000000083600000|  0%| F|  |TAMS 0x0000000083500000, 0x0000000083500000| Untracked 
|  54|0x0000000083600000, 0x0000000083600000, 0x0000000083700000|  0%| F|  |TAMS 0x0000000083600000, 0x0000000083600000| Untracked 
|  55|0x0000000083700000, 0x0000000083700000, 0x0000000083800000|  0%| F|  |TAMS 0x0000000083700000, 0x0000000083700000| Untracked 
|  56|0x0000000083800000, 0x0000000083800000, 0x0000000083900000|  0%| F|  |TAMS 0x0000000083800000, 0x0000000083800000| Untracked 
|  57|0x0000000083900000, 0x0000000083900000, 0x0000000083a00000|  0%| F|  |TAMS 0x0000000083900000, 0x0000000083900000| Untracked 
|  58|0x0000000083a00000, 0x0000000083a00000, 0x0000000083b00000|  0%| F|  |TAMS 0x0000000083a00000, 0x0000000083a00000| Untracked 
|  59|0x0000000083b00000, 0x0000000083b00000, 0x0000000083c00000|  0%| F|  |TAMS 0x0000000083b00000, 0x0000000083b00000| Untracked 
|  60|0x0000000083c00000, 0x0000000083c00000, 0x0000000083d00000|  0%| F|  |TAMS 0x0000000083c00000, 0x0000000083c00000| Untracked 
|  61|0x0000000083d00000, 0x0000000083d00000, 0x0000000083e00000|  0%| F|  |TAMS 0x0000000083d00000, 0x0000000083d00000| Untracked 
|  62|0x0000000083e00000, 0x0000000083ec89c0, 0x0000000083f00000| 78%| E|  |TAMS 0x0000000083e00000, 0x0000000083e00000| Complete 
|  63|0x0000000083f00000, 0x0000000084000000, 0x0000000084000000|100%| E|CS|TAMS 0x0000000083f00000, 0x0000000083f00000| Complete 

Card table byte_map: [0x0000026bf8600000,0x0000026bf8a00000] _byte_map_base: 0x0000026bf8200000

Marking Bits (Prev, Next): (CMBitMap*) 0x0000026bf47423f0, (CMBitMap*) 0x0000026bf47423b8
 Prev Bits: [0x0000026bfae00000, 0x0000026bfce00000)
 Next Bits: [0x0000026bf8e00000, 0x0000026bfae00000)

Polling page: 0x0000026bf3ee0000

Metaspace:

Usage:
  Non-class:     20.43 MB capacity,    20.09 MB ( 98%) used,   300.16 KB (  1%) free+waste,    46.88 KB ( <1%) overhead. 
      Class:      3.09 MB capacity,     2.91 MB ( 94%) used,   163.75 KB (  5%) free+waste,    23.63 KB ( <1%) overhead. 
       Both:     23.52 MB capacity,    23.00 MB ( 98%) used,   463.91 KB (  2%) free+waste,    70.50 KB ( <1%) overhead. 

Virtual space:
  Non-class space:       22.00 MB reserved,      20.67 MB ( 94%) committed 
      Class space:        1.00 GB reserved,       3.13 MB ( <1%) committed 
             Both:        1.02 GB reserved,      23.80 MB (  2%) committed 

Chunk freelists:
   Non-Class:  57.00 KB
       Class:  0 bytes
        Both:  57.00 KB

MaxMetaspaceSize: 17179869184.00 GB
CompressedClassSpaceSize: 1.00 GB

CodeHeap 'non-profiled nmethods': size=120064Kb used=923Kb max_used=923Kb free=119140Kb
 bounds [0x0000026b87ac0000, 0x0000026b87d30000, 0x0000026b8f000000]
CodeHeap 'profiled nmethods': size=120000Kb used=4684Kb max_used=4684Kb free=115315Kb
 bounds [0x0000026b80590000, 0x0000026b80a30000, 0x0000026b87ac0000]
CodeHeap 'non-nmethods': size=5696Kb used=1145Kb max_used=1167Kb free=4550Kb
 bounds [0x0000026b80000000, 0x0000026b80270000, 0x0000026b80590000]
 total_blobs=2619 nmethods=2130 adapters=401
 compilation: enabled
              stopped_count=0, restarted_count=0
 full_count=0

Compilation events (20 events):
Event: 23.596 Thread 0x0000026bfefea000 2125       3       jdk.internal.org.objectweb.asm.ClassReader::readUnsignedShort (26 bytes)
Event: 23.596 Thread 0x0000026bfefea000 nmethod 2125 0x0000026b80a1e290 code [0x0000026b80a1e440, 0x0000026b80a1e598]
Event: 23.598 Thread 0x0000026bfefea000 2126       3       jdk.internal.org.objectweb.asm.MethodVisitor::visitVarInsn (17 bytes)
Event: 23.598 Thread 0x0000026bfefea000 nmethod 2126 0x0000026b80a1e690 code [0x0000026b80a1e840, 0x0000026b80a1ea28]
Event: 23.617 Thread 0x0000026bfefea000 2127   !   3       java.lang.ref.ReferenceQueue::remove (125 bytes)
Event: 23.618 Thread 0x0000026bfefea000 nmethod 2127 0x0000026b80a1eb10 code [0x0000026b80a1ed40, 0x0000026b80a1f578]
Event: 23.619 Thread 0x0000026bfefea000 2128   !   3       jdk.internal.ref.PhantomCleanable::isListEmpty (34 bytes)
Event: 23.619 Thread 0x0000026bfefea000 nmethod 2128 0x0000026b80a1f890 code [0x0000026b80a1fa40, 0x0000026b80a1fd38]
Event: 23.619 Thread 0x0000026bfefea000 2129       3       jdk.internal.misc.InnocuousThread::eraseThreadLocals (23 bytes)
Event: 23.620 Thread 0x0000026bfefea000 nmethod 2129 0x0000026b80a1fe90 code [0x0000026b80a20040, 0x0000026b80a20218]
Event: 23.734 Thread 0x0000026bfefea000 2130       3       jdk.internal.reflect.Reflection::filter (217 bytes)
Event: 23.736 Thread 0x0000026bfefea000 nmethod 2130 0x0000026b80a20290 code [0x0000026b80a204e0, 0x0000026b80a21068]
Event: 23.737 Thread 0x0000026bfefea000 2131       3       sun.reflect.generics.parser.SignatureParser::mark (9 bytes)
Event: 23.737 Thread 0x0000026bfefea000 nmethod 2131 0x0000026b80a21510 code [0x0000026b80a216c0, 0x0000026b80a217b8]
Event: 23.737 Thread 0x0000026bfefea000 2132       3       sun.reflect.generics.parser.SignatureParser::markToCurrent (16 bytes)
Event: 23.738 Thread 0x0000026bfefea000 nmethod 2132 0x0000026b80a21890 code [0x0000026b80a21a40, 0x0000026b80a21b88]
Event: 23.740 Thread 0x0000026bfefea000 2133       3       java.util.concurrent.ConcurrentHashMap::remove (8 bytes)
Event: 23.740 Thread 0x0000026bfefea000 nmethod 2133 0x0000026b80a21c90 code [0x0000026b80a21e40, 0x0000026b80a21f88]
Event: 23.777 Thread 0x0000026bfefea000 2135       3       jdk.internal.org.objectweb.asm.Type::getArgumentTypes (131 bytes)
Event: 23.779 Thread 0x0000026bfefea000 nmethod 2135 0x0000026b80a22010 code [0x0000026b80a22260, 0x0000026b80a22d68]

GC Heap History (14 events):
Event: 6.773 GC heap before
{Heap before GC invocations=0 (full 0):
 garbage-first heap   total 65536K, used 7168K [0x0000000080000000, 0x0000000100000000)
  region size 1024K, 7 young (7168K), 0 survivors (0K)
 Metaspace       used 6135K, capacity 6265K, committed 6528K, reserved 1056768K
  class space    used 536K, capacity 578K, committed 640K, reserved 1048576K
}
Event: 6.779 GC heap after
{Heap after GC invocations=1 (full 0):
 garbage-first heap   total 65536K, used 1383K [0x0000000080000000, 0x0000000100000000)
  region size 1024K, 1 young (1024K), 1 survivors (1024K)
 Metaspace       used 6135K, capacity 6265K, committed 6528K, reserved 1056768K
  class space    used 536K, capacity 578K, committed 640K, reserved 1048576K
}
Event: 10.452 GC heap before
{Heap before GC invocations=1 (full 0):
 garbage-first heap   total 65536K, used 45415K [0x0000000080000000, 0x0000000100000000)
  region size 1024K, 38 young (38912K), 1 survivors (1024K)
 Metaspace       used 10766K, capacity 11011K, committed 11264K, reserved 1058816K
  class space    used 1122K, capacity 1206K, committed 1280K, reserved 1048576K
}
Event: 10.471 GC heap after
{Heap after GC invocations=2 (full 0):
 garbage-first heap   total 65536K, used 9434K [0x0000000080000000, 0x0000000100000000)
  region size 1024K, 5 young (5120K), 5 survivors (5120K)
 Metaspace       used 10766K, capacity 11011K, committed 11264K, reserved 1058816K
  class space    used 1122K, capacity 1206K, committed 1280K, reserved 1048576K
}
Event: 11.227 GC heap before
{Heap before GC invocations=2 (full 0):
 garbage-first heap   total 65536K, used 24794K [0x0000000080000000, 0x0000000100000000)
  region size 1024K, 20 young (20480K), 5 survivors (5120K)
 Metaspace       used 10869K, capacity 11139K, committed 11264K, reserved 1058816K
  class space    used 1125K, capacity 1206K, committed 1280K, reserved 1048576K
}
Event: 11.262 GC heap after
{Heap after GC invocations=3 (full 0):
 garbage-first heap   total 65536K, used 13116K [0x0000000080000000, 0x0000000100000000)
  region size 1024K, 3 young (3072K), 3 survivors (3072K)
 Metaspace       used 10869K, capacity 11139K, committed 11264K, reserved 1058816K
  class space    used 1125K, capacity 1206K, committed 1280K, reserved 1048576K
}
Event: 14.971 GC heap before
{Heap before GC invocations=3 (full 0):
 garbage-first heap   total 65536K, used 34620K [0x0000000080000000, 0x0000000100000000)
  region size 1024K, 24 young (24576K), 3 survivors (3072K)
 Metaspace       used 14987K, capacity 15362K, committed 15488K, reserved 1062912K
  class space    used 1710K, capacity 1829K, committed 1920K, reserved 1048576K
}
Event: 14.984 GC heap after
{Heap after GC invocations=4 (full 0):
 garbage-first heap   total 65536K, used 15346K [0x0000000080000000, 0x0000000100000000)
  region size 1024K, 2 young (2048K), 2 survivors (2048K)
 Metaspace       used 14987K, capacity 15362K, committed 15488K, reserved 1062912K
  class space    used 1710K, capacity 1829K, committed 1920K, reserved 1048576K
}
Event: 19.286 GC heap before
{Heap before GC invocations=4 (full 0):
 garbage-first heap   total 65536K, used 38898K [0x0000000080000000, 0x0000000100000000)
  region size 1024K, 25 young (25600K), 2 survivors (2048K)
 Metaspace       used 19103K, capacity 19585K, committed 19712K, reserved 1067008K
  class space    used 2296K, capacity 2446K, committed 2560K, reserved 1048576K
}
Event: 19.300 GC heap after
{Heap after GC invocations=5 (full 0):
 garbage-first heap   total 65536K, used 16756K [0x0000000080000000, 0x0000000100000000)
  region size 1024K, 4 young (4096K), 4 survivors (4096K)
 Metaspace       used 19103K, capacity 19585K, committed 19712K, reserved 1067008K
  class space    used 2296K, capacity 2446K, committed 2560K, reserved 1048576K
}
Event: 20.827 GC heap before
{Heap before GC invocations=5 (full 0):
 garbage-first heap   total 65536K, used 26996K [0x0000000080000000, 0x0000000100000000)
  region size 1024K, 16 young (16384K), 4 survivors (4096K)
 Metaspace       used 20611K, capacity 21125K, committed 21296K, reserved 1069056K
  class space    used 2503K, capacity 2667K, committed 2688K, reserved 1048576K
}
Event: 20.844 GC heap after
{Heap after GC invocations=6 (full 0):
 garbage-first heap   total 65536K, used 17278K [0x0000000080000000, 0x0000000100000000)
  region size 1024K, 2 young (2048K), 2 survivors (2048K)
 Metaspace       used 20611K, capacity 21125K, committed 21296K, reserved 1069056K
  class space    used 2503K, capacity 2667K, committed 2688K, reserved 1048576K
}
Event: 23.603 GC heap before
{Heap before GC invocations=7 (full 0):
 garbage-first heap   total 65536K, used 42878K [0x0000000080000000, 0x0000000100000000)
  region size 1024K, 27 young (27648K), 2 survivors (2048K)
 Metaspace       used 23383K, capacity 23955K, committed 24112K, reserved 1071104K
  class space    used 2951K, capacity 3167K, committed 3200K, reserved 1048576K
}
Event: 23.617 GC heap after
{Heap after GC invocations=8 (full 0):
 garbage-first heap   total 65536K, used 17851K [0x0000000080000000, 0x0000000100000000)
  region size 1024K, 3 young (3072K), 3 survivors (3072K)
 Metaspace       used 23383K, capacity 23955K, committed 24112K, reserved 1071104K
  class space    used 2951K, capacity 3167K, committed 3200K, reserved 1048576K
}

Deoptimization events (20 events):
Event: 21.381 Thread 0x0000026b904e6800 Uncommon trap: trap_request=0xffffff4d fr.pc=0x0000026b87b22d48 relative=0x0000000000000aa8
Event: 21.381 Thread 0x0000026b904e6800 Uncommon trap: reason=unstable_if action=reinterpret pc=0x0000026b87b22d48 method=java.util.Properties$LineReader.readLine()I @ 249 c2
Event: 21.381 Thread 0x0000026b904e6800 DEOPT PACKING pc=0x0000026b87b22d48 sp=0x000000c8611fc110
Event: 21.381 Thread 0x0000026b904e6800 DEOPT UNPACKING pc=0x0000026b80026029 sp=0x000000c8611fc0b0 mode 2
Event: 23.142 Thread 0x0000026b904e6800 Uncommon trap: trap_request=0xffffff4d fr.pc=0x0000026b87b98158 relative=0x0000000000000198
Event: 23.142 Thread 0x0000026b904e6800 Uncommon trap: reason=unstable_if action=reinterpret pc=0x0000026b87b98158 method=java.util.HashMap.getNode(ILjava/lang/Object;)Ljava/util/HashMap$Node; @ 129 c2
Event: 23.142 Thread 0x0000026b904e6800 DEOPT PACKING pc=0x0000026b87b98158 sp=0x000000c8611fcf60
Event: 23.142 Thread 0x0000026b904e6800 DEOPT UNPACKING pc=0x0000026b80026029 sp=0x000000c8611fce70 mode 2
Event: 23.142 Thread 0x0000026b904e6800 Uncommon trap: trap_request=0xffffffc6 fr.pc=0x0000026b87b7d3e0 relative=0x00000000000007c0
Event: 23.142 Thread 0x0000026b904e6800 Uncommon trap: reason=bimorphic_or_optimized_type_check action=maybe_recompile pc=0x0000026b87b7d3e0 method=java.util.HashMap.putVal(ILjava/lang/Object;Ljava/lang/Object;ZZ)Ljava/lang/Object; @ 203 c2
Event: 23.142 Thread 0x0000026b904e6800 DEOPT PACKING pc=0x0000026b87b7d3e0 sp=0x000000c8611fcf10
Event: 23.142 Thread 0x0000026b904e6800 DEOPT UNPACKING pc=0x0000026b80026029 sp=0x000000c8611fce38 mode 2
Event: 23.224 Thread 0x0000026b904e6800 Uncommon trap: trap_request=0xffffff4d fr.pc=0x0000026b87b24fd4 relative=0x0000000000000094
Event: 23.224 Thread 0x0000026b904e6800 Uncommon trap: reason=unstable_if action=reinterpret pc=0x0000026b87b24fd4 method=java.util.LinkedHashMap.afterNodeInsertion(Z)V @ 1 c2
Event: 23.224 Thread 0x0000026b904e6800 DEOPT PACKING pc=0x0000026b87b24fd4 sp=0x000000c8611fcbc0
Event: 23.224 Thread 0x0000026b904e6800 DEOPT UNPACKING pc=0x0000026b80026029 sp=0x000000c8611fcb40 mode 2
Event: 23.249 Thread 0x0000026b904e6800 Uncommon trap: trap_request=0xffffff4d fr.pc=0x0000026b87b09efc relative=0x000000000000023c
Event: 23.249 Thread 0x0000026b904e6800 Uncommon trap: reason=unstable_if action=reinterpret pc=0x0000026b87b09efc method=java.util.concurrent.ConcurrentHashMap.get(Ljava/lang/Object;)Ljava/lang/Object; @ 76 c2
Event: 23.249 Thread 0x0000026b904e6800 DEOPT PACKING pc=0x0000026b87b09efc sp=0x000000c8611face0
Event: 23.249 Thread 0x0000026b904e6800 DEOPT UNPACKING pc=0x0000026b80026029 sp=0x000000c8611fac48 mode 2

Classes redefined (0 events):
No events

Internal exceptions (20 events):
Event: 17.375 Thread 0x0000026b904e6800 Exception <a 'java/lang/NoSuchMethodError'{0x00000000838fcec0}: 'long java.lang.invoke.DirectMethodHandle$Holder.invokeInterface(java.lang.Object, java.lang.Object)'> (0x00000000838fcec0) thrown at [./src/hotspot/share/interpreter/linkResolver.cpp, line 773]
Event: 17.383 Thread 0x0000026b904e6800 Exception <a 'java/lang/NoSuchMethodError'{0x0000000083720290}: 'void java.lang.invoke.DelegatingMethodHandle$Holder.reinvoke_L(java.lang.Object, java.lang.Object, java.lang.Object, java.lang.Object, java.lang.Object, java.lang.Object, java.lang.Object)'> (0x0000000083720290) thrown at [./src/hotspot/share/interpreter/linkResolver.cpp, line 773]
Event: 19.325 Thread 0x0000026b904e6800 Exception <a 'java/lang/NoSuchMethodError'{0x0000000083f88048}: 'java.lang.Object java.lang.invoke.DirectMethodHandle$Holder.invokeVirtual(java.lang.Object, java.lang.Object, java.lang.Object)'> (0x0000000083f88048) thrown at [./src/hotspot/share/interpreter/linkResolver.cpp, line 773]
Event: 19.685 Thread 0x0000026b904e6800 Exception <a 'java/lang/NoSuchMethodError'{0x0000000083b08168}: 'void java.lang.invoke.DirectMethodHandle$Holder.invokeInterface(java.lang.Object, java.lang.Object)'> (0x0000000083b08168) thrown at [./src/hotspot/share/interpreter/linkResolver.cpp, line 773]
Event: 19.686 Thread 0x0000026b904e6800 Exception <a 'java/lang/IncompatibleClassChangeError'{0x0000000083b0b318}: Found class java.lang.Object, but interface was expected> (0x0000000083b0b318) thrown at [./src/hotspot/share/interpreter/linkResolver.cpp, line 839]
Event: 19.842 Thread 0x0000026b904e6800 Exception <a 'java/lang/NoSuchMethodError'{0x0000000083a71610}: 'void java.lang.invoke.DirectMethodHandle$Holder.invokeStaticInit(java.lang.Object)'> (0x0000000083a71610) thrown at [./src/hotspot/share/interpreter/linkResolver.cpp, line 773]
Event: 20.184 Thread 0x0000026b904e6800 Exception <a 'java/lang/NoSuchMethodError'{0x00000000838d5a50}: 'java.lang.Object java.lang.invoke.DirectMethodHandle$Holder.invokeStatic(java.lang.Object, java.lang.Object, java.lang.Object, int)'> (0x00000000838d5a50) thrown at [./src/hotspot/share/interpreter/linkResolver.cpp, line 773]
Event: 20.185 Thread 0x0000026b904e6800 Exception <a 'java/lang/NoSuchMethodError'{0x00000000838d9c18}: 'java.lang.Object java.lang.invoke.DirectMethodHandle$Holder.invokeSpecial(java.lang.Object, java.lang.Object, java.lang.Object, java.lang.Object, int)'> (0x00000000838d9c18) thrown at [./src/hotspot/share/interpreter/linkResolver.cpp, line 773]
Event: 20.186 Thread 0x0000026b904e6800 Exception <a 'java/lang/NoSuchMethodError'{0x00000000838dd600}: 'java.lang.Object java.lang.invoke.Invokers$Holder.linkToTargetMethod(java.lang.Object, java.lang.Object, int, java.lang.Object)'> (0x00000000838dd600) thrown at [./src/hotspot/share/interpreter/linkResolver.cpp, line 773]
Event: 21.000 Thread 0x0000026b904e6800 Exception <a 'java/lang/NoSuchMethodError'{0x0000000083fcdd08}: 'int java.lang.invoke.DirectMethodHandle$Holder.invokeSpecialIFC(java.lang.Object, java.lang.Object, java.lang.Object, java.lang.Object)'> (0x0000000083fcdd08) thrown at [./src/hotspot/share/interpreter/linkResolver.cpp, line 773]
Event: 21.007 Thread 0x0000026b904e6800 Exception <a 'java/lang/NoSuchMethodError'{0x0000000083fdbac8}: 'java.lang.Object java.lang.invoke.DirectMethodHandle$Holder.invokeInterface(java.lang.Object, java.lang.Object, java.lang.Object)'> (0x0000000083fdbac8) thrown at [./src/hotspot/share/interpreter/linkResolver.cpp, line 773]
Event: 21.010 Thread 0x0000026b904e6800 Exception <a 'java/lang/IncompatibleClassChangeError'{0x0000000083fdefd0}: Found class java.lang.Object, but interface was expected> (0x0000000083fdefd0) thrown at [./src/hotspot/share/interpreter/linkResolver.cpp, line 839]
Event: 21.079 Thread 0x0000026b904e6800 Exception <a 'java/lang/NoSuchMethodError'{0x0000000083e94618}: 'void java.lang.invoke.DirectMethodHandle$Holder.invokeStatic(java.lang.Object, java.lang.Object, java.lang.Object, java.lang.Object, java.lang.Object)'> (0x0000000083e94618) thrown at [./src/hotspot/share/interpreter/linkResolver.cpp, line 773]
Event: 21.537 Thread 0x0000026b904e6800 Exception <a 'java/lang/NoSuchMethodError'{0x00000000839151f0}: 'void java.lang.invoke.DirectMethodHandle$Holder.invokeSpecial(java.lang.Object, java.lang.Object)'> (0x00000000839151f0) thrown at [./src/hotspot/share/interpreter/linkResolver.cpp, line 773]
Event: 22.024 Thread 0x0000026b904e6800 Exception <a 'java/lang/NoSuchMethodError'{0x0000000083752e88}: 'java.lang.Object java.lang.invoke.DirectMethodHandle$Holder.invokeSpecial(java.lang.Object, java.lang.Object, java.lang.Object, java.lang.Object, java.lang.Object, java.lang.Object, java.lang.Object, java.lang.Object, java.lang.Object)'> (0x0000000083752e88) thrown at [./src/hotspot/share/interpreter/linkResolver.cpp, line 773]
Event: 22.736 Thread 0x0000026b904e6800 Exception <a 'java/lang/NoSuchMethodError'{0x0000000082c63e70}: 'java.lang.Object java.lang.invoke.DirectMethodHandle$Holder.invokeVirtual(java.lang.Object, java.lang.Object, java.lang.Object, java.lang.Object)'> (0x0000000082c63e70) thrown at [./src/hotspot/share/interpreter/linkResolver.cpp, line 773]
Event: 22.906 Thread 0x0000026b904e6800 Exception <a 'java/lang/NoSuchMethodError'{0x0000000082902010}: 'java.lang.Object java.lang.invoke.Invokers$Holder.invoker(java.lang.Object, java.lang.Object, java.lang.Object, java.lang.Object, java.lang.Object)'> (0x0000000082902010) thrown at [./src/hotspot/share/interpreter/linkResolver.cpp, line 773]
Event: 23.516 Thread 0x0000026b904e6800 Exception <a 'java/lang/NoSuchMethodError'{0x0000000082555358}: 'void java.lang.invoke.DirectMethodHandle$Holder.invokeSpecial(java.lang.Object, java.lang.Object, java.lang.Object, java.lang.Object, java.lang.Object, java.lang.Object)'> (0x0000000082555358) thrown at [./src/hotspot/share/interpreter/linkResolver.cpp, line 773]
Event: 23.570 Thread 0x0000026b904e6800 Exception <a 'java/lang/NoSuchMethodError'{0x00000000825bad78}: 'void java.lang.invoke.DirectMethodHandle$Holder.invokeSpecial(java.lang.Object, java.lang.Object, java.lang.Object, java.lang.Object, java.lang.Object, java.lang.Object, java.lang.Object)'> (0x00000000825bad78) thrown at [./src/hotspot/share/interpreter/linkResolver.cpp, line 773]
Event: 23.572 Thread 0x0000026b904e6800 Exception <a 'java/lang/NoSuchMethodError'{0x00000000825c2fc0}: 'java.lang.Object java.lang.invoke.Invokers$Holder.linkToTargetMethod(java.lang.Object, java.lang.Object, java.lang.Object, java.lang.Object, java.lang.Object, java.lang.Object)'> (0x00000000825c2fc0) thrown at [./src/hotspot/share/interpreter/linkResolver.cpp, line 773]

Events (20 events):
Event: 23.765 loading class org/gradle/internal/service/scopes/ExecutionGradleServices
Event: 23.765 loading class org/gradle/internal/service/scopes/ExecutionGradleServices done
Event: 23.775 loading class org/gradle/internal/execution/history/OutputFilesRepository
Event: 23.775 loading class org/gradle/internal/execution/history/OutputFilesRepository done
Event: 23.776 loading class org/gradle/internal/execution/OutputChangeListener
Event: 23.776 loading class org/gradle/internal/execution/OutputChangeListener done
Event: 23.780 loading class org/gradle/kotlin/dsl/accessors/GradleScopeServices
Event: 23.780 loading class org/gradle/kotlin/dsl/accessors/GradleScopeServices done
Event: 23.791 loading class org/gradle/kotlin/dsl/accessors/PluginAccessorClassPathGenerator
Event: 23.791 loading class org/gradle/kotlin/dsl/accessors/PluginAccessorClassPathGenerator done
Event: 23.792 loading class org/gradle/kotlin/dsl/accessors/ProjectAccessorsClassPathGenerator
Event: 23.792 loading class org/gradle/kotlin/dsl/accessors/ProjectAccessorsClassPathGenerator done
Event: 23.794 loading class org/gradle/api/internal/artifacts/DependencyServices$DependencyManagementGradleServices
Event: 23.794 loading class org/gradle/api/internal/artifacts/DependencyServices$DependencyManagementGradleServices done
Event: 23.796 loading class org/gradle/api/internal/artifacts/transform/TransformationNodeDependencyResolver
Event: 23.796 loading class org/gradle/api/internal/artifacts/transform/TransformationNodeDependencyResolver done
Event: 23.809 loading class org/gradle/language/java/internal/JavaLanguagePluginServiceRegistry$JavaGradleScopeServices
Event: 23.809 loading class org/gradle/language/java/internal/JavaLanguagePluginServiceRegistry$JavaGradleScopeServices done
Event: 23.810 loading class org/gradle/language/java/artifact/JavadocArtifact
Event: 23.810 loading class org/gradle/language/java/artifact/JavadocArtifact done


Dynamic libraries:
0x00007ff7373c0000 - 0x00007ff7373ca000 	C:\Users\felip\OneDrive\Desktop\android-studio\jre\bin\java.exe
0x00007ff9d52b0000 - 0x00007ff9d54a5000 	C:\Windows\SYSTEM32\ntdll.dll
0x00007ff9b0f10000 - 0x00007ff9b0f25000 	C:\Program Files\Avast Software\Avast\aswhook.dll
0x00007ff9d3360000 - 0x00007ff9d341e000 	C:\Windows\System32\KERNEL32.DLL
0x00007ff9d29d0000 - 0x00007ff9d2c99000 	C:\Windows\System32\KERNELBASE.dll
0x00007ff9d2e80000 - 0x00007ff9d2f80000 	C:\Windows\System32\ucrtbase.dll
0x00007ff9cc6a0000 - 0x00007ff9cc6b9000 	C:\Users\felip\OneDrive\Desktop\android-studio\jre\bin\jli.dll
0x00007ff9d45b0000 - 0x00007ff9d4751000 	C:\Windows\System32\USER32.dll
0x00007ff9d3110000 - 0x00007ff9d3132000 	C:\Windows\System32\win32u.dll
0x00007ff9d4080000 - 0x00007ff9d40ab000 	C:\Windows\System32\GDI32.dll
0x00007ff9d2f80000 - 0x00007ff9d308b000 	C:\Windows\System32\gdi32full.dll
0x00007ff9d2d50000 - 0x00007ff9d2ded000 	C:\Windows\System32\msvcp_win.dll
0x00007ff9c2c60000 - 0x00007ff9c2efa000 	C:\Windows\WinSxS\amd64_microsoft.windows.common-controls_6595b64144ccf1df_6.0.19041.1110_none_60b5254171f9507e\COMCTL32.dll
0x00007ff9cc680000 - 0x00007ff9cc697000 	C:\Users\felip\OneDrive\Desktop\android-studio\jre\bin\VCRUNTIME140.dll
0x00007ff9d3d40000 - 0x00007ff9d3dde000 	C:\Windows\System32\msvcrt.dll
0x00007ff9d4930000 - 0x00007ff9d4960000 	C:\Windows\System32\IMM32.DLL
0x00007ff9bcb40000 - 0x00007ff9bcbdd000 	C:\Users\felip\OneDrive\Desktop\android-studio\jre\bin\msvcp140.dll
0x00007ff9a5b40000 - 0x00007ff9a6615000 	C:\Users\felip\OneDrive\Desktop\android-studio\jre\bin\server\jvm.dll
0x00007ff9d3df0000 - 0x00007ff9d3e9c000 	C:\Windows\System32\ADVAPI32.dll
0x00007ff9d3c80000 - 0x00007ff9d3d1b000 	C:\Windows\System32\sechost.dll
0x00007ff9d4410000 - 0x00007ff9d453a000 	C:\Windows\System32\RPCRT4.dll
0x00007ff9bbe10000 - 0x00007ff9bbe37000 	C:\Windows\SYSTEM32\WINMM.dll
0x00007ff9c9c60000 - 0x00007ff9c9c6a000 	C:\Windows\SYSTEM32\VERSION.dll
0x00007ff9d3bf0000 - 0x00007ff9d3bf8000 	C:\Windows\System32\PSAPI.DLL
0x00007ff9c66e0000 - 0x00007ff9c66e9000 	C:\Windows\SYSTEM32\WSOCK32.dll
0x00007ff9d4540000 - 0x00007ff9d45ab000 	C:\Windows\System32\WS2_32.dll
0x00007ff9d07f0000 - 0x00007ff9d0802000 	C:\Windows\SYSTEM32\kernel.appcore.dll
0x00007ff9c2a60000 - 0x00007ff9c2a71000 	C:\Users\felip\OneDrive\Desktop\android-studio\jre\bin\verify.dll
0x00007ff9c7410000 - 0x00007ff9c75f4000 	C:\Windows\SYSTEM32\DBGHELP.DLL
0x00007ff9c73e0000 - 0x00007ff9c740c000 	C:\Windows\SYSTEM32\dbgcore.DLL
0x00007ff9d2df0000 - 0x00007ff9d2e73000 	C:\Windows\System32\bcryptPrimitives.dll
0x00007ff9c1e40000 - 0x00007ff9c1e69000 	C:\Users\felip\OneDrive\Desktop\android-studio\jre\bin\java.dll
0x00007ff9cc2c0000 - 0x00007ff9cc2cb000 	C:\Users\felip\OneDrive\Desktop\android-studio\jre\bin\jimage.dll
0x00007ff9c2360000 - 0x00007ff9c2378000 	C:\Users\felip\OneDrive\Desktop\android-studio\jre\bin\zip.dll
0x00007ff9d4960000 - 0x00007ff9d509f000 	C:\Windows\System32\SHELL32.dll
0x00007ff9d0ad0000 - 0x00007ff9d1260000 	C:\Windows\SYSTEM32\windows.storage.dll
0x00007ff9d40b0000 - 0x00007ff9d4405000 	C:\Windows\System32\combase.dll
0x00007ff9d2350000 - 0x00007ff9d237c000 	C:\Windows\SYSTEM32\Wldp.dll
0x00007ff9d3f70000 - 0x00007ff9d401d000 	C:\Windows\System32\SHCORE.dll
0x00007ff9d3710000 - 0x00007ff9d3765000 	C:\Windows\System32\shlwapi.dll
0x00007ff9d2910000 - 0x00007ff9d292f000 	C:\Windows\SYSTEM32\profapi.dll
0x00007ff9c16c0000 - 0x00007ff9c16da000 	C:\Users\felip\OneDrive\Desktop\android-studio\jre\bin\net.dll
0x00007ff9c7210000 - 0x00007ff9c7318000 	C:\Windows\SYSTEM32\WINHTTP.dll
0x00007ff9d20b0000 - 0x00007ff9d211a000 	C:\Windows\system32\mswsock.dll
0x00007ff9c12f0000 - 0x00007ff9c1304000 	C:\Users\felip\OneDrive\Desktop\android-studio\jre\bin\nio.dll
0x00007ff9c87d0000 - 0x00007ff9c87f7000 	C:\Users\felip\.gradle\native\8bec1ad78214c89d9ad589b4d07fe93259594b29d510b10fafb7a158f7737e5d\windows-amd64\native-platform.dll
0x00007ff9bded0000 - 0x00007ff9be00d000 	C:\Users\felip\.gradle\native\53dbd7edfb1c66fb8903c78663c9afc45aea4f116125fa6feffd364cf09443e8\windows-amd64\native-platform-file-events.dll
0x00007ff9cbcd0000 - 0x00007ff9cbcda000 	C:\Users\felip\OneDrive\Desktop\android-studio\jre\bin\management.dll
0x00007ff9cbc10000 - 0x00007ff9cbc1d000 	C:\Users\felip\OneDrive\Desktop\android-studio\jre\bin\management_ext.dll
0x00007ff9d22b0000 - 0x00007ff9d22c8000 	C:\Windows\SYSTEM32\CRYPTSP.dll
0x00007ff9d1a30000 - 0x00007ff9d1a64000 	C:\Windows\system32\rsaenh.dll
0x00007ff9d3090000 - 0x00007ff9d30b7000 	C:\Windows\System32\bcrypt.dll
0x00007ff9d28d0000 - 0x00007ff9d28fe000 	C:\Windows\SYSTEM32\USERENV.dll
0x00007ff9d22a0000 - 0x00007ff9d22ac000 	C:\Windows\SYSTEM32\CRYPTBASE.dll
0x00007ff9d1da0000 - 0x00007ff9d1ddb000 	C:\Windows\SYSTEM32\IPHLPAPI.DLL
0x00007ff9d4920000 - 0x00007ff9d4928000 	C:\Windows\System32\NSI.dll
0x00007ff9cabe0000 - 0x00007ff9cabf7000 	C:\Windows\SYSTEM32\dhcpcsvc6.DLL
0x00007ff9cc0b0000 - 0x00007ff9cc0cd000 	C:\Windows\SYSTEM32\dhcpcsvc.DLL
0x00007ff9d1de0000 - 0x00007ff9d1eac000 	C:\Windows\SYSTEM32\DNSAPI.dll

dbghelp: loaded successfully - version: 4.0.5 - missing functions: none
symbol engine: initialized successfully - sym options: 0x614 - pdb path: .;C:\Users\felip\OneDrive\Desktop\android-studio\jre\bin;C:\Windows\SYSTEM32;C:\Program Files\Avast Software\Avast;C:\Windows\WinSxS\amd64_microsoft.windows.common-controls_6595b64144ccf1df_6.0.19041.1110_none_60b5254171f9507e;C:\Users\felip\OneDrive\Desktop\android-studio\jre\bin\server;C:\Users\felip\.gradle\native\8bec1ad78214c89d9ad589b4d07fe93259594b29d510b10fafb7a158f7737e5d\windows-amd64;C:\Users\felip\.gradle\native\53dbd7edfb1c66fb8903c78663c9afc45aea4f116125fa6feffd364cf09443e8\windows-amd64

VM Arguments:
jvm_args: --add-opens=java.base/java.util=ALL-UNNAMED --add-opens=java.base/java.lang=ALL-UNNAMED --add-opens=java.base/java.lang.invoke=ALL-UNNAMED --add-opens=java.base/java.util=ALL-UNNAMED --add-opens=java.prefs/java.util.prefs=ALL-UNNAMED --add-opens=java.prefs/java.util.prefs=ALL-UNNAMED --add-opens=java.base/java.nio.charset=ALL-UNNAMED --add-opens=java.base/java.net=ALL-UNNAMED --add-opens=java.base/java.util.concurrent.atomic=ALL-UNNAMED -Xmx2048m -Dfile.encoding=UTF-8 -Duser.country=US -Duser.language=en -Duser.variant 
java_command: org.gradle.launcher.daemon.bootstrap.GradleDaemon 7.0.2
java_class_path (initial): C:\Users\felip\.gradle\wrapper\dists\gradle-7.0.2-bin\857tjihv64xamwrf0h14cai3r\gradle-7.0.2\lib\gradle-launcher-7.0.2.jar
Launcher Type: SUN_STANDARD

[Global flags]
     intx CICompilerCount                          = 2                                         {product} {ergonomic}
     uint ConcGCThreads                            = 1                                         {product} {ergonomic}
     uint G1ConcRefinementThreads                  = 2                                         {product} {ergonomic}
   size_t G1HeapRegionSize                         = 1048576                                   {product} {ergonomic}
    uintx GCDrainStackTargetSize                   = 64                                        {product} {ergonomic}
   size_t InitialHeapSize                          = 67108864                                  {product} {ergonomic}
   size_t MarkStackSize                            = 4194304                                   {product} {ergonomic}
   size_t MaxHeapSize                              = 2147483648                                {product} {command line}
   size_t MaxNewSize                               = 1287651328                                {product} {ergonomic}
   size_t MinHeapDeltaBytes                        = 1048576                                   {product} {ergonomic}
    uintx NonNMethodCodeHeapSize                   = 5825164                                {pd product} {ergonomic}
    uintx NonProfiledCodeHeapSize                  = 122916538                              {pd product} {ergonomic}
    uintx ProfiledCodeHeapSize                     = 122916538                              {pd product} {ergonomic}
    uintx ReservedCodeCacheSize                    = 251658240                              {pd product} {ergonomic}
     bool SegmentedCodeCache                       = true                                      {product} {ergonomic}
     bool UseCompressedClassPointers               = true                                 {lp64_product} {ergonomic}
     bool UseCompressedOops                        = true                                 {lp64_product} {ergonomic}
     bool UseG1GC                                  = true                                      {product} {ergonomic}
     bool UseLargePagesIndividualAllocation        = false                                  {pd product} {ergonomic}

Logging:
Log output configuration:
 #0: stdout all=warning uptime,level,tags
 #1: stderr all=off uptime,level,tags

Environment Variables:
PATH=C:\Program Files\Common Files\Oracle\Java\javapath;C:\Program Files (x86)\Common Files\Oracle\Java\javapath;C:\Windows\system32;C:\Windows;C:\Windows\System32\Wbem;C:\Windows\System32\WindowsPowerShell\v1.0\;C:\Windows\System32\OpenSSH\;C:\ProgramData\chocolatey\bin;C:\Program Files (x86)\Yarn\bin\;C:\Program Files\Git\cmd;C:\Program Files\nodejs\;C:\Users\felip\AppData\Local\Microsoft\WindowsApps;C:\Users\felip\AppData\Local\Programs\Microsoft VS Code\bin;C:\Users\felip\AppData\Local\Yarn\bin;C:\Users\felip\AppData\Local\GitHubDesktop\bin;C:\Users\felip\AppData\Roaming\npm
USERNAME=felip
OS=Windows_NT
PROCESSOR_IDENTIFIER=Intel64 Family 6 Model 23 Stepping 10, GenuineIntel



---------------  S Y S T E M  ---------------

OS: Windows 10 , 64 bit Build 19041 (10.0.19041.1202)
OS uptime: 13 days 22:22 hours

CPU:total 2 (initial active 2) (2 cores per cpu, 1 threads per core) family 6 model 23 stepping 10 microcode 0xa0c, cmov, cx8, fxsr, mmx, sse, sse2, sse3, ssse3, tsc

Memory: 4k page, system-wide physical 4061M (11M free)
TotalPageFile size 4061M (AvailPageFile size 4M)
current process WorkingSet (physical memory assigned to process): 162M, peak: 162M
current process commit charge ("private bytes"): 194M, peak: 194M

vm_info: OpenJDK 64-Bit Server VM (11.0.11+9-b60-7590822) for windows-amd64 JRE (11.0.11+9-b60-7590822), built on Jul 29 2021 21:43:44 by "builder" with MS VC++ 14.0 (VS2015)

END.
