#
# There is insufficient memory for the Java Runtime Environment to continue.
# Native memory allocation (mmap) failed to map 19922944 bytes for Failed to commit area from 0x00000000c5d00000 to 0x00000000c7000000 of length 19922944.
# Possible reasons:
#   The system is out of physical RAM or swap space
#   The process is running with CompressedOops enabled, and the Java Heap may be blocking the growth of the native heap
# Possible solutions:
#   Reduce memory load on the system
#   Increase physical memory or swap space
#   Check if swap backing store is full
#   Decrease Java heap size (-Xmx/-Xms)
#   Decrease number of Java threads
#   Decrease Java thread stack sizes (-Xss)
#   Set larger code cache with -XX:ReservedCodeCacheSize=
#   JVM is running with Unscaled Compressed Oops mode in which the Java heap is
#     placed in the first 4GB address space. The Java Heap base address is the
#     maximum limit for the native heap growth. Please use -XX:HeapBaseMinAddress
#     to set the Java Heap base and to place the Java Heap above 4GB virtual address.
# This output file may be truncated or incomplete.
#
#  Out of Memory Error (./src/hotspot/os/windows/os_windows.cpp:3301), pid=5012, tid=7856
#
# JRE version: OpenJDK Runtime Environment (11.0.11+9) (build 11.0.11+9-b60-7590822)
# Java VM: OpenJDK 64-Bit Server VM (11.0.11+9-b60-7590822, mixed mode, tiered, compressed oops, g1 gc, windows-amd64)
# No core dump will be written. Minidumps are not enabled by default on client versions of Windows
#

---------------  S U M M A R Y ------------

Command Line: --add-opens=java.base/java.util=ALL-UNNAMED --add-opens=java.base/java.lang=ALL-UNNAMED --add-opens=java.base/java.lang.invoke=ALL-UNNAMED --add-opens=java.base/java.util=ALL-UNNAMED --add-opens=java.prefs/java.util.prefs=ALL-UNNAMED --add-opens=java.prefs/java.util.prefs=ALL-UNNAMED --add-opens=java.base/java.nio.charset=ALL-UNNAMED --add-opens=java.base/java.net=ALL-UNNAMED --add-opens=java.base/java.util.concurrent.atomic=ALL-UNNAMED -Xmx1024m -Dfile.encoding=UTF-8 -Duser.country=US -Duser.language=en -Duser.variant org.gradle.launcher.daemon.bootstrap.GradleDaemon 7.0.2

Host: Celeron(R) Dual-Core CPU       T3500  @ 2.10GHz, 2 cores, 3G,  Windows 10 , 64 bit Build 19041 (10.0.19041.1202)
Time: Thu Nov  4 10:07:52 2021 E. South America Standard Time elapsed time: 23.490284 seconds (0d 0h 0m 23s)

---------------  T H R E A D  ---------------

Current thread (0x000002467f304800):  VMThread "VM Thread" [stack: 0x000000aa90700000,0x000000aa90800000] [id=7856]

Stack: [0x000000aa90700000,0x000000aa90800000]
[error occurred during error reporting (printing stack bounds), id 0xc0000005, EXCEPTION_ACCESS_VIOLATION (0xc0000005) at pc=0x0000024600000f3d]

Native frames: (J=compiled Java code, j=interpreted, Vv=VM code, C=native code)
V  [jvm.dll+0x5f214a]
V  [jvm.dll+0x726fb5]
V  [jvm.dll+0x7285cd]
V  [jvm.dll+0x728be5]
V  [jvm.dll+0x728b9b]
V  [jvm.dll+0x5f14e8]
V  [jvm.dll+0x5f1c78]
C  [ntdll.dll+0xa20cf]
C  [ntdll.dll+0x51454]
C  [ntdll.dll+0xa0bfe]
C  0x0000024600000f3d

VM_Operation (0x000000aa919f95c0): G1CollectForAllocation, mode: safepoint, requested by thread 0x000002467f7e2800


---------------  P R O C E S S  ---------------

Threads class SMR info:
_java_thread_list=0x0000024612a8ce00, length=33, elements={
0x00000246769a1000, 0x000002467f30a800, 0x000002467f314800, 0x000002467f325000,
0x000002467f36a800, 0x000002467f36c000, 0x000002467f373800, 0x000002467f375800,
0x000002467f3ad000, 0x000002467f5d6000, 0x000002461062d800, 0x000002461027e800,
0x00000246102a7000, 0x000002461061d000, 0x000002461061e000, 0x000002460f81f800,
0x000002467f7e2800, 0x000002460fbb7000, 0x0000024610968800, 0x000002461095c800,
0x000002461095b800, 0x000002461095d800, 0x000002461095e000, 0x000002461095a000,
0x000002461095f000, 0x0000024610959000, 0x000002461095f800, 0x000002461095b000,
0x00000246112a2000, 0x00000246112a3000, 0x000002461129f000, 0x00000246112a4800,
0x00000246112a4000
}

Java Threads: ( => current thread )
  0x00000246769a1000 JavaThread "main" [_thread_blocked, id=3132, stack(0x000000aa90000000,0x000000aa90100000)]
  0x000002467f30a800 JavaThread "Reference Handler" daemon [_thread_blocked, id=1484, stack(0x000000aa90800000,0x000000aa90900000)]
  0x000002467f314800 JavaThread "Finalizer" daemon [_thread_blocked, id=2284, stack(0x000000aa90900000,0x000000aa90a00000)]
  0x000002467f325000 JavaThread "Signal Dispatcher" daemon [_thread_blocked, id=2984, stack(0x000000aa90a00000,0x000000aa90b00000)]
  0x000002467f36a800 JavaThread "Attach Listener" daemon [_thread_blocked, id=6568, stack(0x000000aa90b00000,0x000000aa90c00000)]
  0x000002467f36c000 JavaThread "Service Thread" daemon [_thread_blocked, id=764, stack(0x000000aa90c00000,0x000000aa90d00000)]
  0x000002467f373800 JavaThread "C2 CompilerThread0" daemon [_thread_blocked, id=5348, stack(0x000000aa90d00000,0x000000aa90e00000)]
  0x000002467f375800 JavaThread "C1 CompilerThread0" daemon [_thread_blocked, id=2420, stack(0x000000aa90e00000,0x000000aa90f00000)]
  0x000002467f3ad000 JavaThread "Sweeper thread" daemon [_thread_blocked, id=6260, stack(0x000000aa90f00000,0x000000aa91000000)]
  0x000002467f5d6000 JavaThread "Common-Cleaner" daemon [_thread_blocked, id=7600, stack(0x000000aa91000000,0x000000aa91100000)]
  0x000002461062d800 JavaThread "Daemon health stats" [_thread_blocked, id=6656, stack(0x000000aa91300000,0x000000aa91400000)]
  0x000002461027e800 JavaThread "Incoming local TCP Connector on port 3552" [_thread_in_native, id=3264, stack(0x000000aa91400000,0x000000aa91500000)]
  0x00000246102a7000 JavaThread "Daemon periodic checks" [_thread_blocked, id=3656, stack(0x000000aa91500000,0x000000aa91600000)]
  0x000002461061d000 JavaThread "Daemon" [_thread_blocked, id=5988, stack(0x000000aa91600000,0x000000aa91700000)]
  0x000002461061e000 JavaThread "Handler for socket connection from /127.0.0.1:3552 to /127.0.0.1:3553" [_thread_in_native, id=2932, stack(0x000000aa91700000,0x000000aa91800000)]
  0x000002460f81f800 JavaThread "Cancel handler" [_thread_blocked, id=6788, stack(0x000000aa91800000,0x000000aa91900000)]
  0x000002467f7e2800 JavaThread "Daemon worker" [_thread_blocked, id=6784, stack(0x000000aa91900000,0x000000aa91a00000)]
  0x000002460fbb7000 JavaThread "Asynchronous log dispatcher for DefaultDaemonConnection: socket connection from /127.0.0.1:3552 to /127.0.0.1:3553" [_thread_blocked, id=7792, stack(0x000000aa91a00000,0x000000aa91b00000)]
  0x0000024610968800 JavaThread "Stdin handler" [_thread_blocked, id=7504, stack(0x000000aa91b00000,0x000000aa91c00000)]
  0x000002461095c800 JavaThread "Daemon client event forwarder" [_thread_blocked, id=7084, stack(0x000000aa91c00000,0x000000aa91d00000)]
  0x000002461095b800 JavaThread "Cache worker for file hash cache (C:\Users\felip\.gradle\caches\7.0.2\fileHashes)" [_thread_blocked, id=172, stack(0x000000aa91d00000,0x000000aa91e00000)]
  0x000002461095d800 JavaThread "File lock request listener" [_thread_in_native, id=3924, stack(0x000000aa91e00000,0x000000aa91f00000)]
  0x000002461095e000 JavaThread "Cache worker for journal cache (C:\Users\felip\.gradle\caches\journal-1)" [_thread_blocked, id=5216, stack(0x000000aa91f00000,0x000000aa92000000)]
  0x000002461095a000 JavaThread "Cache worker for file hash cache (C:\Users\felip\AndroidStudioProjects\VideoApp\.gradle\7.0.2\fileHashes)" [_thread_blocked, id=2176, stack(0x000000aa92000000,0x000000aa92100000)]
  0x000002461095f000 JavaThread "File watcher server" daemon [_thread_in_native, id=5044, stack(0x000000aa92100000,0x000000aa92200000)]
  0x0000024610959000 JavaThread "File watcher consumer" daemon [_thread_blocked, id=6068, stack(0x000000aa92200000,0x000000aa92300000)]
  0x000002461095f800 JavaThread "jar transforms" [_thread_blocked, id=272, stack(0x000000aa92300000,0x000000aa92400000)]
  0x000002461095b000 JavaThread "jar transforms Thread 2" [_thread_blocked, id=3092, stack(0x000000aa92400000,0x000000aa92500000)]
  0x00000246112a2000 JavaThread "Cache worker for checksums cache (C:\Users\felip\AndroidStudioProjects\VideoApp\.gradle\checksums)" [_thread_blocked, id=3596, stack(0x000000aa92500000,0x000000aa92600000)]
  0x00000246112a3000 JavaThread "Cache worker for cache directory md-supplier (C:\Users\felip\.gradle\caches\7.0.2\md-supplier)" [_thread_blocked, id=1356, stack(0x000000aa92600000,0x000000aa92700000)]
  0x000002461129f000 JavaThread "Cache worker for cache directory md-rule (C:\Users\felip\.gradle\caches\7.0.2\md-rule)" [_thread_blocked, id=7392, stack(0x000000aa92700000,0x000000aa92800000)]
  0x00000246112a4800 JavaThread "Cache worker for execution history cache (C:\Users\felip\.gradle\caches\7.0.2\executionHistory)" [_thread_blocked, id=5132, stack(0x000000aa92800000,0x000000aa92900000)]
  0x00000246112a4000 JavaThread "Cache worker for file content cache (C:\Users\felip\.gradle\caches\7.0.2\fileContent)" [_thread_blocked, id=1704, stack(0x000000aa92900000,0x000000aa92a00000)]

Other Threads:
=>0x000002467f304800 VMThread "VM Thread" [stack: 0x000000aa90700000,0x000000aa90800000] [id=7856]
  0x000002467f60c000 WatcherThread [stack: 0x000000aa91100000,0x000000aa91200000] [id=6576]
  0x00000246769bb800 GCTaskThread "GC Thread#0" [stack: 0x000000aa90200000,0x000000aa90300000] [id=6252]
  0x000002467f61b800 GCTaskThread "GC Thread#1" [stack: 0x000000aa91200000,0x000000aa91300000] [id=2944]
  0x00000246769d5000 ConcurrentGCThread "G1 Main Marker" [stack: 0x000000aa90300000,0x000000aa90400000] [id=7880]
  0x00000246769d6800 ConcurrentGCThread "G1 Conc#0" [stack: 0x000000aa90400000,0x000000aa90500000] [id=5896]
  0x0000024676a25000 ConcurrentGCThread "G1 Refine#0" [stack: 0x000000aa90500000,0x000000aa90600000] [id=5400]
  0x0000024676a26000 ConcurrentGCThread "G1 Young RemSet Sampling" [stack: 0x000000aa90600000,0x000000aa90700000] [id=3932]

Threads with active compile tasks:
C2 CompilerThread0  23615 4663       4       java.util.regex.Pattern::compile (498 bytes)

VM state:at safepoint (normal execution)

VM Mutex/Monitor currently owned by a thread:  ([mutex/lock_event])
[0x000002467699bf00] Threads_lock - owner thread: 0x000002467f304800
[0x000002467699ce30] Heap_lock - owner thread: 0x000002467f7e2800

Heap address: 0x00000000c0000000, size: 1024 MB, Compressed Oops mode: 32-bit
Narrow klass base: 0x0000000000000000, Narrow klass shift: 3
Compressed class space size: 1073741824 Address: 0x0000000100000000

Heap:
 garbage-first heap   total 114688K, used 43977K [0x00000000c0000000, 0x0000000100000000)
  region size 1024K, 4 young (4096K), 4 survivors (4096K)
 Metaspace       used 47461K, capacity 48824K, committed 48896K, reserved 1091584K
  class space    used 6120K, capacity 6589K, committed 6656K, reserved 1048576K
Heap Regions: E=young(eden), S=young(survivor), O=old, HS=humongous(starts), HC=humongous(continues), CS=collection set, F=free, A=archive, TAMS=top-at-mark-start (previous, next)
|   0|0x00000000c0000000, 0x00000000c0100000, 0x00000000c0100000|100%| O|  |TAMS 0x00000000c0100000, 0x00000000c0000000| Untracked 
|   1|0x00000000c0100000, 0x00000000c0200000, 0x00000000c0200000|100%| O|  |TAMS 0x00000000c0200000, 0x00000000c0100000| Untracked 
|   2|0x00000000c0200000, 0x00000000c0300000, 0x00000000c0300000|100%| O|  |TAMS 0x00000000c0300000, 0x00000000c0200000| Untracked 
|   3|0x00000000c0300000, 0x00000000c0400000, 0x00000000c0400000|100%| O|  |TAMS 0x00000000c0400000, 0x00000000c0300000| Untracked 
|   4|0x00000000c0400000, 0x00000000c0500000, 0x00000000c0500000|100%|HS|  |TAMS 0x00000000c0500000, 0x00000000c0400000| Complete 
|   5|0x00000000c0500000, 0x00000000c0600000, 0x00000000c0600000|100%|HC|  |TAMS 0x00000000c0600000, 0x00000000c0500000| Complete 
|   6|0x00000000c0600000, 0x00000000c0700000, 0x00000000c0700000|100%|HC|  |TAMS 0x00000000c0700000, 0x00000000c0600000| Complete 
|   7|0x00000000c0700000, 0x00000000c0800000, 0x00000000c0800000|100%| O|  |TAMS 0x00000000c0800000, 0x00000000c0700000| Untracked 
|   8|0x00000000c0800000, 0x00000000c0900000, 0x00000000c0900000|100%| O|  |TAMS 0x00000000c0900000, 0x00000000c0800000| Untracked 
|   9|0x00000000c0900000, 0x00000000c0a00000, 0x00000000c0a00000|100%| O|  |TAMS 0x00000000c0a00000, 0x00000000c0900000| Untracked 
|  10|0x00000000c0a00000, 0x00000000c0b00000, 0x00000000c0b00000|100%| O|  |TAMS 0x00000000c0b00000, 0x00000000c0a00000| Untracked 
|  11|0x00000000c0b00000, 0x00000000c0c00000, 0x00000000c0c00000|100%| O|  |TAMS 0x00000000c0c00000, 0x00000000c0b00000| Untracked 
|  12|0x00000000c0c00000, 0x00000000c0d00000, 0x00000000c0d00000|100%| O|  |TAMS 0x00000000c0d00000, 0x00000000c0c00000| Untracked 
|  13|0x00000000c0d00000, 0x00000000c0e00000, 0x00000000c0e00000|100%| O|  |TAMS 0x00000000c0e00000, 0x00000000c0d00000| Untracked 
|  14|0x00000000c0e00000, 0x00000000c0f00000, 0x00000000c0f00000|100%| O|  |TAMS 0x00000000c0f00000, 0x00000000c0e00000| Untracked 
|  15|0x00000000c0f00000, 0x00000000c1000000, 0x00000000c1000000|100%| O|  |TAMS 0x00000000c1000000, 0x00000000c0f00000| Untracked 
|  16|0x00000000c1000000, 0x00000000c1100000, 0x00000000c1100000|100%|HS|  |TAMS 0x00000000c1100000, 0x00000000c1000000| Complete 
|  17|0x00000000c1100000, 0x00000000c1200000, 0x00000000c1200000|100%|HC|  |TAMS 0x00000000c1200000, 0x00000000c1100000| Complete 
|  18|0x00000000c1200000, 0x00000000c1300000, 0x00000000c1300000|100%|HS|  |TAMS 0x00000000c1300000, 0x00000000c1200000| Complete 
|  19|0x00000000c1300000, 0x00000000c1400000, 0x00000000c1400000|100%|HC|  |TAMS 0x00000000c1400000, 0x00000000c1300000| Complete 
|  20|0x00000000c1400000, 0x00000000c1500000, 0x00000000c1500000|100%|HC|  |TAMS 0x00000000c1500000, 0x00000000c1400000| Complete 
|  21|0x00000000c1500000, 0x00000000c1600000, 0x00000000c1600000|100%|HS|  |TAMS 0x00000000c1600000, 0x00000000c1500000| Complete 
|  22|0x00000000c1600000, 0x00000000c1700000, 0x00000000c1700000|100%|HC|  |TAMS 0x00000000c1700000, 0x00000000c1600000| Complete 
|  23|0x00000000c1700000, 0x00000000c1800000, 0x00000000c1800000|100%|HC|  |TAMS 0x00000000c1800000, 0x00000000c1700000| Complete 
|  24|0x00000000c1800000, 0x00000000c1900000, 0x00000000c1900000|100%|HC|  |TAMS 0x00000000c1900000, 0x00000000c1800000| Complete 
|  25|0x00000000c1900000, 0x00000000c1a00000, 0x00000000c1a00000|100%| O|  |TAMS 0x00000000c1a00000, 0x00000000c1900000| Untracked 
|  26|0x00000000c1a00000, 0x00000000c1b00000, 0x00000000c1b00000|100%| O|  |TAMS 0x00000000c1b00000, 0x00000000c1a00000| Untracked 
|  27|0x00000000c1b00000, 0x00000000c1c00000, 0x00000000c1c00000|100%| O|  |TAMS 0x00000000c1c00000, 0x00000000c1b00000| Untracked 
|  28|0x00000000c1c00000, 0x00000000c1d00000, 0x00000000c1d00000|100%| O|  |TAMS 0x00000000c1d00000, 0x00000000c1c00000| Untracked 
|  29|0x00000000c1d00000, 0x00000000c1e00000, 0x00000000c1e00000|100%| O|  |TAMS 0x00000000c1e00000, 0x00000000c1d00000| Untracked 
|  30|0x00000000c1e00000, 0x00000000c1f00000, 0x00000000c1f00000|100%| O|  |TAMS 0x00000000c1e00000, 0x00000000c1e00000| Untracked 
|  31|0x00000000c1f00000, 0x00000000c2000000, 0x00000000c2000000|100%| O|  |TAMS 0x00000000c1f00000, 0x00000000c1f00000| Untracked 
|  32|0x00000000c2000000, 0x00000000c2100000, 0x00000000c2100000|100%| O|  |TAMS 0x00000000c2000000, 0x00000000c2000000| Untracked 
|  33|0x00000000c2100000, 0x00000000c2200000, 0x00000000c2200000|100%| O|  |TAMS 0x00000000c2100000, 0x00000000c2100000| Untracked 
|  34|0x00000000c2200000, 0x00000000c2300000, 0x00000000c2300000|100%| O|  |TAMS 0x00000000c2200000, 0x00000000c2200000| Untracked 
|  35|0x00000000c2300000, 0x00000000c2400000, 0x00000000c2400000|100%| O|  |TAMS 0x00000000c2300000, 0x00000000c2300000| Untracked 
|  36|0x00000000c2400000, 0x00000000c2500000, 0x00000000c2500000|100%| O|  |TAMS 0x00000000c2400000, 0x00000000c2400000| Untracked 
|  37|0x00000000c2500000, 0x00000000c2600000, 0x00000000c2600000|100%| O|  |TAMS 0x00000000c2500000, 0x00000000c2500000| Untracked 
|  38|0x00000000c2600000, 0x00000000c2700000, 0x00000000c2700000|100%| O|  |TAMS 0x00000000c2600000, 0x00000000c2600000| Untracked 
|  39|0x00000000c2700000, 0x00000000c2790c00, 0x00000000c2800000| 56%| O|  |TAMS 0x00000000c2700000, 0x00000000c2700000| Untracked 
|  40|0x00000000c2800000, 0x00000000c2800000, 0x00000000c2900000|  0%| F|  |TAMS 0x00000000c2800000, 0x00000000c2800000| Untracked 
|  41|0x00000000c2900000, 0x00000000c2900000, 0x00000000c2a00000|  0%| F|  |TAMS 0x00000000c2900000, 0x00000000c2900000| Untracked 
|  42|0x00000000c2a00000, 0x00000000c2a00000, 0x00000000c2b00000|  0%| F|  |TAMS 0x00000000c2a00000, 0x00000000c2a00000| Untracked 
|  43|0x00000000c2b00000, 0x00000000c2b00000, 0x00000000c2c00000|  0%| F|  |TAMS 0x00000000c2b00000, 0x00000000c2b00000| Untracked 
|  44|0x00000000c2c00000, 0x00000000c2c00000, 0x00000000c2d00000|  0%| F|  |TAMS 0x00000000c2c00000, 0x00000000c2c00000| Untracked 
|  45|0x00000000c2d00000, 0x00000000c2d00000, 0x00000000c2e00000|  0%| F|  |TAMS 0x00000000c2d00000, 0x00000000c2d00000| Untracked 
|  46|0x00000000c2e00000, 0x00000000c2e00000, 0x00000000c2f00000|  0%| F|  |TAMS 0x00000000c2e00000, 0x00000000c2e00000| Untracked 
|  47|0x00000000c2f00000, 0x00000000c2f00000, 0x00000000c3000000|  0%| F|  |TAMS 0x00000000c2f00000, 0x00000000c2f00000| Untracked 
|  48|0x00000000c3000000, 0x00000000c3000000, 0x00000000c3100000|  0%| F|  |TAMS 0x00000000c3000000, 0x00000000c3000000| Untracked 
|  49|0x00000000c3100000, 0x00000000c3100000, 0x00000000c3200000|  0%| F|  |TAMS 0x00000000c3100000, 0x00000000c3100000| Untracked 
|  50|0x00000000c3200000, 0x00000000c3200000, 0x00000000c3300000|  0%| F|  |TAMS 0x00000000c3200000, 0x00000000c3200000| Untracked 
|  51|0x00000000c3300000, 0x00000000c3300000, 0x00000000c3400000|  0%| F|  |TAMS 0x00000000c3300000, 0x00000000c3300000| Untracked 
|  52|0x00000000c3400000, 0x00000000c3400000, 0x00000000c3500000|  0%| F|  |TAMS 0x00000000c3400000, 0x00000000c3400000| Untracked 
|  53|0x00000000c3500000, 0x00000000c3500000, 0x00000000c3600000|  0%| F|  |TAMS 0x00000000c3500000, 0x00000000c3500000| Untracked 
|  54|0x00000000c3600000, 0x00000000c3600000, 0x00000000c3700000|  0%| F|  |TAMS 0x00000000c3600000, 0x00000000c3600000| Untracked 
|  55|0x00000000c3700000, 0x00000000c3700000, 0x00000000c3800000|  0%| F|  |TAMS 0x00000000c3700000, 0x00000000c3700000| Untracked 
|  56|0x00000000c3800000, 0x00000000c3800000, 0x00000000c3900000|  0%| F|  |TAMS 0x00000000c3800000, 0x00000000c3800000| Untracked 
|  57|0x00000000c3900000, 0x00000000c3961b80, 0x00000000c3a00000| 38%| S|CS|TAMS 0x00000000c3900000, 0x00000000c3900000| Complete 
|  58|0x00000000c3a00000, 0x00000000c3a00000, 0x00000000c3b00000|  0%| F|  |TAMS 0x00000000c3a00000, 0x00000000c3a00000| Untracked 
|  59|0x00000000c3b00000, 0x00000000c3b00000, 0x00000000c3c00000|  0%| F|  |TAMS 0x00000000c3b00000, 0x00000000c3b00000| Untracked 
|  60|0x00000000c3c00000, 0x00000000c3d00000, 0x00000000c3d00000|100%| S|CS|TAMS 0x00000000c3c00000, 0x00000000c3c00000| Complete 
|  61|0x00000000c3d00000, 0x00000000c3e00000, 0x00000000c3e00000|100%| S|CS|TAMS 0x00000000c3d00000, 0x00000000c3d00000| Complete 
|  62|0x00000000c3e00000, 0x00000000c3f00000, 0x00000000c3f00000|100%| S|CS|TAMS 0x00000000c3e00000, 0x00000000c3e00000| Complete 
|  63|0x00000000c3f00000, 0x00000000c3f00000, 0x00000000c4000000|  0%| F|  |TAMS 0x00000000c3f00000, 0x00000000c3f00000| Untracked 
|  64|0x00000000c4000000, 0x00000000c4000000, 0x00000000c4100000|  0%| F|  |TAMS 0x00000000c4000000, 0x00000000c4000000| Untracked 
|  65|0x00000000c4100000, 0x00000000c4100000, 0x00000000c4200000|  0%| F|  |TAMS 0x00000000c4100000, 0x00000000c4100000| Untracked 
|  66|0x00000000c4200000, 0x00000000c4200000, 0x00000000c4300000|  0%| F|  |TAMS 0x00000000c4200000, 0x00000000c4200000| Untracked 
|  67|0x00000000c4300000, 0x00000000c4300000, 0x00000000c4400000|  0%| F|  |TAMS 0x00000000c4300000, 0x00000000c4300000| Untracked 
|  68|0x00000000c4400000, 0x00000000c4400000, 0x00000000c4500000|  0%| F|  |TAMS 0x00000000c4400000, 0x00000000c4400000| Untracked 
|  69|0x00000000c4500000, 0x00000000c4500000, 0x00000000c4600000|  0%| F|  |TAMS 0x00000000c4500000, 0x00000000c4500000| Untracked 
|  70|0x00000000c4600000, 0x00000000c4600000, 0x00000000c4700000|  0%| F|  |TAMS 0x00000000c4600000, 0x00000000c4600000| Untracked 
|  71|0x00000000c4700000, 0x00000000c4700000, 0x00000000c4800000|  0%| F|  |TAMS 0x00000000c4700000, 0x00000000c4700000| Untracked 
|  72|0x00000000c4800000, 0x00000000c4800000, 0x00000000c4900000|  0%| F|  |TAMS 0x00000000c4800000, 0x00000000c4800000| Untracked 
|  73|0x00000000c4900000, 0x00000000c4900000, 0x00000000c4a00000|  0%| F|  |TAMS 0x00000000c4900000, 0x00000000c4900000| Untracked 
|  74|0x00000000c4a00000, 0x00000000c4a00000, 0x00000000c4b00000|  0%| F|  |TAMS 0x00000000c4a00000, 0x00000000c4a00000| Untracked 
|  75|0x00000000c4b00000, 0x00000000c4b00000, 0x00000000c4c00000|  0%| F|  |TAMS 0x00000000c4b00000, 0x00000000c4b00000| Untracked 
|  76|0x00000000c4c00000, 0x00000000c4c00000, 0x00000000c4d00000|  0%| F|  |TAMS 0x00000000c4c00000, 0x00000000c4c00000| Untracked 
|  77|0x00000000c4d00000, 0x00000000c4d00000, 0x00000000c4e00000|  0%| F|  |TAMS 0x00000000c4d00000, 0x00000000c4d00000| Untracked 
|  78|0x00000000c4e00000, 0x00000000c4e00000, 0x00000000c4f00000|  0%| F|  |TAMS 0x00000000c4e00000, 0x00000000c4e00000| Untracked 
|  79|0x00000000c4f00000, 0x00000000c4f00000, 0x00000000c5000000|  0%| F|  |TAMS 0x00000000c4f00000, 0x00000000c4f00000| Untracked 
|  80|0x00000000c5000000, 0x00000000c5000000, 0x00000000c5100000|  0%| F|  |TAMS 0x00000000c5000000, 0x00000000c5000000| Untracked 
|  81|0x00000000c5100000, 0x00000000c5100000, 0x00000000c5200000|  0%| F|  |TAMS 0x00000000c5100000, 0x00000000c5100000| Untracked 
|  82|0x00000000c5200000, 0x00000000c5200000, 0x00000000c5300000|  0%| F|  |TAMS 0x00000000c5200000, 0x00000000c5200000| Untracked 
|  83|0x00000000c5300000, 0x00000000c5300000, 0x00000000c5400000|  0%| F|  |TAMS 0x00000000c5300000, 0x00000000c5300000| Untracked 
|  84|0x00000000c5400000, 0x00000000c5400000, 0x00000000c5500000|  0%| F|  |TAMS 0x00000000c5400000, 0x00000000c5400000| Untracked 
|  85|0x00000000c5500000, 0x00000000c5500000, 0x00000000c5600000|  0%| F|  |TAMS 0x00000000c5500000, 0x00000000c5500000| Untracked 
|  86|0x00000000c5600000, 0x00000000c5600000, 0x00000000c5700000|  0%| F|  |TAMS 0x00000000c5600000, 0x00000000c5600000| Untracked 
|  87|0x00000000c5700000, 0x00000000c5700000, 0x00000000c5800000|  0%| F|  |TAMS 0x00000000c5700000, 0x00000000c5700000| Untracked 
|  88|0x00000000c5800000, 0x00000000c5800000, 0x00000000c5900000|  0%| F|  |TAMS 0x00000000c5800000, 0x00000000c5800000| Untracked 
|  89|0x00000000c5900000, 0x00000000c5900000, 0x00000000c5a00000|  0%| F|  |TAMS 0x00000000c5900000, 0x00000000c5900000| Untracked 
|  90|0x00000000c5a00000, 0x00000000c5a00000, 0x00000000c5b00000|  0%| F|  |TAMS 0x00000000c5a00000, 0x00000000c5a00000| Untracked 
|  91|0x00000000c5b00000, 0x00000000c5b00000, 0x00000000c5c00000|  0%| F|  |TAMS 0x00000000c5b00000, 0x00000000c5b00000| Untracked 
|  92|0x00000000c5c00000, 0x00000000c5c00000, 0x00000000c5d00000|  0%| F|  |TAMS 0x00000000c5c00000, 0x00000000c5c00000| Untracked 

Card table byte_map: [0x000002467a4a0000,0x000002467a6a0000] _byte_map_base: 0x0000024679ea0000

Marking Bits (Prev, Next): (CMBitMap*) 0x00000246769d0118, (CMBitMap*) 0x00000246769d0150
 Prev Bits: [0x000002467a8a0000, 0x000002467b8a0000)
 Next Bits: [0x000002467b8a0000, 0x000002467c8a0000)

Polling page: 0x0000024676180000

Metaspace:

Usage:
  Non-class:     41.25 MB capacity,    40.37 MB ( 98%) used,   769.41 KB (  2%) free+waste,   124.56 KB ( <1%) overhead. 
      Class:      6.43 MB capacity,     5.98 MB ( 93%) used,   408.98 KB (  6%) free+waste,    59.81 KB ( <1%) overhead. 
       Both:     47.68 MB capacity,    46.35 MB ( 97%) used,     1.15 MB (  2%) free+waste,   184.38 KB ( <1%) overhead. 

Virtual space:
  Non-class space:       42.00 MB reserved,      41.25 MB ( 98%) committed 
      Class space:        1.00 GB reserved,       6.50 MB ( <1%) committed 
             Both:        1.04 GB reserved,      47.75 MB (  4%) committed 

Chunk freelists:
   Non-Class:  5.00 KB
       Class:  3.00 KB
        Both:  8.00 KB

MaxMetaspaceSize: 17179869184.00 GB
CompressedClassSpaceSize: 1.00 GB

CodeHeap 'non-profiled nmethods': size=120064Kb used=2117Kb max_used=2117Kb free=117946Kb
 bounds [0x0000024607ac0000, 0x0000024607d30000, 0x000002460f000000]
CodeHeap 'profiled nmethods': size=120000Kb used=10062Kb max_used=10062Kb free=109937Kb
 bounds [0x0000024600590000, 0x0000024600f70000, 0x0000024607ac0000]
CodeHeap 'non-nmethods': size=5696Kb used=2206Kb max_used=2233Kb free=3489Kb
 bounds [0x0000024600000000, 0x0000024600270000, 0x0000024600590000]
 total_blobs=5443 nmethods=4651 adapters=704
 compilation: enabled
              stopped_count=0, restarted_count=0
 full_count=0

Compilation events (20 events):
Event: 23.392 Thread 0x000002467f375800 4671       3       org.objectweb.asm.ClassReader::readInt (52 bytes)
Event: 23.392 Thread 0x000002467f375800 nmethod 4671 0x0000024600f61410 code [0x0000024600f615c0, 0x0000024600f61798]
Event: 23.393 Thread 0x000002467f375800 4673       3       org.objectweb.asm.ClassReader::readClass (7 bytes)
Event: 23.394 Thread 0x000002467f375800 nmethod 4673 0x0000024600f61910 code [0x0000024600f61b00, 0x0000024600f61f48]
Event: 23.395 Thread 0x000002467f375800 4674       3       org.gradle.internal.classpath.InstrumentingBackwardsCompatibilityVisitor::fixInternalNameForBackwardCompatibility (55 bytes)
Event: 23.396 Thread 0x000002467f375800 nmethod 4674 0x0000024600f62190 code [0x0000024600f623c0, 0x0000024600f62bb8]
Event: 23.397 Thread 0x000002467f375800 4675       1       org.apache.tools.zip.ZipOutputStream$CurrentEntry::access$000 (5 bytes)
Event: 23.397 Thread 0x000002467f375800 nmethod 4675 0x0000024607cd0a10 code [0x0000024607cd0bc0, 0x0000024607cd0c58]
Event: 23.397 Thread 0x000002467f375800 4676       1       java.util.zip.Deflater$DeflaterZStreamRef::address (5 bytes)
Event: 23.398 Thread 0x000002467f375800 nmethod 4676 0x0000024607cd0d10 code [0x0000024607cd0ec0, 0x0000024607cd0f78]
Event: 23.401 Thread 0x000002467f375800 4677       3       org.objectweb.asm.ByteVector::enlarge (51 bytes)
Event: 23.402 Thread 0x000002467f375800 nmethod 4677 0x0000024600f62e90 code [0x0000024600f63060, 0x0000024600f63368]
Event: 23.403 Thread 0x000002467f375800 4678       3       org.gradle.internal.classpath.InstrumentingBackwardsCompatibilityVisitor::access$000 (5 bytes)
Event: 23.404 Thread 0x000002467f375800 nmethod 4678 0x0000024600f63490 code [0x0000024600f63640, 0x0000024600f63748]
Event: 23.404 Thread 0x000002467f375800 4679       3       org.gradle.internal.classpath.InstrumentingBackwardsCompatibilityVisitor::access$100 (5 bytes)
Event: 23.404 Thread 0x000002467f375800 nmethod 4679 0x0000024600f63810 code [0x0000024600f639c0, 0x0000024600f63ac8]
Event: 23.428 Thread 0x000002467f375800 4681       1       org.codehaus.groovy.reflection.stdclasses.ObjectCachedClass::isAssignableFrom (2 bytes)
Event: 23.429 Thread 0x000002467f375800 nmethod 4681 0x0000024607cd1010 code [0x0000024607cd11c0, 0x0000024607cd1278]
Event: 23.431 Thread 0x000002467f375800 4682       1       org.codehaus.groovy.runtime.metaclass.NewStaticMetaMethod::getModifiers (3 bytes)
Event: 23.431 Thread 0x000002467f375800 nmethod 4682 0x0000024607cd1310 code [0x0000024607cd14c0, 0x0000024607cd1578]

GC Heap History (20 events):
Event: 11.946 GC heap after
{Heap after GC invocations=9 (full 0):
 garbage-first heap   total 78848K, used 24887K [0x00000000c0000000, 0x0000000100000000)
  region size 1024K, 4 young (4096K), 4 survivors (4096K)
 Metaspace       used 26154K, capacity 26855K, committed 27008K, reserved 1073152K
  class space    used 3416K, capacity 3686K, committed 3712K, reserved 1048576K
}
Event: 13.057 GC heap before
{Heap before GC invocations=9 (full 0):
 garbage-first heap   total 78848K, used 53559K [0x00000000c0000000, 0x0000000100000000)
  region size 1024K, 29 young (29696K), 4 survivors (4096K)
 Metaspace       used 28247K, capacity 29108K, committed 29184K, reserved 1075200K
  class space    used 3740K, capacity 4033K, committed 4096K, reserved 1048576K
}
Event: 13.097 GC heap after
{Heap after GC invocations=10 (full 0):
 garbage-first heap   total 78848K, used 31171K [0x00000000c0000000, 0x0000000100000000)
  region size 1024K, 2 young (2048K), 2 survivors (2048K)
 Metaspace       used 28247K, capacity 29108K, committed 29184K, reserved 1075200K
  class space    used 3740K, capacity 4033K, committed 4096K, reserved 1048576K
}
Event: 14.228 GC heap before
{Heap before GC invocations=10 (full 0):
 garbage-first heap   total 78848K, used 55747K [0x00000000c0000000, 0x0000000100000000)
  region size 1024K, 26 young (26624K), 2 survivors (2048K)
 Metaspace       used 31411K, capacity 32302K, committed 32512K, reserved 1077248K
  class space    used 4235K, capacity 4564K, committed 4608K, reserved 1048576K
}
Event: 14.238 GC heap after
{Heap after GC invocations=11 (full 0):
 garbage-first heap   total 78848K, used 31833K [0x00000000c0000000, 0x0000000100000000)
  region size 1024K, 3 young (3072K), 3 survivors (3072K)
 Metaspace       used 31411K, capacity 32302K, committed 32512K, reserved 1077248K
  class space    used 4235K, capacity 4564K, committed 4608K, reserved 1048576K
}
Event: 15.376 GC heap before
{Heap before GC invocations=11 (full 0):
 garbage-first heap   total 78848K, used 41049K [0x00000000c0000000, 0x0000000100000000)
  region size 1024K, 13 young (13312K), 3 survivors (3072K)
 Metaspace       used 34955K, capacity 35888K, committed 35968K, reserved 1081344K
  class space    used 4564K, capacity 4929K, committed 4992K, reserved 1048576K
}
Event: 15.399 GC heap after
{Heap after GC invocations=12 (full 0):
 garbage-first heap   total 78848K, used 33169K [0x00000000c0000000, 0x0000000100000000)
  region size 1024K, 3 young (3072K), 3 survivors (3072K)
 Metaspace       used 34955K, capacity 35888K, committed 35968K, reserved 1081344K
  class space    used 4564K, capacity 4929K, committed 4992K, reserved 1048576K
}
Event: 16.511 GC heap before
{Heap before GC invocations=13 (full 0):
 garbage-first heap   total 78848K, used 54673K [0x00000000c0000000, 0x0000000100000000)
  region size 1024K, 25 young (25600K), 3 survivors (3072K)
 Metaspace       used 37383K, capacity 38382K, committed 38528K, reserved 1083392K
  class space    used 4837K, capacity 5205K, committed 5248K, reserved 1048576K
}
Event: 16.536 GC heap after
{Heap after GC invocations=14 (full 0):
 garbage-first heap   total 78848K, used 36307K [0x00000000c0000000, 0x0000000100000000)
  region size 1024K, 4 young (4096K), 4 survivors (4096K)
 Metaspace       used 37383K, capacity 38382K, committed 38528K, reserved 1083392K
  class space    used 4837K, capacity 5205K, committed 5248K, reserved 1048576K
}
Event: 17.586 GC heap before
{Heap before GC invocations=14 (full 0):
 garbage-first heap   total 78848K, used 59859K [0x00000000c0000000, 0x0000000100000000)
  region size 1024K, 25 young (25600K), 4 survivors (4096K)
 Metaspace       used 39499K, capacity 40501K, committed 40704K, reserved 1085440K
  class space    used 4988K, capacity 5332K, committed 5376K, reserved 1048576K
}
Event: 17.608 GC heap after
{Heap after GC invocations=15 (full 0):
 garbage-first heap   total 95232K, used 37618K [0x00000000c0000000, 0x0000000100000000)
  region size 1024K, 2 young (2048K), 2 survivors (2048K)
 Metaspace       used 39499K, capacity 40501K, committed 40704K, reserved 1085440K
  class space    used 4988K, capacity 5332K, committed 5376K, reserved 1048576K
}
Event: 18.841 GC heap before
{Heap before GC invocations=15 (full 0):
 garbage-first heap   total 95232K, used 66290K [0x00000000c0000000, 0x0000000100000000)
  region size 1024K, 30 young (30720K), 2 survivors (2048K)
 Metaspace       used 41884K, capacity 42997K, committed 43136K, reserved 1087488K
  class space    used 5350K, capacity 5741K, committed 5760K, reserved 1048576K
}
Event: 18.854 GC heap after
{Heap after GC invocations=16 (full 0):
 garbage-first heap   total 95232K, used 38647K [0x00000000c0000000, 0x0000000100000000)
  region size 1024K, 3 young (3072K), 3 survivors (3072K)
 Metaspace       used 41884K, capacity 42997K, committed 43136K, reserved 1087488K
  class space    used 5350K, capacity 5741K, committed 5760K, reserved 1048576K
}
Event: 20.478 GC heap before
{Heap before GC invocations=16 (full 0):
 garbage-first heap   total 95232K, used 67319K [0x00000000c0000000, 0x0000000100000000)
  region size 1024K, 32 young (32768K), 3 survivors (3072K)
 Metaspace       used 45064K, capacity 46274K, committed 46592K, reserved 1089536K
  class space    used 5875K, capacity 6299K, committed 6400K, reserved 1048576K
}
Event: 20.502 GC heap after
{Heap after GC invocations=17 (full 0):
 garbage-first heap   total 95232K, used 40720K [0x00000000c0000000, 0x0000000100000000)
  region size 1024K, 4 young (4096K), 4 survivors (4096K)
 Metaspace       used 45064K, capacity 46274K, committed 46592K, reserved 1089536K
  class space    used 5875K, capacity 6299K, committed 6400K, reserved 1048576K
}
Event: 21.062 GC heap before
{Heap before GC invocations=17 (full 0):
 garbage-first heap   total 95232K, used 69392K [0x00000000c0000000, 0x0000000100000000)
  region size 1024K, 32 young (32768K), 4 survivors (4096K)
 Metaspace       used 45208K, capacity 46402K, committed 46592K, reserved 1089536K
  class space    used 5878K, capacity 6299K, committed 6400K, reserved 1048576K
}
Event: 21.084 GC heap after
{Heap after GC invocations=18 (full 0):
 garbage-first heap   total 95232K, used 41686K [0x00000000c0000000, 0x0000000100000000)
  region size 1024K, 3 young (3072K), 3 survivors (3072K)
 Metaspace       used 45208K, capacity 46402K, committed 46592K, reserved 1089536K
  class space    used 5878K, capacity 6299K, committed 6400K, reserved 1048576K
}
Event: 21.420 GC heap before
{Heap before GC invocations=18 (full 0):
 garbage-first heap   total 95232K, used 72406K [0x00000000c0000000, 0x0000000100000000)
  region size 1024K, 33 young (33792K), 3 survivors (3072K)
 Metaspace       used 45231K, capacity 46405K, committed 46592K, reserved 1089536K
  class space    used 5878K, capacity 6299K, committed 6400K, reserved 1048576K
}
Event: 21.440 GC heap after
{Heap after GC invocations=19 (full 0):
 garbage-first heap   total 95232K, used 42371K [0x00000000c0000000, 0x0000000100000000)
  region size 1024K, 2 young (2048K), 2 survivors (2048K)
 Metaspace       used 45231K, capacity 46405K, committed 46592K, reserved 1089536K
  class space    used 5878K, capacity 6299K, committed 6400K, reserved 1048576K
}
Event: 23.432 GC heap before
{Heap before GC invocations=19 (full 0):
 garbage-first heap   total 95232K, used 73091K [0x00000000c0000000, 0x0000000100000000)
  region size 1024K, 32 young (32768K), 2 survivors (2048K)
 Metaspace       used 47461K, capacity 48824K, committed 48896K, reserved 1091584K
  class space    used 6120K, capacity 6589K, committed 6656K, reserved 1048576K
}

Deoptimization events (20 events):
Event: 22.127 Thread 0x000002467f7e2800 Uncommon trap: trap_request=0xffffffc6 fr.pc=0x0000024607bd6204 relative=0x0000000000004b24
Event: 22.127 Thread 0x000002467f7e2800 Uncommon trap: reason=bimorphic_or_optimized_type_check action=maybe_recompile pc=0x0000024607bd6204 method=java.net.URL.<init>(Ljava/net/URL;Ljava/lang/String;Ljava/net/URLStreamHandler;)V @ 504 c2
Event: 22.127 Thread 0x000002467f7e2800 DEOPT PACKING pc=0x0000024607bd6204 sp=0x000000aa919f8970
Event: 22.127 Thread 0x000002467f7e2800 DEOPT UNPACKING pc=0x0000024600026029 sp=0x000000aa919f8910 mode 2
Event: 23.009 Thread 0x000002467f7e2800 Uncommon trap: trap_request=0xffffffde fr.pc=0x0000024607ae5774 relative=0x0000000000000154
Event: 23.009 Thread 0x000002467f7e2800 Uncommon trap: reason=class_check action=maybe_recompile pc=0x0000024607ae5774 method=java.lang.String.equals(Ljava/lang/Object;)Z @ 8 c2
Event: 23.009 Thread 0x000002467f7e2800 DEOPT PACKING pc=0x0000024607ae5774 sp=0x000000aa919f8500
Event: 23.009 Thread 0x000002467f7e2800 DEOPT UNPACKING pc=0x0000024600026029 sp=0x000000aa919f8498 mode 2
Event: 23.009 Thread 0x000002467f7e2800 Uncommon trap: trap_request=0xffffffde fr.pc=0x0000024607ae5774 relative=0x0000000000000154
Event: 23.009 Thread 0x000002467f7e2800 Uncommon trap: reason=class_check action=maybe_recompile pc=0x0000024607ae5774 method=java.lang.String.equals(Ljava/lang/Object;)Z @ 8 c2
Event: 23.009 Thread 0x000002467f7e2800 DEOPT PACKING pc=0x0000024607ae5774 sp=0x000000aa919f8500
Event: 23.009 Thread 0x000002467f7e2800 DEOPT UNPACKING pc=0x0000024600026029 sp=0x000000aa919f8498 mode 2
Event: 23.009 Thread 0x000002467f7e2800 Uncommon trap: trap_request=0xffffffde fr.pc=0x0000024607ae5774 relative=0x0000000000000154
Event: 23.009 Thread 0x000002467f7e2800 Uncommon trap: reason=class_check action=maybe_recompile pc=0x0000024607ae5774 method=java.lang.String.equals(Ljava/lang/Object;)Z @ 8 c2
Event: 23.009 Thread 0x000002467f7e2800 DEOPT PACKING pc=0x0000024607ae5774 sp=0x000000aa919f8500
Event: 23.009 Thread 0x000002467f7e2800 DEOPT UNPACKING pc=0x0000024600026029 sp=0x000000aa919f8498 mode 2
Event: 23.009 Thread 0x000002467f7e2800 Uncommon trap: trap_request=0xffffffde fr.pc=0x0000024607ae5774 relative=0x0000000000000154
Event: 23.009 Thread 0x000002467f7e2800 Uncommon trap: reason=class_check action=maybe_recompile pc=0x0000024607ae5774 method=java.lang.String.equals(Ljava/lang/Object;)Z @ 8 c2
Event: 23.009 Thread 0x000002467f7e2800 DEOPT PACKING pc=0x0000024607ae5774 sp=0x000000aa919f8500
Event: 23.009 Thread 0x000002467f7e2800 DEOPT UNPACKING pc=0x0000024600026029 sp=0x000000aa919f8498 mode 2

Classes redefined (0 events):
No events

Internal exceptions (20 events):
Event: 18.099 Thread 0x000002467f7e2800 Exception <a 'java/lang/ClassNotFoundException'{0x00000000c52a0fa8}: org/gradle/api/internal/artifacts/dsl/dependencies/DefaultDependencyHandler_DecoratedCustomizer> (0x00000000c52a0fa8) thrown at [./src/hotspot/share/classfile/systemDictionary.cpp, line 231]
Event: 18.161 Thread 0x000002467f7e2800 Exception <a 'java/lang/NoSuchMethodError'{0x00000000c5182490}: 'int java.lang.invoke.DirectMethodHandle$Holder.invokeVirtual(java.lang.Object, java.lang.Object)'> (0x00000000c5182490) thrown at [./src/hotspot/share/interpreter/linkResolver.cpp, line 773]
Event: 18.219 Thread 0x000002467f7e2800 Exception <a 'java/lang/NoSuchMethodError'{0x00000000c5084f50}: 'java.lang.Object java.lang.invoke.DirectMethodHandle$Holder.invokeStatic(java.lang.Object, java.lang.Object, int, java.lang.Object)'> (0x00000000c5084f50) thrown at [./src/hotspot/share/interpreter/linkResolver.cpp, line 773]
Event: 18.220 Thread 0x000002467f7e2800 Exception <a 'java/lang/NoSuchMethodError'{0x00000000c508bf40}: 'java.lang.Object java.lang.invoke.Invokers$Holder.linkToTargetMethod(java.lang.Object, int, java.lang.Object, java.lang.Object)'> (0x00000000c508bf40) thrown at [./src/hotspot/share/interpreter/linkResolver.cpp, line 773]
Event: 18.668 Thread 0x000002467f7e2800 Exception <a 'java/lang/IncompatibleClassChangeError'{0x00000000c44957d0}: Found class java.lang.Object, but interface was expected> (0x00000000c44957d0) thrown at [./src/hotspot/share/interpreter/linkResolver.cpp, line 839]
Event: 18.787 Thread 0x000002467f7e2800 Exception <a 'java/lang/NoSuchMethodError'{0x00000000c423e2e8}: 'java.lang.Object java.lang.invoke.Invokers$Holder.linkToTargetMethod(java.lang.Object, int, java.lang.Object)'> (0x00000000c423e2e8) thrown at [./src/hotspot/share/interpreter/linkResolver.cpp, line 773]
Event: 18.925 Thread 0x000002467f7e2800 Exception <a 'java/lang/NoSuchMethodError'{0x00000000c5a4ba30}: 'int java.lang.invoke.DirectMethodHandle$Holder.invokeStaticInit(java.lang.Object)'> (0x00000000c5a4ba30) thrown at [./src/hotspot/share/interpreter/linkResolver.cpp, line 773]
Event: 19.073 Thread 0x000002461095b000 Exception <a 'sun/nio/fs/WindowsException'{0x00000000c59852f0}> (0x00000000c59852f0) thrown at [./src/hotspot/share/prims/jni.cpp, line 615]
Event: 19.094 Thread 0x000002461095b000 Exception <a 'sun/nio/fs/WindowsException'{0x00000000c5866e28}> (0x00000000c5866e28) thrown at [./src/hotspot/share/prims/jni.cpp, line 615]
Event: 19.100 Thread 0x000002461095b000 Exception <a 'sun/nio/fs/WindowsException'{0x00000000c5866f90}> (0x00000000c5866f90) thrown at [./src/hotspot/share/prims/jni.cpp, line 615]
Event: 19.121 Thread 0x000002467f7e2800 Exception <a 'java/lang/ClassNotFoundException'{0x00000000c58dce58}: sync_studio_tooling264_4js7vq6scmnx9r9qd13o4juuwBeanInfo> (0x00000000c58dce58) thrown at [./src/hotspot/share/classfile/systemDictionary.cpp, line 231]
Event: 19.122 Thread 0x000002467f7e2800 Exception <a 'java/lang/ClassNotFoundException'{0x00000000c58e93a8}: sync_studio_tooling264_4js7vq6scmnx9r9qd13o4juuwCustomizer> (0x00000000c58e93a8) thrown at [./src/hotspot/share/classfile/systemDictionary.cpp, line 231]
Event: 19.233 Thread 0x000002467f7e2800 Exception <a 'java/lang/NoSuchMethodError'{0x00000000c5651868}: 'void java.lang.invoke.DirectMethodHandle$Holder.invokeVirtual(java.lang.Object, java.lang.Object)'> (0x00000000c5651868) thrown at [./src/hotspot/share/interpreter/linkResolver.cpp, line 773]
Event: 20.943 Thread 0x000002467f7e2800 Implicit null exception at 0x0000024607c94d38 to 0x0000024607c97948
Event: 21.758 Thread 0x000002467f7e2800 Implicit null exception at 0x0000024607c016ec to 0x0000024607c01794
Event: 21.895 Thread 0x000002467f7e2800 Exception <a 'java/lang/NoSuchMethodError'{0x00000000c4be6e58}: 'void java.lang.invoke.DirectMethodHandle$Holder.invokeSpecialIFC(java.lang.Object, java.lang.Object, java.lang.Object)'> (0x00000000c4be6e58) thrown at [./src/hotspot/share/interpreter/linkResolver.cpp, line 773]
Event: 22.491 Thread 0x000002467f7e2800 Exception <a 'java/lang/NoSuchMethodError'{0x00000000c4567738}: 'int java.lang.invoke.DirectMethodHandle$Holder.invokeStatic(java.lang.Object, int, java.lang.Object, java.lang.Object)'> (0x00000000c4567738) thrown at [./src/hotspot/share/interpreter/linkResolver.cpp, line 773]
Event: 23.372 Thread 0x000002461095f800 Exception <a 'sun/nio/fs/WindowsException'{0x00000000c3f11ab0}> (0x00000000c3f11ab0) thrown at [./src/hotspot/share/prims/jni.cpp, line 615]
Event: 23.408 Thread 0x000002461095f800 Exception <a 'sun/nio/fs/WindowsException'{0x00000000c3fbeeb8}> (0x00000000c3fbeeb8) thrown at [./src/hotspot/share/prims/jni.cpp, line 615]
Event: 23.413 Thread 0x000002461095f800 Exception <a 'sun/nio/fs/WindowsException'{0x00000000c3fbf030}> (0x00000000c3fbf030) thrown at [./src/hotspot/share/prims/jni.cpp, line 615]

Events (20 events):
Event: 22.982 loading class org/apache/groovy/ast/tools/AnnotatedNodeUtils done
Event: 22.988 loading class org/codehaus/groovy/classgen/asm/BytecodeHelper$LoadVarHandler
Event: 22.988 loading class org/codehaus/groovy/classgen/asm/BytecodeHelper$LoadVarHandler done
Event: 23.050 loading class org/gradle/internal/time/TimeFormatting
Event: 23.050 loading class org/gradle/internal/time/TimeFormatting done
Event: 23.051 loading class jdk/internal/math/FDBigInteger
Event: 23.068 loading class jdk/internal/math/FDBigInteger done
Event: 23.071 loading class sun/nio/cs/ISO_8859_1$Encoder
Event: 23.072 loading class sun/nio/cs/ISO_8859_1$Encoder done
Event: 23.072 loading class sun/nio/cs/Surrogate$Parser
Event: 23.082 loading class sun/nio/cs/Surrogate$Parser done
Event: 23.082 loading class sun/nio/cs/Surrogate
Event: 23.082 loading class sun/nio/cs/Surrogate done
Event: 23.259 loading class com/google/common/cache/RemovalNotification
Event: 23.259 loading class com/google/common/cache/RemovalNotification done
Event: 23.260 Executing VM operation: Deoptimize
Event: 23.261 Executing VM operation: Deoptimize done
Event: 23.427 loading class groovy/runtime/metaclass/ijinit8_dc1tz6y8qq1k9oj9pg9u8cznlMetaClass
Event: 23.427 loading class groovy/runtime/metaclass/ijinit8_dc1tz6y8qq1k9oj9pg9u8cznlMetaClass done
Event: 23.431 Executing VM operation: G1CollectForAllocation


Dynamic libraries:
0x00007ff73ebe0000 - 0x00007ff73ebea000 	C:\Users\felip\OneDrive\Desktop\android-studio\jre\bin\java.exe
0x00007ffe72f10000 - 0x00007ffe73105000 	C:\Windows\SYSTEM32\ntdll.dll
0x00007ffe51290000 - 0x00007ffe512a6000 	C:\Program Files\Avast Software\Avast\aswhook.dll
0x00007ffe70f60000 - 0x00007ffe7101e000 	C:\Windows\System32\KERNEL32.DLL
0x00007ffe70c90000 - 0x00007ffe70f59000 	C:\Windows\System32\KERNELBASE.dll
0x00007ffe70a30000 - 0x00007ffe70b30000 	C:\Windows\System32\ucrtbase.dll
0x00007ffe66830000 - 0x00007ffe66849000 	C:\Users\felip\OneDrive\Desktop\android-studio\jre\bin\jli.dll
0x00007ffe72ae0000 - 0x00007ffe72c81000 	C:\Windows\System32\USER32.dll
0x00007ffe70a00000 - 0x00007ffe70a22000 	C:\Windows\System32\win32u.dll
0x00007ffe71400000 - 0x00007ffe7142b000 	C:\Windows\System32\GDI32.dll
0x00007ffe70630000 - 0x00007ffe7073b000 	C:\Windows\System32\gdi32full.dll
0x00007ffe70740000 - 0x00007ffe707dd000 	C:\Windows\System32\msvcp_win.dll
0x00007ffe667f0000 - 0x00007ffe66807000 	C:\Users\felip\OneDrive\Desktop\android-studio\jre\bin\VCRUNTIME140.dll
0x00007ffe60850000 - 0x00007ffe60aea000 	C:\Windows\WinSxS\amd64_microsoft.windows.common-controls_6595b64144ccf1df_6.0.19041.1110_none_60b5254171f9507e\COMCTL32.dll
0x00007ffe72260000 - 0x00007ffe722fe000 	C:\Windows\System32\msvcrt.dll
0x00007ffe72730000 - 0x00007ffe72760000 	C:\Windows\System32\IMM32.DLL
0x00007ffe5f390000 - 0x00007ffe5f42d000 	C:\Users\felip\OneDrive\Desktop\android-studio\jre\bin\msvcp140.dll
0x00007ffe23160000 - 0x00007ffe23c35000 	C:\Users\felip\OneDrive\Desktop\android-studio\jre\bin\server\jvm.dll
0x00007ffe71430000 - 0x00007ffe714dc000 	C:\Windows\System32\ADVAPI32.dll
0x00007ffe711a0000 - 0x00007ffe7123b000 	C:\Windows\System32\sechost.dll
0x00007ffe712d0000 - 0x00007ffe713fa000 	C:\Windows\System32\RPCRT4.dll
0x00007ffe71970000 - 0x00007ffe71978000 	C:\Windows\System32\PSAPI.DLL
0x00007ffe63c60000 - 0x00007ffe63c69000 	C:\Windows\SYSTEM32\WSOCK32.dll
0x00007ffe721f0000 - 0x00007ffe7225b000 	C:\Windows\System32\WS2_32.dll
0x00007ffe594e0000 - 0x00007ffe59507000 	C:\Windows\SYSTEM32\WINMM.dll
0x00007ffe65210000 - 0x00007ffe6521a000 	C:\Windows\SYSTEM32\VERSION.dll
0x00007ffe6e450000 - 0x00007ffe6e462000 	C:\Windows\SYSTEM32\kernel.appcore.dll
0x00007ffe60830000 - 0x00007ffe60841000 	C:\Users\felip\OneDrive\Desktop\android-studio\jre\bin\verify.dll
0x00007ffe65020000 - 0x00007ffe65204000 	C:\Windows\SYSTEM32\DBGHELP.DLL
0x00007ffe64ff0000 - 0x00007ffe6501c000 	C:\Windows\SYSTEM32\dbgcore.DLL
0x00007ffe707e0000 - 0x00007ffe70863000 	C:\Windows\System32\bcryptPrimitives.dll
0x00007ffe601d0000 - 0x00007ffe601f9000 	C:\Users\felip\OneDrive\Desktop\android-studio\jre\bin\java.dll
0x00007ffe6df30000 - 0x00007ffe6df3b000 	C:\Users\felip\OneDrive\Desktop\android-studio\jre\bin\jimage.dll
0x00007ffe5d750000 - 0x00007ffe5d768000 	C:\Users\felip\OneDrive\Desktop\android-studio\jre\bin\zip.dll
0x00007ffe71ab0000 - 0x00007ffe721ef000 	C:\Windows\System32\SHELL32.dll
0x00007ffe6e730000 - 0x00007ffe6eec0000 	C:\Windows\SYSTEM32\windows.storage.dll
0x00007ffe72780000 - 0x00007ffe72ad5000 	C:\Windows\System32\combase.dll
0x00007ffe6ffb0000 - 0x00007ffe6ffdc000 	C:\Windows\SYSTEM32\Wldp.dll
0x00007ffe71980000 - 0x00007ffe71a2d000 	C:\Windows\System32\SHCORE.dll
0x00007ffe72d60000 - 0x00007ffe72db5000 	C:\Windows\System32\shlwapi.dll
0x00007ffe70570000 - 0x00007ffe7058f000 	C:\Windows\SYSTEM32\profapi.dll
0x00007ffe6c0c0000 - 0x00007ffe6c0da000 	C:\Users\felip\OneDrive\Desktop\android-studio\jre\bin\net.dll
0x00007ffe64e40000 - 0x00007ffe64f48000 	C:\Windows\SYSTEM32\WINHTTP.dll
0x00007ffe6fd10000 - 0x00007ffe6fd7a000 	C:\Windows\system32\mswsock.dll
0x00007ffe6b900000 - 0x00007ffe6b914000 	C:\Users\felip\OneDrive\Desktop\android-studio\jre\bin\nio.dll
0x00007ffe60b90000 - 0x00007ffe60bb7000 	C:\Users\felip\.gradle\native\8bec1ad78214c89d9ad589b4d07fe93259594b29d510b10fafb7a158f7737e5d\windows-amd64\native-platform.dll
0x00007ffe454b0000 - 0x00007ffe455ed000 	C:\Users\felip\.gradle\native\53dbd7edfb1c66fb8903c78663c9afc45aea4f116125fa6feffd364cf09443e8\windows-amd64\native-platform-file-events.dll
0x00007ffe6c0b0000 - 0x00007ffe6c0ba000 	C:\Users\felip\OneDrive\Desktop\android-studio\jre\bin\management.dll
0x00007ffe6c070000 - 0x00007ffe6c07d000 	C:\Users\felip\OneDrive\Desktop\android-studio\jre\bin\management_ext.dll
0x00007ffe6ff10000 - 0x00007ffe6ff28000 	C:\Windows\SYSTEM32\CRYPTSP.dll
0x00007ffe6f690000 - 0x00007ffe6f6c4000 	C:\Windows\system32\rsaenh.dll
0x00007ffe70980000 - 0x00007ffe709a7000 	C:\Windows\System32\bcrypt.dll
0x00007ffe704f0000 - 0x00007ffe7051e000 	C:\Windows\SYSTEM32\USERENV.dll
0x00007ffe6ff00000 - 0x00007ffe6ff0c000 	C:\Windows\SYSTEM32\CRYPTBASE.dll
0x00007ffe6fa00000 - 0x00007ffe6fa3b000 	C:\Windows\SYSTEM32\IPHLPAPI.DLL
0x00007ffe71960000 - 0x00007ffe71968000 	C:\Windows\System32\NSI.dll
0x00007ffe698d0000 - 0x00007ffe698e7000 	C:\Windows\SYSTEM32\dhcpcsvc6.DLL
0x00007ffe69bc0000 - 0x00007ffe69bdd000 	C:\Windows\SYSTEM32\dhcpcsvc.DLL
0x00007ffe6fa40000 - 0x00007ffe6fb0c000 	C:\Windows\SYSTEM32\DNSAPI.dll

dbghelp: loaded successfully - version: 4.0.5 - missing functions: none
symbol engine: initialized successfully - sym options: 0x614 - pdb path: .;C:\Users\felip\OneDrive\Desktop\android-studio\jre\bin;C:\Windows\SYSTEM32;C:\Program Files\Avast Software\Avast;C:\Windows\WinSxS\amd64_microsoft.windows.common-controls_6595b64144ccf1df_6.0.19041.1110_none_60b5254171f9507e;C:\Users\felip\OneDrive\Desktop\android-studio\jre\bin\server;C:\Users\felip\.gradle\native\8bec1ad78214c89d9ad589b4d07fe93259594b29d510b10fafb7a158f7737e5d\windows-amd64;C:\Users\felip\.gradle\native\53dbd7edfb1c66fb8903c78663c9afc45aea4f116125fa6feffd364cf09443e8\windows-amd64

VM Arguments:
jvm_args: --add-opens=java.base/java.util=ALL-UNNAMED --add-opens=java.base/java.lang=ALL-UNNAMED --add-opens=java.base/java.lang.invoke=ALL-UNNAMED --add-opens=java.base/java.util=ALL-UNNAMED --add-opens=java.prefs/java.util.prefs=ALL-UNNAMED --add-opens=java.prefs/java.util.prefs=ALL-UNNAMED --add-opens=java.base/java.nio.charset=ALL-UNNAMED --add-opens=java.base/java.net=ALL-UNNAMED --add-opens=java.base/java.util.concurrent.atomic=ALL-UNNAMED -Xmx1024m -Dfile.encoding=UTF-8 -Duser.country=US -Duser.language=en -Duser.variant 
java_command: org.gradle.launcher.daemon.bootstrap.GradleDaemon 7.0.2
java_class_path (initial): C:\Users\felip\.gradle\wrapper\dists\gradle-7.0.2-bin\857tjihv64xamwrf0h14cai3r\gradle-7.0.2\lib\gradle-launcher-7.0.2.jar
Launcher Type: SUN_STANDARD

[Global flags]
     intx CICompilerCount                          = 2                                         {product} {ergonomic}
     uint ConcGCThreads                            = 1                                         {product} {ergonomic}
     uint G1ConcRefinementThreads                  = 2                                         {product} {ergonomic}
   size_t G1HeapRegionSize                         = 1048576                                   {product} {ergonomic}
    uintx GCDrainStackTargetSize                   = 64                                        {product} {ergonomic}
   size_t InitialHeapSize                          = 67108864                                  {product} {ergonomic}
   size_t MarkStackSize                            = 4194304                                   {product} {ergonomic}
   size_t MaxHeapSize                              = 1073741824                                {product} {command line}
   size_t MaxNewSize                               = 643825664                                 {product} {ergonomic}
   size_t MinHeapDeltaBytes                        = 1048576                                   {product} {ergonomic}
    uintx NonNMethodCodeHeapSize                   = 5825164                                {pd product} {ergonomic}
    uintx NonProfiledCodeHeapSize                  = 122916538                              {pd product} {ergonomic}
    uintx ProfiledCodeHeapSize                     = 122916538                              {pd product} {ergonomic}
    uintx ReservedCodeCacheSize                    = 251658240                              {pd product} {ergonomic}
     bool SegmentedCodeCache                       = true                                      {product} {ergonomic}
     bool UseCompressedClassPointers               = true                                 {lp64_product} {ergonomic}
     bool UseCompressedOops                        = true                                 {lp64_product} {ergonomic}
     bool UseG1GC                                  = true                                      {product} {ergonomic}
     bool UseLargePagesIndividualAllocation        = false                                  {pd product} {ergonomic}

Logging:
Log output configuration:
 #0: stdout all=warning uptime,level,tags
 #1: stderr all=off uptime,level,tags

Environment Variables:
PATH=C:\Program Files\Common Files\Oracle\Java\javapath;C:\Program Files (x86)\Common Files\Oracle\Java\javapath;C:\Windows\system32;C:\Windows;C:\Windows\System32\Wbem;C:\Windows\System32\WindowsPowerShell\v1.0\;C:\Windows\System32\OpenSSH\;C:\ProgramData\chocolatey\bin;C:\Program Files (x86)\Yarn\bin\;C:\Program Files\Git\cmd;C:\Program Files\nodejs\;C:\Users\felip\AppData\Local\Microsoft\WindowsApps;C:\Users\felip\AppData\Local\Programs\Microsoft VS Code\bin;C:\Users\felip\AppData\Local\Yarn\bin;C:\Users\felip\AppData\Local\GitHubDesktop\bin;C:\Users\felip\AppData\Roaming\npm
USERNAME=felip
OS=Windows_NT
PROCESSOR_IDENTIFIER=Intel64 Family 6 Model 23 Stepping 10, GenuineIntel



---------------  S Y S T E M  ---------------

OS: Windows 10 , 64 bit Build 19041 (10.0.19041.1202)
OS uptime: 0 days 1:19 hours

CPU:total 2 (initial active 2) (2 cores per cpu, 1 threads per core) family 6 model 23 stepping 10 microcode 0xa0c, cmov, cx8, fxsr, mmx, sse, sse2, sse3, ssse3, tsc

Memory: 4k page, system-wide physical 4061M (82M free)
TotalPageFile size 4061M (AvailPageFile size 11M)
current process WorkingSet (physical memory assigned to process): 231M, peak: 231M
current process commit charge ("private bytes"): 261M, peak: 280M

vm_info: OpenJDK 64-Bit Server VM (11.0.11+9-b60-7590822) for windows-amd64 JRE (11.0.11+9-b60-7590822), built on Jul 29 2021 21:43:44 by "builder" with MS VC++ 14.0 (VS2015)

END.
