#
# There is insufficient memory for the Java Runtime Environment to continue.
# Native memory allocation (malloc) failed to allocate 32744 bytes for ChunkPool::allocate
# Possible reasons:
#   The system is out of physical RAM or swap space
#   The process is running with CompressedOops enabled, and the Java Heap may be blocking the growth of the native heap
# Possible solutions:
#   Reduce memory load on the system
#   Increase physical memory or swap space
#   Check if swap backing store is full
#   Decrease Java heap size (-Xmx/-Xms)
#   Decrease number of Java threads
#   Decrease Java thread stack sizes (-Xss)
#   Set larger code cache with -XX:ReservedCodeCacheSize=
#   JVM is running with Unscaled Compressed Oops mode in which the Java heap is
#     placed in the first 4GB address space. The Java Heap base address is the
#     maximum limit for the native heap growth. Please use -XX:HeapBaseMinAddress
#     to set the Java Heap base and to place the Java Heap above 4GB virtual address.
# This output file may be truncated or incomplete.
#
#  Out of Memory Error (./src/hotspot/share/memory/arena.cpp:81), pid=1840, tid=8440
#
# JRE version: OpenJDK Runtime Environment (11.0.11+9) (build 11.0.11+9-b60-7590822)
# Java VM: OpenJDK 64-Bit Server VM (11.0.11+9-b60-7590822, mixed mode, tiered, compressed oops, g1 gc, windows-amd64)
# No core dump will be written. Minidumps are not enabled by default on client versions of Windows
#

---------------  S U M M A R Y ------------

Command Line: --add-opens=java.base/java.util=ALL-UNNAMED --add-opens=java.base/java.lang=ALL-UNNAMED --add-opens=java.base/java.lang.invoke=ALL-UNNAMED --add-opens=java.base/java.util=ALL-UNNAMED --add-opens=java.prefs/java.util.prefs=ALL-UNNAMED --add-opens=java.prefs/java.util.prefs=ALL-UNNAMED --add-opens=java.base/java.nio.charset=ALL-UNNAMED --add-opens=java.base/java.net=ALL-UNNAMED --add-opens=java.base/java.util.concurrent.atomic=ALL-UNNAMED -Xmx2048m -Dfile.encoding=UTF-8 -Duser.country=US -Duser.language=en -Duser.variant org.gradle.launcher.daemon.bootstrap.GradleDaemon 7.0.2

Host: Celeron(R) Dual-Core CPU       T3500  @ 2.10GHz, 2 cores, 3G,  Windows 10 , 64 bit Build 19041 (10.0.19041.1202)
Time: Mon Nov  1 14:36:52 2021 E. South America Standard Time elapsed time: 281.127557 seconds (0d 0h 4m 41s)

---------------  T H R E A D  ---------------

Current thread (0x000001d42df3f000):  JavaThread "C2 CompilerThread0" daemon [_thread_in_native, id=8440, stack(0x00000002e6400000,0x00000002e6500000)]


Current CompileTask:
C2: 281127 12723       4       com.sun.org.apache.xerces.internal.impl.XMLNSDocumentScannerImpl::scanStartElement (1026 bytes)

Stack: [0x00000002e6400000,0x00000002e6500000]
Native frames: (J=compiled Java code, j=interpreted, Vv=VM code, C=native code)
V  [jvm.dll+0x5f214a]
V  [jvm.dll+0x726fb5]
V  [jvm.dll+0x7285cd]
V  [jvm.dll+0x728c83]
V  [jvm.dll+0x243278]
V  [jvm.dll+0xbc78b]
V  [jvm.dll+0xbca3c]
V  [jvm.dll+0x35919e]
V  [jvm.dll+0x4ec334]
V  [jvm.dll+0x3218c2]
V  [jvm.dll+0x320d8a]
V  [jvm.dll+0x1fc1e2]
V  [jvm.dll+0x1fb3d4]
V  [jvm.dll+0x183d6c]
V  [jvm.dll+0x209a57]
V  [jvm.dll+0x2082a1]
V  [jvm.dll+0x6ef58f]
V  [jvm.dll+0x6e80b5]
V  [jvm.dll+0x5f1036]
C  [ucrtbase.dll+0x21bb2]
C  [KERNEL32.DLL+0x17034]
C  [ntdll.dll+0x52651]


---------------  P R O C E S S  ---------------

Threads class SMR info:
_java_thread_list=0x000001d435491980, length=37, elements={
0x000001d413ecc000, 0x000001d42d5b0000, 0x000001d42d5ba000, 0x000001d42df30800,
0x000001d42df33800, 0x000001d42df35000, 0x000001d42df3f000, 0x000001d42d611000,
0x000001d42d613800, 0x000001d42e07a800, 0x000001d42f50b800, 0x000001d42f0ab800,
0x000001d42f1aa800, 0x000001d42fa53000, 0x000001d42e043800, 0x000001d42f300000,
0x000001d42f6fc800, 0x000001d42f0c2000, 0x000001d42f6e7000, 0x000001d42f6ea800,
0x000001d42f6e6000, 0x000001d42f6e8800, 0x000001d42f6e8000, 0x000001d42f6e9800,
0x000001d42f6e4800, 0x000001d42f6eb000, 0x000001d42f6e5800, 0x000001d4306d1800,
0x000001d4306d6800, 0x000001d4306d8000, 0x000001d4306d7800, 0x000001d4306d9000,
0x000001d4306da000, 0x000001d4306d4000, 0x000001d4306d5000, 0x000001d4306da800,
0x000001d4306db800
}

Java Threads: ( => current thread )
  0x000001d413ecc000 JavaThread "main" [_thread_blocked, id=10024, stack(0x00000002e5800000,0x00000002e5900000)]
  0x000001d42d5b0000 JavaThread "Reference Handler" daemon [_thread_blocked, id=9548, stack(0x00000002e5f00000,0x00000002e6000000)]
  0x000001d42d5ba000 JavaThread "Finalizer" daemon [_thread_blocked, id=9772, stack(0x00000002e6000000,0x00000002e6100000)]
  0x000001d42df30800 JavaThread "Signal Dispatcher" daemon [_thread_blocked, id=4756, stack(0x00000002e6100000,0x00000002e6200000)]
  0x000001d42df33800 JavaThread "Attach Listener" daemon [_thread_blocked, id=1480, stack(0x00000002e6200000,0x00000002e6300000)]
  0x000001d42df35000 JavaThread "Service Thread" daemon [_thread_blocked, id=8552, stack(0x00000002e6300000,0x00000002e6400000)]
=>0x000001d42df3f000 JavaThread "C2 CompilerThread0" daemon [_thread_in_native, id=8440, stack(0x00000002e6400000,0x00000002e6500000)]
  0x000001d42d611000 JavaThread "C1 CompilerThread0" daemon [_thread_in_native, id=4944, stack(0x00000002e6500000,0x00000002e6600000)]
  0x000001d42d613800 JavaThread "Sweeper thread" daemon [_thread_blocked, id=1752, stack(0x00000002e6600000,0x00000002e6700000)]
  0x000001d42e07a800 JavaThread "Common-Cleaner" daemon [_thread_blocked, id=924, stack(0x00000002e6700000,0x00000002e6800000)]
  0x000001d42f50b800 JavaThread "Daemon health stats" [_thread_blocked, id=3520, stack(0x00000002e6a00000,0x00000002e6b00000)]
  0x000001d42f0ab800 JavaThread "Incoming local TCP Connector on port 8072" [_thread_in_native, id=4488, stack(0x00000002e6b00000,0x00000002e6c00000)]
  0x000001d42f1aa800 JavaThread "Daemon periodic checks" [_thread_blocked, id=7260, stack(0x00000002e6c00000,0x00000002e6d00000)]
  0x000001d42fa53000 JavaThread "Daemon" [_thread_blocked, id=8624, stack(0x00000002e6d00000,0x00000002e6e00000)]
  0x000001d42e043800 JavaThread "Handler for socket connection from /127.0.0.1:8072 to /127.0.0.1:8073" [_thread_in_native, id=2912, stack(0x00000002e6e00000,0x00000002e6f00000)]
  0x000001d42f300000 JavaThread "Cancel handler" [_thread_blocked, id=4372, stack(0x00000002e6f00000,0x00000002e7000000)]
  0x000001d42f6fc800 JavaThread "Daemon worker" [_thread_in_native, id=1004, stack(0x00000002e7000000,0x00000002e7100000)]
  0x000001d42f0c2000 JavaThread "Asynchronous log dispatcher for DefaultDaemonConnection: socket connection from /127.0.0.1:8072 to /127.0.0.1:8073" [_thread_blocked, id=9432, stack(0x00000002e7100000,0x00000002e7200000)]
  0x000001d42f6e7000 JavaThread "Daemon client event forwarder" [_thread_blocked, id=4468, stack(0x00000002e7300000,0x00000002e7400000)]
  0x000001d42f6ea800 JavaThread "Cache worker for file hash cache (C:\Users\felip\.gradle\caches\7.0.2\fileHashes)" [_thread_blocked, id=8468, stack(0x00000002e7400000,0x00000002e7500000)]
  0x000001d42f6e6000 JavaThread "File lock request listener" [_thread_in_native, id=3272, stack(0x00000002e7500000,0x00000002e7600000)]
  0x000001d42f6e8800 JavaThread "Cache worker for journal cache (C:\Users\felip\.gradle\caches\journal-1)" [_thread_blocked, id=7564, stack(0x00000002e7600000,0x00000002e7700000)]
  0x000001d42f6e8000 JavaThread "Cache worker for file hash cache (C:\Users\felip\AndroidStudioProjects\VideoApp\.gradle\7.0.2\fileHashes)" [_thread_blocked, id=10204, stack(0x00000002e7700000,0x00000002e7800000)]
  0x000001d42f6e9800 JavaThread "File watcher server" daemon [_thread_in_native, id=7244, stack(0x00000002e7800000,0x00000002e7900000)]
  0x000001d42f6e4800 JavaThread "File watcher consumer" daemon [_thread_blocked, id=2088, stack(0x00000002e7900000,0x00000002e7a00000)]
  0x000001d42f6eb000 JavaThread "jar transforms" [_thread_blocked, id=5804, stack(0x00000002e7a00000,0x00000002e7b00000)]
  0x000001d42f6e5800 JavaThread "jar transforms Thread 2" [_thread_blocked, id=952, stack(0x00000002e7b00000,0x00000002e7c00000)]
  0x000001d4306d1800 JavaThread "Cache worker for checksums cache (C:\Users\felip\AndroidStudioProjects\VideoApp\.gradle\checksums)" [_thread_blocked, id=4748, stack(0x00000002e7c00000,0x00000002e7d00000)]
  0x000001d4306d6800 JavaThread "Cache worker for cache directory md-supplier (C:\Users\felip\.gradle\caches\7.0.2\md-supplier)" [_thread_blocked, id=3752, stack(0x00000002e7d00000,0x00000002e7e00000)]
  0x000001d4306d8000 JavaThread "Cache worker for cache directory md-rule (C:\Users\felip\.gradle\caches\7.0.2\md-rule)" [_thread_blocked, id=7932, stack(0x00000002e7e00000,0x00000002e7f00000)]
  0x000001d4306d7800 JavaThread "Cache worker for execution history cache (C:\Users\felip\.gradle\caches\7.0.2\executionHistory)" [_thread_blocked, id=4520, stack(0x00000002e7f00000,0x00000002e8000000)]
  0x000001d4306d9000 JavaThread "Cache worker for file content cache (C:\Users\felip\.gradle\caches\7.0.2\fileContent)" [_thread_blocked, id=3624, stack(0x00000002e8200000,0x00000002e8300000)]
  0x000001d4306da000 JavaThread "Cache worker for dependencies-accessors (C:\Users\felip\AndroidStudioProjects\VideoApp\.gradle\7.0.2\dependencies-accessors)" [_thread_blocked, id=6120, stack(0x00000002e5500000,0x00000002e5600000)]
  0x000001d4306d4000 JavaThread "Cache worker for Build Output Cleanup Cache (C:\Users\felip\AndroidStudioProjects\VideoApp\.gradle\buildOutputCleanup)" [_thread_blocked, id=7600, stack(0x00000002e5600000,0x00000002e5700000)]
  0x000001d4306d5000 JavaThread "Build operations" [_thread_blocked, id=6512, stack(0x00000002e5700000,0x00000002e5800000)]
  0x000001d4306da800 JavaThread "Build operations Thread 2" [_thread_blocked, id=8284, stack(0x00000002e7200000,0x00000002e7300000)]
  0x000001d4306db800 JavaThread "Memory manager" [_thread_blocked, id=3996, stack(0x00000002e8000000,0x00000002e8100000)]

Other Threads:
  0x000001d42d5ac800 VMThread "VM Thread" [stack: 0x00000002e5e00000,0x00000002e5f00000] [id=836]
  0x000001d42e0a1000 WatcherThread [stack: 0x00000002e6800000,0x00000002e6900000] [id=1064]
  0x000001d413ee4800 GCTaskThread "GC Thread#0" [stack: 0x00000002e5900000,0x00000002e5a00000] [id=6588]
  0x000001d42e19b800 GCTaskThread "GC Thread#1" [stack: 0x00000002e6900000,0x00000002e6a00000] [id=7160]
  0x000001d413f15800 ConcurrentGCThread "G1 Main Marker" [stack: 0x00000002e5a00000,0x00000002e5b00000] [id=6528]
  0x000001d413f18800 ConcurrentGCThread "G1 Conc#0" [stack: 0x00000002e5b00000,0x00000002e5c00000] [id=1756]
  0x000001d413f68800 ConcurrentGCThread "G1 Refine#0" [stack: 0x00000002e5c00000,0x00000002e5d00000] [id=5044]
  0x000001d413f6a000 ConcurrentGCThread "G1 Young RemSet Sampling" [stack: 0x00000002e5d00000,0x00000002e5e00000] [id=3324]

Threads with active compile tasks:
C2 CompilerThread0 282140 12723       4       com.sun.org.apache.xerces.internal.impl.XMLNSDocumentScannerImpl::scanStartElement (1026 bytes)
C1 CompilerThread0 282140 12740   !   2       com.sun.org.apache.xerces.internal.parsers.AbstractSAXParser::setFeature (552 bytes)

VM state:not at safepoint (normal execution)

VM Mutex/Monitor currently owned by a thread: None

Heap address: 0x0000000080000000, size: 2048 MB, Compressed Oops mode: 32-bit
Narrow klass base: 0x0000000000000000, Narrow klass shift: 3
Compressed class space size: 1073741824 Address: 0x0000000100000000

Heap:
 garbage-first heap   total 199680K, used 154904K [0x0000000080000000, 0x0000000100000000)
  region size 1024K, 35 young (35840K), 2 survivors (2048K)
 Metaspace       used 100852K, capacity 103380K, committed 103728K, reserved 1138688K
  class space    used 12699K, capacity 13574K, committed 13696K, reserved 1048576K
Heap Regions: E=young(eden), S=young(survivor), O=old, HS=humongous(starts), HC=humongous(continues), CS=collection set, F=free, A=archive, TAMS=top-at-mark-start (previous, next)
|   0|0x0000000080000000, 0x0000000080100000, 0x0000000080100000|100%| O|  |TAMS 0x0000000080100000, 0x0000000080000000| Untracked 
|   1|0x0000000080100000, 0x0000000080200000, 0x0000000080200000|100%| O|  |TAMS 0x0000000080200000, 0x0000000080100000| Untracked 
|   2|0x0000000080200000, 0x0000000080300000, 0x0000000080300000|100%| O|  |TAMS 0x0000000080300000, 0x0000000080200000| Untracked 
|   3|0x0000000080300000, 0x0000000080400000, 0x0000000080400000|100%| O|  |TAMS 0x0000000080400000, 0x0000000080300000| Untracked 
|   4|0x0000000080400000, 0x0000000080500000, 0x0000000080500000|100%|HS|  |TAMS 0x0000000080500000, 0x0000000080400000| Complete 
|   5|0x0000000080500000, 0x0000000080600000, 0x0000000080600000|100%|HC|  |TAMS 0x0000000080600000, 0x0000000080500000| Complete 
|   6|0x0000000080600000, 0x0000000080700000, 0x0000000080700000|100%|HC|  |TAMS 0x0000000080700000, 0x0000000080600000| Complete 
|   7|0x0000000080700000, 0x0000000080800000, 0x0000000080800000|100%| O|  |TAMS 0x0000000080800000, 0x0000000080700000| Untracked 
|   8|0x0000000080800000, 0x0000000080900000, 0x0000000080900000|100%| O|  |TAMS 0x0000000080900000, 0x0000000080800000| Untracked 
|   9|0x0000000080900000, 0x0000000080a00000, 0x0000000080a00000|100%| O|  |TAMS 0x0000000080a00000, 0x0000000080900000| Untracked 
|  10|0x0000000080a00000, 0x0000000080b00000, 0x0000000080b00000|100%| O|  |TAMS 0x0000000080b00000, 0x0000000080a00000| Untracked 
|  11|0x0000000080b00000, 0x0000000080c00000, 0x0000000080c00000|100%| O|  |TAMS 0x0000000080c00000, 0x0000000080b00000| Untracked 
|  12|0x0000000080c00000, 0x0000000080d00000, 0x0000000080d00000|100%| O|  |TAMS 0x0000000080d00000, 0x0000000080c00000| Untracked 
|  13|0x0000000080d00000, 0x0000000080e00000, 0x0000000080e00000|100%| O|  |TAMS 0x0000000080e00000, 0x0000000080d00000| Untracked 
|  14|0x0000000080e00000, 0x0000000080f00000, 0x0000000080f00000|100%| O|  |TAMS 0x0000000080f00000, 0x0000000080e00000| Untracked 
|  15|0x0000000080f00000, 0x0000000081000000, 0x0000000081000000|100%| O|  |TAMS 0x0000000081000000, 0x0000000080f00000| Untracked 
|  16|0x0000000081000000, 0x0000000081100000, 0x0000000081100000|100%| O|  |TAMS 0x0000000081100000, 0x0000000081000000| Untracked 
|  17|0x0000000081100000, 0x0000000081200000, 0x0000000081200000|100%|HS|  |TAMS 0x0000000081200000, 0x0000000081100000| Complete 
|  18|0x0000000081200000, 0x0000000081300000, 0x0000000081300000|100%|HC|  |TAMS 0x0000000081300000, 0x0000000081200000| Complete 
|  19|0x0000000081300000, 0x0000000081400000, 0x0000000081400000|100%|HS|  |TAMS 0x0000000081400000, 0x0000000081300000| Complete 
|  20|0x0000000081400000, 0x0000000081500000, 0x0000000081500000|100%|HC|  |TAMS 0x0000000081500000, 0x0000000081400000| Complete 
|  21|0x0000000081500000, 0x0000000081600000, 0x0000000081600000|100%|HC|  |TAMS 0x0000000081600000, 0x0000000081500000| Complete 
|  22|0x0000000081600000, 0x0000000081700000, 0x0000000081700000|100%|HS|  |TAMS 0x0000000081700000, 0x0000000081600000| Complete 
|  23|0x0000000081700000, 0x0000000081800000, 0x0000000081800000|100%|HC|  |TAMS 0x0000000081800000, 0x0000000081700000| Complete 
|  24|0x0000000081800000, 0x0000000081900000, 0x0000000081900000|100%|HC|  |TAMS 0x0000000081900000, 0x0000000081800000| Complete 
|  25|0x0000000081900000, 0x0000000081a00000, 0x0000000081a00000|100%|HC|  |TAMS 0x0000000081a00000, 0x0000000081900000| Complete 
|  26|0x0000000081a00000, 0x0000000081b00000, 0x0000000081b00000|100%| O|  |TAMS 0x0000000081b00000, 0x0000000081a00000| Untracked 
|  27|0x0000000081b00000, 0x0000000081c00000, 0x0000000081c00000|100%| O|  |TAMS 0x0000000081c00000, 0x0000000081b00000| Untracked 
|  28|0x0000000081c00000, 0x0000000081d00000, 0x0000000081d00000|100%| O|  |TAMS 0x0000000081d00000, 0x0000000081c00000| Untracked 
|  29|0x0000000081d00000, 0x0000000081e00000, 0x0000000081e00000|100%| O|  |TAMS 0x0000000081e00000, 0x0000000081d00000| Untracked 
|  30|0x0000000081e00000, 0x0000000081f00000, 0x0000000081f00000|100%| O|  |TAMS 0x0000000081f00000, 0x0000000081e00000| Untracked 
|  31|0x0000000081f00000, 0x0000000082000000, 0x0000000082000000|100%| O|  |TAMS 0x0000000082000000, 0x0000000081f00000| Untracked 
|  32|0x0000000082000000, 0x0000000082100000, 0x0000000082100000|100%| O|  |TAMS 0x0000000082100000, 0x0000000082000000| Untracked 
|  33|0x0000000082100000, 0x0000000082200000, 0x0000000082200000|100%| O|  |TAMS 0x0000000082200000, 0x0000000082100000| Untracked 
|  34|0x0000000082200000, 0x0000000082300000, 0x0000000082300000|100%| O|  |TAMS 0x0000000082300000, 0x0000000082200000| Untracked 
|  35|0x0000000082300000, 0x0000000082400000, 0x0000000082400000|100%| O|  |TAMS 0x0000000082400000, 0x0000000082300000| Untracked 
|  36|0x0000000082400000, 0x0000000082500000, 0x0000000082500000|100%| O|  |TAMS 0x0000000082500000, 0x0000000082400000| Untracked 
|  37|0x0000000082500000, 0x0000000082600000, 0x0000000082600000|100%| O|  |TAMS 0x0000000082600000, 0x0000000082500000| Untracked 
|  38|0x0000000082600000, 0x0000000082700000, 0x0000000082700000|100%| O|  |TAMS 0x0000000082700000, 0x0000000082600000| Untracked 
|  39|0x0000000082700000, 0x0000000082800000, 0x0000000082800000|100%| O|  |TAMS 0x0000000082800000, 0x0000000082700000| Untracked 
|  40|0x0000000082800000, 0x0000000082900000, 0x0000000082900000|100%| O|  |TAMS 0x0000000082900000, 0x0000000082800000| Untracked 
|  41|0x0000000082900000, 0x0000000082a00000, 0x0000000082a00000|100%|HS|  |TAMS 0x0000000082a00000, 0x0000000082900000| Complete 
|  42|0x0000000082a00000, 0x0000000082b00000, 0x0000000082b00000|100%| O|  |TAMS 0x0000000082b00000, 0x0000000082a00000| Untracked 
|  43|0x0000000082b00000, 0x0000000082c00000, 0x0000000082c00000|100%| O|  |TAMS 0x0000000082c00000, 0x0000000082b00000| Untracked 
|  44|0x0000000082c00000, 0x0000000082d00000, 0x0000000082d00000|100%| O|  |TAMS 0x0000000082d00000, 0x0000000082c00000| Untracked 
|  45|0x0000000082d00000, 0x0000000082e00000, 0x0000000082e00000|100%| O|  |TAMS 0x0000000082e00000, 0x0000000082d00000| Untracked 
|  46|0x0000000082e00000, 0x0000000082f00000, 0x0000000082f00000|100%| O|  |TAMS 0x0000000082f00000, 0x0000000082e00000| Untracked 
|  47|0x0000000082f00000, 0x0000000083000000, 0x0000000083000000|100%| O|  |TAMS 0x0000000083000000, 0x0000000082f00000| Untracked 
|  48|0x0000000083000000, 0x0000000083100000, 0x0000000083100000|100%| O|  |TAMS 0x0000000083100000, 0x0000000083000000| Untracked 
|  49|0x0000000083100000, 0x0000000083200000, 0x0000000083200000|100%| O|  |TAMS 0x0000000083200000, 0x0000000083100000| Untracked 
|  50|0x0000000083200000, 0x0000000083300000, 0x0000000083300000|100%| O|  |TAMS 0x0000000083300000, 0x0000000083200000| Untracked 
|  51|0x0000000083300000, 0x0000000083400000, 0x0000000083400000|100%| O|  |TAMS 0x0000000083400000, 0x0000000083300000| Untracked 
|  52|0x0000000083400000, 0x0000000083500000, 0x0000000083500000|100%| O|  |TAMS 0x0000000083500000, 0x0000000083400000| Untracked 
|  53|0x0000000083500000, 0x0000000083600000, 0x0000000083600000|100%|HS|  |TAMS 0x0000000083600000, 0x0000000083500000| Complete 
|  54|0x0000000083600000, 0x0000000083700000, 0x0000000083700000|100%|HS|  |TAMS 0x0000000083700000, 0x0000000083600000| Complete 
|  55|0x0000000083700000, 0x0000000083800000, 0x0000000083800000|100%|HC|  |TAMS 0x0000000083800000, 0x0000000083700000| Complete 
|  56|0x0000000083800000, 0x0000000083900000, 0x0000000083900000|100%|HC|  |TAMS 0x0000000083900000, 0x0000000083800000| Complete 
|  57|0x0000000083900000, 0x0000000083a00000, 0x0000000083a00000|100%|HS|  |TAMS 0x0000000083a00000, 0x0000000083900000| Complete 
|  58|0x0000000083a00000, 0x0000000083b00000, 0x0000000083b00000|100%|HS|  |TAMS 0x0000000083b00000, 0x0000000083a00000| Complete 
|  59|0x0000000083b00000, 0x0000000083c00000, 0x0000000083c00000|100%|HC|  |TAMS 0x0000000083c00000, 0x0000000083b00000| Complete 
|  60|0x0000000083c00000, 0x0000000083d00000, 0x0000000083d00000|100%|HC|  |TAMS 0x0000000083d00000, 0x0000000083c00000| Complete 
|  61|0x0000000083d00000, 0x0000000083e00000, 0x0000000083e00000|100%|HC|  |TAMS 0x0000000083e00000, 0x0000000083d00000| Complete 
|  62|0x0000000083e00000, 0x0000000083f00000, 0x0000000083f00000|100%| O|  |TAMS 0x0000000083f00000, 0x0000000083e00000| Untracked 
|  63|0x0000000083f00000, 0x0000000084000000, 0x0000000084000000|100%| O|  |TAMS 0x0000000084000000, 0x0000000083f00000| Untracked 
|  64|0x0000000084000000, 0x0000000084100000, 0x0000000084100000|100%| O|  |TAMS 0x0000000084100000, 0x0000000084000000| Untracked 
|  65|0x0000000084100000, 0x0000000084200000, 0x0000000084200000|100%| O|  |TAMS 0x0000000084200000, 0x0000000084100000| Untracked 
|  66|0x0000000084200000, 0x0000000084300000, 0x0000000084300000|100%| O|  |TAMS 0x0000000084300000, 0x0000000084200000| Untracked 
|  67|0x0000000084300000, 0x0000000084400000, 0x0000000084400000|100%| O|  |TAMS 0x0000000084400000, 0x0000000084300000| Untracked 
|  68|0x0000000084400000, 0x0000000084500000, 0x0000000084500000|100%|HS|  |TAMS 0x0000000084500000, 0x0000000084400000| Complete 
|  69|0x0000000084500000, 0x0000000084600000, 0x0000000084600000|100%|HC|  |TAMS 0x0000000084600000, 0x0000000084500000| Complete 
|  70|0x0000000084600000, 0x0000000084700000, 0x0000000084700000|100%|HC|  |TAMS 0x0000000084700000, 0x0000000084600000| Complete 
|  71|0x0000000084700000, 0x0000000084800000, 0x0000000084800000|100%| O|  |TAMS 0x0000000084800000, 0x0000000084700000| Untracked 
|  72|0x0000000084800000, 0x0000000084900000, 0x0000000084900000|100%|HS|  |TAMS 0x0000000084900000, 0x0000000084800000| Complete 
|  73|0x0000000084900000, 0x0000000084a00000, 0x0000000084a00000|100%|HC|  |TAMS 0x0000000084a00000, 0x0000000084900000| Complete 
|  74|0x0000000084a00000, 0x0000000084b00000, 0x0000000084b00000|100%| O|  |TAMS 0x0000000084b00000, 0x0000000084a00000| Untracked 
|  75|0x0000000084b00000, 0x0000000084c00000, 0x0000000084c00000|100%| O|  |TAMS 0x0000000084c00000, 0x0000000084b00000| Untracked 
|  76|0x0000000084c00000, 0x0000000084d00000, 0x0000000084d00000|100%| O|  |TAMS 0x0000000084d00000, 0x0000000084c00000| Untracked 
|  77|0x0000000084d00000, 0x0000000084e00000, 0x0000000084e00000|100%| O|  |TAMS 0x0000000084e00000, 0x0000000084d00000| Untracked 
|  78|0x0000000084e00000, 0x0000000084f00000, 0x0000000084f00000|100%| O|  |TAMS 0x0000000084f00000, 0x0000000084e00000| Untracked 
|  79|0x0000000084f00000, 0x0000000085000000, 0x0000000085000000|100%| O|  |TAMS 0x0000000085000000, 0x0000000084f00000| Untracked 
|  80|0x0000000085000000, 0x0000000085100000, 0x0000000085100000|100%| O|  |TAMS 0x0000000085100000, 0x0000000085000000| Untracked 
|  81|0x0000000085100000, 0x0000000085200000, 0x0000000085200000|100%| O|  |TAMS 0x0000000085200000, 0x0000000085100000| Untracked 
|  82|0x0000000085200000, 0x0000000085300000, 0x0000000085300000|100%| O|  |TAMS 0x0000000085300000, 0x0000000085200000| Untracked 
|  83|0x0000000085300000, 0x0000000085400000, 0x0000000085400000|100%| O|  |TAMS 0x0000000085400000, 0x0000000085300000| Untracked 
|  84|0x0000000085400000, 0x0000000085500000, 0x0000000085500000|100%| O|  |TAMS 0x0000000085500000, 0x0000000085400000| Untracked 
|  85|0x0000000085500000, 0x0000000085600000, 0x0000000085600000|100%| O|  |TAMS 0x0000000085600000, 0x0000000085500000| Untracked 
|  86|0x0000000085600000, 0x0000000085700000, 0x0000000085700000|100%| O|  |TAMS 0x0000000085700000, 0x0000000085600000| Untracked 
|  87|0x0000000085700000, 0x0000000085800000, 0x0000000085800000|100%| O|  |TAMS 0x0000000085800000, 0x0000000085700000| Untracked 
|  88|0x0000000085800000, 0x0000000085900000, 0x0000000085900000|100%| O|  |TAMS 0x0000000085900000, 0x0000000085800000| Untracked 
|  89|0x0000000085900000, 0x0000000085a00000, 0x0000000085a00000|100%| O|  |TAMS 0x0000000085a00000, 0x0000000085900000| Untracked 
|  90|0x0000000085a00000, 0x0000000085b00000, 0x0000000085b00000|100%| O|  |TAMS 0x0000000085b00000, 0x0000000085a00000| Untracked 
|  91|0x0000000085b00000, 0x0000000085c00000, 0x0000000085c00000|100%|HS|  |TAMS 0x0000000085c00000, 0x0000000085b00000| Complete 
|  92|0x0000000085c00000, 0x0000000085d00000, 0x0000000085d00000|100%|HC|  |TAMS 0x0000000085d00000, 0x0000000085c00000| Complete 
|  93|0x0000000085d00000, 0x0000000085e00000, 0x0000000085e00000|100%|HS|  |TAMS 0x0000000085e00000, 0x0000000085d00000| Complete 
|  94|0x0000000085e00000, 0x0000000085f00000, 0x0000000085f00000|100%|HC|  |TAMS 0x0000000085f00000, 0x0000000085e00000| Complete 
|  95|0x0000000085f00000, 0x0000000086000000, 0x0000000086000000|100%|HC|  |TAMS 0x0000000086000000, 0x0000000085f00000| Complete 
|  96|0x0000000086000000, 0x0000000086100000, 0x0000000086100000|100%| O|  |TAMS 0x0000000086100000, 0x0000000086000000| Untracked 
|  97|0x0000000086100000, 0x0000000086200000, 0x0000000086200000|100%|HS|  |TAMS 0x0000000086200000, 0x0000000086100000| Complete 
|  98|0x0000000086200000, 0x0000000086300000, 0x0000000086300000|100%|HC|  |TAMS 0x0000000086300000, 0x0000000086200000| Complete 
|  99|0x0000000086300000, 0x0000000086400000, 0x0000000086400000|100%|HC|  |TAMS 0x0000000086400000, 0x0000000086300000| Complete 
| 100|0x0000000086400000, 0x0000000086500000, 0x0000000086500000|100%|HC|  |TAMS 0x0000000086500000, 0x0000000086400000| Complete 
| 101|0x0000000086500000, 0x0000000086600000, 0x0000000086600000|100%| O|  |TAMS 0x0000000086600000, 0x0000000086500000| Untracked 
| 102|0x0000000086600000, 0x0000000086700000, 0x0000000086700000|100%| O|  |TAMS 0x0000000086700000, 0x0000000086600000| Untracked 
| 103|0x0000000086700000, 0x0000000086800000, 0x0000000086800000|100%| O|  |TAMS 0x0000000086800000, 0x0000000086700000| Untracked 
| 104|0x0000000086800000, 0x0000000086900000, 0x0000000086900000|100%| O|  |TAMS 0x0000000086900000, 0x0000000086800000| Untracked 
| 105|0x0000000086900000, 0x0000000086a00000, 0x0000000086a00000|100%| O|  |TAMS 0x0000000086a00000, 0x0000000086900000| Untracked 
| 106|0x0000000086a00000, 0x0000000086b00000, 0x0000000086b00000|100%| O|  |TAMS 0x0000000086a7f800, 0x0000000086a00000| Untracked 
| 107|0x0000000086b00000, 0x0000000086c00000, 0x0000000086c00000|100%| O|  |TAMS 0x0000000086b00000, 0x0000000086b00000| Untracked 
| 108|0x0000000086c00000, 0x0000000086d00000, 0x0000000086d00000|100%| O|  |TAMS 0x0000000086c00000, 0x0000000086c00000| Untracked 
| 109|0x0000000086d00000, 0x0000000086e00000, 0x0000000086e00000|100%| O|  |TAMS 0x0000000086d00000, 0x0000000086d00000| Untracked 
| 110|0x0000000086e00000, 0x0000000086f00000, 0x0000000086f00000|100%| O|  |TAMS 0x0000000086e00000, 0x0000000086e00000| Untracked 
| 111|0x0000000086f00000, 0x0000000087000000, 0x0000000087000000|100%| O|  |TAMS 0x0000000086f00000, 0x0000000086f00000| Untracked 
| 112|0x0000000087000000, 0x0000000087100000, 0x0000000087100000|100%| O|  |TAMS 0x0000000087000000, 0x0000000087000000| Untracked 
| 113|0x0000000087100000, 0x0000000087200000, 0x0000000087200000|100%| O|  |TAMS 0x0000000087100000, 0x0000000087100000| Untracked 
| 114|0x0000000087200000, 0x0000000087300000, 0x0000000087300000|100%| O|  |TAMS 0x0000000087200000, 0x0000000087200000| Untracked 
| 115|0x0000000087300000, 0x0000000087400000, 0x0000000087400000|100%| O|  |TAMS 0x0000000087300000, 0x0000000087300000| Untracked 
| 116|0x0000000087400000, 0x0000000087500000, 0x0000000087500000|100%| O|  |TAMS 0x0000000087400000, 0x0000000087400000| Untracked 
| 117|0x0000000087500000, 0x00000000875ff200, 0x0000000087600000| 99%| O|  |TAMS 0x0000000087500000, 0x0000000087500000| Untracked 
| 118|0x0000000087600000, 0x0000000087600000, 0x0000000087700000|  0%| F|  |TAMS 0x0000000087600000, 0x0000000087600000| Untracked 
| 119|0x0000000087700000, 0x0000000087700000, 0x0000000087800000|  0%| F|  |TAMS 0x0000000087700000, 0x0000000087700000| Untracked 
| 120|0x0000000087800000, 0x0000000087800000, 0x0000000087900000|  0%| F|  |TAMS 0x0000000087800000, 0x0000000087800000| Untracked 
| 121|0x0000000087900000, 0x0000000087900000, 0x0000000087a00000|  0%| F|  |TAMS 0x0000000087900000, 0x0000000087900000| Untracked 
| 122|0x0000000087a00000, 0x0000000087a00000, 0x0000000087b00000|  0%| F|  |TAMS 0x0000000087a00000, 0x0000000087a00000| Untracked 
| 123|0x0000000087b00000, 0x0000000087b00000, 0x0000000087c00000|  0%| F|  |TAMS 0x0000000087b00000, 0x0000000087b00000| Untracked 
| 124|0x0000000087c00000, 0x0000000087c00000, 0x0000000087d00000|  0%| F|  |TAMS 0x0000000087c00000, 0x0000000087c00000| Untracked 
| 125|0x0000000087d00000, 0x0000000087d00000, 0x0000000087e00000|  0%| F|  |TAMS 0x0000000087d00000, 0x0000000087d00000| Untracked 
| 126|0x0000000087e00000, 0x0000000087e00000, 0x0000000087f00000|  0%| F|  |TAMS 0x0000000087e00000, 0x0000000087e00000| Untracked 
| 127|0x0000000087f00000, 0x0000000087f00000, 0x0000000088000000|  0%| F|  |TAMS 0x0000000087f00000, 0x0000000087f00000| Untracked 
| 128|0x0000000088000000, 0x0000000088000000, 0x0000000088100000|  0%| F|  |TAMS 0x0000000088000000, 0x0000000088000000| Untracked 
| 129|0x0000000088100000, 0x0000000088100000, 0x0000000088200000|  0%| F|  |TAMS 0x0000000088100000, 0x0000000088100000| Untracked 
| 130|0x0000000088200000, 0x0000000088200000, 0x0000000088300000|  0%| F|  |TAMS 0x0000000088200000, 0x0000000088200000| Untracked 
| 131|0x0000000088300000, 0x0000000088300000, 0x0000000088400000|  0%| F|  |TAMS 0x0000000088300000, 0x0000000088300000| Untracked 
| 132|0x0000000088400000, 0x0000000088400000, 0x0000000088500000|  0%| F|  |TAMS 0x0000000088400000, 0x0000000088400000| Untracked 
| 133|0x0000000088500000, 0x0000000088500000, 0x0000000088600000|  0%| F|  |TAMS 0x0000000088500000, 0x0000000088500000| Untracked 
| 134|0x0000000088600000, 0x0000000088600000, 0x0000000088700000|  0%| F|  |TAMS 0x0000000088600000, 0x0000000088600000| Untracked 
| 135|0x0000000088700000, 0x0000000088700000, 0x0000000088800000|  0%| F|  |TAMS 0x0000000088700000, 0x0000000088700000| Untracked 
| 136|0x0000000088800000, 0x0000000088800000, 0x0000000088900000|  0%| F|  |TAMS 0x0000000088800000, 0x0000000088800000| Untracked 
| 137|0x0000000088900000, 0x0000000088900000, 0x0000000088a00000|  0%| F|  |TAMS 0x0000000088900000, 0x0000000088900000| Untracked 
| 138|0x0000000088a00000, 0x0000000088a00000, 0x0000000088b00000|  0%| F|  |TAMS 0x0000000088a00000, 0x0000000088a00000| Untracked 
| 139|0x0000000088b00000, 0x0000000088b00000, 0x0000000088c00000|  0%| F|  |TAMS 0x0000000088b00000, 0x0000000088b00000| Untracked 
| 140|0x0000000088c00000, 0x0000000088c00000, 0x0000000088d00000|  0%| F|  |TAMS 0x0000000088c00000, 0x0000000088c00000| Untracked 
| 141|0x0000000088d00000, 0x0000000088d00000, 0x0000000088e00000|  0%| F|  |TAMS 0x0000000088d00000, 0x0000000088d00000| Untracked 
| 142|0x0000000088e00000, 0x0000000088e00000, 0x0000000088f00000|  0%| F|  |TAMS 0x0000000088e00000, 0x0000000088e00000| Untracked 
| 143|0x0000000088f00000, 0x0000000088f00000, 0x0000000089000000|  0%| F|  |TAMS 0x0000000088f00000, 0x0000000088f00000| Untracked 
| 144|0x0000000089000000, 0x0000000089000000, 0x0000000089100000|  0%| F|  |TAMS 0x0000000089000000, 0x0000000089000000| Untracked 
| 145|0x0000000089100000, 0x0000000089100000, 0x0000000089200000|  0%| F|  |TAMS 0x0000000089100000, 0x0000000089100000| Untracked 
| 146|0x0000000089200000, 0x0000000089200000, 0x0000000089300000|  0%| F|  |TAMS 0x0000000089200000, 0x0000000089200000| Untracked 
| 147|0x0000000089300000, 0x0000000089300000, 0x0000000089400000|  0%| F|  |TAMS 0x0000000089300000, 0x0000000089300000| Untracked 
| 148|0x0000000089400000, 0x0000000089400000, 0x0000000089500000|  0%| F|  |TAMS 0x0000000089400000, 0x0000000089400000| Untracked 
| 149|0x0000000089500000, 0x0000000089500000, 0x0000000089600000|  0%| F|  |TAMS 0x0000000089500000, 0x0000000089500000| Untracked 
| 150|0x0000000089600000, 0x00000000896471c0, 0x0000000089700000| 27%| S|CS|TAMS 0x0000000089600000, 0x0000000089600000| Complete 
| 151|0x0000000089700000, 0x0000000089800000, 0x0000000089800000|100%| S|CS|TAMS 0x0000000089700000, 0x0000000089700000| Complete 
| 152|0x0000000089800000, 0x0000000089800000, 0x0000000089900000|  0%| F|  |TAMS 0x0000000089800000, 0x0000000089800000| Untracked 
| 153|0x0000000089900000, 0x0000000089900000, 0x0000000089a00000|  0%| F|  |TAMS 0x0000000089900000, 0x0000000089900000| Untracked 
| 154|0x0000000089a00000, 0x0000000089a00000, 0x0000000089b00000|  0%| F|  |TAMS 0x0000000089a00000, 0x0000000089a00000| Untracked 
| 155|0x0000000089b00000, 0x0000000089b00000, 0x0000000089c00000|  0%| F|  |TAMS 0x0000000089b00000, 0x0000000089b00000| Untracked 
| 156|0x0000000089c00000, 0x0000000089c00000, 0x0000000089d00000|  0%| F|  |TAMS 0x0000000089c00000, 0x0000000089c00000| Untracked 
| 157|0x0000000089d00000, 0x0000000089d00000, 0x0000000089e00000|  0%| F|  |TAMS 0x0000000089d00000, 0x0000000089d00000| Untracked 
| 158|0x0000000089e00000, 0x0000000089e00000, 0x0000000089f00000|  0%| F|  |TAMS 0x0000000089e00000, 0x0000000089e00000| Untracked 
| 159|0x0000000089f00000, 0x0000000089f00000, 0x000000008a000000|  0%| F|  |TAMS 0x0000000089f00000, 0x0000000089f00000| Untracked 
| 160|0x000000008a000000, 0x000000008a000000, 0x000000008a100000|  0%| F|  |TAMS 0x000000008a000000, 0x000000008a000000| Untracked 
| 161|0x000000008a100000, 0x000000008a100000, 0x000000008a200000|  0%| F|  |TAMS 0x000000008a100000, 0x000000008a100000| Untracked 
| 162|0x000000008a200000, 0x000000008a300000, 0x000000008a300000|100%| E|  |TAMS 0x000000008a200000, 0x000000008a200000| Complete 
| 163|0x000000008a300000, 0x000000008a400000, 0x000000008a400000|100%| E|CS|TAMS 0x000000008a300000, 0x000000008a300000| Complete 
| 164|0x000000008a400000, 0x000000008a500000, 0x000000008a500000|100%| E|CS|TAMS 0x000000008a400000, 0x000000008a400000| Complete 
| 165|0x000000008a500000, 0x000000008a600000, 0x000000008a600000|100%| E|CS|TAMS 0x000000008a500000, 0x000000008a500000| Complete 
| 166|0x000000008a600000, 0x000000008a700000, 0x000000008a700000|100%| E|CS|TAMS 0x000000008a600000, 0x000000008a600000| Complete 
| 167|0x000000008a700000, 0x000000008a800000, 0x000000008a800000|100%| E|CS|TAMS 0x000000008a700000, 0x000000008a700000| Complete 
| 168|0x000000008a800000, 0x000000008a900000, 0x000000008a900000|100%| E|CS|TAMS 0x000000008a800000, 0x000000008a800000| Complete 
| 169|0x000000008a900000, 0x000000008aa00000, 0x000000008aa00000|100%| E|CS|TAMS 0x000000008a900000, 0x000000008a900000| Complete 
| 170|0x000000008aa00000, 0x000000008ab00000, 0x000000008ab00000|100%| E|CS|TAMS 0x000000008aa00000, 0x000000008aa00000| Complete 
| 171|0x000000008ab00000, 0x000000008ac00000, 0x000000008ac00000|100%| E|CS|TAMS 0x000000008ab00000, 0x000000008ab00000| Complete 
| 172|0x000000008ac00000, 0x000000008ad00000, 0x000000008ad00000|100%| E|CS|TAMS 0x000000008ac00000, 0x000000008ac00000| Complete 
| 173|0x000000008ad00000, 0x000000008ae00000, 0x000000008ae00000|100%| E|CS|TAMS 0x000000008ad00000, 0x000000008ad00000| Complete 
| 174|0x000000008ae00000, 0x000000008af00000, 0x000000008af00000|100%| E|CS|TAMS 0x000000008ae00000, 0x000000008ae00000| Complete 
| 175|0x000000008af00000, 0x000000008b000000, 0x000000008b000000|100%| E|CS|TAMS 0x000000008af00000, 0x000000008af00000| Complete 
| 176|0x000000008b000000, 0x000000008b100000, 0x000000008b100000|100%| E|CS|TAMS 0x000000008b000000, 0x000000008b000000| Complete 
| 177|0x000000008b100000, 0x000000008b200000, 0x000000008b200000|100%| E|CS|TAMS 0x000000008b100000, 0x000000008b100000| Complete 
| 178|0x000000008b200000, 0x000000008b300000, 0x000000008b300000|100%| E|CS|TAMS 0x000000008b200000, 0x000000008b200000| Complete 
| 179|0x000000008b300000, 0x000000008b400000, 0x000000008b400000|100%| E|CS|TAMS 0x000000008b300000, 0x000000008b300000| Complete 
| 180|0x000000008b400000, 0x000000008b500000, 0x000000008b500000|100%| E|CS|TAMS 0x000000008b400000, 0x000000008b400000| Complete 
| 181|0x000000008b500000, 0x000000008b600000, 0x000000008b600000|100%| E|CS|TAMS 0x000000008b500000, 0x000000008b500000| Complete 
| 182|0x000000008b600000, 0x000000008b700000, 0x000000008b700000|100%| E|CS|TAMS 0x000000008b600000, 0x000000008b600000| Complete 
| 183|0x000000008b700000, 0x000000008b800000, 0x000000008b800000|100%| E|CS|TAMS 0x000000008b700000, 0x000000008b700000| Complete 
| 184|0x000000008b800000, 0x000000008b900000, 0x000000008b900000|100%| E|CS|TAMS 0x000000008b800000, 0x000000008b800000| Complete 
| 185|0x000000008b900000, 0x000000008ba00000, 0x000000008ba00000|100%| E|CS|TAMS 0x000000008b900000, 0x000000008b900000| Complete 
| 186|0x000000008ba00000, 0x000000008bb00000, 0x000000008bb00000|100%| E|CS|TAMS 0x000000008ba00000, 0x000000008ba00000| Complete 
| 187|0x000000008bb00000, 0x000000008bc00000, 0x000000008bc00000|100%| E|CS|TAMS 0x000000008bb00000, 0x000000008bb00000| Complete 
| 188|0x000000008bc00000, 0x000000008bd00000, 0x000000008bd00000|100%| E|CS|TAMS 0x000000008bc00000, 0x000000008bc00000| Complete 
| 189|0x000000008bd00000, 0x000000008be00000, 0x000000008be00000|100%| E|CS|TAMS 0x000000008bd00000, 0x000000008bd00000| Complete 
| 190|0x000000008be00000, 0x000000008bf00000, 0x000000008bf00000|100%| E|CS|TAMS 0x000000008be00000, 0x000000008be00000| Complete 
| 191|0x000000008bf00000, 0x000000008c000000, 0x000000008c000000|100%| E|CS|TAMS 0x000000008bf00000, 0x000000008bf00000| Complete 
| 192|0x000000008c000000, 0x000000008c100000, 0x000000008c100000|100%| E|CS|TAMS 0x000000008c000000, 0x000000008c000000| Complete 
| 193|0x000000008c100000, 0x000000008c200000, 0x000000008c200000|100%| E|CS|TAMS 0x000000008c100000, 0x000000008c100000| Complete 
| 194|0x000000008c200000, 0x000000008c300000, 0x000000008c300000|100%| E|CS|TAMS 0x000000008c200000, 0x000000008c200000| Complete 

Card table byte_map: [0x000001d4269c0000,0x000001d426dc0000] _byte_map_base: 0x000001d4265c0000

Marking Bits (Prev, Next): (CMBitMap*) 0x000001d413f0cd48, (CMBitMap*) 0x000001d413f0cd80
 Prev Bits: [0x000001d4271c0000, 0x000001d4291c0000)
 Next Bits: [0x000001d4291c0000, 0x000001d42b1c0000)

Polling page: 0x000001d411e80000

Metaspace:

Usage:
  Non-class:     87.70 MB capacity,    86.09 MB ( 98%) used,     1.36 MB (  2%) free+waste,   262.38 KB ( <1%) overhead. 
      Class:     13.26 MB capacity,    12.40 MB ( 94%) used,   754.70 KB (  6%) free+waste,   119.38 KB ( <1%) overhead. 
       Both:    100.96 MB capacity,    98.49 MB ( 98%) used,     2.10 MB (  2%) free+waste,   381.75 KB ( <1%) overhead. 

Virtual space:
  Non-class space:       88.00 MB reserved,      87.92 MB (>99%) committed 
      Class space:        1.00 GB reserved,      13.38 MB (  1%) committed 
             Both:        1.09 GB reserved,     101.30 MB (  9%) committed 

Chunk freelists:
   Non-Class:  34.00 KB
       Class:  0 bytes
        Both:  34.00 KB

MaxMetaspaceSize: 17179869184.00 GB
CompressedClassSpaceSize: 1.00 GB

CodeHeap 'non-profiled nmethods': size=120064Kb used=9327Kb max_used=9846Kb free=110736Kb
 bounds [0x000001d41f480000, 0x000001d41fe20000, 0x000001d4269c0000]
CodeHeap 'profiled nmethods': size=120000Kb used=25706Kb max_used=27811Kb free=94293Kb
 bounds [0x000001d417f50000, 0x000001d419a80000, 0x000001d41f480000]
CodeHeap 'non-nmethods': size=5696Kb used=2304Kb max_used=2345Kb free=3391Kb
 bounds [0x000001d4179c0000, 0x000001d417c30000, 0x000001d417f50000]
 total_blobs=12673 nmethods=11739 adapters=846
 compilation: enabled
              stopped_count=0, restarted_count=0
 full_count=0

Compilation events (20 events):
Event: 280.151 Thread 0x000001d42d611000 12726       2       jdk.internal.misc.VM::isBooted (13 bytes)
Event: 280.152 Thread 0x000001d42d611000 nmethod 12726 0x000001d417f52790 code [0x000001d417f52940, 0x000001d417f52a38]
Event: 280.230 Thread 0x000001d42d611000 12729       2       com.sun.org.apache.xerces.internal.utils.XMLSecurityManager$Limit::equalsAPIPropertyName (17 bytes)
Event: 280.231 Thread 0x000001d42d611000 nmethod 12729 0x000001d417fb7510 code [0x000001d417fb76c0, 0x000001d417fb7808]
Event: 280.269 Thread 0x000001d42d611000 12730       2       com.sun.org.apache.xerces.internal.util.XMLAttributesImpl$Attribute::<init> (27 bytes)
Event: 280.270 Thread 0x000001d42d611000 nmethod 12730 0x000001d417fbe590 code [0x000001d417fbe760, 0x000001d417fbec38]
Event: 280.296 Thread 0x000001d42d611000 12731       2       com.sun.org.apache.xerces.internal.util.ParserConfigurationSettings::getFeature (31 bytes)
Event: 280.297 Thread 0x000001d42d611000 nmethod 12731 0x000001d417fbc590 code [0x000001d417fbc760, 0x000001d417fbc958]
Event: 280.346 Thread 0x000001d42d611000 12733       2       com.sun.org.apache.xerces.internal.impl.XMLDocumentFragmentScannerImpl$ElementStack::<init> (57 bytes)
Event: 280.346 Thread 0x000001d42d611000 nmethod 12733 0x000001d417fbdd90 code [0x000001d417fbdf60, 0x000001d417fbe438]
Event: 280.346 Thread 0x000001d42d611000 12734       2       com.sun.org.apache.xerces.internal.impl.XMLDocumentFragmentScannerImpl$ElementStack2::<init> (59 bytes)
Event: 280.347 Thread 0x000001d42d611000 nmethod 12734 0x000001d417fc1890 code [0x000001d417fc1a60, 0x000001d417fc1e58]
Event: 280.532 Thread 0x000001d42d611000 12736   !   2       com.sun.org.apache.xerces.internal.impl.XMLDocumentScannerImpl$PrologDriver::next (1183 bytes)
Event: 280.539 Thread 0x000001d42d611000 nmethod 12736 0x000001d41800de90 code [0x000001d41800e360, 0x000001d41800fb48]
Event: 280.549 Thread 0x000001d42d611000 12737       2       com.sun.org.apache.xerces.internal.impl.XMLEntityScanner::<init> (86 bytes)
Event: 280.550 Thread 0x000001d42d611000 nmethod 12737 0x000001d417fc1190 code [0x000001d417fc1360, 0x000001d417fc17b8]
Event: 280.770 Thread 0x000001d42d611000 12738       2       com.sun.org.apache.xerces.internal.util.AugmentationsImpl::putItem (37 bytes)
Event: 280.771 Thread 0x000001d42d611000 nmethod 12738 0x000001d417fbd810 code [0x000001d417fbd9e0, 0x000001d417fbdbe8]
Event: 280.771 Thread 0x000001d42d611000 12739       2       com.sun.org.apache.xerces.internal.util.AugmentationsImpl$SmallContainer::putItem (92 bytes)
Event: 280.772 Thread 0x000001d42d611000 nmethod 12739 0x000001d417fca210 code [0x000001d417fca400, 0x000001d417fca8c8]

GC Heap History (20 events):
Event: 224.519 GC heap before
{Heap before GC invocations=155 (full 0):
 garbage-first heap   total 165888K, used 133248K [0x0000000080000000, 0x0000000100000000)
  region size 1024K, 19 young (19456K), 1 survivors (1024K)
 Metaspace       used 92958K, capacity 95281K, committed 95536K, reserved 1132544K
  class space    used 11852K, capacity 12651K, committed 12672K, reserved 1048576K
}
Event: 224.524 GC heap after
{Heap after GC invocations=156 (full 0):
 garbage-first heap   total 165888K, used 114850K [0x0000000080000000, 0x0000000100000000)
  region size 1024K, 1 young (1024K), 1 survivors (1024K)
 Metaspace       used 92958K, capacity 95281K, committed 95536K, reserved 1132544K
  class space    used 11852K, capacity 12651K, committed 12672K, reserved 1048576K
}
Event: 229.344 GC heap before
{Heap before GC invocations=156 (full 0):
 garbage-first heap   total 165888K, used 134306K [0x0000000080000000, 0x0000000100000000)
  region size 1024K, 20 young (20480K), 1 survivors (1024K)
 Metaspace       used 95131K, capacity 97493K, committed 97584K, reserved 1134592K
  class space    used 12089K, capacity 12914K, committed 12928K, reserved 1048576K
}
Event: 229.353 GC heap after
{Heap after GC invocations=157 (full 0):
 garbage-first heap   total 165888K, used 116135K [0x0000000080000000, 0x0000000100000000)
  region size 1024K, 2 young (2048K), 2 survivors (2048K)
 Metaspace       used 95131K, capacity 97493K, committed 97584K, reserved 1134592K
  class space    used 12089K, capacity 12914K, committed 12928K, reserved 1048576K
}
Event: 230.560 GC heap before
{Heap before GC invocations=157 (full 0):
 garbage-first heap   total 165888K, used 135591K [0x0000000080000000, 0x0000000100000000)
  region size 1024K, 21 young (21504K), 2 survivors (2048K)
 Metaspace       used 97128K, capacity 99563K, committed 99760K, reserved 1136640K
  class space    used 12358K, capacity 13195K, committed 13312K, reserved 1048576K
}
Event: 230.575 GC heap after
{Heap after GC invocations=158 (full 0):
 garbage-first heap   total 165888K, used 117651K [0x0000000080000000, 0x0000000100000000)
  region size 1024K, 3 young (3072K), 3 survivors (3072K)
 Metaspace       used 97128K, capacity 99563K, committed 99760K, reserved 1136640K
  class space    used 12358K, capacity 13195K, committed 13312K, reserved 1048576K
}
Event: 231.190 GC heap before
{Heap before GC invocations=158 (full 0):
 garbage-first heap   total 165888K, used 136083K [0x0000000080000000, 0x0000000100000000)
  region size 1024K, 22 young (22528K), 3 survivors (3072K)
 Metaspace       used 97272K, capacity 99703K, committed 100016K, reserved 1136640K
  class space    used 12365K, capacity 13197K, committed 13312K, reserved 1048576K
}
Event: 231.212 GC heap after
{Heap after GC invocations=159 (full 0):
 garbage-first heap   total 165888K, used 119835K [0x0000000080000000, 0x0000000100000000)
  region size 1024K, 3 young (3072K), 3 survivors (3072K)
 Metaspace       used 97272K, capacity 99703K, committed 100016K, reserved 1136640K
  class space    used 12365K, capacity 13197K, committed 13312K, reserved 1048576K
}
Event: 232.263 GC heap before
{Heap before GC invocations=159 (full 0):
 garbage-first heap   total 165888K, used 137243K [0x0000000080000000, 0x0000000100000000)
  region size 1024K, 21 young (21504K), 3 survivors (3072K)
 Metaspace       used 97537K, capacity 99981K, committed 100272K, reserved 1136640K
  class space    used 12378K, capacity 13210K, committed 13312K, reserved 1048576K
}
Event: 232.295 GC heap after
{Heap after GC invocations=160 (full 0):
 garbage-first heap   total 199680K, used 121263K [0x0000000080000000, 0x0000000100000000)
  region size 1024K, 3 young (3072K), 3 survivors (3072K)
 Metaspace       used 97537K, capacity 99981K, committed 100272K, reserved 1136640K
  class space    used 12378K, capacity 13210K, committed 13312K, reserved 1048576K
}
Event: 234.117 GC heap before
{Heap before GC invocations=160 (full 0):
 garbage-first heap   total 199680K, used 156079K [0x0000000080000000, 0x0000000100000000)
  region size 1024K, 37 young (37888K), 3 survivors (3072K)
 Metaspace       used 97627K, capacity 100088K, committed 100272K, reserved 1136640K
  class space    used 12382K, capacity 13217K, committed 13312K, reserved 1048576K
}
Event: 234.131 GC heap after
{Heap after GC invocations=161 (full 0):
 garbage-first heap   total 199680K, used 121466K [0x0000000080000000, 0x0000000100000000)
  region size 1024K, 1 young (1024K), 1 survivors (1024K)
 Metaspace       used 97627K, capacity 100088K, committed 100272K, reserved 1136640K
  class space    used 12382K, capacity 13217K, committed 13312K, reserved 1048576K
}
Event: 238.219 GC heap before
{Heap before GC invocations=161 (full 0):
 garbage-first heap   total 199680K, used 159354K [0x0000000080000000, 0x0000000100000000)
  region size 1024K, 38 young (38912K), 1 survivors (1024K)
 Metaspace       used 98048K, capacity 100550K, committed 100784K, reserved 1136640K
  class space    used 12416K, capacity 13232K, committed 13312K, reserved 1048576K
}
Event: 238.244 GC heap after
{Heap after GC invocations=162 (full 0):
 garbage-first heap   total 199680K, used 121829K [0x0000000080000000, 0x0000000100000000)
  region size 1024K, 1 young (1024K), 1 survivors (1024K)
 Metaspace       used 98048K, capacity 100550K, committed 100784K, reserved 1136640K
  class space    used 12416K, capacity 13232K, committed 13312K, reserved 1048576K
}
Event: 247.051 GC heap before
{Heap before GC invocations=162 (full 0):
 garbage-first heap   total 199680K, used 161765K [0x0000000080000000, 0x0000000100000000)
  region size 1024K, 40 young (40960K), 1 survivors (1024K)
 Metaspace       used 98056K, capacity 100562K, committed 100784K, reserved 1136640K
  class space    used 12417K, capacity 13234K, committed 13312K, reserved 1048576K
}
Event: 247.062 GC heap after
{Heap after GC invocations=163 (full 0):
 garbage-first heap   total 199680K, used 121852K [0x0000000080000000, 0x0000000100000000)
  region size 1024K, 1 young (1024K), 1 survivors (1024K)
 Metaspace       used 98056K, capacity 100562K, committed 100784K, reserved 1136640K
  class space    used 12417K, capacity 13234K, committed 13312K, reserved 1048576K
}
Event: 251.115 GC heap before
{Heap before GC invocations=163 (full 0):
 garbage-first heap   total 199680K, used 162812K [0x0000000080000000, 0x0000000100000000)
  region size 1024K, 41 young (41984K), 1 survivors (1024K)
 Metaspace       used 98056K, capacity 100562K, committed 100784K, reserved 1136640K
  class space    used 12417K, capacity 13234K, committed 13312K, reserved 1048576K
}
Event: 251.126 GC heap after
{Heap after GC invocations=164 (full 0):
 garbage-first heap   total 199680K, used 121944K [0x0000000080000000, 0x0000000100000000)
  region size 1024K, 2 young (2048K), 2 survivors (2048K)
 Metaspace       used 98056K, capacity 100562K, committed 100784K, reserved 1136640K
  class space    used 12417K, capacity 13234K, committed 13312K, reserved 1048576K
}
Event: 270.696 GC heap before
{Heap before GC invocations=164 (full 0):
 garbage-first heap   total 199680K, used 163928K [0x0000000080000000, 0x0000000100000000)
  region size 1024K, 43 young (44032K), 2 survivors (2048K)
 Metaspace       used 98566K, capacity 101084K, committed 101296K, reserved 1136640K
  class space    used 12467K, capacity 13300K, committed 13312K, reserved 1048576K
}
Event: 270.703 GC heap after
{Heap after GC invocations=165 (full 0):
 garbage-first heap   total 199680K, used 122136K [0x0000000080000000, 0x0000000100000000)
  region size 1024K, 2 young (2048K), 2 survivors (2048K)
 Metaspace       used 98566K, capacity 101084K, committed 101296K, reserved 1136640K
  class space    used 12467K, capacity 13300K, committed 13312K, reserved 1048576K
}

Deoptimization events (20 events):
Event: 277.421 Thread 0x000001d42f6fc800 Uncommon trap: trap_request=0xffffff4d fr.pc=0x000001d41fc4d4e0 relative=0x0000000000000040
Event: 277.421 Thread 0x000001d42f6fc800 Uncommon trap: reason=unstable_if action=reinterpret pc=0x000001d41fc4d4e0 method=java.lang.String.valueOf(Ljava/lang/Object;)Ljava/lang/String; @ 1 c2
Event: 277.421 Thread 0x000001d42f6fc800 DEOPT PACKING pc=0x000001d41fc4d4e0 sp=0x00000002e70f8fe0
Event: 277.421 Thread 0x000001d42f6fc800 DEOPT UNPACKING pc=0x000001d4179e6029 sp=0x00000002e70f8f78 mode 2
Event: 277.545 Thread 0x000001d42f6fc800 Uncommon trap: trap_request=0xffffff4d fr.pc=0x000001d41fd8fc34 relative=0x0000000000000eb4
Event: 277.545 Thread 0x000001d42f6fc800 Uncommon trap: reason=unstable_if action=reinterpret pc=0x000001d41fd8fc34 method=com.sun.org.apache.xerces.internal.util.SymbolTable.addSymbol0([CIIII)Ljava/lang/String; @ 8 c2
Event: 277.545 Thread 0x000001d42f6fc800 DEOPT PACKING pc=0x000001d41fd8fc34 sp=0x00000002e70f8bd0
Event: 277.545 Thread 0x000001d42f6fc800 DEOPT UNPACKING pc=0x000001d4179e6029 sp=0x00000002e70f8b08 mode 2
Event: 277.570 Thread 0x000001d42f6fc800 Uncommon trap: trap_request=0xffffff4d fr.pc=0x000001d41faed22c relative=0x000000000000114c
Event: 277.571 Thread 0x000001d42f6fc800 Uncommon trap: reason=unstable_if action=reinterpret pc=0x000001d41faed22c method=java.util.WeakHashMap.remove(Ljava/lang/Object;)Ljava/lang/Object; @ 94 c2
Event: 277.571 Thread 0x000001d42f6fc800 DEOPT PACKING pc=0x000001d41faed22c sp=0x00000002e70f8b60
Event: 277.571 Thread 0x000001d42f6fc800 DEOPT UNPACKING pc=0x000001d4179e6029 sp=0x00000002e70f8a38 mode 2
Event: 277.656 Thread 0x000001d42f6fc800 DEOPT PACKING pc=0x000001d41991e1bb sp=0x00000002e70f8a90
Event: 277.656 Thread 0x000001d42f6fc800 DEOPT UNPACKING pc=0x000001d4179e643f sp=0x00000002e70f7f50 mode 0
Event: 277.667 Thread 0x000001d42f6fc800 DEOPT PACKING pc=0x000001d417f6a8b8 sp=0x00000002e70f8c20
Event: 277.667 Thread 0x000001d42f6fc800 DEOPT UNPACKING pc=0x000001d4179e643f sp=0x00000002e70f8120 mode 0
Event: 277.882 Thread 0x000001d42f6fc800 Uncommon trap: trap_request=0xffffff4d fr.pc=0x000001d41fcfa3dc relative=0x000000000000061c
Event: 277.882 Thread 0x000001d42f6fc800 Uncommon trap: reason=unstable_if action=reinterpret pc=0x000001d41fcfa3dc method=java.lang.ThreadLocal$ThreadLocalMap.remove(Ljava/lang/ThreadLocal;)V @ 26 c2
Event: 277.882 Thread 0x000001d42f6fc800 DEOPT PACKING pc=0x000001d41fcfa3dc sp=0x00000002e70f9350
Event: 277.882 Thread 0x000001d42f6fc800 DEOPT UNPACKING pc=0x000001d4179e6029 sp=0x00000002e70f9300 mode 2

Classes redefined (0 events):
No events

Internal exceptions (20 events):
Event: 279.925 Thread 0x000001d42f6fc800 Exception <a 'sun/nio/fs/WindowsException'{0x000000008b7469c8}> (0x000000008b7469c8) thrown at [./src/hotspot/share/prims/jni.cpp, line 615]
Event: 279.925 Thread 0x000001d42f6fc800 Exception <a 'sun/nio/fs/WindowsException'{0x000000008b746a48}> (0x000000008b746a48) thrown at [./src/hotspot/share/prims/jni.cpp, line 615]
Event: 279.925 Thread 0x000001d42f6fc800 Exception <a 'sun/nio/fs/WindowsException'{0x000000008b7493e0}> (0x000000008b7493e0) thrown at [./src/hotspot/share/prims/jni.cpp, line 615]
Event: 279.925 Thread 0x000001d42f6fc800 Exception <a 'sun/nio/fs/WindowsException'{0x000000008b749460}> (0x000000008b749460) thrown at [./src/hotspot/share/prims/jni.cpp, line 615]
Event: 279.950 Thread 0x000001d42f6fc800 Exception <a 'sun/nio/fs/WindowsException'{0x000000008b74df38}> (0x000000008b74df38) thrown at [./src/hotspot/share/prims/jni.cpp, line 615]
Event: 279.950 Thread 0x000001d42f6fc800 Exception <a 'sun/nio/fs/WindowsException'{0x000000008b74dfb8}> (0x000000008b74dfb8) thrown at [./src/hotspot/share/prims/jni.cpp, line 615]
Event: 279.951 Thread 0x000001d42f6fc800 Exception <a 'sun/nio/fs/WindowsException'{0x000000008b750980}> (0x000000008b750980) thrown at [./src/hotspot/share/prims/jni.cpp, line 615]
Event: 279.951 Thread 0x000001d42f6fc800 Exception <a 'sun/nio/fs/WindowsException'{0x000000008b750a00}> (0x000000008b750a00) thrown at [./src/hotspot/share/prims/jni.cpp, line 615]
Event: 279.973 Thread 0x000001d42f6fc800 Exception <a 'sun/nio/fs/WindowsException'{0x000000008b7548c8}> (0x000000008b7548c8) thrown at [./src/hotspot/share/prims/jni.cpp, line 615]
Event: 279.973 Thread 0x000001d42f6fc800 Exception <a 'sun/nio/fs/WindowsException'{0x000000008b7549f8}> (0x000000008b7549f8) thrown at [./src/hotspot/share/prims/jni.cpp, line 615]
Event: 279.974 Thread 0x000001d42f6fc800 Exception <a 'sun/nio/fs/WindowsException'{0x000000008b757350}> (0x000000008b757350) thrown at [./src/hotspot/share/prims/jni.cpp, line 615]
Event: 279.974 Thread 0x000001d42f6fc800 Exception <a 'sun/nio/fs/WindowsException'{0x000000008b7573d0}> (0x000000008b7573d0) thrown at [./src/hotspot/share/prims/jni.cpp, line 615]
Event: 279.975 Thread 0x000001d42f6fc800 Exception <a 'sun/nio/fs/WindowsException'{0x000000008b75a728}> (0x000000008b75a728) thrown at [./src/hotspot/share/prims/jni.cpp, line 615]
Event: 279.975 Thread 0x000001d42f6fc800 Exception <a 'sun/nio/fs/WindowsException'{0x000000008b75a7a8}> (0x000000008b75a7a8) thrown at [./src/hotspot/share/prims/jni.cpp, line 615]
Event: 279.976 Thread 0x000001d42f6fc800 Exception <a 'sun/nio/fs/WindowsException'{0x000000008b75d140}> (0x000000008b75d140) thrown at [./src/hotspot/share/prims/jni.cpp, line 615]
Event: 279.976 Thread 0x000001d42f6fc800 Exception <a 'sun/nio/fs/WindowsException'{0x000000008b75d1c0}> (0x000000008b75d1c0) thrown at [./src/hotspot/share/prims/jni.cpp, line 615]
Event: 280.000 Thread 0x000001d42f6fc800 Exception <a 'sun/nio/fs/WindowsException'{0x000000008b761cd8}> (0x000000008b761cd8) thrown at [./src/hotspot/share/prims/jni.cpp, line 615]
Event: 280.001 Thread 0x000001d42f6fc800 Exception <a 'sun/nio/fs/WindowsException'{0x000000008b761d58}> (0x000000008b761d58) thrown at [./src/hotspot/share/prims/jni.cpp, line 615]
Event: 280.001 Thread 0x000001d42f6fc800 Exception <a 'sun/nio/fs/WindowsException'{0x000000008b764738}> (0x000000008b764738) thrown at [./src/hotspot/share/prims/jni.cpp, line 615]
Event: 280.001 Thread 0x000001d42f6fc800 Exception <a 'sun/nio/fs/WindowsException'{0x000000008b7647b8}> (0x000000008b7647b8) thrown at [./src/hotspot/share/prims/jni.cpp, line 615]

Events (20 events):
Event: 277.847 loading class com/sun/org/apache/xerces/internal/impl/xpath/regex/RegularExpression$ClosureContext done
Event: 277.851 loading class javax/xml/bind/DatatypeConverter
Event: 277.851 loading class javax/xml/bind/DatatypeConverter done
Event: 277.867 loading class javax/xml/bind/JAXBPermission
Event: 277.867 loading class javax/xml/bind/JAXBPermission done
Event: 277.869 loading class javax/xml/bind/DatatypeConverterImpl
Event: 277.869 loading class javax/xml/bind/DatatypeConverterImpl done
Event: 277.873 loading class javax/xml/datatype/FactoryFinder
Event: 277.874 loading class javax/xml/datatype/FactoryFinder done
Event: 277.877 loading class javax/xml/datatype/FactoryFinder$1
Event: 277.877 loading class javax/xml/datatype/FactoryFinder$1 done
Event: 277.895 loading class com/android/builder/sdk/DefaultSdkLoader$InstallResultType
Event: 277.895 loading class com/android/builder/sdk/DefaultSdkLoader$InstallResultType done
Event: 277.906 loading class com/android/builder/sdk/DefaultSdkLoader$InstallResultType
Event: 277.906 loading class com/android/builder/sdk/DefaultSdkLoader$InstallResultType done
Event: 277.907 loading class com/android/builder/sdk/DefaultSdkLoader$InstallResultType
Event: 277.907 loading class com/android/builder/sdk/DefaultSdkLoader$InstallResultType done
Event: 277.907 loading class com/android/builder/sdk/DefaultSdkLoader$InstallResultType
Event: 277.907 loading class com/android/builder/sdk/DefaultSdkLoader$InstallResultType done
Event: 280.022 Loaded shared library C:\Users\felip\OneDrive\Desktop\android-studio\jre\bin\nio.dll


Dynamic libraries:
0x00007ff7c3a90000 - 0x00007ff7c3a9a000 	C:\Users\felip\OneDrive\Desktop\android-studio\jre\bin\java.exe
0x00007ff9d52b0000 - 0x00007ff9d54a5000 	C:\Windows\SYSTEM32\ntdll.dll
0x00007ff9b0f10000 - 0x00007ff9b0f25000 	C:\Program Files\Avast Software\Avast\aswhook.dll
0x00007ff9d3360000 - 0x00007ff9d341e000 	C:\Windows\System32\KERNEL32.DLL
0x00007ff9d29d0000 - 0x00007ff9d2c99000 	C:\Windows\System32\KERNELBASE.dll
0x00007ff9d0320000 - 0x00007ff9d03b0000 	C:\Windows\SYSTEM32\apphelp.dll
0x00007ff9d2e80000 - 0x00007ff9d2f80000 	C:\Windows\System32\ucrtbase.dll
0x00007ff9cb850000 - 0x00007ff9cb869000 	C:\Users\felip\OneDrive\Desktop\android-studio\jre\bin\jli.dll
0x00007ff9d45b0000 - 0x00007ff9d4751000 	C:\Windows\System32\USER32.dll
0x00007ff9d3110000 - 0x00007ff9d3132000 	C:\Windows\System32\win32u.dll
0x00007ff9d4080000 - 0x00007ff9d40ab000 	C:\Windows\System32\GDI32.dll
0x00007ff9c2c60000 - 0x00007ff9c2efa000 	C:\Windows\WinSxS\amd64_microsoft.windows.common-controls_6595b64144ccf1df_6.0.19041.1110_none_60b5254171f9507e\COMCTL32.dll
0x00007ff9d3d40000 - 0x00007ff9d3dde000 	C:\Windows\System32\msvcrt.dll
0x00007ff9d2f80000 - 0x00007ff9d308b000 	C:\Windows\System32\gdi32full.dll
0x00007ff9d2d50000 - 0x00007ff9d2ded000 	C:\Windows\System32\msvcp_win.dll
0x00007ff9cb600000 - 0x00007ff9cb617000 	C:\Users\felip\OneDrive\Desktop\android-studio\jre\bin\VCRUNTIME140.dll
0x00007ff9d4930000 - 0x00007ff9d4960000 	C:\Windows\System32\IMM32.DLL
0x00007ff9b69f0000 - 0x00007ff9b6a8d000 	C:\Users\felip\OneDrive\Desktop\android-studio\jre\bin\msvcp140.dll
0x00007ff9a0ca0000 - 0x00007ff9a1775000 	C:\Users\felip\OneDrive\Desktop\android-studio\jre\bin\server\jvm.dll
0x00007ff9d3df0000 - 0x00007ff9d3e9c000 	C:\Windows\System32\ADVAPI32.dll
0x00007ff9d3c80000 - 0x00007ff9d3d1b000 	C:\Windows\System32\sechost.dll
0x00007ff9d4410000 - 0x00007ff9d453a000 	C:\Windows\System32\RPCRT4.dll
0x00007ff9c66e0000 - 0x00007ff9c66e9000 	C:\Windows\SYSTEM32\WSOCK32.dll
0x00007ff9c9c60000 - 0x00007ff9c9c6a000 	C:\Windows\SYSTEM32\VERSION.dll
0x00007ff9d3bf0000 - 0x00007ff9d3bf8000 	C:\Windows\System32\PSAPI.DLL
0x00007ff9d4540000 - 0x00007ff9d45ab000 	C:\Windows\System32\WS2_32.dll
0x00007ff9bbe10000 - 0x00007ff9bbe37000 	C:\Windows\SYSTEM32\WINMM.dll
0x00007ff9d07f0000 - 0x00007ff9d0802000 	C:\Windows\SYSTEM32\kernel.appcore.dll
0x00007ff9c2f00000 - 0x00007ff9c2f11000 	C:\Users\felip\OneDrive\Desktop\android-studio\jre\bin\verify.dll
0x00007ff9c7410000 - 0x00007ff9c75f4000 	C:\Windows\SYSTEM32\DBGHELP.DLL
0x00007ff9c73e0000 - 0x00007ff9c740c000 	C:\Windows\SYSTEM32\dbgcore.DLL
0x00007ff9d2df0000 - 0x00007ff9d2e73000 	C:\Windows\System32\bcryptPrimitives.dll
0x00007ff9bde40000 - 0x00007ff9bde69000 	C:\Users\felip\OneDrive\Desktop\android-studio\jre\bin\java.dll
0x00007ff9cbba0000 - 0x00007ff9cbbab000 	C:\Users\felip\OneDrive\Desktop\android-studio\jre\bin\jimage.dll
0x00007ff9c0810000 - 0x00007ff9c0828000 	C:\Users\felip\OneDrive\Desktop\android-studio\jre\bin\zip.dll
0x00007ff9d4960000 - 0x00007ff9d509f000 	C:\Windows\System32\SHELL32.dll
0x00007ff9d0ad0000 - 0x00007ff9d1260000 	C:\Windows\SYSTEM32\windows.storage.dll
0x00007ff9d40b0000 - 0x00007ff9d4405000 	C:\Windows\System32\combase.dll
0x00007ff9d2350000 - 0x00007ff9d237c000 	C:\Windows\SYSTEM32\Wldp.dll
0x00007ff9d3f70000 - 0x00007ff9d401d000 	C:\Windows\System32\SHCORE.dll
0x00007ff9d3710000 - 0x00007ff9d3765000 	C:\Windows\System32\shlwapi.dll
0x00007ff9d2910000 - 0x00007ff9d292f000 	C:\Windows\SYSTEM32\profapi.dll
0x00007ff9bcb20000 - 0x00007ff9bcb3a000 	C:\Users\felip\OneDrive\Desktop\android-studio\jre\bin\net.dll
0x00007ff9c7210000 - 0x00007ff9c7318000 	C:\Windows\SYSTEM32\WINHTTP.dll
0x00007ff9d20b0000 - 0x00007ff9d211a000 	C:\Windows\system32\mswsock.dll
0x00007ff9bc1e0000 - 0x00007ff9bc1f4000 	C:\Users\felip\OneDrive\Desktop\android-studio\jre\bin\nio.dll
0x00007ff9c0a10000 - 0x00007ff9c0a37000 	C:\Users\felip\.gradle\native\8bec1ad78214c89d9ad589b4d07fe93259594b29d510b10fafb7a158f7737e5d\windows-amd64\native-platform.dll
0x00007ff9ba5c0000 - 0x00007ff9ba6fd000 	C:\Users\felip\.gradle\native\53dbd7edfb1c66fb8903c78663c9afc45aea4f116125fa6feffd364cf09443e8\windows-amd64\native-platform-file-events.dll
0x00007ff9cb140000 - 0x00007ff9cb14a000 	C:\Users\felip\OneDrive\Desktop\android-studio\jre\bin\management.dll
0x00007ff9c99f0000 - 0x00007ff9c99fd000 	C:\Users\felip\OneDrive\Desktop\android-studio\jre\bin\management_ext.dll
0x00007ff9d22b0000 - 0x00007ff9d22c8000 	C:\Windows\SYSTEM32\CRYPTSP.dll
0x00007ff9d1a30000 - 0x00007ff9d1a64000 	C:\Windows\system32\rsaenh.dll
0x00007ff9d3090000 - 0x00007ff9d30b7000 	C:\Windows\System32\bcrypt.dll
0x00007ff9d28d0000 - 0x00007ff9d28fe000 	C:\Windows\SYSTEM32\USERENV.dll
0x00007ff9d22a0000 - 0x00007ff9d22ac000 	C:\Windows\SYSTEM32\CRYPTBASE.dll
0x00007ff9d1da0000 - 0x00007ff9d1ddb000 	C:\Windows\SYSTEM32\IPHLPAPI.DLL
0x00007ff9d4920000 - 0x00007ff9d4928000 	C:\Windows\System32\NSI.dll
0x00007ff9cabe0000 - 0x00007ff9cabf7000 	C:\Windows\SYSTEM32\dhcpcsvc6.DLL
0x00007ff9cc0b0000 - 0x00007ff9cc0cd000 	C:\Windows\SYSTEM32\dhcpcsvc.DLL
0x00007ff9d1de0000 - 0x00007ff9d1eac000 	C:\Windows\SYSTEM32\DNSAPI.dll
0x00007ff9bc1b0000 - 0x00007ff9bc1d7000 	C:\Users\felip\OneDrive\Desktop\android-studio\jre\bin\sunec.dll
0x00007ff9c7c20000 - 0x00007ff9c7c2a000 	C:\Windows\System32\rasadhlp.dll
0x00007ff9c7c40000 - 0x00007ff9c7cbf000 	C:\Windows\System32\fwpuclnt.dll

dbghelp: loaded successfully - version: 4.0.5 - missing functions: none
symbol engine: initialized successfully - sym options: 0x614 - pdb path: .;C:\Users\felip\OneDrive\Desktop\android-studio\jre\bin;C:\Windows\SYSTEM32;C:\Program Files\Avast Software\Avast;C:\Windows\WinSxS\amd64_microsoft.windows.common-controls_6595b64144ccf1df_6.0.19041.1110_none_60b5254171f9507e;C:\Users\felip\OneDrive\Desktop\android-studio\jre\bin\server;C:\Users\felip\.gradle\native\8bec1ad78214c89d9ad589b4d07fe93259594b29d510b10fafb7a158f7737e5d\windows-amd64;C:\Users\felip\.gradle\native\53dbd7edfb1c66fb8903c78663c9afc45aea4f116125fa6feffd364cf09443e8\windows-amd64

VM Arguments:
jvm_args: --add-opens=java.base/java.util=ALL-UNNAMED --add-opens=java.base/java.lang=ALL-UNNAMED --add-opens=java.base/java.lang.invoke=ALL-UNNAMED --add-opens=java.base/java.util=ALL-UNNAMED --add-opens=java.prefs/java.util.prefs=ALL-UNNAMED --add-opens=java.prefs/java.util.prefs=ALL-UNNAMED --add-opens=java.base/java.nio.charset=ALL-UNNAMED --add-opens=java.base/java.net=ALL-UNNAMED --add-opens=java.base/java.util.concurrent.atomic=ALL-UNNAMED -Xmx2048m -Dfile.encoding=UTF-8 -Duser.country=US -Duser.language=en -Duser.variant 
java_command: org.gradle.launcher.daemon.bootstrap.GradleDaemon 7.0.2
java_class_path (initial): C:\Users\felip\.gradle\wrapper\dists\gradle-7.0.2-bin\857tjihv64xamwrf0h14cai3r\gradle-7.0.2\lib\gradle-launcher-7.0.2.jar
Launcher Type: SUN_STANDARD

[Global flags]
     intx CICompilerCount                          = 2                                         {product} {ergonomic}
     uint ConcGCThreads                            = 1                                         {product} {ergonomic}
     uint G1ConcRefinementThreads                  = 2                                         {product} {ergonomic}
   size_t G1HeapRegionSize                         = 1048576                                   {product} {ergonomic}
    uintx GCDrainStackTargetSize                   = 64                                        {product} {ergonomic}
   size_t InitialHeapSize                          = 67108864                                  {product} {ergonomic}
   size_t MarkStackSize                            = 4194304                                   {product} {ergonomic}
   size_t MaxHeapSize                              = 2147483648                                {product} {command line}
   size_t MaxNewSize                               = 1287651328                                {product} {ergonomic}
   size_t MinHeapDeltaBytes                        = 1048576                                   {product} {ergonomic}
    uintx NonNMethodCodeHeapSize                   = 5825164                                {pd product} {ergonomic}
    uintx NonProfiledCodeHeapSize                  = 122916538                              {pd product} {ergonomic}
    uintx ProfiledCodeHeapSize                     = 122916538                              {pd product} {ergonomic}
    uintx ReservedCodeCacheSize                    = 251658240                              {pd product} {ergonomic}
     bool SegmentedCodeCache                       = true                                      {product} {ergonomic}
     bool UseCompressedClassPointers               = true                                 {lp64_product} {ergonomic}
     bool UseCompressedOops                        = true                                 {lp64_product} {ergonomic}
     bool UseG1GC                                  = true                                      {product} {ergonomic}
     bool UseLargePagesIndividualAllocation        = false                                  {pd product} {ergonomic}

Logging:
Log output configuration:
 #0: stdout all=warning uptime,level,tags
 #1: stderr all=off uptime,level,tags

Environment Variables:
PATH=C:\Program Files\Common Files\Oracle\Java\javapath;C:\Program Files (x86)\Common Files\Oracle\Java\javapath;C:\Windows\system32;C:\Windows;C:\Windows\System32\Wbem;C:\Windows\System32\WindowsPowerShell\v1.0\;C:\Windows\System32\OpenSSH\;C:\ProgramData\chocolatey\bin;C:\Program Files (x86)\Yarn\bin\;C:\Program Files\Git\cmd;C:\Program Files\nodejs\;C:\Users\felip\AppData\Local\Microsoft\WindowsApps;C:\Users\felip\AppData\Local\Programs\Microsoft VS Code\bin;C:\Users\felip\AppData\Local\Yarn\bin;C:\Users\felip\AppData\Local\GitHubDesktop\bin;C:\Users\felip\AppData\Roaming\npm
USERNAME=felip
OS=Windows_NT
PROCESSOR_IDENTIFIER=Intel64 Family 6 Model 23 Stepping 10, GenuineIntel



---------------  S Y S T E M  ---------------

OS: Windows 10 , 64 bit Build 19041 (10.0.19041.1202)
OS uptime: 12 days 3:17 hours

CPU:total 2 (initial active 2) (2 cores per cpu, 1 threads per core) family 6 model 23 stepping 10 microcode 0xa0c, cmov, cx8, fxsr, mmx, sse, sse2, sse3, ssse3, tsc

Memory: 4k page, system-wide physical 4061M (96M free)
TotalPageFile size 4061M (AvailPageFile size 4M)
current process WorkingSet (physical memory assigned to process): 195M, peak: 313M
current process commit charge ("private bytes"): 489M, peak: 489M

vm_info: OpenJDK 64-Bit Server VM (11.0.11+9-b60-7590822) for windows-amd64 JRE (11.0.11+9-b60-7590822), built on Jul 29 2021 21:43:44 by "builder" with MS VC++ 14.0 (VS2015)

END.
