#
# There is insufficient memory for the Java Runtime Environment to continue.
# Native memory allocation (malloc) failed to allocate 1288496 bytes for Chunk::new
# Possible reasons:
#   The system is out of physical RAM or swap space
#   The process is running with CompressedOops enabled, and the Java Heap may be blocking the growth of the native heap
# Possible solutions:
#   Reduce memory load on the system
#   Increase physical memory or swap space
#   Check if swap backing store is full
#   Decrease Java heap size (-Xmx/-Xms)
#   Decrease number of Java threads
#   Decrease Java thread stack sizes (-Xss)
#   Set larger code cache with -XX:ReservedCodeCacheSize=
#   JVM is running with Unscaled Compressed Oops mode in which the Java heap is
#     placed in the first 4GB address space. The Java Heap base address is the
#     maximum limit for the native heap growth. Please use -XX:HeapBaseMinAddress
#     to set the Java Heap base and to place the Java Heap above 4GB virtual address.
# This output file may be truncated or incomplete.
#
#  Out of Memory Error (./src/hotspot/share/memory/arena.cpp:197), pid=4740, tid=3968
#
# JRE version: OpenJDK Runtime Environment (11.0.11+9) (build 11.0.11+9-b60-7590822)
# Java VM: OpenJDK 64-Bit Server VM (11.0.11+9-b60-7590822, mixed mode, tiered, compressed oops, g1 gc, windows-amd64)
# No core dump will be written. Minidumps are not enabled by default on client versions of Windows
#

---------------  S U M M A R Y ------------

Command Line: --add-opens=java.base/java.util=ALL-UNNAMED --add-opens=java.base/java.lang=ALL-UNNAMED --add-opens=java.base/java.lang.invoke=ALL-UNNAMED --add-opens=java.base/java.util=ALL-UNNAMED --add-opens=java.prefs/java.util.prefs=ALL-UNNAMED --add-opens=java.prefs/java.util.prefs=ALL-UNNAMED --add-opens=java.base/java.nio.charset=ALL-UNNAMED --add-opens=java.base/java.net=ALL-UNNAMED --add-opens=java.base/java.util.concurrent.atomic=ALL-UNNAMED -Xmx512m -Dfile.encoding=UTF-8 -Duser.country=US -Duser.language=en -Duser.variant org.gradle.launcher.daemon.bootstrap.GradleDaemon 7.0.2

Host: Celeron(R) Dual-Core CPU       T3500  @ 2.10GHz, 2 cores, 3G,  Windows 10 , 64 bit Build 19041 (10.0.19041.1202)
Time: Thu Nov 11 11:20:02 2021 E. South America Standard Time elapsed time: 163.892107 seconds (0d 0h 2m 43s)

---------------  T H R E A D  ---------------

Current thread (0x0000024ec9eb8800):  JavaThread "C2 CompilerThread0" daemon [_thread_in_native, id=3968, stack(0x000000f67a300000,0x000000f67a400000)]


Current CompileTask:
C2: 163893 9043 %     4       org.gradle.internal.instantiation.generator.AbstractClassGenerator::inspectType @ 250 (560 bytes)

Stack: [0x000000f67a300000,0x000000f67a400000]
Native frames: (J=compiled Java code, j=interpreted, Vv=VM code, C=native code)
V  [jvm.dll+0x5f214a]
V  [jvm.dll+0x726fb5]
V  [jvm.dll+0x7285cd]
V  [jvm.dll+0x728c83]
V  [jvm.dll+0x243278]
V  [jvm.dll+0xbc53c]
V  [jvm.dll+0xbca3c]
V  [jvm.dll+0x353e7d]
V  [jvm.dll+0x321893]
V  [jvm.dll+0x320d8a]
V  [jvm.dll+0x1fc1e2]
V  [jvm.dll+0x1fb3d4]
V  [jvm.dll+0x183d6c]
V  [jvm.dll+0x209a57]
V  [jvm.dll+0x2082a1]
V  [jvm.dll+0x6ef58f]
V  [jvm.dll+0x6e80b5]
V  [jvm.dll+0x5f1036]
C  [ucrtbase.dll+0x21bb2]
C  [KERNEL32.DLL+0x17034]
C  [ntdll.dll+0x52651]


---------------  P R O C E S S  ---------------

Threads class SMR info:
_java_thread_list=0x0000024eccb07950, length=37, elements={
0x0000024eb37e1000, 0x0000024ec9e56000, 0x0000024ec9e57800, 0x0000024ec9eb2000,
0x0000024ec9eb3000, 0x0000024ec9eb4800, 0x0000024ec9eb8800, 0x0000024eca019000,
0x0000024eca035800, 0x0000024eca11c000, 0x0000024ecb806000, 0x0000024ecb0db800,
0x0000024eca40c800, 0x0000024ecb0a1800, 0x0000024eca4c7800, 0x0000024ecafb2800,
0x0000024ecb0f1800, 0x0000024ecb972000, 0x0000024ecb0b1000, 0x0000024ecb0ae800,
0x0000024ecb0ad000, 0x0000024ecb0ab800, 0x0000024ecb0af800, 0x0000024ecb0ae000,
0x0000024ecb0b0800, 0x0000024ecb0b2000, 0x0000024ecb0ac800, 0x0000024ecc244000,
0x0000024ecc247800, 0x0000024ecc243000, 0x0000024ecc245000, 0x0000024ecc245800,
0x0000024ecc249000, 0x0000024ecc24a000, 0x0000024ecc24a800, 0x0000024ecc24c000,
0x0000024ecc24b800
}

Java Threads: ( => current thread )
  0x0000024eb37e1000 JavaThread "main" [_thread_blocked, id=7052, stack(0x000000f679700000,0x000000f679800000)]
  0x0000024ec9e56000 JavaThread "Reference Handler" daemon [_thread_blocked, id=7156, stack(0x000000f679e00000,0x000000f679f00000)]
  0x0000024ec9e57800 JavaThread "Finalizer" daemon [_thread_blocked, id=8468, stack(0x000000f679f00000,0x000000f67a000000)]
  0x0000024ec9eb2000 JavaThread "Signal Dispatcher" daemon [_thread_blocked, id=7920, stack(0x000000f67a000000,0x000000f67a100000)]
  0x0000024ec9eb3000 JavaThread "Attach Listener" daemon [_thread_blocked, id=3112, stack(0x000000f67a100000,0x000000f67a200000)]
  0x0000024ec9eb4800 JavaThread "Service Thread" daemon [_thread_blocked, id=3064, stack(0x000000f67a200000,0x000000f67a300000)]
=>0x0000024ec9eb8800 JavaThread "C2 CompilerThread0" daemon [_thread_in_native, id=3968, stack(0x000000f67a300000,0x000000f67a400000)]
  0x0000024eca019000 JavaThread "C1 CompilerThread0" daemon [_thread_blocked, id=4748, stack(0x000000f67a400000,0x000000f67a500000)]
  0x0000024eca035800 JavaThread "Sweeper thread" daemon [_thread_blocked, id=3520, stack(0x000000f67a500000,0x000000f67a600000)]
  0x0000024eca11c000 JavaThread "Common-Cleaner" daemon [_thread_blocked, id=2948, stack(0x000000f67a600000,0x000000f67a700000)]
  0x0000024ecb806000 JavaThread "Daemon health stats" [_thread_blocked, id=1884, stack(0x000000f67a900000,0x000000f67aa00000)]
  0x0000024ecb0db800 JavaThread "Incoming local TCP Connector on port 5066" [_thread_in_native, id=7444, stack(0x000000f67aa00000,0x000000f67ab00000)]
  0x0000024eca40c800 JavaThread "Daemon periodic checks" [_thread_blocked, id=7748, stack(0x000000f67ab00000,0x000000f67ac00000)]
  0x0000024ecb0a1800 JavaThread "Daemon" [_thread_blocked, id=6920, stack(0x000000f67ac00000,0x000000f67ad00000)]
  0x0000024eca4c7800 JavaThread "Handler for socket connection from /127.0.0.1:5066 to /127.0.0.1:5067" [_thread_in_native, id=6660, stack(0x000000f67ad00000,0x000000f67ae00000)]
  0x0000024ecafb2800 JavaThread "Cancel handler" [_thread_blocked, id=5876, stack(0x000000f67ae00000,0x000000f67af00000)]
  0x0000024ecb0f1800 JavaThread "Daemon worker" [_thread_in_Java, id=6564, stack(0x000000f67af00000,0x000000f67b000000)]
  0x0000024ecb972000 JavaThread "Asynchronous log dispatcher for DefaultDaemonConnection: socket connection from /127.0.0.1:5066 to /127.0.0.1:5067" [_thread_blocked, id=6904, stack(0x000000f67b000000,0x000000f67b100000)]
  0x0000024ecb0b1000 JavaThread "Daemon client event forwarder" [_thread_blocked, id=2184, stack(0x000000f67b200000,0x000000f67b300000)]
  0x0000024ecb0ae800 JavaThread "Cache worker for file hash cache (C:\Users\felip\.gradle\caches\7.0.2\fileHashes)" [_thread_blocked, id=9000, stack(0x000000f67b300000,0x000000f67b400000)]
  0x0000024ecb0ad000 JavaThread "File lock request listener" [_thread_in_native, id=8284, stack(0x000000f67b400000,0x000000f67b500000)]
  0x0000024ecb0ab800 JavaThread "Cache worker for journal cache (C:\Users\felip\.gradle\caches\journal-1)" [_thread_blocked, id=4100, stack(0x000000f67b500000,0x000000f67b600000)]
  0x0000024ecb0af800 JavaThread "Cache worker for file hash cache (C:\Users\felip\AndroidStudioProjects\VideoApp\.gradle\7.0.2\fileHashes)" [_thread_blocked, id=2568, stack(0x000000f67b600000,0x000000f67b700000)]
  0x0000024ecb0ae000 JavaThread "File watcher server" daemon [_thread_in_native, id=7060, stack(0x000000f67b700000,0x000000f67b800000)]
  0x0000024ecb0b0800 JavaThread "File watcher consumer" daemon [_thread_blocked, id=3816, stack(0x000000f67b800000,0x000000f67b900000)]
  0x0000024ecb0b2000 JavaThread "jar transforms" [_thread_blocked, id=4364, stack(0x000000f67b900000,0x000000f67ba00000)]
  0x0000024ecb0ac800 JavaThread "jar transforms Thread 2" [_thread_blocked, id=4732, stack(0x000000f67ba00000,0x000000f67bb00000)]
  0x0000024ecc244000 JavaThread "Cache worker for checksums cache (C:\Users\felip\AndroidStudioProjects\VideoApp\.gradle\checksums)" [_thread_blocked, id=2880, stack(0x000000f67bb00000,0x000000f67bc00000)]
  0x0000024ecc247800 JavaThread "Cache worker for cache directory md-supplier (C:\Users\felip\.gradle\caches\7.0.2\md-supplier)" [_thread_blocked, id=9136, stack(0x000000f67bc00000,0x000000f67bd00000)]
  0x0000024ecc243000 JavaThread "Cache worker for cache directory md-rule (C:\Users\felip\.gradle\caches\7.0.2\md-rule)" [_thread_blocked, id=3208, stack(0x000000f67bd00000,0x000000f67be00000)]
  0x0000024ecc245000 JavaThread "Cache worker for execution history cache (C:\Users\felip\.gradle\caches\7.0.2\executionHistory)" [_thread_blocked, id=7368, stack(0x000000f67be00000,0x000000f67bf00000)]
  0x0000024ecc245800 JavaThread "Cache worker for file content cache (C:\Users\felip\.gradle\caches\7.0.2\fileContent)" [_thread_blocked, id=3848, stack(0x000000f67c100000,0x000000f67c200000)]
  0x0000024ecc249000 JavaThread "Cache worker for dependencies-accessors (C:\Users\felip\AndroidStudioProjects\VideoApp\.gradle\7.0.2\dependencies-accessors)" [_thread_blocked, id=8756, stack(0x000000f679400000,0x000000f679500000)]
  0x0000024ecc24a000 JavaThread "Cache worker for Build Output Cleanup Cache (C:\Users\felip\AndroidStudioProjects\VideoApp\.gradle\buildOutputCleanup)" [_thread_blocked, id=7928, stack(0x000000f679500000,0x000000f679600000)]
  0x0000024ecc24a800 JavaThread "Build operations" [_thread_blocked, id=4968, stack(0x000000f679600000,0x000000f679700000)]
  0x0000024ecc24c000 JavaThread "Build operations Thread 2" [_thread_blocked, id=5248, stack(0x000000f67b100000,0x000000f67b200000)]
  0x0000024ecc24b800 JavaThread "Memory manager" [_thread_blocked, id=6984, stack(0x000000f67bf00000,0x000000f67c000000)]

Other Threads:
  0x0000024ec9e30000 VMThread "VM Thread" [stack: 0x000000f679d00000,0x000000f679e00000] [id=6324]
  0x0000024eca122000 WatcherThread [stack: 0x000000f67a700000,0x000000f67a800000] [id=1980]
  0x0000024eb37fa800 GCTaskThread "GC Thread#0" [stack: 0x000000f679800000,0x000000f679900000] [id=4284]
  0x0000024eca2e9000 GCTaskThread "GC Thread#1" [stack: 0x000000f67a800000,0x000000f67a900000] [id=60]
  0x0000024eb380b000 ConcurrentGCThread "G1 Main Marker" [stack: 0x000000f679900000,0x000000f679a00000] [id=9020]
  0x0000024eb380c800 ConcurrentGCThread "G1 Conc#0" [stack: 0x000000f679a00000,0x000000f679b00000] [id=8620]
  0x0000024eb3857800 ConcurrentGCThread "G1 Refine#0" [stack: 0x000000f679b00000,0x000000f679c00000] [id=6516]
  0x0000024eb3859000 ConcurrentGCThread "G1 Young RemSet Sampling" [stack: 0x000000f679c00000,0x000000f679d00000] [id=4108]

Threads with active compile tasks:
C2 CompilerThread0 164705 9043 %     4       org.gradle.internal.instantiation.generator.AbstractClassGenerator::inspectType @ 250 (560 bytes)

VM state:not at safepoint (normal execution)

VM Mutex/Monitor currently owned by a thread: None

Heap address: 0x00000000e0000000, size: 512 MB, Compressed Oops mode: 32-bit
Narrow klass base: 0x0000000000000000, Narrow klass shift: 3
Compressed class space size: 1073741824 Address: 0x0000000100000000

Heap:
 garbage-first heap   total 114688K, used 98154K [0x00000000e0000000, 0x0000000100000000)
  region size 1024K, 6 young (6144K), 1 survivors (1024K)
 Metaspace       used 76570K, capacity 78629K, committed 78848K, reserved 1118208K
  class space    used 9715K, capacity 10403K, committed 10496K, reserved 1048576K
Heap Regions: E=young(eden), S=young(survivor), O=old, HS=humongous(starts), HC=humongous(continues), CS=collection set, F=free, A=archive, TAMS=top-at-mark-start (previous, next)
|   0|0x00000000e0000000, 0x00000000e0100000, 0x00000000e0100000|100%| O|  |TAMS 0x00000000e0100000, 0x00000000e0000000| Untracked 
|   1|0x00000000e0100000, 0x00000000e0200000, 0x00000000e0200000|100%| O|  |TAMS 0x00000000e0200000, 0x00000000e0100000| Untracked 
|   2|0x00000000e0200000, 0x00000000e0300000, 0x00000000e0300000|100%| O|  |TAMS 0x00000000e0300000, 0x00000000e0200000| Untracked 
|   3|0x00000000e0300000, 0x00000000e0400000, 0x00000000e0400000|100%| O|  |TAMS 0x00000000e0400000, 0x00000000e0300000| Untracked 
|   4|0x00000000e0400000, 0x00000000e0500000, 0x00000000e0500000|100%|HS|  |TAMS 0x00000000e0500000, 0x00000000e0400000| Complete 
|   5|0x00000000e0500000, 0x00000000e0600000, 0x00000000e0600000|100%|HC|  |TAMS 0x00000000e0600000, 0x00000000e0500000| Complete 
|   6|0x00000000e0600000, 0x00000000e0700000, 0x00000000e0700000|100%|HC|  |TAMS 0x00000000e0700000, 0x00000000e0600000| Complete 
|   7|0x00000000e0700000, 0x00000000e0800000, 0x00000000e0800000|100%| O|  |TAMS 0x00000000e0800000, 0x00000000e0700000| Untracked 
|   8|0x00000000e0800000, 0x00000000e0900000, 0x00000000e0900000|100%| O|  |TAMS 0x00000000e0900000, 0x00000000e0800000| Untracked 
|   9|0x00000000e0900000, 0x00000000e0a00000, 0x00000000e0a00000|100%| O|  |TAMS 0x00000000e0a00000, 0x00000000e0900000| Untracked 
|  10|0x00000000e0a00000, 0x00000000e0b00000, 0x00000000e0b00000|100%| O|  |TAMS 0x00000000e0b00000, 0x00000000e0a00000| Untracked 
|  11|0x00000000e0b00000, 0x00000000e0c00000, 0x00000000e0c00000|100%| O|  |TAMS 0x00000000e0c00000, 0x00000000e0b00000| Untracked 
|  12|0x00000000e0c00000, 0x00000000e0d00000, 0x00000000e0d00000|100%| O|  |TAMS 0x00000000e0d00000, 0x00000000e0c00000| Untracked 
|  13|0x00000000e0d00000, 0x00000000e0e00000, 0x00000000e0e00000|100%| O|  |TAMS 0x00000000e0e00000, 0x00000000e0d00000| Untracked 
|  14|0x00000000e0e00000, 0x00000000e0f00000, 0x00000000e0f00000|100%| O|  |TAMS 0x00000000e0f00000, 0x00000000e0e00000| Untracked 
|  15|0x00000000e0f00000, 0x00000000e1000000, 0x00000000e1000000|100%| O|  |TAMS 0x00000000e1000000, 0x00000000e0f00000| Untracked 
|  16|0x00000000e1000000, 0x00000000e1100000, 0x00000000e1100000|100%|HS|  |TAMS 0x00000000e1100000, 0x00000000e1000000| Complete 
|  17|0x00000000e1100000, 0x00000000e1200000, 0x00000000e1200000|100%|HC|  |TAMS 0x00000000e1200000, 0x00000000e1100000| Complete 
|  18|0x00000000e1200000, 0x00000000e1300000, 0x00000000e1300000|100%|HS|  |TAMS 0x00000000e1300000, 0x00000000e1200000| Complete 
|  19|0x00000000e1300000, 0x00000000e1400000, 0x00000000e1400000|100%|HC|  |TAMS 0x00000000e1400000, 0x00000000e1300000| Complete 
|  20|0x00000000e1400000, 0x00000000e1500000, 0x00000000e1500000|100%|HC|  |TAMS 0x00000000e1500000, 0x00000000e1400000| Complete 
|  21|0x00000000e1500000, 0x00000000e1600000, 0x00000000e1600000|100%|HS|  |TAMS 0x00000000e1600000, 0x00000000e1500000| Complete 
|  22|0x00000000e1600000, 0x00000000e1700000, 0x00000000e1700000|100%|HC|  |TAMS 0x00000000e1700000, 0x00000000e1600000| Complete 
|  23|0x00000000e1700000, 0x00000000e1800000, 0x00000000e1800000|100%|HC|  |TAMS 0x00000000e1800000, 0x00000000e1700000| Complete 
|  24|0x00000000e1800000, 0x00000000e1900000, 0x00000000e1900000|100%|HC|  |TAMS 0x00000000e1900000, 0x00000000e1800000| Complete 
|  25|0x00000000e1900000, 0x00000000e1a00000, 0x00000000e1a00000|100%| O|  |TAMS 0x00000000e1a00000, 0x00000000e1900000| Untracked 
|  26|0x00000000e1a00000, 0x00000000e1b00000, 0x00000000e1b00000|100%| O|  |TAMS 0x00000000e1b00000, 0x00000000e1a00000| Untracked 
|  27|0x00000000e1b00000, 0x00000000e1c00000, 0x00000000e1c00000|100%| O|  |TAMS 0x00000000e1c00000, 0x00000000e1b00000| Untracked 
|  28|0x00000000e1c00000, 0x00000000e1d00000, 0x00000000e1d00000|100%| O|  |TAMS 0x00000000e1d00000, 0x00000000e1c00000| Untracked 
|  29|0x00000000e1d00000, 0x00000000e1e00000, 0x00000000e1e00000|100%| O|  |TAMS 0x00000000e1e00000, 0x00000000e1d00000| Untracked 
|  30|0x00000000e1e00000, 0x00000000e1f00000, 0x00000000e1f00000|100%| O|  |TAMS 0x00000000e1f00000, 0x00000000e1e00000| Untracked 
|  31|0x00000000e1f00000, 0x00000000e2000000, 0x00000000e2000000|100%| O|  |TAMS 0x00000000e2000000, 0x00000000e1f00000| Untracked 
|  32|0x00000000e2000000, 0x00000000e2100000, 0x00000000e2100000|100%| O|  |TAMS 0x00000000e2100000, 0x00000000e2000000| Untracked 
|  33|0x00000000e2100000, 0x00000000e2200000, 0x00000000e2200000|100%| O|  |TAMS 0x00000000e2200000, 0x00000000e2100000| Untracked 
|  34|0x00000000e2200000, 0x00000000e2300000, 0x00000000e2300000|100%| O|  |TAMS 0x00000000e2300000, 0x00000000e2200000| Untracked 
|  35|0x00000000e2300000, 0x00000000e2400000, 0x00000000e2400000|100%| O|  |TAMS 0x00000000e2400000, 0x00000000e2300000| Untracked 
|  36|0x00000000e2400000, 0x00000000e2500000, 0x00000000e2500000|100%| O|  |TAMS 0x00000000e2500000, 0x00000000e2400000| Untracked 
|  37|0x00000000e2500000, 0x00000000e2600000, 0x00000000e2600000|100%| O|  |TAMS 0x00000000e2600000, 0x00000000e2500000| Untracked 
|  38|0x00000000e2600000, 0x00000000e2700000, 0x00000000e2700000|100%| O|  |TAMS 0x00000000e2700000, 0x00000000e2600000| Untracked 
|  39|0x00000000e2700000, 0x00000000e2800000, 0x00000000e2800000|100%| O|  |TAMS 0x00000000e2800000, 0x00000000e2700000| Untracked 
|  40|0x00000000e2800000, 0x00000000e2900000, 0x00000000e2900000|100%| O|  |TAMS 0x00000000e2900000, 0x00000000e2800000| Untracked 
|  41|0x00000000e2900000, 0x00000000e2a00000, 0x00000000e2a00000|100%| O|  |TAMS 0x00000000e2a00000, 0x00000000e2900000| Untracked 
|  42|0x00000000e2a00000, 0x00000000e2b00000, 0x00000000e2b00000|100%| O|  |TAMS 0x00000000e2b00000, 0x00000000e2a00000| Untracked 
|  43|0x00000000e2b00000, 0x00000000e2c00000, 0x00000000e2c00000|100%|HS|  |TAMS 0x00000000e2c00000, 0x00000000e2b00000| Complete 
|  44|0x00000000e2c00000, 0x00000000e2d00000, 0x00000000e2d00000|100%|HC|  |TAMS 0x00000000e2d00000, 0x00000000e2c00000| Complete 
|  45|0x00000000e2d00000, 0x00000000e2e00000, 0x00000000e2e00000|100%|HC|  |TAMS 0x00000000e2e00000, 0x00000000e2d00000| Complete 
|  46|0x00000000e2e00000, 0x00000000e2f00000, 0x00000000e2f00000|100%|HC|  |TAMS 0x00000000e2f00000, 0x00000000e2e00000| Complete 
|  47|0x00000000e2f00000, 0x00000000e3000000, 0x00000000e3000000|100%| O|  |TAMS 0x00000000e3000000, 0x00000000e2f00000| Untracked 
|  48|0x00000000e3000000, 0x00000000e3100000, 0x00000000e3100000|100%| O|  |TAMS 0x00000000e3000000, 0x00000000e3000000| Untracked 
|  49|0x00000000e3100000, 0x00000000e3200000, 0x00000000e3200000|100%| O|  |TAMS 0x00000000e3200000, 0x00000000e3100000| Untracked 
|  50|0x00000000e3200000, 0x00000000e3300000, 0x00000000e3300000|100%| O|  |TAMS 0x00000000e3300000, 0x00000000e3200000| Untracked 
|  51|0x00000000e3300000, 0x00000000e3400000, 0x00000000e3400000|100%| O|  |TAMS 0x00000000e3400000, 0x00000000e3300000| Untracked 
|  52|0x00000000e3400000, 0x00000000e3500000, 0x00000000e3500000|100%| O|  |TAMS 0x00000000e3500000, 0x00000000e3400000| Untracked 
|  53|0x00000000e3500000, 0x00000000e3600000, 0x00000000e3600000|100%|HS|  |TAMS 0x00000000e3600000, 0x00000000e3500000| Complete 
|  54|0x00000000e3600000, 0x00000000e3700000, 0x00000000e3700000|100%|HC|  |TAMS 0x00000000e3700000, 0x00000000e3600000| Complete 
|  55|0x00000000e3700000, 0x00000000e3800000, 0x00000000e3800000|100%|HC|  |TAMS 0x00000000e3800000, 0x00000000e3700000| Complete 
|  56|0x00000000e3800000, 0x00000000e3900000, 0x00000000e3900000|100%| O|  |TAMS 0x00000000e3900000, 0x00000000e3800000| Untracked 
|  57|0x00000000e3900000, 0x00000000e3a00000, 0x00000000e3a00000|100%| O|  |TAMS 0x00000000e3a00000, 0x00000000e3900000| Untracked 
|  58|0x00000000e3a00000, 0x00000000e3b00000, 0x00000000e3b00000|100%| O|  |TAMS 0x00000000e3b00000, 0x00000000e3a00000| Untracked 
|  59|0x00000000e3b00000, 0x00000000e3c00000, 0x00000000e3c00000|100%| O|  |TAMS 0x00000000e3c00000, 0x00000000e3b00000| Untracked 
|  60|0x00000000e3c00000, 0x00000000e3d00000, 0x00000000e3d00000|100%| O|  |TAMS 0x00000000e3d00000, 0x00000000e3c00000| Untracked 
|  61|0x00000000e3d00000, 0x00000000e3e00000, 0x00000000e3e00000|100%| O|  |TAMS 0x00000000e3e00000, 0x00000000e3d00000| Untracked 
|  62|0x00000000e3e00000, 0x00000000e3f00000, 0x00000000e3f00000|100%|HS|  |TAMS 0x00000000e3f00000, 0x00000000e3e00000| Complete 
|  63|0x00000000e3f00000, 0x00000000e4000000, 0x00000000e4000000|100%|HS|  |TAMS 0x00000000e4000000, 0x00000000e3f00000| Complete 
|  64|0x00000000e4000000, 0x00000000e4100000, 0x00000000e4100000|100%|HS|  |TAMS 0x00000000e4100000, 0x00000000e4000000| Complete 
|  65|0x00000000e4100000, 0x00000000e4200000, 0x00000000e4200000|100%|HS|  |TAMS 0x00000000e4200000, 0x00000000e4100000| Complete 
|  66|0x00000000e4200000, 0x00000000e4300000, 0x00000000e4300000|100%|HC|  |TAMS 0x00000000e4300000, 0x00000000e4200000| Complete 
|  67|0x00000000e4300000, 0x00000000e4400000, 0x00000000e4400000|100%|HC|  |TAMS 0x00000000e4400000, 0x00000000e4300000| Complete 
|  68|0x00000000e4400000, 0x00000000e4500000, 0x00000000e4500000|100%|HS|  |TAMS 0x00000000e4500000, 0x00000000e4400000| Complete 
|  69|0x00000000e4500000, 0x00000000e4600000, 0x00000000e4600000|100%|HC|  |TAMS 0x00000000e4600000, 0x00000000e4500000| Complete 
|  70|0x00000000e4600000, 0x00000000e4700000, 0x00000000e4700000|100%| O|  |TAMS 0x00000000e4700000, 0x00000000e4600000| Untracked 
|  71|0x00000000e4700000, 0x00000000e4800000, 0x00000000e4800000|100%| O|  |TAMS 0x00000000e4800000, 0x00000000e4700000| Untracked 
|  72|0x00000000e4800000, 0x00000000e4900000, 0x00000000e4900000|100%| O|  |TAMS 0x00000000e4900000, 0x00000000e4800000| Untracked 
|  73|0x00000000e4900000, 0x00000000e4a00000, 0x00000000e4a00000|100%| O|  |TAMS 0x00000000e4a00000, 0x00000000e4900000| Untracked 
|  74|0x00000000e4a00000, 0x00000000e4b00000, 0x00000000e4b00000|100%| O|  |TAMS 0x00000000e4b00000, 0x00000000e4a00000| Untracked 
|  75|0x00000000e4b00000, 0x00000000e4c00000, 0x00000000e4c00000|100%| O|  |TAMS 0x00000000e4c00000, 0x00000000e4b00000| Untracked 
|  76|0x00000000e4c00000, 0x00000000e4d00000, 0x00000000e4d00000|100%| O|  |TAMS 0x00000000e4d00000, 0x00000000e4c00000| Untracked 
|  77|0x00000000e4d00000, 0x00000000e4e00000, 0x00000000e4e00000|100%| O|  |TAMS 0x00000000e4d00000, 0x00000000e4d00000| Untracked 
|  78|0x00000000e4e00000, 0x00000000e4f00000, 0x00000000e4f00000|100%| O|  |TAMS 0x00000000e4e00000, 0x00000000e4e00000| Untracked 
|  79|0x00000000e4f00000, 0x00000000e5000000, 0x00000000e5000000|100%| O|  |TAMS 0x00000000e4f00000, 0x00000000e4f00000| Untracked 
|  80|0x00000000e5000000, 0x00000000e5100000, 0x00000000e5100000|100%| O|  |TAMS 0x00000000e5000000, 0x00000000e5000000| Untracked 
|  81|0x00000000e5100000, 0x00000000e5200000, 0x00000000e5200000|100%| O|  |TAMS 0x00000000e5180e08, 0x00000000e5100000| Untracked 
|  82|0x00000000e5200000, 0x00000000e5300000, 0x00000000e5300000|100%| O|  |TAMS 0x00000000e5200000, 0x00000000e5200000| Untracked 
|  83|0x00000000e5300000, 0x00000000e5400000, 0x00000000e5400000|100%| O|  |TAMS 0x00000000e5300000, 0x00000000e5300000| Untracked 
|  84|0x00000000e5400000, 0x00000000e5500000, 0x00000000e5500000|100%| O|  |TAMS 0x00000000e5400000, 0x00000000e5400000| Untracked 
|  85|0x00000000e5500000, 0x00000000e5600000, 0x00000000e5600000|100%| O|  |TAMS 0x00000000e5500000, 0x00000000e5500000| Untracked 
|  86|0x00000000e5600000, 0x00000000e5700000, 0x00000000e5700000|100%| O|  |TAMS 0x00000000e5600000, 0x00000000e5600000| Untracked 
|  87|0x00000000e5700000, 0x00000000e5800000, 0x00000000e5800000|100%| O|  |TAMS 0x00000000e5700000, 0x00000000e5700000| Untracked 
|  88|0x00000000e5800000, 0x00000000e5900000, 0x00000000e5900000|100%| O|  |TAMS 0x00000000e5800000, 0x00000000e5800000| Untracked 
|  89|0x00000000e5900000, 0x00000000e591c800, 0x00000000e5a00000| 11%| O|  |TAMS 0x00000000e5900000, 0x00000000e5900000| Untracked 
|  90|0x00000000e5a00000, 0x00000000e5a00000, 0x00000000e5b00000|  0%| F|  |TAMS 0x00000000e5a00000, 0x00000000e5a00000| Untracked 
|  91|0x00000000e5b00000, 0x00000000e5b00000, 0x00000000e5c00000|  0%| F|  |TAMS 0x00000000e5b00000, 0x00000000e5b00000| Untracked 
|  92|0x00000000e5c00000, 0x00000000e5c00000, 0x00000000e5d00000|  0%| F|  |TAMS 0x00000000e5c00000, 0x00000000e5c00000| Untracked 
|  93|0x00000000e5d00000, 0x00000000e5d00000, 0x00000000e5e00000|  0%| F|  |TAMS 0x00000000e5d00000, 0x00000000e5d00000| Untracked 
|  94|0x00000000e5e00000, 0x00000000e5e00000, 0x00000000e5f00000|  0%| F|  |TAMS 0x00000000e5e00000, 0x00000000e5e00000| Untracked 
|  95|0x00000000e5f00000, 0x00000000e5f00000, 0x00000000e6000000|  0%| F|  |TAMS 0x00000000e5f00000, 0x00000000e5f00000| Untracked 
|  96|0x00000000e6000000, 0x00000000e6000000, 0x00000000e6100000|  0%| F|  |TAMS 0x00000000e6000000, 0x00000000e6000000| Untracked 
|  97|0x00000000e6100000, 0x00000000e6100000, 0x00000000e6200000|  0%| F|  |TAMS 0x00000000e6100000, 0x00000000e6100000| Untracked 
|  98|0x00000000e6200000, 0x00000000e6200000, 0x00000000e6300000|  0%| F|  |TAMS 0x00000000e6200000, 0x00000000e6200000| Untracked 
|  99|0x00000000e6300000, 0x00000000e6300000, 0x00000000e6400000|  0%| F|  |TAMS 0x00000000e6300000, 0x00000000e6300000| Untracked 
| 100|0x00000000e6400000, 0x00000000e6400000, 0x00000000e6500000|  0%| F|  |TAMS 0x00000000e6400000, 0x00000000e6400000| Untracked 
| 101|0x00000000e6500000, 0x00000000e6500000, 0x00000000e6600000|  0%| F|  |TAMS 0x00000000e6500000, 0x00000000e6500000| Untracked 
| 102|0x00000000e6600000, 0x00000000e6600000, 0x00000000e6700000|  0%| F|  |TAMS 0x00000000e6600000, 0x00000000e6600000| Untracked 
| 103|0x00000000e6700000, 0x00000000e67be098, 0x00000000e6800000| 74%| S|CS|TAMS 0x00000000e6700000, 0x00000000e6700000| Complete 
| 104|0x00000000e6800000, 0x00000000e6800000, 0x00000000e6900000|  0%| F|  |TAMS 0x00000000e6800000, 0x00000000e6800000| Untracked 
| 105|0x00000000e6900000, 0x00000000e6953c38, 0x00000000e6a00000| 32%| E|  |TAMS 0x00000000e6900000, 0x00000000e6900000| Complete 
| 106|0x00000000e6a00000, 0x00000000e6b00000, 0x00000000e6b00000|100%| E|CS|TAMS 0x00000000e6a00000, 0x00000000e6a00000| Complete 
| 107|0x00000000e6b00000, 0x00000000e6c00000, 0x00000000e6c00000|100%| E|CS|TAMS 0x00000000e6b00000, 0x00000000e6b00000| Complete 
| 108|0x00000000e6c00000, 0x00000000e6d00000, 0x00000000e6d00000|100%| E|CS|TAMS 0x00000000e6c00000, 0x00000000e6c00000| Complete 
| 109|0x00000000e6d00000, 0x00000000e6e00000, 0x00000000e6e00000|100%| E|CS|TAMS 0x00000000e6d00000, 0x00000000e6d00000| Complete 
| 110|0x00000000e6e00000, 0x00000000e6f00000, 0x00000000e6f00000|100%| O|  |TAMS 0x00000000e6f00000, 0x00000000e6e00000| Untracked 
| 111|0x00000000e6f00000, 0x00000000e7000000, 0x00000000e7000000|100%| O|  |TAMS 0x00000000e7000000, 0x00000000e6f00000| Untracked 

Card table byte_map: [0x0000024eb34f0000,0x0000024eb35f0000] _byte_map_base: 0x0000024eb2df0000

Marking Bits (Prev, Next): (CMBitMap*) 0x0000024eb3808088, (CMBitMap*) 0x0000024eb38080c0
 Prev Bits: [0x0000024ec62e0000, 0x0000024ec6ae0000)
 Next Bits: [0x0000024ec6ae0000, 0x0000024ec72e0000)

Polling page: 0x0000024eb2fc0000

Metaspace:

Usage:
  Non-class:     66.63 MB capacity,    65.31 MB ( 98%) used,     1.12 MB (  2%) free+waste,   199.31 KB ( <1%) overhead. 
      Class:     10.16 MB capacity,     9.49 MB ( 93%) used,   589.72 KB (  6%) free+waste,    92.25 KB ( <1%) overhead. 
       Both:     76.79 MB capacity,    74.80 MB ( 97%) used,     1.70 MB (  2%) free+waste,   291.56 KB ( <1%) overhead. 

Virtual space:
  Non-class space:       68.00 MB reserved,      66.75 MB ( 98%) committed 
      Class space:        1.00 GB reserved,      10.25 MB (  1%) committed 
             Both:        1.07 GB reserved,      77.00 MB (  7%) committed 

Chunk freelists:
   Non-Class:  62.00 KB
       Class:  29.00 KB
        Both:  91.00 KB

MaxMetaspaceSize: 17179869184.00 GB
CompressedClassSpaceSize: 1.00 GB

CodeHeap 'non-profiled nmethods': size=120064Kb used=6598Kb max_used=6598Kb free=113465Kb
 bounds [0x0000024ebeda0000, 0x0000024ebf420000, 0x0000024ec62e0000]
CodeHeap 'profiled nmethods': size=120000Kb used=20273Kb max_used=20273Kb free=99727Kb
 bounds [0x0000024eb7870000, 0x0000024eb8c40000, 0x0000024ebeda0000]
CodeHeap 'non-nmethods': size=5696Kb used=2263Kb max_used=2292Kb free=3432Kb
 bounds [0x0000024eb72e0000, 0x0000024eb7550000, 0x0000024eb7870000]
 total_blobs=9796 nmethods=8921 adapters=787
 compilation: enabled
              stopped_count=0, restarted_count=0
 full_count=0

Compilation events (20 events):
Event: 162.951 Thread 0x0000024eca019000 9057       1       org.gradle.api.internal.DefaultNamedDomainObjectCollection$AbstractNamedDomainObjectProvider::getName (5 bytes)
Event: 162.951 Thread 0x0000024eca019000 nmethod 9057 0x0000024ebf410810 code [0x0000024ebf4109c0, 0x0000024ebf410a78]
Event: 163.212 Thread 0x0000024eca019000 9059       1       org.gradle.api.internal.DefaultNamedDomainObjectCollection$AbstractNamedDomainObjectProvider::getType (5 bytes)
Event: 163.212 Thread 0x0000024eca019000 nmethod 9059 0x0000024ebf410b10 code [0x0000024ebf410cc0, 0x0000024ebf410d78]
Event: 163.329 Thread 0x0000024eca019000 9060       3       org.gradle.api.internal.DefaultDomainObjectCollection::assertMutableCollectionContents (1 bytes)
Event: 163.329 Thread 0x0000024eca019000 nmethod 9060 0x0000024eb8c36210 code [0x0000024eb8c363c0, 0x0000024eb8c364b8]
Event: 163.366 Thread 0x0000024eca019000 9061       3       java.util.StringTokenizer::skipDelimiters (116 bytes)
Event: 163.370 Thread 0x0000024eca019000 nmethod 9061 0x0000024eb8c36590 code [0x0000024eb8c36840, 0x0000024eb8c375a8]
Event: 163.385 Thread 0x0000024eca019000 9062       1       org.gradle.api.internal.project.DefaultProject::getGradle (5 bytes)
Event: 163.385 Thread 0x0000024eca019000 nmethod 9062 0x0000024ebf410e10 code [0x0000024ebf410fc0, 0x0000024ebf411078]
Event: 163.388 Thread 0x0000024eca019000 9063       3       org.gradle.api.internal.tasks.DefaultTaskContainer_Decorated::getEventRegister (39 bytes)
Event: 163.389 Thread 0x0000024eca019000 nmethod 9063 0x0000024eb8c37a90 code [0x0000024eb8c37cc0, 0x0000024eb8c38448]
Event: 163.469 Thread 0x0000024eca019000 9064       3       org.gradle.internal.ImmutableActionSet$EmptySet::execute (1 bytes)
Event: 163.469 Thread 0x0000024eca019000 nmethod 9064 0x0000024eb8c38690 code [0x0000024eb8c38840, 0x0000024eb8c38938]
Event: 163.625 Thread 0x0000024eca019000 9065       1       org.gradle.api.internal.provider.DefaultProperty::getType (5 bytes)
Event: 163.625 Thread 0x0000024eca019000 nmethod 9065 0x0000024ebf411110 code [0x0000024ebf4112c0, 0x0000024ebf411378]
Event: 163.675 Thread 0x0000024eca019000 9066       3       java.util.HashMap::removeNode (291 bytes)
Event: 163.678 Thread 0x0000024eca019000 nmethod 9066 0x0000024eb8c38a10 code [0x0000024eb8c38ce0, 0x0000024eb8c3a0b8]
Event: 163.684 Thread 0x0000024eca019000 9067       3       org.gradle.api.internal.DefaultDomainObjectCollection::withMutationDisabled (11 bytes)
Event: 163.685 Thread 0x0000024eca019000 nmethod 9067 0x0000024eb8c3a690 code [0x0000024eb8c3a860, 0x0000024eb8c3aad8]

GC Heap History (20 events):
Event: 156.540 GC heap before
{Heap before GC invocations=193 (full 0):
 garbage-first heap   total 114688K, used 98292K [0x00000000e0000000, 0x0000000100000000)
  region size 1024K, 11 young (11264K), 2 survivors (2048K)
 Metaspace       used 71762K, capacity 73659K, committed 73728K, reserved 1114112K
  class space    used 9049K, capacity 9707K, committed 9728K, reserved 1048576K
}
Event: 156.570 GC heap after
{Heap after GC invocations=194 (full 0):
 garbage-first heap   total 114688K, used 88871K [0x00000000e0000000, 0x0000000100000000)
  region size 1024K, 1 young (1024K), 1 survivors (1024K)
 Metaspace       used 71762K, capacity 73659K, committed 73728K, reserved 1114112K
  class space    used 9049K, capacity 9707K, committed 9728K, reserved 1048576K
}
Event: 158.388 GC heap before
{Heap before GC invocations=194 (full 0):
 garbage-first heap   total 114688K, used 98087K [0x00000000e0000000, 0x0000000100000000)
  region size 1024K, 10 young (10240K), 1 survivors (1024K)
 Metaspace       used 72826K, capacity 74831K, committed 74880K, reserved 1114112K
  class space    used 9191K, capacity 9842K, committed 9856K, reserved 1048576K
}
Event: 158.400 GC heap after
{Heap after GC invocations=195 (full 0):
 garbage-first heap   total 114688K, used 89022K [0x00000000e0000000, 0x0000000100000000)
  region size 1024K, 1 young (1024K), 1 survivors (1024K)
 Metaspace       used 72826K, capacity 74831K, committed 74880K, reserved 1114112K
  class space    used 9191K, capacity 9842K, committed 9856K, reserved 1048576K
}
Event: 159.296 GC heap before
{Heap before GC invocations=195 (full 0):
 garbage-first heap   total 114688K, used 98238K [0x00000000e0000000, 0x0000000100000000)
  region size 1024K, 10 young (10240K), 1 survivors (1024K)
 Metaspace       used 73381K, capacity 75315K, committed 75520K, reserved 1114112K
  class space    used 9241K, capacity 9874K, committed 9984K, reserved 1048576K
}
Event: 159.311 GC heap after
{Heap after GC invocations=196 (full 0):
 garbage-first heap   total 114688K, used 89553K [0x00000000e0000000, 0x0000000100000000)
  region size 1024K, 2 young (2048K), 2 survivors (2048K)
 Metaspace       used 73381K, capacity 75315K, committed 75520K, reserved 1114112K
  class space    used 9241K, capacity 9874K, committed 9984K, reserved 1048576K
}
Event: 160.010 GC heap before
{Heap before GC invocations=196 (full 0):
 garbage-first heap   total 114688K, used 97745K [0x00000000e0000000, 0x0000000100000000)
  region size 1024K, 10 young (10240K), 2 survivors (2048K)
 Metaspace       used 73794K, capacity 75750K, committed 75776K, reserved 1116160K
  class space    used 9301K, capacity 9974K, committed 9984K, reserved 1048576K
}
Event: 160.030 GC heap after
{Heap after GC invocations=197 (full 0):
 garbage-first heap   total 114688K, used 90192K [0x00000000e0000000, 0x0000000100000000)
  region size 1024K, 2 young (2048K), 2 survivors (2048K)
 Metaspace       used 73794K, capacity 75750K, committed 75776K, reserved 1116160K
  class space    used 9301K, capacity 9974K, committed 9984K, reserved 1048576K
}
Event: 160.426 GC heap before
{Heap before GC invocations=197 (full 0):
 garbage-first heap   total 114688K, used 98384K [0x00000000e0000000, 0x0000000100000000)
  region size 1024K, 10 young (10240K), 2 survivors (2048K)
 Metaspace       used 73888K, capacity 75821K, committed 76032K, reserved 1116160K
  class space    used 9317K, capacity 9976K, committed 9984K, reserved 1048576K
}
Event: 160.449 GC heap after
{Heap after GC invocations=198 (full 0):
 garbage-first heap   total 114688K, used 91533K [0x00000000e0000000, 0x0000000100000000)
  region size 1024K, 2 young (2048K), 2 survivors (2048K)
 Metaspace       used 73888K, capacity 75821K, committed 76032K, reserved 1116160K
  class space    used 9317K, capacity 9976K, committed 9984K, reserved 1048576K
}
Event: 160.615 GC heap before
{Heap before GC invocations=198 (full 0):
 garbage-first heap   total 114688K, used 98701K [0x00000000e0000000, 0x0000000100000000)
  region size 1024K, 9 young (9216K), 2 survivors (2048K)
 Metaspace       used 73917K, capacity 75984K, committed 76160K, reserved 1116160K
  class space    used 9321K, capacity 10010K, committed 10112K, reserved 1048576K
}
Event: 160.637 GC heap after
{Heap after GC invocations=199 (full 0):
 garbage-first heap   total 114688K, used 92304K [0x00000000e0000000, 0x0000000100000000)
  region size 1024K, 1 young (1024K), 1 survivors (1024K)
 Metaspace       used 73917K, capacity 75984K, committed 76160K, reserved 1116160K
  class space    used 9321K, capacity 10010K, committed 10112K, reserved 1048576K
}
Event: 160.914 GC heap before
{Heap before GC invocations=199 (full 0):
 garbage-first heap   total 114688K, used 97424K [0x00000000e0000000, 0x0000000100000000)
  region size 1024K, 7 young (7168K), 1 survivors (1024K)
 Metaspace       used 74097K, capacity 76112K, committed 76416K, reserved 1116160K
  class space    used 9328K, capacity 10010K, committed 10112K, reserved 1048576K
}
Event: 160.926 GC heap after
{Heap after GC invocations=200 (full 0):
 garbage-first heap   total 114688K, used 92926K [0x00000000e0000000, 0x0000000100000000)
  region size 1024K, 1 young (1024K), 1 survivors (1024K)
 Metaspace       used 74097K, capacity 76112K, committed 76416K, reserved 1116160K
  class space    used 9328K, capacity 10010K, committed 10112K, reserved 1048576K
}
Event: 161.760 GC heap before
{Heap before GC invocations=200 (full 0):
 garbage-first heap   total 114688K, used 98046K [0x00000000e0000000, 0x0000000100000000)
  region size 1024K, 7 young (7168K), 1 survivors (1024K)
 Metaspace       used 74804K, capacity 76854K, committed 76928K, reserved 1116160K
  class space    used 9412K, capacity 10108K, committed 10112K, reserved 1048576K
}
Event: 161.777 GC heap after
{Heap after GC invocations=201 (full 0):
 garbage-first heap   total 114688K, used 93358K [0x00000000e0000000, 0x0000000100000000)
  region size 1024K, 1 young (1024K), 1 survivors (1024K)
 Metaspace       used 74804K, capacity 76854K, committed 76928K, reserved 1116160K
  class space    used 9412K, capacity 10108K, committed 10112K, reserved 1048576K
}
Event: 162.230 GC heap before
{Heap before GC invocations=201 (full 0):
 garbage-first heap   total 114688K, used 98478K [0x00000000e0000000, 0x0000000100000000)
  region size 1024K, 6 young (6144K), 1 survivors (1024K)
 Metaspace       used 75338K, capacity 77366K, committed 77568K, reserved 1116160K
  class space    used 9492K, capacity 10172K, committed 10240K, reserved 1048576K
}
Event: 162.242 GC heap after
{Heap after GC invocations=202 (full 0):
 garbage-first heap   total 114688K, used 93719K [0x00000000e0000000, 0x0000000100000000)
  region size 1024K, 1 young (1024K), 1 survivors (1024K)
 Metaspace       used 75338K, capacity 77366K, committed 77568K, reserved 1116160K
  class space    used 9492K, capacity 10172K, committed 10240K, reserved 1048576K
}
Event: 163.284 GC heap before
{Heap before GC invocations=202 (full 0):
 garbage-first heap   total 114688K, used 98839K [0x00000000e0000000, 0x0000000100000000)
  region size 1024K, 6 young (6144K), 1 survivors (1024K)
 Metaspace       used 75876K, capacity 77910K, committed 78208K, reserved 1118208K
  class space    used 9589K, capacity 10268K, committed 10368K, reserved 1048576K
}
Event: 163.298 GC heap after
{Heap after GC invocations=203 (full 0):
 garbage-first heap   total 114688K, used 94058K [0x00000000e0000000, 0x0000000100000000)
  region size 1024K, 1 young (1024K), 1 survivors (1024K)
 Metaspace       used 75876K, capacity 77910K, committed 78208K, reserved 1118208K
  class space    used 9589K, capacity 10268K, committed 10368K, reserved 1048576K
}

Deoptimization events (20 events):
Event: 160.282 Thread 0x0000024ecb0f1800 Uncommon trap: trap_request=0xffffff4d fr.pc=0x0000024ebf3f5c2c relative=0x000000000000190c
Event: 160.282 Thread 0x0000024ecb0f1800 Uncommon trap: reason=unstable_if action=reinterpret pc=0x0000024ebf3f5c2c method=groovy.lang.MetaClassImpl.filterPropertyMethod(Ljava/lang/Object;ZZ)Ljava/lang/Object; @ 60 c2
Event: 160.282 Thread 0x0000024ecb0f1800 DEOPT PACKING pc=0x0000024ebf3f5c2c sp=0x000000f67aff8730
Event: 160.282 Thread 0x0000024ecb0f1800 DEOPT UNPACKING pc=0x0000024eb7306029 sp=0x000000f67aff8700 mode 2
Event: 160.345 Thread 0x0000024ecb0f1800 Uncommon trap: trap_request=0xfffffff4 fr.pc=0x0000024ebf32554c relative=0x00000000000007ac
Event: 160.345 Thread 0x0000024ecb0f1800 Uncommon trap: reason=null_check action=make_not_entrant pc=0x0000024ebf32554c method=com.sun.beans.introspect.MethodInfo$MethodOrder.compare(Ljava/lang/reflect/Method;Ljava/lang/reflect/Method;)I @ 133 c2
Event: 160.345 Thread 0x0000024ecb0f1800 DEOPT PACKING pc=0x0000024ebf32554c sp=0x000000f67aff4390
Event: 160.345 Thread 0x0000024ecb0f1800 DEOPT UNPACKING pc=0x0000024eb7306029 sp=0x000000f67aff42d8 mode 2
Event: 160.598 Thread 0x0000024ecb0f1800 Uncommon trap: trap_request=0xffffff4d fr.pc=0x0000024ebf28e7f4 relative=0x0000000000000db4
Event: 160.598 Thread 0x0000024ecb0f1800 Uncommon trap: reason=unstable_if action=reinterpret pc=0x0000024ebf28e7f4 method=org.codehaus.groovy.runtime.metaclass.MetaMethodIndex.isOverridden(Lgroovy/lang/MetaMethod;Lgroovy/lang/MetaMethod;)Z @ 33 c2
Event: 160.598 Thread 0x0000024ecb0f1800 DEOPT PACKING pc=0x0000024ebf28e7f4 sp=0x000000f67aff51b0
Event: 160.598 Thread 0x0000024ecb0f1800 DEOPT UNPACKING pc=0x0000024eb7306029 sp=0x000000f67aff50f8 mode 2
Event: 160.944 Thread 0x0000024ecb0f1800 Uncommon trap: trap_request=0xffffff4d fr.pc=0x0000024ebf2c5184 relative=0x00000000000006a4
Event: 160.944 Thread 0x0000024ecb0f1800 Uncommon trap: reason=unstable_if action=reinterpret pc=0x0000024ebf2c5184 method=org.gradle.util.internal.SimpleMapInterner.intern(Ljava/lang/String;)Ljava/lang/String; @ 1 c2
Event: 160.944 Thread 0x0000024ecb0f1800 DEOPT PACKING pc=0x0000024ebf2c5184 sp=0x000000f67aff7ce0
Event: 160.944 Thread 0x0000024ecb0f1800 DEOPT UNPACKING pc=0x0000024eb7306029 sp=0x000000f67aff7c98 mode 2
Event: 161.821 Thread 0x0000024ecb0f1800 Uncommon trap: trap_request=0xffffffde fr.pc=0x0000024ebf157558 relative=0x00000000000000b8
Event: 161.821 Thread 0x0000024ecb0f1800 Uncommon trap: reason=class_check action=maybe_recompile pc=0x0000024ebf157558 method=java.util.RegularEnumSet.contains(Ljava/lang/Object;)Z @ 38 c2
Event: 161.821 Thread 0x0000024ecb0f1800 DEOPT PACKING pc=0x0000024ebf157558 sp=0x000000f67aff9df0
Event: 161.821 Thread 0x0000024ecb0f1800 DEOPT UNPACKING pc=0x0000024eb7306029 sp=0x000000f67aff9d78 mode 2

Classes redefined (0 events):
No events

Internal exceptions (20 events):
Event: 160.685 Thread 0x0000024ecb0f1800 Exception <a 'java/lang/ClassNotFoundException'{0x00000000e6cbe9d8}: build_c8dal52urzv5ilwed3ste257l$_run_closure1$_closure4Customizer> (0x00000000e6cbe9d8) thrown at [./src/hotspot/share/classfile/systemDictionary.cpp, line 231]
Event: 160.692 Thread 0x0000024ecb0f1800 Exception <a 'java/lang/ClassNotFoundException'{0x00000000e6ce8798}: build_c8dal52urzv5ilwed3ste257l$_run_closure1BeanInfo> (0x00000000e6ce8798) thrown at [./src/hotspot/share/classfile/systemDictionary.cpp, line 231]
Event: 160.694 Thread 0x0000024ecb0f1800 Exception <a 'java/lang/ClassNotFoundException'{0x00000000e6cf97e0}: build_c8dal52urzv5ilwed3ste257l$_run_closure1Customizer> (0x00000000e6cf97e0) thrown at [./src/hotspot/share/classfile/systemDictionary.cpp, line 231]
Event: 160.711 Thread 0x0000024ecb0f1800 Exception <a 'java/lang/ClassNotFoundException'{0x00000000e6b581f8}: org/gradle/api/JavaVersionBeanInfo> (0x00000000e6b581f8) thrown at [./src/hotspot/share/classfile/systemDictionary.cpp, line 231]
Event: 160.716 Thread 0x0000024ecb0f1800 Exception <a 'java/lang/ClassNotFoundException'{0x00000000e6b83658}: org/gradle/api/JavaVersionCustomizer> (0x00000000e6b83658) thrown at [./src/hotspot/share/classfile/systemDictionary.cpp, line 231]
Event: 160.726 Thread 0x0000024ecb0f1800 Exception <a 'java/lang/ClassNotFoundException'{0x00000000e6bda6f8}: com/android/build/gradle/internal/CompileOptions_DecoratedBeanInfo> (0x00000000e6bda6f8) thrown at [./src/hotspot/share/classfile/systemDictionary.cpp, line 231]
Event: 160.728 Thread 0x0000024ecb0f1800 Exception <a 'java/lang/ClassNotFoundException'{0x00000000e6bf3af0}: com/android/build/gradle/internal/CompileOptionsBeanInfo> (0x00000000e6bf3af0) thrown at [./src/hotspot/share/classfile/systemDictionary.cpp, line 231]
Event: 160.733 Thread 0x0000024ecb0f1800 Exception <a 'java/lang/ClassNotFoundException'{0x00000000e6a0df08}: com/android/build/gradle/internal/CompileOptionsCustomizer> (0x00000000e6a0df08) thrown at [./src/hotspot/share/classfile/systemDictionary.cpp, line 231]
Event: 160.736 Thread 0x0000024ecb0f1800 Exception <a 'java/lang/ClassNotFoundException'{0x00000000e6a34cc8}: com/android/build/gradle/internal/CompileOptions_DecoratedCustomizer> (0x00000000e6a34cc8) thrown at [./src/hotspot/share/classfile/systemDictionary.cpp, line 231]
Event: 160.876 Thread 0x0000024ecb0f1800 Exception <a 'java/lang/ClassNotFoundException'{0x00000000e698c3f0}: org/jetbrains/kotlin/gradle/dsl/KotlinJvmOptionsImplBeanInfo> (0x00000000e698c3f0) thrown at [./src/hotspot/share/classfile/systemDictionary.cpp, line 231]
Event: 160.877 Thread 0x0000024ecb0f1800 Exception <a 'java/lang/ClassNotFoundException'{0x00000000e69a6970}: org/jetbrains/kotlin/gradle/dsl/KotlinJvmOptionsBaseBeanInfo> (0x00000000e69a6970) thrown at [./src/hotspot/share/classfile/systemDictionary.cpp, line 231]
Event: 160.879 Thread 0x0000024ecb0f1800 Exception <a 'java/lang/ClassNotFoundException'{0x00000000e69c13a8}: org/jetbrains/kotlin/gradle/dsl/KotlinJvmOptionsBaseCustomizer> (0x00000000e69c13a8) thrown at [./src/hotspot/share/classfile/systemDictionary.cpp, line 231]
Event: 160.885 Thread 0x0000024ecb0f1800 Exception <a 'java/lang/ClassNotFoundException'{0x00000000e69f6130}: org/jetbrains/kotlin/gradle/dsl/KotlinJvmOptionsImplCustomizer> (0x00000000e69f6130) thrown at [./src/hotspot/share/classfile/systemDictionary.cpp, line 231]
Event: 160.904 Thread 0x0000024ecb0f1800 Exception <a 'java/lang/ClassNotFoundException'{0x00000000e687c458}: com/android/build/gradle/internal/dsl/ApplicationBuildFeaturesImpl_DecoratedBeanInfo> (0x00000000e687c458) thrown at [./src/hotspot/share/classfile/systemDictionary.cpp, line 231]
Event: 160.906 Thread 0x0000024ecb0f1800 Exception <a 'java/lang/ClassNotFoundException'{0x00000000e6898e20}: com/android/build/gradle/internal/dsl/ApplicationBuildFeaturesImplBeanInfo> (0x00000000e6898e20) thrown at [./src/hotspot/share/classfile/systemDictionary.cpp, line 231]
Event: 160.908 Thread 0x0000024ecb0f1800 Exception <a 'java/lang/ClassNotFoundException'{0x00000000e68b3718}: com/android/build/gradle/internal/dsl/BuildFeaturesImplBeanInfo> (0x00000000e68b3718) thrown at [./src/hotspot/share/classfile/systemDictionary.cpp, line 231]
Event: 160.909 Thread 0x0000024ecb0f1800 Exception <a 'java/lang/ClassNotFoundException'{0x00000000e68ce318}: com/android/build/gradle/internal/dsl/BuildFeaturesImplCustomizer> (0x00000000e68ce318) thrown at [./src/hotspot/share/classfile/systemDictionary.cpp, line 231]
Event: 160.912 Thread 0x0000024ecb0f1800 Exception <a 'java/lang/ClassNotFoundException'{0x00000000e68f6828}: com/android/build/gradle/internal/dsl/ApplicationBuildFeaturesImplCustomizer> (0x00000000e68f6828) thrown at [./src/hotspot/share/classfile/systemDictionary.cpp, line 231]
Event: 160.927 Thread 0x0000024ecb0f1800 Exception <a 'java/lang/ClassNotFoundException'{0x00000000e6d1b198}: com/android/build/gradle/internal/dsl/ApplicationBuildFeaturesImpl_DecoratedCustomizer> (0x00000000e6d1b198) thrown at [./src/hotspot/share/classfile/systemDictionary.cpp, line 231]
Event: 160.944 Thread 0x0000024ecb0f1800 Implicit null exception at 0x0000024ebf2c4b14 to 0x0000024ebf2c5178

Events (20 events):
Event: 163.658 loading class com/android/build/gradle/tasks/ShaderCompile$CreationAction
Event: 163.658 loading class com/android/build/gradle/tasks/ShaderCompile$CreationAction done
Event: 163.660 loading class com/android/build/gradle/tasks/ShaderCompile
Event: 163.660 loading class com/android/build/gradle/tasks/ShaderCompile done
Event: 163.668 loading class org/gradle/api/file/DirectoryProperty
Event: 163.668 loading class org/gradle/api/file/DirectoryProperty done
Event: 163.668 loading class com/android/build/gradle/tasks/ShaderCompile
Event: 163.668 loading class com/android/build/gradle/tasks/ShaderCompile done
Event: 163.668 loading class kotlin/jvm/functions/Function1
Event: 163.668 loading class kotlin/jvm/functions/Function1 done
Event: 163.669 loading class com/android/build/gradle/tasks/MergeSourceSetFolders$MergeAppAssetCreationAction
Event: 163.669 loading class com/android/build/gradle/tasks/MergeSourceSetFolders$MergeAppAssetCreationAction done
Event: 163.670 loading class com/android/build/gradle/tasks/MergeSourceSetFolders$MergeAssetBaseCreationAction
Event: 163.670 loading class com/android/build/gradle/tasks/MergeSourceSetFolders$MergeAssetBaseCreationAction done
Event: 163.678 loading class com/android/build/gradle/tasks/MergeSourceSetFolders$MergeAssetBaseCreationAction$handleProvider$1
Event: 163.678 loading class com/android/build/gradle/tasks/MergeSourceSetFolders$MergeAssetBaseCreationAction$handleProvider$1 done
Event: 163.686 loading class com/android/build/gradle/internal/tasks/CompressAssetsTask
Event: 163.686 loading class com/android/build/gradle/internal/tasks/CompressAssetsTask done
Event: 163.706 loading class com/android/build/gradle/internal/tasks/CompressAssetsTask$CreationAction$handleProvider$1
Event: 163.706 loading class com/android/build/gradle/internal/tasks/CompressAssetsTask$CreationAction$handleProvider$1 done


Dynamic libraries:
0x00007ff7e17d0000 - 0x00007ff7e17da000 	C:\Users\felip\OneDrive\Desktop\android-studio\jre\bin\java.exe
0x00007ffe72f10000 - 0x00007ffe73105000 	C:\Windows\SYSTEM32\ntdll.dll
0x00007ffe51290000 - 0x00007ffe512a6000 	C:\Program Files\Avast Software\Avast\aswhook.dll
0x00007ffe70f60000 - 0x00007ffe7101e000 	C:\Windows\System32\KERNEL32.DLL
0x00007ffe70c90000 - 0x00007ffe70f59000 	C:\Windows\System32\KERNELBASE.dll
0x00007ffe70a30000 - 0x00007ffe70b30000 	C:\Windows\System32\ucrtbase.dll
0x00007ffe69ad0000 - 0x00007ffe69ae9000 	C:\Users\felip\OneDrive\Desktop\android-studio\jre\bin\jli.dll
0x00007ffe72ae0000 - 0x00007ffe72c81000 	C:\Windows\System32\USER32.dll
0x00007ffe70a00000 - 0x00007ffe70a22000 	C:\Windows\System32\win32u.dll
0x00007ffe71400000 - 0x00007ffe7142b000 	C:\Windows\System32\GDI32.dll
0x00007ffe70630000 - 0x00007ffe7073b000 	C:\Windows\System32\gdi32full.dll
0x00007ffe70740000 - 0x00007ffe707dd000 	C:\Windows\System32\msvcp_win.dll
0x00007ffe60850000 - 0x00007ffe60aea000 	C:\Windows\WinSxS\amd64_microsoft.windows.common-controls_6595b64144ccf1df_6.0.19041.1110_none_60b5254171f9507e\COMCTL32.dll
0x00007ffe72260000 - 0x00007ffe722fe000 	C:\Windows\System32\msvcrt.dll
0x00007ffe69940000 - 0x00007ffe69957000 	C:\Users\felip\OneDrive\Desktop\android-studio\jre\bin\VCRUNTIME140.dll
0x00007ffe72730000 - 0x00007ffe72760000 	C:\Windows\System32\IMM32.DLL
0x00007ffe59190000 - 0x00007ffe5922d000 	C:\Users\felip\OneDrive\Desktop\android-studio\jre\bin\msvcp140.dll
0x00007ffe45910000 - 0x00007ffe463e5000 	C:\Users\felip\OneDrive\Desktop\android-studio\jre\bin\server\jvm.dll
0x00007ffe71430000 - 0x00007ffe714dc000 	C:\Windows\System32\ADVAPI32.dll
0x00007ffe711a0000 - 0x00007ffe7123b000 	C:\Windows\System32\sechost.dll
0x00007ffe712d0000 - 0x00007ffe713fa000 	C:\Windows\System32\RPCRT4.dll
0x00007ffe71970000 - 0x00007ffe71978000 	C:\Windows\System32\PSAPI.DLL
0x00007ffe63c60000 - 0x00007ffe63c69000 	C:\Windows\SYSTEM32\WSOCK32.dll
0x00007ffe594e0000 - 0x00007ffe59507000 	C:\Windows\SYSTEM32\WINMM.dll
0x00007ffe65210000 - 0x00007ffe6521a000 	C:\Windows\SYSTEM32\VERSION.dll
0x00007ffe721f0000 - 0x00007ffe7225b000 	C:\Windows\System32\WS2_32.dll
0x00007ffe6e450000 - 0x00007ffe6e462000 	C:\Windows\SYSTEM32\kernel.appcore.dll
0x00007ffe6dd50000 - 0x00007ffe6dd61000 	C:\Users\felip\OneDrive\Desktop\android-studio\jre\bin\verify.dll
0x00007ffe65020000 - 0x00007ffe65204000 	C:\Windows\SYSTEM32\DBGHELP.DLL
0x00007ffe64ff0000 - 0x00007ffe6501c000 	C:\Windows\SYSTEM32\dbgcore.DLL
0x00007ffe707e0000 - 0x00007ffe70863000 	C:\Windows\System32\bcryptPrimitives.dll
0x00007ffe6d760000 - 0x00007ffe6d789000 	C:\Users\felip\OneDrive\Desktop\android-studio\jre\bin\java.dll
0x00007ffe6d8a0000 - 0x00007ffe6d8ab000 	C:\Users\felip\OneDrive\Desktop\android-studio\jre\bin\jimage.dll
0x00007ffe6cd30000 - 0x00007ffe6cd48000 	C:\Users\felip\OneDrive\Desktop\android-studio\jre\bin\zip.dll
0x00007ffe71ab0000 - 0x00007ffe721ef000 	C:\Windows\System32\SHELL32.dll
0x00007ffe6e730000 - 0x00007ffe6eec0000 	C:\Windows\SYSTEM32\windows.storage.dll
0x00007ffe72780000 - 0x00007ffe72ad5000 	C:\Windows\System32\combase.dll
0x00007ffe6ffb0000 - 0x00007ffe6ffdc000 	C:\Windows\SYSTEM32\Wldp.dll
0x00007ffe71980000 - 0x00007ffe71a2d000 	C:\Windows\System32\SHCORE.dll
0x00007ffe72d60000 - 0x00007ffe72db5000 	C:\Windows\System32\shlwapi.dll
0x00007ffe70570000 - 0x00007ffe7058f000 	C:\Windows\SYSTEM32\profapi.dll
0x00007ffe6a920000 - 0x00007ffe6a93a000 	C:\Users\felip\OneDrive\Desktop\android-studio\jre\bin\net.dll
0x00007ffe64e40000 - 0x00007ffe64f48000 	C:\Windows\SYSTEM32\WINHTTP.dll
0x00007ffe6fd10000 - 0x00007ffe6fd7a000 	C:\Windows\system32\mswsock.dll
0x00007ffe6a880000 - 0x00007ffe6a894000 	C:\Users\felip\OneDrive\Desktop\android-studio\jre\bin\nio.dll
0x00007ffe69350000 - 0x00007ffe69377000 	C:\Users\felip\.gradle\native\8bec1ad78214c89d9ad589b4d07fe93259594b29d510b10fafb7a158f7737e5d\windows-amd64\native-platform.dll
0x00007ffe54780000 - 0x00007ffe548bd000 	C:\Users\felip\.gradle\native\53dbd7edfb1c66fb8903c78663c9afc45aea4f116125fa6feffd364cf09443e8\windows-amd64\native-platform-file-events.dll
0x00007ffe6d7b0000 - 0x00007ffe6d7ba000 	C:\Users\felip\OneDrive\Desktop\android-studio\jre\bin\management.dll
0x00007ffe6d720000 - 0x00007ffe6d72d000 	C:\Users\felip\OneDrive\Desktop\android-studio\jre\bin\management_ext.dll
0x00007ffe6ff10000 - 0x00007ffe6ff28000 	C:\Windows\SYSTEM32\CRYPTSP.dll
0x00007ffe6f690000 - 0x00007ffe6f6c4000 	C:\Windows\system32\rsaenh.dll
0x00007ffe70980000 - 0x00007ffe709a7000 	C:\Windows\System32\bcrypt.dll
0x00007ffe704f0000 - 0x00007ffe7051e000 	C:\Windows\SYSTEM32\USERENV.dll
0x00007ffe6ff00000 - 0x00007ffe6ff0c000 	C:\Windows\SYSTEM32\CRYPTBASE.dll
0x00007ffe6fa00000 - 0x00007ffe6fa3b000 	C:\Windows\SYSTEM32\IPHLPAPI.DLL
0x00007ffe71960000 - 0x00007ffe71968000 	C:\Windows\System32\NSI.dll
0x00007ffe698d0000 - 0x00007ffe698e7000 	C:\Windows\SYSTEM32\dhcpcsvc6.DLL
0x00007ffe69bc0000 - 0x00007ffe69bdd000 	C:\Windows\SYSTEM32\dhcpcsvc.DLL
0x00007ffe6fa40000 - 0x00007ffe6fb0c000 	C:\Windows\SYSTEM32\DNSAPI.dll

dbghelp: loaded successfully - version: 4.0.5 - missing functions: none
symbol engine: initialized successfully - sym options: 0x614 - pdb path: .;C:\Users\felip\OneDrive\Desktop\android-studio\jre\bin;C:\Windows\SYSTEM32;C:\Program Files\Avast Software\Avast;C:\Windows\WinSxS\amd64_microsoft.windows.common-controls_6595b64144ccf1df_6.0.19041.1110_none_60b5254171f9507e;C:\Users\felip\OneDrive\Desktop\android-studio\jre\bin\server;C:\Users\felip\.gradle\native\8bec1ad78214c89d9ad589b4d07fe93259594b29d510b10fafb7a158f7737e5d\windows-amd64;C:\Users\felip\.gradle\native\53dbd7edfb1c66fb8903c78663c9afc45aea4f116125fa6feffd364cf09443e8\windows-amd64

VM Arguments:
jvm_args: --add-opens=java.base/java.util=ALL-UNNAMED --add-opens=java.base/java.lang=ALL-UNNAMED --add-opens=java.base/java.lang.invoke=ALL-UNNAMED --add-opens=java.base/java.util=ALL-UNNAMED --add-opens=java.prefs/java.util.prefs=ALL-UNNAMED --add-opens=java.prefs/java.util.prefs=ALL-UNNAMED --add-opens=java.base/java.nio.charset=ALL-UNNAMED --add-opens=java.base/java.net=ALL-UNNAMED --add-opens=java.base/java.util.concurrent.atomic=ALL-UNNAMED -Xmx512m -Dfile.encoding=UTF-8 -Duser.country=US -Duser.language=en -Duser.variant 
java_command: org.gradle.launcher.daemon.bootstrap.GradleDaemon 7.0.2
java_class_path (initial): C:\Users\felip\.gradle\wrapper\dists\gradle-7.0.2-bin\857tjihv64xamwrf0h14cai3r\gradle-7.0.2\lib\gradle-launcher-7.0.2.jar
Launcher Type: SUN_STANDARD

[Global flags]
     intx CICompilerCount                          = 2                                         {product} {ergonomic}
     uint ConcGCThreads                            = 1                                         {product} {ergonomic}
     uint G1ConcRefinementThreads                  = 2                                         {product} {ergonomic}
   size_t G1HeapRegionSize                         = 1048576                                   {product} {ergonomic}
    uintx GCDrainStackTargetSize                   = 64                                        {product} {ergonomic}
   size_t InitialHeapSize                          = 67108864                                  {product} {ergonomic}
   size_t MarkStackSize                            = 4194304                                   {product} {ergonomic}
   size_t MaxHeapSize                              = 536870912                                 {product} {command line}
   size_t MaxNewSize                               = 321912832                                 {product} {ergonomic}
   size_t MinHeapDeltaBytes                        = 1048576                                   {product} {ergonomic}
    uintx NonNMethodCodeHeapSize                   = 5825164                                {pd product} {ergonomic}
    uintx NonProfiledCodeHeapSize                  = 122916538                              {pd product} {ergonomic}
    uintx ProfiledCodeHeapSize                     = 122916538                              {pd product} {ergonomic}
    uintx ReservedCodeCacheSize                    = 251658240                              {pd product} {ergonomic}
     bool SegmentedCodeCache                       = true                                      {product} {ergonomic}
     bool UseCompressedClassPointers               = true                                 {lp64_product} {ergonomic}
     bool UseCompressedOops                        = true                                 {lp64_product} {ergonomic}
     bool UseG1GC                                  = true                                      {product} {ergonomic}
     bool UseLargePagesIndividualAllocation        = false                                  {pd product} {ergonomic}

Logging:
Log output configuration:
 #0: stdout all=warning uptime,level,tags
 #1: stderr all=off uptime,level,tags

Environment Variables:
PATH=C:\Program Files\Common Files\Oracle\Java\javapath;C:\Program Files (x86)\Common Files\Oracle\Java\javapath;C:\Windows\system32;C:\Windows;C:\Windows\System32\Wbem;C:\Windows\System32\WindowsPowerShell\v1.0\;C:\Windows\System32\OpenSSH\;C:\ProgramData\chocolatey\bin;C:\Program Files (x86)\Yarn\bin\;C:\Program Files\Git\cmd;C:\Program Files\nodejs\;C:\Users\felip\AppData\Local\Microsoft\WindowsApps;C:\Users\felip\AppData\Local\Programs\Microsoft VS Code\bin;C:\Users\felip\AppData\Local\Yarn\bin;C:\Users\felip\AppData\Local\GitHubDesktop\bin;C:\Users\felip\AppData\Roaming\npm
USERNAME=felip
OS=Windows_NT
PROCESSOR_IDENTIFIER=Intel64 Family 6 Model 23 Stepping 10, GenuineIntel



---------------  S Y S T E M  ---------------

OS: Windows 10 , 64 bit Build 19041 (10.0.19041.1202)
OS uptime: 7 days 2:31 hours

CPU:total 2 (initial active 2) (2 cores per cpu, 1 threads per core) family 6 model 23 stepping 10 microcode 0xa0c, cmov, cx8, fxsr, mmx, sse, sse2, sse3, ssse3, tsc

Memory: 4k page, system-wide physical 4061M (28M free)
TotalPageFile size 4061M (AvailPageFile size 5M)
current process WorkingSet (physical memory assigned to process): 203M, peak: 285M
current process commit charge ("private bytes"): 346M, peak: 346M

vm_info: OpenJDK 64-Bit Server VM (11.0.11+9-b60-7590822) for windows-amd64 JRE (11.0.11+9-b60-7590822), built on Jul 29 2021 21:43:44 by "builder" with MS VC++ 14.0 (VS2015)

END.
