#
# There is insufficient memory for the Java Runtime Environment to continue.
# Native memory allocation (malloc) failed to allocate 1834736 bytes for Chunk::new
# Possible reasons:
#   The system is out of physical RAM or swap space
#   The process is running with CompressedOops enabled, and the Java Heap may be blocking the growth of the native heap
# Possible solutions:
#   Reduce memory load on the system
#   Increase physical memory or swap space
#   Check if swap backing store is full
#   Decrease Java heap size (-Xmx/-Xms)
#   Decrease number of Java threads
#   Decrease Java thread stack sizes (-Xss)
#   Set larger code cache with -XX:ReservedCodeCacheSize=
#   JVM is running with Unscaled Compressed Oops mode in which the Java heap is
#     placed in the first 4GB address space. The Java Heap base address is the
#     maximum limit for the native heap growth. Please use -XX:HeapBaseMinAddress
#     to set the Java Heap base and to place the Java Heap above 4GB virtual address.
# This output file may be truncated or incomplete.
#
#  Out of Memory Error (./src/hotspot/share/memory/arena.cpp:197), pid=6324, tid=6688
#
# JRE version: OpenJDK Runtime Environment (11.0.11+9) (build 11.0.11+9-b60-7590822)
# Java VM: OpenJDK 64-Bit Server VM (11.0.11+9-b60-7590822, mixed mode, tiered, compressed oops, g1 gc, windows-amd64)
# No core dump will be written. Minidumps are not enabled by default on client versions of Windows
#

---------------  S U M M A R Y ------------

Command Line: --add-opens=java.base/java.util=ALL-UNNAMED --add-opens=java.base/java.lang=ALL-UNNAMED --add-opens=java.base/java.lang.invoke=ALL-UNNAMED --add-opens=java.base/java.util=ALL-UNNAMED --add-opens=java.prefs/java.util.prefs=ALL-UNNAMED --add-opens=java.prefs/java.util.prefs=ALL-UNNAMED --add-opens=java.base/java.nio.charset=ALL-UNNAMED --add-opens=java.base/java.net=ALL-UNNAMED --add-opens=java.base/java.util.concurrent.atomic=ALL-UNNAMED -Xmx1024m -Dfile.encoding=UTF-8 -Duser.country=US -Duser.language=en -Duser.variant org.gradle.launcher.daemon.bootstrap.GradleDaemon 7.0.2

Host: Celeron(R) Dual-Core CPU       T3500  @ 2.10GHz, 2 cores, 3G,  Windows 10 , 64 bit Build 19041 (10.0.19041.1202)
Time: Fri Nov  5 09:43:14 2021 E. South America Standard Time elapsed time: 1284.365974 seconds (0d 0h 21m 24s)

---------------  T H R E A D  ---------------

Current thread (0x00000217fd3f2800):  JavaThread "C2 CompilerThread0" daemon [_thread_in_native, id=6688, stack(0x000000a339300000,0x000000a339400000)]


Current CompileTask:
C2:1284366 15872       4       groovyjarjarantlr4.v4.runtime.atn.ParserATNSimulator::closure (784 bytes)

Stack: [0x000000a339300000,0x000000a339400000]
Native frames: (J=compiled Java code, j=interpreted, Vv=VM code, C=native code)
V  [jvm.dll+0x5f214a]
V  [jvm.dll+0x726fb5]
V  [jvm.dll+0x7285cd]
V  [jvm.dll+0x728c83]
V  [jvm.dll+0x243278]
V  [jvm.dll+0xbc53c]
V  [jvm.dll+0xbca3c]
V  [jvm.dll+0x353e7d]
V  [jvm.dll+0x321893]
V  [jvm.dll+0x320d8a]
V  [jvm.dll+0x1fc1e2]
V  [jvm.dll+0x1fb3d4]
V  [jvm.dll+0x183d6c]
V  [jvm.dll+0x209a57]
V  [jvm.dll+0x2082a1]
V  [jvm.dll+0x6ef58f]
V  [jvm.dll+0x6e80b5]
V  [jvm.dll+0x5f1036]
C  [ucrtbase.dll+0x21bb2]
C  [KERNEL32.DLL+0x17034]
C  [ntdll.dll+0x52651]


---------------  P R O C E S S  ---------------

Threads class SMR info:
_java_thread_list=0x0000021784092ca0, length=38, elements={
0x00000217e5a20000, 0x00000217fd388000, 0x00000217fd392000, 0x00000217fd3a2800,
0x00000217fd3a4800, 0x00000217fd3ea800, 0x00000217fd3f2800, 0x00000217fd3f4000,
0x00000217fd42e800, 0x00000217fd651000, 0x00000217fe4b3800, 0x00000217fe61f000,
0x00000217fee18800, 0x00000217fe328800, 0x00000217fe329800, 0x00000217fe324800,
0x00000217fe327800, 0x00000217fe32b000, 0x00000217fe325800, 0x00000217fe327000,
0x00000217fe1ab000, 0x00000217fe1ac800, 0x00000217fe1b2800, 0x00000217fe1a9800,
0x00000217fe1a8800, 0x00000217fe1ac000, 0x00000217fe1af000, 0x00000217fe1ae000,
0x00000217fe1aa000, 0x00000217fe1b3000, 0x00000217fe1b5800, 0x00000217fe1b0000,
0x00000217fe1b5000, 0x00000217fe1b0800, 0x00000217fe1b6800, 0x00000217fe1b1800,
0x00000217fe32a000, 0x00000217fe326000
}

Java Threads: ( => current thread )
  0x00000217e5a20000 JavaThread "main" [_thread_blocked, id=2956, stack(0x000000a338700000,0x000000a338800000)]
  0x00000217fd388000 JavaThread "Reference Handler" daemon [_thread_blocked, id=7412, stack(0x000000a338e00000,0x000000a338f00000)]
  0x00000217fd392000 JavaThread "Finalizer" daemon [_thread_blocked, id=6260, stack(0x000000a338f00000,0x000000a339000000)]
  0x00000217fd3a2800 JavaThread "Signal Dispatcher" daemon [_thread_blocked, id=1756, stack(0x000000a339000000,0x000000a339100000)]
  0x00000217fd3a4800 JavaThread "Attach Listener" daemon [_thread_blocked, id=820, stack(0x000000a339100000,0x000000a339200000)]
  0x00000217fd3ea800 JavaThread "Service Thread" daemon [_thread_blocked, id=4196, stack(0x000000a339200000,0x000000a339300000)]
=>0x00000217fd3f2800 JavaThread "C2 CompilerThread0" daemon [_thread_in_native, id=6688, stack(0x000000a339300000,0x000000a339400000)]
  0x00000217fd3f4000 JavaThread "C1 CompilerThread0" daemon [_thread_blocked, id=7216, stack(0x000000a339400000,0x000000a339500000)]
  0x00000217fd42e800 JavaThread "Sweeper thread" daemon [_thread_blocked, id=4176, stack(0x000000a339500000,0x000000a339600000)]
  0x00000217fd651000 JavaThread "Common-Cleaner" daemon [_thread_blocked, id=6912, stack(0x000000a339600000,0x000000a339700000)]
  0x00000217fe4b3800 JavaThread "Daemon health stats" [_thread_blocked, id=6632, stack(0x000000a339900000,0x000000a339a00000)]
  0x00000217fe61f000 JavaThread "Incoming local TCP Connector on port 6876" [_thread_in_native, id=4692, stack(0x000000a339a00000,0x000000a339b00000)]
  0x00000217fee18800 JavaThread "Daemon periodic checks" [_thread_blocked, id=7544, stack(0x000000a339b00000,0x000000a339c00000)]
  0x00000217fe328800 JavaThread "Cache worker for file hash cache (C:\Users\felip\.gradle\caches\7.0.2\fileHashes)" [_thread_blocked, id=3516, stack(0x000000a33a300000,0x000000a33a400000)]
  0x00000217fe329800 JavaThread "File lock request listener" [_thread_in_native, id=6752, stack(0x000000a33a400000,0x000000a33a500000)]
  0x00000217fe324800 JavaThread "Cache worker for journal cache (C:\Users\felip\.gradle\caches\journal-1)" [_thread_blocked, id=6124, stack(0x000000a33a500000,0x000000a33a600000)]
  0x00000217fe327800 JavaThread "File watcher server" daemon [_thread_in_native, id=3332, stack(0x000000a33a700000,0x000000a33a800000)]
  0x00000217fe32b000 JavaThread "File watcher consumer" daemon [_thread_blocked, id=4880, stack(0x000000a33a800000,0x000000a33a900000)]
  0x00000217fe325800 JavaThread "jar transforms" [_thread_blocked, id=4872, stack(0x000000a33a900000,0x000000a33aa00000)]
  0x00000217fe327000 JavaThread "jar transforms Thread 2" [_thread_blocked, id=4684, stack(0x000000a33aa00000,0x000000a33ab00000)]
  0x00000217fe1ab000 JavaThread "Cache worker for execution history cache (C:\Users\felip\.gradle\caches\7.0.2\executionHistory)" [_thread_blocked, id=2608, stack(0x000000a33ae00000,0x000000a33af00000)]
  0x00000217fe1ac800 JavaThread "Cache worker for file content cache (C:\Users\felip\.gradle\caches\7.0.2\fileContent)" [_thread_blocked, id=7476, stack(0x000000a33af00000,0x000000a33b000000)]
  0x00000217fe1b2800 JavaThread "Memory manager" [_thread_blocked, id=7928, stack(0x000000a33b600000,0x000000a33b700000)]
  0x00000217fe1a9800 JavaThread "Daemon Thread 5" [_thread_blocked, id=7232, stack(0x000000a338400000,0x000000a338500000)]
  0x00000217fe1a8800 JavaThread "Handler for socket connection from /127.0.0.1:6876 to /127.0.0.1:6954" [_thread_in_native, id=5756, stack(0x000000a338500000,0x000000a338600000)]
  0x00000217fe1ac000 JavaThread "Cancel handler" [_thread_blocked, id=3276, stack(0x000000a338600000,0x000000a338700000)]
  0x00000217fe1af000 JavaThread "Daemon worker Thread 6" [_thread_in_native, id=6992, stack(0x000000a339c00000,0x000000a339d00000)]
  0x00000217fe1ae000 JavaThread "Asynchronous log dispatcher for DefaultDaemonConnection: socket connection from /127.0.0.1:6876 to /127.0.0.1:6954" [_thread_blocked, id=3400, stack(0x000000a339d00000,0x000000a339e00000)]
  0x00000217fe1aa000 JavaThread "Stdin handler" [_thread_blocked, id=1532, stack(0x000000a339e00000,0x000000a339f00000)]
  0x00000217fe1b3000 JavaThread "Daemon client event forwarder" [_thread_blocked, id=6652, stack(0x000000a339f00000,0x000000a33a000000)]
  0x00000217fe1b5800 JavaThread "Cache worker for file hash cache (C:\Users\felip\AndroidStudioProjects\VideoApp\.gradle\7.0.2\fileHashes)" [_thread_blocked, id=4448, stack(0x000000a33a000000,0x000000a33a100000)]
  0x00000217fe1b0000 JavaThread "Cache worker for checksums cache (C:\Users\felip\AndroidStudioProjects\VideoApp\.gradle\checksums)" [_thread_blocked, id=5660, stack(0x000000a33a100000,0x000000a33a200000)]
  0x00000217fe1b5000 JavaThread "Cache worker for cache directory md-supplier (C:\Users\felip\.gradle\caches\7.0.2\md-supplier)" [_thread_blocked, id=5088, stack(0x000000a33a200000,0x000000a33a300000)]
  0x00000217fe1b0800 JavaThread "Cache worker for cache directory md-rule (C:\Users\felip\.gradle\caches\7.0.2\md-rule)" [_thread_blocked, id=5304, stack(0x000000a33a600000,0x000000a33a700000)]
  0x00000217fe1b6800 JavaThread "Cache worker for dependencies-accessors (C:\Users\felip\AndroidStudioProjects\VideoApp\.gradle\7.0.2\dependencies-accessors)" [_thread_blocked, id=6424, stack(0x000000a33ab00000,0x000000a33ac00000)]
  0x00000217fe1b1800 JavaThread "Cache worker for Build Output Cleanup Cache (C:\Users\felip\AndroidStudioProjects\VideoApp\.gradle\buildOutputCleanup)" [_thread_blocked, id=6300, stack(0x000000a33ac00000,0x000000a33ad00000)]
  0x00000217fe32a000 JavaThread "Build operations" [_thread_blocked, id=1484, stack(0x000000a33ad00000,0x000000a33ae00000)]
  0x00000217fe326000 JavaThread "Build operations Thread 2" [_thread_blocked, id=3376, stack(0x000000a33b000000,0x000000a33b100000)]

Other Threads:
  0x00000217fd384000 VMThread "VM Thread" [stack: 0x000000a338d00000,0x000000a338e00000] [id=7408]
  0x00000217fd676800 WatcherThread [stack: 0x000000a339700000,0x000000a339800000] [id=1600]
  0x00000217e5a39000 GCTaskThread "GC Thread#0" [stack: 0x000000a338800000,0x000000a338900000] [id=7832]
  0x00000217fd7f1000 GCTaskThread "GC Thread#1" [stack: 0x000000a339800000,0x000000a339900000] [id=7224]
  0x00000217e5a53800 ConcurrentGCThread "G1 Main Marker" [stack: 0x000000a338900000,0x000000a338a00000] [id=1632]
  0x00000217e5a56000 ConcurrentGCThread "G1 Conc#0" [stack: 0x000000a338a00000,0x000000a338b00000] [id=7800]
  0x00000217e5aa3800 ConcurrentGCThread "G1 Refine#0" [stack: 0x000000a338b00000,0x000000a338c00000] [id=7924]
  0x00000217e5aa6800 ConcurrentGCThread "G1 Young RemSet Sampling" [stack: 0x000000a338c00000,0x000000a338d00000] [id=8008]

Threads with active compile tasks:
C2 CompilerThread01285111 15872       4       groovyjarjarantlr4.v4.runtime.atn.ParserATNSimulator::closure (784 bytes)

VM state:not at safepoint (normal execution)

VM Mutex/Monitor currently owned by a thread: None

Heap address: 0x00000000c0000000, size: 1024 MB, Compressed Oops mode: 32-bit
Narrow klass base: 0x0000000000000000, Narrow klass shift: 3
Compressed class space size: 1073741824 Address: 0x0000000100000000

Heap:
 garbage-first heap   total 165888K, used 138442K [0x00000000c0000000, 0x0000000100000000)
  region size 1024K, 19 young (19456K), 3 survivors (3072K)
 Metaspace       used 109494K, capacity 112808K, committed 112944K, reserved 1146880K
  class space    used 13815K, capacity 14953K, committed 14976K, reserved 1048576K
Heap Regions: E=young(eden), S=young(survivor), O=old, HS=humongous(starts), HC=humongous(continues), CS=collection set, F=free, A=archive, TAMS=top-at-mark-start (previous, next)
|   0|0x00000000c0000000, 0x00000000c0100000, 0x00000000c0100000|100%| O|  |TAMS 0x00000000c0100000, 0x00000000c0000000| Untracked 
|   1|0x00000000c0100000, 0x00000000c0200000, 0x00000000c0200000|100%| O|  |TAMS 0x00000000c0200000, 0x00000000c0100000| Untracked 
|   2|0x00000000c0200000, 0x00000000c0300000, 0x00000000c0300000|100%| O|  |TAMS 0x00000000c0300000, 0x00000000c0200000| Untracked 
|   3|0x00000000c0300000, 0x00000000c0400000, 0x00000000c0400000|100%| O|  |TAMS 0x00000000c0400000, 0x00000000c0300000| Untracked 
|   4|0x00000000c0400000, 0x00000000c0500000, 0x00000000c0500000|100%|HS|  |TAMS 0x00000000c0500000, 0x00000000c0400000| Complete 
|   5|0x00000000c0500000, 0x00000000c0600000, 0x00000000c0600000|100%|HC|  |TAMS 0x00000000c0600000, 0x00000000c0500000| Complete 
|   6|0x00000000c0600000, 0x00000000c0700000, 0x00000000c0700000|100%|HC|  |TAMS 0x00000000c0700000, 0x00000000c0600000| Complete 
|   7|0x00000000c0700000, 0x00000000c0800000, 0x00000000c0800000|100%| O|  |TAMS 0x00000000c0800000, 0x00000000c0700000| Untracked 
|   8|0x00000000c0800000, 0x00000000c0900000, 0x00000000c0900000|100%| O|  |TAMS 0x00000000c0900000, 0x00000000c0800000| Untracked 
|   9|0x00000000c0900000, 0x00000000c0a00000, 0x00000000c0a00000|100%| O|  |TAMS 0x00000000c0a00000, 0x00000000c0900000| Untracked 
|  10|0x00000000c0a00000, 0x00000000c0b00000, 0x00000000c0b00000|100%| O|  |TAMS 0x00000000c0b00000, 0x00000000c0a00000| Untracked 
|  11|0x00000000c0b00000, 0x00000000c0c00000, 0x00000000c0c00000|100%| O|  |TAMS 0x00000000c0c00000, 0x00000000c0b00000| Untracked 
|  12|0x00000000c0c00000, 0x00000000c0d00000, 0x00000000c0d00000|100%| O|  |TAMS 0x00000000c0d00000, 0x00000000c0c00000| Untracked 
|  13|0x00000000c0d00000, 0x00000000c0e00000, 0x00000000c0e00000|100%| O|  |TAMS 0x00000000c0e00000, 0x00000000c0d00000| Untracked 
|  14|0x00000000c0e00000, 0x00000000c0f00000, 0x00000000c0f00000|100%| O|  |TAMS 0x00000000c0f00000, 0x00000000c0e00000| Untracked 
|  15|0x00000000c0f00000, 0x00000000c1000000, 0x00000000c1000000|100%| O|  |TAMS 0x00000000c1000000, 0x00000000c0f00000| Untracked 
|  16|0x00000000c1000000, 0x00000000c1100000, 0x00000000c1100000|100%| O|  |TAMS 0x00000000c1100000, 0x00000000c1000000| Untracked 
|  17|0x00000000c1100000, 0x00000000c1200000, 0x00000000c1200000|100%|HS|  |TAMS 0x00000000c1200000, 0x00000000c1100000| Complete 
|  18|0x00000000c1200000, 0x00000000c1300000, 0x00000000c1300000|100%|HC|  |TAMS 0x00000000c1300000, 0x00000000c1200000| Complete 
|  19|0x00000000c1300000, 0x00000000c1400000, 0x00000000c1400000|100%|HS|  |TAMS 0x00000000c1400000, 0x00000000c1300000| Complete 
|  20|0x00000000c1400000, 0x00000000c1500000, 0x00000000c1500000|100%|HC|  |TAMS 0x00000000c1500000, 0x00000000c1400000| Complete 
|  21|0x00000000c1500000, 0x00000000c1600000, 0x00000000c1600000|100%|HC|  |TAMS 0x00000000c1600000, 0x00000000c1500000| Complete 
|  22|0x00000000c1600000, 0x00000000c1700000, 0x00000000c1700000|100%|HS|  |TAMS 0x00000000c1700000, 0x00000000c1600000| Complete 
|  23|0x00000000c1700000, 0x00000000c1800000, 0x00000000c1800000|100%|HC|  |TAMS 0x00000000c1800000, 0x00000000c1700000| Complete 
|  24|0x00000000c1800000, 0x00000000c1900000, 0x00000000c1900000|100%|HC|  |TAMS 0x00000000c1900000, 0x00000000c1800000| Complete 
|  25|0x00000000c1900000, 0x00000000c1a00000, 0x00000000c1a00000|100%|HC|  |TAMS 0x00000000c1a00000, 0x00000000c1900000| Complete 
|  26|0x00000000c1a00000, 0x00000000c1b00000, 0x00000000c1b00000|100%| O|  |TAMS 0x00000000c1b00000, 0x00000000c1a00000| Untracked 
|  27|0x00000000c1b00000, 0x00000000c1c00000, 0x00000000c1c00000|100%| O|  |TAMS 0x00000000c1c00000, 0x00000000c1b00000| Untracked 
|  28|0x00000000c1c00000, 0x00000000c1d00000, 0x00000000c1d00000|100%| O|  |TAMS 0x00000000c1d00000, 0x00000000c1c00000| Untracked 
|  29|0x00000000c1d00000, 0x00000000c1e00000, 0x00000000c1e00000|100%| O|  |TAMS 0x00000000c1e00000, 0x00000000c1d00000| Untracked 
|  30|0x00000000c1e00000, 0x00000000c1f00000, 0x00000000c1f00000|100%| O|  |TAMS 0x00000000c1f00000, 0x00000000c1e00000| Untracked 
|  31|0x00000000c1f00000, 0x00000000c2000000, 0x00000000c2000000|100%| O|  |TAMS 0x00000000c2000000, 0x00000000c1f00000| Untracked 
|  32|0x00000000c2000000, 0x00000000c2100000, 0x00000000c2100000|100%| O|  |TAMS 0x00000000c2100000, 0x00000000c2000000| Untracked 
|  33|0x00000000c2100000, 0x00000000c2200000, 0x00000000c2200000|100%| O|  |TAMS 0x00000000c2200000, 0x00000000c2100000| Untracked 
|  34|0x00000000c2200000, 0x00000000c2300000, 0x00000000c2300000|100%| O|  |TAMS 0x00000000c2300000, 0x00000000c2200000| Untracked 
|  35|0x00000000c2300000, 0x00000000c2400000, 0x00000000c2400000|100%| O|  |TAMS 0x00000000c2400000, 0x00000000c2300000| Untracked 
|  36|0x00000000c2400000, 0x00000000c2500000, 0x00000000c2500000|100%| O|  |TAMS 0x00000000c2500000, 0x00000000c2400000| Untracked 
|  37|0x00000000c2500000, 0x00000000c25fde00, 0x00000000c2600000| 99%| O|  |TAMS 0x00000000c2500000, 0x00000000c2500000| Untracked 
|  38|0x00000000c2600000, 0x00000000c2700000, 0x00000000c2700000|100%| O|  |TAMS 0x00000000c2700000, 0x00000000c2600000| Untracked 
|  39|0x00000000c2700000, 0x00000000c2800000, 0x00000000c2800000|100%| O|  |TAMS 0x00000000c2800000, 0x00000000c2700000| Untracked 
|  40|0x00000000c2800000, 0x00000000c2900000, 0x00000000c2900000|100%|HS|  |TAMS 0x00000000c2900000, 0x00000000c2800000| Complete 
|  41|0x00000000c2900000, 0x00000000c2a00000, 0x00000000c2a00000|100%|HC|  |TAMS 0x00000000c2a00000, 0x00000000c2900000| Complete 
|  42|0x00000000c2a00000, 0x00000000c2b00000, 0x00000000c2b00000|100%|HC|  |TAMS 0x00000000c2b00000, 0x00000000c2a00000| Complete 
|  43|0x00000000c2b00000, 0x00000000c2c00000, 0x00000000c2c00000|100%| O|  |TAMS 0x00000000c2c00000, 0x00000000c2b00000| Untracked 
|  44|0x00000000c2c00000, 0x00000000c2d00000, 0x00000000c2d00000|100%| O|  |TAMS 0x00000000c2d00000, 0x00000000c2c00000| Untracked 
|  45|0x00000000c2d00000, 0x00000000c2e00000, 0x00000000c2e00000|100%| O|  |TAMS 0x00000000c2e00000, 0x00000000c2d00000| Untracked 
|  46|0x00000000c2e00000, 0x00000000c2f00000, 0x00000000c2f00000|100%| O|  |TAMS 0x00000000c2f00000, 0x00000000c2e00000| Untracked 
|  47|0x00000000c2f00000, 0x00000000c3000000, 0x00000000c3000000|100%|HS|  |TAMS 0x00000000c3000000, 0x00000000c2f00000| Complete 
|  48|0x00000000c3000000, 0x00000000c3100000, 0x00000000c3100000|100%|HC|  |TAMS 0x00000000c3100000, 0x00000000c3000000| Complete 
|  49|0x00000000c3100000, 0x00000000c3200000, 0x00000000c3200000|100%|HC|  |TAMS 0x00000000c3200000, 0x00000000c3100000| Complete 
|  50|0x00000000c3200000, 0x00000000c3300000, 0x00000000c3300000|100%|HC|  |TAMS 0x00000000c3300000, 0x00000000c3200000| Complete 
|  51|0x00000000c3300000, 0x00000000c3400000, 0x00000000c3400000|100%| O|  |TAMS 0x00000000c3400000, 0x00000000c3300000| Untracked 
|  52|0x00000000c3400000, 0x00000000c3500000, 0x00000000c3500000|100%| O|  |TAMS 0x00000000c3500000, 0x00000000c3400000| Untracked 
|  53|0x00000000c3500000, 0x00000000c3600000, 0x00000000c3600000|100%| O|  |TAMS 0x00000000c3600000, 0x00000000c3500000| Untracked 
|  54|0x00000000c3600000, 0x00000000c3600000, 0x00000000c3700000|  0%| F|  |TAMS 0x00000000c3600000, 0x00000000c3600000| Untracked 
|  55|0x00000000c3700000, 0x00000000c3800000, 0x00000000c3800000|100%|HS|  |TAMS 0x00000000c3800000, 0x00000000c3700000| Complete 
|  56|0x00000000c3800000, 0x00000000c3900000, 0x00000000c3900000|100%|HS|  |TAMS 0x00000000c3900000, 0x00000000c3800000| Complete 
|  57|0x00000000c3900000, 0x00000000c3a00000, 0x00000000c3a00000|100%| O|  |TAMS 0x00000000c3a00000, 0x00000000c3900000| Untracked 
|  58|0x00000000c3a00000, 0x00000000c3b00000, 0x00000000c3b00000|100%|HS|  |TAMS 0x00000000c3b00000, 0x00000000c3a00000| Complete 
|  59|0x00000000c3b00000, 0x00000000c3c00000, 0x00000000c3c00000|100%|HS|  |TAMS 0x00000000c3c00000, 0x00000000c3b00000| Complete 
|  60|0x00000000c3c00000, 0x00000000c3d00000, 0x00000000c3d00000|100%|HC|  |TAMS 0x00000000c3d00000, 0x00000000c3c00000| Complete 
|  61|0x00000000c3d00000, 0x00000000c3e00000, 0x00000000c3e00000|100%|HC|  |TAMS 0x00000000c3e00000, 0x00000000c3d00000| Complete 
|  62|0x00000000c3e00000, 0x00000000c3f00000, 0x00000000c3f00000|100%| O|  |TAMS 0x00000000c3f00000, 0x00000000c3e00000| Untracked 
|  63|0x00000000c3f00000, 0x00000000c4000000, 0x00000000c4000000|100%| O|  |TAMS 0x00000000c4000000, 0x00000000c3f00000| Untracked 
|  64|0x00000000c4000000, 0x00000000c4100000, 0x00000000c4100000|100%| O|  |TAMS 0x00000000c4100000, 0x00000000c4000000| Untracked 
|  65|0x00000000c4100000, 0x00000000c4200000, 0x00000000c4200000|100%|HS|  |TAMS 0x00000000c4200000, 0x00000000c4100000| Complete 
|  66|0x00000000c4200000, 0x00000000c4300000, 0x00000000c4300000|100%|HC|  |TAMS 0x00000000c4300000, 0x00000000c4200000| Complete 
|  67|0x00000000c4300000, 0x00000000c4400000, 0x00000000c4400000|100%| O|  |TAMS 0x00000000c4400000, 0x00000000c4300000| Untracked 
|  68|0x00000000c4400000, 0x00000000c4500000, 0x00000000c4500000|100%| O|  |TAMS 0x00000000c4500000, 0x00000000c4400000| Untracked 
|  69|0x00000000c4500000, 0x00000000c4600000, 0x00000000c4600000|100%| O|  |TAMS 0x00000000c4600000, 0x00000000c4500000| Untracked 
|  70|0x00000000c4600000, 0x00000000c4700000, 0x00000000c4700000|100%| O|  |TAMS 0x00000000c4700000, 0x00000000c4600000| Untracked 
|  71|0x00000000c4700000, 0x00000000c4700000, 0x00000000c4800000|  0%| F|  |TAMS 0x00000000c4700000, 0x00000000c4700000| Untracked 
|  72|0x00000000c4800000, 0x00000000c4900000, 0x00000000c4900000|100%| O|  |TAMS 0x00000000c4837600, 0x00000000c4800000| Untracked 
|  73|0x00000000c4900000, 0x00000000c4a00000, 0x00000000c4a00000|100%| O|  |TAMS 0x00000000c4900000, 0x00000000c4900000| Untracked 
|  74|0x00000000c4a00000, 0x00000000c4a00000, 0x00000000c4b00000|  0%| F|  |TAMS 0x00000000c4a00000, 0x00000000c4a00000| Untracked 
|  75|0x00000000c4b00000, 0x00000000c4c00000, 0x00000000c4c00000|100%| O|  |TAMS 0x00000000c4c00000, 0x00000000c4b00000| Untracked 
|  76|0x00000000c4c00000, 0x00000000c4c00000, 0x00000000c4d00000|  0%| F|  |TAMS 0x00000000c4c00000, 0x00000000c4c00000| Untracked 
|  77|0x00000000c4d00000, 0x00000000c4e00000, 0x00000000c4e00000|100%| O|  |TAMS 0x00000000c4e00000, 0x00000000c4d00000| Untracked 
|  78|0x00000000c4e00000, 0x00000000c4e00000, 0x00000000c4f00000|  0%| F|  |TAMS 0x00000000c4e00000, 0x00000000c4e00000| Untracked 
|  79|0x00000000c4f00000, 0x00000000c5000000, 0x00000000c5000000|100%| O|  |TAMS 0x00000000c5000000, 0x00000000c4f00000| Untracked 
|  80|0x00000000c5000000, 0x00000000c5100000, 0x00000000c5100000|100%| O|  |TAMS 0x00000000c5100000, 0x00000000c5000000| Untracked 
|  81|0x00000000c5100000, 0x00000000c5200000, 0x00000000c5200000|100%| O|  |TAMS 0x00000000c5200000, 0x00000000c5100000| Untracked 
|  82|0x00000000c5200000, 0x00000000c5300000, 0x00000000c5300000|100%| O|  |TAMS 0x00000000c5300000, 0x00000000c5200000| Untracked 
|  83|0x00000000c5300000, 0x00000000c5400000, 0x00000000c5400000|100%| O|  |TAMS 0x00000000c5400000, 0x00000000c5300000| Untracked 
|  84|0x00000000c5400000, 0x00000000c5500000, 0x00000000c5500000|100%| O|  |TAMS 0x00000000c5500000, 0x00000000c5400000| Untracked 
|  85|0x00000000c5500000, 0x00000000c5500000, 0x00000000c5600000|  0%| F|  |TAMS 0x00000000c5500000, 0x00000000c5500000| Untracked 
|  86|0x00000000c5600000, 0x00000000c5700000, 0x00000000c5700000|100%| O|  |TAMS 0x00000000c5600000, 0x00000000c5600000| Untracked 
|  87|0x00000000c5700000, 0x00000000c5800000, 0x00000000c5800000|100%|HS|  |TAMS 0x00000000c5800000, 0x00000000c5700000| Complete 
|  88|0x00000000c5800000, 0x00000000c5900000, 0x00000000c5900000|100%|HC|  |TAMS 0x00000000c5900000, 0x00000000c5800000| Complete 
|  89|0x00000000c5900000, 0x00000000c5a00000, 0x00000000c5a00000|100%|HS|  |TAMS 0x00000000c5a00000, 0x00000000c5900000| Complete 
|  90|0x00000000c5a00000, 0x00000000c5b00000, 0x00000000c5b00000|100%|HC|  |TAMS 0x00000000c5b00000, 0x00000000c5a00000| Complete 
|  91|0x00000000c5b00000, 0x00000000c5c00000, 0x00000000c5c00000|100%|HC|  |TAMS 0x00000000c5c00000, 0x00000000c5b00000| Complete 
|  92|0x00000000c5c00000, 0x00000000c5d00000, 0x00000000c5d00000|100%|HS|  |TAMS 0x00000000c5d00000, 0x00000000c5c00000| Complete 
|  93|0x00000000c5d00000, 0x00000000c5e00000, 0x00000000c5e00000|100%|HC|  |TAMS 0x00000000c5e00000, 0x00000000c5d00000| Complete 
|  94|0x00000000c5e00000, 0x00000000c5f00000, 0x00000000c5f00000|100%|HC|  |TAMS 0x00000000c5f00000, 0x00000000c5e00000| Complete 
|  95|0x00000000c5f00000, 0x00000000c6000000, 0x00000000c6000000|100%|HC|  |TAMS 0x00000000c6000000, 0x00000000c5f00000| Complete 
|  96|0x00000000c6000000, 0x00000000c6100000, 0x00000000c6100000|100%| O|  |TAMS 0x00000000c6100000, 0x00000000c6000000| Untracked 
|  97|0x00000000c6100000, 0x00000000c6200000, 0x00000000c6200000|100%| O|  |TAMS 0x00000000c6100000, 0x00000000c6100000| Untracked 
|  98|0x00000000c6200000, 0x00000000c6300000, 0x00000000c6300000|100%| O|  |TAMS 0x00000000c6200000, 0x00000000c6200000| Untracked 
|  99|0x00000000c6300000, 0x00000000c6400000, 0x00000000c6400000|100%| O|  |TAMS 0x00000000c6400000, 0x00000000c6300000| Untracked 
| 100|0x00000000c6400000, 0x00000000c6500000, 0x00000000c6500000|100%| O|  |TAMS 0x00000000c6400000, 0x00000000c6400000| Untracked 
| 101|0x00000000c6500000, 0x00000000c6600000, 0x00000000c6600000|100%| O|  |TAMS 0x00000000c6500000, 0x00000000c6500000| Untracked 
| 102|0x00000000c6600000, 0x00000000c6700000, 0x00000000c6700000|100%| O|  |TAMS 0x00000000c6700000, 0x00000000c6600000| Untracked 
| 103|0x00000000c6700000, 0x00000000c6800000, 0x00000000c6800000|100%| O|  |TAMS 0x00000000c6800000, 0x00000000c6700000| Untracked 
| 104|0x00000000c6800000, 0x00000000c6800000, 0x00000000c6900000|  0%| F|  |TAMS 0x00000000c6800000, 0x00000000c6800000| Untracked 
| 105|0x00000000c6900000, 0x00000000c6900000, 0x00000000c6a00000|  0%| F|  |TAMS 0x00000000c6900000, 0x00000000c6900000| Untracked 
| 106|0x00000000c6a00000, 0x00000000c6a00000, 0x00000000c6b00000|  0%| F|  |TAMS 0x00000000c6a00000, 0x00000000c6a00000| Untracked 
| 107|0x00000000c6b00000, 0x00000000c6b00000, 0x00000000c6c00000|  0%| F|  |TAMS 0x00000000c6b00000, 0x00000000c6b00000| Untracked 
| 108|0x00000000c6c00000, 0x00000000c6c00000, 0x00000000c6d00000|  0%| F|  |TAMS 0x00000000c6c00000, 0x00000000c6c00000| Untracked 
| 109|0x00000000c6d00000, 0x00000000c6e00000, 0x00000000c6e00000|100%| O|  |TAMS 0x00000000c6e00000, 0x00000000c6d00000| Untracked 
| 110|0x00000000c6e00000, 0x00000000c6f00000, 0x00000000c6f00000|100%| O|  |TAMS 0x00000000c6f00000, 0x00000000c6e00000| Untracked 
| 111|0x00000000c6f00000, 0x00000000c6f00000, 0x00000000c7000000|  0%| F|  |TAMS 0x00000000c6f00000, 0x00000000c6f00000| Untracked 
| 112|0x00000000c7000000, 0x00000000c7100000, 0x00000000c7100000|100%| O|  |TAMS 0x00000000c7100000, 0x00000000c7000000| Untracked 
| 113|0x00000000c7100000, 0x00000000c7200000, 0x00000000c7200000|100%| O|  |TAMS 0x00000000c7200000, 0x00000000c7100000| Untracked 
| 114|0x00000000c7200000, 0x00000000c7200000, 0x00000000c7300000|  0%| F|  |TAMS 0x00000000c7200000, 0x00000000c7200000| Untracked 
| 115|0x00000000c7300000, 0x00000000c7300000, 0x00000000c7400000|  0%| F|  |TAMS 0x00000000c7300000, 0x00000000c7300000| Untracked 
| 116|0x00000000c7400000, 0x00000000c7500000, 0x00000000c7500000|100%| O|  |TAMS 0x00000000c7500000, 0x00000000c7400000| Untracked 
| 117|0x00000000c7500000, 0x00000000c7600000, 0x00000000c7600000|100%| O|  |TAMS 0x00000000c7600000, 0x00000000c7500000| Untracked 
| 118|0x00000000c7600000, 0x00000000c7700000, 0x00000000c7700000|100%| O|  |TAMS 0x00000000c7700000, 0x00000000c7600000| Untracked 
| 119|0x00000000c7700000, 0x00000000c7800000, 0x00000000c7800000|100%| O|  |TAMS 0x00000000c7800000, 0x00000000c7700000| Untracked 
| 120|0x00000000c7800000, 0x00000000c7800000, 0x00000000c7900000|  0%| F|  |TAMS 0x00000000c7800000, 0x00000000c7800000| Untracked 
| 121|0x00000000c7900000, 0x00000000c7900000, 0x00000000c7a00000|  0%| F|  |TAMS 0x00000000c7900000, 0x00000000c7900000| Untracked 
| 122|0x00000000c7a00000, 0x00000000c7a00000, 0x00000000c7b00000|  0%| F|  |TAMS 0x00000000c7a00000, 0x00000000c7a00000| Untracked 
| 123|0x00000000c7b00000, 0x00000000c7b00000, 0x00000000c7c00000|  0%| F|  |TAMS 0x00000000c7b00000, 0x00000000c7b00000| Untracked 
| 124|0x00000000c7c00000, 0x00000000c7d00000, 0x00000000c7d00000|100%| O|  |TAMS 0x00000000c7d00000, 0x00000000c7c00000| Untracked 
| 125|0x00000000c7d00000, 0x00000000c7e00000, 0x00000000c7e00000|100%| O|  |TAMS 0x00000000c7e00000, 0x00000000c7d00000| Untracked 
| 126|0x00000000c7e00000, 0x00000000c7f00000, 0x00000000c7f00000|100%| O|  |TAMS 0x00000000c7f00000, 0x00000000c7e00000| Untracked 
| 127|0x00000000c7f00000, 0x00000000c8000000, 0x00000000c8000000|100%| O|  |TAMS 0x00000000c8000000, 0x00000000c7f00000| Untracked 
| 128|0x00000000c8000000, 0x00000000c8100000, 0x00000000c8100000|100%| O|  |TAMS 0x00000000c8100000, 0x00000000c8000000| Untracked 
| 129|0x00000000c8100000, 0x00000000c8100000, 0x00000000c8200000|  0%| F|  |TAMS 0x00000000c8100000, 0x00000000c8100000| Untracked 
| 130|0x00000000c8200000, 0x00000000c8300000, 0x00000000c8300000|100%| O|  |TAMS 0x00000000c8300000, 0x00000000c8200000| Untracked 
| 131|0x00000000c8300000, 0x00000000c8400000, 0x00000000c8400000|100%| O|  |TAMS 0x00000000c8400000, 0x00000000c8300000| Untracked 
| 132|0x00000000c8400000, 0x00000000c8500000, 0x00000000c8500000|100%| O|  |TAMS 0x00000000c8500000, 0x00000000c8400000| Untracked 
| 133|0x00000000c8500000, 0x00000000c8500000, 0x00000000c8600000|  0%| F|  |TAMS 0x00000000c8500000, 0x00000000c8500000| Untracked 
| 134|0x00000000c8600000, 0x00000000c8600000, 0x00000000c8700000|  0%| F|  |TAMS 0x00000000c8600000, 0x00000000c8600000| Untracked 
| 135|0x00000000c8700000, 0x00000000c8800000, 0x00000000c8800000|100%| O|  |TAMS 0x00000000c8800000, 0x00000000c8700000| Untracked 
| 136|0x00000000c8800000, 0x00000000c8900000, 0x00000000c8900000|100%| O|  |TAMS 0x00000000c8900000, 0x00000000c8800000| Untracked 
| 137|0x00000000c8900000, 0x00000000c8a00000, 0x00000000c8a00000|100%| O|  |TAMS 0x00000000c8a00000, 0x00000000c8900000| Untracked 
| 138|0x00000000c8a00000, 0x00000000c8b00000, 0x00000000c8b00000|100%| O|  |TAMS 0x00000000c8b00000, 0x00000000c8a00000| Untracked 
| 139|0x00000000c8b00000, 0x00000000c8b00000, 0x00000000c8c00000|  0%| F|  |TAMS 0x00000000c8b00000, 0x00000000c8b00000| Untracked 
| 140|0x00000000c8c00000, 0x00000000c8c34a60, 0x00000000c8d00000| 20%| S|CS|TAMS 0x00000000c8c00000, 0x00000000c8c00000| Complete 
| 141|0x00000000c8d00000, 0x00000000c8e00000, 0x00000000c8e00000|100%| S|CS|TAMS 0x00000000c8d00000, 0x00000000c8d00000| Complete 
| 142|0x00000000c8e00000, 0x00000000c8f00000, 0x00000000c8f00000|100%| S|CS|TAMS 0x00000000c8e00000, 0x00000000c8e00000| Complete 
| 143|0x00000000c8f00000, 0x00000000c8f00000, 0x00000000c9000000|  0%| F|  |TAMS 0x00000000c8f00000, 0x00000000c8f00000| Untracked 
| 144|0x00000000c9000000, 0x00000000c9000000, 0x00000000c9100000|  0%| F|  |TAMS 0x00000000c9000000, 0x00000000c9000000| Untracked 
| 145|0x00000000c9100000, 0x00000000c9100000, 0x00000000c9200000|  0%| F|  |TAMS 0x00000000c9100000, 0x00000000c9100000| Untracked 
| 146|0x00000000c9200000, 0x00000000c9270870, 0x00000000c9300000| 43%| E|  |TAMS 0x00000000c9200000, 0x00000000c9200000| Complete 
| 147|0x00000000c9300000, 0x00000000c9400000, 0x00000000c9400000|100%| E|CS|TAMS 0x00000000c9300000, 0x00000000c9300000| Complete 
| 148|0x00000000c9400000, 0x00000000c9500000, 0x00000000c9500000|100%| E|CS|TAMS 0x00000000c9400000, 0x00000000c9400000| Complete 
| 149|0x00000000c9500000, 0x00000000c9600000, 0x00000000c9600000|100%| E|CS|TAMS 0x00000000c9500000, 0x00000000c9500000| Complete 
| 150|0x00000000c9600000, 0x00000000c9700000, 0x00000000c9700000|100%| E|CS|TAMS 0x00000000c9600000, 0x00000000c9600000| Complete 
| 151|0x00000000c9700000, 0x00000000c9800000, 0x00000000c9800000|100%| E|CS|TAMS 0x00000000c9700000, 0x00000000c9700000| Complete 
| 152|0x00000000c9800000, 0x00000000c9900000, 0x00000000c9900000|100%| E|CS|TAMS 0x00000000c9800000, 0x00000000c9800000| Complete 
| 153|0x00000000c9900000, 0x00000000c9a00000, 0x00000000c9a00000|100%| E|CS|TAMS 0x00000000c9900000, 0x00000000c9900000| Complete 
| 154|0x00000000c9a00000, 0x00000000c9b00000, 0x00000000c9b00000|100%| E|CS|TAMS 0x00000000c9a00000, 0x00000000c9a00000| Complete 
| 155|0x00000000c9b00000, 0x00000000c9c00000, 0x00000000c9c00000|100%| E|CS|TAMS 0x00000000c9b00000, 0x00000000c9b00000| Complete 
| 156|0x00000000c9c00000, 0x00000000c9d00000, 0x00000000c9d00000|100%| E|CS|TAMS 0x00000000c9c00000, 0x00000000c9c00000| Complete 
| 157|0x00000000c9d00000, 0x00000000c9e00000, 0x00000000c9e00000|100%| E|CS|TAMS 0x00000000c9d00000, 0x00000000c9d00000| Complete 
| 158|0x00000000c9e00000, 0x00000000c9f00000, 0x00000000c9f00000|100%| E|CS|TAMS 0x00000000c9e00000, 0x00000000c9e00000| Complete 
| 159|0x00000000c9f00000, 0x00000000ca000000, 0x00000000ca000000|100%| E|CS|TAMS 0x00000000c9f00000, 0x00000000c9f00000| Complete 
| 160|0x00000000ca000000, 0x00000000ca100000, 0x00000000ca100000|100%| E|CS|TAMS 0x00000000ca000000, 0x00000000ca000000| Complete 
| 161|0x00000000ca100000, 0x00000000ca200000, 0x00000000ca200000|100%| E|CS|TAMS 0x00000000ca100000, 0x00000000ca100000| Complete 

Card table byte_map: [0x00000217f8520000,0x00000217f8720000] _byte_map_base: 0x00000217f7f20000

Marking Bits (Prev, Next): (CMBitMap*) 0x00000217e5a4ee60, (CMBitMap*) 0x00000217e5a4ee28
 Prev Bits: [0x00000217f9920000, 0x00000217fa920000)
 Next Bits: [0x00000217f8920000, 0x00000217f9920000)

Polling page: 0x00000217e5200000

Metaspace:

Usage:
  Non-class:     95.56 MB capacity,    93.44 MB ( 98%) used,     1.80 MB (  2%) free+waste,   337.00 KB ( <1%) overhead. 
      Class:     14.60 MB capacity,    13.49 MB ( 92%) used,   985.41 KB (  7%) free+waste,   151.88 KB (  1%) overhead. 
       Both:    110.16 MB capacity,   106.93 MB ( 97%) used,     2.76 MB (  3%) free+waste,   488.88 KB ( <1%) overhead. 

Virtual space:
  Non-class space:       96.00 MB reserved,      95.67 MB (>99%) committed 
      Class space:        1.00 GB reserved,      14.63 MB (  1%) committed 
             Both:        1.09 GB reserved,     110.30 MB ( 10%) committed 

Chunk freelists:
   Non-Class:  49.00 KB
       Class:  23.00 KB
        Both:  72.00 KB

MaxMetaspaceSize: 17179869184.00 GB
CompressedClassSpaceSize: 1.00 GB

CodeHeap 'non-profiled nmethods': size=120064Kb used=10666Kb max_used=10666Kb free=109397Kb
 bounds [0x00000217f0fe0000, 0x00000217f1a50000, 0x00000217f8520000]
CodeHeap 'profiled nmethods': size=120000Kb used=36851Kb max_used=36851Kb free=83148Kb
 bounds [0x00000217e9ab0000, 0x00000217ebeb0000, 0x00000217f0fe0000]
CodeHeap 'non-nmethods': size=5696Kb used=2317Kb max_used=2373Kb free=3378Kb
 bounds [0x00000217e9520000, 0x00000217e9790000, 0x00000217e9ab0000]
 total_blobs=16764 nmethods=15822 adapters=853
 compilation: enabled
              stopped_count=0, restarted_count=0
 full_count=0

Compilation events (20 events):
Event: 1283.979 Thread 0x00000217fd3f4000 15897       1       groovyjarjarantlr4.v4.runtime.CommonToken::setLine (6 bytes)
Event: 1283.980 Thread 0x00000217fd3f4000 nmethod 15897 0x00000217f1a46b10 code [0x00000217f1a46cc0, 0x00000217f1a46d78]
Event: 1283.981 Thread 0x00000217fd3f4000 15898       1       groovyjarjarantlr4.v4.runtime.CommonToken::setCharPositionInLine (6 bytes)
Event: 1283.982 Thread 0x00000217fd3f4000 nmethod 15898 0x00000217f1a46e10 code [0x00000217f1a46fc0, 0x00000217f1a47078]
Event: 1283.982 Thread 0x00000217fd3f4000 15899       1       groovyjarjarantlr4.v4.runtime.Lexer::emit (6 bytes)
Event: 1283.982 Thread 0x00000217fd3f4000 nmethod 15899 0x00000217f1a47110 code [0x00000217f1a472c0, 0x00000217f1a473b8]
Event: 1283.982 Thread 0x00000217fd3f4000 15900       1       groovyjarjarantlr4.v4.runtime.CommonToken::setTokenIndex (6 bytes)
Event: 1283.982 Thread 0x00000217fd3f4000 nmethod 15900 0x00000217f1a47410 code [0x00000217f1a475c0, 0x00000217f1a47678]
Event: 1283.985 Thread 0x00000217fd3f4000 15901       1       groovyjarjarantlr4.v4.runtime.misc.IntegerList::size (5 bytes)
Event: 1283.985 Thread 0x00000217fd3f4000 nmethod 15901 0x00000217f1a47710 code [0x00000217f1a478c0, 0x00000217f1a47978]
Event: 1283.985 Thread 0x00000217fd3f4000 15902       2       groovyjarjarantlr4.v4.runtime.atn.ParserATNSimulator::execDFA (737 bytes)
Event: 1283.990 Thread 0x00000217fd3f4000 nmethod 15902 0x00000217ebe9ab10 code [0x00000217ebe9af40, 0x00000217ebe9c428]
Event: 1283.991 Thread 0x00000217fd3f4000 15903       1       groovyjarjarantlr4.v4.runtime.Parser::getInputStream (5 bytes)
Event: 1283.991 Thread 0x00000217fd3f4000 nmethod 15903 0x00000217f1a47a10 code [0x00000217f1a47bc0, 0x00000217f1a47c78]
Event: 1283.992 Thread 0x00000217fd3f4000 15904       1       groovyjarjarantlr4.v4.runtime.tree.TerminalNodeImpl::setParent (6 bytes)
Event: 1283.992 Thread 0x00000217fd3f4000 nmethod 15904 0x00000217f1a47d10 code [0x00000217f1a47ec0, 0x00000217f1a47fb8]
Event: 1284.007 Thread 0x00000217fd3f4000 15905 %     2       java.util.regex.Pattern::compile @ 73 (498 bytes)
Event: 1284.012 Thread 0x00000217fd3f4000 nmethod 15905% 0x00000217ebe9d310 code [0x00000217ebe9d660, 0x00000217ebe9eda8]
Event: 1284.012 Thread 0x00000217fd3f4000 15906       2       java.util.regex.Pattern::compile (498 bytes)
Event: 1284.016 Thread 0x00000217fd3f4000 nmethod 15906 0x00000217ebe9f490 code [0x00000217ebe9f7e0, 0x00000217ebea0e48]

GC Heap History (20 events):
Event: 1113.680 GC heap before
{Heap before GC invocations=171 (full 0):
 garbage-first heap   total 165888K, used 141681K [0x00000000c0000000, 0x0000000100000000)
  region size 1024K, 15 young (15360K), 2 survivors (2048K)
 Metaspace       used 105668K, capacity 108784K, committed 109104K, reserved 1144832K
  class space    used 13244K, capacity 14303K, committed 14464K, reserved 1048576K
}
Event: 1113.698 GC heap after
{Heap after GC invocations=172 (full 0):
 garbage-first heap   total 165888K, used 130691K [0x00000000c0000000, 0x0000000100000000)
  region size 1024K, 2 young (2048K), 2 survivors (2048K)
 Metaspace       used 105668K, capacity 108784K, committed 109104K, reserved 1144832K
  class space    used 13244K, capacity 14303K, committed 14464K, reserved 1048576K
}
Event: 1113.931 GC heap before
{Heap before GC invocations=172 (full 0):
 garbage-first heap   total 165888K, used 135811K [0x00000000c0000000, 0x0000000100000000)
  region size 1024K, 8 young (8192K), 2 survivors (2048K)
 Metaspace       used 105668K, capacity 108784K, committed 109104K, reserved 1144832K
  class space    used 13244K, capacity 14303K, committed 14464K, reserved 1048576K
}
Event: 1113.980 GC heap after
{Heap after GC invocations=173 (full 0):
 garbage-first heap   total 165888K, used 120884K [0x00000000c0000000, 0x0000000100000000)
  region size 1024K, 1 young (1024K), 1 survivors (1024K)
 Metaspace       used 105668K, capacity 108784K, committed 109104K, reserved 1144832K
  class space    used 13244K, capacity 14303K, committed 14464K, reserved 1048576K
}
Event: 1115.251 GC heap before
{Heap before GC invocations=173 (full 0):
 garbage-first heap   total 165888K, used 139316K [0x00000000c0000000, 0x0000000100000000)
  region size 1024K, 19 young (19456K), 1 survivors (1024K)
 Metaspace       used 105757K, capacity 108849K, committed 109104K, reserved 1144832K
  class space    used 13244K, capacity 14303K, committed 14464K, reserved 1048576K
}
Event: 1115.273 GC heap after
{Heap after GC invocations=174 (full 0):
 garbage-first heap   total 165888K, used 123379K [0x00000000c0000000, 0x0000000100000000)
  region size 1024K, 3 young (3072K), 3 survivors (3072K)
 Metaspace       used 105757K, capacity 108849K, committed 109104K, reserved 1144832K
  class space    used 13244K, capacity 14303K, committed 14464K, reserved 1048576K
}
Event: 1116.147 GC heap before
{Heap before GC invocations=174 (full 0):
 garbage-first heap   total 165888K, used 139763K [0x00000000c0000000, 0x0000000100000000)
  region size 1024K, 20 young (20480K), 3 survivors (3072K)
 Metaspace       used 105866K, capacity 108913K, committed 109104K, reserved 1144832K
  class space    used 13244K, capacity 14303K, committed 14464K, reserved 1048576K
}
Event: 1116.173 GC heap after
{Heap after GC invocations=175 (full 0):
 garbage-first heap   total 165888K, used 125151K [0x00000000c0000000, 0x0000000100000000)
  region size 1024K, 2 young (2048K), 2 survivors (2048K)
 Metaspace       used 105866K, capacity 108913K, committed 109104K, reserved 1144832K
  class space    used 13244K, capacity 14303K, committed 14464K, reserved 1048576K
}
Event: 1116.825 GC heap before
{Heap before GC invocations=175 (full 0):
 garbage-first heap   total 165888K, used 140511K [0x00000000c0000000, 0x0000000100000000)
  region size 1024K, 18 young (18432K), 2 survivors (2048K)
 Metaspace       used 105883K, capacity 108914K, committed 109104K, reserved 1144832K
  class space    used 13244K, capacity 14303K, committed 14464K, reserved 1048576K
}
Event: 1116.842 GC heap after
{Heap after GC invocations=176 (full 0):
 garbage-first heap   total 165888K, used 126544K [0x00000000c0000000, 0x0000000100000000)
  region size 1024K, 2 young (2048K), 2 survivors (2048K)
 Metaspace       used 105883K, capacity 108914K, committed 109104K, reserved 1144832K
  class space    used 13244K, capacity 14303K, committed 14464K, reserved 1048576K
}
Event: 1117.757 GC heap before
{Heap before GC invocations=177 (full 0):
 garbage-first heap   total 165888K, used 141904K [0x00000000c0000000, 0x0000000100000000)
  region size 1024K, 17 young (17408K), 2 survivors (2048K)
 Metaspace       used 105904K, capacity 108979K, committed 109360K, reserved 1144832K
  class space    used 13244K, capacity 14303K, committed 14464K, reserved 1048576K
}
Event: 1117.771 GC heap after
{Heap after GC invocations=178 (full 0):
 garbage-first heap   total 165888K, used 127452K [0x00000000c0000000, 0x0000000100000000)
  region size 1024K, 3 young (3072K), 3 survivors (3072K)
 Metaspace       used 105904K, capacity 108979K, committed 109360K, reserved 1144832K
  class space    used 13244K, capacity 14303K, committed 14464K, reserved 1048576K
}
Event: 1117.867 GC heap before
{Heap before GC invocations=178 (full 0):
 garbage-first heap   total 165888K, used 132572K [0x00000000c0000000, 0x0000000100000000)
  region size 1024K, 8 young (8192K), 3 survivors (3072K)
 Metaspace       used 105907K, capacity 108979K, committed 109360K, reserved 1144832K
  class space    used 13244K, capacity 14303K, committed 14464K, reserved 1048576K
}
Event: 1117.913 GC heap after
{Heap after GC invocations=179 (full 0):
 garbage-first heap   total 165888K, used 119484K [0x00000000c0000000, 0x0000000100000000)
  region size 1024K, 1 young (1024K), 1 survivors (1024K)
 Metaspace       used 105907K, capacity 108979K, committed 109360K, reserved 1144832K
  class space    used 13244K, capacity 14303K, committed 14464K, reserved 1048576K
}
Event: 1280.681 GC heap before
{Heap before GC invocations=179 (full 0):
 garbage-first heap   total 165888K, used 137916K [0x00000000c0000000, 0x0000000100000000)
  region size 1024K, 20 young (20480K), 1 survivors (1024K)
 Metaspace       used 106151K, capacity 109396K, committed 109616K, reserved 1144832K
  class space    used 13293K, capacity 14389K, committed 14464K, reserved 1048576K
}
Event: 1280.702 GC heap after
{Heap after GC invocations=180 (full 0):
 garbage-first heap   total 165888K, used 120968K [0x00000000c0000000, 0x0000000100000000)
  region size 1024K, 2 young (2048K), 2 survivors (2048K)
 Metaspace       used 106151K, capacity 109396K, committed 109616K, reserved 1144832K
  class space    used 13293K, capacity 14389K, committed 14464K, reserved 1048576K
}
Event: 1282.390 GC heap before
{Heap before GC invocations=180 (full 0):
 garbage-first heap   total 165888K, used 138376K [0x00000000c0000000, 0x0000000100000000)
  region size 1024K, 20 young (20480K), 2 survivors (2048K)
 Metaspace       used 106864K, capacity 110100K, committed 110256K, reserved 1144832K
  class space    used 13371K, capacity 14476K, committed 14592K, reserved 1048576K
}
Event: 1282.405 GC heap after
{Heap after GC invocations=181 (full 0):
 garbage-first heap   total 165888K, used 121847K [0x00000000c0000000, 0x0000000100000000)
  region size 1024K, 1 young (1024K), 1 survivors (1024K)
 Metaspace       used 106864K, capacity 110100K, committed 110256K, reserved 1144832K
  class space    used 13371K, capacity 14476K, committed 14592K, reserved 1048576K
}
Event: 1283.602 GC heap before
{Heap before GC invocations=181 (full 0):
 garbage-first heap   total 165888K, used 140279K [0x00000000c0000000, 0x0000000100000000)
  region size 1024K, 19 young (19456K), 1 survivors (1024K)
 Metaspace       used 108920K, capacity 112127K, committed 112304K, reserved 1146880K
  class space    used 13754K, capacity 14832K, committed 14848K, reserved 1048576K
}
Event: 1283.616 GC heap after
{Heap after GC invocations=182 (full 0):
 garbage-first heap   total 165888K, used 123082K [0x00000000c0000000, 0x0000000100000000)
  region size 1024K, 3 young (3072K), 3 survivors (3072K)
 Metaspace       used 108920K, capacity 112127K, committed 112304K, reserved 1146880K
  class space    used 13754K, capacity 14832K, committed 14848K, reserved 1048576K
}

Deoptimization events (20 events):
Event: 1283.822 Thread 0x00000217fe1af000 DEOPT PACKING pc=0x00000217ebe70962 sp=0x000000a339cf7230
Event: 1283.822 Thread 0x00000217fe1af000 DEOPT UNPACKING pc=0x00000217e954643f sp=0x000000a339cf67f0 mode 0
Event: 1283.829 Thread 0x00000217fe1af000 Uncommon trap: trap_request=0xffffffde fr.pc=0x00000217f1a42bac relative=0x000000000000438c
Event: 1283.829 Thread 0x00000217fe1af000 Uncommon trap: reason=class_check action=maybe_recompile pc=0x00000217f1a42bac method=groovyjarjarantlr4.v4.runtime.atn.ParserATNSimulator.closure(Lgroovyjarjarantlr4/v4/runtime/atn/ATNConfig;Lgroovyjarjarantlr4/v4/runtime/atn/ATNConfigSet;Lgroovyjarjaran
Event: 1283.829 Thread 0x00000217fe1af000 DEOPT PACKING pc=0x00000217f1a42bac sp=0x000000a339cf0b10
Event: 1283.829 Thread 0x00000217fe1af000 DEOPT UNPACKING pc=0x00000217e9546029 sp=0x000000a339cf0ae8 mode 2
Event: 1283.829 Thread 0x00000217fe1af000 Uncommon trap: trap_request=0xffffffde fr.pc=0x00000217f1a42bac relative=0x000000000000438c
Event: 1283.830 Thread 0x00000217fe1af000 Uncommon trap: reason=class_check action=maybe_recompile pc=0x00000217f1a42bac method=groovyjarjarantlr4.v4.runtime.atn.ParserATNSimulator.closure(Lgroovyjarjarantlr4/v4/runtime/atn/ATNConfig;Lgroovyjarjarantlr4/v4/runtime/atn/ATNConfigSet;Lgroovyjarjaran
Event: 1283.830 Thread 0x00000217fe1af000 DEOPT PACKING pc=0x00000217f1a42bac sp=0x000000a339cf0500
Event: 1283.830 Thread 0x00000217fe1af000 DEOPT UNPACKING pc=0x00000217e9546029 sp=0x000000a339cf04d8 mode 2
Event: 1283.830 Thread 0x00000217fe1af000 Uncommon trap: trap_request=0xffffffde fr.pc=0x00000217f1a42bac relative=0x000000000000438c
Event: 1283.830 Thread 0x00000217fe1af000 Uncommon trap: reason=class_check action=maybe_recompile pc=0x00000217f1a42bac method=groovyjarjarantlr4.v4.runtime.atn.ParserATNSimulator.closure(Lgroovyjarjarantlr4/v4/runtime/atn/ATNConfig;Lgroovyjarjarantlr4/v4/runtime/atn/ATNConfigSet;Lgroovyjarjaran
Event: 1283.830 Thread 0x00000217fe1af000 DEOPT PACKING pc=0x00000217f1a42bac sp=0x000000a339cefef0
Event: 1283.830 Thread 0x00000217fe1af000 DEOPT UNPACKING pc=0x00000217e9546029 sp=0x000000a339cefec8 mode 2
Event: 1283.830 Thread 0x00000217fe1af000 Uncommon trap: trap_request=0xffffffde fr.pc=0x00000217f1a42bac relative=0x000000000000438c
Event: 1283.830 Thread 0x00000217fe1af000 Uncommon trap: reason=class_check action=maybe_recompile pc=0x00000217f1a42bac method=groovyjarjarantlr4.v4.runtime.atn.ParserATNSimulator.closure(Lgroovyjarjarantlr4/v4/runtime/atn/ATNConfig;Lgroovyjarjarantlr4/v4/runtime/atn/ATNConfigSet;Lgroovyjarjaran
Event: 1283.830 Thread 0x00000217fe1af000 DEOPT PACKING pc=0x00000217f1a42bac sp=0x000000a339cef8e0
Event: 1283.830 Thread 0x00000217fe1af000 DEOPT UNPACKING pc=0x00000217e9546029 sp=0x000000a339cef8b8 mode 2
Event: 1283.915 Thread 0x00000217fe1af000 DEOPT PACKING pc=0x00000217ebe628b7 sp=0x000000a339cf7a30
Event: 1283.915 Thread 0x00000217fe1af000 DEOPT UNPACKING pc=0x00000217e954643f sp=0x000000a339cf6f58 mode 0

Classes redefined (0 events):
No events

Internal exceptions (20 events):
Event: 1110.743 Thread 0x00000217fe1a9800 Exception <a 'java/lang/ClassNotFoundException'{0x00000000ca0e5f00}: sync_studio_tooling778_9fify3ekbaiidzzhyam3hf21iCustomizer> (0x00000000ca0e5f00) thrown at [./src/hotspot/share/classfile/systemDictionary.cpp, line 231]
Event: 1114.069 Thread 0x00000217fe1a9800 Exception <a 'sun/nio/fs/WindowsException'{0x00000000c9f422e8}> (0x00000000c9f422e8) thrown at [./src/hotspot/share/prims/jni.cpp, line 615]
Event: 1115.669 Thread 0x00000217fe1a9800 Exception <a 'sun/nio/fs/WindowsException'{0x00000000c9af9c90}> (0x00000000c9af9c90) thrown at [./src/hotspot/share/prims/jni.cpp, line 615]
Event: 1115.697 Thread 0x00000217fe1a9800 Exception <a 'sun/nio/fs/WindowsException'{0x00000000c999c2b0}> (0x00000000c999c2b0) thrown at [./src/hotspot/share/prims/jni.cpp, line 615]
Event: 1115.697 Thread 0x00000217fe1a9800 Exception <a 'sun/nio/fs/WindowsException'{0x00000000c999d628}> (0x00000000c999d628) thrown at [./src/hotspot/share/prims/jni.cpp, line 615]
Event: 1115.698 Thread 0x00000217fe1a9800 Exception <a 'sun/nio/fs/WindowsException'{0x00000000c999e9f0}> (0x00000000c999e9f0) thrown at [./src/hotspot/share/prims/jni.cpp, line 615]
Event: 1115.699 Thread 0x00000217fe1a9800 Exception <a 'sun/nio/fs/WindowsException'{0x00000000c999fdb8}> (0x00000000c999fdb8) thrown at [./src/hotspot/share/prims/jni.cpp, line 615]
Event: 1115.779 Thread 0x00000217fe1a9800 Exception <a 'java/lang/reflect/InvocationTargetException'{0x00000000c97247e8}> (0x00000000c97247e8) thrown at [./src/hotspot/share/runtime/reflection.cpp, line 1247]
Event: 1280.173 Thread 0x00000217fe327000 Exception <a 'sun/nio/fs/WindowsException'{0x00000000c93256a8}> (0x00000000c93256a8) thrown at [./src/hotspot/share/prims/jni.cpp, line 615]
Event: 1280.285 Thread 0x00000217fe327000 Exception <a 'sun/nio/fs/WindowsException'{0x00000000c93ba278}> (0x00000000c93ba278) thrown at [./src/hotspot/share/prims/jni.cpp, line 615]
Event: 1280.289 Thread 0x00000217fe327000 Exception <a 'sun/nio/fs/WindowsException'{0x00000000c93ba3f0}> (0x00000000c93ba3f0) thrown at [./src/hotspot/share/prims/jni.cpp, line 615]
Event: 1280.322 Thread 0x00000217fe1af000 Exception <a 'java/lang/ClassNotFoundException'{0x00000000c922fe88}: sync_studio_tooling1066_ceh1jjjpir6zjznypni3iujozBeanInfo> (0x00000000c922fe88) thrown at [./src/hotspot/share/classfile/systemDictionary.cpp, line 231]
Event: 1280.322 Thread 0x00000217fe1af000 Exception <a 'java/lang/ClassNotFoundException'{0x00000000c923caa8}: sync_studio_tooling1066_ceh1jjjpir6zjznypni3iujozCustomizer> (0x00000000c923caa8) thrown at [./src/hotspot/share/classfile/systemDictionary.cpp, line 231]
Event: 1280.402 Thread 0x00000217fe325800 Exception <a 'sun/nio/fs/WindowsException'{0x00000000c92aba10}> (0x00000000c92aba10) thrown at [./src/hotspot/share/prims/jni.cpp, line 615]
Event: 1280.441 Thread 0x00000217fe325800 Exception <a 'sun/nio/fs/WindowsException'{0x00000000c9116348}> (0x00000000c9116348) thrown at [./src/hotspot/share/prims/jni.cpp, line 615]
Event: 1280.446 Thread 0x00000217fe325800 Exception <a 'sun/nio/fs/WindowsException'{0x00000000c91164b0}> (0x00000000c91164b0) thrown at [./src/hotspot/share/prims/jni.cpp, line 615]
Event: 1280.459 Thread 0x00000217fe1af000 Exception <a 'java/lang/ClassNotFoundException'{0x00000000c9172e20}: sync_studio_tooling1066_ceh1jjjpir6zjznypni3iujozBeanInfo> (0x00000000c9172e20) thrown at [./src/hotspot/share/classfile/systemDictionary.cpp, line 231]
Event: 1280.460 Thread 0x00000217fe1af000 Exception <a 'java/lang/ClassNotFoundException'{0x00000000c917fa10}: sync_studio_tooling1066_ceh1jjjpir6zjznypni3iujozCustomizer> (0x00000000c917fa10) thrown at [./src/hotspot/share/classfile/systemDictionary.cpp, line 231]
Event: 1281.816 Thread 0x00000217fe1af000 Implicit null exception at 0x00000217f1196c3f to 0x00000217f1199524
Event: 1281.866 Thread 0x00000217fe1af000 Implicit null exception at 0x00000217f119b0bf to 0x00000217f119d9a4

Events (20 events):
Event: 1284.018 Executing VM operation: RevokeBias
Event: 1284.019 Executing VM operation: RevokeBias done
Event: 1284.019 loading class java/util/stream/IntPipeline$9
Event: 1284.019 loading class java/util/stream/IntPipeline$9 done
Event: 1284.019 loading class java/util/stream/ReduceOps$9
Event: 1284.020 loading class java/util/stream/ReduceOps$9 done
Event: 1284.020 loading class java/util/stream/ReduceOps$CountingSink$OfInt
Event: 1284.021 loading class java/util/stream/ReduceOps$CountingSink
Event: 1284.021 loading class java/util/stream/ReduceOps$CountingSink done
Event: 1284.021 loading class java/util/stream/ReduceOps$CountingSink$OfInt done
Event: 1284.021 loading class java/util/stream/IntPipeline$9$1
Event: 1284.021 loading class java/util/stream/IntPipeline$9$1 done
Event: 1284.022 loading class org/apache/groovy/parser/antlr4/GroovyParser$PathElementContext
Event: 1284.022 loading class org/apache/groovy/parser/antlr4/GroovyParser$PathElementContext done
Event: 1284.022 loading class org/apache/groovy/parser/antlr4/GroovyParser$PathElementContext
Event: 1284.022 loading class org/apache/groovy/parser/antlr4/GroovyParser$PathElementContext done
Event: 1284.023 loading class org/apache/groovy/parser/antlr4/AstBuilder
Event: 1284.023 loading class org/apache/groovy/parser/antlr4/AstBuilder done
Event: 1284.023 loading class org/codehaus/groovy/util/ListHashMap
Event: 1284.023 loading class org/codehaus/groovy/util/ListHashMap done


Dynamic libraries:
0x00007ff6e8440000 - 0x00007ff6e844a000 	C:\Users\felip\OneDrive\Desktop\android-studio\jre\bin\java.exe
0x00007ffe72f10000 - 0x00007ffe73105000 	C:\Windows\SYSTEM32\ntdll.dll
0x00007ffe51290000 - 0x00007ffe512a6000 	C:\Program Files\Avast Software\Avast\aswhook.dll
0x00007ffe70f60000 - 0x00007ffe7101e000 	C:\Windows\System32\KERNEL32.DLL
0x00007ffe70c90000 - 0x00007ffe70f59000 	C:\Windows\System32\KERNELBASE.dll
0x00007ffe70a30000 - 0x00007ffe70b30000 	C:\Windows\System32\ucrtbase.dll
0x00007ffe6b5f0000 - 0x00007ffe6b607000 	C:\Users\felip\OneDrive\Desktop\android-studio\jre\bin\VCRUNTIME140.dll
0x00007ffe69ad0000 - 0x00007ffe69ae9000 	C:\Users\felip\OneDrive\Desktop\android-studio\jre\bin\jli.dll
0x00007ffe72ae0000 - 0x00007ffe72c81000 	C:\Windows\System32\USER32.dll
0x00007ffe70a00000 - 0x00007ffe70a22000 	C:\Windows\System32\win32u.dll
0x00007ffe71400000 - 0x00007ffe7142b000 	C:\Windows\System32\GDI32.dll
0x00007ffe70630000 - 0x00007ffe7073b000 	C:\Windows\System32\gdi32full.dll
0x00007ffe60850000 - 0x00007ffe60aea000 	C:\Windows\WinSxS\amd64_microsoft.windows.common-controls_6595b64144ccf1df_6.0.19041.1110_none_60b5254171f9507e\COMCTL32.dll
0x00007ffe70740000 - 0x00007ffe707dd000 	C:\Windows\System32\msvcp_win.dll
0x00007ffe72260000 - 0x00007ffe722fe000 	C:\Windows\System32\msvcrt.dll
0x00007ffe72730000 - 0x00007ffe72760000 	C:\Windows\System32\IMM32.DLL
0x00007ffe5c790000 - 0x00007ffe5c82d000 	C:\Users\felip\OneDrive\Desktop\android-studio\jre\bin\msvcp140.dll
0x00007ffe2bfd0000 - 0x00007ffe2caa5000 	C:\Users\felip\OneDrive\Desktop\android-studio\jre\bin\server\jvm.dll
0x00007ffe71430000 - 0x00007ffe714dc000 	C:\Windows\System32\ADVAPI32.dll
0x00007ffe711a0000 - 0x00007ffe7123b000 	C:\Windows\System32\sechost.dll
0x00007ffe712d0000 - 0x00007ffe713fa000 	C:\Windows\System32\RPCRT4.dll
0x00007ffe71970000 - 0x00007ffe71978000 	C:\Windows\System32\PSAPI.DLL
0x00007ffe63c60000 - 0x00007ffe63c69000 	C:\Windows\SYSTEM32\WSOCK32.dll
0x00007ffe721f0000 - 0x00007ffe7225b000 	C:\Windows\System32\WS2_32.dll
0x00007ffe65210000 - 0x00007ffe6521a000 	C:\Windows\SYSTEM32\VERSION.dll
0x00007ffe594e0000 - 0x00007ffe59507000 	C:\Windows\SYSTEM32\WINMM.dll
0x00007ffe6e450000 - 0x00007ffe6e462000 	C:\Windows\SYSTEM32\kernel.appcore.dll
0x00007ffe6d750000 - 0x00007ffe6d761000 	C:\Users\felip\OneDrive\Desktop\android-studio\jre\bin\verify.dll
0x00007ffe65020000 - 0x00007ffe65204000 	C:\Windows\SYSTEM32\DBGHELP.DLL
0x00007ffe64ff0000 - 0x00007ffe6501c000 	C:\Windows\SYSTEM32\dbgcore.DLL
0x00007ffe707e0000 - 0x00007ffe70863000 	C:\Windows\System32\bcryptPrimitives.dll
0x00007ffe6cde0000 - 0x00007ffe6ce09000 	C:\Users\felip\OneDrive\Desktop\android-studio\jre\bin\java.dll
0x00007ffe6dcc0000 - 0x00007ffe6dccb000 	C:\Users\felip\OneDrive\Desktop\android-studio\jre\bin\jimage.dll
0x00007ffe6ccf0000 - 0x00007ffe6cd08000 	C:\Users\felip\OneDrive\Desktop\android-studio\jre\bin\zip.dll
0x00007ffe71ab0000 - 0x00007ffe721ef000 	C:\Windows\System32\SHELL32.dll
0x00007ffe6e730000 - 0x00007ffe6eec0000 	C:\Windows\SYSTEM32\windows.storage.dll
0x00007ffe72780000 - 0x00007ffe72ad5000 	C:\Windows\System32\combase.dll
0x00007ffe6ffb0000 - 0x00007ffe6ffdc000 	C:\Windows\SYSTEM32\Wldp.dll
0x00007ffe71980000 - 0x00007ffe71a2d000 	C:\Windows\System32\SHCORE.dll
0x00007ffe72d60000 - 0x00007ffe72db5000 	C:\Windows\System32\shlwapi.dll
0x00007ffe70570000 - 0x00007ffe7058f000 	C:\Windows\SYSTEM32\profapi.dll
0x00007ffe6c340000 - 0x00007ffe6c35a000 	C:\Users\felip\OneDrive\Desktop\android-studio\jre\bin\net.dll
0x00007ffe64e40000 - 0x00007ffe64f48000 	C:\Windows\SYSTEM32\WINHTTP.dll
0x00007ffe6fd10000 - 0x00007ffe6fd7a000 	C:\Windows\system32\mswsock.dll
0x00007ffe6b690000 - 0x00007ffe6b6a4000 	C:\Users\felip\OneDrive\Desktop\android-studio\jre\bin\nio.dll
0x00007ffe69610000 - 0x00007ffe69637000 	C:\Users\felip\.gradle\native\8bec1ad78214c89d9ad589b4d07fe93259594b29d510b10fafb7a158f7737e5d\windows-amd64\native-platform.dll
0x00007ffe5d5b0000 - 0x00007ffe5d6ed000 	C:\Users\felip\.gradle\native\53dbd7edfb1c66fb8903c78663c9afc45aea4f116125fa6feffd364cf09443e8\windows-amd64\native-platform-file-events.dll
0x00007ffe6df60000 - 0x00007ffe6df6a000 	C:\Users\felip\OneDrive\Desktop\android-studio\jre\bin\management.dll
0x00007ffe6dec0000 - 0x00007ffe6decd000 	C:\Users\felip\OneDrive\Desktop\android-studio\jre\bin\management_ext.dll
0x00007ffe6ff10000 - 0x00007ffe6ff28000 	C:\Windows\SYSTEM32\CRYPTSP.dll
0x00007ffe6f690000 - 0x00007ffe6f6c4000 	C:\Windows\system32\rsaenh.dll
0x00007ffe70980000 - 0x00007ffe709a7000 	C:\Windows\System32\bcrypt.dll
0x00007ffe704f0000 - 0x00007ffe7051e000 	C:\Windows\SYSTEM32\USERENV.dll
0x00007ffe6ff00000 - 0x00007ffe6ff0c000 	C:\Windows\SYSTEM32\CRYPTBASE.dll
0x00007ffe6fa00000 - 0x00007ffe6fa3b000 	C:\Windows\SYSTEM32\IPHLPAPI.DLL
0x00007ffe71960000 - 0x00007ffe71968000 	C:\Windows\System32\NSI.dll
0x00007ffe698d0000 - 0x00007ffe698e7000 	C:\Windows\SYSTEM32\dhcpcsvc6.DLL
0x00007ffe69bc0000 - 0x00007ffe69bdd000 	C:\Windows\SYSTEM32\dhcpcsvc.DLL
0x00007ffe6fa40000 - 0x00007ffe6fb0c000 	C:\Windows\SYSTEM32\DNSAPI.dll

dbghelp: loaded successfully - version: 4.0.5 - missing functions: none
symbol engine: initialized successfully - sym options: 0x614 - pdb path: .;C:\Users\felip\OneDrive\Desktop\android-studio\jre\bin;C:\Windows\SYSTEM32;C:\Program Files\Avast Software\Avast;C:\Windows\WinSxS\amd64_microsoft.windows.common-controls_6595b64144ccf1df_6.0.19041.1110_none_60b5254171f9507e;C:\Users\felip\OneDrive\Desktop\android-studio\jre\bin\server;C:\Users\felip\.gradle\native\8bec1ad78214c89d9ad589b4d07fe93259594b29d510b10fafb7a158f7737e5d\windows-amd64;C:\Users\felip\.gradle\native\53dbd7edfb1c66fb8903c78663c9afc45aea4f116125fa6feffd364cf09443e8\windows-amd64

VM Arguments:
jvm_args: --add-opens=java.base/java.util=ALL-UNNAMED --add-opens=java.base/java.lang=ALL-UNNAMED --add-opens=java.base/java.lang.invoke=ALL-UNNAMED --add-opens=java.base/java.util=ALL-UNNAMED --add-opens=java.prefs/java.util.prefs=ALL-UNNAMED --add-opens=java.prefs/java.util.prefs=ALL-UNNAMED --add-opens=java.base/java.nio.charset=ALL-UNNAMED --add-opens=java.base/java.net=ALL-UNNAMED --add-opens=java.base/java.util.concurrent.atomic=ALL-UNNAMED -Xmx1024m -Dfile.encoding=UTF-8 -Duser.country=US -Duser.language=en -Duser.variant 
java_command: org.gradle.launcher.daemon.bootstrap.GradleDaemon 7.0.2
java_class_path (initial): C:\Users\felip\.gradle\wrapper\dists\gradle-7.0.2-bin\857tjihv64xamwrf0h14cai3r\gradle-7.0.2\lib\gradle-launcher-7.0.2.jar
Launcher Type: SUN_STANDARD

[Global flags]
     intx CICompilerCount                          = 2                                         {product} {ergonomic}
     uint ConcGCThreads                            = 1                                         {product} {ergonomic}
     uint G1ConcRefinementThreads                  = 2                                         {product} {ergonomic}
   size_t G1HeapRegionSize                         = 1048576                                   {product} {ergonomic}
    uintx GCDrainStackTargetSize                   = 64                                        {product} {ergonomic}
   size_t InitialHeapSize                          = 67108864                                  {product} {ergonomic}
   size_t MarkStackSize                            = 4194304                                   {product} {ergonomic}
   size_t MaxHeapSize                              = 1073741824                                {product} {command line}
   size_t MaxNewSize                               = 643825664                                 {product} {ergonomic}
   size_t MinHeapDeltaBytes                        = 1048576                                   {product} {ergonomic}
    uintx NonNMethodCodeHeapSize                   = 5825164                                {pd product} {ergonomic}
    uintx NonProfiledCodeHeapSize                  = 122916538                              {pd product} {ergonomic}
    uintx ProfiledCodeHeapSize                     = 122916538                              {pd product} {ergonomic}
    uintx ReservedCodeCacheSize                    = 251658240                              {pd product} {ergonomic}
     bool SegmentedCodeCache                       = true                                      {product} {ergonomic}
     bool UseCompressedClassPointers               = true                                 {lp64_product} {ergonomic}
     bool UseCompressedOops                        = true                                 {lp64_product} {ergonomic}
     bool UseG1GC                                  = true                                      {product} {ergonomic}
     bool UseLargePagesIndividualAllocation        = false                                  {pd product} {ergonomic}

Logging:
Log output configuration:
 #0: stdout all=warning uptime,level,tags
 #1: stderr all=off uptime,level,tags

Environment Variables:
PATH=C:\Program Files\Common Files\Oracle\Java\javapath;C:\Program Files (x86)\Common Files\Oracle\Java\javapath;C:\Windows\system32;C:\Windows;C:\Windows\System32\Wbem;C:\Windows\System32\WindowsPowerShell\v1.0\;C:\Windows\System32\OpenSSH\;C:\ProgramData\chocolatey\bin;C:\Program Files (x86)\Yarn\bin\;C:\Program Files\Git\cmd;C:\Program Files\nodejs\;C:\Users\felip\AppData\Local\Microsoft\WindowsApps;C:\Users\felip\AppData\Local\Programs\Microsoft VS Code\bin;C:\Users\felip\AppData\Local\Yarn\bin;C:\Users\felip\AppData\Local\GitHubDesktop\bin;C:\Users\felip\AppData\Roaming\npm
USERNAME=felip
OS=Windows_NT
PROCESSOR_IDENTIFIER=Intel64 Family 6 Model 23 Stepping 10, GenuineIntel



---------------  S Y S T E M  ---------------

OS: Windows 10 , 64 bit Build 19041 (10.0.19041.1202)
OS uptime: 1 days 0:55 hours

CPU:total 2 (initial active 2) (2 cores per cpu, 1 threads per core) family 6 model 23 stepping 10 microcode 0xa0c, cmov, cx8, fxsr, mmx, sse, sse2, sse3, ssse3, tsc

Memory: 4k page, system-wide physical 4061M (47M free)
TotalPageFile size 4061M (AvailPageFile size 5M)
current process WorkingSet (physical memory assigned to process): 347M, peak: 421M
current process commit charge ("private bytes"): 473M, peak: 476M

vm_info: OpenJDK 64-Bit Server VM (11.0.11+9-b60-7590822) for windows-amd64 JRE (11.0.11+9-b60-7590822), built on Jul 29 2021 21:43:44 by "builder" with MS VC++ 14.0 (VS2015)

END.
