#
# There is insufficient memory for the Java Runtime Environment to continue.
# Native memory allocation (malloc) failed to allocate 32744 bytes for ChunkPool::allocate
# Possible reasons:
#   The system is out of physical RAM or swap space
#   The process is running with CompressedOops enabled, and the Java Heap may be blocking the growth of the native heap
# Possible solutions:
#   Reduce memory load on the system
#   Increase physical memory or swap space
#   Check if swap backing store is full
#   Decrease Java heap size (-Xmx/-Xms)
#   Decrease number of Java threads
#   Decrease Java thread stack sizes (-Xss)
#   Set larger code cache with -XX:ReservedCodeCacheSize=
#   JVM is running with Unscaled Compressed Oops mode in which the Java heap is
#     placed in the first 4GB address space. The Java Heap base address is the
#     maximum limit for the native heap growth. Please use -XX:HeapBaseMinAddress
#     to set the Java Heap base and to place the Java Heap above 4GB virtual address.
# This output file may be truncated or incomplete.
#
#  Out of Memory Error (./src/hotspot/share/memory/arena.cpp:81), pid=9900, tid=4664
#
# JRE version: OpenJDK Runtime Environment (11.0.11+9) (build 11.0.11+9-b60-7590822)
# Java VM: OpenJDK 64-Bit Server VM (11.0.11+9-b60-7590822, mixed mode, tiered, compressed oops, g1 gc, windows-amd64)
# No core dump will be written. Minidumps are not enabled by default on client versions of Windows
#

---------------  S U M M A R Y ------------

Command Line: --add-opens=java.base/java.util=ALL-UNNAMED --add-opens=java.base/java.lang=ALL-UNNAMED --add-opens=java.base/java.lang.invoke=ALL-UNNAMED --add-opens=java.base/java.util=ALL-UNNAMED --add-opens=java.prefs/java.util.prefs=ALL-UNNAMED --add-opens=java.prefs/java.util.prefs=ALL-UNNAMED --add-opens=java.base/java.nio.charset=ALL-UNNAMED --add-opens=java.base/java.net=ALL-UNNAMED --add-opens=java.base/java.util.concurrent.atomic=ALL-UNNAMED -Xmx512m -Dfile.encoding=UTF-8 -Duser.country=US -Duser.language=en -Duser.variant org.gradle.launcher.daemon.bootstrap.GradleDaemon 7.0.2

Host: Celeron(R) Dual-Core CPU       T3500  @ 2.10GHz, 2 cores, 3G,  Windows 10 , 64 bit Build 19041 (10.0.19041.1348)
Time: Mon Dec  6 08:39:15 2021 E. South America Standard Time elapsed time: 38.582261 seconds (0d 0h 0m 38s)

---------------  T H R E A D  ---------------

Current thread (0x00000230595a2800):  JavaThread "C2 CompilerThread0" daemon [_thread_in_native, id=4664, stack(0x000000724af00000,0x000000724b000000)]


Current CompileTask:
C2:  38582 2844       4       java.util.AbstractCollection::addAll (42 bytes)

Stack: [0x000000724af00000,0x000000724b000000]
Native frames: (J=compiled Java code, j=interpreted, Vv=VM code, C=native code)
V  [jvm.dll+0x5f214a]
V  [jvm.dll+0x726fb5]
V  [jvm.dll+0x7285cd]
V  [jvm.dll+0x728c83]
V  [jvm.dll+0x243278]
V  [jvm.dll+0xbc78b]
V  [jvm.dll+0xbca3c]
V  [jvm.dll+0x35926c]
V  [jvm.dll+0x4ec537]
V  [jvm.dll+0x3218c2]
V  [jvm.dll+0x320d8a]
V  [jvm.dll+0x1fc1e2]
V  [jvm.dll+0x1fb3d4]
V  [jvm.dll+0x183d6c]
V  [jvm.dll+0x209a57]
V  [jvm.dll+0x2082a1]
V  [jvm.dll+0x6ef58f]
V  [jvm.dll+0x6e80b5]
V  [jvm.dll+0x5f1036]
C  [ucrtbase.dll+0x21bb2]
C  [KERNEL32.DLL+0x17034]
C  [ntdll.dll+0x52651]


---------------  P R O C E S S  ---------------

Threads class SMR info:
_java_thread_list=0x000002305b598010, length=30, elements={
0x0000023042ec2000, 0x0000023059536800, 0x0000023059540800, 0x0000023059592800,
0x0000023059595000, 0x0000023059596800, 0x00000230595a2800, 0x00000230595a6000,
0x00000230595aa000, 0x00000230597fb000, 0x000002305b2ae000, 0x000002305b156000,
0x000002305b156800, 0x000002305acc3800, 0x000002305acc4800, 0x000002305abbe800,
0x000002305a942000, 0x000002305b76f800, 0x000002305a6d3000, 0x000002305a45f800,
0x000002305a461800, 0x000002305a460800, 0x000002305a45e000, 0x000002305a462000,
0x000002305a45d800, 0x000002305a463000, 0x000002305a45f000, 0x000002305a464000,
0x000002305dbf7800, 0x000002305dbf6000
}

Java Threads: ( => current thread )
  0x0000023042ec2000 JavaThread "main" [_thread_blocked, id=3896, stack(0x000000724a300000,0x000000724a400000)]
  0x0000023059536800 JavaThread "Reference Handler" daemon [_thread_blocked, id=2804, stack(0x000000724aa00000,0x000000724ab00000)]
  0x0000023059540800 JavaThread "Finalizer" daemon [_thread_blocked, id=6116, stack(0x000000724ab00000,0x000000724ac00000)]
  0x0000023059592800 JavaThread "Signal Dispatcher" daemon [_thread_blocked, id=7112, stack(0x000000724ac00000,0x000000724ad00000)]
  0x0000023059595000 JavaThread "Attach Listener" daemon [_thread_blocked, id=5984, stack(0x000000724ad00000,0x000000724ae00000)]
  0x0000023059596800 JavaThread "Service Thread" daemon [_thread_blocked, id=7056, stack(0x000000724ae00000,0x000000724af00000)]
=>0x00000230595a2800 JavaThread "C2 CompilerThread0" daemon [_thread_in_native, id=4664, stack(0x000000724af00000,0x000000724b000000)]
  0x00000230595a6000 JavaThread "C1 CompilerThread0" daemon [_thread_blocked, id=9952, stack(0x000000724b000000,0x000000724b100000)]
  0x00000230595aa000 JavaThread "Sweeper thread" daemon [_thread_blocked, id=6724, stack(0x000000724b100000,0x000000724b200000)]
  0x00000230597fb000 JavaThread "Common-Cleaner" daemon [_thread_blocked, id=392, stack(0x000000724b200000,0x000000724b300000)]
  0x000002305b2ae000 JavaThread "Daemon health stats" [_thread_blocked, id=6440, stack(0x000000724b500000,0x000000724b600000)]
  0x000002305b156000 JavaThread "Incoming local TCP Connector on port 7790" [_thread_in_native, id=3684, stack(0x000000724b600000,0x000000724b700000)]
  0x000002305b156800 JavaThread "Daemon periodic checks" [_thread_blocked, id=6564, stack(0x000000724b700000,0x000000724b800000)]
  0x000002305acc3800 JavaThread "Daemon" [_thread_blocked, id=8612, stack(0x000000724b800000,0x000000724b900000)]
  0x000002305acc4800 JavaThread "Handler for socket connection from /127.0.0.1:7790 to /127.0.0.1:7791" [_thread_in_native, id=1900, stack(0x000000724b900000,0x000000724ba00000)]
  0x000002305abbe800 JavaThread "Cancel handler" [_thread_blocked, id=5192, stack(0x000000724ba00000,0x000000724bb00000)]
  0x000002305a942000 JavaThread "Daemon worker" [_thread_blocked, id=5964, stack(0x000000724bb00000,0x000000724bc00000)]
  0x000002305b76f800 JavaThread "Asynchronous log dispatcher for DefaultDaemonConnection: socket connection from /127.0.0.1:7790 to /127.0.0.1:7791" [_thread_blocked, id=2488, stack(0x000000724bc00000,0x000000724bd00000)]
  0x000002305a6d3000 JavaThread "Stdin handler" [_thread_blocked, id=5444, stack(0x000000724bd00000,0x000000724be00000)]
  0x000002305a45f800 JavaThread "Daemon client event forwarder" [_thread_blocked, id=6884, stack(0x000000724be00000,0x000000724bf00000)]
  0x000002305a461800 JavaThread "Cache worker for file hash cache (C:\Users\felip\.gradle\caches\7.0.2\fileHashes)" [_thread_blocked, id=8812, stack(0x000000724bf00000,0x000000724c000000)]
  0x000002305a460800 JavaThread "File lock request listener" [_thread_in_native, id=4428, stack(0x000000724c000000,0x000000724c100000)]
  0x000002305a45e000 JavaThread "Cache worker for journal cache (C:\Users\felip\.gradle\caches\journal-1)" [_thread_blocked, id=4436, stack(0x000000724c100000,0x000000724c200000)]
  0x000002305a462000 JavaThread "Cache worker for file hash cache (C:\Users\felip\AndroidStudioProjects\VideoApp\.gradle\7.0.2\fileHashes)" [_thread_blocked, id=6008, stack(0x000000724c200000,0x000000724c300000)]
  0x000002305a45d800 JavaThread "File watcher server" daemon [_thread_in_native, id=5864, stack(0x000000724c300000,0x000000724c400000)]
  0x000002305a463000 JavaThread "File watcher consumer" daemon [_thread_blocked, id=8956, stack(0x000000724c400000,0x000000724c500000)]
  0x000002305a45f000 JavaThread "Cache worker for checksums cache (C:\Users\felip\AndroidStudioProjects\VideoApp\.gradle\checksums)" [_thread_blocked, id=5084, stack(0x000000724c500000,0x000000724c600000)]
  0x000002305a464000 JavaThread "Cache worker for cache directory md-supplier (C:\Users\felip\.gradle\caches\7.0.2\md-supplier)" [_thread_blocked, id=5384, stack(0x000000724c600000,0x000000724c700000)]
  0x000002305dbf7800 JavaThread "Cache worker for cache directory md-rule (C:\Users\felip\.gradle\caches\7.0.2\md-rule)" [_thread_blocked, id=2916, stack(0x000000724c700000,0x000000724c800000)]
  0x000002305dbf6000 JavaThread "Cache worker for execution history cache (C:\Users\felip\.gradle\caches\7.0.2\executionHistory)" [_thread_blocked, id=4456, stack(0x000000724c800000,0x000000724c900000)]

Other Threads:
  0x0000023059531800 VMThread "VM Thread" [stack: 0x000000724a900000,0x000000724aa00000] [id=8824]
  0x0000023059827000 WatcherThread [stack: 0x000000724b300000,0x000000724b400000] [id=1936]
  0x0000023042edb800 GCTaskThread "GC Thread#0" [stack: 0x000000724a400000,0x000000724a500000] [id=8424]
  0x0000023059970000 GCTaskThread "GC Thread#1" [stack: 0x000000724b400000,0x000000724b500000] [id=8036]
  0x0000023042eec000 ConcurrentGCThread "G1 Main Marker" [stack: 0x000000724a500000,0x000000724a600000] [id=4368]
  0x0000023042eed800 ConcurrentGCThread "G1 Conc#0" [stack: 0x000000724a600000,0x000000724a700000] [id=2732]
  0x0000023042f3b000 ConcurrentGCThread "G1 Refine#0" [stack: 0x000000724a700000,0x000000724a800000] [id=7440]
  0x0000023042f3c000 ConcurrentGCThread "G1 Young RemSet Sampling" [stack: 0x000000724a800000,0x000000724a900000] [id=4232]

Threads with active compile tasks:
C2 CompilerThread0  39152 2844       4       java.util.AbstractCollection::addAll (42 bytes)

VM state:at safepoint (normal execution)

VM Mutex/Monitor currently owned by a thread:  ([mutex/lock_event])
[0x0000023042ebf350] Threads_lock - owner thread: 0x0000023059531800
[0x0000023042ebf860] Heap_lock - owner thread: 0x000002305a942000

Heap address: 0x00000000e0000000, size: 512 MB, Compressed Oops mode: 32-bit
Narrow klass base: 0x0000000000000000, Narrow klass shift: 3
Compressed class space size: 1073741824 Address: 0x0000000100000000

Heap:
 garbage-first heap   total 65536K, used 22232K [0x00000000e0000000, 0x0000000100000000)
  region size 1024K, 4 young (4096K), 4 survivors (4096K)
 Metaspace       used 34801K, capacity 35614K, committed 35708K, reserved 1083392K
  class space    used 4527K, capacity 4832K, committed 4864K, reserved 1048576K
Heap Regions: E=young(eden), S=young(survivor), O=old, HS=humongous(starts), HC=humongous(continues), CS=collection set, F=free, A=archive, TAMS=top-at-mark-start (previous, next)
|   0|0x00000000e0000000, 0x00000000e0100000, 0x00000000e0100000|100%| O|  |TAMS 0x00000000e0100000, 0x00000000e0100000| Untracked 
|   1|0x00000000e0100000, 0x00000000e0200000, 0x00000000e0200000|100%| O|  |TAMS 0x00000000e0200000, 0x00000000e0200000| Untracked 
|   2|0x00000000e0200000, 0x00000000e0300000, 0x00000000e0300000|100%| O|  |TAMS 0x00000000e0300000, 0x00000000e0300000| Untracked 
|   3|0x00000000e0300000, 0x00000000e0400000, 0x00000000e0400000|100%| O|  |TAMS 0x00000000e0400000, 0x00000000e0400000| Untracked 
|   4|0x00000000e0400000, 0x00000000e0500000, 0x00000000e0500000|100%|HS|  |TAMS 0x00000000e0500000, 0x00000000e0500000| Complete 
|   5|0x00000000e0500000, 0x00000000e0600000, 0x00000000e0600000|100%|HC|  |TAMS 0x00000000e0600000, 0x00000000e0600000| Complete 
|   6|0x00000000e0600000, 0x00000000e0700000, 0x00000000e0700000|100%|HC|  |TAMS 0x00000000e0700000, 0x00000000e0700000| Complete 
|   7|0x00000000e0700000, 0x00000000e0800000, 0x00000000e0800000|100%| O|  |TAMS 0x00000000e0800000, 0x00000000e0800000| Untracked 
|   8|0x00000000e0800000, 0x00000000e0900000, 0x00000000e0900000|100%| O|  |TAMS 0x00000000e0900000, 0x00000000e0900000| Untracked 
|   9|0x00000000e0900000, 0x00000000e0a00000, 0x00000000e0a00000|100%| O|  |TAMS 0x00000000e0a00000, 0x00000000e0a00000| Untracked 
|  10|0x00000000e0a00000, 0x00000000e0b00000, 0x00000000e0b00000|100%| O|  |TAMS 0x00000000e0b00000, 0x00000000e0b00000| Untracked 
|  11|0x00000000e0b00000, 0x00000000e0c00000, 0x00000000e0c00000|100%| O|  |TAMS 0x00000000e0c00000, 0x00000000e0c00000| Untracked 
|  12|0x00000000e0c00000, 0x00000000e0d00000, 0x00000000e0d00000|100%| O|  |TAMS 0x00000000e0d00000, 0x00000000e0d00000| Untracked 
|  13|0x00000000e0d00000, 0x00000000e0e00000, 0x00000000e0e00000|100%| O|  |TAMS 0x00000000e0e00000, 0x00000000e0e00000| Untracked 
|  14|0x00000000e0e00000, 0x00000000e0f00000, 0x00000000e0f00000|100%| O|  |TAMS 0x00000000e0f00000, 0x00000000e0f00000| Untracked 
|  15|0x00000000e0f00000, 0x00000000e1000000, 0x00000000e1000000|100%| O|  |TAMS 0x00000000e0fd7400, 0x00000000e1000000| Untracked 
|  16|0x00000000e1000000, 0x00000000e1100000, 0x00000000e1100000|100%| O|  |TAMS 0x00000000e1000000, 0x00000000e1100000| Untracked 
|  17|0x00000000e1100000, 0x00000000e11b6000, 0x00000000e1200000| 71%| O|  |TAMS 0x00000000e1100000, 0x00000000e11b6000| Untracked 
|  18|0x00000000e1200000, 0x00000000e1200000, 0x00000000e1300000|  0%| F|  |TAMS 0x00000000e1200000, 0x00000000e1200000| Untracked 
|  19|0x00000000e1300000, 0x00000000e1300000, 0x00000000e1400000|  0%| F|  |TAMS 0x00000000e1300000, 0x00000000e1300000| Untracked 
|  20|0x00000000e1400000, 0x00000000e1400000, 0x00000000e1500000|  0%| F|  |TAMS 0x00000000e1400000, 0x00000000e1400000| Untracked 
|  21|0x00000000e1500000, 0x00000000e1500000, 0x00000000e1600000|  0%| F|  |TAMS 0x00000000e1500000, 0x00000000e1500000| Untracked 
|  22|0x00000000e1600000, 0x00000000e1600000, 0x00000000e1700000|  0%| F|  |TAMS 0x00000000e1600000, 0x00000000e1600000| Untracked 
|  23|0x00000000e1700000, 0x00000000e1700000, 0x00000000e1800000|  0%| F|  |TAMS 0x00000000e1700000, 0x00000000e1700000| Untracked 
|  24|0x00000000e1800000, 0x00000000e1800000, 0x00000000e1900000|  0%| F|  |TAMS 0x00000000e1800000, 0x00000000e1800000| Untracked 
|  25|0x00000000e1900000, 0x00000000e1900000, 0x00000000e1a00000|  0%| F|  |TAMS 0x00000000e1900000, 0x00000000e1900000| Untracked 
|  26|0x00000000e1a00000, 0x00000000e1a00000, 0x00000000e1b00000|  0%| F|  |TAMS 0x00000000e1a00000, 0x00000000e1a00000| Untracked 
|  27|0x00000000e1b00000, 0x00000000e1b00000, 0x00000000e1c00000|  0%| F|  |TAMS 0x00000000e1b00000, 0x00000000e1b00000| Untracked 
|  28|0x00000000e1c00000, 0x00000000e1c00000, 0x00000000e1d00000|  0%| F|  |TAMS 0x00000000e1c00000, 0x00000000e1c00000| Untracked 
|  29|0x00000000e1d00000, 0x00000000e1d00000, 0x00000000e1e00000|  0%| F|  |TAMS 0x00000000e1d00000, 0x00000000e1d00000| Untracked 
|  30|0x00000000e1e00000, 0x00000000e1e00000, 0x00000000e1f00000|  0%| F|  |TAMS 0x00000000e1e00000, 0x00000000e1e00000| Untracked 
|  31|0x00000000e1f00000, 0x00000000e1f00000, 0x00000000e2000000|  0%| F|  |TAMS 0x00000000e1f00000, 0x00000000e1f00000| Untracked 
|  32|0x00000000e2000000, 0x00000000e2000000, 0x00000000e2100000|  0%| F|  |TAMS 0x00000000e2000000, 0x00000000e2000000| Untracked 
|  33|0x00000000e2100000, 0x00000000e2100000, 0x00000000e2200000|  0%| F|  |TAMS 0x00000000e2100000, 0x00000000e2100000| Untracked 
|  34|0x00000000e2200000, 0x00000000e2200000, 0x00000000e2300000|  0%| F|  |TAMS 0x00000000e2200000, 0x00000000e2200000| Untracked 
|  35|0x00000000e2300000, 0x00000000e2300000, 0x00000000e2400000|  0%| F|  |TAMS 0x00000000e2300000, 0x00000000e2300000| Untracked 
|  36|0x00000000e2400000, 0x00000000e2400000, 0x00000000e2500000|  0%| F|  |TAMS 0x00000000e2400000, 0x00000000e2400000| Untracked 
|  37|0x00000000e2500000, 0x00000000e2500000, 0x00000000e2600000|  0%| F|  |TAMS 0x00000000e2500000, 0x00000000e2500000| Untracked 
|  38|0x00000000e2600000, 0x00000000e2700000, 0x00000000e2700000|100%| S|CS|TAMS 0x00000000e2600000, 0x00000000e2600000| Complete 
|  39|0x00000000e2700000, 0x00000000e2800000, 0x00000000e2800000|100%| S|CS|TAMS 0x00000000e2700000, 0x00000000e2700000| Complete 
|  40|0x00000000e2800000, 0x00000000e2900000, 0x00000000e2900000|100%| S|CS|TAMS 0x00000000e2800000, 0x00000000e2800000| Complete 
|  41|0x00000000e2900000, 0x00000000e2a00000, 0x00000000e2a00000|100%| S|CS|TAMS 0x00000000e2900000, 0x00000000e2900000| Complete 
|  42|0x00000000e2a00000, 0x00000000e2a00000, 0x00000000e2b00000|  0%| F|  |TAMS 0x00000000e2a00000, 0x00000000e2a00000| Untracked 
|  43|0x00000000e2b00000, 0x00000000e2b00000, 0x00000000e2c00000|  0%| F|  |TAMS 0x00000000e2b00000, 0x00000000e2b00000| Untracked 
|  44|0x00000000e2c00000, 0x00000000e2c00000, 0x00000000e2d00000|  0%| F|  |TAMS 0x00000000e2c00000, 0x00000000e2c00000| Untracked 
|  45|0x00000000e2d00000, 0x00000000e2d00000, 0x00000000e2e00000|  0%| F|  |TAMS 0x00000000e2d00000, 0x00000000e2d00000| Untracked 
|  46|0x00000000e2e00000, 0x00000000e2e00000, 0x00000000e2f00000|  0%| F|  |TAMS 0x00000000e2e00000, 0x00000000e2e00000| Untracked 
|  47|0x00000000e2f00000, 0x00000000e2f00000, 0x00000000e3000000|  0%| F|  |TAMS 0x00000000e2f00000, 0x00000000e2f00000| Untracked 
|  48|0x00000000e3000000, 0x00000000e3000000, 0x00000000e3100000|  0%| F|  |TAMS 0x00000000e3000000, 0x00000000e3000000| Untracked 
|  49|0x00000000e3100000, 0x00000000e3100000, 0x00000000e3200000|  0%| F|  |TAMS 0x00000000e3100000, 0x00000000e3100000| Untracked 
|  50|0x00000000e3200000, 0x00000000e3200000, 0x00000000e3300000|  0%| F|  |TAMS 0x00000000e3200000, 0x00000000e3200000| Untracked 
|  51|0x00000000e3300000, 0x00000000e3300000, 0x00000000e3400000|  0%| F|  |TAMS 0x00000000e3300000, 0x00000000e3300000| Untracked 
|  52|0x00000000e3400000, 0x00000000e3400000, 0x00000000e3500000|  0%| F|  |TAMS 0x00000000e3400000, 0x00000000e3400000| Untracked 
|  53|0x00000000e3500000, 0x00000000e3500000, 0x00000000e3600000|  0%| F|  |TAMS 0x00000000e3500000, 0x00000000e3500000| Untracked 
|  54|0x00000000e3600000, 0x00000000e3600000, 0x00000000e3700000|  0%| F|  |TAMS 0x00000000e3600000, 0x00000000e3600000| Untracked 
|  55|0x00000000e3700000, 0x00000000e3700000, 0x00000000e3800000|  0%| F|  |TAMS 0x00000000e3700000, 0x00000000e3700000| Untracked 
|  56|0x00000000e3800000, 0x00000000e3800000, 0x00000000e3900000|  0%| F|  |TAMS 0x00000000e3800000, 0x00000000e3800000| Untracked 
|  57|0x00000000e3900000, 0x00000000e3900000, 0x00000000e3a00000|  0%| F|  |TAMS 0x00000000e3900000, 0x00000000e3900000| Untracked 
|  58|0x00000000e3a00000, 0x00000000e3a00000, 0x00000000e3b00000|  0%| F|  |TAMS 0x00000000e3a00000, 0x00000000e3a00000| Untracked 
|  59|0x00000000e3b00000, 0x00000000e3b00000, 0x00000000e3c00000|  0%| F|  |TAMS 0x00000000e3b00000, 0x00000000e3b00000| Untracked 
|  60|0x00000000e3c00000, 0x00000000e3c00000, 0x00000000e3d00000|  0%| F|  |TAMS 0x00000000e3c00000, 0x00000000e3c00000| Untracked 
|  61|0x00000000e3d00000, 0x00000000e3d00000, 0x00000000e3e00000|  0%| F|  |TAMS 0x00000000e3d00000, 0x00000000e3d00000| Untracked 
|  62|0x00000000e3e00000, 0x00000000e3e00000, 0x00000000e3f00000|  0%| F|  |TAMS 0x00000000e3e00000, 0x00000000e3e00000| Untracked 
|  63|0x00000000e3f00000, 0x00000000e3f00000, 0x00000000e4000000|  0%| F|  |TAMS 0x00000000e3f00000, 0x00000000e3f00000| Untracked 

Card table byte_map: [0x0000023042bb0000,0x0000023042cb0000] _byte_map_base: 0x00000230424b0000

Marking Bits (Prev, Next): (CMBitMap*) 0x0000023042ee9680, (CMBitMap*) 0x0000023042ee9648
 Prev Bits: [0x00000230561c0000, 0x00000230569c0000)
 Next Bits: [0x00000230559c0000, 0x00000230561c0000)

Polling page: 0x0000023040de0000

Metaspace:

Usage:
  Non-class:     30.06 MB capacity,    29.56 MB ( 98%) used,   434.07 KB (  1%) free+waste,    74.00 KB ( <1%) overhead. 
      Class:      4.72 MB capacity,     4.42 MB ( 94%) used,   268.11 KB (  6%) free+waste,    36.31 KB ( <1%) overhead. 
       Both:     34.78 MB capacity,    33.99 MB ( 98%) used,   702.18 KB (  2%) free+waste,   110.31 KB ( <1%) overhead. 

Virtual space:
  Non-class space:       34.00 MB reserved,      30.12 MB ( 89%) committed 
      Class space:        1.00 GB reserved,       4.75 MB ( <1%) committed 
             Both:        1.03 GB reserved,      34.87 MB (  3%) committed 

Chunk freelists:
   Non-Class:  62.00 KB
       Class:  0 bytes
        Both:  62.00 KB

MaxMetaspaceSize: 17179869184.00 GB
CompressedClassSpaceSize: 1.00 GB

CodeHeap 'non-profiled nmethods': size=120064Kb used=1293Kb max_used=1293Kb free=118770Kb
 bounds [0x000002304e480000, 0x000002304e6f0000, 0x00000230559c0000]
CodeHeap 'profiled nmethods': size=120000Kb used=6341Kb max_used=6341Kb free=113658Kb
 bounds [0x0000023046f50000, 0x0000023047590000, 0x000002304e480000]
CodeHeap 'non-nmethods': size=5696Kb used=1163Kb max_used=1186Kb free=4532Kb
 bounds [0x00000230469c0000, 0x0000023046c30000, 0x0000023046f50000]
 total_blobs=3438 nmethods=2916 adapters=433
 compilation: enabled
              stopped_count=0, restarted_count=0
 full_count=0

Compilation events (20 events):
Event: 38.447 Thread 0x00000230595a6000 2905       3       java.lang.StringConcatHelper::newString (46 bytes)
Event: 38.448 Thread 0x00000230595a6000 nmethod 2905 0x000002304757a210 code [0x000002304757a4a0, 0x000002304757af28]
Event: 38.448 Thread 0x00000230595a6000 2907       3       com.sun.beans.introspect.MethodInfo$MethodOrder::compare (167 bytes)
Event: 38.450 Thread 0x00000230595a6000 nmethod 2907 0x000002304757b310 code [0x000002304757b600, 0x000002304757c408]
Event: 38.450 Thread 0x00000230595a6000 2906       1       java.beans.FeatureDescriptor::getName (5 bytes)
Event: 38.451 Thread 0x00000230595a6000 nmethod 2906 0x000002304e5c2010 code [0x000002304e5c21c0, 0x000002304e5c2278]
Event: 38.451 Thread 0x00000230595a6000 2908       1       java.lang.reflect.Modifier::methodModifiers (4 bytes)
Event: 38.451 Thread 0x00000230595a6000 nmethod 2908 0x000002304e5c2310 code [0x000002304e5c24c0, 0x000002304e5c2558]
Event: 38.451 Thread 0x00000230595a6000 2904       1       java.util.TreeMap$Entry::getValue (5 bytes)
Event: 38.451 Thread 0x00000230595a6000 nmethod 2904 0x000002304e5c2610 code [0x000002304e5c27c0, 0x000002304e5c2878]
Event: 38.451 Thread 0x00000230595a6000 2910       1       java.lang.Enum::name (5 bytes)
Event: 38.451 Thread 0x00000230595a6000 nmethod 2910 0x000002304e5c2910 code [0x000002304e5c2ac0, 0x000002304e5c2b78]
Event: 38.451 Thread 0x00000230595a6000 2909       1       java.beans.FeatureDescriptor::setName (6 bytes)
Event: 38.452 Thread 0x00000230595a6000 nmethod 2909 0x000002304e5c2c10 code [0x000002304e5c2dc0, 0x000002304e5c2eb8]
Event: 38.452 Thread 0x00000230595a6000 2911       3       java.beans.FeatureDescriptor::getClass0 (22 bytes)
Event: 38.452 Thread 0x00000230595a6000 nmethod 2911 0x000002304757ca10 code [0x000002304757cbe0, 0x000002304757cee8]
Event: 38.459 Thread 0x00000230595a6000 2912       3       org.codehaus.groovy.reflection.ReflectionUtils::checkCanSetAccessible (11 bytes)
Event: 38.459 Thread 0x00000230595a6000 nmethod 2912 0x000002304757d010 code [0x000002304757d1c0, 0x000002304757d2e8]
Event: 38.459 Thread 0x00000230595a6000 2913       1       java.lang.reflect.Field::getDeclaringClass (5 bytes)
Event: 38.460 Thread 0x00000230595a6000 nmethod 2913 0x000002304e5c2f10 code [0x000002304e5c30c0, 0x000002304e5c3178]

GC Heap History (16 events):
Event: 3.897 GC heap before
{Heap before GC invocations=0 (full 0):
 garbage-first heap   total 65536K, used 7168K [0x00000000e0000000, 0x0000000100000000)
  region size 1024K, 7 young (7168K), 0 survivors (0K)
 Metaspace       used 6131K, capacity 6261K, committed 6528K, reserved 1056768K
  class space    used 536K, capacity 578K, committed 640K, reserved 1048576K
}
Event: 3.904 GC heap after
{Heap after GC invocations=1 (full 0):
 garbage-first heap   total 65536K, used 1380K [0x00000000e0000000, 0x0000000100000000)
  region size 1024K, 1 young (1024K), 1 survivors (1024K)
 Metaspace       used 6131K, capacity 6261K, committed 6528K, reserved 1056768K
  class space    used 536K, capacity 578K, committed 640K, reserved 1048576K
}
Event: 8.550 GC heap before
{Heap before GC invocations=1 (full 0):
 garbage-first heap   total 65536K, used 45412K [0x00000000e0000000, 0x0000000100000000)
  region size 1024K, 38 young (38912K), 1 survivors (1024K)
 Metaspace       used 10752K, capacity 11007K, committed 11264K, reserved 1058816K
  class space    used 1123K, capacity 1206K, committed 1280K, reserved 1048576K
}
Event: 8.573 GC heap after
{Heap after GC invocations=2 (full 0):
 garbage-first heap   total 65536K, used 9423K [0x00000000e0000000, 0x0000000100000000)
  region size 1024K, 5 young (5120K), 5 survivors (5120K)
 Metaspace       used 10752K, capacity 11007K, committed 11264K, reserved 1058816K
  class space    used 1123K, capacity 1206K, committed 1280K, reserved 1048576K
}
Event: 9.718 GC heap before
{Heap before GC invocations=2 (full 0):
 garbage-first heap   total 65536K, used 31951K [0x00000000e0000000, 0x0000000100000000)
  region size 1024K, 27 young (27648K), 5 survivors (5120K)
 Metaspace       used 10968K, capacity 11255K, committed 11520K, reserved 1058816K
  class space    used 1156K, capacity 1246K, committed 1280K, reserved 1048576K
}
Event: 9.738 GC heap after
{Heap after GC invocations=3 (full 0):
 garbage-first heap   total 65536K, used 13737K [0x00000000e0000000, 0x0000000100000000)
  region size 1024K, 4 young (4096K), 4 survivors (4096K)
 Metaspace       used 10968K, capacity 11255K, committed 11520K, reserved 1058816K
  class space    used 1156K, capacity 1246K, committed 1280K, reserved 1048576K
}
Event: 17.759 GC heap before
{Heap before GC invocations=3 (full 0):
 garbage-first heap   total 65536K, used 38313K [0x00000000e0000000, 0x0000000100000000)
  region size 1024K, 29 young (29696K), 4 survivors (4096K)
 Metaspace       used 17647K, capacity 18122K, committed 18432K, reserved 1064960K
  class space    used 2064K, capacity 2204K, committed 2304K, reserved 1048576K
}
Event: 17.776 GC heap after
{Heap after GC invocations=4 (full 0):
 garbage-first heap   total 65536K, used 16455K [0x00000000e0000000, 0x0000000100000000)
  region size 1024K, 3 young (3072K), 3 survivors (3072K)
 Metaspace       used 17647K, capacity 18122K, committed 18432K, reserved 1064960K
  class space    used 2064K, capacity 2204K, committed 2304K, reserved 1048576K
}
Event: 21.017 GC heap before
{Heap before GC invocations=4 (full 0):
 garbage-first heap   total 65536K, used 41031K [0x00000000e0000000, 0x0000000100000000)
  region size 1024K, 28 young (28672K), 3 survivors (3072K)
 Metaspace       used 20702K, capacity 21218K, committed 21296K, reserved 1069056K
  class space    used 2514K, capacity 2688K, committed 2688K, reserved 1048576K
}
Event: 21.037 GC heap after
{Heap after GC invocations=5 (full 0):
 garbage-first heap   total 65536K, used 17245K [0x00000000e0000000, 0x0000000100000000)
  region size 1024K, 1 young (1024K), 1 survivors (1024K)
 Metaspace       used 20702K, capacity 21218K, committed 21296K, reserved 1069056K
  class space    used 2514K, capacity 2688K, committed 2688K, reserved 1048576K
}
Event: 24.646 GC heap before
{Heap before GC invocations=6 (full 0):
 garbage-first heap   total 65536K, used 43869K [0x00000000e0000000, 0x0000000100000000)
  region size 1024K, 28 young (28672K), 1 survivors (1024K)
 Metaspace       used 23527K, capacity 24053K, committed 24112K, reserved 1071104K
  class space    used 2982K, capacity 3190K, committed 3200K, reserved 1048576K
}
Event: 24.657 GC heap after
{Heap after GC invocations=7 (full 0):
 garbage-first heap   total 65536K, used 17936K [0x00000000e0000000, 0x0000000100000000)
  region size 1024K, 2 young (2048K), 2 survivors (2048K)
 Metaspace       used 23527K, capacity 24053K, committed 24112K, reserved 1071104K
  class space    used 2982K, capacity 3190K, committed 3200K, reserved 1048576K
}
Event: 28.904 GC heap before
{Heap before GC invocations=7 (full 0):
 garbage-first heap   total 65536K, used 45584K [0x00000000e0000000, 0x0000000100000000)
  region size 1024K, 29 young (29696K), 2 survivors (2048K)
 Metaspace       used 26353K, capacity 26980K, committed 27184K, reserved 1073152K
  class space    used 3444K, capacity 3698K, committed 3712K, reserved 1048576K
}
Event: 28.918 GC heap after
{Heap after GC invocations=8 (full 0):
 garbage-first heap   total 65536K, used 18987K [0x00000000e0000000, 0x0000000100000000)
  region size 1024K, 3 young (3072K), 3 survivors (3072K)
 Metaspace       used 26353K, capacity 26980K, committed 27184K, reserved 1073152K
  class space    used 3444K, capacity 3698K, committed 3712K, reserved 1048576K
}
Event: 32.039 GC heap before
{Heap before GC invocations=8 (full 0):
 garbage-first heap   total 65536K, used 47659K [0x00000000e0000000, 0x0000000100000000)
  region size 1024K, 31 young (31744K), 3 survivors (3072K)
 Metaspace       used 29077K, capacity 29669K, committed 30000K, reserved 1075200K
  class space    used 3879K, capacity 4105K, committed 4224K, reserved 1048576K
}
Event: 32.055 GC heap after
{Heap after GC invocations=9 (full 0):
 garbage-first heap   total 65536K, used 19887K [0x00000000e0000000, 0x0000000100000000)
  region size 1024K, 3 young (3072K), 3 survivors (3072K)
 Metaspace       used 29077K, capacity 29669K, committed 30000K, reserved 1075200K
  class space    used 3879K, capacity 4105K, committed 4224K, reserved 1048576K
}

Deoptimization events (20 events):
Event: 35.794 Thread 0x000002305a942000 DEOPT PACKING pc=0x0000023047392979 sp=0x000000724bbf2b50
Event: 35.794 Thread 0x000002305a942000 DEOPT UNPACKING pc=0x00000230469e643f sp=0x000000724bbf2098 mode 0
Event: 36.783 Thread 0x000002305b2ae000 Uncommon trap: trap_request=0xffffffde fr.pc=0x000002304e5b7018 relative=0x0000000000000318
Event: 36.783 Thread 0x000002305b2ae000 Uncommon trap: reason=class_check action=maybe_recompile pc=0x000002304e5b7018 method=java.util.stream.ReferencePipeline.forEachWithCancel(Ljava/util/Spliterator;Ljava/util/stream/Sink;)Z @ 1 c2
Event: 36.783 Thread 0x000002305b2ae000 DEOPT PACKING pc=0x000002304e5b7018 sp=0x000000724b5fe870
Event: 36.783 Thread 0x000002305b2ae000 DEOPT UNPACKING pc=0x00000230469e6029 sp=0x000000724b5fe810 mode 2
Event: 36.874 Thread 0x000002305a942000 Uncommon trap: trap_request=0xffffff4d fr.pc=0x000002304e55ff7c relative=0x000000000000433c
Event: 36.875 Thread 0x000002305a942000 Uncommon trap: reason=unstable_if action=reinterpret pc=0x000002304e55ff7c method=jdk.internal.loader.BuiltinClassLoader.loadClassOrNull(Ljava/lang/String;Z)Ljava/lang/Class; @ 42 c2
Event: 36.875 Thread 0x000002305a942000 DEOPT PACKING pc=0x000002304e55ff7c sp=0x000000724bbf5670
Event: 36.875 Thread 0x000002305a942000 DEOPT UNPACKING pc=0x00000230469e6029 sp=0x000000724bbf54d0 mode 2
Event: 37.780 Thread 0x000002305b2ae000 Uncommon trap: trap_request=0xffffffde fr.pc=0x000002304e5b7018 relative=0x0000000000000318
Event: 37.780 Thread 0x000002305b2ae000 Uncommon trap: reason=class_check action=maybe_recompile pc=0x000002304e5b7018 method=java.util.stream.ReferencePipeline.forEachWithCancel(Ljava/util/Spliterator;Ljava/util/stream/Sink;)Z @ 1 c2
Event: 37.780 Thread 0x000002305b2ae000 DEOPT PACKING pc=0x000002304e5b7018 sp=0x000000724b5fe870
Event: 37.780 Thread 0x000002305b2ae000 DEOPT UNPACKING pc=0x00000230469e6029 sp=0x000000724b5fe810 mode 2
Event: 38.356 Thread 0x000002305a942000 DEOPT PACKING pc=0x0000023047392979 sp=0x000000724bbf5d90
Event: 38.356 Thread 0x000002305a942000 DEOPT UNPACKING pc=0x00000230469e643f sp=0x000000724bbf52d8 mode 0
Event: 38.378 Thread 0x000002305a942000 Uncommon trap: trap_request=0xffffff5c fr.pc=0x000002304e510668 relative=0x0000000000000b28
Event: 38.378 Thread 0x000002305a942000 Uncommon trap: reason=speculate_null_assert action=make_not_entrant pc=0x000002304e510668 method=jdk.internal.loader.URLClassPath$JarLoader.getResource(Ljava/lang/String;ZLjava/util/Set;)Ljdk/internal/loader/Resource; @ 17 c2
Event: 38.378 Thread 0x000002305a942000 DEOPT PACKING pc=0x000002304e510668 sp=0x000000724bbf55c0
Event: 38.378 Thread 0x000002305a942000 DEOPT UNPACKING pc=0x00000230469e6029 sp=0x000000724bbf5558 mode 2

Classes redefined (0 events):
No events

Internal exceptions (20 events):
Event: 29.316 Thread 0x000002305a942000 Exception <a 'java/lang/NoSuchMethodError'{0x00000000e3c3ed08}: 'java.lang.Object java.lang.invoke.Invokers$Holder.linkToTargetMethod(java.lang.Object, java.lang.Object, java.lang.Object, java.lang.Object, java.lang.Object, java.lang.Object, java.lang.Object, java.lang.Object, java.lang.Object, java.lang.Object, java.lang.Object, java.lang.Object)'> (0x00000000e3c3ed08) thrown at [./src/hotspot/share/interpreter/linkResolver.cpp, line 773]
Event: 29.395 Thread 0x000002305a942000 Exception <a 'java/lang/NoSuchMethodError'{0x00000000e3ccb890}: 'java.lang.Object java.lang.invoke.DirectMethodHandle$Holder.invokeStaticInit(java.lang.Object, java.lang.Object, java.lang.Object, java.lang.Object)'> (0x00000000e3ccb890) thrown at [./src/hotspot/share/interpreter/linkResolver.cpp, line 773]
Event: 30.135 Thread 0x000002305a942000 Implicit null exception at 0x000002304e574175 to 0x000002304e574324
Event: 30.136 Thread 0x000002305a942000 Implicit null exception at 0x000002304e5733af to 0x000002304e57341d
Event: 35.766 Thread 0x000002305a942000 Exception <a 'java/lang/NoSuchMethodError'{0x00000000e35d3580}: 'void java.lang.invoke.DirectMethodHandle$Holder.invokeStaticInit(java.lang.Object, java.lang.Object, java.lang.Object)'> (0x00000000e35d3580) thrown at [./src/hotspot/share/interpreter/linkResolver.cpp, line 773]
Event: 35.772 Thread 0x000002305a942000 Exception <a 'java/lang/NoSuchMethodError'{0x00000000e35da358}: 'void java.lang.invoke.DirectMethodHandle$Holder.invokeStaticInit(java.lang.Object, java.lang.Object, java.lang.Object, java.lang.Object)'> (0x00000000e35da358) thrown at [./src/hotspot/share/interpreter/linkResolver.cpp, line 773]
Event: 35.784 Thread 0x000002305a942000 Exception <a 'java/lang/NoSuchMethodError'{0x00000000e35fc9b0}: 'void java.lang.invoke.DirectMethodHandle$Holder.invokeStaticInit(java.lang.Object, java.lang.Object, java.lang.Object, java.lang.Object, java.lang.Object)'> (0x00000000e35fc9b0) thrown at [./src/hotspot/share/interpreter/linkResolver.cpp, line 773]
Event: 35.786 Thread 0x000002305a942000 Exception <a 'java/lang/NoSuchMethodError'{0x00000000e34011c8}: 'int java.lang.invoke.DirectMethodHandle$Holder.invokeStaticInit(java.lang.Object, java.lang.Object, java.lang.Object)'> (0x00000000e34011c8) thrown at [./src/hotspot/share/interpreter/linkResolver.cpp, line 773]
Event: 35.953 Thread 0x000002305a942000 Exception <a 'java/lang/NoSuchMethodError'{0x00000000e345fba0}: 'int java.lang.invoke.DirectMethodHandle$Holder.invokeStaticInit(java.lang.Object, java.lang.Object, java.lang.Object, java.lang.Object)'> (0x00000000e345fba0) thrown at [./src/hotspot/share/interpreter/linkResolver.cpp, line 773]
Event: 35.957 Thread 0x000002305a942000 Exception <a 'java/lang/IncompatibleClassChangeError'{0x00000000e3469100}: Found class java.lang.Object, but interface was expected> (0x00000000e3469100) thrown at [./src/hotspot/share/interpreter/linkResolver.cpp, line 839]
Event: 38.347 Thread 0x000002305a942000 Exception <a 'java/lang/NoSuchMethodError'{0x00000000e2dda6c0}: 'java.lang.Object java.lang.invoke.DirectMethodHandle$Holder.invokeStatic(java.lang.Object, java.lang.Object, java.lang.Object, java.lang.Object, java.lang.Object, java.lang.Object, java.lang.Object, java.lang.Object, java.lang.Object, java.lang.Object, java.lang.Object, int)'> (0x00000000e2dda6c0) thrown at [./src/hotspot/share/interpreter/linkResolver.cpp, line 773]
Event: 38.356 Thread 0x000002305a942000 Exception <a 'java/lang/NoSuchMethodError'{0x00000000e2df92b0}: 'java.lang.Object java.lang.invoke.DirectMethodHandle$Holder.invokeStatic(java.lang.Object, java.lang.Object, java.lang.Object, java.lang.Object, java.lang.Object, java.lang.Object, java.lang.Object, java.lang.Object, java.lang.Object, java.lang.Object, java.lang.Object, int, int)'> (0x00000000e2df92b0) thrown at [./src/hotspot/share/interpreter/linkResolver.cpp, line 773]
Event: 38.363 Thread 0x000002305a942000 Exception <a 'java/lang/NoSuchMethodError'{0x00000000e2c18f68}: 'java.lang.Object java.lang.invoke.DirectMethodHandle$Holder.invokeStatic(java.lang.Object, java.lang.Object, java.lang.Object, java.lang.Object, java.lang.Object, java.lang.Object, java.lang.Object, java.lang.Object, java.lang.Object, java.lang.Object, java.lang.Object, int, int, java.lang.Object)'> (0x00000000e2c18f68) thrown at [./src/hotspot/share/interpreter/linkResolver.cpp, line 773]
Event: 38.371 Thread 0x000002305a942000 Exception <a 'java/lang/NoSuchMethodError'{0x00000000e2c3a060}: 'java.lang.Object java.lang.invoke.DirectMethodHandle$Holder.invokeStatic(java.lang.Object, java.lang.Object, java.lang.Object, java.lang.Object, java.lang.Object, java.lang.Object, java.lang.Object, java.lang.Object, java.lang.Object, java.lang.Object, java.lang.Object, int, int, java.lang.Object, java.lang.Object)'> (0x00000000e2c3a060) thrown at [./src/hotspot/share/interpreter/linkResolver.cpp, line 773]
Event: 38.388 Thread 0x000002305a942000 Exception <a 'java/lang/ClassNotFoundException'{0x00000000e2c68d28}: groovy/lang/ExpandoMetaClassBeanInfo> (0x00000000e2c68d28) thrown at [./src/hotspot/share/classfile/systemDictionary.cpp, line 231]
Event: 38.397 Thread 0x000002305a942000 Exception <a 'java/lang/ClassNotFoundException'{0x00000000e2c87ee8}: groovy/lang/MetaClassImplBeanInfo> (0x00000000e2c87ee8) thrown at [./src/hotspot/share/classfile/systemDictionary.cpp, line 231]
Event: 38.398 Thread 0x000002305a942000 Exception <a 'java/lang/ClassNotFoundException'{0x00000000e2c90690}: java/lang/ObjectBeanInfo> (0x00000000e2c90690) thrown at [./src/hotspot/share/classfile/systemDictionary.cpp, line 231]
Event: 38.403 Thread 0x000002305a942000 Exception <a 'java/lang/ClassNotFoundException'{0x00000000e2c9b270}: java/lang/ObjectCustomizer> (0x00000000e2c9b270) thrown at [./src/hotspot/share/classfile/systemDictionary.cpp, line 231]
Event: 38.439 Thread 0x000002305a942000 Exception <a 'java/lang/ClassNotFoundException'{0x00000000e2cc0fd0}: groovy/lang/MetaClassImplCustomizer> (0x00000000e2cc0fd0) thrown at [./src/hotspot/share/classfile/systemDictionary.cpp, line 231]
Event: 38.448 Thread 0x000002305a942000 Exception <a 'java/lang/ClassNotFoundException'{0x00000000e2cffbb0}: groovy/lang/ExpandoMetaClassCustomizer> (0x00000000e2cffbb0) thrown at [./src/hotspot/share/classfile/systemDictionary.cpp, line 231]

Events (20 events):
Event: 38.444 loading class java/util/Hashtable$EntrySet done
Event: 38.446 loading class groovy/lang/ExpandoMetaClassCustomizer
Event: 38.446 loading class groovy/lang/ExpandoMetaClassCustomizer done
Event: 38.447 loading class groovy/lang/ExpandoMetaClassCustomizer
Event: 38.447 loading class groovy/lang/ExpandoMetaClassCustomizer done
Event: 38.447 loading class groovy/lang/ExpandoMetaClassCustomizer
Event: 38.447 loading class groovy/lang/ExpandoMetaClassCustomizer done
Event: 38.453 loading class org/codehaus/groovy/reflection/CachedField
Event: 38.453 loading class org/codehaus/groovy/reflection/CachedField done
Event: 38.453 loading class org/codehaus/groovy/reflection/CachedField
Event: 38.453 loading class org/codehaus/groovy/reflection/CachedField done
Event: 38.453 loading class org/codehaus/groovy/reflection/CachedClass$1
Event: 38.453 loading class org/codehaus/groovy/reflection/CachedClass$1 done
Event: 38.456 loading class org/codehaus/groovy/reflection/CachedField
Event: 38.456 loading class org/codehaus/groovy/reflection/CachedField done
Event: 38.456 loading class org/codehaus/groovy/reflection/CachedField
Event: 38.456 loading class org/codehaus/groovy/reflection/CachedField done
Event: 38.457 loading class org/codehaus/groovy/util/ComplexKeyHashMap$1
Event: 38.457 loading class org/codehaus/groovy/util/ComplexKeyHashMap$1 done
Event: 38.461 loading class java/util/concurrent/locks/ReentrantReadWriteLock


Dynamic libraries:
0x00007ff7e9c10000 - 0x00007ff7e9c1a000 	C:\Users\felip\OneDrive\Desktop\android-studio\jre\bin\java.exe
0x00007ff9eee70000 - 0x00007ff9ef065000 	C:\Windows\SYSTEM32\ntdll.dll
0x00007ff9e0a50000 - 0x00007ff9e0a66000 	C:\Program Files\Avast Software\Avast\aswhook.dll
0x00007ff9ecec0000 - 0x00007ff9ecf7e000 	C:\Windows\System32\KERNEL32.DLL
0x00007ff9ec870000 - 0x00007ff9ecb38000 	C:\Windows\System32\KERNELBASE.dll
0x00007ff9ec6d0000 - 0x00007ff9ec7d0000 	C:\Windows\System32\ucrtbase.dll
0x00007ff9d66e0000 - 0x00007ff9d66f9000 	C:\Users\felip\OneDrive\Desktop\android-studio\jre\bin\jli.dll
0x00007ff9eec80000 - 0x00007ff9eee21000 	C:\Windows\System32\USER32.dll
0x00007ff9ece90000 - 0x00007ff9eceb2000 	C:\Windows\System32\win32u.dll
0x00007ff9ee350000 - 0x00007ff9ee37b000 	C:\Windows\System32\GDI32.dll
0x00007ff9ecd00000 - 0x00007ff9ece0b000 	C:\Windows\System32\gdi32full.dll
0x00007ff9ec7d0000 - 0x00007ff9ec86d000 	C:\Windows\System32\msvcp_win.dll
0x00007ff9d6540000 - 0x00007ff9d6557000 	C:\Users\felip\OneDrive\Desktop\android-studio\jre\bin\VCRUNTIME140.dll
0x00007ff9e0400000 - 0x00007ff9e069a000 	C:\Windows\WinSxS\amd64_microsoft.windows.common-controls_6595b64144ccf1df_6.0.19041.1110_none_60b5254171f9507e\COMCTL32.dll
0x00007ff9ed270000 - 0x00007ff9ed30e000 	C:\Windows\System32\msvcrt.dll
0x00007ff9ed690000 - 0x00007ff9ed6c0000 	C:\Windows\System32\IMM32.DLL
0x00007ff9c3a70000 - 0x00007ff9c3b0d000 	C:\Users\felip\OneDrive\Desktop\android-studio\jre\bin\msvcp140.dll
0x00007ff9b85d0000 - 0x00007ff9b90a5000 	C:\Users\felip\OneDrive\Desktop\android-studio\jre\bin\server\jvm.dll
0x00007ff9ee600000 - 0x00007ff9ee6ac000 	C:\Windows\System32\ADVAPI32.dll
0x00007ff9ed6c0000 - 0x00007ff9ed75b000 	C:\Windows\System32\sechost.dll
0x00007ff9edec0000 - 0x00007ff9edfea000 	C:\Windows\System32\RPCRT4.dll
0x00007ff9ddaf0000 - 0x00007ff9ddaf9000 	C:\Windows\SYSTEM32\WSOCK32.dll
0x00007ff9e0a70000 - 0x00007ff9e0a7a000 	C:\Windows\SYSTEM32\VERSION.dll
0x00007ff9ee740000 - 0x00007ff9ee748000 	C:\Windows\System32\PSAPI.DLL
0x00007ff9d4c70000 - 0x00007ff9d4c97000 	C:\Windows\SYSTEM32\WINMM.dll
0x00007ff9ee440000 - 0x00007ff9ee4ab000 	C:\Windows\System32\WS2_32.dll
0x00007ff9ea3b0000 - 0x00007ff9ea3c2000 	C:\Windows\SYSTEM32\kernel.appcore.dll
0x00007ff9e5910000 - 0x00007ff9e5921000 	C:\Users\felip\OneDrive\Desktop\android-studio\jre\bin\verify.dll
0x00007ff9e0860000 - 0x00007ff9e0a44000 	C:\Windows\SYSTEM32\DBGHELP.DLL
0x00007ff9e0830000 - 0x00007ff9e085c000 	C:\Windows\SYSTEM32\dbgcore.DLL
0x00007ff9ec590000 - 0x00007ff9ec613000 	C:\Windows\System32\bcryptPrimitives.dll
0x00007ff9e58c0000 - 0x00007ff9e58e9000 	C:\Users\felip\OneDrive\Desktop\android-studio\jre\bin\java.dll
0x00007ff9e80f0000 - 0x00007ff9e80fb000 	C:\Users\felip\OneDrive\Desktop\android-studio\jre\bin\jimage.dll
0x00007ff9d67f0000 - 0x00007ff9d6808000 	C:\Users\felip\OneDrive\Desktop\android-studio\jre\bin\zip.dll
0x00007ff9ed760000 - 0x00007ff9ede9f000 	C:\Windows\System32\SHELL32.dll
0x00007ff9ea690000 - 0x00007ff9eae20000 	C:\Windows\SYSTEM32\windows.storage.dll
0x00007ff9edff0000 - 0x00007ff9ee345000 	C:\Windows\System32\combase.dll
0x00007ff9ebf10000 - 0x00007ff9ebf3e000 	C:\Windows\SYSTEM32\Wldp.dll
0x00007ff9ee750000 - 0x00007ff9ee7fd000 	C:\Windows\System32\SHCORE.dll
0x00007ff9ed130000 - 0x00007ff9ed185000 	C:\Windows\System32\shlwapi.dll
0x00007ff9ec4d0000 - 0x00007ff9ec4ef000 	C:\Windows\SYSTEM32\profapi.dll
0x00007ff9d6660000 - 0x00007ff9d667a000 	C:\Users\felip\OneDrive\Desktop\android-studio\jre\bin\net.dll
0x00007ff9e37b0000 - 0x00007ff9e38bc000 	C:\Windows\SYSTEM32\WINHTTP.dll
0x00007ff9ebc70000 - 0x00007ff9ebcda000 	C:\Windows\system32\mswsock.dll
0x00007ff9d62e0000 - 0x00007ff9d62f4000 	C:\Users\felip\OneDrive\Desktop\android-studio\jre\bin\nio.dll
0x00007ff9d6700000 - 0x00007ff9d6727000 	C:\Users\felip\.gradle\native\8bec1ad78214c89d9ad589b4d07fe93259594b29d510b10fafb7a158f7737e5d\windows-amd64\native-platform.dll
0x00007ff9c5780000 - 0x00007ff9c58bd000 	C:\Users\felip\.gradle\native\53dbd7edfb1c66fb8903c78663c9afc45aea4f116125fa6feffd364cf09443e8\windows-amd64\native-platform-file-events.dll
0x00007ff9e8000000 - 0x00007ff9e800a000 	C:\Users\felip\OneDrive\Desktop\android-studio\jre\bin\management.dll
0x00007ff9e57b0000 - 0x00007ff9e57bd000 	C:\Users\felip\OneDrive\Desktop\android-studio\jre\bin\management_ext.dll
0x00007ff9ebe70000 - 0x00007ff9ebe88000 	C:\Windows\SYSTEM32\CRYPTSP.dll
0x00007ff9eb5f0000 - 0x00007ff9eb624000 	C:\Windows\system32\rsaenh.dll
0x00007ff9ece60000 - 0x00007ff9ece87000 	C:\Windows\System32\bcrypt.dll
0x00007ff9ec450000 - 0x00007ff9ec47e000 	C:\Windows\SYSTEM32\USERENV.dll
0x00007ff9ebe60000 - 0x00007ff9ebe6c000 	C:\Windows\SYSTEM32\CRYPTBASE.dll
0x00007ff9eb960000 - 0x00007ff9eb99b000 	C:\Windows\SYSTEM32\IPHLPAPI.DLL
0x00007ff9ee380000 - 0x00007ff9ee388000 	C:\Windows\System32\NSI.dll
0x00007ff9e6bc0000 - 0x00007ff9e6bd7000 	C:\Windows\SYSTEM32\dhcpcsvc6.DLL
0x00007ff9e5c80000 - 0x00007ff9e5c9d000 	C:\Windows\SYSTEM32\dhcpcsvc.DLL
0x00007ff9eb9a0000 - 0x00007ff9eba6b000 	C:\Windows\SYSTEM32\DNSAPI.dll

dbghelp: loaded successfully - version: 4.0.5 - missing functions: none
symbol engine: initialized successfully - sym options: 0x614 - pdb path: .;C:\Users\felip\OneDrive\Desktop\android-studio\jre\bin;C:\Windows\SYSTEM32;C:\Program Files\Avast Software\Avast;C:\Windows\WinSxS\amd64_microsoft.windows.common-controls_6595b64144ccf1df_6.0.19041.1110_none_60b5254171f9507e;C:\Users\felip\OneDrive\Desktop\android-studio\jre\bin\server;C:\Users\felip\.gradle\native\8bec1ad78214c89d9ad589b4d07fe93259594b29d510b10fafb7a158f7737e5d\windows-amd64;C:\Users\felip\.gradle\native\53dbd7edfb1c66fb8903c78663c9afc45aea4f116125fa6feffd364cf09443e8\windows-amd64

VM Arguments:
jvm_args: --add-opens=java.base/java.util=ALL-UNNAMED --add-opens=java.base/java.lang=ALL-UNNAMED --add-opens=java.base/java.lang.invoke=ALL-UNNAMED --add-opens=java.base/java.util=ALL-UNNAMED --add-opens=java.prefs/java.util.prefs=ALL-UNNAMED --add-opens=java.prefs/java.util.prefs=ALL-UNNAMED --add-opens=java.base/java.nio.charset=ALL-UNNAMED --add-opens=java.base/java.net=ALL-UNNAMED --add-opens=java.base/java.util.concurrent.atomic=ALL-UNNAMED -Xmx512m -Dfile.encoding=UTF-8 -Duser.country=US -Duser.language=en -Duser.variant 
java_command: org.gradle.launcher.daemon.bootstrap.GradleDaemon 7.0.2
java_class_path (initial): C:\Users\felip\.gradle\wrapper\dists\gradle-7.0.2-bin\857tjihv64xamwrf0h14cai3r\gradle-7.0.2\lib\gradle-launcher-7.0.2.jar
Launcher Type: SUN_STANDARD

[Global flags]
     intx CICompilerCount                          = 2                                         {product} {ergonomic}
     uint ConcGCThreads                            = 1                                         {product} {ergonomic}
     uint G1ConcRefinementThreads                  = 2                                         {product} {ergonomic}
   size_t G1HeapRegionSize                         = 1048576                                   {product} {ergonomic}
    uintx GCDrainStackTargetSize                   = 64                                        {product} {ergonomic}
   size_t InitialHeapSize                          = 67108864                                  {product} {ergonomic}
   size_t MarkStackSize                            = 4194304                                   {product} {ergonomic}
   size_t MaxHeapSize                              = 536870912                                 {product} {command line}
   size_t MaxNewSize                               = 321912832                                 {product} {ergonomic}
   size_t MinHeapDeltaBytes                        = 1048576                                   {product} {ergonomic}
    uintx NonNMethodCodeHeapSize                   = 5825164                                {pd product} {ergonomic}
    uintx NonProfiledCodeHeapSize                  = 122916538                              {pd product} {ergonomic}
    uintx ProfiledCodeHeapSize                     = 122916538                              {pd product} {ergonomic}
    uintx ReservedCodeCacheSize                    = 251658240                              {pd product} {ergonomic}
     bool SegmentedCodeCache                       = true                                      {product} {ergonomic}
     bool UseCompressedClassPointers               = true                                 {lp64_product} {ergonomic}
     bool UseCompressedOops                        = true                                 {lp64_product} {ergonomic}
     bool UseG1GC                                  = true                                      {product} {ergonomic}
     bool UseLargePagesIndividualAllocation        = false                                  {pd product} {ergonomic}

Logging:
Log output configuration:
 #0: stdout all=warning uptime,level,tags
 #1: stderr all=off uptime,level,tags

Environment Variables:
PATH=C:\Program Files\Common Files\Oracle\Java\javapath;C:\Program Files (x86)\Common Files\Oracle\Java\javapath;C:\Windows\system32;C:\Windows;C:\Windows\System32\Wbem;C:\Windows\System32\WindowsPowerShell\v1.0\;C:\Windows\System32\OpenSSH\;C:\ProgramData\chocolatey\bin;C:\Program Files (x86)\Yarn\bin\;C:\Program Files\Git\cmd;C:\Program Files\nodejs\;C:\Users\felip\AppData\Local\Microsoft\WindowsApps;C:\Users\felip\AppData\Local\Programs\Microsoft VS Code\bin;C:\Users\felip\AppData\Local\Yarn\bin;C:\Users\felip\AppData\Local\GitHubDesktop\bin;C:\Users\felip\AppData\Roaming\npm
USERNAME=felip
OS=Windows_NT
PROCESSOR_IDENTIFIER=Intel64 Family 6 Model 23 Stepping 10, GenuineIntel



---------------  S Y S T E M  ---------------

OS: Windows 10 , 64 bit Build 19041 (10.0.19041.1348)
OS uptime: 4 days 13:06 hours

CPU:total 2 (initial active 2) (2 cores per cpu, 1 threads per core) family 6 model 23 stepping 10 microcode 0xa0c, cmov, cx8, fxsr, mmx, sse, sse2, sse3, ssse3, tsc

Memory: 4k page, system-wide physical 4061M (37M free)
TotalPageFile size 4061M (AvailPageFile size 5M)
current process WorkingSet (physical memory assigned to process): 176M, peak: 176M
current process commit charge ("private bytes"): 205M, peak: 206M

vm_info: OpenJDK 64-Bit Server VM (11.0.11+9-b60-7590822) for windows-amd64 JRE (11.0.11+9-b60-7590822), built on Jul 29 2021 21:43:44 by "builder" with MS VC++ 14.0 (VS2015)

END.
