#
# There is insufficient memory for the Java Runtime Environment to continue.
# Native memory allocation (mmap) failed to map 24117248 bytes for Failed to commit area from 0x00000000e8000000 to 0x00000000e9700000 of length 24117248.
# Possible reasons:
#   The system is out of physical RAM or swap space
#   The process is running with CompressedOops enabled, and the Java Heap may be blocking the growth of the native heap
# Possible solutions:
#   Reduce memory load on the system
#   Increase physical memory or swap space
#   Check if swap backing store is full
#   Decrease Java heap size (-Xmx/-Xms)
#   Decrease number of Java threads
#   Decrease Java thread stack sizes (-Xss)
#   Set larger code cache with -XX:ReservedCodeCacheSize=
#   JVM is running with Unscaled Compressed Oops mode in which the Java heap is
#     placed in the first 4GB address space. The Java Heap base address is the
#     maximum limit for the native heap growth. Please use -XX:HeapBaseMinAddress
#     to set the Java Heap base and to place the Java Heap above 4GB virtual address.
# This output file may be truncated or incomplete.
#
#  Out of Memory Error (./src/hotspot/os/windows/os_windows.cpp:3301), pid=5804, tid=8380
#
# JRE version: OpenJDK Runtime Environment (11.0.11+9) (build 11.0.11+9-b60-7590822)
# Java VM: OpenJDK 64-Bit Server VM (11.0.11+9-b60-7590822, mixed mode, tiered, compressed oops, g1 gc, windows-amd64)
# No core dump will be written. Minidumps are not enabled by default on client versions of Windows
#

---------------  S U M M A R Y ------------

Command Line: --add-opens=java.base/java.util=ALL-UNNAMED --add-opens=java.base/java.lang=ALL-UNNAMED --add-opens=java.base/java.lang.invoke=ALL-UNNAMED --add-opens=java.base/java.util=ALL-UNNAMED --add-opens=java.prefs/java.util.prefs=ALL-UNNAMED --add-opens=java.prefs/java.util.prefs=ALL-UNNAMED --add-opens=java.base/java.nio.charset=ALL-UNNAMED --add-opens=java.base/java.net=ALL-UNNAMED --add-opens=java.base/java.util.concurrent.atomic=ALL-UNNAMED -Xmx512m -Dfile.encoding=UTF-8 -Duser.country=US -Duser.language=en -Duser.variant org.gradle.launcher.daemon.bootstrap.GradleDaemon 7.0.2

Host: Celeron(R) Dual-Core CPU       T3500  @ 2.10GHz, 2 cores, 3G,  Windows 10 , 64 bit Build 19041 (10.0.19041.1348)
Time: Mon Dec  6 14:30:56 2021 E. South America Standard Time elapsed time: 192.028801 seconds (0d 0h 3m 12s)

---------------  T H R E A D  ---------------

Current thread (0x000001e5fcb53000):  VMThread "VM Thread" [stack: 0x0000001d61700000,0x0000001d61800000] [id=8380]

Stack: [0x0000001d61700000,0x0000001d61800000]
[error occurred during error reporting (printing stack bounds), id 0xc0000005, EXCEPTION_ACCESS_VIOLATION (0xc0000005) at pc=0x000001e580000f3d]

Native frames: (J=compiled Java code, j=interpreted, Vv=VM code, C=native code)
V  [jvm.dll+0x5f214a]
V  [jvm.dll+0x726fb5]
V  [jvm.dll+0x7285cd]
V  [jvm.dll+0x728be5]
V  [jvm.dll+0x728b9b]
V  [jvm.dll+0x5f14e8]
V  [jvm.dll+0x5f1c78]
C  [ntdll.dll+0xa20cf]
C  [ntdll.dll+0x51454]
C  [ntdll.dll+0xa0bfe]
C  0x000001e580000f3d

VM_Operation (0x0000001d60ef9b90): G1CollectForAllocation, mode: safepoint, requested by thread 0x000001e5ff234000


---------------  P R O C E S S  ---------------

Threads class SMR info:
_java_thread_list=0x000001e594ed9c30, length=43, elements={
0x000001e5f35f4000, 0x000001e5fcb78000, 0x000001e5fcb82000, 0x000001e5fcbd4800,
0x000001e5fcbd5800, 0x000001e5fcbd8000, 0x000001e5fcbe2800, 0x000001e5fcbe4000,
0x000001e5fcc1d800, 0x000001e5fce40000, 0x000001e5fd690000, 0x000001e5fde0d800,
0x000001e5ff25b800, 0x000001e5fdf96000, 0x000001e5fdf97000, 0x000001e5fd0ff800,
0x000001e5fe4ea800, 0x000001e5fe4eb000, 0x000001e5fe5a1000, 0x000001e5fe59f800,
0x000001e5fe5a0000, 0x000001e5fe59e800, 0x000001e5ff22b000, 0x000001e5ff226800,
0x000001e5ff227800, 0x000001e5ff228800, 0x000001e5ff225000, 0x000001e5ff22b800,
0x000001e5ff226000, 0x000001e5ff232000, 0x000001e5ff22c800, 0x000001e5ff22f800,
0x000001e5ff233000, 0x000001e5ff22d800, 0x000001e5ff234000, 0x000001e5ff22e000,
0x000001e58ffa7800, 0x000001e58ffa5000, 0x000001e58ffa9000, 0x000001e58ffa8800,
0x000001e58ffa4000, 0x000001e58ffac800, 0x000001e58ffa6800
}

Java Threads: ( => current thread )
  0x000001e5f35f4000 JavaThread "main" [_thread_blocked, id=7304, stack(0x0000001d61100000,0x0000001d61200000)]
  0x000001e5fcb78000 JavaThread "Reference Handler" daemon [_thread_blocked, id=9740, stack(0x0000001d61800000,0x0000001d61900000)]
  0x000001e5fcb82000 JavaThread "Finalizer" daemon [_thread_blocked, id=10172, stack(0x0000001d61900000,0x0000001d61a00000)]
  0x000001e5fcbd4800 JavaThread "Signal Dispatcher" daemon [_thread_blocked, id=4424, stack(0x0000001d61a00000,0x0000001d61b00000)]
  0x000001e5fcbd5800 JavaThread "Attach Listener" daemon [_thread_blocked, id=1764, stack(0x0000001d61b00000,0x0000001d61c00000)]
  0x000001e5fcbd8000 JavaThread "Service Thread" daemon [_thread_blocked, id=4908, stack(0x0000001d61c00000,0x0000001d61d00000)]
  0x000001e5fcbe2800 JavaThread "C2 CompilerThread0" daemon [_thread_blocked, id=9952, stack(0x0000001d61d00000,0x0000001d61e00000)]
  0x000001e5fcbe4000 JavaThread "C1 CompilerThread0" daemon [_thread_blocked, id=6164, stack(0x0000001d61e00000,0x0000001d61f00000)]
  0x000001e5fcc1d800 JavaThread "Sweeper thread" daemon [_thread_blocked, id=8360, stack(0x0000001d61f00000,0x0000001d62000000)]
  0x000001e5fce40000 JavaThread "Common-Cleaner" daemon [_thread_blocked, id=7984, stack(0x0000001d62000000,0x0000001d62100000)]
  0x000001e5fd690000 JavaThread "Daemon health stats" [_thread_blocked, id=8224, stack(0x0000001d62300000,0x0000001d62400000)]
  0x000001e5fde0d800 JavaThread "Incoming local TCP Connector on port 5982" [_thread_in_native, id=952, stack(0x0000001d62400000,0x0000001d62500000)]
  0x000001e5ff25b800 JavaThread "Daemon periodic checks" [_thread_blocked, id=6048, stack(0x0000001d62500000,0x0000001d62600000)]
  0x000001e5fdf96000 JavaThread "Daemon" [_thread_blocked, id=2980, stack(0x0000001d62600000,0x0000001d62700000)]
  0x000001e5fdf97000 JavaThread "Handler for socket connection from /127.0.0.1:5982 to /127.0.0.1:5983" [_thread_in_native, id=1104, stack(0x0000001d62700000,0x0000001d62800000)]
  0x000001e5fd0ff800 JavaThread "Cancel handler" [_thread_blocked, id=9144, stack(0x0000001d62800000,0x0000001d62900000)]
  0x000001e5fe4ea800 JavaThread "Daemon worker" [_thread_blocked, id=6104, stack(0x0000001d62900000,0x0000001d62a00000)]
  0x000001e5fe4eb000 JavaThread "Asynchronous log dispatcher for DefaultDaemonConnection: socket connection from /127.0.0.1:5982 to /127.0.0.1:5983" [_thread_blocked, id=9916, stack(0x0000001d62a00000,0x0000001d62b00000)]
  0x000001e5fe5a1000 JavaThread "Daemon client event forwarder" [_thread_blocked, id=1048, stack(0x0000001d62c00000,0x0000001d62d00000)]
  0x000001e5fe59f800 JavaThread "Cache worker for file hash cache (C:\Users\felip\.gradle\caches\7.0.2\fileHashes)" [_thread_blocked, id=3852, stack(0x0000001d62d00000,0x0000001d62e00000)]
  0x000001e5fe5a0000 JavaThread "File lock request listener" [_thread_in_native, id=1312, stack(0x0000001d62e00000,0x0000001d62f00000)]
  0x000001e5fe59e800 JavaThread "Cache worker for journal cache (C:\Users\felip\.gradle\caches\journal-1)" [_thread_blocked, id=1748, stack(0x0000001d62f00000,0x0000001d63000000)]
  0x000001e5ff22b000 JavaThread "Cache worker for file hash cache (C:\Users\felip\AndroidStudioProjects\VideoApp\.gradle\7.0.2\fileHashes)" [_thread_blocked, id=9684, stack(0x0000001d63000000,0x0000001d63100000)]
  0x000001e5ff226800 JavaThread "File watcher server" daemon [_thread_blocked, id=1036, stack(0x0000001d63100000,0x0000001d63200000)]
  0x000001e5ff227800 JavaThread "File watcher consumer" daemon [_thread_blocked, id=7416, stack(0x0000001d63200000,0x0000001d63300000)]
  0x000001e5ff228800 JavaThread "Cache worker for checksums cache (C:\Users\felip\AndroidStudioProjects\VideoApp\.gradle\checksums)" [_thread_blocked, id=6168, stack(0x0000001d63300000,0x0000001d63400000)]
  0x000001e5ff225000 JavaThread "Cache worker for cache directory md-supplier (C:\Users\felip\.gradle\caches\7.0.2\md-supplier)" [_thread_blocked, id=6680, stack(0x0000001d63400000,0x0000001d63500000)]
  0x000001e5ff22b800 JavaThread "Cache worker for cache directory md-rule (C:\Users\felip\.gradle\caches\7.0.2\md-rule)" [_thread_blocked, id=9240, stack(0x0000001d63500000,0x0000001d63600000)]
  0x000001e5ff226000 JavaThread "Cache worker for execution history cache (C:\Users\felip\.gradle\caches\7.0.2\executionHistory)" [_thread_blocked, id=7036, stack(0x0000001d63600000,0x0000001d63700000)]
  0x000001e5ff232000 JavaThread "jar transforms" [_thread_blocked, id=9964, stack(0x0000001d63700000,0x0000001d63800000)]
  0x000001e5ff22c800 JavaThread "jar transforms Thread 2" [_thread_blocked, id=2160, stack(0x0000001d63800000,0x0000001d63900000)]
  0x000001e5ff22f800 JavaThread "Cache worker for file content cache (C:\Users\felip\.gradle\caches\7.0.2\fileContent)" [_thread_blocked, id=6856, stack(0x0000001d63900000,0x0000001d63a00000)]
  0x000001e5ff233000 JavaThread "Cache worker for dependencies-accessors (C:\Users\felip\AndroidStudioProjects\VideoApp\.gradle\7.0.2\dependencies-accessors)" [_thread_blocked, id=9928, stack(0x0000001d63a00000,0x0000001d63b00000)]
  0x000001e5ff22d800 JavaThread "Cache worker for Build Output Cleanup Cache (C:\Users\felip\AndroidStudioProjects\VideoApp\.gradle\buildOutputCleanup)" [_thread_blocked, id=6252, stack(0x0000001d63d00000,0x0000001d63e00000)]
  0x000001e5ff234000 JavaThread "Build operations" [_thread_blocked, id=4348, stack(0x0000001d60e00000,0x0000001d60f00000)]
  0x000001e5ff22e000 JavaThread "Build operations Thread 2" [_thread_blocked, id=1720, stack(0x0000001d60f00000,0x0000001d61000000)]
  0x000001e58ffa7800 JavaThread "Memory manager" [_thread_blocked, id=8908, stack(0x0000001d61000000,0x0000001d61100000)]
  0x000001e58ffa5000 JavaThread "build event listener" [_thread_blocked, id=5648, stack(0x0000001d62b00000,0x0000001d62c00000)]
  0x000001e58ffa9000 JavaThread "build event listener" [_thread_blocked, id=8768, stack(0x0000001d63e00000,0x0000001d63f00000)]
  0x000001e58ffa8800 JavaThread "Execution worker for ':'" [_thread_blocked, id=7980, stack(0x0000001d63f00000,0x0000001d64000000)]
  0x000001e58ffa4000 JavaThread "Cache worker for execution history cache (C:\Users\felip\AndroidStudioProjects\VideoApp\.gradle\7.0.2\executionHistory)" [_thread_blocked, id=7256, stack(0x0000001d64000000,0x0000001d64100000)]
  0x000001e58ffac800 JavaThread "WorkerExecutor Queue" [_thread_blocked, id=7820, stack(0x0000001d63b00000,0x0000001d63c00000)]
  0x000001e58ffa6800 JavaThread "WorkerExecutor Queue Thread 2" [_thread_blocked, id=7060, stack(0x0000001d64100000,0x0000001d64200000)]

Other Threads:
=>0x000001e5fcb53000 VMThread "VM Thread" [stack: 0x0000001d61700000,0x0000001d61800000] [id=8380]
  0x000001e5fce6e000 WatcherThread [stack: 0x0000001d62100000,0x0000001d62200000] [id=8344]
  0x000001e5f360d800 GCTaskThread "GC Thread#0" [stack: 0x0000001d61200000,0x0000001d61300000] [id=9344]
  0x000001e5fcf6d800 GCTaskThread "GC Thread#1" [stack: 0x0000001d62200000,0x0000001d62300000] [id=4448]
  0x000001e5f361d800 ConcurrentGCThread "G1 Main Marker" [stack: 0x0000001d61300000,0x0000001d61400000] [id=7832]
  0x000001e5f361f000 ConcurrentGCThread "G1 Conc#0" [stack: 0x0000001d61400000,0x0000001d61500000] [id=4396]
  0x000001e5f366c000 ConcurrentGCThread "G1 Refine#0" [stack: 0x0000001d61500000,0x0000001d61600000] [id=4944]
  0x000001e5f366d000 ConcurrentGCThread "G1 Young RemSet Sampling" [stack: 0x0000001d61600000,0x0000001d61700000] [id=1568]

Threads with active compile tasks:
C2 CompilerThread0 192694 12444       4       com.android.tools.r8.graph.j0$m::h (64 bytes)

VM state:at safepoint (normal execution)

VM Mutex/Monitor currently owned by a thread:  ([mutex/lock_event])
[0x000001e5f35f04d0] Threads_lock - owner thread: 0x000001e5fcb53000
[0x000001e5f35f0320] Heap_lock - owner thread: 0x000001e5ff234000

Heap address: 0x00000000e0000000, size: 512 MB, Compressed Oops mode: 32-bit
Narrow klass base: 0x0000000000000000, Narrow klass shift: 3
Compressed class space size: 1073741824 Address: 0x0000000100000000

Heap:
 garbage-first heap   total 154624K, used 116911K [0x00000000e0000000, 0x0000000100000000)
  region size 1024K, 1 young (1024K), 1 survivors (1024K)
 Metaspace       used 98977K, capacity 101124K, committed 101372K, reserved 1136640K
  class space    used 12569K, capacity 13366K, committed 13440K, reserved 1048576K
Heap Regions: E=young(eden), S=young(survivor), O=old, HS=humongous(starts), HC=humongous(continues), CS=collection set, F=free, A=archive, TAMS=top-at-mark-start (previous, next)
|   0|0x00000000e0000000, 0x00000000e0100000, 0x00000000e0100000|100%| O|  |TAMS 0x00000000e0100000, 0x00000000e0100000| Untracked 
|   1|0x00000000e0100000, 0x00000000e0200000, 0x00000000e0200000|100%| O|  |TAMS 0x00000000e0200000, 0x00000000e0200000| Untracked 
|   2|0x00000000e0200000, 0x00000000e0300000, 0x00000000e0300000|100%| O|  |TAMS 0x00000000e0300000, 0x00000000e0300000| Untracked 
|   3|0x00000000e0300000, 0x00000000e0400000, 0x00000000e0400000|100%| O|  |TAMS 0x00000000e0400000, 0x00000000e0400000| Untracked 
|   4|0x00000000e0400000, 0x00000000e0500000, 0x00000000e0500000|100%|HS|  |TAMS 0x00000000e0500000, 0x00000000e0500000| Complete 
|   5|0x00000000e0500000, 0x00000000e0600000, 0x00000000e0600000|100%|HC|  |TAMS 0x00000000e0600000, 0x00000000e0600000| Complete 
|   6|0x00000000e0600000, 0x00000000e0700000, 0x00000000e0700000|100%|HC|  |TAMS 0x00000000e0700000, 0x00000000e0700000| Complete 
|   7|0x00000000e0700000, 0x00000000e0800000, 0x00000000e0800000|100%| O|  |TAMS 0x00000000e0800000, 0x00000000e0800000| Untracked 
|   8|0x00000000e0800000, 0x00000000e0900000, 0x00000000e0900000|100%| O|  |TAMS 0x00000000e0900000, 0x00000000e0900000| Untracked 
|   9|0x00000000e0900000, 0x00000000e0a00000, 0x00000000e0a00000|100%| O|  |TAMS 0x00000000e0a00000, 0x00000000e0a00000| Untracked 
|  10|0x00000000e0a00000, 0x00000000e0b00000, 0x00000000e0b00000|100%| O|  |TAMS 0x00000000e0b00000, 0x00000000e0b00000| Untracked 
|  11|0x00000000e0b00000, 0x00000000e0c00000, 0x00000000e0c00000|100%| O|  |TAMS 0x00000000e0c00000, 0x00000000e0c00000| Untracked 
|  12|0x00000000e0c00000, 0x00000000e0d00000, 0x00000000e0d00000|100%| O|  |TAMS 0x00000000e0d00000, 0x00000000e0d00000| Untracked 
|  13|0x00000000e0d00000, 0x00000000e0e00000, 0x00000000e0e00000|100%| O|  |TAMS 0x00000000e0e00000, 0x00000000e0e00000| Untracked 
|  14|0x00000000e0e00000, 0x00000000e0f00000, 0x00000000e0f00000|100%| O|  |TAMS 0x00000000e0f00000, 0x00000000e0f00000| Untracked 
|  15|0x00000000e0f00000, 0x00000000e1000000, 0x00000000e1000000|100%| O|  |TAMS 0x00000000e1000000, 0x00000000e1000000| Untracked 
|  16|0x00000000e1000000, 0x00000000e1100000, 0x00000000e1100000|100%| O|  |TAMS 0x00000000e1100000, 0x00000000e1100000| Untracked 
|  17|0x00000000e1100000, 0x00000000e1200000, 0x00000000e1200000|100%| O|  |TAMS 0x00000000e1200000, 0x00000000e1200000| Untracked 
|  18|0x00000000e1200000, 0x00000000e1300000, 0x00000000e1300000|100%| O|  |TAMS 0x00000000e1300000, 0x00000000e1300000| Untracked 
|  19|0x00000000e1300000, 0x00000000e1400000, 0x00000000e1400000|100%| O|  |TAMS 0x00000000e1400000, 0x00000000e1400000| Untracked 
|  20|0x00000000e1400000, 0x00000000e1500000, 0x00000000e1500000|100%| O|  |TAMS 0x00000000e1500000, 0x00000000e1500000| Untracked 
|  21|0x00000000e1500000, 0x00000000e1600000, 0x00000000e1600000|100%| O|  |TAMS 0x00000000e1600000, 0x00000000e1600000| Untracked 
|  22|0x00000000e1600000, 0x00000000e1700000, 0x00000000e1700000|100%| O|  |TAMS 0x00000000e1700000, 0x00000000e1700000| Untracked 
|  23|0x00000000e1700000, 0x00000000e1800000, 0x00000000e1800000|100%| O|  |TAMS 0x00000000e1800000, 0x00000000e1800000| Untracked 
|  24|0x00000000e1800000, 0x00000000e1900000, 0x00000000e1900000|100%| O|  |TAMS 0x00000000e1900000, 0x00000000e1900000| Untracked 
|  25|0x00000000e1900000, 0x00000000e1a00000, 0x00000000e1a00000|100%| O|  |TAMS 0x00000000e1a00000, 0x00000000e1a00000| Untracked 
|  26|0x00000000e1a00000, 0x00000000e1b00000, 0x00000000e1b00000|100%| O|  |TAMS 0x00000000e1b00000, 0x00000000e1b00000| Untracked 
|  27|0x00000000e1b00000, 0x00000000e1c00000, 0x00000000e1c00000|100%| O|  |TAMS 0x00000000e1c00000, 0x00000000e1c00000| Untracked 
|  28|0x00000000e1c00000, 0x00000000e1d00000, 0x00000000e1d00000|100%|HS|  |TAMS 0x00000000e1d00000, 0x00000000e1d00000| Complete 
|  29|0x00000000e1d00000, 0x00000000e1e00000, 0x00000000e1e00000|100%| O|  |TAMS 0x00000000e1e00000, 0x00000000e1e00000| Untracked 
|  30|0x00000000e1e00000, 0x00000000e1f00000, 0x00000000e1f00000|100%| O|  |TAMS 0x00000000e1f00000, 0x00000000e1f00000| Untracked 
|  31|0x00000000e1f00000, 0x00000000e2000000, 0x00000000e2000000|100%| O|  |TAMS 0x00000000e2000000, 0x00000000e2000000| Untracked 
|  32|0x00000000e2000000, 0x00000000e2100000, 0x00000000e2100000|100%| O|  |TAMS 0x00000000e2000000, 0x00000000e2100000| Untracked 
|  33|0x00000000e2100000, 0x00000000e2200000, 0x00000000e2200000|100%|HS|  |TAMS 0x00000000e2200000, 0x00000000e2200000| Complete 
|  34|0x00000000e2200000, 0x00000000e2300000, 0x00000000e2300000|100%|HS|  |TAMS 0x00000000e2300000, 0x00000000e2300000| Complete 
|  35|0x00000000e2300000, 0x00000000e2400000, 0x00000000e2400000|100%| O|  |TAMS 0x00000000e2400000, 0x00000000e2400000| Untracked 
|  36|0x00000000e2400000, 0x00000000e2500000, 0x00000000e2500000|100%|HS|  |TAMS 0x00000000e2500000, 0x00000000e2500000| Complete 
|  37|0x00000000e2500000, 0x00000000e2600000, 0x00000000e2600000|100%|HC|  |TAMS 0x00000000e2600000, 0x00000000e2600000| Complete 
|  38|0x00000000e2600000, 0x00000000e2700000, 0x00000000e2700000|100%|HC|  |TAMS 0x00000000e2700000, 0x00000000e2700000| Complete 
|  39|0x00000000e2700000, 0x00000000e2800000, 0x00000000e2800000|100%| O|  |TAMS 0x00000000e2800000, 0x00000000e2800000| Untracked 
|  40|0x00000000e2800000, 0x00000000e2900000, 0x00000000e2900000|100%| O|  |TAMS 0x00000000e2900000, 0x00000000e2900000| Untracked 
|  41|0x00000000e2900000, 0x00000000e2a00000, 0x00000000e2a00000|100%|HS|  |TAMS 0x00000000e2a00000, 0x00000000e2a00000| Complete 
|  42|0x00000000e2a00000, 0x00000000e2b00000, 0x00000000e2b00000|100%|HC|  |TAMS 0x00000000e2b00000, 0x00000000e2b00000| Complete 
|  43|0x00000000e2b00000, 0x00000000e2c00000, 0x00000000e2c00000|100%| O|  |TAMS 0x00000000e2c00000, 0x00000000e2c00000| Untracked 
|  44|0x00000000e2c00000, 0x00000000e2d00000, 0x00000000e2d00000|100%| O|  |TAMS 0x00000000e2d00000, 0x00000000e2d00000| Untracked 
|  45|0x00000000e2d00000, 0x00000000e2e00000, 0x00000000e2e00000|100%| O|  |TAMS 0x00000000e2e00000, 0x00000000e2e00000| Untracked 
|  46|0x00000000e2e00000, 0x00000000e2f00000, 0x00000000e2f00000|100%| O|  |TAMS 0x00000000e2f00000, 0x00000000e2f00000| Untracked 
|  47|0x00000000e2f00000, 0x00000000e3000000, 0x00000000e3000000|100%| O|  |TAMS 0x00000000e3000000, 0x00000000e3000000| Untracked 
|  48|0x00000000e3000000, 0x00000000e3100000, 0x00000000e3100000|100%| O|  |TAMS 0x00000000e3100000, 0x00000000e3100000| Untracked 
|  49|0x00000000e3100000, 0x00000000e3200000, 0x00000000e3200000|100%| O|  |TAMS 0x00000000e3200000, 0x00000000e3200000| Untracked 
|  50|0x00000000e3200000, 0x00000000e3300000, 0x00000000e3300000|100%| O|  |TAMS 0x00000000e3300000, 0x00000000e3300000| Untracked 
|  51|0x00000000e3300000, 0x00000000e3400000, 0x00000000e3400000|100%| O|  |TAMS 0x00000000e3400000, 0x00000000e3400000| Untracked 
|  52|0x00000000e3400000, 0x00000000e3500000, 0x00000000e3500000|100%| O|  |TAMS 0x00000000e3500000, 0x00000000e3500000| Untracked 
|  53|0x00000000e3500000, 0x00000000e3600000, 0x00000000e3600000|100%| O|  |TAMS 0x00000000e3600000, 0x00000000e3600000| Untracked 
|  54|0x00000000e3600000, 0x00000000e3700000, 0x00000000e3700000|100%| O|  |TAMS 0x00000000e3700000, 0x00000000e3700000| Untracked 
|  55|0x00000000e3700000, 0x00000000e3800000, 0x00000000e3800000|100%| O|  |TAMS 0x00000000e3800000, 0x00000000e3800000| Untracked 
|  56|0x00000000e3800000, 0x00000000e3900000, 0x00000000e3900000|100%| O|  |TAMS 0x00000000e3900000, 0x00000000e3900000| Untracked 
|  57|0x00000000e3900000, 0x00000000e3a00000, 0x00000000e3a00000|100%| O|  |TAMS 0x00000000e3a00000, 0x00000000e3a00000| Untracked 
|  58|0x00000000e3a00000, 0x00000000e3b00000, 0x00000000e3b00000|100%| O|  |TAMS 0x00000000e3b00000, 0x00000000e3b00000| Untracked 
|  59|0x00000000e3b00000, 0x00000000e3c00000, 0x00000000e3c00000|100%| O|  |TAMS 0x00000000e3c00000, 0x00000000e3c00000| Untracked 
|  60|0x00000000e3c00000, 0x00000000e3d00000, 0x00000000e3d00000|100%| O|  |TAMS 0x00000000e3d00000, 0x00000000e3d00000| Untracked 
|  61|0x00000000e3d00000, 0x00000000e3e00000, 0x00000000e3e00000|100%| O|  |TAMS 0x00000000e3e00000, 0x00000000e3e00000| Untracked 
|  62|0x00000000e3e00000, 0x00000000e3f00000, 0x00000000e3f00000|100%| O|  |TAMS 0x00000000e3f00000, 0x00000000e3f00000| Untracked 
|  63|0x00000000e3f00000, 0x00000000e4000000, 0x00000000e4000000|100%| O|  |TAMS 0x00000000e4000000, 0x00000000e4000000| Untracked 
|  64|0x00000000e4000000, 0x00000000e4100000, 0x00000000e4100000|100%| O|  |TAMS 0x00000000e4100000, 0x00000000e4100000| Untracked 
|  65|0x00000000e4100000, 0x00000000e4200000, 0x00000000e4200000|100%| O|  |TAMS 0x00000000e4200000, 0x00000000e4200000| Untracked 
|  66|0x00000000e4200000, 0x00000000e4300000, 0x00000000e4300000|100%| O|  |TAMS 0x00000000e4300000, 0x00000000e4300000| Untracked 
|  67|0x00000000e4300000, 0x00000000e4400000, 0x00000000e4400000|100%| O|  |TAMS 0x00000000e4400000, 0x00000000e4400000| Untracked 
|  68|0x00000000e4400000, 0x00000000e4500000, 0x00000000e4500000|100%| O|  |TAMS 0x00000000e4500000, 0x00000000e4500000| Untracked 
|  69|0x00000000e4500000, 0x00000000e4600000, 0x00000000e4600000|100%| O|  |TAMS 0x00000000e4600000, 0x00000000e4600000| Untracked 
|  70|0x00000000e4600000, 0x00000000e4700000, 0x00000000e4700000|100%| O|  |TAMS 0x00000000e4700000, 0x00000000e4700000| Untracked 
|  71|0x00000000e4700000, 0x00000000e4800000, 0x00000000e4800000|100%| O|  |TAMS 0x00000000e4800000, 0x00000000e4800000| Untracked 
|  72|0x00000000e4800000, 0x00000000e4900000, 0x00000000e4900000|100%| O|  |TAMS 0x00000000e4900000, 0x00000000e4900000| Untracked 
|  73|0x00000000e4900000, 0x00000000e4a00000, 0x00000000e4a00000|100%| O|  |TAMS 0x00000000e4a00000, 0x00000000e4a00000| Untracked 
|  74|0x00000000e4a00000, 0x00000000e4b00000, 0x00000000e4b00000|100%| O|  |TAMS 0x00000000e4b00000, 0x00000000e4b00000| Untracked 
|  75|0x00000000e4b00000, 0x00000000e4c00000, 0x00000000e4c00000|100%| O|  |TAMS 0x00000000e4c00000, 0x00000000e4c00000| Untracked 
|  76|0x00000000e4c00000, 0x00000000e4d00000, 0x00000000e4d00000|100%| O|  |TAMS 0x00000000e4d00000, 0x00000000e4d00000| Untracked 
|  77|0x00000000e4d00000, 0x00000000e4e00000, 0x00000000e4e00000|100%| O|  |TAMS 0x00000000e4e00000, 0x00000000e4e00000| Untracked 
|  78|0x00000000e4e00000, 0x00000000e4f00000, 0x00000000e4f00000|100%| O|  |TAMS 0x00000000e4f00000, 0x00000000e4f00000| Untracked 
|  79|0x00000000e4f00000, 0x00000000e5000000, 0x00000000e5000000|100%| O|  |TAMS 0x00000000e5000000, 0x00000000e5000000| Untracked 
|  80|0x00000000e5000000, 0x00000000e5100000, 0x00000000e5100000|100%| O|  |TAMS 0x00000000e5100000, 0x00000000e5100000| Untracked 
|  81|0x00000000e5100000, 0x00000000e5200000, 0x00000000e5200000|100%| O|  |TAMS 0x00000000e5200000, 0x00000000e5200000| Untracked 
|  82|0x00000000e5200000, 0x00000000e5300000, 0x00000000e5300000|100%| O|  |TAMS 0x00000000e5300000, 0x00000000e5300000| Untracked 
|  83|0x00000000e5300000, 0x00000000e5400000, 0x00000000e5400000|100%| O|  |TAMS 0x00000000e5400000, 0x00000000e5400000| Untracked 
|  84|0x00000000e5400000, 0x00000000e5500000, 0x00000000e5500000|100%| O|  |TAMS 0x00000000e5500000, 0x00000000e5500000| Untracked 
|  85|0x00000000e5500000, 0x00000000e5600000, 0x00000000e5600000|100%| O|  |TAMS 0x00000000e5600000, 0x00000000e5600000| Untracked 
|  86|0x00000000e5600000, 0x00000000e5700000, 0x00000000e5700000|100%|HS|  |TAMS 0x00000000e5700000, 0x00000000e5700000| Complete 
|  87|0x00000000e5700000, 0x00000000e5800000, 0x00000000e5800000|100%| O|  |TAMS 0x00000000e5800000, 0x00000000e5800000| Untracked 
|  88|0x00000000e5800000, 0x00000000e5900000, 0x00000000e5900000|100%| O|  |TAMS 0x00000000e5900000, 0x00000000e5900000| Untracked 
|  89|0x00000000e5900000, 0x00000000e5a00000, 0x00000000e5a00000|100%| O|  |TAMS 0x00000000e5a00000, 0x00000000e5a00000| Untracked 
|  90|0x00000000e5a00000, 0x00000000e5b00000, 0x00000000e5b00000|100%| O|  |TAMS 0x00000000e5b00000, 0x00000000e5b00000| Untracked 
|  91|0x00000000e5b00000, 0x00000000e5c00000, 0x00000000e5c00000|100%| O|  |TAMS 0x00000000e5c00000, 0x00000000e5c00000| Untracked 
|  92|0x00000000e5c00000, 0x00000000e5d00000, 0x00000000e5d00000|100%| O|  |TAMS 0x00000000e5d00000, 0x00000000e5d00000| Untracked 
|  93|0x00000000e5d00000, 0x00000000e5e00000, 0x00000000e5e00000|100%| O|  |TAMS 0x00000000e5e00000, 0x00000000e5e00000| Untracked 
|  94|0x00000000e5e00000, 0x00000000e5f00000, 0x00000000e5f00000|100%| O|  |TAMS 0x00000000e5ed4400, 0x00000000e5f00000| Untracked 
|  95|0x00000000e5f00000, 0x00000000e6000000, 0x00000000e6000000|100%| O|  |TAMS 0x00000000e6000000, 0x00000000e6000000| Untracked 
|  96|0x00000000e6000000, 0x00000000e6100000, 0x00000000e6100000|100%| O|  |TAMS 0x00000000e6000000, 0x00000000e6100000| Untracked 
|  97|0x00000000e6100000, 0x00000000e6200000, 0x00000000e6200000|100%| O|  |TAMS 0x00000000e6200000, 0x00000000e6200000| Untracked 
|  98|0x00000000e6200000, 0x00000000e6300000, 0x00000000e6300000|100%| O|  |TAMS 0x00000000e6300000, 0x00000000e6300000| Untracked 
|  99|0x00000000e6300000, 0x00000000e6400000, 0x00000000e6400000|100%| O|  |TAMS 0x00000000e6400000, 0x00000000e6400000| Untracked 
| 100|0x00000000e6400000, 0x00000000e6500000, 0x00000000e6500000|100%| O|  |TAMS 0x00000000e6500000, 0x00000000e6500000| Untracked 
| 101|0x00000000e6500000, 0x00000000e6600000, 0x00000000e6600000|100%| O|  |TAMS 0x00000000e6600000, 0x00000000e6600000| Untracked 
| 102|0x00000000e6600000, 0x00000000e6700000, 0x00000000e6700000|100%| O|  |TAMS 0x00000000e6700000, 0x00000000e6700000| Untracked 
| 103|0x00000000e6700000, 0x00000000e6800000, 0x00000000e6800000|100%| O|  |TAMS 0x00000000e6800000, 0x00000000e6800000| Untracked 
| 104|0x00000000e6800000, 0x00000000e6900000, 0x00000000e6900000|100%| O|  |TAMS 0x00000000e6900000, 0x00000000e6900000| Untracked 
| 105|0x00000000e6900000, 0x00000000e692c400, 0x00000000e6a00000| 17%| O|  |TAMS 0x00000000e6900000, 0x00000000e692c400| Untracked 
| 106|0x00000000e6a00000, 0x00000000e6b00000, 0x00000000e6b00000|100%| O|  |TAMS 0x00000000e6b00000, 0x00000000e6b00000| Untracked 
| 107|0x00000000e6b00000, 0x00000000e6c00000, 0x00000000e6c00000|100%| O|  |TAMS 0x00000000e6c00000, 0x00000000e6c00000| Untracked 
| 108|0x00000000e6c00000, 0x00000000e6d00000, 0x00000000e6d00000|100%| O|  |TAMS 0x00000000e6d00000, 0x00000000e6d00000| Untracked 
| 109|0x00000000e6d00000, 0x00000000e6e00000, 0x00000000e6e00000|100%| O|  |TAMS 0x00000000e6e00000, 0x00000000e6e00000| Untracked 
| 110|0x00000000e6e00000, 0x00000000e6f00000, 0x00000000e6f00000|100%| O|  |TAMS 0x00000000e6f00000, 0x00000000e6f00000| Untracked 
| 111|0x00000000e6f00000, 0x00000000e7000000, 0x00000000e7000000|100%| O|  |TAMS 0x00000000e7000000, 0x00000000e7000000| Untracked 
| 112|0x00000000e7000000, 0x00000000e7100000, 0x00000000e7100000|100%| O|  |TAMS 0x00000000e7000000, 0x00000000e7100000| Untracked 
| 113|0x00000000e7100000, 0x00000000e7200000, 0x00000000e7200000|100%| O|  |TAMS 0x00000000e7100000, 0x00000000e7200000| Untracked 
| 114|0x00000000e7200000, 0x00000000e7200000, 0x00000000e7300000|  0%| F|  |TAMS 0x00000000e7200000, 0x00000000e7200000| Untracked 
| 115|0x00000000e7300000, 0x00000000e7300000, 0x00000000e7400000|  0%| F|  |TAMS 0x00000000e7300000, 0x00000000e7300000| Untracked 
| 116|0x00000000e7400000, 0x00000000e7400000, 0x00000000e7500000|  0%| F|  |TAMS 0x00000000e7400000, 0x00000000e7400000| Untracked 
| 117|0x00000000e7500000, 0x00000000e7500000, 0x00000000e7600000|  0%| F|  |TAMS 0x00000000e7500000, 0x00000000e7500000| Untracked 
| 118|0x00000000e7600000, 0x00000000e7600000, 0x00000000e7700000|  0%| F|  |TAMS 0x00000000e7600000, 0x00000000e7600000| Untracked 
| 119|0x00000000e7700000, 0x00000000e7700000, 0x00000000e7800000|  0%| F|  |TAMS 0x00000000e7700000, 0x00000000e7700000| Untracked 
| 120|0x00000000e7800000, 0x00000000e7800000, 0x00000000e7900000|  0%| F|  |TAMS 0x00000000e7800000, 0x00000000e7800000| Untracked 
| 121|0x00000000e7900000, 0x00000000e79ffac0, 0x00000000e7a00000| 99%| S|CS|TAMS 0x00000000e7900000, 0x00000000e7900000| Complete 
| 122|0x00000000e7a00000, 0x00000000e7a00000, 0x00000000e7b00000|  0%| F|  |TAMS 0x00000000e7a00000, 0x00000000e7a00000| Untracked 
| 123|0x00000000e7b00000, 0x00000000e7b00000, 0x00000000e7c00000|  0%| F|  |TAMS 0x00000000e7b00000, 0x00000000e7b00000| Untracked 
| 124|0x00000000e7c00000, 0x00000000e7c00000, 0x00000000e7d00000|  0%| F|  |TAMS 0x00000000e7c00000, 0x00000000e7c00000| Untracked 
| 125|0x00000000e7d00000, 0x00000000e7d00000, 0x00000000e7e00000|  0%| F|  |TAMS 0x00000000e7d00000, 0x00000000e7d00000| Untracked 
| 126|0x00000000e7e00000, 0x00000000e7e00000, 0x00000000e7f00000|  0%| F|  |TAMS 0x00000000e7e00000, 0x00000000e7e00000| Untracked 
| 127|0x00000000e7f00000, 0x00000000e7f00000, 0x00000000e8000000|  0%| F|  |TAMS 0x00000000e7f00000, 0x00000000e7f00000| Untracked 

Card table byte_map: [0x000001e5f8e00000,0x000001e5f8f00000] _byte_map_base: 0x000001e5f8700000

Marking Bits (Prev, Next): (CMBitMap*) 0x000001e5f361abe8, (CMBitMap*) 0x000001e5f361ac20
 Prev Bits: [0x000001e5f9000000, 0x000001e5f9800000)
 Next Bits: [0x000001e5f9800000, 0x000001e5fa000000)

Polling page: 0x000001e5f36d0000

Metaspace:

Usage:
  Non-class:     85.70 MB capacity,    84.38 MB ( 98%) used,     1.06 MB (  1%) free+waste,   263.38 KB ( <1%) overhead. 
      Class:     13.05 MB capacity,    12.27 MB ( 94%) used,   682.12 KB (  5%) free+waste,   114.88 KB ( <1%) overhead. 
       Both:     98.75 MB capacity,    96.66 MB ( 98%) used,     1.73 MB (  2%) free+waste,   378.25 KB ( <1%) overhead. 

Virtual space:
  Non-class space:       86.00 MB reserved,      85.87 MB (>99%) committed 
      Class space:        1.00 GB reserved,      13.13 MB (  1%) committed 
             Both:        1.08 GB reserved,      99.00 MB (  9%) committed 

Chunk freelists:
   Non-Class:  46.00 KB
       Class:  42.00 KB
        Both:  88.00 KB

MaxMetaspaceSize: 17179869184.00 GB
CompressedClassSpaceSize: 1.00 GB

CodeHeap 'non-profiled nmethods': size=120064Kb used=8025Kb max_used=8025Kb free=112038Kb
 bounds [0x000001e587ac0000, 0x000001e5882a0000, 0x000001e58f000000]
CodeHeap 'profiled nmethods': size=120000Kb used=27750Kb max_used=27750Kb free=92249Kb
 bounds [0x000001e580590000, 0x000001e5820b0000, 0x000001e587ac0000]
CodeHeap 'non-nmethods': size=5696Kb used=2297Kb max_used=2336Kb free=3398Kb
 bounds [0x000001e580000000, 0x000001e580270000, 0x000001e580590000]
 total_blobs=13287 nmethods=12367 adapters=832
 compilation: enabled
              stopped_count=0, restarted_count=0
 full_count=0

Compilation events (20 events):
Event: 191.016 Thread 0x000001e5fcbe2800 nmethod 12406 0x000001e588280d90 code [0x000001e588281540, 0x000001e588288178]
Event: 191.018 Thread 0x000001e5fcbe2800 12429       4       com.android.tools.r8.graph.j0$m::b (336 bytes)
Event: 191.220 Thread 0x000001e5fcbe4000 12435       2       com.android.tools.r8.graph.j0$n::<init> (10 bytes)
Event: 191.220 Thread 0x000001e5fcbe4000 nmethod 12435 0x000001e5820a6190 code [0x000001e5820a6340, 0x000001e5820a6478]
Event: 191.500 Thread 0x000001e5fcbe4000 12440       2       com.android.tools.r8.graph.j0$m::h (64 bytes)
Event: 191.501 Thread 0x000001e5fcbe4000 nmethod 12440 0x000001e5820a6510 code [0x000001e5820a6720, 0x000001e5820a6b38]
Event: 191.612 Thread 0x000001e5fcbe4000 12441       2       com.android.tools.r8.graph.B0$c::a (40 bytes)
Event: 191.613 Thread 0x000001e5fcbe4000 nmethod 12441 0x000001e5820a6d90 code [0x000001e5820a6f60, 0x000001e5820a71c8]
Event: 191.626 Thread 0x000001e5fcbe4000 12443       2       com.android.tools.r8.graph.B0$d::<init> (207 bytes)
Event: 191.629 Thread 0x000001e5fcbe4000 nmethod 12443 0x000001e5820a7310 code [0x000001e5820a75c0, 0x000001e5820a8328]
Event: 191.681 Thread 0x000001e5fcbe2800 nmethod 12429 0x000001e58828c890 code [0x000001e58828cd80, 0x000001e588291e18]
Event: 191.682 Thread 0x000001e5fcbe2800 12439       4       com.android.tools.r8.internal.qf::d (9 bytes)
Event: 191.686 Thread 0x000001e5fcbe2800 nmethod 12439 0x000001e588294710 code [0x000001e5882948c0, 0x000001e588294a78]
Event: 191.686 Thread 0x000001e5fcbe2800 12411       4       com.android.tools.r8.internal.Sb::c (11 bytes)
Event: 191.688 Thread 0x000001e5fcbe2800 nmethod 12411 0x000001e588294b90 code [0x000001e588294d40, 0x000001e588294e48]
Event: 191.688 Thread 0x000001e5fcbe2800 12412       4       com.android.tools.r8.internal.Sb$a::hashCode (32 bytes)
Event: 191.739 Thread 0x000001e5fcbe2800 nmethod 12412 0x000001e588294f10 code [0x000001e588295100, 0x000001e588295bd8]
Event: 191.739 Thread 0x000001e5fcbe2800 12444       4       com.android.tools.r8.graph.j0$m::h (64 bytes)
Event: 191.765 Thread 0x000001e5fcbe4000 12445       2       com.android.tools.r8.graph.j0$m::f (293 bytes)
Event: 191.767 Thread 0x000001e5fcbe4000 nmethod 12445 0x000001e5820a8b10 code [0x000001e5820a8d60, 0x000001e5820a94f8]

GC Heap History (20 events):
Event: 189.088 GC heap after
{Heap after GC invocations=248 (full 0):
 garbage-first heap   total 131072K, used 108533K [0x00000000e0000000, 0x0000000100000000)
  region size 1024K, 1 young (1024K), 1 survivors (1024K)
 Metaspace       used 99000K, capacity 101144K, committed 101372K, reserved 1136640K
  class space    used 12576K, capacity 13354K, committed 13440K, reserved 1048576K
}
Event: 189.124 GC heap before
{Heap before GC invocations=248 (full 0):
 garbage-first heap   total 131072K, used 113653K [0x00000000e0000000, 0x0000000100000000)
  region size 1024K, 6 young (6144K), 1 survivors (1024K)
 Metaspace       used 99001K, capacity 101144K, committed 101372K, reserved 1136640K
  class space    used 12576K, capacity 13354K, committed 13440K, reserved 1048576K
}
Event: 189.136 GC heap after
{Heap after GC invocations=249 (full 0):
 garbage-first heap   total 131072K, used 109734K [0x00000000e0000000, 0x0000000100000000)
  region size 1024K, 1 young (1024K), 1 survivors (1024K)
 Metaspace       used 99001K, capacity 101144K, committed 101372K, reserved 1136640K
  class space    used 12576K, capacity 13354K, committed 13440K, reserved 1048576K
}
Event: 189.240 GC heap before
{Heap before GC invocations=249 (full 0):
 garbage-first heap   total 131072K, used 114854K [0x00000000e0000000, 0x0000000100000000)
  region size 1024K, 6 young (6144K), 1 survivors (1024K)
 Metaspace       used 99002K, capacity 101144K, committed 101372K, reserved 1136640K
  class space    used 12576K, capacity 13354K, committed 13440K, reserved 1048576K
}
Event: 189.254 GC heap after
{Heap after GC invocations=250 (full 0):
 garbage-first heap   total 131072K, used 110765K [0x00000000e0000000, 0x0000000100000000)
  region size 1024K, 1 young (1024K), 1 survivors (1024K)
 Metaspace       used 99002K, capacity 101144K, committed 101372K, reserved 1136640K
  class space    used 12576K, capacity 13354K, committed 13440K, reserved 1048576K
}
Event: 190.064 GC heap before
{Heap before GC invocations=251 (full 0):
 garbage-first heap   total 131072K, used 115885K [0x00000000e0000000, 0x0000000100000000)
  region size 1024K, 6 young (6144K), 1 survivors (1024K)
 Metaspace       used 98971K, capacity 101092K, committed 101372K, reserved 1136640K
  class space    used 12566K, capacity 13334K, committed 13440K, reserved 1048576K
}
Event: 190.078 GC heap after
{Heap after GC invocations=252 (full 0):
 garbage-first heap   total 131072K, used 111987K [0x00000000e0000000, 0x0000000100000000)
  region size 1024K, 1 young (1024K), 1 survivors (1024K)
 Metaspace       used 98971K, capacity 101092K, committed 101372K, reserved 1136640K
  class space    used 12566K, capacity 13334K, committed 13440K, reserved 1048576K
}
Event: 190.289 GC heap before
{Heap before GC invocations=252 (full 0):
 garbage-first heap   total 131072K, used 117107K [0x00000000e0000000, 0x0000000100000000)
  region size 1024K, 6 young (6144K), 1 survivors (1024K)
 Metaspace       used 98972K, capacity 101092K, committed 101372K, reserved 1136640K
  class space    used 12566K, capacity 13334K, committed 13440K, reserved 1048576K
}
Event: 190.308 GC heap after
{Heap after GC invocations=253 (full 0):
 garbage-first heap   total 131072K, used 110773K [0x00000000e0000000, 0x0000000100000000)
  region size 1024K, 1 young (1024K), 1 survivors (1024K)
 Metaspace       used 98972K, capacity 101092K, committed 101372K, reserved 1136640K
  class space    used 12566K, capacity 13334K, committed 13440K, reserved 1048576K
}
Event: 190.402 GC heap before
{Heap before GC invocations=253 (full 0):
 garbage-first heap   total 131072K, used 115893K [0x00000000e0000000, 0x0000000100000000)
  region size 1024K, 6 young (6144K), 1 survivors (1024K)
 Metaspace       used 98972K, capacity 101092K, committed 101372K, reserved 1136640K
  class space    used 12566K, capacity 13334K, committed 13440K, reserved 1048576K
}
Event: 190.417 GC heap after
{Heap after GC invocations=254 (full 0):
 garbage-first heap   total 131072K, used 112300K [0x00000000e0000000, 0x0000000100000000)
  region size 1024K, 1 young (1024K), 1 survivors (1024K)
 Metaspace       used 98972K, capacity 101092K, committed 101372K, reserved 1136640K
  class space    used 12566K, capacity 13334K, committed 13440K, reserved 1048576K
}
Event: 190.551 GC heap before
{Heap before GC invocations=254 (full 0):
 garbage-first heap   total 131072K, used 117420K [0x00000000e0000000, 0x0000000100000000)
  region size 1024K, 6 young (6144K), 1 survivors (1024K)
 Metaspace       used 98972K, capacity 101092K, committed 101372K, reserved 1136640K
  class space    used 12566K, capacity 13334K, committed 13440K, reserved 1048576K
}
Event: 190.564 GC heap after
{Heap after GC invocations=255 (full 0):
 garbage-first heap   total 131072K, used 113422K [0x00000000e0000000, 0x0000000100000000)
  region size 1024K, 1 young (1024K), 1 survivors (1024K)
 Metaspace       used 98972K, capacity 101092K, committed 101372K, reserved 1136640K
  class space    used 12566K, capacity 13334K, committed 13440K, reserved 1048576K
}
Event: 190.728 GC heap before
{Heap before GC invocations=255 (full 0):
 garbage-first heap   total 131072K, used 118542K [0x00000000e0000000, 0x0000000100000000)
  region size 1024K, 6 young (6144K), 1 survivors (1024K)
 Metaspace       used 98973K, capacity 101092K, committed 101372K, reserved 1136640K
  class space    used 12566K, capacity 13334K, committed 13440K, reserved 1048576K
}
Event: 190.743 GC heap after
{Heap after GC invocations=256 (full 0):
 garbage-first heap   total 131072K, used 114513K [0x00000000e0000000, 0x0000000100000000)
  region size 1024K, 1 young (1024K), 1 survivors (1024K)
 Metaspace       used 98973K, capacity 101092K, committed 101372K, reserved 1136640K
  class space    used 12566K, capacity 13334K, committed 13440K, reserved 1048576K
}
Event: 191.585 GC heap before
{Heap before GC invocations=257 (full 0):
 garbage-first heap   total 131072K, used 119633K [0x00000000e0000000, 0x0000000100000000)
  region size 1024K, 6 young (6144K), 1 survivors (1024K)
 Metaspace       used 98977K, capacity 101124K, committed 101372K, reserved 1136640K
  class space    used 12569K, capacity 13366K, committed 13440K, reserved 1048576K
}
Event: 191.602 GC heap after
{Heap after GC invocations=258 (full 0):
 garbage-first heap   total 131072K, used 115560K [0x00000000e0000000, 0x0000000100000000)
  region size 1024K, 1 young (1024K), 1 survivors (1024K)
 Metaspace       used 98977K, capacity 101124K, committed 101372K, reserved 1136640K
  class space    used 12569K, capacity 13366K, committed 13440K, reserved 1048576K
}
Event: 191.637 GC heap before
{Heap before GC invocations=258 (full 0):
 garbage-first heap   total 131072K, used 120680K [0x00000000e0000000, 0x0000000100000000)
  region size 1024K, 6 young (6144K), 1 survivors (1024K)
 Metaspace       used 98977K, capacity 101124K, committed 101372K, reserved 1136640K
  class space    used 12569K, capacity 13366K, committed 13440K, reserved 1048576K
}
Event: 191.661 GC heap after
{Heap after GC invocations=259 (full 0):
 garbage-first heap   total 131072K, used 115699K [0x00000000e0000000, 0x0000000100000000)
  region size 1024K, 1 young (1024K), 1 survivors (1024K)
 Metaspace       used 98977K, capacity 101124K, committed 101372K, reserved 1136640K
  class space    used 12569K, capacity 13366K, committed 13440K, reserved 1048576K
}
Event: 191.809 GC heap before
{Heap before GC invocations=259 (full 0):
 garbage-first heap   total 131072K, used 120819K [0x00000000e0000000, 0x0000000100000000)
  region size 1024K, 6 young (6144K), 1 survivors (1024K)
 Metaspace       used 98977K, capacity 101124K, committed 101372K, reserved 1136640K
  class space    used 12569K, capacity 13366K, committed 13440K, reserved 1048576K
}

Deoptimization events (20 events):
Event: 191.491 Thread 0x000001e5ff234000 Uncommon trap: trap_request=0xffffffc6 fr.pc=0x000001e58827ae48 relative=0x0000000000002d08
Event: 191.492 Thread 0x000001e5ff234000 Uncommon trap: reason=bimorphic_or_optimized_type_check action=maybe_recompile pc=0x000001e58827ae48 method=com.android.tools.r8.graph.j0$m.c()Lcom/android/tools/r8/graph/j0$g; @ 31 c2
Event: 191.492 Thread 0x000001e5ff234000 DEOPT PACKING pc=0x000001e58827ae48 sp=0x0000001d60ef9bf0
Event: 191.492 Thread 0x000001e5ff234000 DEOPT UNPACKING pc=0x000001e580026029 sp=0x0000001d60ef9b10 mode 2
Event: 191.492 Thread 0x000001e5ff234000 Uncommon trap: trap_request=0xffffffc6 fr.pc=0x000001e58827ae48 relative=0x0000000000002d08
Event: 191.492 Thread 0x000001e5ff234000 Uncommon trap: reason=bimorphic_or_optimized_type_check action=maybe_recompile pc=0x000001e58827ae48 method=com.android.tools.r8.graph.j0$m.c()Lcom/android/tools/r8/graph/j0$g; @ 31 c2
Event: 191.492 Thread 0x000001e5ff234000 DEOPT PACKING pc=0x000001e58827ae48 sp=0x0000001d60ef9bf0
Event: 191.492 Thread 0x000001e5ff234000 DEOPT UNPACKING pc=0x000001e580026029 sp=0x0000001d60ef9b10 mode 2
Event: 191.568 Thread 0x000001e5ff234000 Uncommon trap: trap_request=0xffffff4d fr.pc=0x000001e588070b6c relative=0x000000000000004c
Event: 191.568 Thread 0x000001e5ff234000 Uncommon trap: reason=unstable_if action=reinterpret pc=0x000001e588070b6c method=java.lang.Float.isNaN(F)Z @ 3 c2
Event: 191.568 Thread 0x000001e5ff234000 DEOPT PACKING pc=0x000001e588070b6c sp=0x0000001d60ef9f20
Event: 191.568 Thread 0x000001e5ff234000 DEOPT UNPACKING pc=0x000001e580026029 sp=0x0000001d60ef9eb0 mode 2
Event: 191.621 Thread 0x000001e5ff234000 Uncommon trap: trap_request=0xffffff4d fr.pc=0x000001e5882872c4 relative=0x0000000000005d84
Event: 191.621 Thread 0x000001e5ff234000 Uncommon trap: reason=unstable_if action=reinterpret pc=0x000001e5882872c4 method=com.android.tools.r8.graph.j0$m.e()Ljava/util/List; @ 124 c2
Event: 191.621 Thread 0x000001e5ff234000 DEOPT PACKING pc=0x000001e5882872c4 sp=0x0000001d60efa0f0
Event: 191.621 Thread 0x000001e5ff234000 DEOPT UNPACKING pc=0x000001e580026029 sp=0x0000001d60ef9f20 mode 2
Event: 191.765 Thread 0x000001e5ff234000 Uncommon trap: trap_request=0xffffff4d fr.pc=0x000001e588257378 relative=0x0000000000000a18
Event: 191.765 Thread 0x000001e5ff234000 Uncommon trap: reason=unstable_if action=reinterpret pc=0x000001e588257378 method=com.android.tools.r8.graph.j0$m.f()V @ 146 c2
Event: 191.765 Thread 0x000001e5ff234000 DEOPT PACKING pc=0x000001e588257378 sp=0x0000001d60ef97f0
Event: 191.765 Thread 0x000001e5ff234000 DEOPT UNPACKING pc=0x000001e580026029 sp=0x0000001d60ef97d0 mode 2

Classes redefined (0 events):
No events

Internal exceptions (20 events):
Event: 127.729 Thread 0x000001e58ffa9000 Exception <a 'java/lang/NoSuchMethodError'{0x00000000e5960678}: <clinit>> (0x00000000e5960678) thrown at [./src/hotspot/share/prims/jni.cpp, line 1362]
Event: 127.848 Thread 0x000001e5fe5a1000 Exception <a 'java/lang/NoSuchMethodError'{0x00000000e58b94f0}: <clinit>> (0x00000000e58b94f0) thrown at [./src/hotspot/share/prims/jni.cpp, line 1362]
Event: 127.935 Thread 0x000001e58ffa8800 Exception <a 'java/lang/NoSuchMethodError'{0x00000000e579f6e0}: 'java.lang.Object java.lang.invoke.Invokers$Holder.linkToTargetMethod(java.lang.Object, java.lang.Object, java.lang.Object, int, java.lang.Object, java.lang.Object)'> (0x00000000e579f6e0) thrown at [./src/hotspot/share/interpreter/linkResolver.cpp, line 773]
Event: 134.933 Thread 0x000001e58ffa8800 Exception <a 'java/lang/NoSuchMethodError'{0x00000000e5a66a80}: 'java.lang.Object java.lang.invoke.DirectMethodHandle$Holder.invokeSpecialIFC(java.lang.Object, java.lang.Object, java.lang.Object)'> (0x00000000e5a66a80) thrown at [./src/hotspot/share/interpreter/linkResolver.cpp, line 773]
Event: 135.280 Thread 0x000001e58ffa8800 Exception <a 'java/lang/NoSuchMethodError'{0x00000000e58f3a98}: 'int java.lang.invoke.DirectMethodHandle$Holder.invokeStaticInit(java.lang.Object, java.lang.Object, java.lang.Object, java.lang.Object, java.lang.Object)'> (0x00000000e58f3a98) thrown at [./src/hotspot/share/interpreter/linkResolver.cpp, line 773]
Event: 153.207 Thread 0x000001e58ffa8800 Exception <a 'java/lang/IncompatibleClassChangeError'{0x00000000e5bf8350}: Found class java.lang.Object, but interface was expected> (0x00000000e5bf8350) thrown at [./src/hotspot/share/interpreter/linkResolver.cpp, line 839]
Event: 157.401 Thread 0x000001e58ffa8800 Exception <a 'java/lang/NoSuchMethodError'{0x00000000e5be8fe0}: 'void java.lang.invoke.DirectMethodHandle$Holder.invokeVirtual(java.lang.Object, java.lang.Object)'> (0x00000000e5be8fe0) thrown at [./src/hotspot/share/interpreter/linkResolver.cpp, line 773]
Event: 158.817 Thread 0x000001e58ffa8800 Implicit null exception at 0x000001e587d7c404 to 0x000001e587d7c5fc
Event: 168.492 Thread 0x000001e58ffa8800 Exception <a 'java/lang/NoSuchMethodError'{0x00000000e7cc9650}: <clinit>> (0x00000000e7cc9650) thrown at [./src/hotspot/share/prims/jni.cpp, line 1362]
Event: 168.500 Thread 0x000001e58ffa8800 Exception <a 'java/lang/NoSuchMethodError'{0x00000000e7cea788}: <clinit>> (0x00000000e7cea788) thrown at [./src/hotspot/share/prims/jni.cpp, line 1362]
Event: 170.164 Thread 0x000001e58ffa8800 Exception <a 'java/lang/NoSuchMethodError'{0x00000000e7c86330}: 'void java.lang.invoke.DirectMethodHandle$Holder.invokeStatic(java.lang.Object, java.lang.Object, java.lang.Object, java.lang.Object, java.lang.Object, java.lang.Object, java.lang.Object)'> (0x00000000e7c86330) thrown at [./src/hotspot/share/interpreter/linkResolver.cpp, line 773]
Event: 185.376 Thread 0x000001e5ff234000 Exception <a 'sun/nio/fs/WindowsException'{0x00000000e783ced0}> (0x00000000e783ced0) thrown at [./src/hotspot/share/prims/jni.cpp, line 615]
Event: 186.603 Thread 0x000001e5ff22e000 Exception <a 'sun/nio/fs/WindowsException'{0x00000000e79cb190}> (0x00000000e79cb190) thrown at [./src/hotspot/share/prims/jni.cpp, line 615]
Event: 187.349 Thread 0x000001e5ff234000 Exception <a 'java/lang/NoSuchMethodError'{0x00000000e7fecda0}: 'java.lang.Object java.lang.invoke.DirectMethodHandle$Holder.invokeStatic(java.lang.Object, java.lang.Object, java.lang.Object, java.lang.Object, java.lang.Object, java.lang.Object, java.lang.Object, java.lang.Object, java.lang.Object, java.lang.Object, java.lang.Object, java.lang.Object, java.lang.Object, java.lang.Object, java.lang.Object, java.lang.Object, java.lang.Object, java.lang.Object, int, java.lang.Object)'> (0x00000000e7fecda0) thr
Event: 187.350 Thread 0x000001e5ff234000 Exception <a 'java/lang/NoSuchMethodError'{0x00000000e7ff3290}: 'java.lang.Object java.lang.invoke.DirectMethodHandle$Holder.invokeStaticInit(java.lang.Object, java.lang.Object, java.lang.Object, java.lang.Object, java.lang.Object, java.lang.Object, java.lang.Object, java.lang.Object, java.lang.Object, java.lang.Object, java.lang.Object, java.lang.Object, java.lang.Object, java.lang.Object, java.lang.Object, java.lang.Object, java.lang.Object, java.lang.Object, int, java.lang.Object)'> (0x00000000e7ff3290)
Event: 187.603 Thread 0x000001e5ff22e000 Exception <a 'java/lang/IncompatibleClassChangeError'{0x00000000e7ef1088}: Found class java.lang.Object, but interface was expected> (0x00000000e7ef1088) thrown at [./src/hotspot/share/interpreter/linkResolver.cpp, line 839]
Event: 187.924 Thread 0x000001e5ff234000 Exception <a 'java/lang/NoSuchMethodError'{0x00000000e7b178d8}: 'java.lang.Object java.lang.invoke.DirectMethodHandle$Holder.invokeStatic(java.lang.Object, long)'> (0x00000000e7b178d8) thrown at [./src/hotspot/share/interpreter/linkResolver.cpp, line 773]
Event: 187.924 Thread 0x000001e5ff22e000 Exception <a 'java/lang/NoSuchMethodError'{0x00000000e7b4afc0}: 'java.lang.Object java.lang.invoke.DirectMethodHandle$Holder.invokeStatic(java.lang.Object, long)'> (0x00000000e7b4afc0) thrown at [./src/hotspot/share/interpreter/linkResolver.cpp, line 773]
Event: 187.927 Thread 0x000001e5ff22e000 Exception <a 'java/lang/NoSuchMethodError'{0x00000000e7b51a10}: 'java.lang.Object java.lang.invoke.Invokers$Holder.linkToTargetMethod(long, java.lang.Object)'> (0x00000000e7b51a10) thrown at [./src/hotspot/share/interpreter/linkResolver.cpp, line 773]
Event: 187.927 Thread 0x000001e5ff234000 Exception <a 'java/lang/NoSuchMethodError'{0x00000000e7b5e988}: 'java.lang.Object java.lang.invoke.Invokers$Holder.linkToTargetMethod(long, java.lang.Object)'> (0x00000000e7b5e988) thrown at [./src/hotspot/share/interpreter/linkResolver.cpp, line 773]

Events (20 events):
Event: 190.417 Executing VM operation: G1CollectForAllocation done
Event: 190.495 Executing VM operation: G1CollectForAllocation
Event: 190.564 Executing VM operation: G1CollectForAllocation done
Event: 190.725 Executing VM operation: G1CollectForAllocation
Event: 190.743 Executing VM operation: G1CollectForAllocation done
Event: 191.172 Executing VM operation: CGC_Operation
Event: 191.214 Executing VM operation: CGC_Operation done
Event: 191.416 Executing VM operation: CGC_Operation
Event: 191.485 Executing VM operation: CGC_Operation done
Event: 191.496 loading class com/android/tools/r8/internal/Ka
Event: 191.496 loading class com/android/tools/r8/internal/Ka done
Event: 191.511 loading class com/android/tools/r8/internal/Zc
Event: 191.511 loading class com/android/tools/r8/internal/Zc done
Event: 191.530 loading class com/android/tools/r8/internal/CC
Event: 191.530 loading class com/android/tools/r8/internal/CC done
Event: 191.570 Executing VM operation: G1CollectForAllocation
Event: 191.602 Executing VM operation: G1CollectForAllocation done
Event: 191.637 Executing VM operation: G1CollectForAllocation
Event: 191.661 Executing VM operation: G1CollectForAllocation done
Event: 191.776 Executing VM operation: G1CollectForAllocation


Dynamic libraries:
0x00007ff6ec340000 - 0x00007ff6ec34a000 	C:\Users\felip\OneDrive\Desktop\android-studio\jre\bin\java.exe
0x00007ff9eee70000 - 0x00007ff9ef065000 	C:\Windows\SYSTEM32\ntdll.dll
0x00007ff9e0a50000 - 0x00007ff9e0a66000 	C:\Program Files\Avast Software\Avast\aswhook.dll
0x00007ff9ecec0000 - 0x00007ff9ecf7e000 	C:\Windows\System32\KERNEL32.DLL
0x00007ff9ec870000 - 0x00007ff9ecb38000 	C:\Windows\System32\KERNELBASE.dll
0x00007ff9ec6d0000 - 0x00007ff9ec7d0000 	C:\Windows\System32\ucrtbase.dll
0x00007ff9e8110000 - 0x00007ff9e8129000 	C:\Users\felip\OneDrive\Desktop\android-studio\jre\bin\jli.dll
0x00007ff9eec80000 - 0x00007ff9eee21000 	C:\Windows\System32\USER32.dll
0x00007ff9ece90000 - 0x00007ff9eceb2000 	C:\Windows\System32\win32u.dll
0x00007ff9ee350000 - 0x00007ff9ee37b000 	C:\Windows\System32\GDI32.dll
0x00007ff9ecd00000 - 0x00007ff9ece0b000 	C:\Windows\System32\gdi32full.dll
0x00007ff9e0400000 - 0x00007ff9e069a000 	C:\Windows\WinSxS\amd64_microsoft.windows.common-controls_6595b64144ccf1df_6.0.19041.1110_none_60b5254171f9507e\COMCTL32.dll
0x00007ff9ec7d0000 - 0x00007ff9ec86d000 	C:\Windows\System32\msvcp_win.dll
0x00007ff9e5e10000 - 0x00007ff9e5e27000 	C:\Users\felip\OneDrive\Desktop\android-studio\jre\bin\VCRUNTIME140.dll
0x00007ff9ed270000 - 0x00007ff9ed30e000 	C:\Windows\System32\msvcrt.dll
0x00007ff9ed690000 - 0x00007ff9ed6c0000 	C:\Windows\System32\IMM32.DLL
0x00007ff9e54d0000 - 0x00007ff9e556d000 	C:\Users\felip\OneDrive\Desktop\android-studio\jre\bin\msvcp140.dll
0x00007ff9b5ee0000 - 0x00007ff9b69b5000 	C:\Users\felip\OneDrive\Desktop\android-studio\jre\bin\server\jvm.dll
0x00007ff9ee600000 - 0x00007ff9ee6ac000 	C:\Windows\System32\ADVAPI32.dll
0x00007ff9ed6c0000 - 0x00007ff9ed75b000 	C:\Windows\System32\sechost.dll
0x00007ff9edec0000 - 0x00007ff9edfea000 	C:\Windows\System32\RPCRT4.dll
0x00007ff9ee740000 - 0x00007ff9ee748000 	C:\Windows\System32\PSAPI.DLL
0x00007ff9d4c70000 - 0x00007ff9d4c97000 	C:\Windows\SYSTEM32\WINMM.dll
0x00007ff9e0a70000 - 0x00007ff9e0a7a000 	C:\Windows\SYSTEM32\VERSION.dll
0x00007ff9ddaf0000 - 0x00007ff9ddaf9000 	C:\Windows\SYSTEM32\WSOCK32.dll
0x00007ff9ee440000 - 0x00007ff9ee4ab000 	C:\Windows\System32\WS2_32.dll
0x00007ff9ea3b0000 - 0x00007ff9ea3c2000 	C:\Windows\SYSTEM32\kernel.appcore.dll
0x00007ff9e61c0000 - 0x00007ff9e61d1000 	C:\Users\felip\OneDrive\Desktop\android-studio\jre\bin\verify.dll
0x00007ff9e0860000 - 0x00007ff9e0a44000 	C:\Windows\SYSTEM32\DBGHELP.DLL
0x00007ff9e0830000 - 0x00007ff9e085c000 	C:\Windows\SYSTEM32\dbgcore.DLL
0x00007ff9ec590000 - 0x00007ff9ec613000 	C:\Windows\System32\bcryptPrimitives.dll
0x00007ff9e5f40000 - 0x00007ff9e5f69000 	C:\Users\felip\OneDrive\Desktop\android-studio\jre\bin\java.dll
0x00007ff9e9ea0000 - 0x00007ff9e9eab000 	C:\Users\felip\OneDrive\Desktop\android-studio\jre\bin\jimage.dll
0x00007ff9e5f20000 - 0x00007ff9e5f38000 	C:\Users\felip\OneDrive\Desktop\android-studio\jre\bin\zip.dll
0x00007ff9ed760000 - 0x00007ff9ede9f000 	C:\Windows\System32\SHELL32.dll
0x00007ff9ea690000 - 0x00007ff9eae20000 	C:\Windows\SYSTEM32\windows.storage.dll
0x00007ff9edff0000 - 0x00007ff9ee345000 	C:\Windows\System32\combase.dll
0x00007ff9ebf10000 - 0x00007ff9ebf3e000 	C:\Windows\SYSTEM32\Wldp.dll
0x00007ff9ee750000 - 0x00007ff9ee7fd000 	C:\Windows\System32\SHCORE.dll
0x00007ff9ed130000 - 0x00007ff9ed185000 	C:\Windows\System32\shlwapi.dll
0x00007ff9ec4d0000 - 0x00007ff9ec4ef000 	C:\Windows\SYSTEM32\profapi.dll
0x00007ff9e5d60000 - 0x00007ff9e5d7a000 	C:\Users\felip\OneDrive\Desktop\android-studio\jre\bin\net.dll
0x00007ff9e37b0000 - 0x00007ff9e38bc000 	C:\Windows\SYSTEM32\WINHTTP.dll
0x00007ff9ebc70000 - 0x00007ff9ebcda000 	C:\Windows\system32\mswsock.dll
0x00007ff9e5d40000 - 0x00007ff9e5d54000 	C:\Users\felip\OneDrive\Desktop\android-studio\jre\bin\nio.dll
0x00007ff9e7230000 - 0x00007ff9e7257000 	C:\Users\felip\.gradle\native\8bec1ad78214c89d9ad589b4d07fe93259594b29d510b10fafb7a158f7737e5d\windows-amd64\native-platform.dll
0x00007ff9c2780000 - 0x00007ff9c28bd000 	C:\Users\felip\.gradle\native\53dbd7edfb1c66fb8903c78663c9afc45aea4f116125fa6feffd364cf09443e8\windows-amd64\native-platform-file-events.dll
0x00007ff9e9e70000 - 0x00007ff9e9e7a000 	C:\Users\felip\OneDrive\Desktop\android-studio\jre\bin\management.dll
0x00007ff9e82f0000 - 0x00007ff9e82fd000 	C:\Users\felip\OneDrive\Desktop\android-studio\jre\bin\management_ext.dll
0x00007ff9ebe70000 - 0x00007ff9ebe88000 	C:\Windows\SYSTEM32\CRYPTSP.dll
0x00007ff9eb5f0000 - 0x00007ff9eb624000 	C:\Windows\system32\rsaenh.dll
0x00007ff9ece60000 - 0x00007ff9ece87000 	C:\Windows\System32\bcrypt.dll
0x00007ff9ec450000 - 0x00007ff9ec47e000 	C:\Windows\SYSTEM32\USERENV.dll
0x00007ff9ebe60000 - 0x00007ff9ebe6c000 	C:\Windows\SYSTEM32\CRYPTBASE.dll
0x00007ff9eb960000 - 0x00007ff9eb99b000 	C:\Windows\SYSTEM32\IPHLPAPI.DLL
0x00007ff9ee380000 - 0x00007ff9ee388000 	C:\Windows\System32\NSI.dll
0x00007ff9e6bc0000 - 0x00007ff9e6bd7000 	C:\Windows\SYSTEM32\dhcpcsvc6.DLL
0x00007ff9e5c80000 - 0x00007ff9e5c9d000 	C:\Windows\SYSTEM32\dhcpcsvc.DLL
0x00007ff9eb9a0000 - 0x00007ff9eba6b000 	C:\Windows\SYSTEM32\DNSAPI.dll

dbghelp: loaded successfully - version: 4.0.5 - missing functions: none
symbol engine: initialized successfully - sym options: 0x614 - pdb path: .;C:\Users\felip\OneDrive\Desktop\android-studio\jre\bin;C:\Windows\SYSTEM32;C:\Program Files\Avast Software\Avast;C:\Windows\WinSxS\amd64_microsoft.windows.common-controls_6595b64144ccf1df_6.0.19041.1110_none_60b5254171f9507e;C:\Users\felip\OneDrive\Desktop\android-studio\jre\bin\server;C:\Users\felip\.gradle\native\8bec1ad78214c89d9ad589b4d07fe93259594b29d510b10fafb7a158f7737e5d\windows-amd64;C:\Users\felip\.gradle\native\53dbd7edfb1c66fb8903c78663c9afc45aea4f116125fa6feffd364cf09443e8\windows-amd64

VM Arguments:
jvm_args: --add-opens=java.base/java.util=ALL-UNNAMED --add-opens=java.base/java.lang=ALL-UNNAMED --add-opens=java.base/java.lang.invoke=ALL-UNNAMED --add-opens=java.base/java.util=ALL-UNNAMED --add-opens=java.prefs/java.util.prefs=ALL-UNNAMED --add-opens=java.prefs/java.util.prefs=ALL-UNNAMED --add-opens=java.base/java.nio.charset=ALL-UNNAMED --add-opens=java.base/java.net=ALL-UNNAMED --add-opens=java.base/java.util.concurrent.atomic=ALL-UNNAMED -Xmx512m -Dfile.encoding=UTF-8 -Duser.country=US -Duser.language=en -Duser.variant 
java_command: org.gradle.launcher.daemon.bootstrap.GradleDaemon 7.0.2
java_class_path (initial): C:\Users\felip\.gradle\wrapper\dists\gradle-7.0.2-bin\857tjihv64xamwrf0h14cai3r\gradle-7.0.2\lib\gradle-launcher-7.0.2.jar
Launcher Type: SUN_STANDARD

[Global flags]
     intx CICompilerCount                          = 2                                         {product} {ergonomic}
     uint ConcGCThreads                            = 1                                         {product} {ergonomic}
     uint G1ConcRefinementThreads                  = 2                                         {product} {ergonomic}
   size_t G1HeapRegionSize                         = 1048576                                   {product} {ergonomic}
    uintx GCDrainStackTargetSize                   = 64                                        {product} {ergonomic}
   size_t InitialHeapSize                          = 67108864                                  {product} {ergonomic}
   size_t MarkStackSize                            = 4194304                                   {product} {ergonomic}
   size_t MaxHeapSize                              = 536870912                                 {product} {command line}
   size_t MaxNewSize                               = 321912832                                 {product} {ergonomic}
   size_t MinHeapDeltaBytes                        = 1048576                                   {product} {ergonomic}
    uintx NonNMethodCodeHeapSize                   = 5825164                                {pd product} {ergonomic}
    uintx NonProfiledCodeHeapSize                  = 122916538                              {pd product} {ergonomic}
    uintx ProfiledCodeHeapSize                     = 122916538                              {pd product} {ergonomic}
    uintx ReservedCodeCacheSize                    = 251658240                              {pd product} {ergonomic}
     bool SegmentedCodeCache                       = true                                      {product} {ergonomic}
     bool UseCompressedClassPointers               = true                                 {lp64_product} {ergonomic}
     bool UseCompressedOops                        = true                                 {lp64_product} {ergonomic}
     bool UseG1GC                                  = true                                      {product} {ergonomic}
     bool UseLargePagesIndividualAllocation        = false                                  {pd product} {ergonomic}

Logging:
Log output configuration:
 #0: stdout all=warning uptime,level,tags
 #1: stderr all=off uptime,level,tags

Environment Variables:
PATH=C:\Program Files\Common Files\Oracle\Java\javapath;C:\Program Files (x86)\Common Files\Oracle\Java\javapath;C:\Windows\system32;C:\Windows;C:\Windows\System32\Wbem;C:\Windows\System32\WindowsPowerShell\v1.0\;C:\Windows\System32\OpenSSH\;C:\ProgramData\chocolatey\bin;C:\Program Files (x86)\Yarn\bin\;C:\Program Files\Git\cmd;C:\Program Files\nodejs\;C:\Users\felip\AppData\Local\Microsoft\WindowsApps;C:\Users\felip\AppData\Local\Programs\Microsoft VS Code\bin;C:\Users\felip\AppData\Local\Yarn\bin;C:\Users\felip\AppData\Local\GitHubDesktop\bin;C:\Users\felip\AppData\Roaming\npm
USERNAME=felip
OS=Windows_NT
PROCESSOR_IDENTIFIER=Intel64 Family 6 Model 23 Stepping 10, GenuineIntel



---------------  S Y S T E M  ---------------

OS: Windows 10 , 64 bit Build 19041 (10.0.19041.1348)
OS uptime: 4 days 18:58 hours

CPU:total 2 (initial active 2) (2 cores per cpu, 1 threads per core) family 6 model 23 stepping 10 microcode 0xa0c, cmov, cx8, fxsr, mmx, sse, sse2, sse3, ssse3, tsc

Memory: 4k page, system-wide physical 4061M (62M free)
TotalPageFile size 4061M (AvailPageFile size 8M)
current process WorkingSet (physical memory assigned to process): 351M, peak: 352M
current process commit charge ("private bytes"): 429M, peak: 452M

vm_info: OpenJDK 64-Bit Server VM (11.0.11+9-b60-7590822) for windows-amd64 JRE (11.0.11+9-b60-7590822), built on Jul 29 2021 21:43:44 by "builder" with MS VC++ 14.0 (VS2015)

END.
