#
# There is insufficient memory for the Java Runtime Environment to continue.
# Native memory allocation (mmap) failed to map 69206016 bytes for Failed to commit area from 0x00000000eb700000 to 0x00000000ef900000 of length 69206016.
# Possible reasons:
#   The system is out of physical RAM or swap space
#   The process is running with CompressedOops enabled, and the Java Heap may be blocking the growth of the native heap
# Possible solutions:
#   Reduce memory load on the system
#   Increase physical memory or swap space
#   Check if swap backing store is full
#   Decrease Java heap size (-Xmx/-Xms)
#   Decrease number of Java threads
#   Decrease Java thread stack sizes (-Xss)
#   Set larger code cache with -XX:ReservedCodeCacheSize=
#   JVM is running with Unscaled Compressed Oops mode in which the Java heap is
#     placed in the first 4GB address space. The Java Heap base address is the
#     maximum limit for the native heap growth. Please use -XX:HeapBaseMinAddress
#     to set the Java Heap base and to place the Java Heap above 4GB virtual address.
# This output file may be truncated or incomplete.
#
#  Out of Memory Error (./src/hotspot/os/windows/os_windows.cpp:3301), pid=4064, tid=700
#
# JRE version: OpenJDK Runtime Environment (11.0.11+9) (build 11.0.11+9-b60-7590822)
# Java VM: OpenJDK 64-Bit Server VM (11.0.11+9-b60-7590822, mixed mode, tiered, compressed oops, g1 gc, windows-amd64)
# No core dump will be written. Minidumps are not enabled by default on client versions of Windows
#

---------------  S U M M A R Y ------------

Command Line: --add-opens=java.base/java.util=ALL-UNNAMED --add-opens=java.base/java.lang=ALL-UNNAMED --add-opens=java.base/java.lang.invoke=ALL-UNNAMED --add-opens=java.base/java.util=ALL-UNNAMED --add-opens=java.prefs/java.util.prefs=ALL-UNNAMED --add-opens=java.prefs/java.util.prefs=ALL-UNNAMED --add-opens=java.base/java.nio.charset=ALL-UNNAMED --add-opens=java.base/java.net=ALL-UNNAMED --add-opens=java.base/java.util.concurrent.atomic=ALL-UNNAMED -Xmx512m -Dfile.encoding=UTF-8 -Duser.country=US -Duser.language=en -Duser.variant org.gradle.launcher.daemon.bootstrap.GradleDaemon 7.0.2

Host: Celeron(R) Dual-Core CPU       T3500  @ 2.10GHz, 2 cores, 3G,  Windows 10 , 64 bit Build 19041 (10.0.19041.1348)
Time: Fri Dec  3 14:33:20 2021 E. South America Standard Time elapsed time: 211.336796 seconds (0d 0h 3m 31s)

---------------  T H R E A D  ---------------

Current thread (0x0000026e31fa3000):  VMThread "VM Thread" [stack: 0x000000b3fdc00000,0x000000b3fdd00000] [id=700]

Stack: [0x000000b3fdc00000,0x000000b3fdd00000]
[error occurred during error reporting (printing stack bounds), id 0xc0000005, EXCEPTION_ACCESS_VIOLATION (0xc0000005) at pc=0x0000026e1f440f3d]

Native frames: (J=compiled Java code, j=interpreted, Vv=VM code, C=native code)
V  [jvm.dll+0x5f214a]
V  [jvm.dll+0x726fb5]
V  [jvm.dll+0x7285cd]
V  [jvm.dll+0x728be5]
V  [jvm.dll+0x728b9b]
V  [jvm.dll+0x5f14e8]
V  [jvm.dll+0x5f1c78]
C  [ntdll.dll+0xa20cf]
C  [ntdll.dll+0x51454]
C  [ntdll.dll+0xa0bfe]
C  0x0000026e1f440f3d

VM_Operation (0x000000b3804f93a0): G1CollectForAllocation, mode: safepoint, requested by thread 0x0000026e342bb000


---------------  P R O C E S S  ---------------

Threads class SMR info:
_java_thread_list=0x0000026e34178e80, length=42, elements={
0x0000026e1b941800, 0x0000026e31fca000, 0x0000026e31fd3000, 0x0000026e32022800,
0x0000026e32023800, 0x0000026e32026000, 0x0000026e32037800, 0x0000026e32039000,
0x0000026e3206d800, 0x0000026e322ad000, 0x0000026e340fe800, 0x0000026e33317800,
0x0000026e341b9800, 0x0000026e34380800, 0x0000026e3341e000, 0x0000026e34441000,
0x0000026e331b6800, 0x0000026e343cd000, 0x0000026e343cf000, 0x0000026e343ce000,
0x0000026e343ca000, 0x0000026e343cb000, 0x0000026e343c9000, 0x0000026e343cf800,
0x0000026e343cb800, 0x0000026e342ae000, 0x0000026e342b3000, 0x0000026e342af000,
0x0000026e342b2000, 0x0000026e342b5800, 0x0000026e342b4800, 0x0000026e342b1000,
0x0000026e342b0800, 0x0000026e342b9800, 0x0000026e342b8800, 0x0000026e342bb000,
0x0000026e342bc000, 0x0000026e342b7000, 0x0000026e342ba000, 0x0000026e342bc800,
0x0000026e343cc800, 0x0000026e386c4000
}

Java Threads: ( => current thread )
  0x0000026e1b941800 JavaThread "main" [_thread_blocked, id=6584, stack(0x000000b3fd600000,0x000000b3fd700000)]
  0x0000026e31fca000 JavaThread "Reference Handler" daemon [_thread_blocked, id=4752, stack(0x000000b3fdd00000,0x000000b3fde00000)]
  0x0000026e31fd3000 JavaThread "Finalizer" daemon [_thread_blocked, id=3976, stack(0x000000b3fde00000,0x000000b3fdf00000)]
  0x0000026e32022800 JavaThread "Signal Dispatcher" daemon [_thread_blocked, id=6160, stack(0x000000b3fdf00000,0x000000b3fe000000)]
  0x0000026e32023800 JavaThread "Attach Listener" daemon [_thread_blocked, id=8604, stack(0x000000b3fe000000,0x000000b3fe100000)]
  0x0000026e32026000 JavaThread "Service Thread" daemon [_thread_blocked, id=5456, stack(0x000000b3fe100000,0x000000b3fe200000)]
  0x0000026e32037800 JavaThread "C2 CompilerThread0" daemon [_thread_blocked, id=8352, stack(0x000000b3fe200000,0x000000b3fe300000)]
  0x0000026e32039000 JavaThread "C1 CompilerThread0" daemon [_thread_blocked, id=5240, stack(0x000000b3fe300000,0x000000b3fe400000)]
  0x0000026e3206d800 JavaThread "Sweeper thread" daemon [_thread_blocked, id=2908, stack(0x000000b3fe400000,0x000000b3fe500000)]
  0x0000026e322ad000 JavaThread "Common-Cleaner" daemon [_thread_blocked, id=3912, stack(0x000000b3fe500000,0x000000b3fe600000)]
  0x0000026e340fe800 JavaThread "Daemon health stats" [_thread_blocked, id=6628, stack(0x000000b3fe800000,0x000000b3fe900000)]
  0x0000026e33317800 JavaThread "Incoming local TCP Connector on port 1615" [_thread_in_native, id=4464, stack(0x000000b3fe900000,0x000000b3fea00000)]
  0x0000026e341b9800 JavaThread "Daemon periodic checks" [_thread_blocked, id=1424, stack(0x000000b3fea00000,0x000000b3feb00000)]
  0x0000026e34380800 JavaThread "Daemon" [_thread_blocked, id=5636, stack(0x000000b3feb00000,0x000000b3fec00000)]
  0x0000026e3341e000 JavaThread "Handler for socket connection from /127.0.0.1:1615 to /127.0.0.1:1616" [_thread_in_native, id=6416, stack(0x000000b3fec00000,0x000000b3fed00000)]
  0x0000026e34441000 JavaThread "Cancel handler" [_thread_blocked, id=5160, stack(0x000000b3fed00000,0x000000b3fee00000)]
  0x0000026e331b6800 JavaThread "Daemon worker" [_thread_blocked, id=4844, stack(0x000000b3fee00000,0x000000b3fef00000)]
  0x0000026e343cd000 JavaThread "Asynchronous log dispatcher for DefaultDaemonConnection: socket connection from /127.0.0.1:1615 to /127.0.0.1:1616" [_thread_blocked, id=6804, stack(0x000000b3fef00000,0x000000b3ff000000)]
  0x0000026e343cf000 JavaThread "Daemon client event forwarder" [_thread_blocked, id=9104, stack(0x000000b3ff100000,0x000000b3ff200000)]
  0x0000026e343ce000 JavaThread "Cache worker for file hash cache (C:\Users\felip\.gradle\caches\7.0.2\fileHashes)" [_thread_blocked, id=5992, stack(0x000000b3ff200000,0x000000b3ff300000)]
  0x0000026e343ca000 JavaThread "File lock request listener" [_thread_in_native, id=112, stack(0x000000b3ff300000,0x000000b3ff400000)]
  0x0000026e343cb000 JavaThread "Cache worker for journal cache (C:\Users\felip\.gradle\caches\journal-1)" [_thread_blocked, id=5148, stack(0x000000b3ff400000,0x000000b3ff500000)]
  0x0000026e343c9000 JavaThread "Cache worker for file hash cache (C:\Users\felip\AndroidStudioProjects\VideoApp\.gradle\7.0.2\fileHashes)" [_thread_blocked, id=7860, stack(0x000000b3ff500000,0x000000b3ff600000)]
  0x0000026e343cf800 JavaThread "File watcher server" daemon [_thread_blocked, id=1828, stack(0x000000b3ff600000,0x000000b3ff700000)]
  0x0000026e343cb800 JavaThread "File watcher consumer" daemon [_thread_blocked, id=3900, stack(0x000000b3ff700000,0x000000b3ff800000)]
  0x0000026e342ae000 JavaThread "Cache worker for checksums cache (C:\Users\felip\AndroidStudioProjects\VideoApp\.gradle\checksums)" [_thread_blocked, id=5792, stack(0x000000b3ff800000,0x000000b3ff900000)]
  0x0000026e342b3000 JavaThread "Cache worker for cache directory md-supplier (C:\Users\felip\.gradle\caches\7.0.2\md-supplier)" [_thread_blocked, id=5164, stack(0x000000b3ff900000,0x000000b3ffa00000)]
  0x0000026e342af000 JavaThread "Cache worker for cache directory md-rule (C:\Users\felip\.gradle\caches\7.0.2\md-rule)" [_thread_blocked, id=1204, stack(0x000000b3ffa00000,0x000000b3ffb00000)]
  0x0000026e342b2000 JavaThread "Cache worker for execution history cache (C:\Users\felip\.gradle\caches\7.0.2\executionHistory)" [_thread_blocked, id=3188, stack(0x000000b3ffb00000,0x000000b3ffc00000)]
  0x0000026e342b5800 JavaThread "jar transforms" [_thread_blocked, id=2532, stack(0x000000b3ffc00000,0x000000b3ffd00000)]
  0x0000026e342b4800 JavaThread "jar transforms Thread 2" [_thread_blocked, id=4316, stack(0x000000b3ffd00000,0x000000b3ffe00000)]
  0x0000026e342b1000 JavaThread "Cache worker for file content cache (C:\Users\felip\.gradle\caches\7.0.2\fileContent)" [_thread_blocked, id=5128, stack(0x000000b3ffe00000,0x000000b3fff00000)]
  0x0000026e342b0800 JavaThread "Cache worker for dependencies-accessors (C:\Users\felip\AndroidStudioProjects\VideoApp\.gradle\7.0.2\dependencies-accessors)" [_thread_blocked, id=7944, stack(0x000000b3fff00000,0x000000b400000000)]
  0x0000026e342b9800 JavaThread "Cache worker for Build Output Cleanup Cache (C:\Users\felip\AndroidStudioProjects\VideoApp\.gradle\buildOutputCleanup)" [_thread_blocked, id=2872, stack(0x000000b380200000,0x000000b380300000)]
  0x0000026e342b8800 JavaThread "Build operations" [_thread_blocked, id=6540, stack(0x000000b380300000,0x000000b380400000)]
  0x0000026e342bb000 JavaThread "Build operations Thread 2" [_thread_blocked, id=7948, stack(0x000000b380400000,0x000000b380500000)]
  0x0000026e342bc000 JavaThread "Memory manager" [_thread_blocked, id=6076, stack(0x000000b380500000,0x000000b380600000)]
  0x0000026e342b7000 JavaThread "build event listener" [_thread_blocked, id=4416, stack(0x000000b380600000,0x000000b380700000)]
  0x0000026e342ba000 JavaThread "build event listener" [_thread_blocked, id=8436, stack(0x000000b380700000,0x000000b380800000)]
  0x0000026e342bc800 JavaThread "Execution worker for ':'" [_thread_blocked, id=4232, stack(0x000000b380800000,0x000000b380900000)]
  0x0000026e343cc800 JavaThread "Cache worker for execution history cache (C:\Users\felip\AndroidStudioProjects\VideoApp\.gradle\7.0.2\executionHistory)" [_thread_blocked, id=6048, stack(0x000000b380900000,0x000000b380a00000)]
  0x0000026e386c4000 JavaThread "WorkerExecutor Queue" [_thread_blocked, id=3816, stack(0x000000b380000000,0x000000b380100000)]

Other Threads:
=>0x0000026e31fa3000 VMThread "VM Thread" [stack: 0x000000b3fdc00000,0x000000b3fdd00000] [id=700]
  0x0000026e322ed000 WatcherThread [stack: 0x000000b3fe600000,0x000000b3fe700000] [id=4388]
  0x0000026e1b95b800 GCTaskThread "GC Thread#0" [stack: 0x000000b3fd700000,0x000000b3fd800000] [id=4456]
  0x0000026e323d7800 GCTaskThread "GC Thread#1" [stack: 0x000000b3fe700000,0x000000b3fe800000] [id=8172]
  0x0000026e1b96c800 ConcurrentGCThread "G1 Main Marker" [stack: 0x000000b3fd800000,0x000000b3fd900000] [id=5968]
  0x0000026e1b96e000 ConcurrentGCThread "G1 Conc#0" [stack: 0x000000b3fd900000,0x000000b3fda00000] [id=8068]
  0x0000026e1b9bd800 ConcurrentGCThread "G1 Refine#0" [stack: 0x000000b3fda00000,0x000000b3fdb00000] [id=2276]
  0x0000026e1b9be800 ConcurrentGCThread "G1 Young RemSet Sampling" [stack: 0x000000b3fdb00000,0x000000b3fdc00000] [id=4840]

Threads with active compile tasks:
C2 CompilerThread0 211610 11944       4       com.android.tools.r8.graph.G0::a (106 bytes)

VM state:at safepoint (normal execution)

VM Mutex/Monitor currently owned by a thread:  ([mutex/lock_event])
[0x0000026e1b93da50] Threads_lock - owner thread: 0x0000026e31fa3000
[0x0000026e1b93e350] Heap_lock - owner thread: 0x0000026e342bb000

Heap address: 0x00000000e0000000, size: 512 MB, Compressed Oops mode: 32-bit
Narrow klass base: 0x0000000000000000, Narrow klass shift: 3
Compressed class space size: 1073741824 Address: 0x0000000100000000

Heap:
 garbage-first heap   total 254976K, used 153806K [0x00000000e0000000, 0x0000000100000000)
  region size 1024K, 2 young (2048K), 2 survivors (2048K)
 Metaspace       used 95347K, capacity 97521K, committed 97788K, reserved 1134592K
  class space    used 12214K, capacity 13018K, committed 13184K, reserved 1048576K
Heap Regions: E=young(eden), S=young(survivor), O=old, HS=humongous(starts), HC=humongous(continues), CS=collection set, F=free, A=archive, TAMS=top-at-mark-start (previous, next)
|   0|0x00000000e0000000, 0x00000000e0100000, 0x00000000e0100000|100%| O|  |TAMS 0x00000000e0100000, 0x00000000e0000000| Untracked 
|   1|0x00000000e0100000, 0x00000000e0200000, 0x00000000e0200000|100%| O|  |TAMS 0x00000000e0100000, 0x00000000e0100000| Untracked 
|   2|0x00000000e0200000, 0x00000000e0300000, 0x00000000e0300000|100%| O|  |TAMS 0x00000000e0300000, 0x00000000e0200000| Untracked 
|   3|0x00000000e0300000, 0x00000000e0400000, 0x00000000e0400000|100%| O|  |TAMS 0x00000000e0400000, 0x00000000e0300000| Untracked 
|   4|0x00000000e0400000, 0x00000000e0500000, 0x00000000e0500000|100%|HS|  |TAMS 0x00000000e0500000, 0x00000000e0400000| Complete 
|   5|0x00000000e0500000, 0x00000000e0600000, 0x00000000e0600000|100%|HC|  |TAMS 0x00000000e0600000, 0x00000000e0500000| Complete 
|   6|0x00000000e0600000, 0x00000000e0700000, 0x00000000e0700000|100%|HC|  |TAMS 0x00000000e0700000, 0x00000000e0600000| Complete 
|   7|0x00000000e0700000, 0x00000000e0800000, 0x00000000e0800000|100%| O|  |TAMS 0x00000000e0800000, 0x00000000e0700000| Untracked 
|   8|0x00000000e0800000, 0x00000000e0900000, 0x00000000e0900000|100%| O|  |TAMS 0x00000000e0900000, 0x00000000e0800000| Untracked 
|   9|0x00000000e0900000, 0x00000000e0a00000, 0x00000000e0a00000|100%| O|  |TAMS 0x00000000e0a00000, 0x00000000e0900000| Untracked 
|  10|0x00000000e0a00000, 0x00000000e0b00000, 0x00000000e0b00000|100%| O|  |TAMS 0x00000000e0b00000, 0x00000000e0a00000| Untracked 
|  11|0x00000000e0b00000, 0x00000000e0c00000, 0x00000000e0c00000|100%| O|  |TAMS 0x00000000e0c00000, 0x00000000e0b00000| Untracked 
|  12|0x00000000e0c00000, 0x00000000e0d00000, 0x00000000e0d00000|100%| O|  |TAMS 0x00000000e0d00000, 0x00000000e0c00000| Untracked 
|  13|0x00000000e0d00000, 0x00000000e0e00000, 0x00000000e0e00000|100%| O|  |TAMS 0x00000000e0e00000, 0x00000000e0d00000| Untracked 
|  14|0x00000000e0e00000, 0x00000000e0f00000, 0x00000000e0f00000|100%| O|  |TAMS 0x00000000e0f00000, 0x00000000e0e00000| Untracked 
|  15|0x00000000e0f00000, 0x00000000e1000000, 0x00000000e1000000|100%| O|  |TAMS 0x00000000e1000000, 0x00000000e0f00000| Untracked 
|  16|0x00000000e1000000, 0x00000000e1100000, 0x00000000e1100000|100%| O|  |TAMS 0x00000000e1100000, 0x00000000e1000000| Untracked 
|  17|0x00000000e1100000, 0x00000000e1200000, 0x00000000e1200000|100%| O|  |TAMS 0x00000000e1200000, 0x00000000e1100000| Untracked 
|  18|0x00000000e1200000, 0x00000000e1300000, 0x00000000e1300000|100%| O|  |TAMS 0x00000000e1300000, 0x00000000e1200000| Untracked 
|  19|0x00000000e1300000, 0x00000000e1400000, 0x00000000e1400000|100%| O|  |TAMS 0x00000000e1400000, 0x00000000e1300000| Untracked 
|  20|0x00000000e1400000, 0x00000000e1500000, 0x00000000e1500000|100%| O|  |TAMS 0x00000000e1500000, 0x00000000e1400000| Untracked 
|  21|0x00000000e1500000, 0x00000000e1600000, 0x00000000e1600000|100%| O|  |TAMS 0x00000000e1600000, 0x00000000e1500000| Untracked 
|  22|0x00000000e1600000, 0x00000000e1700000, 0x00000000e1700000|100%| O|  |TAMS 0x00000000e1700000, 0x00000000e1600000| Untracked 
|  23|0x00000000e1700000, 0x00000000e1800000, 0x00000000e1800000|100%| O|  |TAMS 0x00000000e1800000, 0x00000000e1700000| Untracked 
|  24|0x00000000e1800000, 0x00000000e1900000, 0x00000000e1900000|100%| O|  |TAMS 0x00000000e1900000, 0x00000000e1800000| Untracked 
|  25|0x00000000e1900000, 0x00000000e1a00000, 0x00000000e1a00000|100%| O|  |TAMS 0x00000000e1a00000, 0x00000000e1900000| Untracked 
|  26|0x00000000e1a00000, 0x00000000e1b00000, 0x00000000e1b00000|100%| O|  |TAMS 0x00000000e1b00000, 0x00000000e1a00000| Untracked 
|  27|0x00000000e1b00000, 0x00000000e1c00000, 0x00000000e1c00000|100%| O|  |TAMS 0x00000000e1c00000, 0x00000000e1b00000| Untracked 
|  28|0x00000000e1c00000, 0x00000000e1d00000, 0x00000000e1d00000|100%|HS|  |TAMS 0x00000000e1d00000, 0x00000000e1c00000| Complete 
|  29|0x00000000e1d00000, 0x00000000e1e00000, 0x00000000e1e00000|100%| O|  |TAMS 0x00000000e1e00000, 0x00000000e1d00000| Untracked 
|  30|0x00000000e1e00000, 0x00000000e1f00000, 0x00000000e1f00000|100%|HS|  |TAMS 0x00000000e1f00000, 0x00000000e1e00000| Complete 
|  31|0x00000000e1f00000, 0x00000000e2000000, 0x00000000e2000000|100%| O|  |TAMS 0x00000000e2000000, 0x00000000e1f00000| Untracked 
|  32|0x00000000e2000000, 0x00000000e2100000, 0x00000000e2100000|100%| O|  |TAMS 0x00000000e2100000, 0x00000000e2000000| Untracked 
|  33|0x00000000e2100000, 0x00000000e2200000, 0x00000000e2200000|100%|HS|  |TAMS 0x00000000e2200000, 0x00000000e2100000| Complete 
|  34|0x00000000e2200000, 0x00000000e2300000, 0x00000000e2300000|100%| O|  |TAMS 0x00000000e2300000, 0x00000000e2200000| Untracked 
|  35|0x00000000e2300000, 0x00000000e2400000, 0x00000000e2400000|100%| O|  |TAMS 0x00000000e2300000, 0x00000000e2300000| Untracked 
|  36|0x00000000e2400000, 0x00000000e2500000, 0x00000000e2500000|100%|HS|  |TAMS 0x00000000e2500000, 0x00000000e2400000| Complete 
|  37|0x00000000e2500000, 0x00000000e2600000, 0x00000000e2600000|100%|HC|  |TAMS 0x00000000e2600000, 0x00000000e2500000| Complete 
|  38|0x00000000e2600000, 0x00000000e2700000, 0x00000000e2700000|100%|HC|  |TAMS 0x00000000e2700000, 0x00000000e2600000| Complete 
|  39|0x00000000e2700000, 0x00000000e2800000, 0x00000000e2800000|100%| O|  |TAMS 0x00000000e2800000, 0x00000000e2700000| Untracked 
|  40|0x00000000e2800000, 0x00000000e2900000, 0x00000000e2900000|100%| O|  |TAMS 0x00000000e2900000, 0x00000000e2800000| Untracked 
|  41|0x00000000e2900000, 0x00000000e2a00000, 0x00000000e2a00000|100%|HS|  |TAMS 0x00000000e2a00000, 0x00000000e2900000| Complete 
|  42|0x00000000e2a00000, 0x00000000e2b00000, 0x00000000e2b00000|100%|HC|  |TAMS 0x00000000e2b00000, 0x00000000e2a00000| Complete 
|  43|0x00000000e2b00000, 0x00000000e2c00000, 0x00000000e2c00000|100%| O|  |TAMS 0x00000000e2c00000, 0x00000000e2b00000| Untracked 
|  44|0x00000000e2c00000, 0x00000000e2d00000, 0x00000000e2d00000|100%| O|  |TAMS 0x00000000e2d00000, 0x00000000e2c00000| Untracked 
|  45|0x00000000e2d00000, 0x00000000e2e00000, 0x00000000e2e00000|100%| O|  |TAMS 0x00000000e2e00000, 0x00000000e2d00000| Untracked 
|  46|0x00000000e2e00000, 0x00000000e2f00000, 0x00000000e2f00000|100%| O|  |TAMS 0x00000000e2f00000, 0x00000000e2e00000| Untracked 
|  47|0x00000000e2f00000, 0x00000000e3000000, 0x00000000e3000000|100%| O|  |TAMS 0x00000000e3000000, 0x00000000e2f00000| Untracked 
|  48|0x00000000e3000000, 0x00000000e3100000, 0x00000000e3100000|100%| O|  |TAMS 0x00000000e3100000, 0x00000000e3000000| Untracked 
|  49|0x00000000e3100000, 0x00000000e3200000, 0x00000000e3200000|100%| O|  |TAMS 0x00000000e3200000, 0x00000000e3100000| Untracked 
|  50|0x00000000e3200000, 0x00000000e3300000, 0x00000000e3300000|100%| O|  |TAMS 0x00000000e3300000, 0x00000000e3200000| Untracked 
|  51|0x00000000e3300000, 0x00000000e3400000, 0x00000000e3400000|100%| O|  |TAMS 0x00000000e3400000, 0x00000000e3300000| Untracked 
|  52|0x00000000e3400000, 0x00000000e3500000, 0x00000000e3500000|100%| O|  |TAMS 0x00000000e3400000, 0x00000000e3400000| Untracked 
|  53|0x00000000e3500000, 0x00000000e3600000, 0x00000000e3600000|100%| O|  |TAMS 0x00000000e3600000, 0x00000000e3500000| Untracked 
|  54|0x00000000e3600000, 0x00000000e3700000, 0x00000000e3700000|100%| O|  |TAMS 0x00000000e3700000, 0x00000000e3600000| Untracked 
|  55|0x00000000e3700000, 0x00000000e3800000, 0x00000000e3800000|100%| O|  |TAMS 0x00000000e3800000, 0x00000000e3700000| Untracked 
|  56|0x00000000e3800000, 0x00000000e3900000, 0x00000000e3900000|100%| O|  |TAMS 0x00000000e3900000, 0x00000000e3800000| Untracked 
|  57|0x00000000e3900000, 0x00000000e3a00000, 0x00000000e3a00000|100%| O|  |TAMS 0x00000000e3a00000, 0x00000000e3900000| Untracked 
|  58|0x00000000e3a00000, 0x00000000e3b00000, 0x00000000e3b00000|100%| O|  |TAMS 0x00000000e3b00000, 0x00000000e3a00000| Untracked 
|  59|0x00000000e3b00000, 0x00000000e3c00000, 0x00000000e3c00000|100%| O|  |TAMS 0x00000000e3c00000, 0x00000000e3b00000| Untracked 
|  60|0x00000000e3c00000, 0x00000000e3d00000, 0x00000000e3d00000|100%| O|  |TAMS 0x00000000e3d00000, 0x00000000e3c00000| Untracked 
|  61|0x00000000e3d00000, 0x00000000e3e00000, 0x00000000e3e00000|100%| O|  |TAMS 0x00000000e3e00000, 0x00000000e3d00000| Untracked 
|  62|0x00000000e3e00000, 0x00000000e3f00000, 0x00000000e3f00000|100%| O|  |TAMS 0x00000000e3f00000, 0x00000000e3e00000| Untracked 
|  63|0x00000000e3f00000, 0x00000000e4000000, 0x00000000e4000000|100%| O|  |TAMS 0x00000000e4000000, 0x00000000e3f00000| Untracked 
|  64|0x00000000e4000000, 0x00000000e4100000, 0x00000000e4100000|100%| O|  |TAMS 0x00000000e4100000, 0x00000000e4000000| Untracked 
|  65|0x00000000e4100000, 0x00000000e4200000, 0x00000000e4200000|100%| O|  |TAMS 0x00000000e4200000, 0x00000000e4100000| Untracked 
|  66|0x00000000e4200000, 0x00000000e4300000, 0x00000000e4300000|100%| O|  |TAMS 0x00000000e4300000, 0x00000000e4200000| Untracked 
|  67|0x00000000e4300000, 0x00000000e4400000, 0x00000000e4400000|100%| O|  |TAMS 0x00000000e4400000, 0x00000000e4300000| Untracked 
|  68|0x00000000e4400000, 0x00000000e4500000, 0x00000000e4500000|100%| O|  |TAMS 0x00000000e4500000, 0x00000000e4400000| Untracked 
|  69|0x00000000e4500000, 0x00000000e4600000, 0x00000000e4600000|100%| O|  |TAMS 0x00000000e4600000, 0x00000000e4500000| Untracked 
|  70|0x00000000e4600000, 0x00000000e4700000, 0x00000000e4700000|100%| O|  |TAMS 0x00000000e4700000, 0x00000000e4600000| Untracked 
|  71|0x00000000e4700000, 0x00000000e4800000, 0x00000000e4800000|100%| O|  |TAMS 0x00000000e4800000, 0x00000000e4700000| Untracked 
|  72|0x00000000e4800000, 0x00000000e4900000, 0x00000000e4900000|100%| O|  |TAMS 0x00000000e4900000, 0x00000000e4800000| Untracked 
|  73|0x00000000e4900000, 0x00000000e4a00000, 0x00000000e4a00000|100%| O|  |TAMS 0x00000000e4a00000, 0x00000000e4900000| Untracked 
|  74|0x00000000e4a00000, 0x00000000e4b00000, 0x00000000e4b00000|100%| O|  |TAMS 0x00000000e4b00000, 0x00000000e4a00000| Untracked 
|  75|0x00000000e4b00000, 0x00000000e4c00000, 0x00000000e4c00000|100%| O|  |TAMS 0x00000000e4c00000, 0x00000000e4b00000| Untracked 
|  76|0x00000000e4c00000, 0x00000000e4d00000, 0x00000000e4d00000|100%| O|  |TAMS 0x00000000e4d00000, 0x00000000e4c00000| Untracked 
|  77|0x00000000e4d00000, 0x00000000e4e00000, 0x00000000e4e00000|100%| O|  |TAMS 0x00000000e4e00000, 0x00000000e4d00000| Untracked 
|  78|0x00000000e4e00000, 0x00000000e4f00000, 0x00000000e4f00000|100%| O|  |TAMS 0x00000000e4f00000, 0x00000000e4e00000| Untracked 
|  79|0x00000000e4f00000, 0x00000000e5000000, 0x00000000e5000000|100%| O|  |TAMS 0x00000000e5000000, 0x00000000e4f00000| Untracked 
|  80|0x00000000e5000000, 0x00000000e5100000, 0x00000000e5100000|100%| O|  |TAMS 0x00000000e5100000, 0x00000000e5000000| Untracked 
|  81|0x00000000e5100000, 0x00000000e5200000, 0x00000000e5200000|100%| O|  |TAMS 0x00000000e5200000, 0x00000000e5100000| Untracked 
|  82|0x00000000e5200000, 0x00000000e5300000, 0x00000000e5300000|100%| O|  |TAMS 0x00000000e5300000, 0x00000000e5200000| Untracked 
|  83|0x00000000e5300000, 0x00000000e5400000, 0x00000000e5400000|100%| O|  |TAMS 0x00000000e5400000, 0x00000000e5300000| Untracked 
|  84|0x00000000e5400000, 0x00000000e5500000, 0x00000000e5500000|100%| O|  |TAMS 0x00000000e5500000, 0x00000000e5400000| Untracked 
|  85|0x00000000e5500000, 0x00000000e5600000, 0x00000000e5600000|100%| O|  |TAMS 0x00000000e5600000, 0x00000000e5500000| Untracked 
|  86|0x00000000e5600000, 0x00000000e5700000, 0x00000000e5700000|100%| O|  |TAMS 0x00000000e5700000, 0x00000000e5600000| Untracked 
|  87|0x00000000e5700000, 0x00000000e5800000, 0x00000000e5800000|100%| O|  |TAMS 0x00000000e5800000, 0x00000000e5700000| Untracked 
|  88|0x00000000e5800000, 0x00000000e5900000, 0x00000000e5900000|100%| O|  |TAMS 0x00000000e5900000, 0x00000000e5800000| Untracked 
|  89|0x00000000e5900000, 0x00000000e5a00000, 0x00000000e5a00000|100%|HS|  |TAMS 0x00000000e5a00000, 0x00000000e5900000| Complete 
|  90|0x00000000e5a00000, 0x00000000e5b00000, 0x00000000e5b00000|100%| O|  |TAMS 0x00000000e5b00000, 0x00000000e5a00000| Untracked 
|  91|0x00000000e5b00000, 0x00000000e5c00000, 0x00000000e5c00000|100%| O|  |TAMS 0x00000000e5c00000, 0x00000000e5b00000| Untracked 
|  92|0x00000000e5c00000, 0x00000000e5d00000, 0x00000000e5d00000|100%| O|  |TAMS 0x00000000e5d00000, 0x00000000e5c00000| Untracked 
|  93|0x00000000e5d00000, 0x00000000e5e00000, 0x00000000e5e00000|100%| O|  |TAMS 0x00000000e5e00000, 0x00000000e5d00000| Untracked 
|  94|0x00000000e5e00000, 0x00000000e5f00000, 0x00000000e5f00000|100%| O|  |TAMS 0x00000000e5f00000, 0x00000000e5e00000| Untracked 
|  95|0x00000000e5f00000, 0x00000000e6000000, 0x00000000e6000000|100%| O|  |TAMS 0x00000000e6000000, 0x00000000e5f00000| Untracked 
|  96|0x00000000e6000000, 0x00000000e6100000, 0x00000000e6100000|100%| O|  |TAMS 0x00000000e6100000, 0x00000000e6000000| Untracked 
|  97|0x00000000e6100000, 0x00000000e6200000, 0x00000000e6200000|100%| O|  |TAMS 0x00000000e6200000, 0x00000000e6100000| Untracked 
|  98|0x00000000e6200000, 0x00000000e6300000, 0x00000000e6300000|100%| O|  |TAMS 0x00000000e6300000, 0x00000000e6200000| Untracked 
|  99|0x00000000e6300000, 0x00000000e6400000, 0x00000000e6400000|100%| O|  |TAMS 0x00000000e6400000, 0x00000000e6300000| Untracked 
| 100|0x00000000e6400000, 0x00000000e6500000, 0x00000000e6500000|100%| O|  |TAMS 0x00000000e6500000, 0x00000000e6400000| Untracked 
| 101|0x00000000e6500000, 0x00000000e6600000, 0x00000000e6600000|100%| O|  |TAMS 0x00000000e6600000, 0x00000000e6500000| Untracked 
| 102|0x00000000e6600000, 0x00000000e6700000, 0x00000000e6700000|100%| O|  |TAMS 0x00000000e6700000, 0x00000000e6600000| Untracked 
| 103|0x00000000e6700000, 0x00000000e6800000, 0x00000000e6800000|100%| O|  |TAMS 0x00000000e6800000, 0x00000000e6700000| Untracked 
| 104|0x00000000e6800000, 0x00000000e6900000, 0x00000000e6900000|100%| O|  |TAMS 0x00000000e6900000, 0x00000000e6800000| Untracked 
| 105|0x00000000e6900000, 0x00000000e6a00000, 0x00000000e6a00000|100%| O|  |TAMS 0x00000000e6a00000, 0x00000000e6900000| Untracked 
| 106|0x00000000e6a00000, 0x00000000e6b00000, 0x00000000e6b00000|100%| O|  |TAMS 0x00000000e6b00000, 0x00000000e6a00000| Untracked 
| 107|0x00000000e6b00000, 0x00000000e6c00000, 0x00000000e6c00000|100%| O|  |TAMS 0x00000000e6c00000, 0x00000000e6b00000| Untracked 
| 108|0x00000000e6c00000, 0x00000000e6d00000, 0x00000000e6d00000|100%| O|  |TAMS 0x00000000e6d00000, 0x00000000e6c00000| Untracked 
| 109|0x00000000e6d00000, 0x00000000e6e00000, 0x00000000e6e00000|100%| O|  |TAMS 0x00000000e6e00000, 0x00000000e6d00000| Untracked 
| 110|0x00000000e6e00000, 0x00000000e6f00000, 0x00000000e6f00000|100%| O|  |TAMS 0x00000000e6f00000, 0x00000000e6e00000| Untracked 
| 111|0x00000000e6f00000, 0x00000000e7000000, 0x00000000e7000000|100%| O|  |TAMS 0x00000000e7000000, 0x00000000e6f00000| Untracked 
| 112|0x00000000e7000000, 0x00000000e7100000, 0x00000000e7100000|100%| O|  |TAMS 0x00000000e7100000, 0x00000000e7000000| Untracked 
| 113|0x00000000e7100000, 0x00000000e7200000, 0x00000000e7200000|100%| O|  |TAMS 0x00000000e7200000, 0x00000000e7100000| Untracked 
| 114|0x00000000e7200000, 0x00000000e7300000, 0x00000000e7300000|100%| O|  |TAMS 0x00000000e7300000, 0x00000000e7200000| Untracked 
| 115|0x00000000e7300000, 0x00000000e7400000, 0x00000000e7400000|100%| O|  |TAMS 0x00000000e7400000, 0x00000000e7300000| Untracked 
| 116|0x00000000e7400000, 0x00000000e7500000, 0x00000000e7500000|100%| O|  |TAMS 0x00000000e7500000, 0x00000000e7400000| Untracked 
| 117|0x00000000e7500000, 0x00000000e7600000, 0x00000000e7600000|100%| O|  |TAMS 0x00000000e7600000, 0x00000000e7500000| Untracked 
| 118|0x00000000e7600000, 0x00000000e7700000, 0x00000000e7700000|100%| O|  |TAMS 0x00000000e7700000, 0x00000000e7600000| Untracked 
| 119|0x00000000e7700000, 0x00000000e7800000, 0x00000000e7800000|100%| O|  |TAMS 0x00000000e7800000, 0x00000000e7700000| Untracked 
| 120|0x00000000e7800000, 0x00000000e7900000, 0x00000000e7900000|100%| O|  |TAMS 0x00000000e7900000, 0x00000000e7800000| Untracked 
| 121|0x00000000e7900000, 0x00000000e7a00000, 0x00000000e7a00000|100%| O|  |TAMS 0x00000000e7a00000, 0x00000000e7900000| Untracked 
| 122|0x00000000e7a00000, 0x00000000e7b00000, 0x00000000e7b00000|100%| O|  |TAMS 0x00000000e7b00000, 0x00000000e7a00000| Untracked 
| 123|0x00000000e7b00000, 0x00000000e7c00000, 0x00000000e7c00000|100%| O|  |TAMS 0x00000000e7c00000, 0x00000000e7b00000| Untracked 
| 124|0x00000000e7c00000, 0x00000000e7d00000, 0x00000000e7d00000|100%| O|  |TAMS 0x00000000e7d00000, 0x00000000e7c00000| Untracked 
| 125|0x00000000e7d00000, 0x00000000e7e00000, 0x00000000e7e00000|100%| O|  |TAMS 0x00000000e7e00000, 0x00000000e7d00000| Untracked 
| 126|0x00000000e7e00000, 0x00000000e7f00000, 0x00000000e7f00000|100%| O|  |TAMS 0x00000000e7f00000, 0x00000000e7e00000| Untracked 
| 127|0x00000000e7f00000, 0x00000000e8000000, 0x00000000e8000000|100%| O|  |TAMS 0x00000000e8000000, 0x00000000e7f00000| Untracked 
| 128|0x00000000e8000000, 0x00000000e8100000, 0x00000000e8100000|100%| O|  |TAMS 0x00000000e8100000, 0x00000000e8000000| Untracked 
| 129|0x00000000e8100000, 0x00000000e8200000, 0x00000000e8200000|100%| O|  |TAMS 0x00000000e8200000, 0x00000000e8100000| Untracked 
| 130|0x00000000e8200000, 0x00000000e8300000, 0x00000000e8300000|100%| O|  |TAMS 0x00000000e8300000, 0x00000000e8200000| Untracked 
| 131|0x00000000e8300000, 0x00000000e8400000, 0x00000000e8400000|100%| O|  |TAMS 0x00000000e8400000, 0x00000000e8300000| Untracked 
| 132|0x00000000e8400000, 0x00000000e8500000, 0x00000000e8500000|100%| O|  |TAMS 0x00000000e8500000, 0x00000000e8400000| Untracked 
| 133|0x00000000e8500000, 0x00000000e8600000, 0x00000000e8600000|100%| O|  |TAMS 0x00000000e8600000, 0x00000000e8500000| Untracked 
| 134|0x00000000e8600000, 0x00000000e8700000, 0x00000000e8700000|100%| O|  |TAMS 0x00000000e8600000, 0x00000000e8600000| Untracked 
| 135|0x00000000e8700000, 0x00000000e8800000, 0x00000000e8800000|100%| O|  |TAMS 0x00000000e8700000, 0x00000000e8700000| Untracked 
| 136|0x00000000e8800000, 0x00000000e8900000, 0x00000000e8900000|100%| O|  |TAMS 0x00000000e8800000, 0x00000000e8800000| Untracked 
| 137|0x00000000e8900000, 0x00000000e8a00000, 0x00000000e8a00000|100%| O|  |TAMS 0x00000000e8900000, 0x00000000e8900000| Untracked 
| 138|0x00000000e8a00000, 0x00000000e8b00000, 0x00000000e8b00000|100%| O|  |TAMS 0x00000000e8a00000, 0x00000000e8a00000| Untracked 
| 139|0x00000000e8b00000, 0x00000000e8c00000, 0x00000000e8c00000|100%| O|  |TAMS 0x00000000e8b00000, 0x00000000e8b00000| Untracked 
| 140|0x00000000e8c00000, 0x00000000e8d00000, 0x00000000e8d00000|100%| O|  |TAMS 0x00000000e8c00000, 0x00000000e8c00000| Untracked 
| 141|0x00000000e8d00000, 0x00000000e8e00000, 0x00000000e8e00000|100%| O|  |TAMS 0x00000000e8d00000, 0x00000000e8d00000| Untracked 
| 142|0x00000000e8e00000, 0x00000000e8f00000, 0x00000000e8f00000|100%| O|  |TAMS 0x00000000e8e00000, 0x00000000e8e00000| Untracked 
| 143|0x00000000e8f00000, 0x00000000e9000000, 0x00000000e9000000|100%| O|  |TAMS 0x00000000e8f00000, 0x00000000e8f00000| Untracked 
| 144|0x00000000e9000000, 0x00000000e9100000, 0x00000000e9100000|100%| O|  |TAMS 0x00000000e9000000, 0x00000000e9000000| Untracked 
| 145|0x00000000e9100000, 0x00000000e9200000, 0x00000000e9200000|100%| O|  |TAMS 0x00000000e9100000, 0x00000000e9100000| Untracked 
| 146|0x00000000e9200000, 0x00000000e9300000, 0x00000000e9300000|100%| O|  |TAMS 0x00000000e9200000, 0x00000000e9200000| Untracked 
| 147|0x00000000e9300000, 0x00000000e9400000, 0x00000000e9400000|100%| O|  |TAMS 0x00000000e9300000, 0x00000000e9300000| Untracked 
| 148|0x00000000e9400000, 0x00000000e9433800, 0x00000000e9500000| 20%| O|  |TAMS 0x00000000e9400000, 0x00000000e9400000| Untracked 
| 149|0x00000000e9500000, 0x00000000e9500000, 0x00000000e9600000|  0%| F|  |TAMS 0x00000000e9500000, 0x00000000e9500000| Untracked 
| 150|0x00000000e9600000, 0x00000000e9600000, 0x00000000e9700000|  0%| F|  |TAMS 0x00000000e9600000, 0x00000000e9600000| Untracked 
| 151|0x00000000e9700000, 0x00000000e9700000, 0x00000000e9800000|  0%| F|  |TAMS 0x00000000e9700000, 0x00000000e9700000| Untracked 
| 152|0x00000000e9800000, 0x00000000e9800000, 0x00000000e9900000|  0%| F|  |TAMS 0x00000000e9800000, 0x00000000e9800000| Untracked 
| 153|0x00000000e9900000, 0x00000000e9900000, 0x00000000e9a00000|  0%| F|  |TAMS 0x00000000e9900000, 0x00000000e9900000| Untracked 
| 154|0x00000000e9a00000, 0x00000000e9a00000, 0x00000000e9b00000|  0%| F|  |TAMS 0x00000000e9a00000, 0x00000000e9a00000| Untracked 
| 155|0x00000000e9b00000, 0x00000000e9b00000, 0x00000000e9c00000|  0%| F|  |TAMS 0x00000000e9b00000, 0x00000000e9b00000| Untracked 
| 156|0x00000000e9c00000, 0x00000000e9c00000, 0x00000000e9d00000|  0%| F|  |TAMS 0x00000000e9c00000, 0x00000000e9c00000| Untracked 
| 157|0x00000000e9d00000, 0x00000000e9d00000, 0x00000000e9e00000|  0%| F|  |TAMS 0x00000000e9d00000, 0x00000000e9d00000| Untracked 
| 158|0x00000000e9e00000, 0x00000000e9e00000, 0x00000000e9f00000|  0%| F|  |TAMS 0x00000000e9e00000, 0x00000000e9e00000| Untracked 
| 159|0x00000000e9f00000, 0x00000000e9f00000, 0x00000000ea000000|  0%| F|  |TAMS 0x00000000e9f00000, 0x00000000e9f00000| Untracked 
| 160|0x00000000ea000000, 0x00000000ea000000, 0x00000000ea100000|  0%| F|  |TAMS 0x00000000ea000000, 0x00000000ea000000| Untracked 
| 161|0x00000000ea100000, 0x00000000ea100000, 0x00000000ea200000|  0%| F|  |TAMS 0x00000000ea100000, 0x00000000ea100000| Untracked 
| 162|0x00000000ea200000, 0x00000000ea200000, 0x00000000ea300000|  0%| F|  |TAMS 0x00000000ea200000, 0x00000000ea200000| Untracked 
| 163|0x00000000ea300000, 0x00000000ea300000, 0x00000000ea400000|  0%| F|  |TAMS 0x00000000ea300000, 0x00000000ea300000| Untracked 
| 164|0x00000000ea400000, 0x00000000ea400000, 0x00000000ea500000|  0%| F|  |TAMS 0x00000000ea400000, 0x00000000ea400000| Untracked 
| 165|0x00000000ea500000, 0x00000000ea500000, 0x00000000ea600000|  0%| F|  |TAMS 0x00000000ea500000, 0x00000000ea500000| Untracked 
| 166|0x00000000ea600000, 0x00000000ea600000, 0x00000000ea700000|  0%| F|  |TAMS 0x00000000ea600000, 0x00000000ea600000| Untracked 
| 167|0x00000000ea700000, 0x00000000ea700000, 0x00000000ea800000|  0%| F|  |TAMS 0x00000000ea700000, 0x00000000ea700000| Untracked 
| 168|0x00000000ea800000, 0x00000000ea800000, 0x00000000ea900000|  0%| F|  |TAMS 0x00000000ea800000, 0x00000000ea800000| Untracked 
| 169|0x00000000ea900000, 0x00000000ea900000, 0x00000000eaa00000|  0%| F|  |TAMS 0x00000000ea900000, 0x00000000ea900000| Untracked 
| 170|0x00000000eaa00000, 0x00000000eab00000, 0x00000000eab00000|100%| S|CS|TAMS 0x00000000eaa00000, 0x00000000eaa00000| Complete 
| 171|0x00000000eab00000, 0x00000000eab00000, 0x00000000eac00000|  0%| F|  |TAMS 0x00000000eab00000, 0x00000000eab00000| Untracked 
| 172|0x00000000eac00000, 0x00000000ead00000, 0x00000000ead00000|100%| S|CS|TAMS 0x00000000eac00000, 0x00000000eac00000| Complete 
| 173|0x00000000ead00000, 0x00000000ead00000, 0x00000000eae00000|  0%| F|  |TAMS 0x00000000ead00000, 0x00000000ead00000| Untracked 
| 174|0x00000000eae00000, 0x00000000eae00000, 0x00000000eaf00000|  0%| F|  |TAMS 0x00000000eae00000, 0x00000000eae00000| Untracked 
| 175|0x00000000eaf00000, 0x00000000eaf00000, 0x00000000eb000000|  0%| F|  |TAMS 0x00000000eaf00000, 0x00000000eaf00000| Untracked 
| 176|0x00000000eb000000, 0x00000000eb000000, 0x00000000eb100000|  0%| F|  |TAMS 0x00000000eb000000, 0x00000000eb000000| Untracked 
| 177|0x00000000eb100000, 0x00000000eb100000, 0x00000000eb200000|  0%| F|  |TAMS 0x00000000eb100000, 0x00000000eb100000| Untracked 
| 178|0x00000000eb200000, 0x00000000eb200000, 0x00000000eb300000|  0%| F|  |TAMS 0x00000000eb200000, 0x00000000eb200000| Untracked 
| 179|0x00000000eb300000, 0x00000000eb300000, 0x00000000eb400000|  0%| F|  |TAMS 0x00000000eb300000, 0x00000000eb300000| Untracked 
| 180|0x00000000eb400000, 0x00000000eb400000, 0x00000000eb500000|  0%| F|  |TAMS 0x00000000eb400000, 0x00000000eb400000| Untracked 
| 181|0x00000000eb500000, 0x00000000eb500000, 0x00000000eb600000|  0%| F|  |TAMS 0x00000000eb500000, 0x00000000eb500000| Untracked 
| 182|0x00000000eb600000, 0x00000000eb600000, 0x00000000eb700000|  0%| F|  |TAMS 0x00000000eb600000, 0x00000000eb600000| Untracked 

Card table byte_map: [0x0000026e1b620000,0x0000026e1b720000] _byte_map_base: 0x0000026e1af20000

Marking Bits (Prev, Next): (CMBitMap*) 0x0000026e1b969e08, (CMBitMap*) 0x0000026e1b969e40
 Prev Bits: [0x0000026e2e440000, 0x0000026e2ec40000)
 Next Bits: [0x0000026e2ec40000, 0x0000026e2f440000)

Polling page: 0x0000026e19930000

Metaspace:

Usage:
  Non-class:     82.52 MB capacity,    81.18 MB ( 98%) used,     1.08 MB (  1%) free+waste,   263.19 KB ( <1%) overhead. 
      Class:     12.71 MB capacity,    11.93 MB ( 94%) used,   686.78 KB (  5%) free+waste,   116.38 KB ( <1%) overhead. 
       Both:     95.24 MB capacity,    93.11 MB ( 98%) used,     1.75 MB (  2%) free+waste,   379.56 KB ( <1%) overhead. 

Virtual space:
  Non-class space:       84.00 MB reserved,      82.62 MB ( 98%) committed 
      Class space:        1.00 GB reserved,      12.88 MB (  1%) committed 
             Both:        1.08 GB reserved,      95.50 MB (  9%) committed 

Chunk freelists:
   Non-Class:  60.00 KB
       Class:  47.00 KB
        Both:  107.00 KB

MaxMetaspaceSize: 17179869184.00 GB
CompressedClassSpaceSize: 1.00 GB

CodeHeap 'non-profiled nmethods': size=120064Kb used=8026Kb max_used=8026Kb free=112037Kb
 bounds [0x0000026e26f00000, 0x0000026e276e0000, 0x0000026e2e440000]
CodeHeap 'profiled nmethods': size=120000Kb used=26577Kb max_used=26577Kb free=93422Kb
 bounds [0x0000026e1f9d0000, 0x0000026e213d0000, 0x0000026e26f00000]
CodeHeap 'non-nmethods': size=5696Kb used=2287Kb max_used=2360Kb free=3408Kb
 bounds [0x0000026e1f440000, 0x0000026e1f6b0000, 0x0000026e1f9d0000]
 total_blobs=12748 nmethods=11846 adapters=812
 compilation: enabled
              stopped_count=0, restarted_count=0
 full_count=0

Compilation events (20 events):
Event: 209.605 Thread 0x0000026e32037800 nmethod 11881 0x0000026e276c7790 code [0x0000026e276c7920, 0x0000026e276c79b8]
Event: 209.605 Thread 0x0000026e32037800 11911       4       com.android.tools.r8.graph.G0::d (213 bytes)
Event: 209.642 Thread 0x0000026e32037800 nmethod 11911 0x0000026e276c7a90 code [0x0000026e276c7c80, 0x0000026e276c8a18]
Event: 209.642 Thread 0x0000026e32037800 11871       4       com.android.tools.r8.graph.a0::g (62 bytes)
Event: 210.033 Thread 0x0000026e32039000 11938       2       com.android.tools.r8.internal.E4::<init> (10 bytes)
Event: 210.034 Thread 0x0000026e32039000 nmethod 11938 0x0000026e213c1110 code [0x0000026e213c12c0, 0x0000026e213c13f8]
Event: 210.120 Thread 0x0000026e32037800 nmethod 11871 0x0000026e276c8f10 code [0x0000026e276c90c0, 0x0000026e276c95b8]
Event: 210.121 Thread 0x0000026e32037800 11932       4       com.android.tools.r8.graph.G0::a (2521 bytes)
Event: 211.025 Thread 0x0000026e32037800 nmethod 11932 0x0000026e276c9990 code [0x0000026e276ca520, 0x0000026e276d25f8]
Event: 211.026 Thread 0x0000026e32037800 11920       4       com.android.tools.r8.internal.ko::a (63 bytes)
Event: 211.034 Thread 0x0000026e32039000 11939       2       com.android.tools.r8.internal.h4::<init> (15 bytes)
Event: 211.034 Thread 0x0000026e32039000 nmethod 11939 0x0000026e213c1490 code [0x0000026e213c1640, 0x0000026e213c1798]
Event: 211.054 Thread 0x0000026e32039000 11941       2       com.android.tools.r8.internal.M3::<init> (34 bytes)
Event: 211.054 Thread 0x0000026e32039000 nmethod 11941 0x0000026e213c1810 code [0x0000026e213c19c0, 0x0000026e213c1af8]
Event: 211.055 Thread 0x0000026e32039000 11942 %     3       java.util.IdentityHashMap::resize @ 58 (153 bytes)
Event: 211.056 Thread 0x0000026e32039000 nmethod 11942% 0x0000026e213c1b90 code [0x0000026e213c1e00, 0x0000026e213c2cb8]
Event: 211.056 Thread 0x0000026e32039000 11943       3       java.util.IdentityHashMap::resize (153 bytes)
Event: 211.057 Thread 0x0000026e32039000 nmethod 11943 0x0000026e213c3190 code [0x0000026e213c3400, 0x0000026e213c4178]
Event: 211.114 Thread 0x0000026e32037800 nmethod 11920 0x0000026e276d4e90 code [0x0000026e276d50e0, 0x0000026e276d6248]
Event: 211.114 Thread 0x0000026e32037800 11944       4       com.android.tools.r8.graph.G0::a (106 bytes)

GC Heap History (20 events):
Event: 208.834 GC heap after
{Heap after GC invocations=232 (full 0):
 garbage-first heap   total 165888K, used 137376K [0x00000000e0000000, 0x0000000100000000)
  region size 1024K, 2 young (2048K), 2 survivors (2048K)
 Metaspace       used 95416K, capacity 97628K, committed 97788K, reserved 1134592K
  class space    used 12240K, capacity 13065K, committed 13184K, reserved 1048576K
}
Event: 208.916 GC heap before
{Heap before GC invocations=232 (full 0):
 garbage-first heap   total 165888K, used 143520K [0x00000000e0000000, 0x0000000100000000)
  region size 1024K, 8 young (8192K), 2 survivors (2048K)
 Metaspace       used 95416K, capacity 97628K, committed 97788K, reserved 1134592K
  class space    used 12240K, capacity 13065K, committed 13184K, reserved 1048576K
}
Event: 208.954 GC heap after
{Heap after GC invocations=233 (full 0):
 garbage-first heap   total 165888K, used 138552K [0x00000000e0000000, 0x0000000100000000)
  region size 1024K, 1 young (1024K), 1 survivors (1024K)
 Metaspace       used 95416K, capacity 97628K, committed 97788K, reserved 1134592K
  class space    used 12240K, capacity 13065K, committed 13184K, reserved 1048576K
}
Event: 209.909 GC heap before
{Heap before GC invocations=233 (full 0):
 garbage-first heap   total 165888K, used 145720K [0x00000000e0000000, 0x0000000100000000)
  region size 1024K, 8 young (8192K), 1 survivors (1024K)
 Metaspace       used 95347K, capacity 97521K, committed 97788K, reserved 1134592K
  class space    used 12214K, capacity 13018K, committed 13184K, reserved 1048576K
}
Event: 209.926 GC heap after
{Heap after GC invocations=234 (full 0):
 garbage-first heap   total 165888K, used 140060K [0x00000000e0000000, 0x0000000100000000)
  region size 1024K, 1 young (1024K), 1 survivors (1024K)
 Metaspace       used 95347K, capacity 97521K, committed 97788K, reserved 1134592K
  class space    used 12214K, capacity 13018K, committed 13184K, reserved 1048576K
}
Event: 209.984 GC heap before
{Heap before GC invocations=234 (full 0):
 garbage-first heap   total 165888K, used 147228K [0x00000000e0000000, 0x0000000100000000)
  region size 1024K, 8 young (8192K), 1 survivors (1024K)
 Metaspace       used 95347K, capacity 97521K, committed 97788K, reserved 1134592K
  class space    used 12214K, capacity 13018K, committed 13184K, reserved 1048576K
}
Event: 210.003 GC heap after
{Heap after GC invocations=235 (full 0):
 garbage-first heap   total 165888K, used 141587K [0x00000000e0000000, 0x0000000100000000)
  region size 1024K, 1 young (1024K), 1 survivors (1024K)
 Metaspace       used 95347K, capacity 97521K, committed 97788K, reserved 1134592K
  class space    used 12214K, capacity 13018K, committed 13184K, reserved 1048576K
}
Event: 210.056 GC heap before
{Heap before GC invocations=235 (full 0):
 garbage-first heap   total 165888K, used 148755K [0x00000000e0000000, 0x0000000100000000)
  region size 1024K, 8 young (8192K), 1 survivors (1024K)
 Metaspace       used 95347K, capacity 97521K, committed 97788K, reserved 1134592K
  class space    used 12214K, capacity 13018K, committed 13184K, reserved 1048576K
}
Event: 210.073 GC heap after
{Heap after GC invocations=236 (full 0):
 garbage-first heap   total 165888K, used 143020K [0x00000000e0000000, 0x0000000100000000)
  region size 1024K, 1 young (1024K), 1 survivors (1024K)
 Metaspace       used 95347K, capacity 97521K, committed 97788K, reserved 1134592K
  class space    used 12214K, capacity 13018K, committed 13184K, reserved 1048576K
}
Event: 210.244 GC heap before
{Heap before GC invocations=237 (full 0):
 garbage-first heap   total 165888K, used 150188K [0x00000000e0000000, 0x0000000100000000)
  region size 1024K, 8 young (8192K), 1 survivors (1024K)
 Metaspace       used 95347K, capacity 97521K, committed 97788K, reserved 1134592K
  class space    used 12214K, capacity 13018K, committed 13184K, reserved 1048576K
}
Event: 210.261 GC heap after
{Heap after GC invocations=238 (full 0):
 garbage-first heap   total 165888K, used 144271K [0x00000000e0000000, 0x0000000100000000)
  region size 1024K, 1 young (1024K), 1 survivors (1024K)
 Metaspace       used 95347K, capacity 97521K, committed 97788K, reserved 1134592K
  class space    used 12214K, capacity 13018K, committed 13184K, reserved 1048576K
}
Event: 210.389 GC heap before
{Heap before GC invocations=238 (full 0):
 garbage-first heap   total 165888K, used 151439K [0x00000000e0000000, 0x0000000100000000)
  region size 1024K, 8 young (8192K), 1 survivors (1024K)
 Metaspace       used 95347K, capacity 97521K, committed 97788K, reserved 1134592K
  class space    used 12214K, capacity 13018K, committed 13184K, reserved 1048576K
}
Event: 210.447 GC heap after
{Heap after GC invocations=239 (full 0):
 garbage-first heap   total 187392K, used 144311K [0x00000000e0000000, 0x0000000100000000)
  region size 1024K, 1 young (1024K), 1 survivors (1024K)
 Metaspace       used 95347K, capacity 97521K, committed 97788K, reserved 1134592K
  class space    used 12214K, capacity 13018K, committed 13184K, reserved 1048576K
}
Event: 210.872 GC heap before
{Heap before GC invocations=239 (full 0):
 garbage-first heap   total 187392K, used 155575K [0x00000000e0000000, 0x0000000100000000)
  region size 1024K, 12 young (12288K), 1 survivors (1024K)
 Metaspace       used 95347K, capacity 97521K, committed 97788K, reserved 1134592K
  class space    used 12214K, capacity 13018K, committed 13184K, reserved 1048576K
}
Event: 210.896 GC heap after
{Heap after GC invocations=240 (full 0):
 garbage-first heap   total 187392K, used 146972K [0x00000000e0000000, 0x0000000100000000)
  region size 1024K, 2 young (2048K), 2 survivors (2048K)
 Metaspace       used 95347K, capacity 97521K, committed 97788K, reserved 1134592K
  class space    used 12214K, capacity 13018K, committed 13184K, reserved 1048576K
}
Event: 210.974 GC heap before
{Heap before GC invocations=240 (full 0):
 garbage-first heap   total 187392K, used 157212K [0x00000000e0000000, 0x0000000100000000)
  region size 1024K, 12 young (12288K), 2 survivors (2048K)
 Metaspace       used 95347K, capacity 97521K, committed 97788K, reserved 1134592K
  class space    used 12214K, capacity 13018K, committed 13184K, reserved 1048576K
}
Event: 210.995 GC heap after
{Heap after GC invocations=241 (full 0):
 garbage-first heap   total 187392K, used 149284K [0x00000000e0000000, 0x0000000100000000)
  region size 1024K, 2 young (2048K), 2 survivors (2048K)
 Metaspace       used 95347K, capacity 97521K, committed 97788K, reserved 1134592K
  class space    used 12214K, capacity 13018K, committed 13184K, reserved 1048576K
}
Event: 211.075 GC heap before
{Heap before GC invocations=241 (full 0):
 garbage-first heap   total 187392K, used 158500K [0x00000000e0000000, 0x0000000100000000)
  region size 1024K, 11 young (11264K), 2 survivors (2048K)
 Metaspace       used 95347K, capacity 97521K, committed 97788K, reserved 1134592K
  class space    used 12214K, capacity 13018K, committed 13184K, reserved 1048576K
}
Event: 211.095 GC heap after
{Heap after GC invocations=242 (full 0):
 garbage-first heap   total 187392K, used 151522K [0x00000000e0000000, 0x0000000100000000)
  region size 1024K, 2 young (2048K), 2 survivors (2048K)
 Metaspace       used 95347K, capacity 97521K, committed 97788K, reserved 1134592K
  class space    used 12214K, capacity 13018K, committed 13184K, reserved 1048576K
}
Event: 211.166 GC heap before
{Heap before GC invocations=242 (full 0):
 garbage-first heap   total 187392K, used 160738K [0x00000000e0000000, 0x0000000100000000)
  region size 1024K, 11 young (11264K), 2 survivors (2048K)
 Metaspace       used 95347K, capacity 97521K, committed 97788K, reserved 1134592K
  class space    used 12214K, capacity 13018K, committed 13184K, reserved 1048576K
}

Deoptimization events (20 events):
Event: 207.020 Thread 0x0000026e342bb000 DEOPT PACKING pc=0x0000026e2139d19b sp=0x000000b3804f9df0
Event: 207.020 Thread 0x0000026e342bb000 DEOPT UNPACKING pc=0x0000026e1f46643f sp=0x000000b3804f9260 mode 0
Event: 207.038 Thread 0x0000026e342bb000 DEOPT PACKING pc=0x0000026e2139d19b sp=0x000000b3804f9df0
Event: 207.039 Thread 0x0000026e342bb000 DEOPT UNPACKING pc=0x0000026e1f46643f sp=0x000000b3804f9260 mode 0
Event: 207.057 Thread 0x0000026e342bb000 DEOPT PACKING pc=0x0000026e2139d19b sp=0x000000b3804f99b0
Event: 207.057 Thread 0x0000026e342bb000 DEOPT UNPACKING pc=0x0000026e1f46643f sp=0x000000b3804f8e20 mode 0
Event: 207.082 Thread 0x0000026e342bb000 DEOPT PACKING pc=0x0000026e2139d19b sp=0x000000b3804f99b0
Event: 207.082 Thread 0x0000026e342bb000 DEOPT UNPACKING pc=0x0000026e1f46643f sp=0x000000b3804f8e20 mode 0
Event: 207.778 Thread 0x0000026e342bc800 DEOPT PACKING pc=0x0000026e2139d19b sp=0x000000b3808f7a10
Event: 207.778 Thread 0x0000026e342bc800 DEOPT UNPACKING pc=0x0000026e1f46643f sp=0x000000b3808f6e80 mode 0
Event: 207.811 Thread 0x0000026e342bb000 Uncommon trap: trap_request=0xffffff4d fr.pc=0x0000026e27662878 relative=0x0000000000000058
Event: 207.811 Thread 0x0000026e342bb000 Uncommon trap: reason=unstable_if action=reinterpret pc=0x0000026e27662878 method=java.util.IdentityHashMap.isEmpty()Z @ 4 c2
Event: 207.811 Thread 0x0000026e342bc800 Uncommon trap: trap_request=0xffffff4d fr.pc=0x0000026e27662878 relative=0x0000000000000058
Event: 207.812 Thread 0x0000026e342bc800 Uncommon trap: reason=unstable_if action=reinterpret pc=0x0000026e27662878 method=java.util.IdentityHashMap.isEmpty()Z @ 4 c2
Event: 207.812 Thread 0x0000026e342bc800 DEOPT PACKING pc=0x0000026e27662878 sp=0x000000b3808f7da0
Event: 207.812 Thread 0x0000026e342bc800 DEOPT UNPACKING pc=0x0000026e1f466029 sp=0x000000b3808f7d30 mode 2
Event: 207.812 Thread 0x0000026e342bb000 DEOPT PACKING pc=0x0000026e27662878 sp=0x000000b3804fb0b0
Event: 207.812 Thread 0x0000026e342bb000 DEOPT UNPACKING pc=0x0000026e1f466029 sp=0x000000b3804fb040 mode 2
Event: 211.058 Thread 0x0000026e342bc800 DEOPT PACKING pc=0x0000026e213a6ab8 sp=0x000000b3808f6890
Event: 211.058 Thread 0x0000026e342bc800 DEOPT UNPACKING pc=0x0000026e1f46643f sp=0x000000b3808f5d48 mode 0

Classes redefined (0 events):
No events

Internal exceptions (20 events):
Event: 99.674 Thread 0x0000026e342ba000 Exception <a 'java/lang/NoSuchMethodError'{0x00000000e63a7db0}: <clinit>> (0x00000000e63a7db0) thrown at [./src/hotspot/share/prims/jni.cpp, line 1362]
Event: 100.076 Thread 0x0000026e343cf000 Exception <a 'java/lang/NoSuchMethodError'{0x00000000e61fe9a0}: <clinit>> (0x00000000e61fe9a0) thrown at [./src/hotspot/share/prims/jni.cpp, line 1362]
Event: 100.626 Thread 0x0000026e331b6800 Exception <a 'java/lang/NoSuchMethodError'{0x00000000e60d39d8}: 'java.lang.Object java.lang.invoke.Invokers$Holder.linkToTargetMethod(java.lang.Object, java.lang.Object, java.lang.Object, int, java.lang.Object, java.lang.Object)'> (0x00000000e60d39d8) thrown at [./src/hotspot/share/interpreter/linkResolver.cpp, line 773]
Event: 111.498 Thread 0x0000026e331b6800 Exception <a 'java/lang/NoSuchMethodError'{0x00000000e6c28710}: 'java.lang.Object java.lang.invoke.DirectMethodHandle$Holder.invokeSpecialIFC(java.lang.Object, java.lang.Object, java.lang.Object)'> (0x00000000e6c28710) thrown at [./src/hotspot/share/interpreter/linkResolver.cpp, line 773]
Event: 112.376 Thread 0x0000026e331b6800 Exception <a 'java/lang/NoSuchMethodError'{0x00000000e6adee68}: 'int java.lang.invoke.DirectMethodHandle$Holder.invokeStaticInit(java.lang.Object, java.lang.Object, java.lang.Object, java.lang.Object, java.lang.Object)'> (0x00000000e6adee68) thrown at [./src/hotspot/share/interpreter/linkResolver.cpp, line 773]
Event: 141.636 Thread 0x0000026e331b6800 Exception <a 'java/lang/IncompatibleClassChangeError'{0x00000000e6187c98}: Found class java.lang.Object, but interface was expected> (0x00000000e6187c98) thrown at [./src/hotspot/share/interpreter/linkResolver.cpp, line 839]
Event: 172.474 Thread 0x0000026e331b6800 Exception <a 'java/lang/NoSuchMethodError'{0x00000000e616c3c0}: 'void java.lang.invoke.DirectMethodHandle$Holder.invokeVirtual(java.lang.Object, java.lang.Object)'> (0x00000000e616c3c0) thrown at [./src/hotspot/share/interpreter/linkResolver.cpp, line 773]
Event: 194.510 Thread 0x0000026e342bc800 Exception <a 'sun/nio/fs/WindowsException'{0x00000000e6c54200}> (0x00000000e6c54200) thrown at [./src/hotspot/share/prims/jni.cpp, line 615]
Event: 196.206 Thread 0x0000026e342bb000 Exception <a 'sun/nio/fs/WindowsException'{0x00000000e6a38fb8}> (0x00000000e6a38fb8) thrown at [./src/hotspot/share/prims/jni.cpp, line 615]
Event: 196.981 Thread 0x0000026e342bb000 Exception <a 'java/lang/NoSuchMethodError'{0x00000000e6cd2830}: 'java.lang.Object java.lang.invoke.DirectMethodHandle$Holder.invokeStatic(java.lang.Object, java.lang.Object, java.lang.Object, java.lang.Object, java.lang.Object, java.lang.Object, java.lang.Object, java.lang.Object, java.lang.Object, java.lang.Object, java.lang.Object, java.lang.Object, java.lang.Object, java.lang.Object, java.lang.Object, java.lang.Object, java.lang.Object, java.lang.Object, int, java.lang.Object)'> (0x00000000e6cd2830) thr
Event: 196.982 Thread 0x0000026e342bb000 Exception <a 'java/lang/NoSuchMethodError'{0x00000000e6cd88b8}: 'java.lang.Object java.lang.invoke.DirectMethodHandle$Holder.invokeStaticInit(java.lang.Object, java.lang.Object, java.lang.Object, java.lang.Object, java.lang.Object, java.lang.Object, java.lang.Object, java.lang.Object, java.lang.Object, java.lang.Object, java.lang.Object, java.lang.Object, java.lang.Object, java.lang.Object, java.lang.Object, java.lang.Object, java.lang.Object, java.lang.Object, int, java.lang.Object)'> (0x00000000e6cd88b8)
Event: 197.275 Thread 0x0000026e342bb000 Exception <a 'java/lang/IncompatibleClassChangeError'{0x00000000e6b73160}: Found class java.lang.Object, but interface was expected> (0x00000000e6b73160) thrown at [./src/hotspot/share/interpreter/linkResolver.cpp, line 839]
Event: 197.275 Thread 0x0000026e342bc800 Exception <a 'java/lang/IncompatibleClassChangeError'{0x00000000e6a0fd00}: Found class java.lang.Object, but interface was expected> (0x00000000e6a0fd00) thrown at [./src/hotspot/share/interpreter/linkResolver.cpp, line 839]
Event: 197.767 Thread 0x0000026e342bc800 Exception <a 'java/lang/NoSuchMethodError'{0x00000000e6c4fe20}: 'java.lang.Object java.lang.invoke.DirectMethodHandle$Holder.invokeStatic(java.lang.Object, long)'> (0x00000000e6c4fe20) thrown at [./src/hotspot/share/interpreter/linkResolver.cpp, line 773]
Event: 204.891 Thread 0x0000026e342bc800 Exception <a 'java/lang/NoSuchMethodError'{0x00000000e9ff0de8}: 'int java.lang.invoke.DirectMethodHandle$Holder.invokeVirtual(java.lang.Object, java.lang.Object, java.lang.Object, java.lang.Object)'> (0x00000000e9ff0de8) thrown at [./src/hotspot/share/interpreter/linkResolver.cpp, line 773]
Event: 205.192 Thread 0x0000026e342bc800 Exception <a 'java/lang/NoSuchMethodError'{0x00000000e9d05be0}: 'void java.lang.invoke.DirectMethodHandle$Holder.invokeStatic(java.lang.Object, java.lang.Object, java.lang.Object, int)'> (0x00000000e9d05be0) thrown at [./src/hotspot/share/interpreter/linkResolver.cpp, line 773]
Event: 205.218 Thread 0x0000026e342bc800 Exception <a 'java/lang/IncompatibleClassChangeError'{0x00000000e9d110e8}: Found class java.lang.Object, but interface was expected> (0x00000000e9d110e8) thrown at [./src/hotspot/share/interpreter/linkResolver.cpp, line 839]
Event: 205.243 Thread 0x0000026e342bc800 Exception <a 'java/lang/NoSuchMethodError'{0x00000000e9c6ea48}: 'int java.lang.invoke.DirectMethodHandle$Holder.invokeVirtual(java.lang.Object, java.lang.Object, java.lang.Object)'> (0x00000000e9c6ea48) thrown at [./src/hotspot/share/interpreter/linkResolver.cpp, line 773]
Event: 207.762 Thread 0x0000026e342bb000 Exception <a 'java/lang/NoSuchMethodError'{0x00000000e9958578}: 'java.lang.Object java.lang.invoke.DirectMethodHandle$Holder.invokeStatic(java.lang.Object, int, java.lang.Object, java.lang.Object)'> (0x00000000e9958578) thrown at [./src/hotspot/share/interpreter/linkResolver.cpp, line 773]
Event: 207.762 Thread 0x0000026e342bc800 Exception <a 'java/lang/NoSuchMethodError'{0x00000000e996edb0}: 'java.lang.Object java.lang.invoke.DirectMethodHandle$Holder.invokeStatic(java.lang.Object, int, java.lang.Object, java.lang.Object)'> (0x00000000e996edb0) thrown at [./src/hotspot/share/interpreter/linkResolver.cpp, line 773]

Events (20 events):
Event: 209.866 Executing VM operation: CGC_Operation done
Event: 209.908 Executing VM operation: G1CollectForAllocation
Event: 209.926 Executing VM operation: G1CollectForAllocation done
Event: 209.983 Executing VM operation: G1CollectForAllocation
Event: 210.003 Executing VM operation: G1CollectForAllocation done
Event: 210.054 Executing VM operation: G1CollectForAllocation
Event: 210.073 Executing VM operation: G1CollectForAllocation done
Event: 210.211 Executing VM operation: CGC_Operation
Event: 210.213 Executing VM operation: CGC_Operation done
Event: 210.242 Executing VM operation: G1CollectForAllocation
Event: 210.261 Executing VM operation: G1CollectForAllocation done
Event: 210.326 Executing VM operation: G1CollectForAllocation
Event: 210.447 Executing VM operation: G1CollectForAllocation done
Event: 210.868 Executing VM operation: G1CollectForAllocation
Event: 210.896 Executing VM operation: G1CollectForAllocation done
Event: 210.973 Executing VM operation: G1CollectForAllocation
Event: 210.996 Executing VM operation: G1CollectForAllocation done
Event: 211.074 Executing VM operation: G1CollectForAllocation
Event: 211.095 Executing VM operation: G1CollectForAllocation done
Event: 211.165 Executing VM operation: G1CollectForAllocation


Dynamic libraries:
0x00007ff7b9860000 - 0x00007ff7b986a000 	C:\Users\felip\OneDrive\Desktop\android-studio\jre\bin\java.exe
0x00007ff9eee70000 - 0x00007ff9ef065000 	C:\Windows\SYSTEM32\ntdll.dll
0x00007ff9e0a50000 - 0x00007ff9e0a66000 	C:\Program Files\Avast Software\Avast\aswhook.dll
0x00007ff9ecec0000 - 0x00007ff9ecf7e000 	C:\Windows\System32\KERNEL32.DLL
0x00007ff9ec870000 - 0x00007ff9ecb38000 	C:\Windows\System32\KERNELBASE.dll
0x00007ff9ec6d0000 - 0x00007ff9ec7d0000 	C:\Windows\System32\ucrtbase.dll
0x00007ff9e5630000 - 0x00007ff9e5647000 	C:\Users\felip\OneDrive\Desktop\android-studio\jre\bin\VCRUNTIME140.dll
0x00007ff9e4d50000 - 0x00007ff9e4d69000 	C:\Users\felip\OneDrive\Desktop\android-studio\jre\bin\jli.dll
0x00007ff9eec80000 - 0x00007ff9eee21000 	C:\Windows\System32\USER32.dll
0x00007ff9ece90000 - 0x00007ff9eceb2000 	C:\Windows\System32\win32u.dll
0x00007ff9ee350000 - 0x00007ff9ee37b000 	C:\Windows\System32\GDI32.dll
0x00007ff9e0400000 - 0x00007ff9e069a000 	C:\Windows\WinSxS\amd64_microsoft.windows.common-controls_6595b64144ccf1df_6.0.19041.1110_none_60b5254171f9507e\COMCTL32.dll
0x00007ff9ecd00000 - 0x00007ff9ece0b000 	C:\Windows\System32\gdi32full.dll
0x00007ff9ec7d0000 - 0x00007ff9ec86d000 	C:\Windows\System32\msvcp_win.dll
0x00007ff9ed270000 - 0x00007ff9ed30e000 	C:\Windows\System32\msvcrt.dll
0x00007ff9ed690000 - 0x00007ff9ed6c0000 	C:\Windows\System32\IMM32.DLL
0x00007ff9cdb70000 - 0x00007ff9cdc0d000 	C:\Users\felip\OneDrive\Desktop\android-studio\jre\bin\msvcp140.dll
0x00007ff9c5130000 - 0x00007ff9c5c05000 	C:\Users\felip\OneDrive\Desktop\android-studio\jre\bin\server\jvm.dll
0x00007ff9ee600000 - 0x00007ff9ee6ac000 	C:\Windows\System32\ADVAPI32.dll
0x00007ff9ed6c0000 - 0x00007ff9ed75b000 	C:\Windows\System32\sechost.dll
0x00007ff9edec0000 - 0x00007ff9edfea000 	C:\Windows\System32\RPCRT4.dll
0x00007ff9ee740000 - 0x00007ff9ee748000 	C:\Windows\System32\PSAPI.DLL
0x00007ff9e0a70000 - 0x00007ff9e0a7a000 	C:\Windows\SYSTEM32\VERSION.dll
0x00007ff9d4c70000 - 0x00007ff9d4c97000 	C:\Windows\SYSTEM32\WINMM.dll
0x00007ff9ddaf0000 - 0x00007ff9ddaf9000 	C:\Windows\SYSTEM32\WSOCK32.dll
0x00007ff9ee440000 - 0x00007ff9ee4ab000 	C:\Windows\System32\WS2_32.dll
0x00007ff9ea3b0000 - 0x00007ff9ea3c2000 	C:\Windows\SYSTEM32\kernel.appcore.dll
0x00007ff9e5f50000 - 0x00007ff9e5f61000 	C:\Users\felip\OneDrive\Desktop\android-studio\jre\bin\verify.dll
0x00007ff9e0860000 - 0x00007ff9e0a44000 	C:\Windows\SYSTEM32\DBGHELP.DLL
0x00007ff9e0830000 - 0x00007ff9e085c000 	C:\Windows\SYSTEM32\dbgcore.DLL
0x00007ff9ec590000 - 0x00007ff9ec613000 	C:\Windows\System32\bcryptPrimitives.dll
0x00007ff9e5f20000 - 0x00007ff9e5f49000 	C:\Users\felip\OneDrive\Desktop\android-studio\jre\bin\java.dll
0x00007ff9e9ea0000 - 0x00007ff9e9eab000 	C:\Users\felip\OneDrive\Desktop\android-studio\jre\bin\jimage.dll
0x00007ff9e5ea0000 - 0x00007ff9e5eb8000 	C:\Users\felip\OneDrive\Desktop\android-studio\jre\bin\zip.dll
0x00007ff9ed760000 - 0x00007ff9ede9f000 	C:\Windows\System32\SHELL32.dll
0x00007ff9ea690000 - 0x00007ff9eae20000 	C:\Windows\SYSTEM32\windows.storage.dll
0x00007ff9edff0000 - 0x00007ff9ee345000 	C:\Windows\System32\combase.dll
0x00007ff9ebf10000 - 0x00007ff9ebf3e000 	C:\Windows\SYSTEM32\Wldp.dll
0x00007ff9ee750000 - 0x00007ff9ee7fd000 	C:\Windows\System32\SHCORE.dll
0x00007ff9ed130000 - 0x00007ff9ed185000 	C:\Windows\System32\shlwapi.dll
0x00007ff9ec4d0000 - 0x00007ff9ec4ef000 	C:\Windows\SYSTEM32\profapi.dll
0x00007ff9e5e80000 - 0x00007ff9e5e9a000 	C:\Users\felip\OneDrive\Desktop\android-studio\jre\bin\net.dll
0x00007ff9e37b0000 - 0x00007ff9e38bc000 	C:\Windows\SYSTEM32\WINHTTP.dll
0x00007ff9ebc70000 - 0x00007ff9ebcda000 	C:\Windows\system32\mswsock.dll
0x00007ff9e5870000 - 0x00007ff9e5884000 	C:\Users\felip\OneDrive\Desktop\android-studio\jre\bin\nio.dll
0x00007ff9deff0000 - 0x00007ff9df017000 	C:\Users\felip\.gradle\native\8bec1ad78214c89d9ad589b4d07fe93259594b29d510b10fafb7a158f7737e5d\windows-amd64\native-platform.dll
0x00007ff9c7250000 - 0x00007ff9c738d000 	C:\Users\felip\.gradle\native\53dbd7edfb1c66fb8903c78663c9afc45aea4f116125fa6feffd364cf09443e8\windows-amd64\native-platform-file-events.dll
0x00007ff9e7f80000 - 0x00007ff9e7f8a000 	C:\Users\felip\OneDrive\Desktop\android-studio\jre\bin\management.dll
0x00007ff9e75f0000 - 0x00007ff9e75fd000 	C:\Users\felip\OneDrive\Desktop\android-studio\jre\bin\management_ext.dll
0x00007ff9ebe70000 - 0x00007ff9ebe88000 	C:\Windows\SYSTEM32\CRYPTSP.dll
0x00007ff9eb5f0000 - 0x00007ff9eb624000 	C:\Windows\system32\rsaenh.dll
0x00007ff9ece60000 - 0x00007ff9ece87000 	C:\Windows\System32\bcrypt.dll
0x00007ff9ec450000 - 0x00007ff9ec47e000 	C:\Windows\SYSTEM32\USERENV.dll
0x00007ff9ebe60000 - 0x00007ff9ebe6c000 	C:\Windows\SYSTEM32\CRYPTBASE.dll
0x00007ff9eb960000 - 0x00007ff9eb99b000 	C:\Windows\SYSTEM32\IPHLPAPI.DLL
0x00007ff9ee380000 - 0x00007ff9ee388000 	C:\Windows\System32\NSI.dll
0x00007ff9e6bc0000 - 0x00007ff9e6bd7000 	C:\Windows\SYSTEM32\dhcpcsvc6.DLL
0x00007ff9e5c80000 - 0x00007ff9e5c9d000 	C:\Windows\SYSTEM32\dhcpcsvc.DLL
0x00007ff9eb9a0000 - 0x00007ff9eba6b000 	C:\Windows\SYSTEM32\DNSAPI.dll

dbghelp: loaded successfully - version: 4.0.5 - missing functions: none
symbol engine: initialized successfully - sym options: 0x614 - pdb path: .;C:\Users\felip\OneDrive\Desktop\android-studio\jre\bin;C:\Windows\SYSTEM32;C:\Program Files\Avast Software\Avast;C:\Windows\WinSxS\amd64_microsoft.windows.common-controls_6595b64144ccf1df_6.0.19041.1110_none_60b5254171f9507e;C:\Users\felip\OneDrive\Desktop\android-studio\jre\bin\server;C:\Users\felip\.gradle\native\8bec1ad78214c89d9ad589b4d07fe93259594b29d510b10fafb7a158f7737e5d\windows-amd64;C:\Users\felip\.gradle\native\53dbd7edfb1c66fb8903c78663c9afc45aea4f116125fa6feffd364cf09443e8\windows-amd64

VM Arguments:
jvm_args: --add-opens=java.base/java.util=ALL-UNNAMED --add-opens=java.base/java.lang=ALL-UNNAMED --add-opens=java.base/java.lang.invoke=ALL-UNNAMED --add-opens=java.base/java.util=ALL-UNNAMED --add-opens=java.prefs/java.util.prefs=ALL-UNNAMED --add-opens=java.prefs/java.util.prefs=ALL-UNNAMED --add-opens=java.base/java.nio.charset=ALL-UNNAMED --add-opens=java.base/java.net=ALL-UNNAMED --add-opens=java.base/java.util.concurrent.atomic=ALL-UNNAMED -Xmx512m -Dfile.encoding=UTF-8 -Duser.country=US -Duser.language=en -Duser.variant 
java_command: org.gradle.launcher.daemon.bootstrap.GradleDaemon 7.0.2
java_class_path (initial): C:\Users\felip\.gradle\wrapper\dists\gradle-7.0.2-bin\857tjihv64xamwrf0h14cai3r\gradle-7.0.2\lib\gradle-launcher-7.0.2.jar
Launcher Type: SUN_STANDARD

[Global flags]
     intx CICompilerCount                          = 2                                         {product} {ergonomic}
     uint ConcGCThreads                            = 1                                         {product} {ergonomic}
     uint G1ConcRefinementThreads                  = 2                                         {product} {ergonomic}
   size_t G1HeapRegionSize                         = 1048576                                   {product} {ergonomic}
    uintx GCDrainStackTargetSize                   = 64                                        {product} {ergonomic}
   size_t InitialHeapSize                          = 67108864                                  {product} {ergonomic}
   size_t MarkStackSize                            = 4194304                                   {product} {ergonomic}
   size_t MaxHeapSize                              = 536870912                                 {product} {command line}
   size_t MaxNewSize                               = 321912832                                 {product} {ergonomic}
   size_t MinHeapDeltaBytes                        = 1048576                                   {product} {ergonomic}
    uintx NonNMethodCodeHeapSize                   = 5825164                                {pd product} {ergonomic}
    uintx NonProfiledCodeHeapSize                  = 122916538                              {pd product} {ergonomic}
    uintx ProfiledCodeHeapSize                     = 122916538                              {pd product} {ergonomic}
    uintx ReservedCodeCacheSize                    = 251658240                              {pd product} {ergonomic}
     bool SegmentedCodeCache                       = true                                      {product} {ergonomic}
     bool UseCompressedClassPointers               = true                                 {lp64_product} {ergonomic}
     bool UseCompressedOops                        = true                                 {lp64_product} {ergonomic}
     bool UseG1GC                                  = true                                      {product} {ergonomic}
     bool UseLargePagesIndividualAllocation        = false                                  {pd product} {ergonomic}

Logging:
Log output configuration:
 #0: stdout all=warning uptime,level,tags
 #1: stderr all=off uptime,level,tags

Environment Variables:
PATH=C:\Program Files\Common Files\Oracle\Java\javapath;C:\Program Files (x86)\Common Files\Oracle\Java\javapath;C:\Windows\system32;C:\Windows;C:\Windows\System32\Wbem;C:\Windows\System32\WindowsPowerShell\v1.0\;C:\Windows\System32\OpenSSH\;C:\ProgramData\chocolatey\bin;C:\Program Files (x86)\Yarn\bin\;C:\Program Files\Git\cmd;C:\Program Files\nodejs\;C:\Users\felip\AppData\Local\Microsoft\WindowsApps;C:\Users\felip\AppData\Local\Programs\Microsoft VS Code\bin;C:\Users\felip\AppData\Local\Yarn\bin;C:\Users\felip\AppData\Local\GitHubDesktop\bin;C:\Users\felip\AppData\Roaming\npm
USERNAME=felip
OS=Windows_NT
PROCESSOR_IDENTIFIER=Intel64 Family 6 Model 23 Stepping 10, GenuineIntel



---------------  S Y S T E M  ---------------

OS: Windows 10 , 64 bit Build 19041 (10.0.19041.1348)
OS uptime: 1 days 19:01 hours

CPU:total 2 (initial active 2) (2 cores per cpu, 1 threads per core) family 6 model 23 stepping 10 microcode 0xa0c, cmov, cx8, fxsr, mmx, sse, sse2, sse3, ssse3, tsc

Memory: 4k page, system-wide physical 4061M (44M free)
TotalPageFile size 4061M (AvailPageFile size 71M)
current process WorkingSet (physical memory assigned to process): 362M, peak: 366M
current process commit charge ("private bytes"): 474M, peak: 540M

vm_info: OpenJDK 64-Bit Server VM (11.0.11+9-b60-7590822) for windows-amd64 JRE (11.0.11+9-b60-7590822), built on Jul 29 2021 21:43:44 by "builder" with MS VC++ 14.0 (VS2015)

END.
