#
# There is insufficient memory for the Java Runtime Environment to continue.
# Native memory allocation (mmap) failed to map 13631488 bytes for Failed to commit area from 0x00000000c4800000 to 0x00000000c5500000 of length 13631488.
# Possible reasons:
#   The system is out of physical RAM or swap space
#   The process is running with CompressedOops enabled, and the Java Heap may be blocking the growth of the native heap
# Possible solutions:
#   Reduce memory load on the system
#   Increase physical memory or swap space
#   Check if swap backing store is full
#   Decrease Java heap size (-Xmx/-Xms)
#   Decrease number of Java threads
#   Decrease Java thread stack sizes (-Xss)
#   Set larger code cache with -XX:ReservedCodeCacheSize=
#   JVM is running with Unscaled Compressed Oops mode in which the Java heap is
#     placed in the first 4GB address space. The Java Heap base address is the
#     maximum limit for the native heap growth. Please use -XX:HeapBaseMinAddress
#     to set the Java Heap base and to place the Java Heap above 4GB virtual address.
# This output file may be truncated or incomplete.
#
#  Out of Memory Error (./src/hotspot/os/windows/os_windows.cpp:3301), pid=3848, tid=6692
#
# JRE version: OpenJDK Runtime Environment (11.0.11+9) (build 11.0.11+9-b60-7590822)
# Java VM: OpenJDK 64-Bit Server VM (11.0.11+9-b60-7590822, mixed mode, tiered, compressed oops, g1 gc, windows-amd64)
# No core dump will be written. Minidumps are not enabled by default on client versions of Windows
#

---------------  S U M M A R Y ------------

Command Line: org.jetbrains.kotlin.cli.jvm.K2JVMCompiler @C:\Users\felip\AndroidStudioProjects\VideoApp\app\build\20211210_17506362983515532348.compiler.options

Host: Celeron(R) Dual-Core CPU       T3500  @ 2.10GHz, 2 cores, 3G,  Windows 10 , 64 bit Build 19041 (10.0.19041.1348)
Time: Fri Dec 10 16:28:54 2021 E. South America Standard Time elapsed time: 13.786089 seconds (0d 0h 0m 13s)

---------------  T H R E A D  ---------------

Current thread (0x000002c86fb2e800):  VMThread "VM Thread" [stack: 0x000000eda9000000,0x000000eda9100000] [id=6692]

Stack: [0x000000eda9000000,0x000000eda9100000]
[error occurred during error reporting (printing stack bounds), id 0xc0000005, EXCEPTION_ACCESS_VIOLATION (0xc0000005) at pc=0x000002c85bd20f3d]

Native frames: (J=compiled Java code, j=interpreted, Vv=VM code, C=native code)
V  [jvm.dll+0x5f214a]
V  [jvm.dll+0x726fb5]
V  [jvm.dll+0x7285cd]
V  [jvm.dll+0x728be5]
V  [jvm.dll+0x728b9b]
V  [jvm.dll+0x5f14e8]
V  [jvm.dll+0x5f1c78]
C  [ntdll.dll+0xa20cf]
C  [ntdll.dll+0x51454]
C  [ntdll.dll+0xa0bfe]
C  0x000002c85bd20f3d

VM_Operation (0x000000eda8afd030): G1CollectForAllocation, mode: safepoint, requested by thread 0x000002c858220000


---------------  P R O C E S S  ---------------

Threads class SMR info:
_java_thread_list=0x000002c86fe0e260, length=10, elements={
0x000002c858220000, 0x000002c86fb31800, 0x000002c86fb5b000, 0x000002c86fb70800,
0x000002c86fb71800, 0x000002c86fb74000, 0x000002c86fbbd800, 0x000002c86fbc9000,
0x000002c86fbee000, 0x000002c86fe26000
}

Java Threads: ( => current thread )
  0x000002c858220000 JavaThread "main" [_thread_blocked, id=8608, stack(0x000000eda8a00000,0x000000eda8b00000)]
  0x000002c86fb31800 JavaThread "Reference Handler" daemon [_thread_blocked, id=5616, stack(0x000000eda9100000,0x000000eda9200000)]
  0x000002c86fb5b000 JavaThread "Finalizer" daemon [_thread_blocked, id=7128, stack(0x000000eda9200000,0x000000eda9300000)]
  0x000002c86fb70800 JavaThread "Signal Dispatcher" daemon [_thread_blocked, id=992, stack(0x000000eda9300000,0x000000eda9400000)]
  0x000002c86fb71800 JavaThread "Attach Listener" daemon [_thread_blocked, id=8232, stack(0x000000eda9400000,0x000000eda9500000)]
  0x000002c86fb74000 JavaThread "Service Thread" daemon [_thread_blocked, id=3780, stack(0x000000eda9500000,0x000000eda9600000)]
  0x000002c86fbbd800 JavaThread "C2 CompilerThread0" daemon [_thread_in_native, id=5028, stack(0x000000eda9600000,0x000000eda9700000)]
  0x000002c86fbc9000 JavaThread "C1 CompilerThread0" daemon [_thread_blocked, id=5484, stack(0x000000eda9700000,0x000000eda9800000)]
  0x000002c86fbee000 JavaThread "Sweeper thread" daemon [_thread_blocked, id=8052, stack(0x000000eda9800000,0x000000eda9900000)]
  0x000002c86fe26000 JavaThread "Common-Cleaner" daemon [_thread_blocked, id=4172, stack(0x000000eda9a00000,0x000000eda9b00000)]

Other Threads:
=>0x000002c86fb2e800 VMThread "VM Thread" [stack: 0x000000eda9000000,0x000000eda9100000] [id=6692]
  0x000002c86fe1d800 WatcherThread [stack: 0x000000eda9900000,0x000000eda9a00000] [id=8876]
  0x000002c858238000 GCTaskThread "GC Thread#0" [stack: 0x000000eda8b00000,0x000000eda8c00000] [id=8428]
  0x000002c86ff31000 GCTaskThread "GC Thread#1" [stack: 0x000000eda9b00000,0x000000eda9c00000] [id=7728]
  0x000002c858253800 ConcurrentGCThread "G1 Main Marker" [stack: 0x000000eda8c00000,0x000000eda8d00000] [id=4712]
  0x000002c858255000 ConcurrentGCThread "G1 Conc#0" [stack: 0x000000eda8d00000,0x000000eda8e00000] [id=8904]
  0x000002c8582a6800 ConcurrentGCThread "G1 Refine#0" [stack: 0x000000eda8e00000,0x000000eda8f00000] [id=704]
  0x000002c8582a9000 ConcurrentGCThread "G1 Young RemSet Sampling" [stack: 0x000000eda8f00000,0x000000eda9000000] [id=6456]

Threads with active compile tasks:
C2 CompilerThread0  13892 2881   !   4       java.net.URL::<init> (543 bytes)

VM state:at safepoint (normal execution)

VM Mutex/Monitor currently owned by a thread:  ([mutex/lock_event])
[0x000002c85821aa10] Threads_lock - owner thread: 0x000002c86fb2e800
[0x000002c85821b700] Heap_lock - owner thread: 0x000002c858220000

Heap address: 0x00000000c0800000, size: 1016 MB, Compressed Oops mode: 32-bit
Narrow klass base: 0x0000000000000000, Narrow klass shift: 3
Compressed class space size: 1073741824 Address: 0x0000000100000000

Heap:
 garbage-first heap   total 78848K, used 23211K [0x00000000c0800000, 0x0000000100000000)
  region size 1024K, 3 young (3072K), 3 survivors (3072K)
 Metaspace       used 39574K, capacity 40045K, committed 40220K, reserved 1085440K
  class space    used 4788K, capacity 4976K, committed 5068K, reserved 1048576K
Heap Regions: E=young(eden), S=young(survivor), O=old, HS=humongous(starts), HC=humongous(continues), CS=collection set, F=free, A=archive, TAMS=top-at-mark-start (previous, next)
|   0|0x00000000c0800000, 0x00000000c0900000, 0x00000000c0900000|100%|HS|  |TAMS 0x00000000c0900000, 0x00000000c0800000| Complete 
|   1|0x00000000c0900000, 0x00000000c0a00000, 0x00000000c0a00000|100%|HC|  |TAMS 0x00000000c0a00000, 0x00000000c0900000| Complete 
|   2|0x00000000c0a00000, 0x00000000c0b00000, 0x00000000c0b00000|100%|HC|  |TAMS 0x00000000c0b00000, 0x00000000c0a00000| Complete 
|   3|0x00000000c0b00000, 0x00000000c0c00000, 0x00000000c0c00000|100%| O|  |TAMS 0x00000000c0c00000, 0x00000000c0b00000| Untracked 
|   4|0x00000000c0c00000, 0x00000000c0d00000, 0x00000000c0d00000|100%| O|  |TAMS 0x00000000c0d00000, 0x00000000c0c00000| Untracked 
|   5|0x00000000c0d00000, 0x00000000c0e00000, 0x00000000c0e00000|100%| O|  |TAMS 0x00000000c0e00000, 0x00000000c0d00000| Untracked 
|   6|0x00000000c0e00000, 0x00000000c0f00000, 0x00000000c0f00000|100%| O|  |TAMS 0x00000000c0f00000, 0x00000000c0e00000| Untracked 
|   7|0x00000000c0f00000, 0x00000000c1000000, 0x00000000c1000000|100%| O|  |TAMS 0x00000000c1000000, 0x00000000c0f00000| Untracked 
|   8|0x00000000c1000000, 0x00000000c1100000, 0x00000000c1100000|100%|HS|  |TAMS 0x00000000c1100000, 0x00000000c1000000| Complete 
|   9|0x00000000c1100000, 0x00000000c1200000, 0x00000000c1200000|100%|HC|  |TAMS 0x00000000c1200000, 0x00000000c1100000| Complete 
|  10|0x00000000c1200000, 0x00000000c1300000, 0x00000000c1300000|100%|HC|  |TAMS 0x00000000c1300000, 0x00000000c1200000| Complete 
|  11|0x00000000c1300000, 0x00000000c1300000, 0x00000000c1400000|  0%| F|  |TAMS 0x00000000c1300000, 0x00000000c1300000| Untracked 
|  12|0x00000000c1400000, 0x00000000c1400000, 0x00000000c1500000|  0%| F|  |TAMS 0x00000000c1400000, 0x00000000c1400000| Untracked 
|  13|0x00000000c1500000, 0x00000000c1600000, 0x00000000c1600000|100%| O|  |TAMS 0x00000000c1600000, 0x00000000c1500000| Untracked 
|  14|0x00000000c1600000, 0x00000000c1700000, 0x00000000c1700000|100%| O|  |TAMS 0x00000000c1700000, 0x00000000c1600000| Untracked 
|  15|0x00000000c1700000, 0x00000000c1800000, 0x00000000c1800000|100%| O|  |TAMS 0x00000000c1800000, 0x00000000c1700000| Untracked 
|  16|0x00000000c1800000, 0x00000000c1900000, 0x00000000c1900000|100%| O|  |TAMS 0x00000000c18bac00, 0x00000000c1800000| Untracked 
|  17|0x00000000c1900000, 0x00000000c1a00000, 0x00000000c1a00000|100%| O|  |TAMS 0x00000000c1900000, 0x00000000c1900000| Untracked 
|  18|0x00000000c1a00000, 0x00000000c1b00000, 0x00000000c1b00000|100%| O|  |TAMS 0x00000000c1a00000, 0x00000000c1a00000| Untracked 
|  19|0x00000000c1b00000, 0x00000000c1c00000, 0x00000000c1c00000|100%| O|  |TAMS 0x00000000c1b00000, 0x00000000c1b00000| Untracked 
|  20|0x00000000c1c00000, 0x00000000c1d00000, 0x00000000c1d00000|100%| O|  |TAMS 0x00000000c1c00000, 0x00000000c1c00000| Untracked 
|  21|0x00000000c1d00000, 0x00000000c1dc8c00, 0x00000000c1e00000| 78%| O|  |TAMS 0x00000000c1d00000, 0x00000000c1d00000| Untracked 
|  22|0x00000000c1e00000, 0x00000000c1e00000, 0x00000000c1f00000|  0%| F|  |TAMS 0x00000000c1e00000, 0x00000000c1e00000| Untracked 
|  23|0x00000000c1f00000, 0x00000000c1f00000, 0x00000000c2000000|  0%| F|  |TAMS 0x00000000c1f00000, 0x00000000c1f00000| Untracked 
|  24|0x00000000c2000000, 0x00000000c2000000, 0x00000000c2100000|  0%| F|  |TAMS 0x00000000c2000000, 0x00000000c2000000| Untracked 
|  25|0x00000000c2100000, 0x00000000c2100000, 0x00000000c2200000|  0%| F|  |TAMS 0x00000000c2100000, 0x00000000c2100000| Untracked 
|  26|0x00000000c2200000, 0x00000000c2200000, 0x00000000c2300000|  0%| F|  |TAMS 0x00000000c2200000, 0x00000000c2200000| Untracked 
|  27|0x00000000c2300000, 0x00000000c2300000, 0x00000000c2400000|  0%| F|  |TAMS 0x00000000c2300000, 0x00000000c2300000| Untracked 
|  28|0x00000000c2400000, 0x00000000c2400000, 0x00000000c2500000|  0%| F|  |TAMS 0x00000000c2400000, 0x00000000c2400000| Untracked 
|  29|0x00000000c2500000, 0x00000000c2500000, 0x00000000c2600000|  0%| F|  |TAMS 0x00000000c2500000, 0x00000000c2500000| Untracked 
|  30|0x00000000c2600000, 0x00000000c2600000, 0x00000000c2700000|  0%| F|  |TAMS 0x00000000c2600000, 0x00000000c2600000| Untracked 
|  31|0x00000000c2700000, 0x00000000c2700000, 0x00000000c2800000|  0%| F|  |TAMS 0x00000000c2700000, 0x00000000c2700000| Untracked 
|  32|0x00000000c2800000, 0x00000000c2800000, 0x00000000c2900000|  0%| F|  |TAMS 0x00000000c2800000, 0x00000000c2800000| Untracked 
|  33|0x00000000c2900000, 0x00000000c2900000, 0x00000000c2a00000|  0%| F|  |TAMS 0x00000000c2900000, 0x00000000c2900000| Untracked 
|  34|0x00000000c2a00000, 0x00000000c2a00000, 0x00000000c2b00000|  0%| F|  |TAMS 0x00000000c2a00000, 0x00000000c2a00000| Untracked 
|  35|0x00000000c2b00000, 0x00000000c2b00000, 0x00000000c2c00000|  0%| F|  |TAMS 0x00000000c2b00000, 0x00000000c2b00000| Untracked 
|  36|0x00000000c2c00000, 0x00000000c2ce2110, 0x00000000c2d00000| 88%| S|CS|TAMS 0x00000000c2c00000, 0x00000000c2c00000| Complete 
|  37|0x00000000c2d00000, 0x00000000c2e00000, 0x00000000c2e00000|100%| S|CS|TAMS 0x00000000c2d00000, 0x00000000c2d00000| Complete 
|  38|0x00000000c2e00000, 0x00000000c2f00000, 0x00000000c2f00000|100%| S|CS|TAMS 0x00000000c2e00000, 0x00000000c2e00000| Complete 
|  39|0x00000000c2f00000, 0x00000000c2f00000, 0x00000000c3000000|  0%| F|  |TAMS 0x00000000c2f00000, 0x00000000c2f00000| Untracked 
|  40|0x00000000c3000000, 0x00000000c3000000, 0x00000000c3100000|  0%| F|  |TAMS 0x00000000c3000000, 0x00000000c3000000| Untracked 
|  41|0x00000000c3100000, 0x00000000c3100000, 0x00000000c3200000|  0%| F|  |TAMS 0x00000000c3100000, 0x00000000c3100000| Untracked 
|  42|0x00000000c3200000, 0x00000000c3200000, 0x00000000c3300000|  0%| F|  |TAMS 0x00000000c3200000, 0x00000000c3200000| Untracked 
|  43|0x00000000c3300000, 0x00000000c3300000, 0x00000000c3400000|  0%| F|  |TAMS 0x00000000c3300000, 0x00000000c3300000| Untracked 
|  44|0x00000000c3400000, 0x00000000c3400000, 0x00000000c3500000|  0%| F|  |TAMS 0x00000000c3400000, 0x00000000c3400000| Untracked 
|  45|0x00000000c3500000, 0x00000000c3500000, 0x00000000c3600000|  0%| F|  |TAMS 0x00000000c3500000, 0x00000000c3500000| Untracked 
|  46|0x00000000c3600000, 0x00000000c3600000, 0x00000000c3700000|  0%| F|  |TAMS 0x00000000c3600000, 0x00000000c3600000| Untracked 
|  47|0x00000000c3700000, 0x00000000c3700000, 0x00000000c3800000|  0%| F|  |TAMS 0x00000000c3700000, 0x00000000c3700000| Untracked 
|  48|0x00000000c3800000, 0x00000000c3800000, 0x00000000c3900000|  0%| F|  |TAMS 0x00000000c3800000, 0x00000000c3800000| Untracked 
|  49|0x00000000c3900000, 0x00000000c3900000, 0x00000000c3a00000|  0%| F|  |TAMS 0x00000000c3900000, 0x00000000c3900000| Untracked 
|  50|0x00000000c3a00000, 0x00000000c3a00000, 0x00000000c3b00000|  0%| F|  |TAMS 0x00000000c3a00000, 0x00000000c3a00000| Untracked 
|  51|0x00000000c3b00000, 0x00000000c3b00000, 0x00000000c3c00000|  0%| F|  |TAMS 0x00000000c3b00000, 0x00000000c3b00000| Untracked 
|  52|0x00000000c3c00000, 0x00000000c3c00000, 0x00000000c3d00000|  0%| F|  |TAMS 0x00000000c3c00000, 0x00000000c3c00000| Untracked 
|  53|0x00000000c3d00000, 0x00000000c3d00000, 0x00000000c3e00000|  0%| F|  |TAMS 0x00000000c3d00000, 0x00000000c3d00000| Untracked 
|  54|0x00000000c3e00000, 0x00000000c3e00000, 0x00000000c3f00000|  0%| F|  |TAMS 0x00000000c3e00000, 0x00000000c3e00000| Untracked 
|  55|0x00000000c3f00000, 0x00000000c3f00000, 0x00000000c4000000|  0%| F|  |TAMS 0x00000000c3f00000, 0x00000000c3f00000| Untracked 
|  56|0x00000000c4000000, 0x00000000c4000000, 0x00000000c4100000|  0%| F|  |TAMS 0x00000000c4000000, 0x00000000c4000000| Untracked 
|  57|0x00000000c4100000, 0x00000000c4100000, 0x00000000c4200000|  0%| F|  |TAMS 0x00000000c4100000, 0x00000000c4100000| Untracked 
|  58|0x00000000c4200000, 0x00000000c4200000, 0x00000000c4300000|  0%| F|  |TAMS 0x00000000c4200000, 0x00000000c4200000| Untracked 
|  59|0x00000000c4300000, 0x00000000c4300000, 0x00000000c4400000|  0%| F|  |TAMS 0x00000000c4300000, 0x00000000c4300000| Untracked 
|  60|0x00000000c4400000, 0x00000000c4400000, 0x00000000c4500000|  0%| F|  |TAMS 0x00000000c4400000, 0x00000000c4400000| Untracked 
|  61|0x00000000c4500000, 0x00000000c4500000, 0x00000000c4600000|  0%| F|  |TAMS 0x00000000c4500000, 0x00000000c4500000| Untracked 
|  62|0x00000000c4600000, 0x00000000c4600000, 0x00000000c4700000|  0%| F|  |TAMS 0x00000000c4600000, 0x00000000c4600000| Untracked 
|  63|0x00000000c4700000, 0x00000000c4700000, 0x00000000c4800000|  0%| F|  |TAMS 0x00000000c4700000, 0x00000000c4700000| Untracked 

Card table byte_map: [0x000002c86ad20000,0x000002c86af20000] _byte_map_base: 0x000002c86a71c000

Marking Bits (Prev, Next): (CMBitMap*) 0x000002c85824eeb8, (CMBitMap*) 0x000002c85824eef0
 Prev Bits: [0x000002c86b120000, 0x000002c86c100000)
 Next Bits: [0x000002c86c100000, 0x000002c86d0e0000)

Polling page: 0x000002c856060000

Metaspace:

Usage:
  Non-class:     34.25 MB capacity,    33.97 MB (>99%) used,   224.80 KB ( <1%) free+waste,    57.56 KB ( <1%) overhead. 
      Class:      4.86 MB capacity,     4.68 MB ( 96%) used,   161.49 KB (  3%) free+waste,    26.44 KB ( <1%) overhead. 
       Both:     39.11 MB capacity,    38.65 MB ( 99%) used,   386.30 KB ( <1%) free+waste,    84.00 KB ( <1%) overhead. 

Virtual space:
  Non-class space:       36.00 MB reserved,      34.33 MB ( 95%) committed 
      Class space:        1.00 GB reserved,       4.95 MB ( <1%) committed 
             Both:        1.04 GB reserved,      39.28 MB (  4%) committed 

Chunk freelists:
   Non-Class:  83.00 KB
       Class:  16.00 KB
        Both:  99.00 KB

MaxMetaspaceSize: 17179869184.00 GB
CompressedClassSpaceSize: 1.00 GB

CodeHeap 'non-profiled nmethods': size=120064Kb used=1067Kb max_used=1067Kb free=118996Kb
 bounds [0x000002c8637e0000, 0x000002c863a50000, 0x000002c86ad20000]
CodeHeap 'profiled nmethods': size=120000Kb used=5819Kb max_used=5819Kb free=114181Kb
 bounds [0x000002c85c2b0000, 0x000002c85c860000, 0x000002c8637e0000]
CodeHeap 'non-nmethods': size=5696Kb used=1171Kb max_used=1209Kb free=4524Kb
 bounds [0x000002c85bd20000, 0x000002c85bf90000, 0x000002c85c2b0000]
 total_blobs=3415 nmethods=2888 adapters=439
 compilation: enabled
              stopped_count=0, restarted_count=0
 full_count=0

Compilation events (20 events):
Event: 13.411 Thread 0x000002c86fbc9000 2889   !   3       com.sun.proxy.$Proxy1::annotationType (29 bytes)
Event: 13.412 Thread 0x000002c86fbc9000 nmethod 2889 0x000002c85c858690 code [0x000002c85c858880, 0x000002c85c858c58]
Event: 13.420 Thread 0x000002c86fbc9000 2890       3       kotlin.collections.CollectionsKt___CollectionsKt::single (78 bytes)
Event: 13.422 Thread 0x000002c86fbc9000 nmethod 2890 0x000002c85c858e10 code [0x000002c85c8590e0, 0x000002c85c859de8]
Event: 13.440 Thread 0x000002c86fbc9000 2891       3       kotlin.sequences.GeneratorSequence::<init> (27 bytes)
Event: 13.441 Thread 0x000002c86fbc9000 nmethod 2891 0x000002c85c85a190 code [0x000002c85c85a440, 0x000002c85c85af78]
Event: 13.451 Thread 0x000002c86fbc9000 2892       1       java.lang.reflect.Constructor::getSignature (5 bytes)
Event: 13.451 Thread 0x000002c86fbc9000 nmethod 2892 0x000002c8638ea490 code [0x000002c8638ea640, 0x000002c8638ea6f8]
Event: 13.464 Thread 0x000002c86fbc9000 2893       3       org.jetbrains.kotlin.container.CacheKt::getInfo (14 bytes)
Event: 13.465 Thread 0x000002c86fbc9000 nmethod 2893 0x000002c85c85b390 code [0x000002c85c85b5c0, 0x000002c85c85bb48]
Event: 13.465 Thread 0x000002c86fbc9000 2894   !   3       org.jetbrains.kotlin.com.intellij.util.containers.ConcurrentWeakKeySoftValueHashMap::get (51 bytes)
Event: 13.466 Thread 0x000002c86fbc9000 nmethod 2894 0x000002c85c85bd90 code [0x000002c85c85bfc0, 0x000002c85c85c6f8]
Event: 13.466 Thread 0x000002c86fbc9000 2895       3       org.jetbrains.kotlin.com.intellij.util.containers.ConcurrentWeakKeySoftValueHashMap$HardKey::access$100 (7 bytes)
Event: 13.467 Thread 0x000002c86fbc9000 nmethod 2895 0x000002c85c85ca10 code [0x000002c85c85cbe0, 0x000002c85c85ce08]
Event: 13.628 Thread 0x000002c86fbc9000 2897       3       jdk.internal.reflect.NativeConstructorAccessorImpl::newInstance (89 bytes)
Event: 13.631 Thread 0x000002c86fbc9000 nmethod 2897 0x000002c85c85cf10 code [0x000002c85c85d1c0, 0x000002c85c85e038]
Event: 13.632 Thread 0x000002c86fbc9000 2899       3       com.sun.proxy.$Proxy1::<init> (6 bytes)
Event: 13.633 Thread 0x000002c86fbc9000 nmethod 2899 0x000002c85c85e510 code [0x000002c85c85e6e0, 0x000002c85c85ea68]
Event: 13.657 Thread 0x000002c86fbc9000 2900       1       sun.reflect.generics.repository.AbstractRepository::getFactory (5 bytes)
Event: 13.657 Thread 0x000002c86fbc9000 nmethod 2900 0x000002c8638eac90 code [0x000002c8638eae40, 0x000002c8638eaef8]

GC Heap History (11 events):
Event: 1.303 GC heap before
{Heap before GC invocations=0 (full 0):
 garbage-first heap   total 65536K, used 9216K [0x00000000c0800000, 0x0000000100000000)
  region size 1024K, 7 young (7168K), 0 survivors (0K)
 Metaspace       used 6960K, capacity 7052K, committed 7296K, reserved 1056768K
  class space    used 596K, capacity 627K, committed 640K, reserved 1048576K
}
Event: 1.311 GC heap after
{Heap after GC invocations=1 (full 0):
 garbage-first heap   total 65536K, used 4946K [0x00000000c0800000, 0x0000000100000000)
  region size 1024K, 1 young (1024K), 1 survivors (1024K)
 Metaspace       used 6960K, capacity 7052K, committed 7296K, reserved 1056768K
  class space    used 596K, capacity 627K, committed 640K, reserved 1048576K
}
Event: 3.856 GC heap before
{Heap before GC invocations=1 (full 0):
 garbage-first heap   total 65536K, used 43858K [0x00000000c0800000, 0x0000000100000000)
  region size 1024K, 38 young (38912K), 1 survivors (1024K)
 Metaspace       used 15608K, capacity 15776K, committed 16000K, reserved 1062912K
  class space    used 1518K, capacity 1546K, committed 1664K, reserved 1048576K
}
Event: 3.885 GC heap after
{Heap after GC invocations=2 (full 0):
 garbage-first heap   total 65536K, used 8203K [0x00000000c0800000, 0x0000000100000000)
  region size 1024K, 5 young (5120K), 5 survivors (5120K)
 Metaspace       used 15608K, capacity 15776K, committed 16000K, reserved 1062912K
  class space    used 1518K, capacity 1546K, committed 1664K, reserved 1048576K
}
Event: 6.489 GC heap before
{Heap before GC invocations=2 (full 0):
 garbage-first heap   total 65536K, used 22539K [0x00000000c0800000, 0x0000000100000000)
  region size 1024K, 21 young (21504K), 5 survivors (5120K)
 Metaspace       used 20909K, capacity 21146K, committed 21296K, reserved 1069056K
  class space    used 2251K, capacity 2347K, committed 2432K, reserved 1048576K
}
Event: 6.513 GC heap after
{Heap after GC invocations=3 (full 0):
 garbage-first heap   total 65536K, used 9378K [0x00000000c0800000, 0x0000000100000000)
  region size 1024K, 2 young (2048K), 2 survivors (2048K)
 Metaspace       used 20909K, capacity 21146K, committed 21296K, reserved 1069056K
  class space    used 2251K, capacity 2347K, committed 2432K, reserved 1048576K
}
Event: 10.159 GC heap before
{Heap before GC invocations=4 (full 0):
 garbage-first heap   total 65536K, used 46242K [0x00000000c0800000, 0x0000000100000000)
  region size 1024K, 35 young (35840K), 2 survivors (2048K)
 Metaspace       used 31271K, capacity 31744K, committed 32048K, reserved 1077248K
  class space    used 3733K, capacity 3940K, committed 3968K, reserved 1048576K
}
Event: 10.175 GC heap after
{Heap after GC invocations=5 (full 0):
 garbage-first heap   total 65536K, used 14652K [0x00000000c0800000, 0x0000000100000000)
  region size 1024K, 4 young (4096K), 4 survivors (4096K)
 Metaspace       used 31271K, capacity 31744K, committed 32048K, reserved 1077248K
  class space    used 3733K, capacity 3940K, committed 3968K, reserved 1048576K
}
Event: 12.298 GC heap before
{Heap before GC invocations=5 (full 0):
 garbage-first heap   total 65536K, used 46396K [0x00000000c0800000, 0x0000000100000000)
  region size 1024K, 34 young (34816K), 4 survivors (4096K)
 Metaspace       used 35340K, capacity 35782K, committed 35920K, reserved 1081344K
  class space    used 4384K, capacity 4582K, committed 4608K, reserved 1048576K
}
Event: 12.352 GC heap after
{Heap after GC invocations=6 (full 0):
 garbage-first heap   total 65536K, used 22251K [0x00000000c0800000, 0x0000000100000000)
  region size 1024K, 5 young (5120K), 5 survivors (5120K)
 Metaspace       used 35340K, capacity 35782K, committed 35920K, reserved 1081344K
  class space    used 4384K, capacity 4582K, committed 4608K, reserved 1048576K
}
Event: 13.716 GC heap before
{Heap before GC invocations=7 (full 0):
 garbage-first heap   total 65536K, used 46827K [0x00000000c0800000, 0x0000000100000000)
  region size 1024K, 30 young (30720K), 5 survivors (5120K)
 Metaspace       used 39574K, capacity 40045K, committed 40220K, reserved 1085440K
  class space    used 4788K, capacity 4976K, committed 5068K, reserved 1048576K
}

Deoptimization events (20 events):
Event: 12.441 Thread 0x000002c858220000 DEOPT PACKING pc=0x000002c8638c4594 sp=0x000000eda8afe140
Event: 12.441 Thread 0x000002c858220000 DEOPT UNPACKING pc=0x000002c85bd46029 sp=0x000000eda8afe0d8 mode 2
Event: 12.441 Thread 0x000002c858220000 Uncommon trap: trap_request=0xffffffde fr.pc=0x000002c8638c4594 relative=0x00000000000000d4
Event: 12.441 Thread 0x000002c858220000 Uncommon trap: reason=class_check action=maybe_recompile pc=0x000002c8638c4594 method=java.util.AbstractList$Itr.next()Ljava/lang/Object; @ 14 c2
Event: 12.441 Thread 0x000002c858220000 DEOPT PACKING pc=0x000002c8638c4594 sp=0x000000eda8afe140
Event: 12.441 Thread 0x000002c858220000 DEOPT UNPACKING pc=0x000002c85bd46029 sp=0x000000eda8afe0d8 mode 2
Event: 12.475 Thread 0x000002c858220000 DEOPT PACKING pc=0x000002c85c5eaa5b sp=0x000000eda8afd700
Event: 12.475 Thread 0x000002c858220000 DEOPT UNPACKING pc=0x000002c85bd4643f sp=0x000000eda8afcb78 mode 0
Event: 12.605 Thread 0x000002c858220000 DEOPT PACKING pc=0x000002c85c5eaa5b sp=0x000000eda8afdb60
Event: 12.605 Thread 0x000002c858220000 DEOPT UNPACKING pc=0x000002c85bd4643f sp=0x000000eda8afcfd8 mode 0
Event: 12.682 Thread 0x000002c858220000 DEOPT PACKING pc=0x000002c85c5eaa5b sp=0x000000eda8afd780
Event: 12.682 Thread 0x000002c858220000 DEOPT UNPACKING pc=0x000002c85bd4643f sp=0x000000eda8afcbf8 mode 0
Event: 12.912 Thread 0x000002c858220000 Uncommon trap: trap_request=0xffffff4d fr.pc=0x000002c863809820 relative=0x0000000000000540
Event: 12.912 Thread 0x000002c858220000 Uncommon trap: reason=unstable_if action=reinterpret pc=0x000002c863809820 method=java.util.concurrent.ConcurrentHashMap.get(Ljava/lang/Object;)Ljava/lang/Object; @ 76 c2
Event: 12.912 Thread 0x000002c858220000 DEOPT PACKING pc=0x000002c863809820 sp=0x000000eda8afa380
Event: 12.912 Thread 0x000002c858220000 DEOPT UNPACKING pc=0x000002c85bd46029 sp=0x000000eda8afa308 mode 2
Event: 13.420 Thread 0x000002c858220000 Uncommon trap: trap_request=0xffffff4d fr.pc=0x000002c8638d37e0 relative=0x0000000000000180
Event: 13.420 Thread 0x000002c858220000 Uncommon trap: reason=unstable_if action=reinterpret pc=0x000002c8638d37e0 method=org.jetbrains.kotlin.com.intellij.util.SmartList.get(I)Ljava/lang/Object; @ 13 c2
Event: 13.420 Thread 0x000002c858220000 DEOPT PACKING pc=0x000002c8638d37e0 sp=0x000000eda8afe100
Event: 13.420 Thread 0x000002c858220000 DEOPT UNPACKING pc=0x000002c85bd46029 sp=0x000000eda8afe020 mode 2

Classes redefined (0 events):
No events

Internal exceptions (20 events):
Event: 4.094 Thread 0x000002c858220000 Exception <a 'java/lang/NoSuchMethodError'{0x00000000c46122b0}: 'long java.lang.invoke.DelegatingMethodHandle$Holder.reinvoke_L(java.lang.Object, java.lang.Object, java.lang.Object)'> (0x00000000c46122b0) thrown at [./src/hotspot/share/interpreter/linkResolver.cpp, line 773]
Event: 4.098 Thread 0x000002c858220000 Exception <a 'java/lang/NoSuchMethodError'{0x00000000c461bf70}: 'int java.lang.invoke.DirectMethodHandle$Holder.invokeSpecial(java.lang.Object, java.lang.Object, java.lang.Object, java.lang.Object)'> (0x00000000c461bf70) thrown at [./src/hotspot/share/interpreter/linkResolver.cpp, line 773]
Event: 4.104 Thread 0x000002c858220000 Exception <a 'java/lang/NoSuchMethodError'{0x00000000c462ad50}: 'int java.lang.invoke.DelegatingMethodHandle$Holder.reinvoke_L(java.lang.Object, java.lang.Object, java.lang.Object, long, int)'> (0x00000000c462ad50) thrown at [./src/hotspot/share/interpreter/linkResolver.cpp, line 773]
Event: 5.261 Thread 0x000002c858220000 Exception <a 'java/lang/NoSuchMethodError'{0x00000000c42927d0}: 'int java.lang.invoke.DirectMethodHandle$Holder.invokeSpecialIFC(java.lang.Object, java.lang.Object, int)'> (0x00000000c42927d0) thrown at [./src/hotspot/share/interpreter/linkResolver.cpp, line 773]
Event: 6.591 Thread 0x000002c858220000 Exception <a 'java/lang/NoSuchMethodError'{0x00000000c47806b0}: 'java.lang.Object java.lang.invoke.DirectMethodHandle$Holder.invokeStaticInit(java.lang.Object, int)'> (0x00000000c47806b0) thrown at [./src/hotspot/share/interpreter/linkResolver.cpp, line 773]
Event: 6.682 Thread 0x000002c858220000 Exception <a 'java/lang/NoSuchMethodError'{0x00000000c4540700}: 'long java.lang.invoke.DirectMethodHandle$Holder.invokeStatic(java.lang.Object)'> (0x00000000c4540700) thrown at [./src/hotspot/share/interpreter/linkResolver.cpp, line 773]
Event: 6.683 Thread 0x000002c858220000 Exception <a 'java/lang/NoSuchMethodError'{0x00000000c4543558}: 'long java.lang.invoke.DirectMethodHandle$Holder.invokeStaticInit(java.lang.Object)'> (0x00000000c4543558) thrown at [./src/hotspot/share/interpreter/linkResolver.cpp, line 773]
Event: 6.987 Thread 0x000002c858220000 Exception <a 'java/lang/NoSuchMethodError'{0x00000000c4111de8}: 'int java.lang.invoke.DirectMethodHandle$Holder.invokeStaticInit(java.lang.Object, java.lang.Object, java.lang.Object)'> (0x00000000c4111de8) thrown at [./src/hotspot/share/interpreter/linkResolver.cpp, line 773]
Event: 7.006 Thread 0x000002c858220000 Exception <a 'java/lang/NoSuchMethodError'{0x00000000c413c9f8}: 'int java.lang.invoke.DirectMethodHandle$Holder.invokeStaticInit(java.lang.Object, java.lang.Object)'> (0x00000000c413c9f8) thrown at [./src/hotspot/share/interpreter/linkResolver.cpp, line 773]
Event: 7.208 Thread 0x000002c858220000 Exception <a 'java/lang/NoSuchMethodError'{0x00000000c3f4b218}: 'void java.lang.invoke.DirectMethodHandle$Holder.invokeSpecial(java.lang.Object, java.lang.Object)'> (0x00000000c3f4b218) thrown at [./src/hotspot/share/interpreter/linkResolver.cpp, line 773]
Event: 7.925 Thread 0x000002c858220000 Exception <a 'java/lang/NoSuchMethodError'{0x00000000c3575cb0}: 'java.lang.Object java.lang.invoke.DirectMethodHandle$Holder.invokeStatic(java.lang.Object, java.lang.Object, java.lang.Object, java.lang.Object, java.lang.Object, java.lang.Object, java.lang.Object, java.lang.Object, java.lang.Object, java.lang.Object, java.lang.Object, java.lang.Object, java.lang.Object, java.lang.Object, java.lang.Object)'> (0x00000000c3575cb0) thrown at [./src/hotspot/share/interpreter/linkResolver.cpp, line 773]
Event: 7.957 Thread 0x000002c858220000 Exception <a 'java/lang/NoSuchMethodError'{0x00000000c3583f28}: 'java.lang.Object java.lang.invoke.DirectMethodHandle$Holder.invokeStatic(java.lang.Object, java.lang.Object, java.lang.Object, java.lang.Object, java.lang.Object, java.lang.Object, java.lang.Object, java.lang.Object, java.lang.Object, java.lang.Object, java.lang.Object, java.lang.Object, java.lang.Object, java.lang.Object, java.lang.Object, java.lang.Object)'> (0x00000000c3583f28) thrown at [./src/hotspot/share/interpreter/linkResolver.cpp, l
Event: 7.975 Thread 0x000002c858220000 Exception <a 'java/lang/NoSuchMethodError'{0x00000000c3591e40}: 'java.lang.Object java.lang.invoke.DirectMethodHandle$Holder.invokeSpecial(java.lang.Object, java.lang.Object, int, int, java.lang.Object, java.lang.Object, java.lang.Object)'> (0x00000000c3591e40) thrown at [./src/hotspot/share/interpreter/linkResolver.cpp, line 773]
Event: 7.976 Thread 0x000002c858220000 Exception <a 'java/lang/NoSuchMethodError'{0x00000000c3595678}: 'java.lang.Object java.lang.invoke.DelegatingMethodHandle$Holder.reinvoke_L(java.lang.Object, int, int, java.lang.Object, java.lang.Object, java.lang.Object)'> (0x00000000c3595678) thrown at [./src/hotspot/share/interpreter/linkResolver.cpp, line 773]
Event: 7.985 Thread 0x000002c858220000 Exception <a 'java/lang/NoSuchMethodError'{0x00000000c3599a00}: 'java.lang.Object java.lang.invoke.DirectMethodHandle$Holder.invokeStatic(java.lang.Object, java.lang.Object, java.lang.Object, java.lang.Object, int)'> (0x00000000c3599a00) thrown at [./src/hotspot/share/interpreter/linkResolver.cpp, line 773]
Event: 8.222 Thread 0x000002c858220000 Exception <a 'java/lang/NoSuchMethodError'{0x00000000c34bcae8}: 'void java.lang.invoke.DirectMethodHandle$Holder.invokeStatic(java.lang.Object, java.lang.Object, java.lang.Object, java.lang.Object)'> (0x00000000c34bcae8) thrown at [./src/hotspot/share/interpreter/linkResolver.cpp, line 773]
Event: 8.631 Thread 0x000002c858220000 Exception <a 'java/lang/NoSuchMethodError'{0x00000000c30ec5f0}: 'void java.lang.invoke.DirectMethodHandle$Holder.invokeStaticInit(java.lang.Object, java.lang.Object)'> (0x00000000c30ec5f0) thrown at [./src/hotspot/share/interpreter/linkResolver.cpp, line 773]
Event: 9.106 Thread 0x000002c858220000 Exception <a 'java/lang/NoSuchMethodError'{0x00000000c2bdb148}: 'void java.lang.invoke.DirectMethodHandle$Holder.invokeVirtual(java.lang.Object, java.lang.Object)'> (0x00000000c2bdb148) thrown at [./src/hotspot/share/interpreter/linkResolver.cpp, line 773]
Event: 9.170 Thread 0x000002c858220000 Exception <a 'java/lang/NoSuchMethodError'{0x00000000c2a58408}: 'int java.lang.invoke.DirectMethodHandle$Holder.invokeVirtual(java.lang.Object, java.lang.Object)'> (0x00000000c2a58408) thrown at [./src/hotspot/share/interpreter/linkResolver.cpp, line 773]
Event: 12.380 Thread 0x000002c858220000 Exception <a 'java/lang/NoSuchMethodError'{0x00000000c4753a00}: 'java.lang.Object java.lang.invoke.DirectMethodHandle$Holder.invokeVirtual(java.lang.Object, java.lang.Object, java.lang.Object)'> (0x00000000c4753a00) thrown at [./src/hotspot/share/interpreter/linkResolver.cpp, line 773]

Events (20 events):
Event: 13.693 loading class org/jetbrains/kotlin/resolve/calls/components/TypeArgumentsToParametersMapper$TypeArgumentsMapping done
Event: 13.695 loading class org/jetbrains/kotlin/resolve/calls/inference/components/ConstraintIncorporator
Event: 13.695 loading class org/jetbrains/kotlin/resolve/calls/inference/components/ConstraintIncorporator done
Event: 13.696 loading class org/jetbrains/kotlin/resolve/calls/inference/components/ConstraintInjector$Context
Event: 13.696 loading class org/jetbrains/kotlin/resolve/calls/inference/components/ConstraintInjector$Context done
Event: 13.697 loading class org/jetbrains/kotlin/resolve/calls/inference/model/IncorporationConstraintPosition
Event: 13.697 loading class org/jetbrains/kotlin/resolve/calls/inference/model/IncorporationConstraintPosition done
Event: 13.699 loading class org/jetbrains/kotlin/resolve/calls/inference/components/TrivialConstraintTypeInferenceOracle
Event: 13.699 loading class org/jetbrains/kotlin/resolve/calls/inference/components/TrivialConstraintTypeInferenceOracle done
Event: 13.702 loading class org/jetbrains/kotlin/resolve/calls/inference/components/ConstraintIncorporator$Context
Event: 13.702 loading class org/jetbrains/kotlin/resolve/calls/inference/components/ConstraintIncorporator$Context done
Event: 13.703 loading class org/jetbrains/kotlin/resolve/calls/inference/model/Constraint
Event: 13.703 loading class org/jetbrains/kotlin/resolve/calls/inference/model/Constraint done
Event: 13.708 loading class org/jetbrains/kotlin/types/TypeApproximatorConfiguration
Event: 13.708 loading class org/jetbrains/kotlin/types/TypeApproximatorConfiguration done
Event: 13.709 loading class org/jetbrains/kotlin/types/AbstractTypeApproximator$ApproximationResult
Event: 13.709 loading class org/jetbrains/kotlin/types/AbstractTypeApproximator$ApproximationResult done
Event: 13.714 loading class org/jetbrains/kotlin/resolve/calls/components/AdditionalDiagnosticReporter
Event: 13.714 loading class org/jetbrains/kotlin/resolve/calls/components/AdditionalDiagnosticReporter done
Event: 13.716 Executing VM operation: G1CollectForAllocation


Dynamic libraries:
0x00007ff7ce730000 - 0x00007ff7ce73a000 	C:\Users\felip\OneDrive\Desktop\android-studio\jre\bin\java.exe
0x00007fffbe510000 - 0x00007fffbe705000 	C:\Windows\SYSTEM32\ntdll.dll
0x00007fff9c2a0000 - 0x00007fff9c2b6000 	C:\Program Files\Avast Software\Avast\aswhook.dll
0x00007fffbd180000 - 0x00007fffbd23e000 	C:\Windows\System32\KERNEL32.DLL
0x00007fffbbfe0000 - 0x00007fffbc2a8000 	C:\Windows\System32\KERNELBASE.dll
0x00007fffbbdd0000 - 0x00007fffbbed0000 	C:\Windows\System32\ucrtbase.dll
0x00007fffa1ee0000 - 0x00007fffa1ef9000 	C:\Users\felip\OneDrive\Desktop\android-studio\jre\bin\jli.dll
0x00007fffa2bb0000 - 0x00007fffa2bc7000 	C:\Users\felip\OneDrive\Desktop\android-studio\jre\bin\VCRUNTIME140.dll
0x00007fffbcd60000 - 0x00007fffbcf01000 	C:\Windows\System32\USER32.dll
0x00007fffbbda0000 - 0x00007fffbbdc2000 	C:\Windows\System32\win32u.dll
0x00007fffbd660000 - 0x00007fffbd68b000 	C:\Windows\System32\GDI32.dll
0x00007fffbbc90000 - 0x00007fffbbd9b000 	C:\Windows\System32\gdi32full.dll
0x00007fffbc2b0000 - 0x00007fffbc34d000 	C:\Windows\System32\msvcp_win.dll
0x00007fffaba60000 - 0x00007fffabcfa000 	C:\Windows\WinSxS\amd64_microsoft.windows.common-controls_6595b64144ccf1df_6.0.19041.1110_none_60b5254171f9507e\COMCTL32.dll
0x00007fffbc560000 - 0x00007fffbc5fe000 	C:\Windows\System32\msvcrt.dll
0x00007fffbd240000 - 0x00007fffbd270000 	C:\Windows\System32\IMM32.DLL
0x00007fff98970000 - 0x00007fff98a0d000 	C:\Users\felip\OneDrive\Desktop\android-studio\jre\bin\msvcp140.dll
0x00007fff77860000 - 0x00007fff78335000 	C:\Users\felip\OneDrive\Desktop\android-studio\jre\bin\server\jvm.dll
0x00007fffbe280000 - 0x00007fffbe32c000 	C:\Windows\System32\ADVAPI32.dll
0x00007fffbc600000 - 0x00007fffbc69b000 	C:\Windows\System32\sechost.dll
0x00007fffbe330000 - 0x00007fffbe45a000 	C:\Windows\System32\RPCRT4.dll
0x00007fffbd770000 - 0x00007fffbd778000 	C:\Windows\System32\PSAPI.DLL
0x00007fffaed80000 - 0x00007fffaed89000 	C:\Windows\SYSTEM32\WSOCK32.dll
0x00007fffa5210000 - 0x00007fffa5237000 	C:\Windows\SYSTEM32\WINMM.dll
0x00007fffb3420000 - 0x00007fffb342a000 	C:\Windows\SYSTEM32\VERSION.dll
0x00007fffbe460000 - 0x00007fffbe4cb000 	C:\Windows\System32\WS2_32.dll
0x00007fffb9a50000 - 0x00007fffb9a62000 	C:\Windows\SYSTEM32\kernel.appcore.dll
0x00007fffb4a60000 - 0x00007fffb4a71000 	C:\Users\felip\OneDrive\Desktop\android-studio\jre\bin\verify.dll
0x00007fffb0360000 - 0x00007fffb0544000 	C:\Windows\SYSTEM32\DBGHELP.DLL
0x00007fffb02d0000 - 0x00007fffb02fc000 	C:\Windows\SYSTEM32\dbgcore.DLL
0x00007fffbbf20000 - 0x00007fffbbfa3000 	C:\Windows\System32\bcryptPrimitives.dll
0x00007fffb4960000 - 0x00007fffb4989000 	C:\Users\felip\OneDrive\Desktop\android-studio\jre\bin\java.dll
0x00007fffb4e70000 - 0x00007fffb4e7b000 	C:\Users\felip\OneDrive\Desktop\android-studio\jre\bin\jimage.dll
0x00007fffb4940000 - 0x00007fffb4958000 	C:\Users\felip\OneDrive\Desktop\android-studio\jre\bin\zip.dll
0x00007fffbd780000 - 0x00007fffbdebf000 	C:\Windows\System32\SHELL32.dll
0x00007fffb9d30000 - 0x00007fffba4c0000 	C:\Windows\SYSTEM32\windows.storage.dll
0x00007fffbdf20000 - 0x00007fffbe275000 	C:\Windows\System32\combase.dll
0x00007fffbb5b0000 - 0x00007fffbb5de000 	C:\Windows\SYSTEM32\Wldp.dll
0x00007fffbcbd0000 - 0x00007fffbcc7d000 	C:\Windows\System32\SHCORE.dll
0x00007fffbdec0000 - 0x00007fffbdf15000 	C:\Windows\System32\shlwapi.dll
0x00007fffbbb70000 - 0x00007fffbbb8f000 	C:\Windows\SYSTEM32\profapi.dll
0x00007fffb4bc0000 - 0x00007fffb4bda000 	C:\Users\felip\OneDrive\Desktop\android-studio\jre\bin\net.dll
0x00007fffb0640000 - 0x00007fffb074c000 	C:\Windows\SYSTEM32\WINHTTP.dll
0x00007fffbb310000 - 0x00007fffbb37a000 	C:\Windows\system32\mswsock.dll
0x00007fffb4a40000 - 0x00007fffb4a54000 	C:\Users\felip\OneDrive\Desktop\android-studio\jre\bin\nio.dll

dbghelp: loaded successfully - version: 4.0.5 - missing functions: none
symbol engine: initialized successfully - sym options: 0x614 - pdb path: .;C:\Users\felip\OneDrive\Desktop\android-studio\jre\bin;C:\Windows\SYSTEM32;C:\Program Files\Avast Software\Avast;C:\Windows\WinSxS\amd64_microsoft.windows.common-controls_6595b64144ccf1df_6.0.19041.1110_none_60b5254171f9507e;C:\Users\felip\OneDrive\Desktop\android-studio\jre\bin\server

VM Arguments:
java_command: org.jetbrains.kotlin.cli.jvm.K2JVMCompiler @C:\Users\felip\AndroidStudioProjects\VideoApp\app\build\20211210_17506362983515532348.compiler.options
java_class_path (initial): C:\Users\felip\.gradle\caches\modules-2\files-2.1\org.jetbrains.kotlin\kotlin-compiler-embeddable\1.6.0\aa8da3bedc53c89219b84a0b40c7419431a13e76\kotlin-compiler-embeddable-1.6.0.jar;C:\Users\felip\.gradle\caches\modules-2\files-2.1\org.jetbrains.kotlin\kotlin-reflect\1.6.0\a215a7f914d5916dc5fd2d45cea16524e0220203\kotlin-reflect-1.6.0.jar;C:\Users\felip\.gradle\caches\modules-2\files-2.1\org.jetbrains.kotlin\kotlin-stdlib\1.6.0\a40b8b22529b733892edf4b73468ce598bb17f04\kotlin-stdlib-1.6.0.jar;C:\Users\felip\.gradle\caches\modules-2\files-2.1\org.jetbrains.kotlin\kotlin-script-runtime\1.6.0\55f72526ddcff6fc77d72cdf949c7e3d9bd95620\kotlin-script-runtime-1.6.0.jar;C:\Users\felip\.gradle\caches\modules-2\files-2.1\org.jetbrains.kotlin\kotlin-daemon-embeddable\1.6.0\d6242b37f4ce6b637d10847c7558446272ec8432\kotlin-daemon-embeddable-1.6.0.jar;C:\Users\felip\.gradle\caches\modules-2\files-2.1\org.jetbrains.intellij.deps\trove4j\1.0.20181211\216c2e14b070f334479d800987affe4054cd563f\trove4j-1.0.20181211.jar;C:\Users\felip\.gradle\caches\modules-2\files-2.1\net.java.dev.jna\jna\5.6.0\330f2244e9030119ab3030fc3fededc86713d9cc\jna-5.6.0.jar;C:\Users\felip\.gradle\caches\modules-2\files-2.1\org.jetbrains\annotations\13.0\919f0dfe192fb4e063e7dacadee7f8bb9a2672a9\annotations-13.0.jar;C:\Users\felip\.gradle\caches\modules-2\files-2.1\org.jetbrains.kotlin\kotlin-stdlib-common\1.6.0\7857e365f925cfa060f941c1357cda1f8790502c\kotlin-stdlib-common-1.6.0.jar
Launcher Type: SUN_STANDARD

[Global flags]
     intx CICompilerCount                          = 2                                         {product} {ergonomic}
     uint ConcGCThreads                            = 1                                         {product} {ergonomic}
     uint G1ConcRefinementThreads                  = 2                                         {product} {ergonomic}
   size_t G1HeapRegionSize                         = 1048576                                   {product} {ergonomic}
    uintx GCDrainStackTargetSize                   = 64                                        {product} {ergonomic}
   size_t InitialHeapSize                          = 67108864                                  {product} {ergonomic}
   size_t MarkStackSize                            = 4194304                                   {product} {ergonomic}
   size_t MaxHeapSize                              = 1065353216                                {product} {ergonomic}
   size_t MaxNewSize                               = 638582784                                 {product} {ergonomic}
   size_t MinHeapDeltaBytes                        = 1048576                                   {product} {ergonomic}
    uintx NonNMethodCodeHeapSize                   = 5825164                                {pd product} {ergonomic}
    uintx NonProfiledCodeHeapSize                  = 122916538                              {pd product} {ergonomic}
    uintx ProfiledCodeHeapSize                     = 122916538                              {pd product} {ergonomic}
    uintx ReservedCodeCacheSize                    = 251658240                              {pd product} {ergonomic}
     bool SegmentedCodeCache                       = true                                      {product} {ergonomic}
     bool UseCompressedClassPointers               = true                                 {lp64_product} {ergonomic}
     bool UseCompressedOops                        = true                                 {lp64_product} {ergonomic}
     bool UseG1GC                                  = true                                      {product} {ergonomic}
     bool UseLargePagesIndividualAllocation        = false                                  {pd product} {ergonomic}

Logging:
Log output configuration:
 #0: stdout all=warning uptime,level,tags
 #1: stderr all=off uptime,level,tags

Environment Variables:
PATH=C:\Program Files\Common Files\Oracle\Java\javapath;C:\Program Files (x86)\Common Files\Oracle\Java\javapath;C:\Windows\system32;C:\Windows;C:\Windows\System32\Wbem;C:\Windows\System32\WindowsPowerShell\v1.0\;C:\Windows\System32\OpenSSH\;C:\ProgramData\chocolatey\bin;C:\Program Files (x86)\Yarn\bin\;C:\Program Files\Git\cmd;C:\Program Files\nodejs\;C:\Users\felip\AppData\Local\Microsoft\WindowsApps;C:\Users\felip\AppData\Local\Programs\Microsoft VS Code\bin;C:\Users\felip\AppData\Local\Yarn\bin;C:\Users\felip\AppData\Local\GitHubDesktop\bin;C:\Users\felip\AppData\Roaming\npm
USERNAME=felip
OS=Windows_NT
PROCESSOR_IDENTIFIER=Intel64 Family 6 Model 23 Stepping 10, GenuineIntel



---------------  S Y S T E M  ---------------

OS: Windows 10 , 64 bit Build 19041 (10.0.19041.1348)
OS uptime: 1 days 7:34 hours

CPU:total 2 (initial active 2) (2 cores per cpu, 1 threads per core) family 6 model 23 stepping 10 microcode 0xa0c, cmov, cx8, fxsr, mmx, sse, sse2, sse3, ssse3, tsc

Memory: 4k page, system-wide physical 4061M (77M free)
TotalPageFile size 4061M (AvailPageFile size 17M)
current process WorkingSet (physical memory assigned to process): 175M, peak: 175M
current process commit charge ("private bytes"): 200M, peak: 214M

vm_info: OpenJDK 64-Bit Server VM (11.0.11+9-b60-7590822) for windows-amd64 JRE (11.0.11+9-b60-7590822), built on Jul 29 2021 21:43:44 by "builder" with MS VC++ 14.0 (VS2015)

END.
