#
# There is insufficient memory for the Java Runtime Environment to continue.
# Native memory allocation (mmap) failed to map 197132288 bytes for Failed to commit area from 0x00000000cab00000 to 0x00000000d6700000 of length 197132288.
# Possible reasons:
#   The system is out of physical RAM or swap space
#   The process is running with CompressedOops enabled, and the Java Heap may be blocking the growth of the native heap
# Possible solutions:
#   Reduce memory load on the system
#   Increase physical memory or swap space
#   Check if swap backing store is full
#   Decrease Java heap size (-Xmx/-Xms)
#   Decrease number of Java threads
#   Decrease Java thread stack sizes (-Xss)
#   Set larger code cache with -XX:ReservedCodeCacheSize=
#   JVM is running with Unscaled Compressed Oops mode in which the Java heap is
#     placed in the first 4GB address space. The Java Heap base address is the
#     maximum limit for the native heap growth. Please use -XX:HeapBaseMinAddress
#     to set the Java Heap base and to place the Java Heap above 4GB virtual address.
# This output file may be truncated or incomplete.
#
#  Out of Memory Error (./src/hotspot/os/windows/os_windows.cpp:3301), pid=3980, tid=1328
#
# JRE version: OpenJDK Runtime Environment (11.0.11+9) (build 11.0.11+9-b60-7590822)
# Java VM: OpenJDK 64-Bit Server VM (11.0.11+9-b60-7590822, mixed mode, tiered, compressed oops, g1 gc, windows-amd64)
# No core dump will be written. Minidumps are not enabled by default on client versions of Windows
#

---------------  S U M M A R Y ------------

Command Line: --add-opens=java.base/java.util=ALL-UNNAMED --add-opens=java.base/java.lang=ALL-UNNAMED --add-opens=java.base/java.lang.invoke=ALL-UNNAMED --add-opens=java.base/java.util=ALL-UNNAMED --add-opens=java.prefs/java.util.prefs=ALL-UNNAMED --add-opens=java.prefs/java.util.prefs=ALL-UNNAMED --add-opens=java.base/java.nio.charset=ALL-UNNAMED --add-opens=java.base/java.net=ALL-UNNAMED --add-opens=java.base/java.util.concurrent.atomic=ALL-UNNAMED -Xmx1024m -Dfile.encoding=UTF-8 -Duser.country=US -Duser.language=en -Duser.variant org.gradle.launcher.daemon.bootstrap.GradleDaemon 7.0.2

Host: Celeron(R) Dual-Core CPU       T3500  @ 2.10GHz, 2 cores, 3G,  Windows 10 , 64 bit Build 19041 (10.0.19041.1348)
Time: Tue Dec  7 10:28:52 2021 E. South America Standard Time elapsed time: 1332.720566 seconds (0d 0h 22m 12s)

---------------  T H R E A D  ---------------

Current thread (0x0000016eef984800):  VMThread "VM Thread" [stack: 0x0000004183000000,0x0000004183100000] [id=1328]

Stack: [0x0000004183000000,0x0000004183100000]
[error occurred during error reporting (printing stack bounds), id 0xc0000005, EXCEPTION_ACCESS_VIOLATION (0xc0000005) at pc=0x0000016edb410f3d]

Native frames: (J=compiled Java code, j=interpreted, Vv=VM code, C=native code)
V  [jvm.dll+0x5f214a]
V  [jvm.dll+0x726fb5]
V  [jvm.dll+0x7285cd]
V  [jvm.dll+0x728be5]
V  [jvm.dll+0x728b9b]
V  [jvm.dll+0x5f14e8]
V  [jvm.dll+0x5f1c78]
C  [ntdll.dll+0xa20cf]
C  [ntdll.dll+0x51454]
C  [ntdll.dll+0xa0bfe]
C  0x0000016edb410f3d

VM_Operation (0x00000041853f9f50): G1CollectForAllocation, mode: safepoint, requested by thread 0x0000016ef63cd000


---------------  P R O C E S S  ---------------

Threads class SMR info:
_java_thread_list=0x0000016efacea910, length=43, elements={
0x0000016ed6151800, 0x0000016eef987800, 0x0000016eef98b000, 0x0000016eef9a5000,
0x0000016eef9a6800, 0x0000016eef9a7800, 0x0000016eef9eb800, 0x0000016eefb5b000,
0x0000016eefb5f800, 0x0000016eefc51800, 0x0000016ef1b53800, 0x0000016ef128d800,
0x0000016ef0805000, 0x0000016ef16f7800, 0x0000016ef16f6000, 0x0000016ef16f8800,
0x0000016ef1cc9800, 0x0000016ef1ccb000, 0x0000016ef1ccc000, 0x0000016ef1ccd000,
0x0000016ef1cd1000, 0x0000016ef1cd1800, 0x0000016ef1cd6800, 0x0000016ef63c7000,
0x0000016ef63c5800, 0x0000016ef63c8000, 0x0000016ef63c2000, 0x0000016ef63c8800,
0x0000016ef63c3000, 0x0000016ef63cc000, 0x0000016ef63cb000, 0x0000016ef63cd800,
0x0000016ef63cf800, 0x0000016ef63c9800, 0x0000016ef63ca800, 0x0000016ef63d1000,
0x0000016ef63cd000, 0x0000016ef63ce800, 0x0000016ef63d0000, 0x0000016ef1cca800,
0x0000016ef1ccd800, 0x0000016ef1cc8800, 0x0000016ef1cd3800
}

Java Threads: ( => current thread )
  0x0000016ed6151800 JavaThread "main" [_thread_blocked, id=5500, stack(0x0000004182a00000,0x0000004182b00000)]
  0x0000016eef987800 JavaThread "Reference Handler" daemon [_thread_blocked, id=960, stack(0x0000004183100000,0x0000004183200000)]
  0x0000016eef98b000 JavaThread "Finalizer" daemon [_thread_blocked, id=6668, stack(0x0000004183200000,0x0000004183300000)]
  0x0000016eef9a5000 JavaThread "Signal Dispatcher" daemon [_thread_blocked, id=2568, stack(0x0000004183300000,0x0000004183400000)]
  0x0000016eef9a6800 JavaThread "Attach Listener" daemon [_thread_blocked, id=4528, stack(0x0000004183400000,0x0000004183500000)]
  0x0000016eef9a7800 JavaThread "Service Thread" daemon [_thread_blocked, id=3700, stack(0x0000004183500000,0x0000004183600000)]
  0x0000016eef9eb800 JavaThread "C2 CompilerThread0" daemon [_thread_blocked, id=1204, stack(0x0000004183600000,0x0000004183700000)]
  0x0000016eefb5b000 JavaThread "C1 CompilerThread0" daemon [_thread_blocked, id=6448, stack(0x0000004183700000,0x0000004183800000)]
  0x0000016eefb5f800 JavaThread "Sweeper thread" daemon [_thread_blocked, id=7332, stack(0x0000004183800000,0x0000004183900000)]
  0x0000016eefc51800 JavaThread "Common-Cleaner" daemon [_thread_blocked, id=4696, stack(0x0000004183900000,0x0000004183a00000)]
  0x0000016ef1b53800 JavaThread "Daemon health stats" [_thread_blocked, id=4412, stack(0x0000004183c00000,0x0000004183d00000)]
  0x0000016ef128d800 JavaThread "Incoming local TCP Connector on port 1316" [_thread_in_native, id=6128, stack(0x0000004183d00000,0x0000004183e00000)]
  0x0000016ef0805000 JavaThread "Daemon periodic checks" [_thread_blocked, id=2884, stack(0x0000004183e00000,0x0000004183f00000)]
  0x0000016ef16f7800 JavaThread "Cache worker for file hash cache (C:\Users\felip\.gradle\caches\7.0.2\fileHashes)" [_thread_blocked, id=3312, stack(0x0000004184600000,0x0000004184700000)]
  0x0000016ef16f6000 JavaThread "File lock request listener" [_thread_in_native, id=2176, stack(0x0000004184700000,0x0000004184800000)]
  0x0000016ef16f8800 JavaThread "Cache worker for journal cache (C:\Users\felip\.gradle\caches\journal-1)" [_thread_blocked, id=4520, stack(0x0000004184800000,0x0000004184900000)]
  0x0000016ef1cc9800 JavaThread "File watcher server" daemon [_thread_blocked, id=4836, stack(0x0000004184a00000,0x0000004184b00000)]
  0x0000016ef1ccb000 JavaThread "File watcher consumer" daemon [_thread_blocked, id=6884, stack(0x0000004184b00000,0x0000004184c00000)]
  0x0000016ef1ccc000 JavaThread "jar transforms" [_thread_blocked, id=4744, stack(0x0000004184c00000,0x0000004184d00000)]
  0x0000016ef1ccd000 JavaThread "jar transforms Thread 2" [_thread_blocked, id=3952, stack(0x0000004184d00000,0x0000004184e00000)]
  0x0000016ef1cd1000 JavaThread "Cache worker for execution history cache (C:\Users\felip\.gradle\caches\7.0.2\executionHistory)" [_thread_blocked, id=5216, stack(0x0000004185100000,0x0000004185200000)]
  0x0000016ef1cd1800 JavaThread "Cache worker for file content cache (C:\Users\felip\.gradle\caches\7.0.2\fileContent)" [_thread_blocked, id=2888, stack(0x0000004185200000,0x0000004185300000)]
  0x0000016ef1cd6800 JavaThread "Memory manager" [_thread_blocked, id=3616, stack(0x0000004182700000,0x0000004182800000)]
  0x0000016ef63c7000 JavaThread "Daemon Thread 2" [_thread_blocked, id=588, stack(0x0000004182800000,0x0000004182900000)]
  0x0000016ef63c5800 JavaThread "Handler for socket connection from /127.0.0.1:1316 to /127.0.0.1:1336" [_thread_in_native, id=7844, stack(0x0000004182900000,0x0000004182a00000)]
  0x0000016ef63c8000 JavaThread "Cancel handler" [_thread_blocked, id=7592, stack(0x0000004183f00000,0x0000004184000000)]
  0x0000016ef63c2000 JavaThread "Daemon worker Thread 2" [_thread_blocked, id=6464, stack(0x0000004184000000,0x0000004184100000)]
  0x0000016ef63c8800 JavaThread "Asynchronous log dispatcher for DefaultDaemonConnection: socket connection from /127.0.0.1:1316 to /127.0.0.1:1336" [_thread_blocked, id=7456, stack(0x0000004184100000,0x0000004184200000)]
  0x0000016ef63c3000 JavaThread "Stdin handler" [_thread_blocked, id=6696, stack(0x0000004184200000,0x0000004184300000)]
  0x0000016ef63cc000 JavaThread "Daemon client event forwarder" [_thread_blocked, id=7216, stack(0x0000004184300000,0x0000004184400000)]
  0x0000016ef63cb000 JavaThread "Cache worker for file hash cache (C:\Users\felip\AndroidStudioProjects\VideoApp\.gradle\7.0.2\fileHashes)" [_thread_blocked, id=7608, stack(0x0000004184400000,0x0000004184500000)]
  0x0000016ef63cd800 JavaThread "Cache worker for checksums cache (C:\Users\felip\AndroidStudioProjects\VideoApp\.gradle\checksums)" [_thread_blocked, id=5572, stack(0x0000004184500000,0x0000004184600000)]
  0x0000016ef63cf800 JavaThread "Cache worker for cache directory md-supplier (C:\Users\felip\.gradle\caches\7.0.2\md-supplier)" [_thread_blocked, id=1684, stack(0x0000004184900000,0x0000004184a00000)]
  0x0000016ef63c9800 JavaThread "Cache worker for cache directory md-rule (C:\Users\felip\.gradle\caches\7.0.2\md-rule)" [_thread_blocked, id=5088, stack(0x0000004184e00000,0x0000004184f00000)]
  0x0000016ef63ca800 JavaThread "Cache worker for dependencies-accessors (C:\Users\felip\AndroidStudioProjects\VideoApp\.gradle\7.0.2\dependencies-accessors)" [_thread_blocked, id=240, stack(0x0000004184f00000,0x0000004185000000)]
  0x0000016ef63d1000 JavaThread "Cache worker for Build Output Cleanup Cache (C:\Users\felip\AndroidStudioProjects\VideoApp\.gradle\buildOutputCleanup)" [_thread_blocked, id=6356, stack(0x0000004185000000,0x0000004185100000)]
  0x0000016ef63cd000 JavaThread "Build operations" [_thread_blocked, id=7464, stack(0x0000004185300000,0x0000004185400000)]
  0x0000016ef63ce800 JavaThread "Build operations Thread 2" [_thread_blocked, id=6864, stack(0x0000004185400000,0x0000004185500000)]
  0x0000016ef63d0000 JavaThread "build event listener" [_thread_blocked, id=6332, stack(0x0000004185500000,0x0000004185600000)]
  0x0000016ef1cca800 JavaThread "build event listener" [_thread_blocked, id=2576, stack(0x0000004185600000,0x0000004185700000)]
  0x0000016ef1ccd800 JavaThread "Execution worker for ':'" [_thread_blocked, id=2708, stack(0x0000004185700000,0x0000004185800000)]
  0x0000016ef1cc8800 JavaThread "Cache worker for execution history cache (C:\Users\felip\AndroidStudioProjects\VideoApp\.gradle\7.0.2\executionHistory)" [_thread_blocked, id=4480, stack(0x0000004185800000,0x0000004185900000)]
  0x0000016ef1cd3800 JavaThread "WorkerExecutor Queue" [_thread_blocked, id=244, stack(0x0000004185900000,0x0000004185a00000)]

Other Threads:
=>0x0000016eef984800 VMThread "VM Thread" [stack: 0x0000004183000000,0x0000004183100000] [id=1328]
  0x0000016eefc7c800 WatcherThread [stack: 0x0000004183a00000,0x0000004183b00000] [id=5800]
  0x0000016ed616c800 GCTaskThread "GC Thread#0" [stack: 0x0000004182b00000,0x0000004182c00000] [id=6732]
  0x0000016eefd22800 GCTaskThread "GC Thread#1" [stack: 0x0000004183b00000,0x0000004183c00000] [id=7032]
  0x0000016ed6188000 ConcurrentGCThread "G1 Main Marker" [stack: 0x0000004182c00000,0x0000004182d00000] [id=64]
  0x0000016ed6189800 ConcurrentGCThread "G1 Conc#0" [stack: 0x0000004182d00000,0x0000004182e00000] [id=7360]
  0x0000016ed61d9800 ConcurrentGCThread "G1 Refine#0" [stack: 0x0000004182e00000,0x0000004182f00000] [id=5416]
  0x0000016ed61da800 ConcurrentGCThread "G1 Young RemSet Sampling" [stack: 0x0000004182f00000,0x0000004183000000] [id=3056]

Threads with active compile tasks:

VM state:at safepoint (normal execution)

VM Mutex/Monitor currently owned by a thread:  ([mutex/lock_event])
[0x0000016ed614ef40] Threads_lock - owner thread: 0x0000016eef984800
[0x0000016ed614de60] Heap_lock - owner thread: 0x0000016ef63cd000

Heap address: 0x00000000c0000000, size: 1024 MB, Compressed Oops mode: 32-bit
Narrow klass base: 0x0000000000000000, Narrow klass shift: 3
Compressed class space size: 1073741824 Address: 0x0000000100000000

Heap:
 garbage-first heap   total 367616K, used 148782K [0x00000000c0000000, 0x0000000100000000)
  region size 1024K, 1 young (1024K), 1 survivors (1024K)
 Metaspace       used 114892K, capacity 117532K, committed 118016K, reserved 1150976K
  class space    used 14512K, capacity 15508K, committed 15616K, reserved 1048576K
Heap Regions: E=young(eden), S=young(survivor), O=old, HS=humongous(starts), HC=humongous(continues), CS=collection set, F=free, A=archive, TAMS=top-at-mark-start (previous, next)
|   0|0x00000000c0000000, 0x00000000c0100000, 0x00000000c0100000|100%| O|  |TAMS 0x00000000c0100000, 0x00000000c0100000| Untracked 
|   1|0x00000000c0100000, 0x00000000c0200000, 0x00000000c0200000|100%| O|  |TAMS 0x00000000c0200000, 0x00000000c0200000| Untracked 
|   2|0x00000000c0200000, 0x00000000c0300000, 0x00000000c0300000|100%| O|  |TAMS 0x00000000c0300000, 0x00000000c0300000| Untracked 
|   3|0x00000000c0300000, 0x00000000c0400000, 0x00000000c0400000|100%| O|  |TAMS 0x00000000c0400000, 0x00000000c0400000| Untracked 
|   4|0x00000000c0400000, 0x00000000c0500000, 0x00000000c0500000|100%|HS|  |TAMS 0x00000000c0500000, 0x00000000c0500000| Complete 
|   5|0x00000000c0500000, 0x00000000c0600000, 0x00000000c0600000|100%|HC|  |TAMS 0x00000000c0600000, 0x00000000c0600000| Complete 
|   6|0x00000000c0600000, 0x00000000c0700000, 0x00000000c0700000|100%|HC|  |TAMS 0x00000000c0700000, 0x00000000c0700000| Complete 
|   7|0x00000000c0700000, 0x00000000c0800000, 0x00000000c0800000|100%| O|  |TAMS 0x00000000c0800000, 0x00000000c0800000| Untracked 
|   8|0x00000000c0800000, 0x00000000c0900000, 0x00000000c0900000|100%| O|  |TAMS 0x00000000c0900000, 0x00000000c0900000| Untracked 
|   9|0x00000000c0900000, 0x00000000c0a00000, 0x00000000c0a00000|100%| O|  |TAMS 0x00000000c0a00000, 0x00000000c0a00000| Untracked 
|  10|0x00000000c0a00000, 0x00000000c0b00000, 0x00000000c0b00000|100%| O|  |TAMS 0x00000000c0b00000, 0x00000000c0b00000| Untracked 
|  11|0x00000000c0b00000, 0x00000000c0c00000, 0x00000000c0c00000|100%| O|  |TAMS 0x00000000c0c00000, 0x00000000c0c00000| Untracked 
|  12|0x00000000c0c00000, 0x00000000c0d00000, 0x00000000c0d00000|100%| O|  |TAMS 0x00000000c0d00000, 0x00000000c0d00000| Untracked 
|  13|0x00000000c0d00000, 0x00000000c0e00000, 0x00000000c0e00000|100%| O|  |TAMS 0x00000000c0e00000, 0x00000000c0e00000| Untracked 
|  14|0x00000000c0e00000, 0x00000000c0f00000, 0x00000000c0f00000|100%| O|  |TAMS 0x00000000c0f00000, 0x00000000c0f00000| Untracked 
|  15|0x00000000c0f00000, 0x00000000c1000000, 0x00000000c1000000|100%|HS|  |TAMS 0x00000000c1000000, 0x00000000c1000000| Complete 
|  16|0x00000000c1000000, 0x00000000c1100000, 0x00000000c1100000|100%|HC|  |TAMS 0x00000000c1100000, 0x00000000c1100000| Complete 
|  17|0x00000000c1100000, 0x00000000c1200000, 0x00000000c1200000|100%| O|  |TAMS 0x00000000c1200000, 0x00000000c1200000| Untracked 
|  18|0x00000000c1200000, 0x00000000c1300000, 0x00000000c1300000|100%|HS|  |TAMS 0x00000000c1300000, 0x00000000c1300000| Complete 
|  19|0x00000000c1300000, 0x00000000c1400000, 0x00000000c1400000|100%|HC|  |TAMS 0x00000000c1400000, 0x00000000c1400000| Complete 
|  20|0x00000000c1400000, 0x00000000c1500000, 0x00000000c1500000|100%|HC|  |TAMS 0x00000000c1500000, 0x00000000c1500000| Complete 
|  21|0x00000000c1500000, 0x00000000c1600000, 0x00000000c1600000|100%|HS|  |TAMS 0x00000000c1600000, 0x00000000c1600000| Complete 
|  22|0x00000000c1600000, 0x00000000c1700000, 0x00000000c1700000|100%|HC|  |TAMS 0x00000000c1700000, 0x00000000c1700000| Complete 
|  23|0x00000000c1700000, 0x00000000c1800000, 0x00000000c1800000|100%|HC|  |TAMS 0x00000000c1800000, 0x00000000c1800000| Complete 
|  24|0x00000000c1800000, 0x00000000c1900000, 0x00000000c1900000|100%|HC|  |TAMS 0x00000000c1900000, 0x00000000c1900000| Complete 
|  25|0x00000000c1900000, 0x00000000c1a00000, 0x00000000c1a00000|100%| O|  |TAMS 0x00000000c1a00000, 0x00000000c1a00000| Untracked 
|  26|0x00000000c1a00000, 0x00000000c1b00000, 0x00000000c1b00000|100%| O|  |TAMS 0x00000000c1b00000, 0x00000000c1b00000| Untracked 
|  27|0x00000000c1b00000, 0x00000000c1c00000, 0x00000000c1c00000|100%| O|  |TAMS 0x00000000c1c00000, 0x00000000c1c00000| Untracked 
|  28|0x00000000c1c00000, 0x00000000c1d00000, 0x00000000c1d00000|100%| O|  |TAMS 0x00000000c1d00000, 0x00000000c1d00000| Untracked 
|  29|0x00000000c1d00000, 0x00000000c1e00000, 0x00000000c1e00000|100%| O|  |TAMS 0x00000000c1e00000, 0x00000000c1e00000| Untracked 
|  30|0x00000000c1e00000, 0x00000000c1f00000, 0x00000000c1f00000|100%| O|  |TAMS 0x00000000c1f00000, 0x00000000c1f00000| Untracked 
|  31|0x00000000c1f00000, 0x00000000c2000000, 0x00000000c2000000|100%| O|  |TAMS 0x00000000c2000000, 0x00000000c2000000| Untracked 
|  32|0x00000000c2000000, 0x00000000c2100000, 0x00000000c2100000|100%| O|  |TAMS 0x00000000c2100000, 0x00000000c2100000| Untracked 
|  33|0x00000000c2100000, 0x00000000c2200000, 0x00000000c2200000|100%| O|  |TAMS 0x00000000c2200000, 0x00000000c2200000| Untracked 
|  34|0x00000000c2200000, 0x00000000c2300000, 0x00000000c2300000|100%| O|  |TAMS 0x00000000c2300000, 0x00000000c2300000| Untracked 
|  35|0x00000000c2300000, 0x00000000c2400000, 0x00000000c2400000|100%| O|  |TAMS 0x00000000c2400000, 0x00000000c2400000| Untracked 
|  36|0x00000000c2400000, 0x00000000c2500000, 0x00000000c2500000|100%| O|  |TAMS 0x00000000c2500000, 0x00000000c2500000| Untracked 
|  37|0x00000000c2500000, 0x00000000c2600000, 0x00000000c2600000|100%| O|  |TAMS 0x00000000c2600000, 0x00000000c2600000| Untracked 
|  38|0x00000000c2600000, 0x00000000c2700000, 0x00000000c2700000|100%| O|  |TAMS 0x00000000c2700000, 0x00000000c2700000| Untracked 
|  39|0x00000000c2700000, 0x00000000c2800000, 0x00000000c2800000|100%| O|  |TAMS 0x00000000c2800000, 0x00000000c2800000| Untracked 
|  40|0x00000000c2800000, 0x00000000c2900000, 0x00000000c2900000|100%| O|  |TAMS 0x00000000c2900000, 0x00000000c2900000| Untracked 
|  41|0x00000000c2900000, 0x00000000c2a00000, 0x00000000c2a00000|100%| O|  |TAMS 0x00000000c2a00000, 0x00000000c2a00000| Untracked 
|  42|0x00000000c2a00000, 0x00000000c2b00000, 0x00000000c2b00000|100%| O|  |TAMS 0x00000000c2b00000, 0x00000000c2b00000| Untracked 
|  43|0x00000000c2b00000, 0x00000000c2c00000, 0x00000000c2c00000|100%|HS|  |TAMS 0x00000000c2c00000, 0x00000000c2c00000| Complete 
|  44|0x00000000c2c00000, 0x00000000c2d00000, 0x00000000c2d00000|100%|HC|  |TAMS 0x00000000c2d00000, 0x00000000c2d00000| Complete 
|  45|0x00000000c2d00000, 0x00000000c2e00000, 0x00000000c2e00000|100%|HC|  |TAMS 0x00000000c2e00000, 0x00000000c2e00000| Complete 
|  46|0x00000000c2e00000, 0x00000000c2f00000, 0x00000000c2f00000|100%| O|  |TAMS 0x00000000c2f00000, 0x00000000c2f00000| Untracked 
|  47|0x00000000c2f00000, 0x00000000c3000000, 0x00000000c3000000|100%| O|  |TAMS 0x00000000c2f00000, 0x00000000c3000000| Untracked 
|  48|0x00000000c3000000, 0x00000000c3100000, 0x00000000c3100000|100%| O|  |TAMS 0x00000000c3100000, 0x00000000c3100000| Untracked 
|  49|0x00000000c3100000, 0x00000000c3200000, 0x00000000c3200000|100%| O|  |TAMS 0x00000000c3100000, 0x00000000c3200000| Untracked 
|  50|0x00000000c3200000, 0x00000000c3300000, 0x00000000c3300000|100%| O|  |TAMS 0x00000000c3200000, 0x00000000c3300000| Untracked 
|  51|0x00000000c3300000, 0x00000000c3400000, 0x00000000c3400000|100%| O|  |TAMS 0x00000000c3400000, 0x00000000c3400000| Untracked 
|  52|0x00000000c3400000, 0x00000000c3500000, 0x00000000c3500000|100%|HS|  |TAMS 0x00000000c3500000, 0x00000000c3500000| Complete 
|  53|0x00000000c3500000, 0x00000000c3600000, 0x00000000c3600000|100%|HC|  |TAMS 0x00000000c3600000, 0x00000000c3600000| Complete 
|  54|0x00000000c3600000, 0x00000000c3700000, 0x00000000c3700000|100%|HC|  |TAMS 0x00000000c3700000, 0x00000000c3700000| Complete 
|  55|0x00000000c3700000, 0x00000000c3800000, 0x00000000c3800000|100%|HC|  |TAMS 0x00000000c3800000, 0x00000000c3800000| Complete 
|  56|0x00000000c3800000, 0x00000000c3900000, 0x00000000c3900000|100%| O|  |TAMS 0x00000000c3900000, 0x00000000c3900000| Untracked 
|  57|0x00000000c3900000, 0x00000000c3a00000, 0x00000000c3a00000|100%| O|  |TAMS 0x00000000c3a00000, 0x00000000c3a00000| Untracked 
|  58|0x00000000c3a00000, 0x00000000c3b00000, 0x00000000c3b00000|100%| O|  |TAMS 0x00000000c3a00000, 0x00000000c3b00000| Untracked 
|  59|0x00000000c3b00000, 0x00000000c3c00000, 0x00000000c3c00000|100%| O|  |TAMS 0x00000000c3b00000, 0x00000000c3c00000| Untracked 
|  60|0x00000000c3c00000, 0x00000000c3d00000, 0x00000000c3d00000|100%|HS|  |TAMS 0x00000000c3d00000, 0x00000000c3d00000| Complete 
|  61|0x00000000c3d00000, 0x00000000c3e00000, 0x00000000c3e00000|100%| O|  |TAMS 0x00000000c3d00000, 0x00000000c3e00000| Untracked 
|  62|0x00000000c3e00000, 0x00000000c3f00000, 0x00000000c3f00000|100%|HS|  |TAMS 0x00000000c3f00000, 0x00000000c3f00000| Complete 
|  63|0x00000000c3f00000, 0x00000000c4000000, 0x00000000c4000000|100%|HS|  |TAMS 0x00000000c4000000, 0x00000000c4000000| Complete 
|  64|0x00000000c4000000, 0x00000000c4100000, 0x00000000c4100000|100%|HS|  |TAMS 0x00000000c4100000, 0x00000000c4100000| Complete 
|  65|0x00000000c4100000, 0x00000000c4200000, 0x00000000c4200000|100%|HC|  |TAMS 0x00000000c4200000, 0x00000000c4200000| Complete 
|  66|0x00000000c4200000, 0x00000000c4300000, 0x00000000c4300000|100%|HC|  |TAMS 0x00000000c4300000, 0x00000000c4300000| Complete 
|  67|0x00000000c4300000, 0x00000000c4400000, 0x00000000c4400000|100%| O|  |TAMS 0x00000000c4400000, 0x00000000c4400000| Untracked 
|  68|0x00000000c4400000, 0x00000000c4500000, 0x00000000c4500000|100%| O|  |TAMS 0x00000000c4500000, 0x00000000c4500000| Untracked 
|  69|0x00000000c4500000, 0x00000000c4600000, 0x00000000c4600000|100%| O|  |TAMS 0x00000000c4600000, 0x00000000c4600000| Untracked 
|  70|0x00000000c4600000, 0x00000000c464ba00, 0x00000000c4700000| 29%| O|  |TAMS 0x00000000c4600000, 0x00000000c464ba00| Untracked 
|  71|0x00000000c4700000, 0x00000000c4800000, 0x00000000c4800000|100%|HS|  |TAMS 0x00000000c4800000, 0x00000000c4800000| Complete 
|  72|0x00000000c4800000, 0x00000000c4900000, 0x00000000c4900000|100%|HC|  |TAMS 0x00000000c4900000, 0x00000000c4900000| Complete 
|  73|0x00000000c4900000, 0x00000000c4a00000, 0x00000000c4a00000|100%| O|  |TAMS 0x00000000c4a00000, 0x00000000c4a00000| Untracked 
|  74|0x00000000c4a00000, 0x00000000c4b00000, 0x00000000c4b00000|100%| O|  |TAMS 0x00000000c4b00000, 0x00000000c4b00000| Untracked 
|  75|0x00000000c4b00000, 0x00000000c4c00000, 0x00000000c4c00000|100%| O|  |TAMS 0x00000000c4c00000, 0x00000000c4c00000| Untracked 
|  76|0x00000000c4c00000, 0x00000000c4d00000, 0x00000000c4d00000|100%| O|  |TAMS 0x00000000c4d00000, 0x00000000c4d00000| Untracked 
|  77|0x00000000c4d00000, 0x00000000c4e00000, 0x00000000c4e00000|100%| O|  |TAMS 0x00000000c4e00000, 0x00000000c4e00000| Untracked 
|  78|0x00000000c4e00000, 0x00000000c4e00000, 0x00000000c4f00000|  0%| F|  |TAMS 0x00000000c4e00000, 0x00000000c4e00000| Untracked 
|  79|0x00000000c4f00000, 0x00000000c4f00000, 0x00000000c5000000|  0%| F|  |TAMS 0x00000000c4f00000, 0x00000000c4f00000| Untracked 
|  80|0x00000000c5000000, 0x00000000c5100000, 0x00000000c5100000|100%| O|  |TAMS 0x00000000c5100000, 0x00000000c5100000| Untracked 
|  81|0x00000000c5100000, 0x00000000c5200000, 0x00000000c5200000|100%| O|  |TAMS 0x00000000c5200000, 0x00000000c5200000| Untracked 
|  82|0x00000000c5200000, 0x00000000c5200000, 0x00000000c5300000|  0%| F|  |TAMS 0x00000000c5200000, 0x00000000c5200000| Untracked 
|  83|0x00000000c5300000, 0x00000000c5300000, 0x00000000c5400000|  0%| F|  |TAMS 0x00000000c5300000, 0x00000000c5300000| Untracked 
|  84|0x00000000c5400000, 0x00000000c5500000, 0x00000000c5500000|100%| O|  |TAMS 0x00000000c5400000, 0x00000000c5500000| Untracked 
|  85|0x00000000c5500000, 0x00000000c5500000, 0x00000000c5600000|  0%| F|  |TAMS 0x00000000c5500000, 0x00000000c5500000| Untracked 
|  86|0x00000000c5600000, 0x00000000c5700000, 0x00000000c5700000|100%| O|  |TAMS 0x00000000c5700000, 0x00000000c5700000| Untracked 
|  87|0x00000000c5700000, 0x00000000c5800000, 0x00000000c5800000|100%| O|  |TAMS 0x00000000c5800000, 0x00000000c5800000| Untracked 
|  88|0x00000000c5800000, 0x00000000c5800000, 0x00000000c5900000|  0%| F|  |TAMS 0x00000000c5800000, 0x00000000c5800000| Untracked 
|  89|0x00000000c5900000, 0x00000000c5a00000, 0x00000000c5a00000|100%| O|  |TAMS 0x00000000c5900000, 0x00000000c5a00000| Untracked 
|  90|0x00000000c5a00000, 0x00000000c5b00000, 0x00000000c5b00000|100%| O|  |TAMS 0x00000000c5a00000, 0x00000000c5b00000| Untracked 
|  91|0x00000000c5b00000, 0x00000000c5c00000, 0x00000000c5c00000|100%| O|  |TAMS 0x00000000c5b00000, 0x00000000c5c00000| Untracked 
|  92|0x00000000c5c00000, 0x00000000c5d00000, 0x00000000c5d00000|100%|HS|  |TAMS 0x00000000c5d00000, 0x00000000c5d00000| Complete 
|  93|0x00000000c5d00000, 0x00000000c5e00000, 0x00000000c5e00000|100%|HC|  |TAMS 0x00000000c5e00000, 0x00000000c5e00000| Complete 
|  94|0x00000000c5e00000, 0x00000000c5f00000, 0x00000000c5f00000|100%|HS|  |TAMS 0x00000000c5f00000, 0x00000000c5f00000| Complete 
|  95|0x00000000c5f00000, 0x00000000c6000000, 0x00000000c6000000|100%|HC|  |TAMS 0x00000000c6000000, 0x00000000c6000000| Complete 
|  96|0x00000000c6000000, 0x00000000c6100000, 0x00000000c6100000|100%|HC|  |TAMS 0x00000000c6100000, 0x00000000c6100000| Complete 
|  97|0x00000000c6100000, 0x00000000c6200000, 0x00000000c6200000|100%|HS|  |TAMS 0x00000000c6200000, 0x00000000c6200000| Complete 
|  98|0x00000000c6200000, 0x00000000c6300000, 0x00000000c6300000|100%|HC|  |TAMS 0x00000000c6300000, 0x00000000c6300000| Complete 
|  99|0x00000000c6300000, 0x00000000c6400000, 0x00000000c6400000|100%|HC|  |TAMS 0x00000000c6400000, 0x00000000c6400000| Complete 
| 100|0x00000000c6400000, 0x00000000c6500000, 0x00000000c6500000|100%|HC|  |TAMS 0x00000000c6500000, 0x00000000c6500000| Complete 
| 101|0x00000000c6500000, 0x00000000c6600000, 0x00000000c6600000|100%| O|  |TAMS 0x00000000c6600000, 0x00000000c6600000| Untracked 
| 102|0x00000000c6600000, 0x00000000c6700000, 0x00000000c6700000|100%| O|  |TAMS 0x00000000c6700000, 0x00000000c6700000| Untracked 
| 103|0x00000000c6700000, 0x00000000c6800000, 0x00000000c6800000|100%| O|  |TAMS 0x00000000c6800000, 0x00000000c6800000| Untracked 
| 104|0x00000000c6800000, 0x00000000c6900000, 0x00000000c6900000|100%| O|  |TAMS 0x00000000c6900000, 0x00000000c6900000| Untracked 
| 105|0x00000000c6900000, 0x00000000c6a00000, 0x00000000c6a00000|100%| O|  |TAMS 0x00000000c6900000, 0x00000000c6a00000| Untracked 
| 106|0x00000000c6a00000, 0x00000000c6b00000, 0x00000000c6b00000|100%| O|  |TAMS 0x00000000c6b00000, 0x00000000c6b00000| Untracked 
| 107|0x00000000c6b00000, 0x00000000c6c00000, 0x00000000c6c00000|100%| O|  |TAMS 0x00000000c6c00000, 0x00000000c6c00000| Untracked 
| 108|0x00000000c6c00000, 0x00000000c6d00000, 0x00000000c6d00000|100%| O|  |TAMS 0x00000000c6d00000, 0x00000000c6d00000| Untracked 
| 109|0x00000000c6d00000, 0x00000000c6e00000, 0x00000000c6e00000|100%| O|  |TAMS 0x00000000c6d00000, 0x00000000c6e00000| Untracked 
| 110|0x00000000c6e00000, 0x00000000c6f00000, 0x00000000c6f00000|100%| O|  |TAMS 0x00000000c6e00000, 0x00000000c6f00000| Untracked 
| 111|0x00000000c6f00000, 0x00000000c7000000, 0x00000000c7000000|100%| O|  |TAMS 0x00000000c6f00000, 0x00000000c7000000| Untracked 
| 112|0x00000000c7000000, 0x00000000c7100000, 0x00000000c7100000|100%| O|  |TAMS 0x00000000c7100000, 0x00000000c7100000| Untracked 
| 113|0x00000000c7100000, 0x00000000c7200000, 0x00000000c7200000|100%| O|  |TAMS 0x00000000c7200000, 0x00000000c7200000| Untracked 
| 114|0x00000000c7200000, 0x00000000c7200000, 0x00000000c7300000|  0%| F|  |TAMS 0x00000000c7200000, 0x00000000c7200000| Untracked 
| 115|0x00000000c7300000, 0x00000000c7400000, 0x00000000c7400000|100%| O|  |TAMS 0x00000000c7400000, 0x00000000c7400000| Untracked 
| 116|0x00000000c7400000, 0x00000000c7500000, 0x00000000c7500000|100%| O|  |TAMS 0x00000000c7500000, 0x00000000c7500000| Untracked 
| 117|0x00000000c7500000, 0x00000000c7600000, 0x00000000c7600000|100%| O|  |TAMS 0x00000000c7600000, 0x00000000c7600000| Untracked 
| 118|0x00000000c7600000, 0x00000000c7700000, 0x00000000c7700000|100%| O|  |TAMS 0x00000000c7700000, 0x00000000c7700000| Untracked 
| 119|0x00000000c7700000, 0x00000000c7800000, 0x00000000c7800000|100%| O|  |TAMS 0x00000000c7800000, 0x00000000c7800000| Untracked 
| 120|0x00000000c7800000, 0x00000000c7900000, 0x00000000c7900000|100%| O|  |TAMS 0x00000000c7900000, 0x00000000c7900000| Untracked 
| 121|0x00000000c7900000, 0x00000000c7a00000, 0x00000000c7a00000|100%| O|  |TAMS 0x00000000c7a00000, 0x00000000c7a00000| Untracked 
| 122|0x00000000c7a00000, 0x00000000c7b00000, 0x00000000c7b00000|100%| O|  |TAMS 0x00000000c7b00000, 0x00000000c7b00000| Untracked 
| 123|0x00000000c7b00000, 0x00000000c7b00000, 0x00000000c7c00000|  0%| F|  |TAMS 0x00000000c7b00000, 0x00000000c7b00000| Untracked 
| 124|0x00000000c7c00000, 0x00000000c7c00000, 0x00000000c7d00000|  0%| F|  |TAMS 0x00000000c7c00000, 0x00000000c7c00000| Untracked 
| 125|0x00000000c7d00000, 0x00000000c7e00000, 0x00000000c7e00000|100%| O|  |TAMS 0x00000000c7d00000, 0x00000000c7e00000| Untracked 
| 126|0x00000000c7e00000, 0x00000000c7f00000, 0x00000000c7f00000|100%| O|  |TAMS 0x00000000c7f00000, 0x00000000c7f00000| Untracked 
| 127|0x00000000c7f00000, 0x00000000c8000000, 0x00000000c8000000|100%| O|  |TAMS 0x00000000c8000000, 0x00000000c8000000| Untracked 
| 128|0x00000000c8000000, 0x00000000c8100000, 0x00000000c8100000|100%| O|  |TAMS 0x00000000c8100000, 0x00000000c8100000| Untracked 
| 129|0x00000000c8100000, 0x00000000c8200000, 0x00000000c8200000|100%| O|  |TAMS 0x00000000c8200000, 0x00000000c8200000| Untracked 
| 130|0x00000000c8200000, 0x00000000c8200000, 0x00000000c8300000|  0%| F|  |TAMS 0x00000000c8200000, 0x00000000c8200000| Untracked 
| 131|0x00000000c8300000, 0x00000000c8400000, 0x00000000c8400000|100%| O|  |TAMS 0x00000000c8400000, 0x00000000c8400000| Untracked 
| 132|0x00000000c8400000, 0x00000000c8500000, 0x00000000c8500000|100%| O|  |TAMS 0x00000000c8500000, 0x00000000c8500000| Untracked 
| 133|0x00000000c8500000, 0x00000000c8500000, 0x00000000c8600000|  0%| F|  |TAMS 0x00000000c8500000, 0x00000000c8500000| Untracked 
| 134|0x00000000c8600000, 0x00000000c8700000, 0x00000000c8700000|100%| O|  |TAMS 0x00000000c8700000, 0x00000000c8700000| Untracked 
| 135|0x00000000c8700000, 0x00000000c8800000, 0x00000000c8800000|100%| O|  |TAMS 0x00000000c8800000, 0x00000000c8800000| Untracked 
| 136|0x00000000c8800000, 0x00000000c8800000, 0x00000000c8900000|  0%| F|  |TAMS 0x00000000c8800000, 0x00000000c8800000| Untracked 
| 137|0x00000000c8900000, 0x00000000c8900000, 0x00000000c8a00000|  0%| F|  |TAMS 0x00000000c8900000, 0x00000000c8900000| Untracked 
| 138|0x00000000c8a00000, 0x00000000c8a00000, 0x00000000c8b00000|  0%| F|  |TAMS 0x00000000c8a00000, 0x00000000c8a00000| Untracked 
| 139|0x00000000c8b00000, 0x00000000c8b00000, 0x00000000c8c00000|  0%| F|  |TAMS 0x00000000c8b00000, 0x00000000c8b00000| Untracked 
| 140|0x00000000c8c00000, 0x00000000c8c00000, 0x00000000c8d00000|  0%| F|  |TAMS 0x00000000c8c00000, 0x00000000c8c00000| Untracked 
| 141|0x00000000c8d00000, 0x00000000c8d00000, 0x00000000c8e00000|  0%| F|  |TAMS 0x00000000c8d00000, 0x00000000c8d00000| Untracked 
| 142|0x00000000c8e00000, 0x00000000c8f00000, 0x00000000c8f00000|100%| O|  |TAMS 0x00000000c8f00000, 0x00000000c8f00000| Untracked 
| 143|0x00000000c8f00000, 0x00000000c9000000, 0x00000000c9000000|100%| O|  |TAMS 0x00000000c8fa5c00, 0x00000000c9000000| Untracked 
| 144|0x00000000c9000000, 0x00000000c9100000, 0x00000000c9100000|100%| O|  |TAMS 0x00000000c9000000, 0x00000000c9100000| Untracked 
| 145|0x00000000c9100000, 0x00000000c9200000, 0x00000000c9200000|100%|HS|  |TAMS 0x00000000c9100000, 0x00000000c9200000| Complete 
| 146|0x00000000c9200000, 0x00000000c9300000, 0x00000000c9300000|100%| O|  |TAMS 0x00000000c9200000, 0x00000000c9300000| Untracked 
| 147|0x00000000c9300000, 0x00000000c9400000, 0x00000000c9400000|100%| O|  |TAMS 0x00000000c9300000, 0x00000000c9400000| Untracked 
| 148|0x00000000c9400000, 0x00000000c9500000, 0x00000000c9500000|100%| O|  |TAMS 0x00000000c9400000, 0x00000000c9500000| Untracked 
| 149|0x00000000c9500000, 0x00000000c9600000, 0x00000000c9600000|100%| O|  |TAMS 0x00000000c9500000, 0x00000000c9600000| Untracked 
| 150|0x00000000c9600000, 0x00000000c9700000, 0x00000000c9700000|100%| O|  |TAMS 0x00000000c9600000, 0x00000000c9700000| Untracked 
| 151|0x00000000c9700000, 0x00000000c9800000, 0x00000000c9800000|100%| O|  |TAMS 0x00000000c9700000, 0x00000000c9800000| Untracked 
| 152|0x00000000c9800000, 0x00000000c9900000, 0x00000000c9900000|100%| S|CS|TAMS 0x00000000c9800000, 0x00000000c9800000| Complete 
| 153|0x00000000c9900000, 0x00000000c9900000, 0x00000000c9a00000|  0%| F|  |TAMS 0x00000000c9900000, 0x00000000c9900000| Untracked 
| 154|0x00000000c9a00000, 0x00000000c9a00000, 0x00000000c9b00000|  0%| F|  |TAMS 0x00000000c9a00000, 0x00000000c9a00000| Untracked 
| 155|0x00000000c9b00000, 0x00000000c9b00000, 0x00000000c9c00000|  0%| F|  |TAMS 0x00000000c9b00000, 0x00000000c9b00000| Untracked 
| 156|0x00000000c9c00000, 0x00000000c9c00000, 0x00000000c9d00000|  0%| F|  |TAMS 0x00000000c9c00000, 0x00000000c9c00000| Untracked 
| 157|0x00000000c9d00000, 0x00000000c9d00000, 0x00000000c9e00000|  0%| F|  |TAMS 0x00000000c9d00000, 0x00000000c9d00000| Untracked 
| 158|0x00000000c9e00000, 0x00000000c9e00000, 0x00000000c9f00000|  0%| F|  |TAMS 0x00000000c9e00000, 0x00000000c9e00000| Untracked 
| 159|0x00000000c9f00000, 0x00000000c9f00000, 0x00000000ca000000|  0%| F|  |TAMS 0x00000000c9f00000, 0x00000000c9f00000| Untracked 
| 160|0x00000000ca000000, 0x00000000ca000000, 0x00000000ca100000|  0%| F|  |TAMS 0x00000000ca000000, 0x00000000ca000000| Untracked 
| 161|0x00000000ca100000, 0x00000000ca200000, 0x00000000ca200000|100%| O|  |TAMS 0x00000000ca100000, 0x00000000ca200000| Untracked 
| 162|0x00000000ca200000, 0x00000000ca300000, 0x00000000ca300000|100%| O|  |TAMS 0x00000000ca200000, 0x00000000ca300000| Untracked 
| 163|0x00000000ca300000, 0x00000000ca400000, 0x00000000ca400000|100%| O|  |TAMS 0x00000000ca300000, 0x00000000ca400000| Untracked 
| 164|0x00000000ca400000, 0x00000000ca500000, 0x00000000ca500000|100%| O|  |TAMS 0x00000000ca400000, 0x00000000ca500000| Untracked 
| 165|0x00000000ca500000, 0x00000000ca600000, 0x00000000ca600000|100%| O|  |TAMS 0x00000000ca500000, 0x00000000ca600000| Untracked 
| 166|0x00000000ca600000, 0x00000000ca700000, 0x00000000ca700000|100%| O|  |TAMS 0x00000000ca600000, 0x00000000ca700000| Untracked 
| 167|0x00000000ca700000, 0x00000000ca800000, 0x00000000ca800000|100%| O|  |TAMS 0x00000000ca700000, 0x00000000ca800000| Untracked 
| 168|0x00000000ca800000, 0x00000000ca900000, 0x00000000ca900000|100%| O|  |TAMS 0x00000000ca800000, 0x00000000ca900000| Untracked 
| 169|0x00000000ca900000, 0x00000000caa00000, 0x00000000caa00000|100%| O|  |TAMS 0x00000000ca900000, 0x00000000caa00000| Untracked 
| 170|0x00000000caa00000, 0x00000000cab00000, 0x00000000cab00000|100%| O|  |TAMS 0x00000000caa00000, 0x00000000cab00000| Untracked 

Card table byte_map: [0x0000016eeaa10000,0x0000016eeac10000] _byte_map_base: 0x0000016eea410000

Marking Bits (Prev, Next): (CMBitMap*) 0x0000016ed6182f68, (CMBitMap*) 0x0000016ed6182fa0
 Prev Bits: [0x0000016eeae10000, 0x0000016eebe10000)
 Next Bits: [0x0000016eebe10000, 0x0000016eece10000)

Polling page: 0x0000016ed5fc0000

Metaspace:

Usage:
  Non-class:     99.63 MB capacity,    98.03 MB ( 98%) used,     1.30 MB (  1%) free+waste,   314.06 KB ( <1%) overhead. 
      Class:     15.14 MB capacity,    14.17 MB ( 94%) used,   856.88 KB (  6%) free+waste,   138.69 KB ( <1%) overhead. 
       Both:    114.78 MB capacity,   112.20 MB ( 98%) used,     2.14 MB (  2%) free+waste,   452.75 KB ( <1%) overhead. 

Virtual space:
  Non-class space:      100.00 MB reserved,     100.00 MB (100%) committed 
      Class space:        1.00 GB reserved,      15.25 MB (  1%) committed 
             Both:        1.10 GB reserved,     115.25 MB ( 10%) committed 

Chunk freelists:
   Non-Class:  184.00 KB
       Class:  76.00 KB
        Both:  260.00 KB

MaxMetaspaceSize: 17179869184.00 GB
CompressedClassSpaceSize: 1.00 GB

CodeHeap 'non-profiled nmethods': size=120064Kb used=10139Kb max_used=10139Kb free=109924Kb
 bounds [0x0000016ee2ed0000, 0x0000016ee38c0000, 0x0000016eea410000]
CodeHeap 'profiled nmethods': size=120000Kb used=35673Kb max_used=35673Kb free=84326Kb
 bounds [0x0000016edb9a0000, 0x0000016eddc80000, 0x0000016ee2ed0000]
CodeHeap 'non-nmethods': size=5696Kb used=2329Kb max_used=2371Kb free=3366Kb
 bounds [0x0000016edb410000, 0x0000016edb680000, 0x0000016edb9a0000]
 total_blobs=16487 nmethods=15527 adapters=872
 compilation: enabled
              stopped_count=0, restarted_count=0
 full_count=0

Compilation events (20 events):
Event: 1332.330 Thread 0x0000016eef9eb800 nmethod 15586 0x0000016ee38b3f90 code [0x0000016ee38b4120, 0x0000016ee38b4258]
Event: 1332.330 Thread 0x0000016eef9eb800 15617       4       com.android.tools.r8.internal.U6::f (45 bytes)
Event: 1332.338 Thread 0x0000016eef9eb800 nmethod 15617 0x0000016ee38b4390 code [0x0000016ee38b4540, 0x0000016ee38b47e8]
Event: 1332.338 Thread 0x0000016eef9eb800 15620       4       com.android.tools.r8.internal.U6::e (26 bytes)
Event: 1332.347 Thread 0x0000016eef9eb800 nmethod 15620 0x0000016ee38b4a10 code [0x0000016ee38b4bc0, 0x0000016ee38b4ee8]
Event: 1332.347 Thread 0x0000016eef9eb800 15604       4       com.android.tools.r8.graph.j0$m::a (64 bytes)
Event: 1332.350 Thread 0x0000016eef9eb800 nmethod 15604 0x0000016ee38b5190 code [0x0000016ee38b5320, 0x0000016ee38b5418]
Event: 1332.353 Thread 0x0000016eef9eb800 15625       4       com.android.tools.r8.internal.Ye::d (140 bytes)
Event: 1332.355 Thread 0x0000016eef9eb800 nmethod 15625 0x0000016ee38b5510 code [0x0000016ee38b56a0, 0x0000016ee38b5738]
Event: 1332.355 Thread 0x0000016eef9eb800 15626   !   4       com.android.tools.r8.graph.c0::L (91 bytes)
Event: 1332.408 Thread 0x0000016eef9eb800 nmethod 15626 0x0000016ee38b5810 code [0x0000016ee38b5a40, 0x0000016ee38b65d0]
Event: 1332.412 Thread 0x0000016eefb5b000 nmethod 15621 0x0000016eddc4cd90 code [0x0000016eddc4ee00, 0x0000016eddc668d8]
Event: 1332.412 Thread 0x0000016eefb5b000 15623       3       com.android.tools.r8.internal.mu::put (266 bytes)
Event: 1332.414 Thread 0x0000016eefb5b000 nmethod 15623 0x0000016eddc73b10 code [0x0000016eddc73dc0, 0x0000016eddc74be8]
Event: 1332.414 Thread 0x0000016eefb5b000 15622       3       com.android.tools.r8.internal.mu$f::hasNext (14 bytes)
Event: 1332.414 Thread 0x0000016eefb5b000 nmethod 15622 0x0000016eddc75090 code [0x0000016eddc75240, 0x0000016eddc75398]
Event: 1332.414 Thread 0x0000016eefb5b000 15624       3       com.android.tools.r8.internal.ve::a (10 bytes)
Event: 1332.415 Thread 0x0000016eefb5b000 nmethod 15624 0x0000016eddc75410 code [0x0000016eddc755c0, 0x0000016eddc756b8]
Event: 1332.415 Thread 0x0000016eefb5b000 15627       3       com.android.tools.r8.internal.SF::a (98 bytes)
Event: 1332.416 Thread 0x0000016eefb5b000 nmethod 15627 0x0000016eddc75790 code [0x0000016eddc75a20, 0x0000016eddc76388]

GC Heap History (20 events):
Event: 1329.836 GC heap after
{Heap after GC invocations=278 (full 0):
 garbage-first heap   total 164864K, used 147090K [0x00000000c0000000, 0x0000000100000000)
  region size 1024K, 1 young (1024K), 1 survivors (1024K)
 Metaspace       used 113945K, capacity 116698K, committed 117120K, reserved 1150976K
  class space    used 14395K, capacity 15382K, committed 15488K, reserved 1048576K
}
Event: 1329.867 GC heap before
{Heap before GC invocations=278 (full 0):
 garbage-first heap   total 164864K, used 149138K [0x00000000c0000000, 0x0000000100000000)
  region size 1024K, 5 young (5120K), 1 survivors (1024K)
 Metaspace       used 113947K, capacity 116699K, committed 117120K, reserved 1150976K
  class space    used 14395K, capacity 15382K, committed 15488K, reserved 1048576K
}
Event: 1329.873 GC heap after
{Heap after GC invocations=279 (full 0):
 garbage-first heap   total 164864K, used 148119K [0x00000000c0000000, 0x0000000100000000)
  region size 1024K, 1 young (1024K), 1 survivors (1024K)
 Metaspace       used 113947K, capacity 116699K, committed 117120K, reserved 1150976K
  class space    used 14395K, capacity 15382K, committed 15488K, reserved 1048576K
}
Event: 1330.193 GC heap before
{Heap before GC invocations=279 (full 0):
 garbage-first heap   total 164864K, used 156311K [0x00000000c0000000, 0x0000000100000000)
  region size 1024K, 8 young (8192K), 1 survivors (1024K)
 Metaspace       used 113947K, capacity 116699K, committed 117120K, reserved 1150976K
  class space    used 14395K, capacity 15382K, committed 15488K, reserved 1048576K
}
Event: 1330.200 GC heap after
{Heap after GC invocations=280 (full 0):
 garbage-first heap   total 164864K, used 150596K [0x00000000c0000000, 0x0000000100000000)
  region size 1024K, 1 young (1024K), 1 survivors (1024K)
 Metaspace       used 113947K, capacity 116699K, committed 117120K, reserved 1150976K
  class space    used 14395K, capacity 15382K, committed 15488K, reserved 1048576K
}
Event: 1330.387 GC heap before
{Heap before GC invocations=280 (full 0):
 garbage-first heap   total 164864K, used 157764K [0x00000000c0000000, 0x0000000100000000)
  region size 1024K, 8 young (8192K), 1 survivors (1024K)
 Metaspace       used 113712K, capacity 116327K, committed 117120K, reserved 1150976K
  class space    used 14361K, capacity 15319K, committed 15488K, reserved 1048576K
}
Event: 1330.393 GC heap after
{Heap after GC invocations=281 (full 0):
 garbage-first heap   total 164864K, used 152052K [0x00000000c0000000, 0x0000000100000000)
  region size 1024K, 1 young (1024K), 1 survivors (1024K)
 Metaspace       used 113712K, capacity 116327K, committed 117120K, reserved 1150976K
  class space    used 14361K, capacity 15319K, committed 15488K, reserved 1048576K
}
Event: 1330.541 GC heap before
{Heap before GC invocations=281 (full 0):
 garbage-first heap   total 164864K, used 158196K [0x00000000c0000000, 0x0000000100000000)
  region size 1024K, 8 young (8192K), 1 survivors (1024K)
 Metaspace       used 113712K, capacity 116327K, committed 117120K, reserved 1150976K
  class space    used 14361K, capacity 15319K, committed 15488K, reserved 1048576K
}
Event: 1330.548 GC heap after
{Heap after GC invocations=282 (full 0):
 garbage-first heap   total 164864K, used 153945K [0x00000000c0000000, 0x0000000100000000)
  region size 1024K, 1 young (1024K), 1 survivors (1024K)
 Metaspace       used 113712K, capacity 116327K, committed 117120K, reserved 1150976K
  class space    used 14361K, capacity 15319K, committed 15488K, reserved 1048576K
}
Event: 1330.633 GC heap before
{Heap before GC invocations=283 (full 0):
 garbage-first heap   total 164864K, used 160089K [0x00000000c0000000, 0x0000000100000000)
  region size 1024K, 8 young (8192K), 1 survivors (1024K)
 Metaspace       used 113712K, capacity 116327K, committed 117120K, reserved 1150976K
  class space    used 14361K, capacity 15319K, committed 15488K, reserved 1048576K
}
Event: 1330.638 GC heap after
{Heap after GC invocations=284 (full 0):
 garbage-first heap   total 164864K, used 155943K [0x00000000c0000000, 0x0000000100000000)
  region size 1024K, 1 young (1024K), 1 survivors (1024K)
 Metaspace       used 113712K, capacity 116327K, committed 117120K, reserved 1150976K
  class space    used 14361K, capacity 15319K, committed 15488K, reserved 1048576K
}
Event: 1330.826 GC heap before
{Heap before GC invocations=284 (full 0):
 garbage-first heap   total 164864K, used 162087K [0x00000000c0000000, 0x0000000100000000)
  region size 1024K, 8 young (8192K), 1 survivors (1024K)
 Metaspace       used 113767K, capacity 116371K, committed 117120K, reserved 1150976K
  class space    used 14369K, capacity 15355K, committed 15488K, reserved 1048576K
}
Event: 1330.924 GC heap after
{Heap after GC invocations=285 (full 0):
 garbage-first heap   total 175104K, used 148803K [0x00000000c0000000, 0x0000000100000000)
  region size 1024K, 1 young (1024K), 1 survivors (1024K)
 Metaspace       used 113767K, capacity 116371K, committed 117120K, reserved 1150976K
  class space    used 14369K, capacity 15355K, committed 15488K, reserved 1048576K
}
Event: 1331.427 GC heap before
{Heap before GC invocations=285 (full 0):
 garbage-first heap   total 175104K, used 154947K [0x00000000c0000000, 0x0000000100000000)
  region size 1024K, 8 young (8192K), 1 survivors (1024K)
 Metaspace       used 114049K, capacity 116674K, committed 117120K, reserved 1150976K
  class space    used 14406K, capacity 15392K, committed 15488K, reserved 1048576K
}
Event: 1331.503 GC heap after
{Heap after GC invocations=286 (full 0):
 garbage-first heap   total 175104K, used 145408K [0x00000000c0000000, 0x0000000100000000)
  region size 1024K, 1 young (1024K), 1 survivors (1024K)
 Metaspace       used 114049K, capacity 116674K, committed 117120K, reserved 1150976K
  class space    used 14406K, capacity 15392K, committed 15488K, reserved 1048576K
}
Event: 1331.700 GC heap before
{Heap before GC invocations=286 (full 0):
 garbage-first heap   total 175104K, used 151552K [0x00000000c0000000, 0x0000000100000000)
  region size 1024K, 8 young (8192K), 1 survivors (1024K)
 Metaspace       used 114337K, capacity 116980K, committed 117504K, reserved 1150976K
  class space    used 14446K, capacity 15431K, committed 15616K, reserved 1048576K
}
Event: 1331.715 GC heap after
{Heap after GC invocations=287 (full 0):
 garbage-first heap   total 175104K, used 146432K [0x00000000c0000000, 0x0000000100000000)
  region size 1024K, 1 young (1024K), 1 survivors (1024K)
 Metaspace       used 114337K, capacity 116980K, committed 117504K, reserved 1150976K
  class space    used 14446K, capacity 15431K, committed 15616K, reserved 1048576K
}
Event: 1331.972 GC heap before
{Heap before GC invocations=287 (full 0):
 garbage-first heap   total 175104K, used 153600K [0x00000000c0000000, 0x0000000100000000)
  region size 1024K, 8 young (8192K), 1 survivors (1024K)
 Metaspace       used 114595K, capacity 117223K, committed 117760K, reserved 1150976K
  class space    used 14489K, capacity 15470K, committed 15616K, reserved 1048576K
}
Event: 1331.979 GC heap after
{Heap after GC invocations=288 (full 0):
 garbage-first heap   total 175104K, used 147424K [0x00000000c0000000, 0x0000000100000000)
  region size 1024K, 1 young (1024K), 1 survivors (1024K)
 Metaspace       used 114595K, capacity 117223K, committed 117760K, reserved 1150976K
  class space    used 14489K, capacity 15470K, committed 15616K, reserved 1048576K
}
Event: 1332.418 GC heap before
{Heap before GC invocations=288 (full 0):
 garbage-first heap   total 175104K, used 154592K [0x00000000c0000000, 0x0000000100000000)
  region size 1024K, 8 young (8192K), 1 survivors (1024K)
 Metaspace       used 114892K, capacity 117532K, committed 118016K, reserved 1150976K
  class space    used 14512K, capacity 15508K, committed 15616K, reserved 1048576K
}

Deoptimization events (20 events):
Event: 1329.423 Thread 0x0000016ef63cd000 Uncommon trap: trap_request=0xffffff4d fr.pc=0x0000016ee3195380 relative=0x0000000000000060
Event: 1329.423 Thread 0x0000016ef63cd000 Uncommon trap: reason=unstable_if action=reinterpret pc=0x0000016ee3195380 method=java.util.zip.ZipFile$ZipEntryIterator.hasNext()Z @ 8 c2
Event: 1329.423 Thread 0x0000016ef63cd000 DEOPT PACKING pc=0x0000016ee3195380 sp=0x00000041853fba30
Event: 1329.423 Thread 0x0000016ef63cd000 DEOPT UNPACKING pc=0x0000016edb436029 sp=0x00000041853fb968 mode 2
Event: 1332.169 Thread 0x0000016ef63cd000 Uncommon trap: trap_request=0xffffff4d fr.pc=0x0000016ee38ad1a0 relative=0x0000000000000540
Event: 1332.169 Thread 0x0000016ef63cd000 Uncommon trap: reason=unstable_if action=reinterpret pc=0x0000016ee38ad1a0 method=com.android.tools.r8.internal.U6.a(II[C)Ljava/lang/String; @ 32 c2
Event: 1332.169 Thread 0x0000016ef63cd000 DEOPT PACKING pc=0x0000016ee38ad1a0 sp=0x00000041853fa840
Event: 1332.169 Thread 0x0000016ef63cd000 DEOPT UNPACKING pc=0x0000016edb436029 sp=0x00000041853fa800 mode 2
Event: 1332.169 Thread 0x0000016ef63cd000 Uncommon trap: trap_request=0xffffff4d fr.pc=0x0000016ee38a406c relative=0x000000000000038c
Event: 1332.169 Thread 0x0000016ef63cd000 Uncommon trap: reason=unstable_if action=reinterpret pc=0x0000016ee38a406c method=com.android.tools.r8.graph.c0.a(C)I @ 1 c2
Event: 1332.169 Thread 0x0000016ef63cd000 DEOPT PACKING pc=0x0000016ee38a406c sp=0x00000041853fa640
Event: 1332.169 Thread 0x0000016ef63cd000 DEOPT UNPACKING pc=0x0000016edb436029 sp=0x00000041853fa578 mode 2
Event: 1332.169 Thread 0x0000016ef63cd000 Uncommon trap: trap_request=0xffffff4d fr.pc=0x0000016ee35e158c relative=0x000000000000006c
Event: 1332.169 Thread 0x0000016ef63cd000 Uncommon trap: reason=unstable_if action=reinterpret pc=0x0000016ee35e158c method=com.android.tools.r8.graph.c0.a(C[BI)I @ 1 c2
Event: 1332.169 Thread 0x0000016ef63cd000 DEOPT PACKING pc=0x0000016ee35e158c sp=0x00000041853fa5c0
Event: 1332.169 Thread 0x0000016ef63cd000 DEOPT UNPACKING pc=0x0000016edb436029 sp=0x00000041853fa560 mode 2
Event: 1332.171 Thread 0x0000016ef63cd000 Uncommon trap: trap_request=0xffffff4d fr.pc=0x0000016ee38a99a4 relative=0x0000000000000084
Event: 1332.171 Thread 0x0000016ef63cd000 Uncommon trap: reason=unstable_if action=reinterpret pc=0x0000016ee38a99a4 method=com.android.tools.r8.internal.Ye.d(I)Z @ 45 c2
Event: 1332.171 Thread 0x0000016ef63cd000 DEOPT PACKING pc=0x0000016ee38a99a4 sp=0x00000041853fa6a0
Event: 1332.171 Thread 0x0000016ef63cd000 DEOPT UNPACKING pc=0x0000016edb436029 sp=0x00000041853fa630 mode 2

Classes redefined (0 events):
No events

Internal exceptions (20 events):
Event: 1315.623 Thread 0x0000016ef63c2000 Implicit null exception at 0x0000016ee37b03b9 to 0x0000016ee37b04f1
Event: 1316.210 Thread 0x0000016ef63cc000 Exception <a 'java/lang/NoSuchMethodError'{0x00000000c9985b18}: <clinit>> (0x00000000c9985b18) thrown at [./src/hotspot/share/prims/jni.cpp, line 1362]
Event: 1316.225 Thread 0x0000016ef63cc000 Exception <a 'java/lang/NoSuchMethodError'{0x00000000c9991248}: <clinit>> (0x00000000c9991248) thrown at [./src/hotspot/share/prims/jni.cpp, line 1362]
Event: 1316.322 Thread 0x0000016ef63cc000 Exception <a 'java/lang/NoSuchMethodError'{0x00000000c99d9be0}: <clinit>> (0x00000000c99d9be0) thrown at [./src/hotspot/share/prims/jni.cpp, line 1362]
Event: 1316.325 Thread 0x0000016ef63cc000 Exception <a 'java/lang/NoSuchMethodError'{0x00000000c99eda68}: <clinit>> (0x00000000c99eda68) thrown at [./src/hotspot/share/prims/jni.cpp, line 1362]
Event: 1316.325 Thread 0x0000016ef63cc000 Exception <a 'java/lang/NoSuchMethodError'{0x00000000c99ef1c0}: <clinit>> (0x00000000c99ef1c0) thrown at [./src/hotspot/share/prims/jni.cpp, line 1362]
Event: 1316.459 Thread 0x0000016ef1cca800 Exception <a 'java/lang/NoSuchMethodError'{0x00000000ca0e0830}: <clinit>> (0x00000000ca0e0830) thrown at [./src/hotspot/share/prims/jni.cpp, line 1362]
Event: 1316.469 Thread 0x0000016ef1cca800 Exception <a 'java/lang/NoSuchMethodError'{0x00000000ca0f9b70}: <clinit>> (0x00000000ca0f9b70) thrown at [./src/hotspot/share/prims/jni.cpp, line 1362]
Event: 1316.475 Thread 0x0000016ef1cca800 Exception <a 'java/lang/NoSuchMethodError'{0x00000000c9f13ba0}: <clinit>> (0x00000000c9f13ba0) thrown at [./src/hotspot/share/prims/jni.cpp, line 1362]
Event: 1316.610 Thread 0x0000016ef63d1000 Implicit null exception at 0x0000016ee368689c to 0x0000016ee3688b18
Event: 1316.611 Thread 0x0000016ef63d1000 Implicit null exception at 0x0000016ee368b440 to 0x0000016ee368bfb8
Event: 1316.614 Thread 0x0000016ef63d1000 Implicit null exception at 0x0000016ee368d280 to 0x0000016ee368ddcc
Event: 1316.657 Thread 0x0000016ef1cc8800 Implicit null exception at 0x0000016ee368ef74 to 0x0000016ee368fa70
Event: 1316.698 Thread 0x0000016ef63cc000 Exception <a 'java/lang/NoSuchMethodError'{0x00000000c9efa728}: <clinit>> (0x00000000c9efa728) thrown at [./src/hotspot/share/prims/jni.cpp, line 1362]
Event: 1323.157 Thread 0x0000016ef1cc9800 Implicit null exception at 0x0000016ee324385a to 0x0000016ee32441e8
Event: 1323.161 Thread 0x0000016ef1ccb000 Implicit null exception at 0x0000016ee2fecf9e to 0x0000016ee2fed3f4
Event: 1330.801 Thread 0x0000016ef63cd000 Exception <a 'sun/nio/fs/WindowsException'{0x00000000c9a4d580}> (0x00000000c9a4d580) thrown at [./src/hotspot/share/prims/jni.cpp, line 615]
Event: 1331.505 Thread 0x0000016ef63cd000 Exception <a 'java/lang/IncompatibleClassChangeError'{0x00000000ca018368}: Found class java.lang.Object, but interface was expected> (0x00000000ca018368) thrown at [./src/hotspot/share/interpreter/linkResolver.cpp, line 839]
Event: 1331.779 Thread 0x0000016ef63cd000 Exception <a 'java/lang/NoSuchMethodError'{0x00000000c9f26a10}: 'java.lang.Object java.lang.invoke.DirectMethodHandle$Holder.invokeStatic(java.lang.Object, long)'> (0x00000000c9f26a10) thrown at [./src/hotspot/share/interpreter/linkResolver.cpp, line 773]
Event: 1331.986 Thread 0x0000016ef63ce800 Exception <a 'sun/nio/fs/WindowsException'{0x00000000ca05f970}> (0x00000000ca05f970) thrown at [./src/hotspot/share/prims/jni.cpp, line 615]

Events (20 events):
Event: 1332.046 loading class com/android/tools/r8/internal/mu$a done
Event: 1332.047 loading class com/android/tools/r8/internal/Ju
Event: 1332.047 loading class com/android/tools/r8/internal/Ju done
Event: 1332.048 loading class com/android/tools/r8/internal/mu$f
Event: 1332.048 loading class com/android/tools/r8/internal/mu$f done
Event: 1332.054 loading class com/android/tools/r8/internal/ou
Event: 1332.054 loading class com/android/tools/r8/internal/ou done
Event: 1332.054 loading class com/android/tools/r8/internal/qr
Event: 1332.054 loading class com/android/tools/r8/internal/qr done
Event: 1332.055 loading class com/android/tools/r8/internal/mu$d
Event: 1332.055 loading class com/android/tools/r8/internal/mu$d done
Event: 1332.055 loading class com/android/tools/r8/internal/nu
Event: 1332.055 loading class com/android/tools/r8/internal/nu done
Event: 1332.165 loading class com/android/tools/r8/graph/B0$a
Event: 1332.165 loading class com/android/tools/r8/graph/B0$a done
Event: 1332.206 loading class com/android/tools/r8/graph/B0$a
Event: 1332.206 loading class com/android/tools/r8/graph/B0$a done
Event: 1332.213 loading class com/android/tools/r8/graph/B0$d
Event: 1332.213 loading class com/android/tools/r8/graph/B0$d done
Event: 1332.417 Executing VM operation: G1CollectForAllocation


Dynamic libraries:
0x00007ff60d510000 - 0x00007ff60d51a000 	C:\Users\felip\OneDrive\Desktop\android-studio\jre\bin\java.exe
0x00007ffedbff0000 - 0x00007ffedc1e5000 	C:\Windows\SYSTEM32\ntdll.dll
0x00007ffed7020000 - 0x00007ffed7036000 	C:\Program Files\Avast Software\Avast\aswhook.dll
0x00007ffedb350000 - 0x00007ffedb40e000 	C:\Windows\System32\KERNEL32.DLL
0x00007ffed97a0000 - 0x00007ffed9a68000 	C:\Windows\System32\KERNELBASE.dll
0x00007ffed9d40000 - 0x00007ffed9e40000 	C:\Windows\System32\ucrtbase.dll
0x00007ffed6fa0000 - 0x00007ffed6fb7000 	C:\Users\felip\OneDrive\Desktop\android-studio\jre\bin\VCRUNTIME140.dll
0x00007ffed4500000 - 0x00007ffed4519000 	C:\Users\felip\OneDrive\Desktop\android-studio\jre\bin\jli.dll
0x00007ffedb7e0000 - 0x00007ffedb981000 	C:\Windows\System32\USER32.dll
0x00007ffed9710000 - 0x00007ffed9732000 	C:\Windows\System32\win32u.dll
0x00007ffec6bb0000 - 0x00007ffec6e4a000 	C:\Windows\WinSxS\amd64_microsoft.windows.common-controls_6595b64144ccf1df_6.0.19041.1110_none_60b5254171f9507e\COMCTL32.dll
0x00007ffedb240000 - 0x00007ffedb26b000 	C:\Windows\System32\GDI32.dll
0x00007ffed9e40000 - 0x00007ffed9f4b000 	C:\Windows\System32\gdi32full.dll
0x00007ffedbcc0000 - 0x00007ffedbd5e000 	C:\Windows\System32\msvcrt.dll
0x00007ffed9fa0000 - 0x00007ffeda03d000 	C:\Windows\System32\msvcp_win.dll
0x00007ffedba00000 - 0x00007ffedba30000 	C:\Windows\System32\IMM32.DLL
0x00007ffebbd80000 - 0x00007ffebbe1d000 	C:\Users\felip\OneDrive\Desktop\android-studio\jre\bin\msvcp140.dll
0x00007ffea8f60000 - 0x00007ffea9a35000 	C:\Users\felip\OneDrive\Desktop\android-studio\jre\bin\server\jvm.dll
0x00007ffeda110000 - 0x00007ffeda1bc000 	C:\Windows\System32\ADVAPI32.dll
0x00007ffedbf10000 - 0x00007ffedbfab000 	C:\Windows\System32\sechost.dll
0x00007ffedbae0000 - 0x00007ffedbc0a000 	C:\Windows\System32\RPCRT4.dll
0x00007ffedb230000 - 0x00007ffedb238000 	C:\Windows\System32\PSAPI.DLL
0x00007ffecbca0000 - 0x00007ffecbca9000 	C:\Windows\SYSTEM32\WSOCK32.dll
0x00007ffedb990000 - 0x00007ffedb9fb000 	C:\Windows\System32\WS2_32.dll
0x00007ffed2a50000 - 0x00007ffed2a5a000 	C:\Windows\SYSTEM32\VERSION.dll
0x00007ffec7410000 - 0x00007ffec7437000 	C:\Windows\SYSTEM32\WINMM.dll
0x00007ffed7530000 - 0x00007ffed7542000 	C:\Windows\SYSTEM32\kernel.appcore.dll
0x00007ffec5820000 - 0x00007ffec5831000 	C:\Users\felip\OneDrive\Desktop\android-studio\jre\bin\verify.dll
0x00007ffece500000 - 0x00007ffece6e4000 	C:\Windows\SYSTEM32\DBGHELP.DLL
0x00007ffecf710000 - 0x00007ffecf73c000 	C:\Windows\SYSTEM32\dbgcore.DLL
0x00007ffed9c80000 - 0x00007ffed9d03000 	C:\Windows\System32\bcryptPrimitives.dll
0x00007ffeb81c0000 - 0x00007ffeb81e9000 	C:\Users\felip\OneDrive\Desktop\android-studio\jre\bin\java.dll
0x00007ffec5930000 - 0x00007ffec593b000 	C:\Users\felip\OneDrive\Desktop\android-studio\jre\bin\jimage.dll
0x00007ffeba250000 - 0x00007ffeba268000 	C:\Users\felip\OneDrive\Desktop\android-studio\jre\bin\zip.dll
0x00007ffeda3d0000 - 0x00007ffedab0f000 	C:\Windows\System32\SHELL32.dll
0x00007ffed7810000 - 0x00007ffed7fa0000 	C:\Windows\SYSTEM32\windows.storage.dll
0x00007ffedb480000 - 0x00007ffedb7d5000 	C:\Windows\System32\combase.dll
0x00007ffed9090000 - 0x00007ffed90be000 	C:\Windows\SYSTEM32\Wldp.dll
0x00007ffedba30000 - 0x00007ffedbadd000 	C:\Windows\System32\SHCORE.dll
0x00007ffedb410000 - 0x00007ffedb465000 	C:\Windows\System32\shlwapi.dll
0x00007ffed9650000 - 0x00007ffed966f000 	C:\Windows\SYSTEM32\profapi.dll
0x00007ffeb8400000 - 0x00007ffeb841a000 	C:\Users\felip\OneDrive\Desktop\android-studio\jre\bin\net.dll
0x00007ffed08d0000 - 0x00007ffed09dc000 	C:\Windows\SYSTEM32\WINHTTP.dll
0x00007ffed8df0000 - 0x00007ffed8e5a000 	C:\Windows\system32\mswsock.dll
0x00007ffeb7bd0000 - 0x00007ffeb7be4000 	C:\Users\felip\OneDrive\Desktop\android-studio\jre\bin\nio.dll
0x00007ffed6fc0000 - 0x00007ffed6fe7000 	C:\Users\felip\.gradle\native\8bec1ad78214c89d9ad589b4d07fe93259594b29d510b10fafb7a158f7737e5d\windows-amd64\native-platform.dll
0x00007ffebbe20000 - 0x00007ffebbf5d000 	C:\Users\felip\.gradle\native\53dbd7edfb1c66fb8903c78663c9afc45aea4f116125fa6feffd364cf09443e8\windows-amd64\native-platform-file-events.dll
0x00007ffebe570000 - 0x00007ffebe57a000 	C:\Users\felip\OneDrive\Desktop\android-studio\jre\bin\management.dll
0x00007ffebb490000 - 0x00007ffebb49d000 	C:\Users\felip\OneDrive\Desktop\android-studio\jre\bin\management_ext.dll
0x00007ffed8fe0000 - 0x00007ffed8ff8000 	C:\Windows\SYSTEM32\CRYPTSP.dll
0x00007ffed8770000 - 0x00007ffed87a4000 	C:\Windows\system32\rsaenh.dll
0x00007ffed9d10000 - 0x00007ffed9d37000 	C:\Windows\System32\bcrypt.dll
0x00007ffed9610000 - 0x00007ffed963e000 	C:\Windows\SYSTEM32\USERENV.dll
0x00007ffed9000000 - 0x00007ffed900c000 	C:\Windows\SYSTEM32\CRYPTBASE.dll
0x00007ffed8ae0000 - 0x00007ffed8b1b000 	C:\Windows\SYSTEM32\IPHLPAPI.DLL
0x00007ffedb470000 - 0x00007ffedb478000 	C:\Windows\System32\NSI.dll
0x00007ffed3ba0000 - 0x00007ffed3bb7000 	C:\Windows\SYSTEM32\dhcpcsvc6.DLL
0x00007ffed3dd0000 - 0x00007ffed3ded000 	C:\Windows\SYSTEM32\dhcpcsvc.DLL
0x00007ffed8b20000 - 0x00007ffed8beb000 	C:\Windows\SYSTEM32\DNSAPI.dll

dbghelp: loaded successfully - version: 4.0.5 - missing functions: none
symbol engine: initialized successfully - sym options: 0x614 - pdb path: .;C:\Users\felip\OneDrive\Desktop\android-studio\jre\bin;C:\Windows\SYSTEM32;C:\Program Files\Avast Software\Avast;C:\Windows\WinSxS\amd64_microsoft.windows.common-controls_6595b64144ccf1df_6.0.19041.1110_none_60b5254171f9507e;C:\Users\felip\OneDrive\Desktop\android-studio\jre\bin\server;C:\Users\felip\.gradle\native\8bec1ad78214c89d9ad589b4d07fe93259594b29d510b10fafb7a158f7737e5d\windows-amd64;C:\Users\felip\.gradle\native\53dbd7edfb1c66fb8903c78663c9afc45aea4f116125fa6feffd364cf09443e8\windows-amd64

VM Arguments:
jvm_args: --add-opens=java.base/java.util=ALL-UNNAMED --add-opens=java.base/java.lang=ALL-UNNAMED --add-opens=java.base/java.lang.invoke=ALL-UNNAMED --add-opens=java.base/java.util=ALL-UNNAMED --add-opens=java.prefs/java.util.prefs=ALL-UNNAMED --add-opens=java.prefs/java.util.prefs=ALL-UNNAMED --add-opens=java.base/java.nio.charset=ALL-UNNAMED --add-opens=java.base/java.net=ALL-UNNAMED --add-opens=java.base/java.util.concurrent.atomic=ALL-UNNAMED -Xmx1024m -Dfile.encoding=UTF-8 -Duser.country=US -Duser.language=en -Duser.variant 
java_command: org.gradle.launcher.daemon.bootstrap.GradleDaemon 7.0.2
java_class_path (initial): C:\Users\felip\.gradle\wrapper\dists\gradle-7.0.2-bin\857tjihv64xamwrf0h14cai3r\gradle-7.0.2\lib\gradle-launcher-7.0.2.jar
Launcher Type: SUN_STANDARD

[Global flags]
     intx CICompilerCount                          = 2                                         {product} {ergonomic}
     uint ConcGCThreads                            = 1                                         {product} {ergonomic}
     uint G1ConcRefinementThreads                  = 2                                         {product} {ergonomic}
   size_t G1HeapRegionSize                         = 1048576                                   {product} {ergonomic}
    uintx GCDrainStackTargetSize                   = 64                                        {product} {ergonomic}
   size_t InitialHeapSize                          = 67108864                                  {product} {ergonomic}
   size_t MarkStackSize                            = 4194304                                   {product} {ergonomic}
   size_t MaxHeapSize                              = 1073741824                                {product} {command line}
   size_t MaxNewSize                               = 643825664                                 {product} {ergonomic}
   size_t MinHeapDeltaBytes                        = 1048576                                   {product} {ergonomic}
    uintx NonNMethodCodeHeapSize                   = 5825164                                {pd product} {ergonomic}
    uintx NonProfiledCodeHeapSize                  = 122916538                              {pd product} {ergonomic}
    uintx ProfiledCodeHeapSize                     = 122916538                              {pd product} {ergonomic}
    uintx ReservedCodeCacheSize                    = 251658240                              {pd product} {ergonomic}
     bool SegmentedCodeCache                       = true                                      {product} {ergonomic}
     bool UseCompressedClassPointers               = true                                 {lp64_product} {ergonomic}
     bool UseCompressedOops                        = true                                 {lp64_product} {ergonomic}
     bool UseG1GC                                  = true                                      {product} {ergonomic}
     bool UseLargePagesIndividualAllocation        = false                                  {pd product} {ergonomic}

Logging:
Log output configuration:
 #0: stdout all=warning uptime,level,tags
 #1: stderr all=off uptime,level,tags

Environment Variables:
PATH=C:\Program Files\Common Files\Oracle\Java\javapath;C:\Program Files (x86)\Common Files\Oracle\Java\javapath;C:\Windows\system32;C:\Windows;C:\Windows\System32\Wbem;C:\Windows\System32\WindowsPowerShell\v1.0\;C:\Windows\System32\OpenSSH\;C:\ProgramData\chocolatey\bin;C:\Program Files (x86)\Yarn\bin\;C:\Program Files\Git\cmd;C:\Program Files\nodejs\;C:\Users\felip\AppData\Local\Microsoft\WindowsApps;C:\Users\felip\AppData\Local\Programs\Microsoft VS Code\bin;C:\Users\felip\AppData\Local\Yarn\bin;C:\Users\felip\AppData\Local\GitHubDesktop\bin;C:\Users\felip\AppData\Roaming\npm
USERNAME=felip
OS=Windows_NT
PROCESSOR_IDENTIFIER=Intel64 Family 6 Model 23 Stepping 10, GenuineIntel



---------------  S Y S T E M  ---------------

OS: Windows 10 , 64 bit Build 19041 (10.0.19041.1348)
OS uptime: 0 days 1:11 hours

CPU:total 2 (initial active 2) (2 cores per cpu, 1 threads per core) family 6 model 23 stepping 10 microcode 0xa0c, cmov, cx8, fxsr, mmx, sse, sse2, sse3, ssse3, tsc

Memory: 4k page, system-wide physical 4061M (47M free)
TotalPageFile size 4061M (AvailPageFile size 79M)
current process WorkingSet (physical memory assigned to process): 436M, peak: 446M
current process commit charge ("private bytes"): 535M, peak: 723M

vm_info: OpenJDK 64-Bit Server VM (11.0.11+9-b60-7590822) for windows-amd64 JRE (11.0.11+9-b60-7590822), built on Jul 29 2021 21:43:44 by "builder" with MS VC++ 14.0 (VS2015)

END.
