#
# There is insufficient memory for the Java Runtime Environment to continue.
# Native memory allocation (malloc) failed to allocate 1297136 bytes for Chunk::new
# Possible reasons:
#   The system is out of physical RAM or swap space
#   The process is running with CompressedOops enabled, and the Java Heap may be blocking the growth of the native heap
# Possible solutions:
#   Reduce memory load on the system
#   Increase physical memory or swap space
#   Check if swap backing store is full
#   Decrease Java heap size (-Xmx/-Xms)
#   Decrease number of Java threads
#   Decrease Java thread stack sizes (-Xss)
#   Set larger code cache with -XX:ReservedCodeCacheSize=
#   JVM is running with Unscaled Compressed Oops mode in which the Java heap is
#     placed in the first 4GB address space. The Java Heap base address is the
#     maximum limit for the native heap growth. Please use -XX:HeapBaseMinAddress
#     to set the Java Heap base and to place the Java Heap above 4GB virtual address.
# This output file may be truncated or incomplete.
#
#  Out of Memory Error (./src/hotspot/share/memory/arena.cpp:197), pid=5576, tid=4680
#
# JRE version: OpenJDK Runtime Environment (11.0.11+9) (build 11.0.11+9-b60-7590822)
# Java VM: OpenJDK 64-Bit Server VM (11.0.11+9-b60-7590822, mixed mode, tiered, compressed oops, g1 gc, windows-amd64)
# No core dump will be written. Minidumps are not enabled by default on client versions of Windows
#

---------------  S U M M A R Y ------------

Command Line: --add-opens=java.base/java.util=ALL-UNNAMED --add-opens=java.base/java.lang=ALL-UNNAMED --add-opens=java.base/java.lang.invoke=ALL-UNNAMED --add-opens=java.base/java.util=ALL-UNNAMED --add-opens=java.prefs/java.util.prefs=ALL-UNNAMED --add-opens=java.prefs/java.util.prefs=ALL-UNNAMED --add-opens=java.base/java.nio.charset=ALL-UNNAMED --add-opens=java.base/java.net=ALL-UNNAMED --add-opens=java.base/java.util.concurrent.atomic=ALL-UNNAMED -Xmx2048m -Dfile.encoding=UTF-8 -Duser.country=US -Duser.language=en -Duser.variant org.gradle.launcher.daemon.bootstrap.GradleDaemon 7.0.2

Host: Celeron(R) Dual-Core CPU       T3500  @ 2.10GHz, 2 cores, 3G,  Windows 10 , 64 bit Build 19041 (10.0.19041.1202)
Time: Wed Nov  3 09:46:14 2021 E. South America Standard Time elapsed time: 28.043958 seconds (0d 0h 0m 28s)

---------------  T H R E A D  ---------------

Current thread (0x000002e07fe1d800):  JavaThread "C2 CompilerThread0" daemon [_thread_in_native, id=4680, stack(0x000000f07ac00000,0x000000f07ad00000)]


Current CompileTask:
C2:  28044 1992   !   4       java.lang.ClassLoader::loadClass (122 bytes)

Stack: [0x000000f07ac00000,0x000000f07ad00000]
Native frames: (J=compiled Java code, j=interpreted, Vv=VM code, C=native code)
V  [jvm.dll+0x5f214a]
V  [jvm.dll+0x726fb5]
V  [jvm.dll+0x7285cd]
V  [jvm.dll+0x728c83]
V  [jvm.dll+0x243278]
V  [jvm.dll+0xbc53c]
V  [jvm.dll+0xbca3c]
V  [jvm.dll+0x353e7d]
V  [jvm.dll+0x321893]
V  [WINMM.dll+0x320d8a]
V  [jvm.dll+0x1fc1e2]
V  [jvm.dll+0x1fb3d4]
V  [jvm.dll+0x183d6c]
V  [jvm.dll+0x209a57]
V  [jvm.dll+0x2082a1]
V  [jvm.dll+0x6ef58f]
V  [jvm.dll+0x6e80b5]
V  [jvm.dll+0x5f1036]
C  [ucrtbase.dll+0x21bb2]
C  [KERNEL32.DLL+0x17034]
C  [ntdll.dll+0x52651]


---------------  P R O C E S S  ---------------

Threads class SMR info:
_java_thread_list=0x000002e013cb2a40, length=23, elements={
0x000002e079541000, 0x000002e07fdb5800, 0x000002e07fdbf800, 0x000002e07fe10000,
0x000002e07fe11000, 0x000002e07fe12000, 0x000002e07fe1d800, 0x000002e013808800,
0x000002e01384b000, 0x000002e013942800, 0x000002e014a97800, 0x000002e01463c000,
0x000002e0144e8000, 0x000002e0150a6800, 0x000002e015143000, 0x000002e013d2c800,
0x000002e0155f4000, 0x000002e0155f5000, 0x000002e013c54800, 0x000002e014e69000,
0x000002e014e69800, 0x000002e014e64000, 0x000002e014e64800
}

Java Threads: ( => current thread )
  0x000002e079541000 JavaThread "main" [_thread_blocked, id=3424, stack(0x000000f07a000000,0x000000f07a100000)]
  0x000002e07fdb5800 JavaThread "Reference Handler" daemon [_thread_blocked, id=7228, stack(0x000000f07a700000,0x000000f07a800000)]
  0x000002e07fdbf800 JavaThread "Finalizer" daemon [_thread_blocked, id=8812, stack(0x000000f07a800000,0x000000f07a900000)]
  0x000002e07fe10000 JavaThread "Signal Dispatcher" daemon [_thread_blocked, id=1724, stack(0x000000f07a900000,0x000000f07aa00000)]
  0x000002e07fe11000 JavaThread "Attach Listener" daemon [_thread_blocked, id=3000, stack(0x000000f07aa00000,0x000000f07ab00000)]
  0x000002e07fe12000 JavaThread "Service Thread" daemon [_thread_blocked, id=3220, stack(0x000000f07ab00000,0x000000f07ac00000)]
=>0x000002e07fe1d800 JavaThread "C2 CompilerThread0" daemon [_thread_in_native, id=4680, stack(0x000000f07ac00000,0x000000f07ad00000)]
  0x000002e013808800 JavaThread "C1 CompilerThread0" daemon [_thread_blocked, id=9724, stack(0x000000f07ad00000,0x000000f07ae00000)]
  0x000002e01384b000 JavaThread "Sweeper thread" daemon [_thread_blocked, id=480, stack(0x000000f07ae00000,0x000000f07af00000)]
  0x000002e013942800 JavaThread "Common-Cleaner" daemon [_thread_blocked, id=6508, stack(0x000000f07af00000,0x000000f07b000000)]
  0x000002e014a97800 JavaThread "Daemon health stats" [_thread_blocked, id=4332, stack(0x000000f07b200000,0x000000f07b300000)]
  0x000002e01463c000 JavaThread "Incoming local TCP Connector on port 8714" [_thread_in_native, id=8728, stack(0x000000f07b300000,0x000000f07b400000)]
  0x000002e0144e8000 JavaThread "Daemon periodic checks" [_thread_blocked, id=9028, stack(0x000000f07b400000,0x000000f07b500000)]
  0x000002e0150a6800 JavaThread "Daemon" [_thread_blocked, id=2900, stack(0x000000f07b500000,0x000000f07b600000)]
  0x000002e015143000 JavaThread "Handler for socket connection from /127.0.0.1:8714 to /127.0.0.1:8715" [_thread_in_native, id=9156, stack(0x000000f07b600000,0x000000f07b700000)]
  0x000002e013d2c800 JavaThread "Cancel handler" [_thread_blocked, id=9472, stack(0x000000f07b700000,0x000000f07b800000)]
  0x000002e0155f4000 JavaThread "Daemon worker" [_thread_in_native, id=5020, stack(0x000000f07b800000,0x000000f07b900000)]
  0x000002e0155f5000 JavaThread "Asynchronous log dispatcher for DefaultDaemonConnection: socket connection from /127.0.0.1:8714 to /127.0.0.1:8715" [_thread_blocked, id=7936, stack(0x000000f07b900000,0x000000f07ba00000)]
  0x000002e013c54800 JavaThread "Stdin handler" [_thread_blocked, id=2844, stack(0x000000f07ba00000,0x000000f07bb00000)]
  0x000002e014e69000 JavaThread "Daemon client event forwarder" [_thread_blocked, id=6720, stack(0x000000f07bb00000,0x000000f07bc00000)]
  0x000002e014e69800 JavaThread "Cache worker for file hash cache (C:\Users\felip\.gradle\caches\7.0.2\fileHashes)" [_thread_blocked, id=9828, stack(0x000000f07bc00000,0x000000f07bd00000)]
  0x000002e014e64000 JavaThread "File lock request listener" [_thread_in_native, id=5044, stack(0x000000f07bd00000,0x000000f07be00000)]
  0x000002e014e64800 JavaThread "Cache worker for journal cache (C:\Users\felip\.gradle\caches\journal-1)" [_thread_blocked, id=9864, stack(0x000000f07be00000,0x000000f07bf00000)]

Other Threads:
  0x000002e07fdae000 VMThread "VM Thread" [stack: 0x000000f07a600000,0x000000f07a700000] [id=6124]
  0x000002e013972000 WatcherThread [stack: 0x000000f07b000000,0x000000f07b100000] [id=1112]
  0x000002e07955a800 GCTaskThread "GC Thread#0" [stack: 0x000000f07a100000,0x000000f07a200000] [id=4592]
  0x000002e013a11800 GCTaskThread "GC Thread#1" [stack: 0x000000f07b100000,0x000000f07b200000] [id=3332]
  0x000002e07958a000 ConcurrentGCThread "G1 Main Marker" [stack: 0x000000f07a200000,0x000000f07a300000] [id=9832]
  0x000002e07958b800 ConcurrentGCThread "G1 Conc#0" [stack: 0x000000f07a300000,0x000000f07a400000] [id=6836]
  0x000002e0795db000 ConcurrentGCThread "G1 Refine#0" [stack: 0x000000f07a400000,0x000000f07a500000] [id=5912]
  0x000002e0795dc800 ConcurrentGCThread "G1 Young RemSet Sampling" [stack: 0x000000f07a500000,0x000000f07a600000] [id=2572]

Threads with active compile tasks:
C2 CompilerThread0  28471 1992   !   4       java.lang.ClassLoader::loadClass (122 bytes)

VM state:not at safepoint (normal execution)

VM Mutex/Monitor currently owned by a thread: None

Heap address: 0x0000000080000000, size: 2048 MB, Compressed Oops mode: 32-bit
Narrow klass base: 0x0000000000000000, Narrow klass shift: 3
Compressed class space size: 1073741824 Address: 0x0000000100000000

Heap:
 garbage-first heap   total 65536K, used 27340K [0x0000000080000000, 0x0000000100000000)
  region size 1024K, 12 young (12288K), 1 survivors (1024K)
 Metaspace       used 21829K, capacity 22464K, committed 22704K, reserved 1069056K
  class space    used 2731K, capacity 2947K, committed 3072K, reserved 1048576K
Heap Regions: E=young(eden), S=young(survivor), O=old, HS=humongous(starts), HC=humongous(continues), CS=collection set, F=free, A=archive, TAMS=top-at-mark-start (previous, next)
|   0|0x0000000080000000, 0x0000000080100000, 0x0000000080100000|100%| O|  |TAMS 0x0000000080100000, 0x0000000080000000| Untracked 
|   1|0x0000000080100000, 0x0000000080200000, 0x0000000080200000|100%| O|  |TAMS 0x0000000080200000, 0x0000000080100000| Untracked 
|   2|0x0000000080200000, 0x0000000080300000, 0x0000000080300000|100%| O|  |TAMS 0x0000000080300000, 0x0000000080200000| Untracked 
|   3|0x0000000080300000, 0x0000000080400000, 0x0000000080400000|100%| O|  |TAMS 0x0000000080400000, 0x0000000080300000| Untracked 
|   4|0x0000000080400000, 0x0000000080500000, 0x0000000080500000|100%|HS|  |TAMS 0x0000000080500000, 0x0000000080400000| Complete 
|   5|0x0000000080500000, 0x0000000080600000, 0x0000000080600000|100%|HC|  |TAMS 0x0000000080600000, 0x0000000080500000| Complete 
|   6|0x0000000080600000, 0x0000000080700000, 0x0000000080700000|100%|HC|  |TAMS 0x0000000080700000, 0x0000000080600000| Complete 
|   7|0x0000000080700000, 0x0000000080800000, 0x0000000080800000|100%| O|  |TAMS 0x0000000080800000, 0x0000000080700000| Untracked 
|   8|0x0000000080800000, 0x0000000080900000, 0x0000000080900000|100%| O|  |TAMS 0x0000000080900000, 0x0000000080800000| Untracked 
|   9|0x0000000080900000, 0x0000000080a00000, 0x0000000080a00000|100%| O|  |TAMS 0x0000000080a00000, 0x0000000080900000| Untracked 
|  10|0x0000000080a00000, 0x0000000080b00000, 0x0000000080b00000|100%| O|  |TAMS 0x0000000080b00000, 0x0000000080a00000| Untracked 
|  11|0x0000000080b00000, 0x0000000080c00000, 0x0000000080c00000|100%| O|  |TAMS 0x0000000080c00000, 0x0000000080b00000| Untracked 
|  12|0x0000000080c00000, 0x0000000080d00000, 0x0000000080d00000|100%| O|  |TAMS 0x0000000080d00000, 0x0000000080c00000| Untracked 
|  13|0x0000000080d00000, 0x0000000080e00000, 0x0000000080e00000|100%| O|  |TAMS 0x0000000080e00000, 0x0000000080d00000| Untracked 
|  14|0x0000000080e00000, 0x0000000080f00000, 0x0000000080f00000|100%| O|  |TAMS 0x0000000080f00000, 0x0000000080e00000| Untracked 
|  15|0x0000000080f00000, 0x0000000080fb3000, 0x0000000081000000| 69%| O|  |TAMS 0x0000000080fb3000, 0x0000000080f00000| Untracked 
|  16|0x0000000081000000, 0x0000000081000000, 0x0000000081100000|  0%| F|  |TAMS 0x0000000081000000, 0x0000000081000000| Untracked 
|  17|0x0000000081100000, 0x0000000081100000, 0x0000000081200000|  0%| F|  |TAMS 0x0000000081100000, 0x0000000081100000| Untracked 
|  18|0x0000000081200000, 0x0000000081200000, 0x0000000081300000|  0%| F|  |TAMS 0x0000000081200000, 0x0000000081200000| Untracked 
|  19|0x0000000081300000, 0x0000000081300000, 0x0000000081400000|  0%| F|  |TAMS 0x0000000081300000, 0x0000000081300000| Untracked 
|  20|0x0000000081400000, 0x0000000081400000, 0x0000000081500000|  0%| F|  |TAMS 0x0000000081400000, 0x0000000081400000| Untracked 
|  21|0x0000000081500000, 0x0000000081500000, 0x0000000081600000|  0%| F|  |TAMS 0x0000000081500000, 0x0000000081500000| Untracked 
|  22|0x0000000081600000, 0x0000000081600000, 0x0000000081700000|  0%| F|  |TAMS 0x0000000081600000, 0x0000000081600000| Untracked 
|  23|0x0000000081700000, 0x0000000081700000, 0x0000000081800000|  0%| F|  |TAMS 0x0000000081700000, 0x0000000081700000| Untracked 
|  24|0x0000000081800000, 0x0000000081800000, 0x0000000081900000|  0%| F|  |TAMS 0x0000000081800000, 0x0000000081800000| Untracked 
|  25|0x0000000081900000, 0x0000000081900000, 0x0000000081a00000|  0%| F|  |TAMS 0x0000000081900000, 0x0000000081900000| Untracked 
|  26|0x0000000081a00000, 0x0000000081a00000, 0x0000000081b00000|  0%| F|  |TAMS 0x0000000081a00000, 0x0000000081a00000| Untracked 
|  27|0x0000000081b00000, 0x0000000081b00000, 0x0000000081c00000|  0%| F|  |TAMS 0x0000000081b00000, 0x0000000081b00000| Untracked 
|  28|0x0000000081c00000, 0x0000000081c00000, 0x0000000081d00000|  0%| F|  |TAMS 0x0000000081c00000, 0x0000000081c00000| Untracked 
|  29|0x0000000081d00000, 0x0000000081d00000, 0x0000000081e00000|  0%| F|  |TAMS 0x0000000081d00000, 0x0000000081d00000| Untracked 
|  30|0x0000000081e00000, 0x0000000081e00000, 0x0000000081f00000|  0%| F|  |TAMS 0x0000000081e00000, 0x0000000081e00000| Untracked 
|  31|0x0000000081f00000, 0x0000000081f00000, 0x0000000082000000|  0%| F|  |TAMS 0x0000000081f00000, 0x0000000081f00000| Untracked 
|  32|0x0000000082000000, 0x0000000082000000, 0x0000000082100000|  0%| F|  |TAMS 0x0000000082000000, 0x0000000082000000| Untracked 
|  33|0x0000000082100000, 0x0000000082100000, 0x0000000082200000|  0%| F|  |TAMS 0x0000000082100000, 0x0000000082100000| Untracked 
|  34|0x0000000082200000, 0x0000000082200000, 0x0000000082300000|  0%| F|  |TAMS 0x0000000082200000, 0x0000000082200000| Untracked 
|  35|0x0000000082300000, 0x0000000082300000, 0x0000000082400000|  0%| F|  |TAMS 0x0000000082300000, 0x0000000082300000| Untracked 
|  36|0x0000000082400000, 0x0000000082400000, 0x0000000082500000|  0%| F|  |TAMS 0x0000000082400000, 0x0000000082400000| Untracked 
|  37|0x0000000082500000, 0x0000000082500000, 0x0000000082600000|  0%| F|  |TAMS 0x0000000082500000, 0x0000000082500000| Untracked 
|  38|0x0000000082600000, 0x0000000082700000, 0x0000000082700000|100%| S|CS|TAMS 0x0000000082600000, 0x0000000082600000| Complete 
|  39|0x0000000082700000, 0x0000000082700000, 0x0000000082800000|  0%| F|  |TAMS 0x0000000082700000, 0x0000000082700000| Untracked 
|  40|0x0000000082800000, 0x0000000082800000, 0x0000000082900000|  0%| F|  |TAMS 0x0000000082800000, 0x0000000082800000| Untracked 
|  41|0x0000000082900000, 0x0000000082900000, 0x0000000082a00000|  0%| F|  |TAMS 0x0000000082900000, 0x0000000082900000| Untracked 
|  42|0x0000000082a00000, 0x0000000082a00000, 0x0000000082b00000|  0%| F|  |TAMS 0x0000000082a00000, 0x0000000082a00000| Untracked 
|  43|0x0000000082b00000, 0x0000000082b00000, 0x0000000082c00000|  0%| F|  |TAMS 0x0000000082b00000, 0x0000000082b00000| Untracked 
|  44|0x0000000082c00000, 0x0000000082c00000, 0x0000000082d00000|  0%| F|  |TAMS 0x0000000082c00000, 0x0000000082c00000| Untracked 
|  45|0x0000000082d00000, 0x0000000082d00000, 0x0000000082e00000|  0%| F|  |TAMS 0x0000000082d00000, 0x0000000082d00000| Untracked 
|  46|0x0000000082e00000, 0x0000000082e00000, 0x0000000082f00000|  0%| F|  |TAMS 0x0000000082e00000, 0x0000000082e00000| Untracked 
|  47|0x0000000082f00000, 0x0000000082f00000, 0x0000000083000000|  0%| F|  |TAMS 0x0000000082f00000, 0x0000000082f00000| Untracked 
|  48|0x0000000083000000, 0x0000000083000000, 0x0000000083100000|  0%| F|  |TAMS 0x0000000083000000, 0x0000000083000000| Untracked 
|  49|0x0000000083100000, 0x0000000083100000, 0x0000000083200000|  0%| F|  |TAMS 0x0000000083100000, 0x0000000083100000| Untracked 
|  50|0x0000000083200000, 0x0000000083200000, 0x0000000083300000|  0%| F|  |TAMS 0x0000000083200000, 0x0000000083200000| Untracked 
|  51|0x0000000083300000, 0x0000000083300000, 0x0000000083400000|  0%| F|  |TAMS 0x0000000083300000, 0x0000000083300000| Untracked 
|  52|0x0000000083400000, 0x0000000083400000, 0x0000000083500000|  0%| F|  |TAMS 0x0000000083400000, 0x0000000083400000| Untracked 
|  53|0x0000000083500000, 0x000000008359ccd8, 0x0000000083600000| 61%| E|  |TAMS 0x0000000083500000, 0x0000000083500000| Complete 
|  54|0x0000000083600000, 0x0000000083700000, 0x0000000083700000|100%| E|CS|TAMS 0x0000000083600000, 0x0000000083600000| Complete 
|  55|0x0000000083700000, 0x0000000083800000, 0x0000000083800000|100%| E|CS|TAMS 0x0000000083700000, 0x0000000083700000| Complete 
|  56|0x0000000083800000, 0x0000000083900000, 0x0000000083900000|100%| E|CS|TAMS 0x0000000083800000, 0x0000000083800000| Complete 
|  57|0x0000000083900000, 0x0000000083a00000, 0x0000000083a00000|100%| E|CS|TAMS 0x0000000083900000, 0x0000000083900000| Complete 
|  58|0x0000000083a00000, 0x0000000083b00000, 0x0000000083b00000|100%| E|CS|TAMS 0x0000000083a00000, 0x0000000083a00000| Complete 
|  59|0x0000000083b00000, 0x0000000083c00000, 0x0000000083c00000|100%| E|CS|TAMS 0x0000000083b00000, 0x0000000083b00000| Complete 
|  60|0x0000000083c00000, 0x0000000083d00000, 0x0000000083d00000|100%| E|CS|TAMS 0x0000000083c00000, 0x0000000083c00000| Complete 
|  61|0x0000000083d00000, 0x0000000083e00000, 0x0000000083e00000|100%| E|CS|TAMS 0x0000000083d00000, 0x0000000083d00000| Complete 
|  62|0x0000000083e00000, 0x0000000083f00000, 0x0000000083f00000|100%| E|CS|TAMS 0x0000000083e00000, 0x0000000083e00000| Complete 
|  63|0x0000000083f00000, 0x0000000084000000, 0x0000000084000000|100%| E|CS|TAMS 0x0000000083f00000, 0x0000000083f00000| Complete 

Card table byte_map: [0x000002e07d440000,0x000002e07d840000] _byte_map_base: 0x000002e07d040000

Marking Bits (Prev, Next): (CMBitMap*) 0x000002e079581060, (CMBitMap*) 0x000002e079581028
 Prev Bits: [0x000002e00f000000, 0x000002e011000000)
 Next Bits: [0x000002e07dc40000, 0x000002e07fc40000)

Polling page: 0x000002e078d20000

Metaspace:

Usage:
  Non-class:     19.06 MB capacity,    18.65 MB ( 98%) used,   376.95 KB (  2%) free+waste,    42.31 KB ( <1%) overhead. 
      Class:      2.88 MB capacity,     2.67 MB ( 93%) used,   194.05 KB (  7%) free+waste,    21.38 KB ( <1%) overhead. 
       Both:     21.94 MB capacity,    21.32 MB ( 97%) used,   571.01 KB (  3%) free+waste,    63.69 KB ( <1%) overhead. 

Virtual space:
  Non-class space:       20.00 MB reserved,      19.17 MB ( 96%) committed 
      Class space:        1.00 GB reserved,       3.00 MB ( <1%) committed 
             Both:        1.02 GB reserved,      22.17 MB (  2%) committed 

Chunk freelists:
   Non-Class:  3.00 KB
       Class:  29.00 KB
        Both:  32.00 KB

MaxMetaspaceSize: 17179869184.00 GB
CompressedClassSpaceSize: 1.00 GB

CodeHeap 'non-profiled nmethods': size=120064Kb used=930Kb max_used=930Kb free=119133Kb
 bounds [0x000002e007ac0000, 0x000002e007d30000, 0x000002e00f000000]
CodeHeap 'profiled nmethods': size=120000Kb used=4338Kb max_used=4338Kb free=115661Kb
 bounds [0x000002e000590000, 0x000002e0009d0000, 0x000002e007ac0000]
CodeHeap 'non-nmethods': size=5696Kb used=1132Kb max_used=1151Kb free=4563Kb
 bounds [0x000002e000000000, 0x000002e000270000, 0x000002e000590000]
 total_blobs=2489 nmethods=2012 adapters=389
 compilation: enabled
              stopped_count=0, restarted_count=0
 full_count=0

Compilation events (20 events):
Event: 27.665 Thread 0x000002e013808800 nmethod 1988 0x000002e0009b8390 code [0x000002e0009b85c0, 0x000002e0009b8f28]
Event: 27.666 Thread 0x000002e013808800 1989       3       java.lang.reflect.ProxyGenerator$ConstantPool::getMethodRef (33 bytes)
Event: 27.667 Thread 0x000002e013808800 nmethod 1989 0x000002e0009b9190 code [0x000002e0009b9460, 0x000002e0009ba0c8]
Event: 27.680 Thread 0x000002e013808800 1991       3       java.util.stream.PipelineHelper::<init> (5 bytes)
Event: 27.680 Thread 0x000002e013808800 nmethod 1991 0x000002e0009ba610 code [0x000002e0009ba7c0, 0x000002e0009ba918]
Event: 27.713 Thread 0x000002e07fe1d800 1992   !   4       java.lang.ClassLoader::loadClass (122 bytes)
Event: 27.795 Thread 0x000002e013808800 1993       3       jdk.internal.org.objectweb.asm.Frame::pop (53 bytes)
Event: 27.797 Thread 0x000002e013808800 nmethod 1993 0x000002e0009baa10 code [0x000002e0009bac60, 0x000002e0009bb398]
Event: 27.798 Thread 0x000002e013808800 1994       3       jdk.internal.org.objectweb.asm.Type::getArgumentsAndReturnSizes (151 bytes)
Event: 27.803 Thread 0x000002e013808800 nmethod 1994 0x000002e0009bb690 code [0x000002e0009bba00, 0x000002e0009bd278]
Event: 27.891 Thread 0x000002e013808800 1995       3       java.lang.Package::<init> (47 bytes)
Event: 27.892 Thread 0x000002e013808800 nmethod 1995 0x000002e0009bdb10 code [0x000002e0009bdd00, 0x000002e0009be148]
Event: 27.936 Thread 0x000002e013808800 1996       1       sun.reflect.generics.repository.AbstractRepository::getFactory (5 bytes)
Event: 27.937 Thread 0x000002e013808800 nmethod 1996 0x000002e007ba7b10 code [0x000002e007ba7cc0, 0x000002e007ba7d78]
Event: 27.937 Thread 0x000002e013808800 1997       3       java.lang.Class::forName (47 bytes)
Event: 27.939 Thread 0x000002e013808800 nmethod 1997 0x000002e0009be390 code [0x000002e0009be580, 0x000002e0009be9c8]
Event: 27.943 Thread 0x000002e013808800 1998       3       java.lang.invoke.TypeConvertingMethodAdapter::cast (42 bytes)
Event: 27.943 Thread 0x000002e013808800 nmethod 1998 0x000002e0009beb90 code [0x000002e0009beda0, 0x000002e0009bf208]
Event: 27.961 Thread 0x000002e013808800 1999       3       org.gradle.internal.service.DefaultServiceRegistry$SingletonService::getAll (23 bytes)
Event: 27.962 Thread 0x000002e013808800 nmethod 1999 0x000002e0009bf390 code [0x000002e0009bf560, 0x000002e0009bf7e8]

GC Heap History (10 events):
Event: 10.777 GC heap before
{Heap before GC invocations=0 (full 0):
 garbage-first heap   total 65536K, used 7168K [0x0000000080000000, 0x0000000100000000)
  region size 1024K, 7 young (7168K), 0 survivors (0K)
 Metaspace       used 6136K, capacity 6261K, committed 6528K, reserved 1056768K
  class space    used 536K, capacity 578K, committed 640K, reserved 1048576K
}
Event: 10.936 GC heap after
{Heap after GC invocations=1 (full 0):
 garbage-first heap   total 65536K, used 1381K [0x0000000080000000, 0x0000000100000000)
  region size 1024K, 1 young (1024K), 1 survivors (1024K)
 Metaspace       used 6136K, capacity 6261K, committed 6528K, reserved 1056768K
  class space    used 536K, capacity 578K, committed 640K, reserved 1048576K
}
Event: 16.635 GC heap before
{Heap before GC invocations=1 (full 0):
 garbage-first heap   total 65536K, used 45413K [0x0000000080000000, 0x0000000100000000)
  region size 1024K, 38 young (38912K), 1 survivors (1024K)
 Metaspace       used 10752K, capacity 11007K, committed 11264K, reserved 1058816K
  class space    used 1122K, capacity 1206K, committed 1280K, reserved 1048576K
}
Event: 16.654 GC heap after
{Heap after GC invocations=2 (full 0):
 garbage-first heap   total 65536K, used 9754K [0x0000000080000000, 0x0000000100000000)
  region size 1024K, 5 young (5120K), 5 survivors (5120K)
 Metaspace       used 10752K, capacity 11007K, committed 11264K, reserved 1058816K
  class space    used 1122K, capacity 1206K, committed 1280K, reserved 1048576K
}
Event: 17.897 GC heap before
{Heap before GC invocations=2 (full 0):
 garbage-first heap   total 65536K, used 30234K [0x0000000080000000, 0x0000000100000000)
  region size 1024K, 25 young (25600K), 5 survivors (5120K)
 Metaspace       used 10928K, capacity 11255K, committed 11520K, reserved 1058816K
  class space    used 1144K, capacity 1246K, committed 1280K, reserved 1048576K
}
Event: 17.914 GC heap after
{Heap after GC invocations=3 (full 0):
 garbage-first heap   total 65536K, used 13585K [0x0000000080000000, 0x0000000100000000)
  region size 1024K, 4 young (4096K), 4 survivors (4096K)
 Metaspace       used 10928K, capacity 11255K, committed 11520K, reserved 1058816K
  class space    used 1144K, capacity 1246K, committed 1280K, reserved 1048576K
}
Event: 24.814 GC heap before
{Heap before GC invocations=3 (full 0):
 garbage-first heap   total 65536K, used 40209K [0x0000000080000000, 0x0000000100000000)
  region size 1024K, 30 young (30720K), 4 survivors (4096K)
 Metaspace       used 17646K, capacity 18121K, committed 18432K, reserved 1064960K
  class space    used 2063K, capacity 2215K, committed 2304K, reserved 1048576K
}
Event: 24.835 GC heap after
{Heap after GC invocations=4 (full 0):
 garbage-first heap   total 65536K, used 16304K [0x0000000080000000, 0x0000000100000000)
  region size 1024K, 3 young (3072K), 3 survivors (3072K)
 Metaspace       used 17646K, capacity 18121K, committed 18432K, reserved 1064960K
  class space    used 2063K, capacity 2215K, committed 2304K, reserved 1048576K
}
Event: 27.240 GC heap before
{Heap before GC invocations=4 (full 0):
 garbage-first heap   total 65536K, used 40880K [0x0000000080000000, 0x0000000100000000)
  region size 1024K, 28 young (28672K), 3 survivors (3072K)
 Metaspace       used 20583K, capacity 21121K, committed 21296K, reserved 1069056K
  class space    used 2501K, capacity 2667K, committed 2688K, reserved 1048576K
}
Event: 27.256 GC heap after
{Heap after GC invocations=5 (full 0):
 garbage-first heap   total 65536K, used 17100K [0x0000000080000000, 0x0000000100000000)
  region size 1024K, 1 young (1024K), 1 survivors (1024K)
 Metaspace       used 20583K, capacity 21121K, committed 21296K, reserved 1069056K
  class space    used 2501K, capacity 2667K, committed 2688K, reserved 1048576K
}

Deoptimization events (20 events):
Event: 27.579 Thread 0x000002e0155f4000 Uncommon trap: trap_request=0xffffff4d fr.pc=0x000002e007ba6298 relative=0x0000000000000398
Event: 27.579 Thread 0x000002e0155f4000 Uncommon trap: reason=unstable_if action=reinterpret pc=0x000002e007ba6298 method=jdk.internal.org.objectweb.asm.Type.getArgumentsAndReturnSizes(Ljava/lang/String;)I @ 88 c2
Event: 27.579 Thread 0x000002e0155f4000 DEOPT PACKING pc=0x000002e007ba6298 sp=0x000000f07b8fa500
Event: 27.579 Thread 0x000002e0155f4000 DEOPT UNPACKING pc=0x000002e000026029 sp=0x000000f07b8fa488 mode 2
Event: 27.663 Thread 0x000002e0155f4000 Uncommon trap: trap_request=0xffffff4d fr.pc=0x000002e007af47b4 relative=0x0000000000000174
Event: 27.663 Thread 0x000002e0155f4000 Uncommon trap: reason=unstable_if action=reinterpret pc=0x000002e007af47b4 method=java.util.HashMap.getNode(ILjava/lang/Object;)Ljava/util/HashMap$Node; @ 129 c2
Event: 27.663 Thread 0x000002e0155f4000 DEOPT PACKING pc=0x000002e007af47b4 sp=0x000000f07b8fbf20
Event: 27.663 Thread 0x000002e0155f4000 DEOPT UNPACKING pc=0x000002e000026029 sp=0x000000f07b8fbe20 mode 2
Event: 27.663 Thread 0x000002e0155f4000 Uncommon trap: trap_request=0xffffffc6 fr.pc=0x000002e007b8e9e0 relative=0x00000000000007c0
Event: 27.663 Thread 0x000002e0155f4000 Uncommon trap: reason=bimorphic_or_optimized_type_check action=maybe_recompile pc=0x000002e007b8e9e0 method=java.util.HashMap.putVal(ILjava/lang/Object;Ljava/lang/Object;ZZ)Ljava/lang/Object; @ 203 c2
Event: 27.663 Thread 0x000002e0155f4000 DEOPT PACKING pc=0x000002e007b8e9e0 sp=0x000000f07b8fbee0
Event: 27.663 Thread 0x000002e0155f4000 DEOPT UNPACKING pc=0x000002e000026029 sp=0x000000f07b8fbdf0 mode 2
Event: 27.663 Thread 0x000002e0155f4000 Uncommon trap: trap_request=0xffffff4d fr.pc=0x000002e007af14a8 relative=0x00000000000001e8
Event: 27.663 Thread 0x000002e0155f4000 Uncommon trap: reason=unstable_if action=reinterpret pc=0x000002e007af14a8 method=java.util.HashMap.getNode(ILjava/lang/Object;)Ljava/util/HashMap$Node; @ 129 c2
Event: 27.663 Thread 0x000002e0155f4000 DEOPT PACKING pc=0x000002e007af14a8 sp=0x000000f07b8fbe80
Event: 27.663 Thread 0x000002e0155f4000 DEOPT UNPACKING pc=0x000002e000026029 sp=0x000000f07b8fbe08 mode 2
Event: 27.688 Thread 0x000002e0155f4000 Uncommon trap: trap_request=0xffffff4d fr.pc=0x000002e007b2e824 relative=0x0000000000000a84
Event: 27.688 Thread 0x000002e0155f4000 Uncommon trap: reason=unstable_if action=reinterpret pc=0x000002e007b2e824 method=java.util.Properties$LineReader.readLine()I @ 249 c2
Event: 27.688 Thread 0x000002e0155f4000 DEOPT PACKING pc=0x000002e007b2e824 sp=0x000000f07b8fbe80
Event: 27.688 Thread 0x000002e0155f4000 DEOPT UNPACKING pc=0x000002e000026029 sp=0x000000f07b8fbe20 mode 2

Classes redefined (0 events):
No events

Internal exceptions (20 events):
Event: 23.814 Thread 0x000002e015143000 Exception <a 'java/lang/NoSuchMethodError'{0x0000000082cb1738}: <clinit>> (0x0000000082cb1738) thrown at [./src/hotspot/share/prims/jni.cpp, line 1362]
Event: 23.876 Thread 0x000002e015143000 Exception <a 'java/lang/NoSuchMethodError'{0x0000000082718b58}: <clinit>> (0x0000000082718b58) thrown at [./src/hotspot/share/prims/jni.cpp, line 1362]
Event: 23.901 Thread 0x000002e015143000 Exception <a 'java/lang/NoSuchMethodError'{0x0000000082748c30}: <clinit>> (0x0000000082748c30) thrown at [./src/hotspot/share/prims/jni.cpp, line 1362]
Event: 23.916 Thread 0x000002e015143000 Exception <a 'java/lang/NoSuchMethodError'{0x0000000082771870}: <clinit>> (0x0000000082771870) thrown at [./src/hotspot/share/prims/jni.cpp, line 1362]
Event: 24.541 Thread 0x000002e0155f4000 Exception <a 'java/lang/NoSuchMethodError'{0x000000008241cc30}: 'void java.lang.invoke.DirectMethodHandle$Holder.invokeVirtual(java.lang.Object, java.lang.Object, java.lang.Object, java.lang.Object)'> (0x000000008241cc30) thrown at [./src/hotspot/share/interpreter/linkResolver.cpp, line 773]
Event: 24.544 Thread 0x000002e0155f4000 Exception <a 'java/lang/NoSuchMethodError'{0x0000000082429698}: 'void java.lang.invoke.DelegatingMethodHandle$Holder.reinvoke_L(java.lang.Object, java.lang.Object, java.lang.Object, java.lang.Object)'> (0x0000000082429698) thrown at [./src/hotspot/share/interpreter/linkResolver.cpp, line 773]
Event: 24.584 Thread 0x000002e0155f4000 Exception <a 'java/lang/NoSuchMethodError'{0x000000008245a528}: 'long java.lang.invoke.DirectMethodHandle$Holder.invokeInterface(java.lang.Object, java.lang.Object)'> (0x000000008245a528) thrown at [./src/hotspot/share/interpreter/linkResolver.cpp, line 773]
Event: 24.593 Thread 0x000002e0155f4000 Exception <a 'java/lang/NoSuchMethodError'{0x000000008247d270}: 'void java.lang.invoke.DelegatingMethodHandle$Holder.reinvoke_L(java.lang.Object, java.lang.Object, java.lang.Object, java.lang.Object, java.lang.Object, java.lang.Object, java.lang.Object)'> (0x000000008247d270) thrown at [./src/hotspot/share/interpreter/linkResolver.cpp, line 773]
Event: 25.973 Thread 0x000002e0155f4000 Exception <a 'java/lang/NoSuchMethodError'{0x0000000083207660}: 'java.lang.Object java.lang.invoke.DirectMethodHandle$Holder.invokeVirtual(java.lang.Object, java.lang.Object, java.lang.Object)'> (0x0000000083207660) thrown at [./src/hotspot/share/interpreter/linkResolver.cpp, line 773]
Event: 26.267 Thread 0x000002e0155f4000 Exception <a 'java/lang/NoSuchMethodError'{0x0000000082f7d2b0}: 'void java.lang.invoke.DirectMethodHandle$Holder.invokeInterface(java.lang.Object, java.lang.Object)'> (0x0000000082f7d2b0) thrown at [./src/hotspot/share/interpreter/linkResolver.cpp, line 773]
Event: 26.267 Thread 0x000002e0155f4000 Exception <a 'java/lang/IncompatibleClassChangeError'{0x0000000082f80460}: Found class java.lang.Object, but interface was expected> (0x0000000082f80460) thrown at [./src/hotspot/share/interpreter/linkResolver.cpp, line 839]
Event: 26.313 Thread 0x000002e0155f4000 Exception <a 'java/lang/NoSuchMethodError'{0x0000000082ee74d0}: 'void java.lang.invoke.DirectMethodHandle$Holder.invokeStaticInit(java.lang.Object)'> (0x0000000082ee74d0) thrown at [./src/hotspot/share/interpreter/linkResolver.cpp, line 773]
Event: 26.726 Thread 0x000002e0155f4000 Exception <a 'java/lang/NoSuchMethodError'{0x0000000082b4cb98}: 'java.lang.Object java.lang.invoke.DirectMethodHandle$Holder.invokeStatic(java.lang.Object, java.lang.Object, java.lang.Object, int)'> (0x0000000082b4cb98) thrown at [./src/hotspot/share/interpreter/linkResolver.cpp, line 773]
Event: 26.727 Thread 0x000002e0155f4000 Exception <a 'java/lang/NoSuchMethodError'{0x0000000082b50d60}: 'java.lang.Object java.lang.invoke.DirectMethodHandle$Holder.invokeSpecial(java.lang.Object, java.lang.Object, java.lang.Object, java.lang.Object, int)'> (0x0000000082b50d60) thrown at [./src/hotspot/share/interpreter/linkResolver.cpp, line 773]
Event: 26.728 Thread 0x000002e0155f4000 Exception <a 'java/lang/NoSuchMethodError'{0x0000000082b54748}: 'java.lang.Object java.lang.invoke.Invokers$Holder.linkToTargetMethod(java.lang.Object, java.lang.Object, int, java.lang.Object)'> (0x0000000082b54748) thrown at [./src/hotspot/share/interpreter/linkResolver.cpp, line 773]
Event: 27.363 Thread 0x000002e0155f4000 Exception <a 'java/lang/NoSuchMethodError'{0x0000000083fc59a8}: 'int java.lang.invoke.DirectMethodHandle$Holder.invokeSpecialIFC(java.lang.Object, java.lang.Object, java.lang.Object, java.lang.Object)'> (0x0000000083fc59a8) thrown at [./src/hotspot/share/interpreter/linkResolver.cpp, line 773]
Event: 27.372 Thread 0x000002e0155f4000 Exception <a 'java/lang/NoSuchMethodError'{0x0000000083fd3768}: 'java.lang.Object java.lang.invoke.DirectMethodHandle$Holder.invokeInterface(java.lang.Object, java.lang.Object, java.lang.Object)'> (0x0000000083fd3768) thrown at [./src/hotspot/share/interpreter/linkResolver.cpp, line 773]
Event: 27.375 Thread 0x000002e0155f4000 Exception <a 'java/lang/IncompatibleClassChangeError'{0x0000000083fd6c70}: Found class java.lang.Object, but interface was expected> (0x0000000083fd6c70) thrown at [./src/hotspot/share/interpreter/linkResolver.cpp, line 839]
Event: 27.433 Thread 0x000002e0155f4000 Exception <a 'java/lang/NoSuchMethodError'{0x0000000083e8cb50}: 'void java.lang.invoke.DirectMethodHandle$Holder.invokeStatic(java.lang.Object, java.lang.Object, java.lang.Object, java.lang.Object, java.lang.Object)'> (0x0000000083e8cb50) thrown at [./src/hotspot/share/interpreter/linkResolver.cpp, line 773]
Event: 27.795 Thread 0x000002e0155f4000 Exception <a 'java/lang/NoSuchMethodError'{0x000000008390fa18}: 'void java.lang.invoke.DirectMethodHandle$Holder.invokeSpecial(java.lang.Object, java.lang.Object)'> (0x000000008390fa18) thrown at [./src/hotspot/share/interpreter/linkResolver.cpp, line 773]

Events (20 events):
Event: 27.951 loading class org/gradle/internal/resource/LocalBinaryResource
Event: 27.951 loading class org/gradle/internal/resource/LocalBinaryResource done
Event: 27.952 loading class org/gradle/internal/resource/ReadableContent
Event: 27.952 loading class org/gradle/internal/resource/ReadableContent done
Event: 27.954 loading class org/gradle/api/internal/file/delete/DeleteSpecInternal
Event: 27.954 loading class org/gradle/api/internal/file/delete/DeleteSpecInternal done
Event: 27.956 loading class org/gradle/api/file/DeleteSpec
Event: 27.956 loading class org/gradle/api/file/DeleteSpec done
Event: 27.958 loading class org/gradle/api/internal/file/DefaultFileSystemOperations
Event: 27.958 loading class org/gradle/api/internal/file/DefaultFileSystemOperations done
Event: 27.958 loading class org/gradle/api/file/FileSystemOperations
Event: 27.958 loading class org/gradle/api/file/FileSystemOperations done
Event: 27.959 loading class org/gradle/api/internal/file/DefaultArchiveOperations
Event: 27.960 loading class org/gradle/api/internal/file/DefaultArchiveOperations done
Event: 27.960 loading class org/gradle/api/file/ArchiveOperations
Event: 27.960 loading class org/gradle/api/file/ArchiveOperations done
Event: 27.962 loading class org/gradle/caching/internal/BuildCacheServices$2
Event: 27.962 loading class org/gradle/caching/internal/BuildCacheServices$2 done
Event: 27.963 loading class org/gradle/caching/configuration/internal/BuildCacheServiceRegistration
Event: 27.963 loading class org/gradle/caching/configuration/internal/BuildCacheServiceRegistration done


Dynamic libraries:
0x00007ff7373c0000 - 0x00007ff7373ca000 	C:\Users\felip\OneDrive\Desktop\android-studio\jre\bin\java.exe
0x00007ff9d52b0000 - 0x00007ff9d54a5000 	C:\Windows\SYSTEM32\ntdll.dll
0x00007ff9b0f10000 - 0x00007ff9b0f25000 	C:\Program Files\Avast Software\Avast\aswhook.dll
0x00007ff9d3360000 - 0x00007ff9d341e000 	C:\Windows\System32\KERNEL32.DLL
0x00007ff9d29d0000 - 0x00007ff9d2c99000 	C:\Windows\System32\KERNELBASE.dll
0x00007ff9d2e80000 - 0x00007ff9d2f80000 	C:\Windows\System32\ucrtbase.dll
0x00007ff9cc670000 - 0x00007ff9cc689000 	C:\Users\felip\OneDrive\Desktop\android-studio\jre\bin\jli.dll
0x00007ff9cc650000 - 0x00007ff9cc667000 	C:\Users\felip\OneDrive\Desktop\android-studio\jre\bin\VCRUNTIME140.dll
0x00007ff9d45b0000 - 0x00007ff9d4751000 	C:\Windows\System32\USER32.dll
0x00007ff9d3110000 - 0x00007ff9d3132000 	C:\Windows\System32\win32u.dll
0x00007ff9d4080000 - 0x00007ff9d40ab000 	C:\Windows\System32\GDI32.dll
0x00007ff9d2f80000 - 0x00007ff9d308b000 	C:\Windows\System32\gdi32full.dll
0x00007ff9d2d50000 - 0x00007ff9d2ded000 	C:\Windows\System32\msvcp_win.dll
0x00007ff9c2c60000 - 0x00007ff9c2efa000 	C:\Windows\WinSxS\amd64_microsoft.windows.common-controls_6595b64144ccf1df_6.0.19041.1110_none_60b5254171f9507e\COMCTL32.dll
0x00007ff9d3d40000 - 0x00007ff9d3dde000 	C:\Windows\System32\msvcrt.dll
0x00007ff9d4930000 - 0x00007ff9d4960000 	C:\Windows\System32\IMM32.DLL
0x00007ff9bcb40000 - 0x00007ff9bcbdd000 	C:\Users\felip\OneDrive\Desktop\android-studio\jre\bin\msvcp140.dll
0x00007ff9a5b40000 - 0x00007ff9a6615000 	C:\Users\felip\OneDrive\Desktop\android-studio\jre\bin\server\jvm.dll
0x00007ff9d3df0000 - 0x00007ff9d3e9c000 	C:\Windows\System32\ADVAPI32.dll
0x00007ff9d3c80000 - 0x00007ff9d3d1b000 	C:\Windows\System32\sechost.dll
0x00007ff9d4410000 - 0x00007ff9d453a000 	C:\Windows\System32\RPCRT4.dll
0x00007ff9d3bf0000 - 0x00007ff9d3bf8000 	C:\Windows\System32\PSAPI.DLL
0x00007ff9c66e0000 - 0x00007ff9c66e9000 	C:\Windows\SYSTEM32\WSOCK32.dll
0x00007ff9bbe10000 - 0x00007ff9bbe37000 	C:\Windows\SYSTEM32\WINMM.dll
0x00007ff9c9c60000 - 0x00007ff9c9c6a000 	C:\Windows\SYSTEM32\VERSION.dll
0x00007ff9d4540000 - 0x00007ff9d45ab000 	C:\Windows\System32\WS2_32.dll
0x00007ff9d07f0000 - 0x00007ff9d0802000 	C:\Windows\SYSTEM32\kernel.appcore.dll
0x00007ff9c2a60000 - 0x00007ff9c2a71000 	C:\Users\felip\OneDrive\Desktop\android-studio\jre\bin\verify.dll
0x00007ff9c7410000 - 0x00007ff9c75f4000 	C:\Windows\SYSTEM32\DBGHELP.DLL
0x00007ff9c73e0000 - 0x00007ff9c740c000 	C:\Windows\SYSTEM32\dbgcore.DLL
0x00007ff9d2df0000 - 0x00007ff9d2e73000 	C:\Windows\System32\bcryptPrimitives.dll
0x00007ff9c1e40000 - 0x00007ff9c1e69000 	C:\Users\felip\OneDrive\Desktop\android-studio\jre\bin\java.dll
0x00007ff9cc2c0000 - 0x00007ff9cc2cb000 	C:\Users\felip\OneDrive\Desktop\android-studio\jre\bin\jimage.dll
0x00007ff9c2360000 - 0x00007ff9c2378000 	C:\Users\felip\OneDrive\Desktop\android-studio\jre\bin\zip.dll
0x00007ff9d4960000 - 0x00007ff9d509f000 	C:\Windows\System32\SHELL32.dll
0x00007ff9d0ad0000 - 0x00007ff9d1260000 	C:\Windows\SYSTEM32\windows.storage.dll
0x00007ff9d40b0000 - 0x00007ff9d4405000 	C:\Windows\System32\combase.dll
0x00007ff9d2350000 - 0x00007ff9d237c000 	C:\Windows\SYSTEM32\Wldp.dll
0x00007ff9d3f70000 - 0x00007ff9d401d000 	C:\Windows\System32\SHCORE.dll
0x00007ff9d3710000 - 0x00007ff9d3765000 	C:\Windows\System32\shlwapi.dll
0x00007ff9d2910000 - 0x00007ff9d292f000 	C:\Windows\SYSTEM32\profapi.dll
0x00007ff9c16c0000 - 0x00007ff9c16da000 	C:\Users\felip\OneDrive\Desktop\android-studio\jre\bin\net.dll
0x00007ff9c7210000 - 0x00007ff9c7318000 	C:\Windows\SYSTEM32\WINHTTP.dll
0x00007ff9d20b0000 - 0x00007ff9d211a000 	C:\Windows\system32\mswsock.dll
0x00007ff9c12f0000 - 0x00007ff9c1304000 	C:\Users\felip\OneDrive\Desktop\android-studio\jre\bin\nio.dll
0x00007ff9c87d0000 - 0x00007ff9c87f7000 	C:\Users\felip\.gradle\native\8bec1ad78214c89d9ad589b4d07fe93259594b29d510b10fafb7a158f7737e5d\windows-amd64\native-platform.dll
0x00007ff9bded0000 - 0x00007ff9be00d000 	C:\Users\felip\.gradle\native\53dbd7edfb1c66fb8903c78663c9afc45aea4f116125fa6feffd364cf09443e8\windows-amd64\native-platform-file-events.dll
0x00007ff9cbcd0000 - 0x00007ff9cbcda000 	C:\Users\felip\OneDrive\Desktop\android-studio\jre\bin\management.dll
0x00007ff9cbc10000 - 0x00007ff9cbc1d000 	C:\Users\felip\OneDrive\Desktop\android-studio\jre\bin\management_ext.dll
0x00007ff9d22b0000 - 0x00007ff9d22c8000 	C:\Windows\SYSTEM32\CRYPTSP.dll
0x00007ff9d1a30000 - 0x00007ff9d1a64000 	C:\Windows\system32\rsaenh.dll
0x00007ff9d3090000 - 0x00007ff9d30b7000 	C:\Windows\System32\bcrypt.dll
0x00007ff9d28d0000 - 0x00007ff9d28fe000 	C:\Windows\SYSTEM32\USERENV.dll
0x00007ff9d22a0000 - 0x00007ff9d22ac000 	C:\Windows\SYSTEM32\CRYPTBASE.dll
0x00007ff9d1da0000 - 0x00007ff9d1ddb000 	C:\Windows\SYSTEM32\IPHLPAPI.DLL
0x00007ff9d4920000 - 0x00007ff9d4928000 	C:\Windows\System32\NSI.dll
0x00007ff9cabe0000 - 0x00007ff9cabf7000 	C:\Windows\SYSTEM32\dhcpcsvc6.DLL
0x00007ff9cc0b0000 - 0x00007ff9cc0cd000 	C:\Windows\SYSTEM32\dhcpcsvc.DLL
0x00007ff9d1de0000 - 0x00007ff9d1eac000 	C:\Windows\SYSTEM32\DNSAPI.dll

dbghelp: loaded successfully - version: 4.0.5 - missing functions: none
symbol engine: initialized successfully - sym options: 0x614 - pdb path: .;C:\Users\felip\OneDrive\Desktop\android-studio\jre\bin;C:\Windows\SYSTEM32;C:\Program Files\Avast Software\Avast;C:\Windows\WinSxS\amd64_microsoft.windows.common-controls_6595b64144ccf1df_6.0.19041.1110_none_60b5254171f9507e;C:\Users\felip\OneDrive\Desktop\android-studio\jre\bin\server;C:\Users\felip\.gradle\native\8bec1ad78214c89d9ad589b4d07fe93259594b29d510b10fafb7a158f7737e5d\windows-amd64;C:\Users\felip\.gradle\native\53dbd7edfb1c66fb8903c78663c9afc45aea4f116125fa6feffd364cf09443e8\windows-amd64

VM Arguments:
jvm_args: --add-opens=java.base/java.util=ALL-UNNAMED --add-opens=java.base/java.lang=ALL-UNNAMED --add-opens=java.base/java.lang.invoke=ALL-UNNAMED --add-opens=java.base/java.util=ALL-UNNAMED --add-opens=java.prefs/java.util.prefs=ALL-UNNAMED --add-opens=java.prefs/java.util.prefs=ALL-UNNAMED --add-opens=java.base/java.nio.charset=ALL-UNNAMED --add-opens=java.base/java.net=ALL-UNNAMED --add-opens=java.base/java.util.concurrent.atomic=ALL-UNNAMED -Xmx2048m -Dfile.encoding=UTF-8 -Duser.country=US -Duser.language=en -Duser.variant 
java_command: org.gradle.launcher.daemon.bootstrap.GradleDaemon 7.0.2
java_class_path (initial): C:\Users\felip\.gradle\wrapper\dists\gradle-7.0.2-bin\857tjihv64xamwrf0h14cai3r\gradle-7.0.2\lib\gradle-launcher-7.0.2.jar
Launcher Type: SUN_STANDARD

[Global flags]
     intx CICompilerCount                          = 2                                         {product} {ergonomic}
     uint ConcGCThreads                            = 1                                         {product} {ergonomic}
     uint G1ConcRefinementThreads                  = 2                                         {product} {ergonomic}
   size_t G1HeapRegionSize                         = 1048576                                   {product} {ergonomic}
    uintx GCDrainStackTargetSize                   = 64                                        {product} {ergonomic}
   size_t InitialHeapSize                          = 67108864                                  {product} {ergonomic}
   size_t MarkStackSize                            = 4194304                                   {product} {ergonomic}
   size_t MaxHeapSize                              = 2147483648                                {product} {command line}
   size_t MaxNewSize                               = 1287651328                                {product} {ergonomic}
   size_t MinHeapDeltaBytes                        = 1048576                                   {product} {ergonomic}
    uintx NonNMethodCodeHeapSize                   = 5825164                                {pd product} {ergonomic}
    uintx NonProfiledCodeHeapSize                  = 122916538                              {pd product} {ergonomic}
    uintx ProfiledCodeHeapSize                     = 122916538                              {pd product} {ergonomic}
    uintx ReservedCodeCacheSize                    = 251658240                              {pd product} {ergonomic}
     bool SegmentedCodeCache                       = true                                      {product} {ergonomic}
     bool UseCompressedClassPointers               = true                                 {lp64_product} {ergonomic}
     bool UseCompressedOops                        = true                                 {lp64_product} {ergonomic}
     bool UseG1GC                                  = true                                      {product} {ergonomic}
     bool UseLargePagesIndividualAllocation        = false                                  {pd product} {ergonomic}

Logging:
Log output configuration:
 #0: stdout all=warning uptime,level,tags
 #1: stderr all=off uptime,level,tags

Environment Variables:
PATH=C:\Program Files\Common Files\Oracle\Java\javapath;C:\Program Files (x86)\Common Files\Oracle\Java\javapath;C:\Windows\system32;C:\Windows;C:\Windows\System32\Wbem;C:\Windows\System32\WindowsPowerShell\v1.0\;C:\Windows\System32\OpenSSH\;C:\ProgramData\chocolatey\bin;C:\Program Files (x86)\Yarn\bin\;C:\Program Files\Git\cmd;C:\Program Files\nodejs\;C:\Users\felip\AppData\Local\Microsoft\WindowsApps;C:\Users\felip\AppData\Local\Programs\Microsoft VS Code\bin;C:\Users\felip\AppData\Local\Yarn\bin;C:\Users\felip\AppData\Local\GitHubDesktop\bin;C:\Users\felip\AppData\Roaming\npm
USERNAME=felip
OS=Windows_NT
PROCESSOR_IDENTIFIER=Intel64 Family 6 Model 23 Stepping 10, GenuineIntel



---------------  S Y S T E M  ---------------

OS: Windows 10 , 64 bit Build 19041 (10.0.19041.1202)
OS uptime: 13 days 22:26 hours

CPU:total 2 (initial active 2) (2 cores per cpu, 1 threads per core) family 6 model 23 stepping 10 microcode 0xa0c, cmov, cx8, fxsr, mmx, sse, sse2, sse3, ssse3, tsc

Memory: 4k page, system-wide physical 4061M (68M free)
TotalPageFile size 4061M (AvailPageFile size 5M)
current process WorkingSet (physical memory assigned to process): 144M, peak: 144M
current process commit charge ("private bytes"): 178M, peak: 179M

vm_info: OpenJDK 64-Bit Server VM (11.0.11+9-b60-7590822) for windows-amd64 JRE (11.0.11+9-b60-7590822), built on Jul 29 2021 21:43:44 by "builder" with MS VC++ 14.0 (VS2015)

END.
