#
# There is insufficient memory for the Java Runtime Environment to continue.
# Native memory allocation (mmap) failed to map 39845888 bytes for Failed to commit area from 0x00000000ed500000 to 0x00000000efb00000 of length 39845888.
# Possible reasons:
#   The system is out of physical RAM or swap space
#   The process is running with CompressedOops enabled, and the Java Heap may be blocking the growth of the native heap
# Possible solutions:
#   Reduce memory load on the system
#   Increase physical memory or swap space
#   Check if swap backing store is full
#   Decrease Java heap size (-Xmx/-Xms)
#   Decrease number of Java threads
#   Decrease Java thread stack sizes (-Xss)
#   Set larger code cache with -XX:ReservedCodeCacheSize=
#   JVM is running with Unscaled Compressed Oops mode in which the Java heap is
#     placed in the first 4GB address space. The Java Heap base address is the
#     maximum limit for the native heap growth. Please use -XX:HeapBaseMinAddress
#     to set the Java Heap base and to place the Java Heap above 4GB virtual address.
# This output file may be truncated or incomplete.
#
#  Out of Memory Error (./src/hotspot/os/windows/os_windows.cpp:3301), pid=2384, tid=6184
#
# JRE version: OpenJDK Runtime Environment (11.0.11+9) (build 11.0.11+9-b60-7590822)
# Java VM: OpenJDK 64-Bit Server VM (11.0.11+9-b60-7590822, mixed mode, tiered, compressed oops, g1 gc, windows-amd64)
# No core dump will be written. Minidumps are not enabled by default on client versions of Windows
#

---------------  S U M M A R Y ------------

Command Line: --add-opens=java.base/java.util=ALL-UNNAMED --add-opens=java.base/java.lang=ALL-UNNAMED --add-opens=java.base/java.lang.invoke=ALL-UNNAMED --add-opens=java.base/java.util=ALL-UNNAMED --add-opens=java.prefs/java.util.prefs=ALL-UNNAMED --add-opens=java.prefs/java.util.prefs=ALL-UNNAMED --add-opens=java.base/java.nio.charset=ALL-UNNAMED --add-opens=java.base/java.net=ALL-UNNAMED --add-opens=java.base/java.util.concurrent.atomic=ALL-UNNAMED -Xmx512m -Dfile.encoding=UTF-8 -Duser.country=US -Duser.language=en -Duser.variant org.gradle.launcher.daemon.bootstrap.GradleDaemon 7.0.2

Host: Celeron(R) Dual-Core CPU       T3500  @ 2.10GHz, 2 cores, 3G,  Windows 10 , 64 bit Build 19041 (10.0.19041.1348)
Time: Tue Dec  7 17:24:00 2021 E. South America Standard Time elapsed time: 1977.140508 seconds (0d 0h 32m 57s)

---------------  T H R E A D  ---------------

Current thread (0x000001f55c6d3000):  VMThread "VM Thread" [stack: 0x000000255e000000,0x000000255e100000] [id=6184]

Stack: [0x000000255e000000,0x000000255e100000]
[error occurred during error reporting (printing stack bounds), id 0xc0000005, EXCEPTION_ACCESS_VIOLATION (0xc0000005) at pc=0x000001f549b80f3d]

Native frames: (J=compiled Java code, j=interpreted, Vv=VM code, C=native code)
V  [jvm.dll+0x5f214a]
V  [jvm.dll+0x726fb5]
V  [jvm.dll+0x7285cd]
V  [jvm.dll+0x728be5]
V  [jvm.dll+0x728b9b]
V  [jvm.dll+0x5f14e8]
V  [jvm.dll+0x5f1c78]
C  [ntdll.dll+0xa20cf]
C  [ntdll.dll+0x51454]
C  [ntdll.dll+0xa0bfe]
C  0x000001f549b80f3d

VM_Operation (0x00000025609fde30): G1CollectForAllocation, mode: safepoint, requested by thread 0x000001f55d194000


---------------  P R O C E S S  ---------------

Threads class SMR info:
_java_thread_list=0x000001f5610b3800, length=45, elements={
0x000001f546081800, 0x000001f55c6fa000, 0x000001f55c703000, 0x000001f55c753800,
0x000001f55c757000, 0x000001f55c758000, 0x000001f55c75f800, 0x000001f55c769000,
0x000001f55c79d800, 0x000001f55c8c1800, 0x000001f55dfd5800, 0x000001f55dfd6800,
0x000001f55dfd8000, 0x000001f55d18b800, 0x000001f55d18e000, 0x000001f55d190000,
0x000001f55d18d800, 0x000001f55d18a000, 0x000001f55d18f000, 0x000001f55d190800,
0x000001f55d195800, 0x000001f55d196800, 0x000001f564c9d000, 0x000001f564c9e000,
0x000001f564c9b800, 0x000001f564c9c800, 0x000001f564c98800, 0x000001f564c9f000,
0x000001f564ca1000, 0x000001f564ca3800, 0x000001f564c9f800, 0x000001f564ca5800,
0x000001f564ca0800, 0x000001f564ca3000, 0x000001f564ca4800, 0x000001f564ca6000,
0x000001f564ca2000, 0x000001f564ca7000, 0x000001f55d18b000, 0x000001f55d189000,
0x000001f55d191800, 0x000001f55d18c800, 0x000001f55d198000, 0x000001f55d194000,
0x000001f55d194800
}

Java Threads: ( => current thread )
  0x000001f546081800 JavaThread "main" [_thread_blocked, id=7668, stack(0x000000255da00000,0x000000255db00000)]
  0x000001f55c6fa000 JavaThread "Reference Handler" daemon [_thread_blocked, id=7720, stack(0x000000255e100000,0x000000255e200000)]
  0x000001f55c703000 JavaThread "Finalizer" daemon [_thread_blocked, id=8040, stack(0x000000255e200000,0x000000255e300000)]
  0x000001f55c753800 JavaThread "Signal Dispatcher" daemon [_thread_blocked, id=7644, stack(0x000000255e300000,0x000000255e400000)]
  0x000001f55c757000 JavaThread "Attach Listener" daemon [_thread_blocked, id=4232, stack(0x000000255e400000,0x000000255e500000)]
  0x000001f55c758000 JavaThread "Service Thread" daemon [_thread_blocked, id=1048, stack(0x000000255e500000,0x000000255e600000)]
  0x000001f55c75f800 JavaThread "C2 CompilerThread0" daemon [_thread_blocked, id=944, stack(0x000000255e600000,0x000000255e700000)]
  0x000001f55c769000 JavaThread "C1 CompilerThread0" daemon [_thread_blocked, id=7404, stack(0x000000255e700000,0x000000255e800000)]
  0x000001f55c79d800 JavaThread "Sweeper thread" daemon [_thread_blocked, id=2092, stack(0x000000255e800000,0x000000255e900000)]
  0x000001f55c8c1800 JavaThread "Common-Cleaner" daemon [_thread_blocked, id=1052, stack(0x000000255e900000,0x000000255ea00000)]
  0x000001f55dfd5800 JavaThread "Daemon health stats" [_thread_blocked, id=7292, stack(0x000000255ec00000,0x000000255ed00000)]
  0x000001f55dfd6800 JavaThread "Incoming local TCP Connector on port 2079" [_thread_in_native, id=7608, stack(0x000000255ed00000,0x000000255ee00000)]
  0x000001f55dfd8000 JavaThread "Daemon periodic checks" [_thread_blocked, id=7068, stack(0x000000255ee00000,0x000000255ef00000)]
  0x000001f55d18b800 JavaThread "Cache worker for file hash cache (C:\Users\felip\.gradle\caches\7.0.2\fileHashes)" [_thread_blocked, id=5476, stack(0x000000255f600000,0x000000255f700000)]
  0x000001f55d18e000 JavaThread "File lock request listener" [_thread_in_native, id=5360, stack(0x000000255f700000,0x000000255f800000)]
  0x000001f55d190000 JavaThread "Cache worker for journal cache (C:\Users\felip\.gradle\caches\journal-1)" [_thread_blocked, id=6580, stack(0x000000255f800000,0x000000255f900000)]
  0x000001f55d18d800 JavaThread "File watcher server" daemon [_thread_blocked, id=7856, stack(0x000000255fa00000,0x000000255fb00000)]
  0x000001f55d18a000 JavaThread "File watcher consumer" daemon [_thread_blocked, id=5548, stack(0x000000255fb00000,0x000000255fc00000)]
  0x000001f55d18f000 JavaThread "jar transforms" [_thread_blocked, id=2036, stack(0x000000255fc00000,0x000000255fd00000)]
  0x000001f55d190800 JavaThread "jar transforms Thread 2" [_thread_blocked, id=6912, stack(0x000000255fd00000,0x000000255fe00000)]
  0x000001f55d195800 JavaThread "Cache worker for execution history cache (C:\Users\felip\.gradle\caches\7.0.2\executionHistory)" [_thread_blocked, id=1860, stack(0x0000002560300000,0x0000002560400000)]
  0x000001f55d196800 JavaThread "Cache worker for file content cache (C:\Users\felip\.gradle\caches\7.0.2\fileContent)" [_thread_blocked, id=7240, stack(0x0000002560400000,0x0000002560500000)]
  0x000001f564c9d000 JavaThread "Memory manager" [_thread_blocked, id=3540, stack(0x0000002560500000,0x0000002560600000)]
  0x000001f564c9e000 JavaThread "Daemon Thread 2" [_thread_blocked, id=1868, stack(0x000000255d700000,0x000000255d800000)]
  0x000001f564c9b800 JavaThread "Handler for socket connection from /127.0.0.1:2079 to /127.0.0.1:2121" [_thread_in_native, id=7992, stack(0x000000255d800000,0x000000255d900000)]
  0x000001f564c9c800 JavaThread "Cancel handler" [_thread_blocked, id=5316, stack(0x000000255d900000,0x000000255da00000)]
  0x000001f564c98800 JavaThread "Daemon worker Thread 2" [_thread_blocked, id=1164, stack(0x000000255ef00000,0x000000255f000000)]
  0x000001f564c9f000 JavaThread "Asynchronous log dispatcher for DefaultDaemonConnection: socket connection from /127.0.0.1:2079 to /127.0.0.1:2121" [_thread_blocked, id=5820, stack(0x000000255f000000,0x000000255f100000)]
  0x000001f564ca1000 JavaThread "Daemon client event forwarder" [_thread_blocked, id=3792, stack(0x000000255f200000,0x000000255f300000)]
  0x000001f564ca3800 JavaThread "Cache worker for file hash cache (C:\Users\felip\AndroidStudioProjects\VideoApp\.gradle\7.0.2\fileHashes)" [_thread_blocked, id=6008, stack(0x000000255f300000,0x000000255f400000)]
  0x000001f564c9f800 JavaThread "Cache worker for checksums cache (C:\Users\felip\AndroidStudioProjects\VideoApp\.gradle\checksums)" [_thread_blocked, id=5184, stack(0x000000255f400000,0x000000255f500000)]
  0x000001f564ca5800 JavaThread "Cache worker for cache directory md-supplier (C:\Users\felip\.gradle\caches\7.0.2\md-supplier)" [_thread_blocked, id=3616, stack(0x000000255f500000,0x000000255f600000)]
  0x000001f564ca0800 JavaThread "Cache worker for cache directory md-rule (C:\Users\felip\.gradle\caches\7.0.2\md-rule)" [_thread_blocked, id=1264, stack(0x000000255f900000,0x000000255fa00000)]
  0x000001f564ca3000 JavaThread "Cache worker for dependencies-accessors (C:\Users\felip\AndroidStudioProjects\VideoApp\.gradle\7.0.2\dependencies-accessors)" [_thread_blocked, id=4704, stack(0x000000255fe00000,0x000000255ff00000)]
  0x000001f564ca4800 JavaThread "Cache worker for Build Output Cleanup Cache (C:\Users\felip\AndroidStudioProjects\VideoApp\.gradle\buildOutputCleanup)" [_thread_blocked, id=3536, stack(0x000000255ff00000,0x0000002560000000)]
  0x000001f564ca6000 JavaThread "Build operations" [_thread_blocked, id=3160, stack(0x0000002560000000,0x0000002560100000)]
  0x000001f564ca2000 JavaThread "Build operations Thread 2" [_thread_blocked, id=5552, stack(0x0000002560100000,0x0000002560200000)]
  0x000001f564ca7000 JavaThread "build event listener" [_thread_blocked, id=7288, stack(0x0000002560200000,0x0000002560300000)]
  0x000001f55d18b000 JavaThread "build event listener" [_thread_blocked, id=7200, stack(0x0000002560600000,0x0000002560700000)]
  0x000001f55d189000 JavaThread "Execution worker for ':'" [_thread_blocked, id=956, stack(0x0000002560700000,0x0000002560800000)]
  0x000001f55d191800 JavaThread "Cache worker for execution history cache (C:\Users\felip\AndroidStudioProjects\VideoApp\.gradle\7.0.2\executionHistory)" [_thread_blocked, id=6456, stack(0x0000002560800000,0x0000002560900000)]
  0x000001f55d18c800 JavaThread "WorkerExecutor Queue" [_thread_blocked, id=7328, stack(0x000000255f100000,0x000000255f200000)]
  0x000001f55d198000 JavaThread "WorkerExecutor Queue Thread 3" [_thread_blocked, id=6952, stack(0x0000002560a00000,0x0000002560b00000)]
  0x000001f55d194000 JavaThread "ForkJoinPool-2-worker-3" daemon [_thread_blocked, id=7672, stack(0x0000002560900000,0x0000002560a00000)]
  0x000001f55d194800 JavaThread "ForkJoinPool-2-worker-1" daemon [_thread_blocked, id=6552, stack(0x0000002560b00000,0x0000002560c00000)]

Other Threads:
=>0x000001f55c6d3000 VMThread "VM Thread" [stack: 0x000000255e000000,0x000000255e100000] [id=6184]
  0x000001f55c8e3000 WatcherThread [stack: 0x000000255ea00000,0x000000255eb00000] [id=2152]
  0x000001f54609a000 GCTaskThread "GC Thread#0" [stack: 0x000000255db00000,0x000000255dc00000] [id=748]
  0x000001f55cb20800 GCTaskThread "GC Thread#1" [stack: 0x000000255eb00000,0x000000255ec00000] [id=3180]
  0x000001f5460ab800 ConcurrentGCThread "G1 Main Marker" [stack: 0x000000255dc00000,0x000000255dd00000] [id=5172]
  0x000001f5460ac800 ConcurrentGCThread "G1 Conc#0" [stack: 0x000000255dd00000,0x000000255de00000] [id=6348]
  0x000001f5460fd800 ConcurrentGCThread "G1 Refine#0" [stack: 0x000000255de00000,0x000000255df00000] [id=1384]
  0x000001f5460fe800 ConcurrentGCThread "G1 Young RemSet Sampling" [stack: 0x000000255df00000,0x000000255e000000] [id=6452]

Threads with active compile tasks:
C2 CompilerThread01977676 20436       4       com.android.tools.r8.graph.c0::a (258 bytes)

VM state:at safepoint (normal execution)

VM Mutex/Monitor currently owned by a thread:  ([mutex/lock_event])
[0x000001f54607d360] Threads_lock - owner thread: 0x000001f55c6d3000
[0x000001f54607ca60] Heap_lock - owner thread: 0x000001f55d194000

Heap address: 0x00000000e0000000, size: 512 MB, Compressed Oops mode: 32-bit
Narrow klass base: 0x0000000000000000, Narrow klass shift: 3
Compressed class space size: 1073741824 Address: 0x0000000100000000

Heap:
 garbage-first heap   total 257024K, used 207430K [0x00000000e0000000, 0x0000000100000000)
  region size 1024K, 2 young (2048K), 2 survivors (2048K)
 Metaspace       used 120979K, capacity 124032K, committed 124288K, reserved 1157120K
  class space    used 15225K, capacity 16385K, committed 16512K, reserved 1048576K
Heap Regions: E=young(eden), S=young(survivor), O=old, HS=humongous(starts), HC=humongous(continues), CS=collection set, F=free, A=archive, TAMS=top-at-mark-start (previous, next)
|   0|0x00000000e0000000, 0x00000000e0100000, 0x00000000e0100000|100%| O|  |TAMS 0x00000000e0100000, 0x00000000e0000000| Untracked 
|   1|0x00000000e0100000, 0x00000000e0200000, 0x00000000e0200000|100%| O|  |TAMS 0x00000000e0200000, 0x00000000e0100000| Untracked 
|   2|0x00000000e0200000, 0x00000000e0300000, 0x00000000e0300000|100%| O|  |TAMS 0x00000000e0300000, 0x00000000e0200000| Untracked 
|   3|0x00000000e0300000, 0x00000000e0400000, 0x00000000e0400000|100%| O|  |TAMS 0x00000000e0400000, 0x00000000e0300000| Untracked 
|   4|0x00000000e0400000, 0x00000000e0500000, 0x00000000e0500000|100%|HS|  |TAMS 0x00000000e0500000, 0x00000000e0400000| Complete 
|   5|0x00000000e0500000, 0x00000000e0600000, 0x00000000e0600000|100%|HC|  |TAMS 0x00000000e0600000, 0x00000000e0500000| Complete 
|   6|0x00000000e0600000, 0x00000000e0700000, 0x00000000e0700000|100%|HC|  |TAMS 0x00000000e0700000, 0x00000000e0600000| Complete 
|   7|0x00000000e0700000, 0x00000000e0800000, 0x00000000e0800000|100%| O|  |TAMS 0x00000000e0800000, 0x00000000e0700000| Complete 
|   8|0x00000000e0800000, 0x00000000e0900000, 0x00000000e0900000|100%| O|  |TAMS 0x00000000e0900000, 0x00000000e0800000| Untracked 
|   9|0x00000000e0900000, 0x00000000e0a00000, 0x00000000e0a00000|100%| O|  |TAMS 0x00000000e0a00000, 0x00000000e0900000| Untracked 
|  10|0x00000000e0a00000, 0x00000000e0b00000, 0x00000000e0b00000|100%| O|  |TAMS 0x00000000e0b00000, 0x00000000e0a00000| Untracked 
|  11|0x00000000e0b00000, 0x00000000e0c00000, 0x00000000e0c00000|100%| O|  |TAMS 0x00000000e0c00000, 0x00000000e0b00000| Untracked 
|  12|0x00000000e0c00000, 0x00000000e0d00000, 0x00000000e0d00000|100%| O|  |TAMS 0x00000000e0d00000, 0x00000000e0c00000| Untracked 
|  13|0x00000000e0d00000, 0x00000000e0e00000, 0x00000000e0e00000|100%| O|  |TAMS 0x00000000e0e00000, 0x00000000e0d00000| Untracked 
|  14|0x00000000e0e00000, 0x00000000e0f00000, 0x00000000e0f00000|100%| O|  |TAMS 0x00000000e0f00000, 0x00000000e0e00000| Complete 
|  15|0x00000000e0f00000, 0x00000000e1000000, 0x00000000e1000000|100%| O|  |TAMS 0x00000000e1000000, 0x00000000e0f00000| Untracked 
|  16|0x00000000e1000000, 0x00000000e1100000, 0x00000000e1100000|100%| O|  |TAMS 0x00000000e1100000, 0x00000000e1000000| Complete 
|  17|0x00000000e1100000, 0x00000000e1200000, 0x00000000e1200000|100%|HS|  |TAMS 0x00000000e1200000, 0x00000000e1100000| Complete 
|  18|0x00000000e1200000, 0x00000000e1300000, 0x00000000e1300000|100%|HC|  |TAMS 0x00000000e1300000, 0x00000000e1200000| Complete 
|  19|0x00000000e1300000, 0x00000000e1400000, 0x00000000e1400000|100%|HS|  |TAMS 0x00000000e1400000, 0x00000000e1300000| Complete 
|  20|0x00000000e1400000, 0x00000000e1500000, 0x00000000e1500000|100%|HC|  |TAMS 0x00000000e1500000, 0x00000000e1400000| Complete 
|  21|0x00000000e1500000, 0x00000000e1600000, 0x00000000e1600000|100%|HC|  |TAMS 0x00000000e1600000, 0x00000000e1500000| Complete 
|  22|0x00000000e1600000, 0x00000000e1700000, 0x00000000e1700000|100%|HS|  |TAMS 0x00000000e1700000, 0x00000000e1600000| Complete 
|  23|0x00000000e1700000, 0x00000000e1800000, 0x00000000e1800000|100%|HC|  |TAMS 0x00000000e1800000, 0x00000000e1700000| Complete 
|  24|0x00000000e1800000, 0x00000000e1900000, 0x00000000e1900000|100%|HC|  |TAMS 0x00000000e1900000, 0x00000000e1800000| Complete 
|  25|0x00000000e1900000, 0x00000000e1a00000, 0x00000000e1a00000|100%|HC|  |TAMS 0x00000000e1a00000, 0x00000000e1900000| Complete 
|  26|0x00000000e1a00000, 0x00000000e1b00000, 0x00000000e1b00000|100%| O|  |TAMS 0x00000000e1b00000, 0x00000000e1a00000| Untracked 
|  27|0x00000000e1b00000, 0x00000000e1c00000, 0x00000000e1c00000|100%| O|  |TAMS 0x00000000e1c00000, 0x00000000e1b00000| Untracked 
|  28|0x00000000e1c00000, 0x00000000e1d00000, 0x00000000e1d00000|100%| O|  |TAMS 0x00000000e1d00000, 0x00000000e1c00000| Complete 
|  29|0x00000000e1d00000, 0x00000000e1e00000, 0x00000000e1e00000|100%| O|  |TAMS 0x00000000e1e00000, 0x00000000e1d00000| Complete 
|  30|0x00000000e1e00000, 0x00000000e1f00000, 0x00000000e1f00000|100%| O|  |TAMS 0x00000000e1f00000, 0x00000000e1e00000| Complete 
|  31|0x00000000e1f00000, 0x00000000e2000000, 0x00000000e2000000|100%| O|  |TAMS 0x00000000e2000000, 0x00000000e1f00000| Complete 
|  32|0x00000000e2000000, 0x00000000e2100000, 0x00000000e2100000|100%| O|  |TAMS 0x00000000e2100000, 0x00000000e2000000| Complete 
|  33|0x00000000e2100000, 0x00000000e2200000, 0x00000000e2200000|100%| O|  |TAMS 0x00000000e2200000, 0x00000000e2100000| Complete 
|  34|0x00000000e2200000, 0x00000000e2300000, 0x00000000e2300000|100%| O|  |TAMS 0x00000000e2300000, 0x00000000e2200000| Complete 
|  35|0x00000000e2300000, 0x00000000e2400000, 0x00000000e2400000|100%| O|  |TAMS 0x00000000e2400000, 0x00000000e2300000| Untracked 
|  36|0x00000000e2400000, 0x00000000e2500000, 0x00000000e2500000|100%| O|  |TAMS 0x00000000e2500000, 0x00000000e2400000| Untracked 
|  37|0x00000000e2500000, 0x00000000e2600000, 0x00000000e2600000|100%| O|  |TAMS 0x00000000e2600000, 0x00000000e2500000| Untracked 
|  38|0x00000000e2600000, 0x00000000e2700000, 0x00000000e2700000|100%|HS|  |TAMS 0x00000000e2700000, 0x00000000e2600000| Complete 
|  39|0x00000000e2700000, 0x00000000e2800000, 0x00000000e2800000|100%| O|  |TAMS 0x00000000e2800000, 0x00000000e2700000| Untracked 
|  40|0x00000000e2800000, 0x00000000e2900000, 0x00000000e2900000|100%|HS|  |TAMS 0x00000000e2900000, 0x00000000e2800000| Complete 
|  41|0x00000000e2900000, 0x00000000e2a00000, 0x00000000e2a00000|100%|HC|  |TAMS 0x00000000e2a00000, 0x00000000e2900000| Complete 
|  42|0x00000000e2a00000, 0x00000000e2b00000, 0x00000000e2b00000|100%|HC|  |TAMS 0x00000000e2b00000, 0x00000000e2a00000| Complete 
|  43|0x00000000e2b00000, 0x00000000e2c00000, 0x00000000e2c00000|100%| O|  |TAMS 0x00000000e2c00000, 0x00000000e2b00000| Complete 
|  44|0x00000000e2c00000, 0x00000000e2d00000, 0x00000000e2d00000|100%| O|  |TAMS 0x00000000e2d00000, 0x00000000e2c00000| Untracked 
|  45|0x00000000e2d00000, 0x00000000e2e00000, 0x00000000e2e00000|100%| O|  |TAMS 0x00000000e2e00000, 0x00000000e2d00000| Untracked 
|  46|0x00000000e2e00000, 0x00000000e2f00000, 0x00000000e2f00000|100%| O|  |TAMS 0x00000000e2f00000, 0x00000000e2e00000| Untracked 
|  47|0x00000000e2f00000, 0x00000000e3000000, 0x00000000e3000000|100%| O|  |TAMS 0x00000000e3000000, 0x00000000e2f00000| Untracked 
|  48|0x00000000e3000000, 0x00000000e3100000, 0x00000000e3100000|100%| O|  |TAMS 0x00000000e3100000, 0x00000000e3000000| Untracked 
|  49|0x00000000e3100000, 0x00000000e3200000, 0x00000000e3200000|100%|HS|  |TAMS 0x00000000e3200000, 0x00000000e3100000| Complete 
|  50|0x00000000e3200000, 0x00000000e3300000, 0x00000000e3300000|100%|HC|  |TAMS 0x00000000e3300000, 0x00000000e3200000| Complete 
|  51|0x00000000e3300000, 0x00000000e3400000, 0x00000000e3400000|100%|HC|  |TAMS 0x00000000e3400000, 0x00000000e3300000| Complete 
|  52|0x00000000e3400000, 0x00000000e3500000, 0x00000000e3500000|100%|HC|  |TAMS 0x00000000e3500000, 0x00000000e3400000| Complete 
|  53|0x00000000e3500000, 0x00000000e3600000, 0x00000000e3600000|100%| O|  |TAMS 0x00000000e3600000, 0x00000000e3500000| Complete 
|  54|0x00000000e3600000, 0x00000000e3700000, 0x00000000e3700000|100%| O|  |TAMS 0x00000000e3700000, 0x00000000e3600000| Untracked 
|  55|0x00000000e3700000, 0x00000000e3800000, 0x00000000e3800000|100%| O|  |TAMS 0x00000000e3800000, 0x00000000e3700000| Untracked 
|  56|0x00000000e3800000, 0x00000000e3900000, 0x00000000e3900000|100%| O|  |TAMS 0x00000000e3900000, 0x00000000e3800000| Complete 
|  57|0x00000000e3900000, 0x00000000e3a00000, 0x00000000e3a00000|100%|HS|  |TAMS 0x00000000e3a00000, 0x00000000e3900000| Complete 
|  58|0x00000000e3a00000, 0x00000000e3b00000, 0x00000000e3b00000|100%|HS|  |TAMS 0x00000000e3b00000, 0x00000000e3a00000| Complete 
|  59|0x00000000e3b00000, 0x00000000e3c00000, 0x00000000e3c00000|100%| O|  |TAMS 0x00000000e3c00000, 0x00000000e3b00000| Untracked 
|  60|0x00000000e3c00000, 0x00000000e3d00000, 0x00000000e3d00000|100%|HS|  |TAMS 0x00000000e3d00000, 0x00000000e3c00000| Complete 
|  61|0x00000000e3d00000, 0x00000000e3e00000, 0x00000000e3e00000|100%| O|  |TAMS 0x00000000e3e00000, 0x00000000e3d00000| Untracked 
|  62|0x00000000e3e00000, 0x00000000e3f00000, 0x00000000e3f00000|100%|HS|  |TAMS 0x00000000e3f00000, 0x00000000e3e00000| Complete 
|  63|0x00000000e3f00000, 0x00000000e4000000, 0x00000000e4000000|100%|HC|  |TAMS 0x00000000e4000000, 0x00000000e3f00000| Complete 
|  64|0x00000000e4000000, 0x00000000e4100000, 0x00000000e4100000|100%|HC|  |TAMS 0x00000000e4100000, 0x00000000e4000000| Complete 
|  65|0x00000000e4100000, 0x00000000e4200000, 0x00000000e4200000|100%| O|  |TAMS 0x00000000e4200000, 0x00000000e4100000| Untracked 
|  66|0x00000000e4200000, 0x00000000e4300000, 0x00000000e4300000|100%| O|  |TAMS 0x00000000e4300000, 0x00000000e4200000| Untracked 
|  67|0x00000000e4300000, 0x00000000e4400000, 0x00000000e4400000|100%|HS|  |TAMS 0x00000000e4400000, 0x00000000e4300000| Complete 
|  68|0x00000000e4400000, 0x00000000e4500000, 0x00000000e4500000|100%|HC|  |TAMS 0x00000000e4500000, 0x00000000e4400000| Complete 
|  69|0x00000000e4500000, 0x00000000e4600000, 0x00000000e4600000|100%| O|  |TAMS 0x00000000e4600000, 0x00000000e4500000| Untracked 
|  70|0x00000000e4600000, 0x00000000e4700000, 0x00000000e4700000|100%| O|  |TAMS 0x00000000e4700000, 0x00000000e4600000| Untracked 
|  71|0x00000000e4700000, 0x00000000e4800000, 0x00000000e4800000|100%| O|  |TAMS 0x00000000e4800000, 0x00000000e4700000| Untracked 
|  72|0x00000000e4800000, 0x00000000e4900000, 0x00000000e4900000|100%| O|  |TAMS 0x00000000e4900000, 0x00000000e4800000| Complete 
|  73|0x00000000e4900000, 0x00000000e4a00000, 0x00000000e4a00000|100%| O|  |TAMS 0x00000000e4a00000, 0x00000000e4900000| Complete 
|  74|0x00000000e4a00000, 0x00000000e4b00000, 0x00000000e4b00000|100%| O|  |TAMS 0x00000000e4b00000, 0x00000000e4a00000| Complete 
|  75|0x00000000e4b00000, 0x00000000e4c00000, 0x00000000e4c00000|100%| O|  |TAMS 0x00000000e4c00000, 0x00000000e4b00000| Untracked 
|  76|0x00000000e4c00000, 0x00000000e4d00000, 0x00000000e4d00000|100%| O|  |TAMS 0x00000000e4d00000, 0x00000000e4c00000| Complete 
|  77|0x00000000e4d00000, 0x00000000e4e00000, 0x00000000e4e00000|100%| O|  |TAMS 0x00000000e4e00000, 0x00000000e4d00000| Untracked 
|  78|0x00000000e4e00000, 0x00000000e4f00000, 0x00000000e4f00000|100%| O|  |TAMS 0x00000000e4f00000, 0x00000000e4e00000| Untracked 
|  79|0x00000000e4f00000, 0x00000000e5000000, 0x00000000e5000000|100%| O|  |TAMS 0x00000000e5000000, 0x00000000e4f00000| Complete 
|  80|0x00000000e5000000, 0x00000000e5100000, 0x00000000e5100000|100%| O|  |TAMS 0x00000000e5100000, 0x00000000e5000000| Complete 
|  81|0x00000000e5100000, 0x00000000e5200000, 0x00000000e5200000|100%| O|  |TAMS 0x00000000e5200000, 0x00000000e5100000| Untracked 
|  82|0x00000000e5200000, 0x00000000e5300000, 0x00000000e5300000|100%| O|  |TAMS 0x00000000e5300000, 0x00000000e5200000| Untracked 
|  83|0x00000000e5300000, 0x00000000e5400000, 0x00000000e5400000|100%| O|  |TAMS 0x00000000e5400000, 0x00000000e5300000| Untracked 
|  84|0x00000000e5400000, 0x00000000e5500000, 0x00000000e5500000|100%| O|  |TAMS 0x00000000e5500000, 0x00000000e5400000| Untracked 
|  85|0x00000000e5500000, 0x00000000e5600000, 0x00000000e5600000|100%| O|  |TAMS 0x00000000e5600000, 0x00000000e5500000| Untracked 
|  86|0x00000000e5600000, 0x00000000e5700000, 0x00000000e5700000|100%| O|  |TAMS 0x00000000e5700000, 0x00000000e5600000| Complete 
|  87|0x00000000e5700000, 0x00000000e5800000, 0x00000000e5800000|100%| O|  |TAMS 0x00000000e5800000, 0x00000000e5700000| Untracked 
|  88|0x00000000e5800000, 0x00000000e5900000, 0x00000000e5900000|100%| O|  |TAMS 0x00000000e5900000, 0x00000000e5800000| Untracked 
|  89|0x00000000e5900000, 0x00000000e5a00000, 0x00000000e5a00000|100%|HS|  |TAMS 0x00000000e5a00000, 0x00000000e5900000| Complete 
|  90|0x00000000e5a00000, 0x00000000e5b00000, 0x00000000e5b00000|100%|HC|  |TAMS 0x00000000e5b00000, 0x00000000e5a00000| Complete 
|  91|0x00000000e5b00000, 0x00000000e5c00000, 0x00000000e5c00000|100%|HS|  |TAMS 0x00000000e5c00000, 0x00000000e5b00000| Complete 
|  92|0x00000000e5c00000, 0x00000000e5d00000, 0x00000000e5d00000|100%|HC|  |TAMS 0x00000000e5d00000, 0x00000000e5c00000| Complete 
|  93|0x00000000e5d00000, 0x00000000e5e00000, 0x00000000e5e00000|100%|HC|  |TAMS 0x00000000e5e00000, 0x00000000e5d00000| Complete 
|  94|0x00000000e5e00000, 0x00000000e5f00000, 0x00000000e5f00000|100%| O|  |TAMS 0x00000000e5f00000, 0x00000000e5e00000| Complete 
|  95|0x00000000e5f00000, 0x00000000e6000000, 0x00000000e6000000|100%| O|  |TAMS 0x00000000e6000000, 0x00000000e5f00000| Untracked 
|  96|0x00000000e6000000, 0x00000000e6100000, 0x00000000e6100000|100%| O|  |TAMS 0x00000000e6100000, 0x00000000e6000000| Untracked 
|  97|0x00000000e6100000, 0x00000000e6200000, 0x00000000e6200000|100%| O|  |TAMS 0x00000000e6200000, 0x00000000e6100000| Untracked 
|  98|0x00000000e6200000, 0x00000000e6300000, 0x00000000e6300000|100%| O|  |TAMS 0x00000000e6300000, 0x00000000e6200000| Untracked 
|  99|0x00000000e6300000, 0x00000000e6400000, 0x00000000e6400000|100%|HS|  |TAMS 0x00000000e6400000, 0x00000000e6300000| Complete 
| 100|0x00000000e6400000, 0x00000000e6500000, 0x00000000e6500000|100%|HC|  |TAMS 0x00000000e6500000, 0x00000000e6400000| Complete 
| 101|0x00000000e6500000, 0x00000000e6600000, 0x00000000e6600000|100%|HC|  |TAMS 0x00000000e6600000, 0x00000000e6500000| Complete 
| 102|0x00000000e6600000, 0x00000000e6700000, 0x00000000e6700000|100%|HC|  |TAMS 0x00000000e6700000, 0x00000000e6600000| Complete 
| 103|0x00000000e6700000, 0x00000000e6800000, 0x00000000e6800000|100%| O|  |TAMS 0x00000000e6800000, 0x00000000e6700000| Untracked 
| 104|0x00000000e6800000, 0x00000000e6900000, 0x00000000e6900000|100%| O|  |TAMS 0x00000000e6900000, 0x00000000e6800000| Untracked 
| 105|0x00000000e6900000, 0x00000000e6a00000, 0x00000000e6a00000|100%| O|  |TAMS 0x00000000e6a00000, 0x00000000e6900000| Untracked 
| 106|0x00000000e6a00000, 0x00000000e6b00000, 0x00000000e6b00000|100%| O|  |TAMS 0x00000000e6b00000, 0x00000000e6a00000| Untracked 
| 107|0x00000000e6b00000, 0x00000000e6c00000, 0x00000000e6c00000|100%| O|  |TAMS 0x00000000e6c00000, 0x00000000e6b00000| Untracked 
| 108|0x00000000e6c00000, 0x00000000e6d00000, 0x00000000e6d00000|100%| O|  |TAMS 0x00000000e6d00000, 0x00000000e6c00000| Untracked 
| 109|0x00000000e6d00000, 0x00000000e6e00000, 0x00000000e6e00000|100%|HS|  |TAMS 0x00000000e6e00000, 0x00000000e6d00000| Complete 
| 110|0x00000000e6e00000, 0x00000000e6f00000, 0x00000000e6f00000|100%| O|  |TAMS 0x00000000e6f00000, 0x00000000e6e00000| Complete 
| 111|0x00000000e6f00000, 0x00000000e7000000, 0x00000000e7000000|100%|HS|  |TAMS 0x00000000e7000000, 0x00000000e6f00000| Complete 
| 112|0x00000000e7000000, 0x00000000e7100000, 0x00000000e7100000|100%|HS|  |TAMS 0x00000000e7100000, 0x00000000e7000000| Complete 
| 113|0x00000000e7100000, 0x00000000e7200000, 0x00000000e7200000|100%| O|  |TAMS 0x00000000e7200000, 0x00000000e7100000| Complete 
| 114|0x00000000e7200000, 0x00000000e7300000, 0x00000000e7300000|100%| O|  |TAMS 0x00000000e7300000, 0x00000000e7200000| Complete 
| 115|0x00000000e7300000, 0x00000000e7400000, 0x00000000e7400000|100%|HS|  |TAMS 0x00000000e7400000, 0x00000000e7300000| Complete 
| 116|0x00000000e7400000, 0x00000000e7500000, 0x00000000e7500000|100%|HC|  |TAMS 0x00000000e7500000, 0x00000000e7400000| Complete 
| 117|0x00000000e7500000, 0x00000000e7600000, 0x00000000e7600000|100%|HS|  |TAMS 0x00000000e7600000, 0x00000000e7500000| Complete 
| 118|0x00000000e7600000, 0x00000000e7700000, 0x00000000e7700000|100%| O|  |TAMS 0x00000000e7700000, 0x00000000e7600000| Complete 
| 119|0x00000000e7700000, 0x00000000e7800000, 0x00000000e7800000|100%| O|  |TAMS 0x00000000e7800000, 0x00000000e7700000| Untracked 
| 120|0x00000000e7800000, 0x00000000e7900000, 0x00000000e7900000|100%| O|  |TAMS 0x00000000e7900000, 0x00000000e7800000| Untracked 
| 121|0x00000000e7900000, 0x00000000e7a00000, 0x00000000e7a00000|100%|HS|  |TAMS 0x00000000e7a00000, 0x00000000e7900000| Complete 
| 122|0x00000000e7a00000, 0x00000000e7b00000, 0x00000000e7b00000|100%|HC|  |TAMS 0x00000000e7b00000, 0x00000000e7a00000| Complete 
| 123|0x00000000e7b00000, 0x00000000e7c00000, 0x00000000e7c00000|100%|HC|  |TAMS 0x00000000e7c00000, 0x00000000e7b00000| Complete 
| 124|0x00000000e7c00000, 0x00000000e7d00000, 0x00000000e7d00000|100%|HS|  |TAMS 0x00000000e7d00000, 0x00000000e7c00000| Complete 
| 125|0x00000000e7d00000, 0x00000000e7e00000, 0x00000000e7e00000|100%|HC|  |TAMS 0x00000000e7e00000, 0x00000000e7d00000| Complete 
| 126|0x00000000e7e00000, 0x00000000e7f00000, 0x00000000e7f00000|100%| O|  |TAMS 0x00000000e7f00000, 0x00000000e7e00000| Untracked 
| 127|0x00000000e7f00000, 0x00000000e8000000, 0x00000000e8000000|100%| O|  |TAMS 0x00000000e8000000, 0x00000000e7f00000| Complete 
| 128|0x00000000e8000000, 0x00000000e8100000, 0x00000000e8100000|100%| O|  |TAMS 0x00000000e8100000, 0x00000000e8000000| Untracked 
| 129|0x00000000e8100000, 0x00000000e8200000, 0x00000000e8200000|100%| O|  |TAMS 0x00000000e8200000, 0x00000000e8100000| Complete 
| 130|0x00000000e8200000, 0x00000000e8300000, 0x00000000e8300000|100%| O|  |TAMS 0x00000000e8300000, 0x00000000e8200000| Untracked 
| 131|0x00000000e8300000, 0x00000000e8400000, 0x00000000e8400000|100%| O|  |TAMS 0x00000000e8400000, 0x00000000e8300000| Complete 
| 132|0x00000000e8400000, 0x00000000e8500000, 0x00000000e8500000|100%| O|  |TAMS 0x00000000e8500000, 0x00000000e8400000| Untracked 
| 133|0x00000000e8500000, 0x00000000e8600000, 0x00000000e8600000|100%| O|  |TAMS 0x00000000e8600000, 0x00000000e8500000| Untracked 
| 134|0x00000000e8600000, 0x00000000e8700000, 0x00000000e8700000|100%| O|  |TAMS 0x00000000e8700000, 0x00000000e8600000| Complete 
| 135|0x00000000e8700000, 0x00000000e8800000, 0x00000000e8800000|100%| O|  |TAMS 0x00000000e8800000, 0x00000000e8700000| Untracked 
| 136|0x00000000e8800000, 0x00000000e8900000, 0x00000000e8900000|100%| O|  |TAMS 0x00000000e8900000, 0x00000000e8800000| Untracked 
| 137|0x00000000e8900000, 0x00000000e8a00000, 0x00000000e8a00000|100%| O|  |TAMS 0x00000000e8a00000, 0x00000000e8900000| Untracked 
| 138|0x00000000e8a00000, 0x00000000e8b00000, 0x00000000e8b00000|100%| O|  |TAMS 0x00000000e8b00000, 0x00000000e8a00000| Complete 
| 139|0x00000000e8b00000, 0x00000000e8c00000, 0x00000000e8c00000|100%|HS|  |TAMS 0x00000000e8c00000, 0x00000000e8b00000| Complete 
| 140|0x00000000e8c00000, 0x00000000e8d00000, 0x00000000e8d00000|100%| O|  |TAMS 0x00000000e8d00000, 0x00000000e8c00000| Complete 
| 141|0x00000000e8d00000, 0x00000000e8e00000, 0x00000000e8e00000|100%| O|  |TAMS 0x00000000e8e00000, 0x00000000e8d00000| Complete 
| 142|0x00000000e8e00000, 0x00000000e8f00000, 0x00000000e8f00000|100%| O|  |TAMS 0x00000000e8f00000, 0x00000000e8e00000| Untracked 
| 143|0x00000000e8f00000, 0x00000000e9000000, 0x00000000e9000000|100%|HS|  |TAMS 0x00000000e9000000, 0x00000000e8f00000| Complete 
| 144|0x00000000e9000000, 0x00000000e9100000, 0x00000000e9100000|100%|HC|  |TAMS 0x00000000e9100000, 0x00000000e9000000| Complete 
| 145|0x00000000e9100000, 0x00000000e9200000, 0x00000000e9200000|100%|HS|  |TAMS 0x00000000e9200000, 0x00000000e9100000| Complete 
| 146|0x00000000e9200000, 0x00000000e9300000, 0x00000000e9300000|100%| O|  |TAMS 0x00000000e9300000, 0x00000000e9200000| Complete 
| 147|0x00000000e9300000, 0x00000000e9400000, 0x00000000e9400000|100%|HS|  |TAMS 0x00000000e9400000, 0x00000000e9300000| Complete 
| 148|0x00000000e9400000, 0x00000000e9500000, 0x00000000e9500000|100%|HC|  |TAMS 0x00000000e9500000, 0x00000000e9400000| Complete 
| 149|0x00000000e9500000, 0x00000000e9600000, 0x00000000e9600000|100%| O|  |TAMS 0x00000000e9600000, 0x00000000e9500000| Untracked 
| 150|0x00000000e9600000, 0x00000000e9700000, 0x00000000e9700000|100%|HS|  |TAMS 0x00000000e9700000, 0x00000000e9600000| Complete 
| 151|0x00000000e9700000, 0x00000000e9800000, 0x00000000e9800000|100%|HC|  |TAMS 0x00000000e9800000, 0x00000000e9700000| Complete 
| 152|0x00000000e9800000, 0x00000000e9900000, 0x00000000e9900000|100%|HS|  |TAMS 0x00000000e9900000, 0x00000000e9800000| Complete 
| 153|0x00000000e9900000, 0x00000000e9a00000, 0x00000000e9a00000|100%|HC|  |TAMS 0x00000000e9a00000, 0x00000000e9900000| Complete 
| 154|0x00000000e9a00000, 0x00000000e9b00000, 0x00000000e9b00000|100%|HS|  |TAMS 0x00000000e9b00000, 0x00000000e9a00000| Complete 
| 155|0x00000000e9b00000, 0x00000000e9c00000, 0x00000000e9c00000|100%|HC|  |TAMS 0x00000000e9c00000, 0x00000000e9b00000| Complete 
| 156|0x00000000e9c00000, 0x00000000e9d00000, 0x00000000e9d00000|100%|HC|  |TAMS 0x00000000e9d00000, 0x00000000e9c00000| Complete 
| 157|0x00000000e9d00000, 0x00000000e9e00000, 0x00000000e9e00000|100%|HS|  |TAMS 0x00000000e9e00000, 0x00000000e9d00000| Complete 
| 158|0x00000000e9e00000, 0x00000000e9f00000, 0x00000000e9f00000|100%|HC|  |TAMS 0x00000000e9f00000, 0x00000000e9e00000| Complete 
| 159|0x00000000e9f00000, 0x00000000ea000000, 0x00000000ea000000|100%| O|  |TAMS 0x00000000ea000000, 0x00000000e9f00000| Complete 
| 160|0x00000000ea000000, 0x00000000ea100000, 0x00000000ea100000|100%| O|  |TAMS 0x00000000ea100000, 0x00000000ea000000| Untracked 
| 161|0x00000000ea100000, 0x00000000ea200000, 0x00000000ea200000|100%| O|  |TAMS 0x00000000ea200000, 0x00000000ea100000| Complete 
| 162|0x00000000ea200000, 0x00000000ea300000, 0x00000000ea300000|100%| O|  |TAMS 0x00000000ea300000, 0x00000000ea200000| Untracked 
| 163|0x00000000ea300000, 0x00000000ea400000, 0x00000000ea400000|100%| O|  |TAMS 0x00000000ea400000, 0x00000000ea300000| Complete 
| 164|0x00000000ea400000, 0x00000000ea500000, 0x00000000ea500000|100%|HS|  |TAMS 0x00000000ea500000, 0x00000000ea400000| Complete 
| 165|0x00000000ea500000, 0x00000000ea600000, 0x00000000ea600000|100%| O|  |TAMS 0x00000000ea600000, 0x00000000ea500000| Untracked 
| 166|0x00000000ea600000, 0x00000000ea700000, 0x00000000ea700000|100%| O|  |TAMS 0x00000000ea700000, 0x00000000ea600000| Complete 
| 167|0x00000000ea700000, 0x00000000ea800000, 0x00000000ea800000|100%|HS|  |TAMS 0x00000000ea800000, 0x00000000ea700000| Complete 
| 168|0x00000000ea800000, 0x00000000ea900000, 0x00000000ea900000|100%|HS|  |TAMS 0x00000000ea900000, 0x00000000ea800000| Complete 
| 169|0x00000000ea900000, 0x00000000ea900000, 0x00000000eaa00000|  0%| F|  |TAMS 0x00000000ea900000, 0x00000000ea900000| Untracked 
| 170|0x00000000eaa00000, 0x00000000eaa00000, 0x00000000eab00000|  0%| F|  |TAMS 0x00000000eaa00000, 0x00000000eaa00000| Untracked 
| 171|0x00000000eab00000, 0x00000000eac00000, 0x00000000eac00000|100%|HS|  |TAMS 0x00000000eac00000, 0x00000000eab00000| Complete 
| 172|0x00000000eac00000, 0x00000000ead00000, 0x00000000ead00000|100%|HC|  |TAMS 0x00000000ead00000, 0x00000000eac00000| Complete 
| 173|0x00000000ead00000, 0x00000000eae00000, 0x00000000eae00000|100%| O|  |TAMS 0x00000000ead00000, 0x00000000ead00000| Untracked 
| 174|0x00000000eae00000, 0x00000000eae00000, 0x00000000eaf00000|  0%| F|  |TAMS 0x00000000eae00000, 0x00000000eae00000| Untracked 
| 175|0x00000000eaf00000, 0x00000000eb000000, 0x00000000eb000000|100%|HS|  |TAMS 0x00000000eb000000, 0x00000000eaf00000| Complete 
| 176|0x00000000eb000000, 0x00000000eb100000, 0x00000000eb100000|100%|HC|  |TAMS 0x00000000eb100000, 0x00000000eb000000| Complete 
| 177|0x00000000eb100000, 0x00000000eb200000, 0x00000000eb200000|100%|HS|  |TAMS 0x00000000eb100000, 0x00000000eb100000| Complete 
| 178|0x00000000eb200000, 0x00000000eb300000, 0x00000000eb300000|100%|HC|  |TAMS 0x00000000eb200000, 0x00000000eb200000| Complete 
| 179|0x00000000eb300000, 0x00000000eb400000, 0x00000000eb400000|100%| O|  |TAMS 0x00000000eb400000, 0x00000000eb300000| Untracked 
| 180|0x00000000eb400000, 0x00000000eb500000, 0x00000000eb500000|100%| O|  |TAMS 0x00000000eb500000, 0x00000000eb400000| Complete 
| 181|0x00000000eb500000, 0x00000000eb600000, 0x00000000eb600000|100%| O|  |TAMS 0x00000000eb600000, 0x00000000eb500000| Untracked 
| 182|0x00000000eb600000, 0x00000000eb700000, 0x00000000eb700000|100%| O|  |TAMS 0x00000000eb700000, 0x00000000eb600000| Untracked 
| 183|0x00000000eb700000, 0x00000000eb800000, 0x00000000eb800000|100%| O|  |TAMS 0x00000000eb800000, 0x00000000eb700000| Untracked 
| 184|0x00000000eb800000, 0x00000000eb900000, 0x00000000eb900000|100%| O|  |TAMS 0x00000000eb900000, 0x00000000eb800000| Complete 
| 185|0x00000000eb900000, 0x00000000eb900000, 0x00000000eba00000|  0%| F|  |TAMS 0x00000000eb900000, 0x00000000eb900000| Untracked 
| 186|0x00000000eba00000, 0x00000000eba00000, 0x00000000ebb00000|  0%| F|  |TAMS 0x00000000eba00000, 0x00000000eba00000| Untracked 
| 187|0x00000000ebb00000, 0x00000000ebc00000, 0x00000000ebc00000|100%|HS|  |TAMS 0x00000000ebc00000, 0x00000000ebb00000| Complete 
| 188|0x00000000ebc00000, 0x00000000ebd00000, 0x00000000ebd00000|100%|HC|  |TAMS 0x00000000ebd00000, 0x00000000ebc00000| Complete 
| 189|0x00000000ebd00000, 0x00000000ebe00000, 0x00000000ebe00000|100%| O|  |TAMS 0x00000000ebe00000, 0x00000000ebd00000| Untracked 
| 190|0x00000000ebe00000, 0x00000000ebe00000, 0x00000000ebf00000|  0%| F|  |TAMS 0x00000000ebe00000, 0x00000000ebe00000| Untracked 
| 191|0x00000000ebf00000, 0x00000000ec000000, 0x00000000ec000000|100%| O|  |TAMS 0x00000000ec000000, 0x00000000ebf00000| Complete 
| 192|0x00000000ec000000, 0x00000000ec100000, 0x00000000ec100000|100%| O|  |TAMS 0x00000000ec100000, 0x00000000ec000000| Untracked 
| 193|0x00000000ec100000, 0x00000000ec100000, 0x00000000ec200000|  0%| F|  |TAMS 0x00000000ec100000, 0x00000000ec100000| Untracked 
| 194|0x00000000ec200000, 0x00000000ec300000, 0x00000000ec300000|100%| O|  |TAMS 0x00000000ec300000, 0x00000000ec200000| Untracked 
| 195|0x00000000ec300000, 0x00000000ec300000, 0x00000000ec400000|  0%| F|  |TAMS 0x00000000ec300000, 0x00000000ec300000| Untracked 
| 196|0x00000000ec400000, 0x00000000ec500000, 0x00000000ec500000|100%| O|  |TAMS 0x00000000ec500000, 0x00000000ec400000| Untracked 
| 197|0x00000000ec500000, 0x00000000ec600000, 0x00000000ec600000|100%| O|  |TAMS 0x00000000ec600000, 0x00000000ec500000| Complete 
| 198|0x00000000ec600000, 0x00000000ec700000, 0x00000000ec700000|100%| O|  |TAMS 0x00000000ec700000, 0x00000000ec600000| Complete 
| 199|0x00000000ec700000, 0x00000000ec800000, 0x00000000ec800000|100%| O|  |TAMS 0x00000000ec700000, 0x00000000ec700000| Untracked 
| 200|0x00000000ec800000, 0x00000000ec800000, 0x00000000ec900000|  0%| F|  |TAMS 0x00000000ec800000, 0x00000000ec800000| Untracked 
| 201|0x00000000ec900000, 0x00000000eca00000, 0x00000000eca00000|100%| O|  |TAMS 0x00000000ec900000, 0x00000000ec900000| Untracked 
| 202|0x00000000eca00000, 0x00000000ecb00000, 0x00000000ecb00000|100%| O|  |TAMS 0x00000000eca00000, 0x00000000eca00000| Untracked 
| 203|0x00000000ecb00000, 0x00000000ecc00000, 0x00000000ecc00000|100%| O|  |TAMS 0x00000000ecb00000, 0x00000000ecb00000| Untracked 
| 204|0x00000000ecc00000, 0x00000000ecc00000, 0x00000000ecd00000|  0%| F|  |TAMS 0x00000000ecc00000, 0x00000000ecc00000| Untracked 
| 205|0x00000000ecd00000, 0x00000000ece00000, 0x00000000ece00000|100%| O|  |TAMS 0x00000000ecd00000, 0x00000000ecd00000| Untracked 
| 206|0x00000000ece00000, 0x00000000ecf00000, 0x00000000ecf00000|100%| O|  |TAMS 0x00000000ece00000, 0x00000000ece00000| Untracked 
| 207|0x00000000ecf00000, 0x00000000ed000000, 0x00000000ed000000|100%| S|CS|TAMS 0x00000000ecf00000, 0x00000000ecf00000| Complete 
| 208|0x00000000ed000000, 0x00000000ed100000, 0x00000000ed100000|100%| O|  |TAMS 0x00000000ed000000, 0x00000000ed000000| Untracked 
| 209|0x00000000ed100000, 0x00000000ed200000, 0x00000000ed200000|100%| S|CS|TAMS 0x00000000ed100000, 0x00000000ed100000| Complete 
| 210|0x00000000ed200000, 0x00000000ed300000, 0x00000000ed300000|100%| O|  |TAMS 0x00000000ed200000, 0x00000000ed200000| Untracked 
| 211|0x00000000ed300000, 0x00000000ed400000, 0x00000000ed400000|100%| O|  |TAMS 0x00000000ed300000, 0x00000000ed300000| Untracked 
| 212|0x00000000ed400000, 0x00000000ed491a00, 0x00000000ed500000| 56%| O|  |TAMS 0x00000000ed400000, 0x00000000ed400000| Untracked 

Card table byte_map: [0x000001f545d60000,0x000001f545e60000] _byte_map_base: 0x000001f545660000

Marking Bits (Prev, Next): (CMBitMap*) 0x000001f5460a87f8, (CMBitMap*) 0x000001f5460a8830
 Prev Bits: [0x000001f558b80000, 0x000001f559380000)
 Next Bits: [0x000001f559380000, 0x000001f559b80000)

Polling page: 0x000001f543f20000

Metaspace:

Usage:
  Non-class:    105.12 MB capacity,   103.28 MB ( 98%) used,     1.48 MB (  1%) free+waste,   374.88 KB ( <1%) overhead. 
      Class:     16.00 MB capacity,    14.87 MB ( 93%) used,   997.09 KB (  6%) free+waste,   162.50 KB ( <1%) overhead. 
       Both:    121.13 MB capacity,   118.14 MB ( 98%) used,     2.46 MB (  2%) free+waste,   537.38 KB ( <1%) overhead. 

Virtual space:
  Non-class space:      106.00 MB reserved,     105.25 MB (>99%) committed 
      Class space:        1.00 GB reserved,      16.13 MB (  2%) committed 
             Both:        1.10 GB reserved,     121.38 MB ( 11%) committed 

Chunk freelists:
   Non-Class:  1.00 KB
       Class:  0 bytes
        Both:  1.00 KB

MaxMetaspaceSize: 17179869184.00 GB
CompressedClassSpaceSize: 1.00 GB

CodeHeap 'non-profiled nmethods': size=120064Kb used=15448Kb max_used=15774Kb free=104616Kb
 bounds [0x000001f551640000, 0x000001f5525c0000, 0x000001f558b80000]
CodeHeap 'profiled nmethods': size=120000Kb used=41344Kb max_used=42285Kb free=78655Kb
 bounds [0x000001f54a110000, 0x000001f54cb50000, 0x000001f551640000]
CodeHeap 'non-nmethods': size=5696Kb used=2334Kb max_used=2413Kb free=3361Kb
 bounds [0x000001f549b80000, 0x000001f549df0000, 0x000001f54a110000]
 total_blobs=18478 nmethods=17517 adapters=871
 compilation: enabled
              stopped_count=0, restarted_count=0
 full_count=0

Compilation events (20 events):
Event: 1976.886 Thread 0x000001f55c769000 20447       1       com.android.tools.r8.BaseCompilerCommand$Builder::a (2 bytes)
Event: 1976.886 Thread 0x000001f55c769000 nmethod 20447 0x000001f551bd7990 code [0x000001f551bd7b40, 0x000001f551bd7bd8]
Event: 1976.886 Thread 0x000001f55c769000 20448       3       com.android.tools.r8.graph.r::h (20 bytes)
Event: 1976.887 Thread 0x000001f55c769000 nmethod 20448 0x000001f54a9e8010 code [0x000001f54a9e81c0, 0x000001f54a9e8318]
Event: 1976.889 Thread 0x000001f55c769000 20450       1       com.android.tools.r8.dex.j$c::b (5 bytes)
Event: 1976.889 Thread 0x000001f55c75f800 nmethod 20430 0x000001f551bdec10 code [0x000001f551bdedc0, 0x000001f551bdf458]
Event: 1976.889 Thread 0x000001f55c769000 nmethod 20450 0x000001f551bde910 code [0x000001f551bdeac0, 0x000001f551bdeb78]
Event: 1976.889 Thread 0x000001f55c75f800 20436       4       com.android.tools.r8.graph.c0::a (258 bytes)
Event: 1976.889 Thread 0x000001f55c769000 20451       1       com.android.tools.r8.dex.j$c::a (5 bytes)
Event: 1976.889 Thread 0x000001f55c769000 nmethod 20451 0x000001f551bde610 code [0x000001f551bde7c0, 0x000001f551bde858]
Event: 1976.890 Thread 0x000001f55c769000 20452       3       com.android.tools.r8.dex.j::a (266 bytes)
Event: 1976.893 Thread 0x000001f55c769000 nmethod 20452 0x000001f54aaefc90 code [0x000001f54aaf0020, 0x000001f54aaf1818]
Event: 1976.895 Thread 0x000001f55c769000 20453       3       com.android.tools.r8.graph.G$c::<init> (40 bytes)
Event: 1976.895 Thread 0x000001f55c769000 nmethod 20453 0x000001f54a9ea290 code [0x000001f54a9ea460, 0x000001f54a9ea698]
Event: 1976.895 Thread 0x000001f55c769000 20454       3       com.android.tools.r8.dex.j$$Lambda$1661/0x0000000100fe3040::get (4 bytes)
Event: 1976.896 Thread 0x000001f55c769000 nmethod 20454 0x000001f54a9e7c10 code [0x000001f54a9e7dc0, 0x000001f54a9e7f18]
Event: 1976.896 Thread 0x000001f55c769000 20455       3       com.android.tools.r8.graph.r::i (20 bytes)
Event: 1976.897 Thread 0x000001f55c769000 nmethod 20455 0x000001f54a9e9e90 code [0x000001f54a9ea040, 0x000001f54a9ea198]
Event: 1976.897 Thread 0x000001f55c769000 20456       3       com.android.tools.r8.dex.j$c::a (18 bytes)
Event: 1976.897 Thread 0x000001f55c769000 nmethod 20456 0x000001f54a9e9a10 code [0x000001f54a9e9bc0, 0x000001f54a9e9da8]

GC Heap History (20 events):
Event: 1972.771 GC heap after
{Heap after GC invocations=745 (full 0):
 garbage-first heap   total 193536K, used 172749K [0x00000000e0000000, 0x0000000100000000)
  region size 1024K, 2 young (2048K), 2 survivors (2048K)
 Metaspace       used 120498K, capacity 123503K, committed 123648K, reserved 1157120K
  class space    used 15188K, capacity 16338K, committed 16384K, reserved 1048576K
}
Event: 1972.983 GC heap before
{Heap before GC invocations=745 (full 0):
 garbage-first heap   total 193536K, used 178893K [0x00000000e0000000, 0x0000000100000000)
  region size 1024K, 9 young (9216K), 2 survivors (2048K)
 Metaspace       used 120617K, capacity 123729K, committed 123904K, reserved 1157120K
  class space    used 15191K, capacity 16370K, committed 16384K, reserved 1048576K
}
Event: 1973.004 GC heap after
{Heap after GC invocations=746 (full 0):
 garbage-first heap   total 193536K, used 175571K [0x00000000e0000000, 0x0000000100000000)
  region size 1024K, 2 young (2048K), 2 survivors (2048K)
 Metaspace       used 120617K, capacity 123729K, committed 123904K, reserved 1157120K
  class space    used 15191K, capacity 16370K, committed 16384K, reserved 1048576K
}
Event: 1973.859 GC heap before
{Heap before GC invocations=747 (full 0):
 garbage-first heap   total 193536K, used 182739K [0x00000000e0000000, 0x0000000100000000)
  region size 1024K, 9 young (9216K), 2 survivors (2048K)
 Metaspace       used 120628K, capacity 123729K, committed 123904K, reserved 1157120K
  class space    used 15192K, capacity 16370K, committed 16384K, reserved 1048576K
}
Event: 1973.890 GC heap after
{Heap after GC invocations=748 (full 0):
 garbage-first heap   total 193536K, used 178176K [0x00000000e0000000, 0x0000000100000000)
  region size 1024K, 2 young (2048K), 2 survivors (2048K)
 Metaspace       used 120628K, capacity 123729K, committed 123904K, reserved 1157120K
  class space    used 15192K, capacity 16370K, committed 16384K, reserved 1048576K
}
Event: 1974.013 GC heap before
{Heap before GC invocations=748 (full 0):
 garbage-first heap   total 193536K, used 184320K [0x00000000e0000000, 0x0000000100000000)
  region size 1024K, 9 young (9216K), 2 survivors (2048K)
 Metaspace       used 120647K, capacity 123729K, committed 123904K, reserved 1157120K
  class space    used 15194K, capacity 16370K, committed 16384K, reserved 1048576K
}
Event: 1974.048 GC heap after
{Heap after GC invocations=749 (full 0):
 garbage-first heap   total 193536K, used 180632K [0x00000000e0000000, 0x0000000100000000)
  region size 1024K, 2 young (2048K), 2 survivors (2048K)
 Metaspace       used 120647K, capacity 123729K, committed 123904K, reserved 1157120K
  class space    used 15194K, capacity 16370K, committed 16384K, reserved 1048576K
}
Event: 1974.157 GC heap before
{Heap before GC invocations=749 (full 0):
 garbage-first heap   total 193536K, used 187800K [0x00000000e0000000, 0x0000000100000000)
  region size 1024K, 9 young (9216K), 2 survivors (2048K)
 Metaspace       used 120647K, capacity 123729K, committed 123904K, reserved 1157120K
  class space    used 15194K, capacity 16370K, committed 16384K, reserved 1048576K
}
Event: 1974.197 GC heap after
{Heap after GC invocations=750 (full 0):
 garbage-first heap   total 193536K, used 184144K [0x00000000e0000000, 0x0000000100000000)
  region size 1024K, 2 young (2048K), 2 survivors (2048K)
 Metaspace       used 120647K, capacity 123729K, committed 123904K, reserved 1157120K
  class space    used 15194K, capacity 16370K, committed 16384K, reserved 1048576K
}
Event: 1975.062 GC heap before
{Heap before GC invocations=751 (full 0):
 garbage-first heap   total 193536K, used 192336K [0x00000000e0000000, 0x0000000100000000)
  region size 1024K, 9 young (9216K), 2 survivors (2048K)
 Metaspace       used 120647K, capacity 123729K, committed 123904K, reserved 1157120K
  class space    used 15194K, capacity 16370K, committed 16384K, reserved 1048576K
}
Event: 1975.135 GC heap after
{Heap after GC invocations=752 (full 0):
 garbage-first heap   total 197632K, used 188416K [0x00000000e0000000, 0x0000000100000000)
  region size 1024K, 2 young (2048K), 2 survivors (2048K)
 Metaspace       used 120647K, capacity 123729K, committed 123904K, reserved 1157120K
  class space    used 15194K, capacity 16370K, committed 16384K, reserved 1048576K
}
Event: 1975.246 GC heap before
{Heap before GC invocations=752 (full 0):
 garbage-first heap   total 197632K, used 196608K [0x00000000e0000000, 0x0000000100000000)
  region size 1024K, 9 young (9216K), 2 survivors (2048K)
 Metaspace       used 120647K, capacity 123729K, committed 123904K, reserved 1157120K
  class space    used 15194K, capacity 16370K, committed 16384K, reserved 1048576K
}
Event: 1975.310 GC heap after
{Heap after GC invocations=753 (full 0):
 garbage-first heap   total 202752K, used 191778K [0x00000000e0000000, 0x0000000100000000)
  region size 1024K, 2 young (2048K), 2 survivors (2048K)
 Metaspace       used 120647K, capacity 123729K, committed 123904K, reserved 1157120K
  class space    used 15194K, capacity 16370K, committed 16384K, reserved 1048576K
}
Event: 1975.388 GC heap before
{Heap before GC invocations=753 (full 0):
 garbage-first heap   total 202752K, used 198946K [0x00000000e0000000, 0x0000000100000000)
  region size 1024K, 9 young (9216K), 2 survivors (2048K)
 Metaspace       used 120647K, capacity 123729K, committed 123904K, reserved 1157120K
  class space    used 15194K, capacity 16370K, committed 16384K, reserved 1048576K
}
Event: 1975.438 GC heap after
{Heap after GC invocations=754 (full 0):
 garbage-first heap   total 203776K, used 194560K [0x00000000e0000000, 0x0000000100000000)
  region size 1024K, 2 young (2048K), 2 survivors (2048K)
 Metaspace       used 120647K, capacity 123729K, committed 123904K, reserved 1157120K
  class space    used 15194K, capacity 16370K, committed 16384K, reserved 1048576K
}
Event: 1975.748 GC heap before
{Heap before GC invocations=754 (full 0):
 garbage-first heap   total 203776K, used 200704K [0x00000000e0000000, 0x0000000100000000)
  region size 1024K, 9 young (9216K), 2 survivors (2048K)
 Metaspace       used 120647K, capacity 123729K, committed 123904K, reserved 1157120K
  class space    used 15194K, capacity 16370K, committed 16384K, reserved 1048576K
}
Event: 1975.793 GC heap after
{Heap after GC invocations=755 (full 0):
 garbage-first heap   total 207872K, used 197904K [0x00000000e0000000, 0x0000000100000000)
  region size 1024K, 2 young (2048K), 2 survivors (2048K)
 Metaspace       used 120647K, capacity 123729K, committed 123904K, reserved 1157120K
  class space    used 15194K, capacity 16370K, committed 16384K, reserved 1048576K
}
Event: 1975.841 GC heap before
{Heap before GC invocations=755 (full 0):
 garbage-first heap   total 207872K, used 205072K [0x00000000e0000000, 0x0000000100000000)
  region size 1024K, 10 young (10240K), 2 survivors (2048K)
 Metaspace       used 120647K, capacity 123729K, committed 123904K, reserved 1157120K
  class space    used 15194K, capacity 16370K, committed 16384K, reserved 1048576K
}
Event: 1975.889 GC heap after
{Heap after GC invocations=756 (full 0):
 garbage-first heap   total 211968K, used 201273K [0x00000000e0000000, 0x0000000100000000)
  region size 1024K, 2 young (2048K), 2 survivors (2048K)
 Metaspace       used 120647K, capacity 123729K, committed 123904K, reserved 1157120K
  class space    used 15194K, capacity 16370K, committed 16384K, reserved 1048576K
}
Event: 1976.899 GC heap before
{Heap before GC invocations=757 (full 0):
 garbage-first heap   total 211968K, used 210489K [0x00000000e0000000, 0x0000000100000000)
  region size 1024K, 10 young (10240K), 2 survivors (2048K)
 Metaspace       used 120979K, capacity 124032K, committed 124288K, reserved 1157120K
  class space    used 15225K, capacity 16385K, committed 16512K, reserved 1048576K
}

Deoptimization events (20 events):
Event: 1973.995 Thread 0x000001f55d198000 Uncommon trap: trap_request=0xffffff4d fr.pc=0x000001f5516ceae8 relative=0x0000000000000f88
Event: 1973.996 Thread 0x000001f55d198000 Uncommon trap: reason=unstable_if action=reinterpret pc=0x000001f5516ceae8 method=java.util.concurrent.ConcurrentHashMap.transfer([Ljava/util/concurrent/ConcurrentHashMap$Node;[Ljava/util/concurrent/ConcurrentHashMap$Node;)V @ 352 c2
Event: 1973.996 Thread 0x000001f55d198000 DEOPT PACKING pc=0x000001f5516ceae8 sp=0x0000002560afd2f0
Event: 1973.996 Thread 0x000001f55d198000 DEOPT UNPACKING pc=0x000001f549ba6029 sp=0x0000002560afd268 mode 2
Event: 1974.109 Thread 0x000001f55d198000 Uncommon trap: trap_request=0xffffff4d fr.pc=0x000001f5521ff464 relative=0x0000000000000224
Event: 1974.109 Thread 0x000001f55d198000 Uncommon trap: reason=unstable_if action=reinterpret pc=0x000001f5521ff464 method=com.android.tools.r8.graph.c0.a([C)I @ 68 c2
Event: 1974.109 Thread 0x000001f55d198000 DEOPT PACKING pc=0x000001f5521ff464 sp=0x0000002560afd4d0
Event: 1974.109 Thread 0x000001f55d198000 DEOPT UNPACKING pc=0x000001f549ba6029 sp=0x0000002560afd458 mode 2
Event: 1974.950 Thread 0x000001f55d198000 DEOPT PACKING pc=0x000001f54ae3a777 sp=0x0000002560afd550
Event: 1974.950 Thread 0x000001f55d198000 DEOPT UNPACKING pc=0x000001f549ba643f sp=0x0000002560afca50 mode 0
Event: 1974.968 Thread 0x000001f55d198000 DEOPT PACKING pc=0x000001f54ae3a777 sp=0x0000002560afd550
Event: 1974.968 Thread 0x000001f55d198000 DEOPT UNPACKING pc=0x000001f549ba643f sp=0x0000002560afca50 mode 0
Event: 1975.478 Thread 0x000001f55d198000 DEOPT PACKING pc=0x000001f54a255154 sp=0x0000002560afd640
Event: 1975.478 Thread 0x000001f55d198000 DEOPT UNPACKING pc=0x000001f549ba643f sp=0x0000002560afcb98 mode 0
Event: 1976.293 Thread 0x000001f55d194800 Uncommon trap: trap_request=0xffffff4d fr.pc=0x000001f551b224b4 relative=0x00000000000001f4
Event: 1976.293 Thread 0x000001f55d194800 Uncommon trap: reason=unstable_if action=reinterpret pc=0x000001f551b224b4 method=com.android.tools.r8.graph.Q.g(Ljava/lang/Object;)Z @ 37 c2
Event: 1976.293 Thread 0x000001f55d194800 DEOPT PACKING pc=0x000001f551b224b4 sp=0x0000002560bfec30
Event: 1976.293 Thread 0x000001f55d194800 DEOPT UNPACKING pc=0x000001f549ba6029 sp=0x0000002560bfebc0 mode 2
Event: 1976.867 Thread 0x000001f55d194800 DEOPT PACKING pc=0x000001f54a7d5b8e sp=0x0000002560bfec80
Event: 1976.868 Thread 0x000001f55d194800 DEOPT UNPACKING pc=0x000001f549ba643f sp=0x0000002560bfe0f8 mode 0

Classes redefined (0 events):
No events

Internal exceptions (20 events):
Event: 1845.544 Thread 0x000001f564ca6000 Exception <a 'java/lang/NoSuchMethodError'{0x00000000e8bbc930}: 'java.lang.Object java.lang.invoke.DirectMethodHandle$Holder.invokeInterface(java.lang.Object, java.lang.Object, int)'> (0x00000000e8bbc930) thrown at [./src/hotspot/share/interpreter/linkResolver.cpp, line 773]
Event: 1848.001 Thread 0x000001f564ca6000 Implicit null exception at 0x000001f552125c0d to 0x000001f552125cf8
Event: 1854.184 Thread 0x000001f564ca6000 Implicit null exception at 0x000001f5517730e8 to 0x000001f5517738f4
Event: 1855.406 Thread 0x000001f564ca6000 Implicit null exception at 0x000001f551db35ed to 0x000001f551db3618
Event: 1862.004 Thread 0x000001f564ca6000 Implicit null exception at 0x000001f551c3176b to 0x000001f551c3178c
Event: 1900.139 Thread 0x000001f564ca6000 Exception <a 'java/lang/NoSuchMethodError'{0x00000000e9ad5e38}: 'int java.lang.invoke.DirectMethodHandle$Holder.invokeInterface(java.lang.Object, java.lang.Object, int)'> (0x00000000e9ad5e38) thrown at [./src/hotspot/share/interpreter/linkResolver.cpp, line 773]
Event: 1955.872 Thread 0x000001f564ca6000 Exception <a 'java/lang/NoSuchMethodError'{0x00000000e9a945f8}: 'void java.lang.invoke.DirectMethodHandle$Holder.invokeSpecial(java.lang.Object, java.lang.Object, int, java.lang.Object, java.lang.Object, java.lang.Object, java.lang.Object)'> (0x00000000e9a945f8) thrown at [./src/hotspot/share/interpreter/linkResolver.cpp, line 773]
Event: 1955.874 Thread 0x000001f564ca6000 Exception <a 'java/lang/NoSuchMethodError'{0x00000000e9aa00f8}: 'java.lang.Object java.lang.invoke.Invokers$Holder.linkToTargetMethod(java.lang.Object, int, java.lang.Object, java.lang.Object, java.lang.Object, java.lang.Object)'> (0x00000000e9aa00f8) thrown at [./src/hotspot/share/interpreter/linkResolver.cpp, line 773]
Event: 1955.875 Thread 0x000001f564ca6000 Exception <a 'java/lang/NoSuchMethodError'{0x00000000e9aa4a08}: 'void java.lang.invoke.DirectMethodHandle$Holder.invokeSpecial(java.lang.Object, java.lang.Object, java.lang.Object, java.lang.Object, java.lang.Object, java.lang.Object, java.lang.Object, java.lang.Object, java.lang.Object)'> (0x00000000e9aa4a08) thrown at [./src/hotspot/share/interpreter/linkResolver.cpp, line 773]
Event: 1955.901 Thread 0x000001f564ca6000 Exception <a 'java/lang/NoSuchMethodError'{0x00000000e9abf5f8}: 'void java.lang.invoke.DirectMethodHandle$Holder.invokeStatic(java.lang.Object, java.lang.Object, java.lang.Object, java.lang.Object, java.lang.Object, java.lang.Object, java.lang.Object, java.lang.Object)'> (0x00000000e9abf5f8) thrown at [./src/hotspot/share/interpreter/linkResolver.cpp, line 773]
Event: 1957.808 Thread 0x000001f564ca6000 Exception <a 'java/lang/IncompatibleClassChangeError'{0x00000000e9a0b6e0}: Found class java.lang.Object, but interface was expected> (0x00000000e9a0b6e0) thrown at [./src/hotspot/share/interpreter/linkResolver.cpp, line 839]
Event: 1960.499 Thread 0x000001f564ca6000 Implicit null exception at 0x000001f55257ac12 to 0x000001f55257ae66
Event: 1960.596 Thread 0x000001f564ca6000 Exception <a 'java/lang/NoSuchMethodError'{0x00000000e9739360}: 'void java.lang.invoke.DirectMethodHandle$Holder.invokeVirtual(java.lang.Object, java.lang.Object, int)'> (0x00000000e9739360) thrown at [./src/hotspot/share/interpreter/linkResolver.cpp, line 773]
Event: 1961.276 Thread 0x000001f564ca6000 Exception <a 'sun/nio/fs/WindowsException'{0x00000000e97dd718}> (0x00000000e97dd718) thrown at [./src/hotspot/share/prims/jni.cpp, line 615]
Event: 1970.858 Thread 0x000001f55d198000 Exception <a 'sun/nio/fs/WindowsException'{0x00000000e958aa38}> (0x00000000e958aa38) thrown at [./src/hotspot/share/prims/jni.cpp, line 615]
Event: 1972.006 Thread 0x000001f55d189000 Exception <a 'sun/nio/fs/WindowsException'{0x00000000e9b65f18}> (0x00000000e9b65f18) thrown at [./src/hotspot/share/prims/jni.cpp, line 615]
Event: 1972.006 Thread 0x000001f55d189000 Exception <a 'sun/nio/fs/WindowsException'{0x00000000e9b66db0}> (0x00000000e9b66db0) thrown at [./src/hotspot/share/prims/jni.cpp, line 615]
Event: 1972.007 Thread 0x000001f55d189000 Exception <a 'sun/nio/fs/WindowsException'{0x00000000e9b67080}> (0x00000000e9b67080) thrown at [./src/hotspot/share/prims/jni.cpp, line 615]
Event: 1972.359 Thread 0x000001f55d189000 Exception <a 'sun/nio/fs/WindowsException'{0x00000000ea3a9268}> (0x00000000ea3a9268) thrown at [./src/hotspot/share/prims/jni.cpp, line 615]
Event: 1972.359 Thread 0x000001f55d189000 Exception <a 'sun/nio/fs/WindowsException'{0x00000000ea3aa120}> (0x00000000ea3aa120) thrown at [./src/hotspot/share/prims/jni.cpp, line 615]

Events (20 events):
Event: 1976.621 Executing VM operation: RevokeBias done
Event: 1976.622 loading class java/util/AbstractList$RandomAccessSubList
Event: 1976.622 Executing VM operation: RevokeBias
Event: 1976.658 loading class java/util/AbstractList$SubList
Event: 1976.680 loading class java/util/AbstractList$SubList done
Event: 1976.680 loading class java/util/AbstractList$RandomAccessSubList done
Event: 1976.681 Executing VM operation: RevokeBias done
Event: 1976.681 Executing VM operation: RevokeBias
Event: 1976.681 Executing VM operation: RevokeBias done
Event: 1976.681 loading class java/util/AbstractList$SubList$1
Event: 1976.682 loading class java/util/AbstractList$SubList$1 done
Event: 1976.712 loading class com/android/tools/r8/internal/Sg
Event: 1976.712 loading class com/android/tools/r8/internal/Sg done
Event: 1976.713 Executing VM operation: RevokeBias
Event: 1976.713 Executing VM operation: RevokeBias done
Event: 1976.713 Executing VM operation: RevokeBias
Event: 1976.714 Executing VM operation: RevokeBias done
Event: 1976.800 Executing VM operation: RevokeBias
Event: 1976.801 Executing VM operation: RevokeBias done
Event: 1976.898 Executing VM operation: G1CollectForAllocation


Dynamic libraries:
0x00007ff6b4870000 - 0x00007ff6b487a000 	C:\Users\felip\OneDrive\Desktop\android-studio\jre\bin\java.exe
0x00007ffedbff0000 - 0x00007ffedc1e5000 	C:\Windows\SYSTEM32\ntdll.dll
0x00007ffed7020000 - 0x00007ffed7036000 	C:\Program Files\Avast Software\Avast\aswhook.dll
0x00007ffedb350000 - 0x00007ffedb40e000 	C:\Windows\System32\KERNEL32.DLL
0x00007ffed97a0000 - 0x00007ffed9a68000 	C:\Windows\System32\KERNELBASE.dll
0x00007ffed9d40000 - 0x00007ffed9e40000 	C:\Windows\System32\ucrtbase.dll
0x00007ffed7040000 - 0x00007ffed7059000 	C:\Users\felip\OneDrive\Desktop\android-studio\jre\bin\jli.dll
0x00007ffed20c0000 - 0x00007ffed20d7000 	C:\Users\felip\OneDrive\Desktop\android-studio\jre\bin\VCRUNTIME140.dll
0x00007ffedb7e0000 - 0x00007ffedb981000 	C:\Windows\System32\USER32.dll
0x00007ffed9710000 - 0x00007ffed9732000 	C:\Windows\System32\win32u.dll
0x00007ffedb240000 - 0x00007ffedb26b000 	C:\Windows\System32\GDI32.dll
0x00007ffed9e40000 - 0x00007ffed9f4b000 	C:\Windows\System32\gdi32full.dll
0x00007ffed9fa0000 - 0x00007ffeda03d000 	C:\Windows\System32\msvcp_win.dll
0x00007ffec6bb0000 - 0x00007ffec6e4a000 	C:\Windows\WinSxS\amd64_microsoft.windows.common-controls_6595b64144ccf1df_6.0.19041.1110_none_60b5254171f9507e\COMCTL32.dll
0x00007ffedbcc0000 - 0x00007ffedbd5e000 	C:\Windows\System32\msvcrt.dll
0x00007ffedba00000 - 0x00007ffedba30000 	C:\Windows\System32\IMM32.DLL
0x00007ffec8470000 - 0x00007ffec850d000 	C:\Users\felip\OneDrive\Desktop\android-studio\jre\bin\msvcp140.dll
0x00007ffec0fb0000 - 0x00007ffec1a85000 	C:\Users\felip\OneDrive\Desktop\android-studio\jre\bin\server\jvm.dll
0x00007ffeda110000 - 0x00007ffeda1bc000 	C:\Windows\System32\ADVAPI32.dll
0x00007ffedbf10000 - 0x00007ffedbfab000 	C:\Windows\System32\sechost.dll
0x00007ffedbae0000 - 0x00007ffedbc0a000 	C:\Windows\System32\RPCRT4.dll
0x00007ffedb230000 - 0x00007ffedb238000 	C:\Windows\System32\PSAPI.DLL
0x00007ffecbca0000 - 0x00007ffecbca9000 	C:\Windows\SYSTEM32\WSOCK32.dll
0x00007ffedb990000 - 0x00007ffedb9fb000 	C:\Windows\System32\WS2_32.dll
0x00007ffec7410000 - 0x00007ffec7437000 	C:\Windows\SYSTEM32\WINMM.dll
0x00007ffed2a50000 - 0x00007ffed2a5a000 	C:\Windows\SYSTEM32\VERSION.dll
0x00007ffed7530000 - 0x00007ffed7542000 	C:\Windows\SYSTEM32\kernel.appcore.dll
0x00007ffed4680000 - 0x00007ffed4691000 	C:\Users\felip\OneDrive\Desktop\android-studio\jre\bin\verify.dll
0x00007ffece500000 - 0x00007ffece6e4000 	C:\Windows\SYSTEM32\DBGHELP.DLL
0x00007ffecf710000 - 0x00007ffecf73c000 	C:\Windows\SYSTEM32\dbgcore.DLL
0x00007ffed9c80000 - 0x00007ffed9d03000 	C:\Windows\System32\bcryptPrimitives.dll
0x00007ffed2000000 - 0x00007ffed2029000 	C:\Users\felip\OneDrive\Desktop\android-studio\jre\bin\java.dll
0x00007ffed4f20000 - 0x00007ffed4f2b000 	C:\Users\felip\OneDrive\Desktop\android-studio\jre\bin\jimage.dll
0x00007ffed4560000 - 0x00007ffed4578000 	C:\Users\felip\OneDrive\Desktop\android-studio\jre\bin\zip.dll
0x00007ffeda3d0000 - 0x00007ffedab0f000 	C:\Windows\System32\SHELL32.dll
0x00007ffed7810000 - 0x00007ffed7fa0000 	C:\Windows\SYSTEM32\windows.storage.dll
0x00007ffedb480000 - 0x00007ffedb7d5000 	C:\Windows\System32\combase.dll
0x00007ffed9090000 - 0x00007ffed90be000 	C:\Windows\SYSTEM32\Wldp.dll
0x00007ffedba30000 - 0x00007ffedbadd000 	C:\Windows\System32\SHCORE.dll
0x00007ffedb410000 - 0x00007ffedb465000 	C:\Windows\System32\shlwapi.dll
0x00007ffed9650000 - 0x00007ffed966f000 	C:\Windows\SYSTEM32\profapi.dll
0x00007ffed4530000 - 0x00007ffed454a000 	C:\Users\felip\OneDrive\Desktop\android-studio\jre\bin\net.dll
0x00007ffed08d0000 - 0x00007ffed09dc000 	C:\Windows\SYSTEM32\WINHTTP.dll
0x00007ffed8df0000 - 0x00007ffed8e5a000 	C:\Windows\system32\mswsock.dll
0x00007ffed39c0000 - 0x00007ffed39d4000 	C:\Users\felip\OneDrive\Desktop\android-studio\jre\bin\nio.dll
0x00007ffed2220000 - 0x00007ffed2247000 	C:\Users\felip\.gradle\native\8bec1ad78214c89d9ad589b4d07fe93259594b29d510b10fafb7a158f7737e5d\windows-amd64\native-platform.dll
0x00007ffed20e0000 - 0x00007ffed221d000 	C:\Users\felip\.gradle\native\53dbd7edfb1c66fb8903c78663c9afc45aea4f116125fa6feffd364cf09443e8\windows-amd64\native-platform-file-events.dll
0x00007ffed40e0000 - 0x00007ffed40ea000 	C:\Users\felip\OneDrive\Desktop\android-studio\jre\bin\management.dll
0x00007ffed1ff0000 - 0x00007ffed1ffd000 	C:\Users\felip\OneDrive\Desktop\android-studio\jre\bin\management_ext.dll
0x00007ffed8fe0000 - 0x00007ffed8ff8000 	C:\Windows\SYSTEM32\CRYPTSP.dll
0x00007ffed8770000 - 0x00007ffed87a4000 	C:\Windows\system32\rsaenh.dll
0x00007ffed9d10000 - 0x00007ffed9d37000 	C:\Windows\System32\bcrypt.dll
0x00007ffed9610000 - 0x00007ffed963e000 	C:\Windows\SYSTEM32\USERENV.dll
0x00007ffed9000000 - 0x00007ffed900c000 	C:\Windows\SYSTEM32\CRYPTBASE.dll
0x00007ffed8ae0000 - 0x00007ffed8b1b000 	C:\Windows\SYSTEM32\IPHLPAPI.DLL
0x00007ffedb470000 - 0x00007ffedb478000 	C:\Windows\System32\NSI.dll
0x00007ffed3ba0000 - 0x00007ffed3bb7000 	C:\Windows\SYSTEM32\dhcpcsvc6.DLL
0x00007ffed3dd0000 - 0x00007ffed3ded000 	C:\Windows\SYSTEM32\dhcpcsvc.DLL
0x00007ffed8b20000 - 0x00007ffed8beb000 	C:\Windows\SYSTEM32\DNSAPI.dll

dbghelp: loaded successfully - version: 4.0.5 - missing functions: none
symbol engine: initialized successfully - sym options: 0x614 - pdb path: .;C:\Users\felip\OneDrive\Desktop\android-studio\jre\bin;C:\Windows\SYSTEM32;C:\Program Files\Avast Software\Avast;C:\Windows\WinSxS\amd64_microsoft.windows.common-controls_6595b64144ccf1df_6.0.19041.1110_none_60b5254171f9507e;C:\Users\felip\OneDrive\Desktop\android-studio\jre\bin\server;C:\Users\felip\.gradle\native\8bec1ad78214c89d9ad589b4d07fe93259594b29d510b10fafb7a158f7737e5d\windows-amd64;C:\Users\felip\.gradle\native\53dbd7edfb1c66fb8903c78663c9afc45aea4f116125fa6feffd364cf09443e8\windows-amd64

VM Arguments:
jvm_args: --add-opens=java.base/java.util=ALL-UNNAMED --add-opens=java.base/java.lang=ALL-UNNAMED --add-opens=java.base/java.lang.invoke=ALL-UNNAMED --add-opens=java.base/java.util=ALL-UNNAMED --add-opens=java.prefs/java.util.prefs=ALL-UNNAMED --add-opens=java.prefs/java.util.prefs=ALL-UNNAMED --add-opens=java.base/java.nio.charset=ALL-UNNAMED --add-opens=java.base/java.net=ALL-UNNAMED --add-opens=java.base/java.util.concurrent.atomic=ALL-UNNAMED -Xmx512m -Dfile.encoding=UTF-8 -Duser.country=US -Duser.language=en -Duser.variant 
java_command: org.gradle.launcher.daemon.bootstrap.GradleDaemon 7.0.2
java_class_path (initial): C:\Users\felip\.gradle\wrapper\dists\gradle-7.0.2-bin\857tjihv64xamwrf0h14cai3r\gradle-7.0.2\lib\gradle-launcher-7.0.2.jar
Launcher Type: SUN_STANDARD

[Global flags]
     intx CICompilerCount                          = 2                                         {product} {ergonomic}
     uint ConcGCThreads                            = 1                                         {product} {ergonomic}
     uint G1ConcRefinementThreads                  = 2                                         {product} {ergonomic}
   size_t G1HeapRegionSize                         = 1048576                                   {product} {ergonomic}
    uintx GCDrainStackTargetSize                   = 64                                        {product} {ergonomic}
   size_t InitialHeapSize                          = 67108864                                  {product} {ergonomic}
   size_t MarkStackSize                            = 4194304                                   {product} {ergonomic}
   size_t MaxHeapSize                              = 536870912                                 {product} {command line}
   size_t MaxNewSize                               = 321912832                                 {product} {ergonomic}
   size_t MinHeapDeltaBytes                        = 1048576                                   {product} {ergonomic}
    uintx NonNMethodCodeHeapSize                   = 5825164                                {pd product} {ergonomic}
    uintx NonProfiledCodeHeapSize                  = 122916538                              {pd product} {ergonomic}
    uintx ProfiledCodeHeapSize                     = 122916538                              {pd product} {ergonomic}
    uintx ReservedCodeCacheSize                    = 251658240                              {pd product} {ergonomic}
     bool SegmentedCodeCache                       = true                                      {product} {ergonomic}
     bool UseCompressedClassPointers               = true                                 {lp64_product} {ergonomic}
     bool UseCompressedOops                        = true                                 {lp64_product} {ergonomic}
     bool UseG1GC                                  = true                                      {product} {ergonomic}
     bool UseLargePagesIndividualAllocation        = false                                  {pd product} {ergonomic}

Logging:
Log output configuration:
 #0: stdout all=warning uptime,level,tags
 #1: stderr all=off uptime,level,tags

Environment Variables:
PATH=C:\Program Files\Common Files\Oracle\Java\javapath;C:\Program Files (x86)\Common Files\Oracle\Java\javapath;C:\Windows\system32;C:\Windows;C:\Windows\System32\Wbem;C:\Windows\System32\WindowsPowerShell\v1.0\;C:\Windows\System32\OpenSSH\;C:\ProgramData\chocolatey\bin;C:\Program Files (x86)\Yarn\bin\;C:\Program Files\Git\cmd;C:\Program Files\nodejs\;C:\Users\felip\AppData\Local\Microsoft\WindowsApps;C:\Users\felip\AppData\Local\Programs\Microsoft VS Code\bin;C:\Users\felip\AppData\Local\Yarn\bin;C:\Users\felip\AppData\Local\GitHubDesktop\bin;C:\Users\felip\AppData\Roaming\npm
USERNAME=felip
OS=Windows_NT
PROCESSOR_IDENTIFIER=Intel64 Family 6 Model 23 Stepping 10, GenuineIntel



---------------  S Y S T E M  ---------------

OS: Windows 10 , 64 bit Build 19041 (10.0.19041.1348)
OS uptime: 0 days 8:06 hours

CPU:total 2 (initial active 2) (2 cores per cpu, 1 threads per core) family 6 model 23 stepping 10 microcode 0xa0c, cmov, cx8, fxsr, mmx, sse, sse2, sse3, ssse3, tsc

Memory: 4k page, system-wide physical 4061M (42M free)
TotalPageFile size 4061M (AvailPageFile size 16M)
current process WorkingSet (physical memory assigned to process): 373M, peak: 417M
current process commit charge ("private bytes"): 552M, peak: 590M

vm_info: OpenJDK 64-Bit Server VM (11.0.11+9-b60-7590822) for windows-amd64 JRE (11.0.11+9-b60-7590822), built on Jul 29 2021 21:43:44 by "builder" with MS VC++ 14.0 (VS2015)

END.
