#
# There is insufficient memory for the Java Runtime Environment to continue.
# Native memory allocation (malloc) failed to allocate 1048576 bytes for AllocateHeap
# Possible reasons:
#   The system is out of physical RAM or swap space
#   The process is running with CompressedOops enabled, and the Java Heap may be blocking the growth of the native heap
# Possible solutions:
#   Reduce memory load on the system
#   Increase physical memory or swap space
#   Check if swap backing store is full
#   Decrease Java heap size (-Xmx/-Xms)
#   Decrease number of Java threads
#   Decrease Java thread stack sizes (-Xss)
#   Set larger code cache with -XX:ReservedCodeCacheSize=
#   JVM is running with Unscaled Compressed Oops mode in which the Java heap is
#     placed in the first 4GB address space. The Java Heap base address is the
#     maximum limit for the native heap growth. Please use -XX:HeapBaseMinAddress
#     to set the Java Heap base and to place the Java Heap above 4GB virtual address.
# This output file may be truncated or incomplete.
#
#  Out of Memory Error (./src/hotspot/share/memory/allocation.cpp:46), pid=7804, tid=32
#
# JRE version: OpenJDK Runtime Environment (11.0.11+9) (build 11.0.11+9-b60-7590822)
# Java VM: OpenJDK 64-Bit Server VM (11.0.11+9-b60-7590822, mixed mode, tiered, compressed oops, g1 gc, windows-amd64)
# No core dump will be written. Minidumps are not enabled by default on client versions of Windows
#

---------------  S U M M A R Y ------------

Command Line: --add-opens=java.base/java.util=ALL-UNNAMED --add-opens=java.base/java.lang=ALL-UNNAMED --add-opens=java.base/java.lang.invoke=ALL-UNNAMED --add-opens=java.base/java.util=ALL-UNNAMED --add-opens=java.prefs/java.util.prefs=ALL-UNNAMED --add-opens=java.prefs/java.util.prefs=ALL-UNNAMED --add-opens=java.base/java.nio.charset=ALL-UNNAMED --add-opens=java.base/java.net=ALL-UNNAMED --add-opens=java.base/java.util.concurrent.atomic=ALL-UNNAMED -Xmx1024m -Dfile.encoding=UTF-8 -Duser.country=US -Duser.language=en -Duser.variant org.gradle.launcher.daemon.bootstrap.GradleDaemon 7.0.2

Host: Celeron(R) Dual-Core CPU       T3500  @ 2.10GHz, 2 cores, 3G,  Windows 10 , 64 bit Build 19041 (10.0.19041.1202)
Time: Fri Nov  5 09:46:10 2021 E. South America Standard Time elapsed time: 160.170131 seconds (0d 0h 2m 40s)

---------------  T H R E A D  ---------------

Current thread (0x00000257ffe05000):  VMThread "VM Thread" [stack: 0x0000005f0ee00000,0x0000005f0ef00000] [id=32]

Stack: [0x0000005f0ee00000,0x0000005f0ef00000]
[error occurred during error reporting (printing stack bounds), id 0xc0000005, EXCEPTION_ACCESS_VIOLATION (0xc0000005) at pc=0x0000025780000f3d]

Native frames: (J=compiled Java code, j=interpreted, Vv=VM code, C=native code)
V  [jvm.dll+0x5f214a]
V  [jvm.dll+0x726fb5]
V  [jvm.dll+0x7285cd]
V  [jvm.dll+0x728be5]
V  [jvm.dll+0x728b9b]
V  [jvm.dll+0x5f14e8]
V  [jvm.dll+0x5f1c78]
C  [ntdll.dll+0xa20cf]
C  [ntdll.dll+0x51454]
C  [ntdll.dll+0xa0bfe]
C  0x0000025780000f3d

VM_Operation (0x0000005f100f3ed0): CollectForMetadataAllocation, mode: safepoint, requested by thread 0x00000257929f9800


---------------  P R O C E S S  ---------------

Threads class SMR info:
_java_thread_list=0x0000025794189d30, length=37, elements={
0x00000257f9ca0000, 0x00000257ffe0a800, 0x00000257ffe14800, 0x00000257ffe26000,
0x00000257ffe27800, 0x00000257ffe28800, 0x00000257ffe74800, 0x00000257ffe76800,
0x00000257ffe79000, 0x0000025791924000, 0x000002579326c800, 0x0000025793392800,
0x0000025792669000, 0x0000025791d19000, 0x0000025791d19800, 0x0000025792987000,
0x00000257929f9800, 0x00000257935b2000, 0x000002579265b800, 0x000002579265a800,
0x000002579265c000, 0x000002579265d800, 0x0000025792659800, 0x0000025792659000,
0x000002579265d000, 0x000002579265e800, 0x000002579265f800, 0x000002579378e800,
0x0000025793790000, 0x0000025793791000, 0x000002579378c000, 0x000002579378b800,
0x0000025793796800, 0x0000025793794800, 0x0000025793797800, 0x0000025793795000,
0x0000025793798800
}

Java Threads: ( => current thread )
  0x00000257f9ca0000 JavaThread "main" [_thread_blocked, id=4020, stack(0x0000005f0e800000,0x0000005f0e900000)]
  0x00000257ffe0a800 JavaThread "Reference Handler" daemon [_thread_blocked, id=2140, stack(0x0000005f0ef00000,0x0000005f0f000000)]
  0x00000257ffe14800 JavaThread "Finalizer" daemon [_thread_blocked, id=320, stack(0x0000005f0f000000,0x0000005f0f100000)]
  0x00000257ffe26000 JavaThread "Signal Dispatcher" daemon [_thread_blocked, id=956, stack(0x0000005f0f100000,0x0000005f0f200000)]
  0x00000257ffe27800 JavaThread "Attach Listener" daemon [_thread_blocked, id=4460, stack(0x0000005f0f200000,0x0000005f0f300000)]
  0x00000257ffe28800 JavaThread "Service Thread" daemon [_thread_blocked, id=3236, stack(0x0000005f0f300000,0x0000005f0f400000)]
  0x00000257ffe74800 JavaThread "C2 CompilerThread0" daemon [_thread_blocked, id=1916, stack(0x0000005f0f400000,0x0000005f0f500000)]
  0x00000257ffe76800 JavaThread "C1 CompilerThread0" daemon [_thread_blocked, id=7892, stack(0x0000005f0f500000,0x0000005f0f600000)]
  0x00000257ffe79000 JavaThread "Sweeper thread" daemon [_thread_blocked, id=5292, stack(0x0000005f0f600000,0x0000005f0f700000)]
  0x0000025791924000 JavaThread "Common-Cleaner" daemon [_thread_blocked, id=2556, stack(0x0000005f0f700000,0x0000005f0f800000)]
  0x000002579326c800 JavaThread "Daemon health stats" [_thread_blocked, id=6164, stack(0x0000005f0fa00000,0x0000005f0fb00000)]
  0x0000025793392800 JavaThread "Incoming local TCP Connector on port 6961" [_thread_in_native, id=2320, stack(0x0000005f0fb00000,0x0000005f0fc00000)]
  0x0000025792669000 JavaThread "Daemon periodic checks" [_thread_blocked, id=1588, stack(0x0000005f0fc00000,0x0000005f0fd00000)]
  0x0000025791d19000 JavaThread "Daemon" [_thread_blocked, id=224, stack(0x0000005f0fd00000,0x0000005f0fe00000)]
  0x0000025791d19800 JavaThread "Handler for socket connection from /127.0.0.1:6961 to /127.0.0.1:6962" [_thread_in_native, id=6868, stack(0x0000005f0fe00000,0x0000005f0ff00000)]
  0x0000025792987000 JavaThread "Cancel handler" [_thread_blocked, id=1360, stack(0x0000005f0ff00000,0x0000005f10000000)]
  0x00000257929f9800 JavaThread "Daemon worker" [_thread_blocked, id=7188, stack(0x0000005f10000000,0x0000005f10100000)]
  0x00000257935b2000 JavaThread "Asynchronous log dispatcher for DefaultDaemonConnection: socket connection from /127.0.0.1:6961 to /127.0.0.1:6962" [_thread_blocked, id=3424, stack(0x0000005f10100000,0x0000005f10200000)]
  0x000002579265b800 JavaThread "Daemon client event forwarder" [_thread_blocked, id=5156, stack(0x0000005f10300000,0x0000005f10400000)]
  0x000002579265a800 JavaThread "Cache worker for file hash cache (C:\Users\felip\.gradle\caches\7.0.2\fileHashes)" [_thread_blocked, id=1544, stack(0x0000005f10400000,0x0000005f10500000)]
  0x000002579265c000 JavaThread "File lock request listener" [_thread_in_native, id=1936, stack(0x0000005f10500000,0x0000005f10600000)]
  0x000002579265d800 JavaThread "Cache worker for journal cache (C:\Users\felip\.gradle\caches\journal-1)" [_thread_blocked, id=3228, stack(0x0000005f10600000,0x0000005f10700000)]
  0x0000025792659800 JavaThread "Cache worker for file hash cache (C:\Users\felip\AndroidStudioProjects\VideoApp\.gradle\7.0.2\fileHashes)" [_thread_blocked, id=4008, stack(0x0000005f10700000,0x0000005f10800000)]
  0x0000025792659000 JavaThread "File watcher server" daemon [_thread_in_native, id=6532, stack(0x0000005f10800000,0x0000005f10900000)]
  0x000002579265d000 JavaThread "File watcher consumer" daemon [_thread_blocked, id=5920, stack(0x0000005f10900000,0x0000005f10a00000)]
  0x000002579265e800 JavaThread "jar transforms" [_thread_blocked, id=3000, stack(0x0000005f10a00000,0x0000005f10b00000)]
  0x000002579265f800 JavaThread "jar transforms Thread 2" [_thread_blocked, id=5288, stack(0x0000005f10b00000,0x0000005f10c00000)]
  0x000002579378e800 JavaThread "Cache worker for checksums cache (C:\Users\felip\AndroidStudioProjects\VideoApp\.gradle\checksums)" [_thread_blocked, id=7264, stack(0x0000005f10c00000,0x0000005f10d00000)]
  0x0000025793790000 JavaThread "Cache worker for cache directory md-supplier (C:\Users\felip\.gradle\caches\7.0.2\md-supplier)" [_thread_blocked, id=5348, stack(0x0000005f10d00000,0x0000005f10e00000)]
  0x0000025793791000 JavaThread "Cache worker for cache directory md-rule (C:\Users\felip\.gradle\caches\7.0.2\md-rule)" [_thread_blocked, id=5144, stack(0x0000005f10e00000,0x0000005f10f00000)]
  0x000002579378c000 JavaThread "Cache worker for execution history cache (C:\Users\felip\.gradle\caches\7.0.2\executionHistory)" [_thread_blocked, id=6716, stack(0x0000005f10f00000,0x0000005f11000000)]
  0x000002579378b800 JavaThread "Cache worker for file content cache (C:\Users\felip\.gradle\caches\7.0.2\fileContent)" [_thread_blocked, id=5568, stack(0x0000005f11000000,0x0000005f11100000)]
  0x0000025793796800 JavaThread "Cache worker for dependencies-accessors (C:\Users\felip\AndroidStudioProjects\VideoApp\.gradle\7.0.2\dependencies-accessors)" [_thread_blocked, id=7044, stack(0x0000005f11100000,0x0000005f11200000)]
  0x0000025793794800 JavaThread "Cache worker for Build Output Cleanup Cache (C:\Users\felip\AndroidStudioProjects\VideoApp\.gradle\buildOutputCleanup)" [_thread_blocked, id=5852, stack(0x0000005f11200000,0x0000005f11300000)]
  0x0000025793797800 JavaThread "Build operations" [_thread_blocked, id=812, stack(0x0000005f11500000,0x0000005f11600000)]
  0x0000025793795000 JavaThread "Build operations Thread 2" [_thread_blocked, id=8152, stack(0x0000005f11600000,0x0000005f11700000)]
  0x0000025793798800 JavaThread "Memory manager" [_thread_blocked, id=4896, stack(0x0000005f0e500000,0x0000005f0e600000)]

Other Threads:
=>0x00000257ffe05000 VMThread "VM Thread" [stack: 0x0000005f0ee00000,0x0000005f0ef00000] [id=32]
  0x0000025791982800 WatcherThread [stack: 0x0000005f0f800000,0x0000005f0f900000] [id=3852]
  0x00000257f9cbb800 GCTaskThread "GC Thread#0" [stack: 0x0000005f0e900000,0x0000005f0ea00000] [id=6256]
  0x0000025791a3c800 GCTaskThread "GC Thread#1" [stack: 0x0000005f0f900000,0x0000005f0fa00000] [id=2908]
  0x00000257f9cd5800 ConcurrentGCThread "G1 Main Marker" [stack: 0x0000005f0ea00000,0x0000005f0eb00000] [id=3056]
  0x00000257f9cd7800 ConcurrentGCThread "G1 Conc#0" [stack: 0x0000005f0eb00000,0x0000005f0ec00000] [id=7392]
  0x00000257f9d25800 ConcurrentGCThread "G1 Refine#0" [stack: 0x0000005f0ec00000,0x0000005f0ed00000] [id=6504]
  0x00000257f9d27800 ConcurrentGCThread "G1 Young RemSet Sampling" [stack: 0x0000005f0ed00000,0x0000005f0ee00000] [id=6668]

Threads with active compile tasks:

VM state:at safepoint (normal execution)

VM Mutex/Monitor currently owned by a thread:  ([mutex/lock_event])
[0x00000257f9c9cc90] Threads_lock - owner thread: 0x00000257ffe05000
[0x00000257f9c9c150] Heap_lock - owner thread: 0x00000257929f9800

Heap address: 0x00000000c0000000, size: 1024 MB, Compressed Oops mode: 32-bit
Narrow klass base: 0x0000000000000000, Narrow klass shift: 3
Compressed class space size: 1073741824 Address: 0x0000000100000000

Heap:
 garbage-first heap   total 167936K, used 130734K [0x00000000c0000000, 0x0000000100000000)
  region size 1024K, 2 young (2048K), 2 survivors (2048K)
 Metaspace       used 113218K, capacity 115931K, committed 116016K, reserved 1159168K
  class space    used 14401K, capacity 15422K, committed 15488K, reserved 1048576K
Heap Regions: E=young(eden), S=young(survivor), O=old, HS=humongous(starts), HC=humongous(continues), CS=collection set, F=free, A=archive, TAMS=top-at-mark-start (previous, next)
|   0|0x00000000c0000000, 0x00000000c0100000, 0x00000000c0100000|100%| O|  |TAMS 0x00000000c0100000, 0x00000000c0100000| Untracked 
|   1|0x00000000c0100000, 0x00000000c0200000, 0x00000000c0200000|100%| O|  |TAMS 0x00000000c0200000, 0x00000000c0200000| Untracked 
|   2|0x00000000c0200000, 0x00000000c0300000, 0x00000000c0300000|100%| O|  |TAMS 0x00000000c0300000, 0x00000000c0300000| Untracked 
|   3|0x00000000c0300000, 0x00000000c0400000, 0x00000000c0400000|100%| O|  |TAMS 0x00000000c0400000, 0x00000000c0400000| Untracked 
|   4|0x00000000c0400000, 0x00000000c0500000, 0x00000000c0500000|100%|HS|  |TAMS 0x00000000c0500000, 0x00000000c0500000| Complete 
|   5|0x00000000c0500000, 0x00000000c0600000, 0x00000000c0600000|100%|HC|  |TAMS 0x00000000c0600000, 0x00000000c0600000| Complete 
|   6|0x00000000c0600000, 0x00000000c0700000, 0x00000000c0700000|100%|HC|  |TAMS 0x00000000c0700000, 0x00000000c0700000| Complete 
|   7|0x00000000c0700000, 0x00000000c0800000, 0x00000000c0800000|100%| O|  |TAMS 0x00000000c0800000, 0x00000000c0800000| Untracked 
|   8|0x00000000c0800000, 0x00000000c0900000, 0x00000000c0900000|100%| O|  |TAMS 0x00000000c0900000, 0x00000000c0900000| Untracked 
|   9|0x00000000c0900000, 0x00000000c0a00000, 0x00000000c0a00000|100%| O|  |TAMS 0x00000000c0a00000, 0x00000000c0a00000| Untracked 
|  10|0x00000000c0a00000, 0x00000000c0b00000, 0x00000000c0b00000|100%| O|  |TAMS 0x00000000c0b00000, 0x00000000c0b00000| Untracked 
|  11|0x00000000c0b00000, 0x00000000c0c00000, 0x00000000c0c00000|100%| O|  |TAMS 0x00000000c0c00000, 0x00000000c0c00000| Untracked 
|  12|0x00000000c0c00000, 0x00000000c0d00000, 0x00000000c0d00000|100%| O|  |TAMS 0x00000000c0d00000, 0x00000000c0d00000| Untracked 
|  13|0x00000000c0d00000, 0x00000000c0e00000, 0x00000000c0e00000|100%| O|  |TAMS 0x00000000c0e00000, 0x00000000c0e00000| Untracked 
|  14|0x00000000c0e00000, 0x00000000c0f00000, 0x00000000c0f00000|100%| O|  |TAMS 0x00000000c0f00000, 0x00000000c0f00000| Untracked 
|  15|0x00000000c0f00000, 0x00000000c1000000, 0x00000000c1000000|100%| O|  |TAMS 0x00000000c1000000, 0x00000000c1000000| Untracked 
|  16|0x00000000c1000000, 0x00000000c1100000, 0x00000000c1100000|100%|HS|  |TAMS 0x00000000c1100000, 0x00000000c1100000| Complete 
|  17|0x00000000c1100000, 0x00000000c1200000, 0x00000000c1200000|100%|HC|  |TAMS 0x00000000c1200000, 0x00000000c1200000| Complete 
|  18|0x00000000c1200000, 0x00000000c1300000, 0x00000000c1300000|100%|HS|  |TAMS 0x00000000c1300000, 0x00000000c1300000| Complete 
|  19|0x00000000c1300000, 0x00000000c1400000, 0x00000000c1400000|100%|HC|  |TAMS 0x00000000c1400000, 0x00000000c1400000| Complete 
|  20|0x00000000c1400000, 0x00000000c1500000, 0x00000000c1500000|100%|HC|  |TAMS 0x00000000c1500000, 0x00000000c1500000| Complete 
|  21|0x00000000c1500000, 0x00000000c1600000, 0x00000000c1600000|100%|HS|  |TAMS 0x00000000c1600000, 0x00000000c1600000| Complete 
|  22|0x00000000c1600000, 0x00000000c1700000, 0x00000000c1700000|100%|HC|  |TAMS 0x00000000c1700000, 0x00000000c1700000| Complete 
|  23|0x00000000c1700000, 0x00000000c1800000, 0x00000000c1800000|100%|HC|  |TAMS 0x00000000c1800000, 0x00000000c1800000| Complete 
|  24|0x00000000c1800000, 0x00000000c1900000, 0x00000000c1900000|100%|HC|  |TAMS 0x00000000c1900000, 0x00000000c1900000| Complete 
|  25|0x00000000c1900000, 0x00000000c1a00000, 0x00000000c1a00000|100%| O|  |TAMS 0x00000000c1a00000, 0x00000000c1a00000| Untracked 
|  26|0x00000000c1a00000, 0x00000000c1b00000, 0x00000000c1b00000|100%| O|  |TAMS 0x00000000c1b00000, 0x00000000c1b00000| Untracked 
|  27|0x00000000c1b00000, 0x00000000c1c00000, 0x00000000c1c00000|100%| O|  |TAMS 0x00000000c1c00000, 0x00000000c1c00000| Untracked 
|  28|0x00000000c1c00000, 0x00000000c1d00000, 0x00000000c1d00000|100%| O|  |TAMS 0x00000000c1d00000, 0x00000000c1d00000| Untracked 
|  29|0x00000000c1d00000, 0x00000000c1e00000, 0x00000000c1e00000|100%| O|  |TAMS 0x00000000c1e00000, 0x00000000c1e00000| Untracked 
|  30|0x00000000c1e00000, 0x00000000c1f00000, 0x00000000c1f00000|100%| O|  |TAMS 0x00000000c1f00000, 0x00000000c1f00000| Untracked 
|  31|0x00000000c1f00000, 0x00000000c2000000, 0x00000000c2000000|100%| O|  |TAMS 0x00000000c2000000, 0x00000000c2000000| Untracked 
|  32|0x00000000c2000000, 0x00000000c2100000, 0x00000000c2100000|100%| O|  |TAMS 0x00000000c2100000, 0x00000000c2100000| Untracked 
|  33|0x00000000c2100000, 0x00000000c2200000, 0x00000000c2200000|100%| O|  |TAMS 0x00000000c2200000, 0x00000000c2200000| Untracked 
|  34|0x00000000c2200000, 0x00000000c2300000, 0x00000000c2300000|100%| O|  |TAMS 0x00000000c2300000, 0x00000000c2300000| Untracked 
|  35|0x00000000c2300000, 0x00000000c2400000, 0x00000000c2400000|100%| O|  |TAMS 0x00000000c2400000, 0x00000000c2400000| Untracked 
|  36|0x00000000c2400000, 0x00000000c2500000, 0x00000000c2500000|100%|HS|  |TAMS 0x00000000c2500000, 0x00000000c2500000| Complete 
|  37|0x00000000c2500000, 0x00000000c2600000, 0x00000000c2600000|100%|HC|  |TAMS 0x00000000c2600000, 0x00000000c2600000| Complete 
|  38|0x00000000c2600000, 0x00000000c2700000, 0x00000000c2700000|100%|HC|  |TAMS 0x00000000c2700000, 0x00000000c2700000| Complete 
|  39|0x00000000c2700000, 0x00000000c2800000, 0x00000000c2800000|100%| O|  |TAMS 0x00000000c2800000, 0x00000000c2800000| Untracked 
|  40|0x00000000c2800000, 0x00000000c2900000, 0x00000000c2900000|100%| O|  |TAMS 0x00000000c2900000, 0x00000000c2900000| Untracked 
|  41|0x00000000c2900000, 0x00000000c2a00000, 0x00000000c2a00000|100%| O|  |TAMS 0x00000000c2a00000, 0x00000000c2a00000| Untracked 
|  42|0x00000000c2a00000, 0x00000000c2b00000, 0x00000000c2b00000|100%| O|  |TAMS 0x00000000c2b00000, 0x00000000c2b00000| Untracked 
|  43|0x00000000c2b00000, 0x00000000c2c00000, 0x00000000c2c00000|100%| O|  |TAMS 0x00000000c2c00000, 0x00000000c2c00000| Untracked 
|  44|0x00000000c2c00000, 0x00000000c2d00000, 0x00000000c2d00000|100%| O|  |TAMS 0x00000000c2d00000, 0x00000000c2d00000| Untracked 
|  45|0x00000000c2d00000, 0x00000000c2e00000, 0x00000000c2e00000|100%| O|  |TAMS 0x00000000c2e00000, 0x00000000c2e00000| Untracked 
|  46|0x00000000c2e00000, 0x00000000c2f00000, 0x00000000c2f00000|100%| O|  |TAMS 0x00000000c2f00000, 0x00000000c2f00000| Untracked 
|  47|0x00000000c2f00000, 0x00000000c3000000, 0x00000000c3000000|100%|HS|  |TAMS 0x00000000c3000000, 0x00000000c3000000| Complete 
|  48|0x00000000c3000000, 0x00000000c3100000, 0x00000000c3100000|100%|HC|  |TAMS 0x00000000c3100000, 0x00000000c3100000| Complete 
|  49|0x00000000c3100000, 0x00000000c3200000, 0x00000000c3200000|100%|HC|  |TAMS 0x00000000c3200000, 0x00000000c3200000| Complete 
|  50|0x00000000c3200000, 0x00000000c3300000, 0x00000000c3300000|100%|HC|  |TAMS 0x00000000c3300000, 0x00000000c3300000| Complete 
|  51|0x00000000c3300000, 0x00000000c3400000, 0x00000000c3400000|100%| O|  |TAMS 0x00000000c3400000, 0x00000000c3400000| Untracked 
|  52|0x00000000c3400000, 0x00000000c3500000, 0x00000000c3500000|100%| O|  |TAMS 0x00000000c3500000, 0x00000000c3500000| Untracked 
|  53|0x00000000c3500000, 0x00000000c3600000, 0x00000000c3600000|100%| O|  |TAMS 0x00000000c3600000, 0x00000000c3600000| Untracked 
|  54|0x00000000c3600000, 0x00000000c3700000, 0x00000000c3700000|100%|HS|  |TAMS 0x00000000c3700000, 0x00000000c3700000| Complete 
|  55|0x00000000c3700000, 0x00000000c3800000, 0x00000000c3800000|100%| O|  |TAMS 0x00000000c3800000, 0x00000000c3800000| Untracked 
|  56|0x00000000c3800000, 0x00000000c3900000, 0x00000000c3900000|100%|HS|  |TAMS 0x00000000c3900000, 0x00000000c3900000| Complete 
|  57|0x00000000c3900000, 0x00000000c3a00000, 0x00000000c3a00000|100%|HS|  |TAMS 0x00000000c3a00000, 0x00000000c3a00000| Complete 
|  58|0x00000000c3a00000, 0x00000000c3b00000, 0x00000000c3b00000|100%| O|  |TAMS 0x00000000c3b00000, 0x00000000c3b00000| Untracked 
|  59|0x00000000c3b00000, 0x00000000c3c00000, 0x00000000c3c00000|100%|HS|  |TAMS 0x00000000c3c00000, 0x00000000c3c00000| Complete 
|  60|0x00000000c3c00000, 0x00000000c3d00000, 0x00000000c3d00000|100%|HC|  |TAMS 0x00000000c3d00000, 0x00000000c3d00000| Complete 
|  61|0x00000000c3d00000, 0x00000000c3e00000, 0x00000000c3e00000|100%|HC|  |TAMS 0x00000000c3e00000, 0x00000000c3e00000| Complete 
|  62|0x00000000c3e00000, 0x00000000c3f00000, 0x00000000c3f00000|100%| O|  |TAMS 0x00000000c3f00000, 0x00000000c3f00000| Untracked 
|  63|0x00000000c3f00000, 0x00000000c4000000, 0x00000000c4000000|100%| O|  |TAMS 0x00000000c4000000, 0x00000000c4000000| Untracked 
|  64|0x00000000c4000000, 0x00000000c4100000, 0x00000000c4100000|100%| O|  |TAMS 0x00000000c4100000, 0x00000000c4100000| Untracked 
|  65|0x00000000c4100000, 0x00000000c4200000, 0x00000000c4200000|100%|HS|  |TAMS 0x00000000c4200000, 0x00000000c4200000| Complete 
|  66|0x00000000c4200000, 0x00000000c4300000, 0x00000000c4300000|100%|HC|  |TAMS 0x00000000c4300000, 0x00000000c4300000| Complete 
|  67|0x00000000c4300000, 0x00000000c4400000, 0x00000000c4400000|100%| O|  |TAMS 0x00000000c4400000, 0x00000000c4400000| Untracked 
|  68|0x00000000c4400000, 0x00000000c4500000, 0x00000000c4500000|100%| O|  |TAMS 0x00000000c4500000, 0x00000000c4500000| Untracked 
|  69|0x00000000c4500000, 0x00000000c4600000, 0x00000000c4600000|100%| O|  |TAMS 0x00000000c4600000, 0x00000000c4600000| Untracked 
|  70|0x00000000c4600000, 0x00000000c4700000, 0x00000000c4700000|100%| O|  |TAMS 0x00000000c4700000, 0x00000000c4700000| Untracked 
|  71|0x00000000c4700000, 0x00000000c4800000, 0x00000000c4800000|100%| O|  |TAMS 0x00000000c4800000, 0x00000000c4800000| Untracked 
|  72|0x00000000c4800000, 0x00000000c4900000, 0x00000000c4900000|100%| O|  |TAMS 0x00000000c4900000, 0x00000000c4900000| Untracked 
|  73|0x00000000c4900000, 0x00000000c4a00000, 0x00000000c4a00000|100%| O|  |TAMS 0x00000000c4a00000, 0x00000000c4a00000| Untracked 
|  74|0x00000000c4a00000, 0x00000000c4b00000, 0x00000000c4b00000|100%| O|  |TAMS 0x00000000c4b00000, 0x00000000c4b00000| Untracked 
|  75|0x00000000c4b00000, 0x00000000c4c00000, 0x00000000c4c00000|100%| O|  |TAMS 0x00000000c4c00000, 0x00000000c4c00000| Untracked 
|  76|0x00000000c4c00000, 0x00000000c4d00000, 0x00000000c4d00000|100%| O|  |TAMS 0x00000000c4d00000, 0x00000000c4d00000| Untracked 
|  77|0x00000000c4d00000, 0x00000000c4e00000, 0x00000000c4e00000|100%| O|  |TAMS 0x00000000c4e00000, 0x00000000c4e00000| Untracked 
|  78|0x00000000c4e00000, 0x00000000c4f00000, 0x00000000c4f00000|100%| O|  |TAMS 0x00000000c4f00000, 0x00000000c4f00000| Untracked 
|  79|0x00000000c4f00000, 0x00000000c5000000, 0x00000000c5000000|100%| O|  |TAMS 0x00000000c5000000, 0x00000000c5000000| Untracked 
|  80|0x00000000c5000000, 0x00000000c5100000, 0x00000000c5100000|100%| O|  |TAMS 0x00000000c5100000, 0x00000000c5100000| Untracked 
|  81|0x00000000c5100000, 0x00000000c5200000, 0x00000000c5200000|100%| O|  |TAMS 0x00000000c5200000, 0x00000000c5200000| Untracked 
|  82|0x00000000c5200000, 0x00000000c5300000, 0x00000000c5300000|100%| O|  |TAMS 0x00000000c5300000, 0x00000000c5300000| Untracked 
|  83|0x00000000c5300000, 0x00000000c5400000, 0x00000000c5400000|100%| O|  |TAMS 0x00000000c5400000, 0x00000000c5400000| Untracked 
|  84|0x00000000c5400000, 0x00000000c5500000, 0x00000000c5500000|100%| O|  |TAMS 0x00000000c5500000, 0x00000000c5500000| Untracked 
|  85|0x00000000c5500000, 0x00000000c5600000, 0x00000000c5600000|100%| O|  |TAMS 0x00000000c5600000, 0x00000000c5600000| Untracked 
|  86|0x00000000c5600000, 0x00000000c5700000, 0x00000000c5700000|100%| O|  |TAMS 0x00000000c5700000, 0x00000000c5700000| Untracked 
|  87|0x00000000c5700000, 0x00000000c5800000, 0x00000000c5800000|100%| O|  |TAMS 0x00000000c5800000, 0x00000000c5800000| Untracked 
|  88|0x00000000c5800000, 0x00000000c5900000, 0x00000000c5900000|100%|HS|  |TAMS 0x00000000c5900000, 0x00000000c5900000| Complete 
|  89|0x00000000c5900000, 0x00000000c5a00000, 0x00000000c5a00000|100%|HC|  |TAMS 0x00000000c5a00000, 0x00000000c5a00000| Complete 
|  90|0x00000000c5a00000, 0x00000000c5b00000, 0x00000000c5b00000|100%|HS|  |TAMS 0x00000000c5b00000, 0x00000000c5b00000| Complete 
|  91|0x00000000c5b00000, 0x00000000c5c00000, 0x00000000c5c00000|100%|HC|  |TAMS 0x00000000c5c00000, 0x00000000c5c00000| Complete 
|  92|0x00000000c5c00000, 0x00000000c5d00000, 0x00000000c5d00000|100%|HC|  |TAMS 0x00000000c5d00000, 0x00000000c5d00000| Complete 
|  93|0x00000000c5d00000, 0x00000000c5e00000, 0x00000000c5e00000|100%| O|  |TAMS 0x00000000c5e00000, 0x00000000c5e00000| Untracked 
|  94|0x00000000c5e00000, 0x00000000c5f00000, 0x00000000c5f00000|100%|HS|  |TAMS 0x00000000c5f00000, 0x00000000c5f00000| Complete 
|  95|0x00000000c5f00000, 0x00000000c6000000, 0x00000000c6000000|100%|HC|  |TAMS 0x00000000c6000000, 0x00000000c6000000| Complete 
|  96|0x00000000c6000000, 0x00000000c6100000, 0x00000000c6100000|100%|HC|  |TAMS 0x00000000c6100000, 0x00000000c6100000| Complete 
|  97|0x00000000c6100000, 0x00000000c6200000, 0x00000000c6200000|100%|HC|  |TAMS 0x00000000c6200000, 0x00000000c6200000| Complete 
|  98|0x00000000c6200000, 0x00000000c6300000, 0x00000000c6300000|100%| O|  |TAMS 0x00000000c6300000, 0x00000000c6300000| Untracked 
|  99|0x00000000c6300000, 0x00000000c6400000, 0x00000000c6400000|100%| O|  |TAMS 0x00000000c6400000, 0x00000000c6400000| Untracked 
| 100|0x00000000c6400000, 0x00000000c6500000, 0x00000000c6500000|100%| O|  |TAMS 0x00000000c6500000, 0x00000000c6500000| Untracked 
| 101|0x00000000c6500000, 0x00000000c6600000, 0x00000000c6600000|100%| O|  |TAMS 0x00000000c6600000, 0x00000000c6600000| Untracked 
| 102|0x00000000c6600000, 0x00000000c6700000, 0x00000000c6700000|100%| O|  |TAMS 0x00000000c6700000, 0x00000000c6700000| Untracked 
| 103|0x00000000c6700000, 0x00000000c6800000, 0x00000000c6800000|100%| O|  |TAMS 0x00000000c6800000, 0x00000000c6800000| Untracked 
| 104|0x00000000c6800000, 0x00000000c6900000, 0x00000000c6900000|100%| O|  |TAMS 0x00000000c6900000, 0x00000000c6900000| Untracked 
| 105|0x00000000c6900000, 0x00000000c6a00000, 0x00000000c6a00000|100%| O|  |TAMS 0x00000000c6a00000, 0x00000000c6a00000| Untracked 
| 106|0x00000000c6a00000, 0x00000000c6b00000, 0x00000000c6b00000|100%| O|  |TAMS 0x00000000c6b00000, 0x00000000c6b00000| Untracked 
| 107|0x00000000c6b00000, 0x00000000c6c00000, 0x00000000c6c00000|100%| O|  |TAMS 0x00000000c6c00000, 0x00000000c6c00000| Untracked 
| 108|0x00000000c6c00000, 0x00000000c6d00000, 0x00000000c6d00000|100%| O|  |TAMS 0x00000000c6d00000, 0x00000000c6d00000| Untracked 
| 109|0x00000000c6d00000, 0x00000000c6e00000, 0x00000000c6e00000|100%| O|  |TAMS 0x00000000c6e00000, 0x00000000c6e00000| Untracked 
| 110|0x00000000c6e00000, 0x00000000c6f00000, 0x00000000c6f00000|100%| O|  |TAMS 0x00000000c6f00000, 0x00000000c6f00000| Untracked 
| 111|0x00000000c6f00000, 0x00000000c7000000, 0x00000000c7000000|100%| O|  |TAMS 0x00000000c7000000, 0x00000000c7000000| Untracked 
| 112|0x00000000c7000000, 0x00000000c7100000, 0x00000000c7100000|100%| O|  |TAMS 0x00000000c7100000, 0x00000000c7100000| Untracked 
| 113|0x00000000c7100000, 0x00000000c7200000, 0x00000000c7200000|100%| O|  |TAMS 0x00000000c7200000, 0x00000000c7200000| Untracked 
| 114|0x00000000c7200000, 0x00000000c7300000, 0x00000000c7300000|100%| O|  |TAMS 0x00000000c7300000, 0x00000000c7300000| Untracked 
| 115|0x00000000c7300000, 0x00000000c7400000, 0x00000000c7400000|100%| O|  |TAMS 0x00000000c7400000, 0x00000000c7400000| Untracked 
| 116|0x00000000c7400000, 0x00000000c7500000, 0x00000000c7500000|100%| O|  |TAMS 0x00000000c7500000, 0x00000000c7500000| Untracked 
| 117|0x00000000c7500000, 0x00000000c7600000, 0x00000000c7600000|100%| O|  |TAMS 0x00000000c7600000, 0x00000000c7600000| Untracked 
| 118|0x00000000c7600000, 0x00000000c7700000, 0x00000000c7700000|100%| O|  |TAMS 0x00000000c7700000, 0x00000000c7700000| Untracked 
| 119|0x00000000c7700000, 0x00000000c7800000, 0x00000000c7800000|100%| O|  |TAMS 0x00000000c7800000, 0x00000000c7800000| Untracked 
| 120|0x00000000c7800000, 0x00000000c7900000, 0x00000000c7900000|100%| O|  |TAMS 0x00000000c7900000, 0x00000000c7900000| Untracked 
| 121|0x00000000c7900000, 0x00000000c7a00000, 0x00000000c7a00000|100%| O|  |TAMS 0x00000000c7a00000, 0x00000000c7a00000| Untracked 
| 122|0x00000000c7a00000, 0x00000000c7ab4200, 0x00000000c7b00000| 70%| O|  |TAMS 0x00000000c7ab4200, 0x00000000c7ab4200| Untracked 
| 123|0x00000000c7b00000, 0x00000000c7c00000, 0x00000000c7c00000|100%| O|  |TAMS 0x00000000c7c00000, 0x00000000c7c00000| Untracked 
| 124|0x00000000c7c00000, 0x00000000c7c00000, 0x00000000c7d00000|  0%| F|  |TAMS 0x00000000c7c00000, 0x00000000c7c00000| Untracked 
| 125|0x00000000c7d00000, 0x00000000c7e00000, 0x00000000c7e00000|100%| O|  |TAMS 0x00000000c7e00000, 0x00000000c7e00000| Untracked 
| 126|0x00000000c7e00000, 0x00000000c7f00000, 0x00000000c7f00000|100%| O|  |TAMS 0x00000000c7f00000, 0x00000000c7f00000| Untracked 
| 127|0x00000000c7f00000, 0x00000000c7f00000, 0x00000000c8000000|  0%| F|  |TAMS 0x00000000c7f00000, 0x00000000c7f00000| Untracked 
| 128|0x00000000c8000000, 0x00000000c8000000, 0x00000000c8100000|  0%| F|  |TAMS 0x00000000c8000000, 0x00000000c8000000| Untracked 
| 129|0x00000000c8100000, 0x00000000c8100000, 0x00000000c8200000|  0%| F|  |TAMS 0x00000000c8100000, 0x00000000c8100000| Untracked 
| 130|0x00000000c8200000, 0x00000000c8200000, 0x00000000c8300000|  0%| F|  |TAMS 0x00000000c8200000, 0x00000000c8200000| Untracked 
| 131|0x00000000c8300000, 0x00000000c8300000, 0x00000000c8400000|  0%| F|  |TAMS 0x00000000c8300000, 0x00000000c8300000| Untracked 
| 132|0x00000000c8400000, 0x00000000c8400000, 0x00000000c8500000|  0%| F|  |TAMS 0x00000000c8400000, 0x00000000c8400000| Untracked 
| 133|0x00000000c8500000, 0x00000000c8500000, 0x00000000c8600000|  0%| F|  |TAMS 0x00000000c8500000, 0x00000000c8500000| Untracked 
| 134|0x00000000c8600000, 0x00000000c8600000, 0x00000000c8700000|  0%| F|  |TAMS 0x00000000c8600000, 0x00000000c8600000| Untracked 
| 135|0x00000000c8700000, 0x00000000c8700000, 0x00000000c8800000|  0%| F|  |TAMS 0x00000000c8700000, 0x00000000c8700000| Untracked 
| 136|0x00000000c8800000, 0x00000000c8800000, 0x00000000c8900000|  0%| F|  |TAMS 0x00000000c8800000, 0x00000000c8800000| Untracked 
| 137|0x00000000c8900000, 0x00000000c8900000, 0x00000000c8a00000|  0%| F|  |TAMS 0x00000000c8900000, 0x00000000c8900000| Untracked 
| 138|0x00000000c8a00000, 0x00000000c8a00000, 0x00000000c8b00000|  0%| F|  |TAMS 0x00000000c8a00000, 0x00000000c8a00000| Untracked 
| 139|0x00000000c8b00000, 0x00000000c8b00000, 0x00000000c8c00000|  0%| F|  |TAMS 0x00000000c8b00000, 0x00000000c8b00000| Untracked 
| 140|0x00000000c8c00000, 0x00000000c8c00000, 0x00000000c8d00000|  0%| F|  |TAMS 0x00000000c8c00000, 0x00000000c8c00000| Untracked 
| 141|0x00000000c8d00000, 0x00000000c8d00000, 0x00000000c8e00000|  0%| F|  |TAMS 0x00000000c8d00000, 0x00000000c8d00000| Untracked 
| 142|0x00000000c8e00000, 0x00000000c8e00000, 0x00000000c8f00000|  0%| F|  |TAMS 0x00000000c8e00000, 0x00000000c8e00000| Untracked 
| 143|0x00000000c8f00000, 0x00000000c8f00000, 0x00000000c9000000|  0%| F|  |TAMS 0x00000000c8f00000, 0x00000000c8f00000| Untracked 
| 144|0x00000000c9000000, 0x00000000c9000000, 0x00000000c9100000|  0%| F|  |TAMS 0x00000000c9000000, 0x00000000c9000000| Untracked 
| 145|0x00000000c9100000, 0x00000000c9100000, 0x00000000c9200000|  0%| F|  |TAMS 0x00000000c9100000, 0x00000000c9100000| Untracked 
| 146|0x00000000c9200000, 0x00000000c9200000, 0x00000000c9300000|  0%| F|  |TAMS 0x00000000c9200000, 0x00000000c9200000| Untracked 
| 147|0x00000000c9300000, 0x00000000c9300000, 0x00000000c9400000|  0%| F|  |TAMS 0x00000000c9300000, 0x00000000c9300000| Untracked 
| 148|0x00000000c9400000, 0x00000000c94f78c0, 0x00000000c9500000| 96%| S|CS|TAMS 0x00000000c9400000, 0x00000000c9400000| Complete 
| 149|0x00000000c9500000, 0x00000000c9600000, 0x00000000c9600000|100%| S|CS|TAMS 0x00000000c9500000, 0x00000000c9500000| Complete 
| 150|0x00000000c9600000, 0x00000000c9600000, 0x00000000c9700000|  0%| F|  |TAMS 0x00000000c9600000, 0x00000000c9600000| Untracked 
| 151|0x00000000c9700000, 0x00000000c9700000, 0x00000000c9800000|  0%| F|  |TAMS 0x00000000c9700000, 0x00000000c9700000| Untracked 
| 152|0x00000000c9800000, 0x00000000c9800000, 0x00000000c9900000|  0%| F|  |TAMS 0x00000000c9800000, 0x00000000c9800000| Untracked 
| 153|0x00000000c9900000, 0x00000000c9900000, 0x00000000c9a00000|  0%| F|  |TAMS 0x00000000c9900000, 0x00000000c9900000| Untracked 
| 154|0x00000000c9a00000, 0x00000000c9a00000, 0x00000000c9b00000|  0%| F|  |TAMS 0x00000000c9a00000, 0x00000000c9a00000| Untracked 
| 155|0x00000000c9b00000, 0x00000000c9b00000, 0x00000000c9c00000|  0%| F|  |TAMS 0x00000000c9b00000, 0x00000000c9b00000| Untracked 
| 156|0x00000000c9c00000, 0x00000000c9c00000, 0x00000000c9d00000|  0%| F|  |TAMS 0x00000000c9c00000, 0x00000000c9c00000| Untracked 
| 157|0x00000000c9d00000, 0x00000000c9d00000, 0x00000000c9e00000|  0%| F|  |TAMS 0x00000000c9d00000, 0x00000000c9d00000| Untracked 
| 158|0x00000000c9e00000, 0x00000000c9e00000, 0x00000000c9f00000|  0%| F|  |TAMS 0x00000000c9e00000, 0x00000000c9e00000| Untracked 
| 159|0x00000000c9f00000, 0x00000000c9f00000, 0x00000000ca000000|  0%| F|  |TAMS 0x00000000c9f00000, 0x00000000c9f00000| Untracked 
| 160|0x00000000ca000000, 0x00000000ca000000, 0x00000000ca100000|  0%| F|  |TAMS 0x00000000ca000000, 0x00000000ca000000| Untracked 
| 161|0x00000000ca100000, 0x00000000ca100000, 0x00000000ca200000|  0%| F|  |TAMS 0x00000000ca100000, 0x00000000ca100000| Untracked 
| 162|0x00000000ca200000, 0x00000000ca200000, 0x00000000ca300000|  0%| F|  |TAMS 0x00000000ca200000, 0x00000000ca200000| Untracked 
| 163|0x00000000ca300000, 0x00000000ca300000, 0x00000000ca400000|  0%| F|  |TAMS 0x00000000ca300000, 0x00000000ca300000| Untracked 

Card table byte_map: [0x00000257fd7a0000,0x00000257fd9a0000] _byte_map_base: 0x00000257fd1a0000

Marking Bits (Prev, Next): (CMBitMap*) 0x00000257f9cd0ac8, (CMBitMap*) 0x00000257f9cd0b00
 Prev Bits: [0x00000257fdba0000, 0x00000257feba0000)
 Next Bits: [0x00000257feba0000, 0x00000257ffba0000)

Polling page: 0x00000257f7bb0000

Metaspace:

Usage:
  Non-class:     98.15 MB capacity,    96.50 MB ( 98%) used,     1.36 MB (  1%) free+waste,   304.13 KB ( <1%) overhead. 
      Class:     15.06 MB capacity,    14.06 MB ( 93%) used,   882.16 KB (  6%) free+waste,   137.94 KB ( <1%) overhead. 
       Both:    113.21 MB capacity,   110.56 MB ( 98%) used,     2.22 MB (  2%) free+waste,   442.06 KB ( <1%) overhead. 

Virtual space:
  Non-class space:      108.00 MB reserved,      98.17 MB ( 91%) committed 
      Class space:        1.00 GB reserved,      15.13 MB (  1%) committed 
             Both:        1.11 GB reserved,     113.30 MB ( 10%) committed 

Chunk freelists:
   Non-Class:  19.00 KB
       Class:  2.00 KB
        Both:  21.00 KB

MaxMetaspaceSize: 17179869184.00 GB
CompressedClassSpaceSize: 1.00 GB

CodeHeap 'non-profiled nmethods': size=120064Kb used=7793Kb max_used=7793Kb free=112270Kb
 bounds [0x0000025787ac0000, 0x0000025788260000, 0x000002578f000000]
CodeHeap 'profiled nmethods': size=120000Kb used=30612Kb max_used=30612Kb free=89387Kb
 bounds [0x0000025780590000, 0x0000025782380000, 0x0000025787ac0000]
CodeHeap 'non-nmethods': size=5696Kb used=2342Kb max_used=2364Kb free=3353Kb
 bounds [0x0000025780000000, 0x0000025780270000, 0x0000025780590000]
 total_blobs=14260 nmethods=13290 adapters=881
 compilation: enabled
              stopped_count=0, restarted_count=0
 full_count=0

Compilation events (20 events):
Event: 160.045 Thread 0x00000257ffe76800 13392       3       kotlin.reflect.jvm.internal.impl.metadata.ProtoBuf$Function::getValueParameterCount (10 bytes)
Event: 160.046 Thread 0x00000257ffe76800 nmethod 13392 0x0000025782372e90 code [0x0000025782373040, 0x0000025782373208]
Event: 160.046 Thread 0x00000257ffe76800 13390       3       kotlin.reflect.jvm.internal.impl.metadata.ProtoBuf$Type::hasAbbreviatedType (20 bytes)
Event: 160.046 Thread 0x00000257ffe76800 nmethod 13390 0x0000025782373310 code [0x00000257823734c0, 0x0000025782373638]
Event: 160.046 Thread 0x00000257ffe76800 13383       3       kotlin.reflect.jvm.internal.impl.metadata.ProtoBuf$TypeTable::getDefaultInstance (4 bytes)
Event: 160.046 Thread 0x00000257ffe76800 nmethod 13383 0x0000025782373710 code [0x00000257823738c0, 0x00000257823739b8]
Event: 160.046 Thread 0x00000257ffe76800 13387       3       kotlin.reflect.jvm.internal.impl.metadata.ProtoBuf$Function::initFields (77 bytes)
Event: 160.047 Thread 0x00000257ffe76800 nmethod 13387 0x0000025782373a90 code [0x0000025782373ca0, 0x0000025782374358]
Event: 160.047 Thread 0x00000257ffe76800 13388       1       kotlin.reflect.jvm.internal.impl.metadata.ProtoBuf$Annotation::access$4500 (5 bytes)
Event: 160.047 Thread 0x00000257ffe76800 nmethod 13388 0x000002578825ba10 code [0x000002578825bbc0, 0x000002578825bc58]
Event: 160.048 Thread 0x00000257ffe76800 13393       1       kotlin.reflect.jvm.internal.impl.metadata.ProtoBuf$QualifiedNameTable$QualifiedName::getShortName (5 bytes)
Event: 160.048 Thread 0x00000257ffe76800 nmethod 13393 0x000002578825bd10 code [0x000002578825bec0, 0x000002578825bf78]
Event: 160.048 Thread 0x00000257ffe76800 13394       1       kotlin.reflect.jvm.internal.impl.metadata.ProtoBuf$QualifiedNameTable$QualifiedName::getKind (5 bytes)
Event: 160.048 Thread 0x00000257ffe76800 nmethod 13394 0x000002578825c010 code [0x000002578825c1c0, 0x000002578825c278]
Event: 160.048 Thread 0x00000257ffe76800 13395       1       kotlin.reflect.jvm.internal.impl.metadata.ProtoBuf$QualifiedNameTable$QualifiedName::getParentQualifiedName (5 bytes)
Event: 160.048 Thread 0x00000257ffe76800 nmethod 13395 0x000002578825c310 code [0x000002578825c4c0, 0x000002578825c578]
Event: 160.063 Thread 0x00000257ffe76800 13396       3       kotlin.reflect.jvm.internal.impl.name.Name::<init> (23 bytes)
Event: 160.063 Thread 0x00000257ffe76800 nmethod 13396 0x0000025782374510 code [0x00000257823746e0, 0x0000025782374928]
Event: 160.063 Thread 0x00000257ffe76800 13397       3       kotlin.reflect.jvm.internal.impl.name.Name::identifier (18 bytes)
Event: 160.064 Thread 0x00000257ffe76800 nmethod 13397 0x0000025782374a10 code [0x0000025782374c00, 0x0000025782374f58]

GC Heap History (20 events):
Event: 142.367 GC heap before
{Heap before GC invocations=160 (full 0):
 garbage-first heap   total 167936K, used 146817K [0x00000000c0000000, 0x0000000100000000)
  region size 1024K, 20 young (20480K), 2 survivors (2048K)
 Metaspace       used 104579K, capacity 107108K, committed 107312K, reserved 1142784K
  class space    used 13258K, capacity 14125K, committed 14208K, reserved 1048576K
}
Event: 142.375 GC heap after
{Heap after GC invocations=161 (full 0):
 garbage-first heap   total 167936K, used 129201K [0x00000000c0000000, 0x0000000100000000)
  region size 1024K, 3 young (3072K), 3 survivors (3072K)
 Metaspace       used 104579K, capacity 107108K, committed 107312K, reserved 1142784K
  class space    used 13258K, capacity 14125K, committed 14208K, reserved 1048576K
}
Event: 144.704 GC heap before
{Heap before GC invocations=162 (full 0):
 garbage-first heap   total 167936K, used 146609K [0x00000000c0000000, 0x0000000100000000)
  region size 1024K, 20 young (20480K), 3 survivors (3072K)
 Metaspace       used 105193K, capacity 107694K, committed 107824K, reserved 1142784K
  class space    used 13340K, capacity 14190K, committed 14208K, reserved 1048576K
}
Event: 144.713 GC heap after
{Heap after GC invocations=163 (full 0):
 garbage-first heap   total 167936K, used 129953K [0x00000000c0000000, 0x0000000100000000)
  region size 1024K, 3 young (3072K), 3 survivors (3072K)
 Metaspace       used 105193K, capacity 107694K, committed 107824K, reserved 1142784K
  class space    used 13340K, capacity 14190K, committed 14208K, reserved 1048576K
}
Event: 146.639 GC heap before
{Heap before GC invocations=163 (full 0):
 garbage-first heap   total 167936K, used 145313K [0x00000000c0000000, 0x0000000100000000)
  region size 1024K, 19 young (19456K), 3 survivors (3072K)
 Metaspace       used 105586K, capacity 108116K, committed 108464K, reserved 1142784K
  class space    used 13374K, capacity 14236K, committed 14336K, reserved 1048576K
}
Event: 146.654 GC heap after
{Heap after GC invocations=164 (full 0):
 garbage-first heap   total 167936K, used 131143K [0x00000000c0000000, 0x0000000100000000)
  region size 1024K, 3 young (3072K), 3 survivors (3072K)
 Metaspace       used 105586K, capacity 108116K, committed 108464K, reserved 1142784K
  class space    used 13374K, capacity 14236K, committed 14336K, reserved 1048576K
}
Event: 150.236 GC heap before
{Heap before GC invocations=165 (full 0):
 garbage-first heap   total 167936K, used 145479K [0x00000000c0000000, 0x0000000100000000)
  region size 1024K, 18 young (18432K), 3 survivors (3072K)
 Metaspace       used 107545K, capacity 110101K, committed 110256K, reserved 1144832K
  class space    used 13637K, capacity 14514K, committed 14592K, reserved 1048576K
}
Event: 150.254 GC heap after
{Heap after GC invocations=166 (full 0):
 garbage-first heap   total 167936K, used 129771K [0x00000000c0000000, 0x0000000100000000)
  region size 1024K, 2 young (2048K), 2 survivors (2048K)
 Metaspace       used 107545K, capacity 110101K, committed 110256K, reserved 1144832K
  class space    used 13637K, capacity 14514K, committed 14592K, reserved 1048576K
}
Event: 152.709 GC heap before
{Heap before GC invocations=166 (full 0):
 garbage-first heap   total 167936K, used 134891K [0x00000000c0000000, 0x0000000100000000)
  region size 1024K, 8 young (8192K), 2 survivors (2048K)
 Metaspace       used 108736K, capacity 111401K, committed 111536K, reserved 1146880K
  class space    used 13834K, capacity 14770K, committed 14848K, reserved 1048576K
}
Event: 152.724 GC heap after
{Heap after GC invocations=167 (full 0):
 garbage-first heap   total 167936K, used 127930K [0x00000000c0000000, 0x0000000100000000)
  region size 1024K, 1 young (1024K), 1 survivors (1024K)
 Metaspace       used 108736K, capacity 111401K, committed 111536K, reserved 1146880K
  class space    used 13834K, capacity 14770K, committed 14848K, reserved 1048576K
}
Event: 153.716 GC heap before
{Heap before GC invocations=167 (full 0):
 garbage-first heap   total 167936K, used 144314K [0x00000000c0000000, 0x0000000100000000)
  region size 1024K, 17 young (17408K), 1 survivors (1024K)
 Metaspace       used 109286K, capacity 112053K, committed 112176K, reserved 1146880K
  class space    used 13899K, capacity 14898K, committed 14976K, reserved 1048576K
}
Event: 153.727 GC heap after
{Heap after GC invocations=168 (full 0):
 garbage-first heap   total 167936K, used 128815K [0x00000000c0000000, 0x0000000100000000)
  region size 1024K, 2 young (2048K), 2 survivors (2048K)
 Metaspace       used 109286K, capacity 112053K, committed 112176K, reserved 1146880K
  class space    used 13899K, capacity 14898K, committed 14976K, reserved 1048576K
}
Event: 156.756 GC heap before
{Heap before GC invocations=169 (full 0):
 garbage-first heap   total 167936K, used 144175K [0x00000000c0000000, 0x0000000100000000)
  region size 1024K, 18 young (18432K), 2 survivors (2048K)
 Metaspace       used 109902K, capacity 112635K, committed 112816K, reserved 1146880K
  class space    used 13981K, capacity 15006K, committed 15104K, reserved 1048576K
}
Event: 156.769 GC heap after
{Heap after GC invocations=170 (full 0):
 garbage-first heap   total 167936K, used 129677K [0x00000000c0000000, 0x0000000100000000)
  region size 1024K, 3 young (3072K), 3 survivors (3072K)
 Metaspace       used 109902K, capacity 112635K, committed 112816K, reserved 1146880K
  class space    used 13981K, capacity 15006K, committed 15104K, reserved 1048576K
}
Event: 157.828 GC heap before
{Heap before GC invocations=170 (full 0):
 garbage-first heap   total 167936K, used 144013K [0x00000000c0000000, 0x0000000100000000)
  region size 1024K, 18 young (18432K), 3 survivors (3072K)
 Metaspace       used 110888K, capacity 113659K, committed 113968K, reserved 1148928K
  class space    used 14123K, capacity 15134K, committed 15232K, reserved 1048576K
}
Event: 157.842 GC heap after
{Heap after GC invocations=171 (full 0):
 garbage-first heap   total 167936K, used 129744K [0x00000000c0000000, 0x0000000100000000)
  region size 1024K, 1 young (1024K), 1 survivors (1024K)
 Metaspace       used 110888K, capacity 113659K, committed 113968K, reserved 1148928K
  class space    used 14123K, capacity 15134K, committed 15232K, reserved 1048576K
}
Event: 158.979 GC heap before
{Heap before GC invocations=172 (full 0):
 garbage-first heap   total 167936K, used 145104K [0x00000000c0000000, 0x0000000100000000)
  region size 1024K, 17 young (17408K), 1 survivors (1024K)
 Metaspace       used 112165K, capacity 114907K, committed 115120K, reserved 1148928K
  class space    used 14288K, capacity 15294K, committed 15360K, reserved 1048576K
}
Event: 158.991 GC heap after
{Heap after GC invocations=173 (full 0):
 garbage-first heap   total 167936K, used 130098K [0x00000000c0000000, 0x0000000100000000)
  region size 1024K, 2 young (2048K), 2 survivors (2048K)
 Metaspace       used 112165K, capacity 114907K, committed 115120K, reserved 1148928K
  class space    used 14288K, capacity 15294K, committed 15360K, reserved 1048576K
}
Event: 160.069 GC heap before
{Heap before GC invocations=173 (full 0):
 garbage-first heap   total 167936K, used 143410K [0x00000000c0000000, 0x0000000100000000)
  region size 1024K, 16 young (16384K), 2 survivors (2048K)
 Metaspace       used 113218K, capacity 115931K, committed 116016K, reserved 1157120K
  class space    used 14401K, capacity 15422K, committed 15488K, reserved 1048576K
}
Event: 160.083 GC heap after
{Heap after GC invocations=174 (full 0):
 garbage-first heap   total 167936K, used 130734K [0x00000000c0000000, 0x0000000100000000)
  region size 1024K, 2 young (2048K), 2 survivors (2048K)
 Metaspace       used 113218K, capacity 115931K, committed 116016K, reserved 1157120K
  class space    used 14401K, capacity 15422K, committed 15488K, reserved 1048576K
}

Deoptimization events (20 events):
Event: 154.929 Thread 0x0000025793797800 Uncommon trap: trap_request=0xffffff4d fr.pc=0x00000257881cc4e4 relative=0x0000000000000604
Event: 154.929 Thread 0x0000025793797800 Uncommon trap: reason=unstable_if action=reinterpret pc=0x00000257881cc4e4 method=org.objectweb.asm.MethodWriter.visitVarInsn(II)V @ 108 c2
Event: 154.929 Thread 0x0000025793797800 DEOPT PACKING pc=0x00000257881cc4e4 sp=0x0000005f115fb8a0
Event: 154.929 Thread 0x0000025793797800 DEOPT UNPACKING pc=0x0000025780026029 sp=0x0000005f115fb8a8 mode 2
Event: 155.876 Thread 0x0000025793795000 Uncommon trap: trap_request=0xffffffde fr.pc=0x0000025787e057d8 relative=0x00000000000001f8
Event: 155.876 Thread 0x0000025793795000 Uncommon trap: reason=class_check action=maybe_recompile pc=0x0000025787e057d8 method=java.util.Spliterators$IteratorSpliterator.tryAdvance(Ljava/util/function/Consumer;)Z @ 68 c2
Event: 155.876 Thread 0x0000025793795000 DEOPT PACKING pc=0x0000025787e057d8 sp=0x0000005f116fb270
Event: 155.876 Thread 0x0000025793795000 DEOPT UNPACKING pc=0x0000025780026029 sp=0x0000005f116fb1f8 mode 2
Event: 160.013 Thread 0x00000257929f9800 Uncommon trap: trap_request=0xffffff4d fr.pc=0x0000025788257424 relative=0x00000000000001e4
Event: 160.013 Thread 0x00000257929f9800 Uncommon trap: reason=unstable_if action=reinterpret pc=0x0000025788257424 method=kotlin.reflect.jvm.internal.impl.protobuf.CodedInputStream.readRawVarint32()I @ 10 c2
Event: 160.013 Thread 0x00000257929f9800 DEOPT PACKING pc=0x0000025788257424 sp=0x0000005f100f57b0
Event: 160.014 Thread 0x00000257929f9800 DEOPT UNPACKING pc=0x0000025780026029 sp=0x0000005f100f5730 mode 2
Event: 160.063 Thread 0x00000257929f9800 Uncommon trap: trap_request=0xffffff4d fr.pc=0x00000257881accf0 relative=0x0000000000000570
Event: 160.063 Thread 0x00000257929f9800 Uncommon trap: reason=unstable_if action=reinterpret pc=0x00000257881accf0 method=java.lang.String.indexOf([BBILjava/lang/String;I)I @ 54 c2
Event: 160.063 Thread 0x00000257929f9800 DEOPT PACKING pc=0x00000257881accf0 sp=0x0000005f100f62d0
Event: 160.063 Thread 0x00000257929f9800 DEOPT UNPACKING pc=0x0000025780026029 sp=0x0000005f100f6160 mode 2
Event: 160.064 Thread 0x00000257929f9800 Uncommon trap: trap_request=0xffffff4d fr.pc=0x000002578813bd84 relative=0x00000000000004a4
Event: 160.064 Thread 0x00000257929f9800 Uncommon trap: reason=unstable_if action=reinterpret pc=0x000002578813bd84 method=java.lang.String.indexOf([BBILjava/lang/String;I)I @ 54 c2
Event: 160.064 Thread 0x00000257929f9800 DEOPT PACKING pc=0x000002578813bd84 sp=0x0000005f100f6960
Event: 160.064 Thread 0x00000257929f9800 DEOPT UNPACKING pc=0x0000025780026029 sp=0x0000005f100f68d8 mode 2

Classes redefined (0 events):
No events

Internal exceptions (20 events):
Event: 122.147 Thread 0x00000257929f9800 Exception <a 'sun/nio/fs/WindowsException'{0x00000000c98fcaa0}> (0x00000000c98fcaa0) thrown at [./src/hotspot/share/prims/jni.cpp, line 615]
Event: 131.461 Thread 0x0000025793797800 Exception <a 'java/net/SocketTimeoutException'{0x00000000c9fd3cf0}: Read timed out> (0x00000000c9fd3cf0) thrown at [./src/hotspot/share/prims/jni.cpp, line 636]
Event: 132.768 Thread 0x0000025793797800 Exception <a 'java/net/SocketTimeoutException'{0x00000000c9ceb958}: Read timed out> (0x00000000c9ceb958) thrown at [./src/hotspot/share/prims/jni.cpp, line 636]
Event: 132.996 Thread 0x0000025793797800 Exception <a 'sun/nio/fs/WindowsException'{0x00000000c9a48aa0}> (0x00000000c9a48aa0) thrown at [./src/hotspot/share/prims/jni.cpp, line 615]
Event: 134.377 Thread 0x0000025793797800 Exception <a 'java/net/SocketTimeoutException'{0x00000000c9335c90}: Read timed out> (0x00000000c9335c90) thrown at [./src/hotspot/share/prims/jni.cpp, line 636]
Event: 137.018 Thread 0x0000025793797800 Exception <a 'sun/nio/fs/WindowsException'{0x00000000c9741090}> (0x00000000c9741090) thrown at [./src/hotspot/share/prims/jni.cpp, line 615]
Event: 143.038 Thread 0x0000025793795000 Exception <a 'sun/nio/fs/WindowsException'{0x00000000c9bdcf28}> (0x00000000c9bdcf28) thrown at [./src/hotspot/share/prims/jni.cpp, line 615]
Event: 146.536 Thread 0x00000257929f9800 Exception <a 'java/lang/NoSuchMethodError'{0x00000000c95f1f08}: 'int java.lang.invoke.DirectMethodHandle$Holder.invokeSpecialIFC(java.lang.Object, java.lang.Object, java.lang.Object)'> (0x00000000c95f1f08) thrown at [./src/hotspot/share/interpreter/linkResolver.cpp, line 773]
Event: 147.811 Thread 0x00000257929f9800 Exception <a 'java/lang/NoSuchMethodError'{0x00000000c9dcda20}: 'void java.lang.invoke.DirectMethodHandle$Holder.invokeStatic(java.lang.Object, int, java.lang.Object)'> (0x00000000c9dcda20) thrown at [./src/hotspot/share/interpreter/linkResolver.cpp, line 773]
Event: 150.422 Thread 0x00000257929f9800 Exception <a 'java/lang/NoSuchMethodError'{0x00000000ca380730}: 'java.lang.Object java.lang.invoke.DirectMethodHandle$Holder.invokeStatic(java.lang.Object, java.lang.Object, java.lang.Object, java.lang.Object, java.lang.Object, java.lang.Object, java.lang.Object, java.lang.Object, java.lang.Object, java.lang.Object, java.lang.Object, java.lang.Object, java.lang.Object, java.lang.Object, java.lang.Object, java.lang.Object, java.lang.Object, java.lang.Object, int, java.lang.Object)'> (0x00000000ca380730) thr
Event: 150.423 Thread 0x00000257929f9800 Exception <a 'java/lang/NoSuchMethodError'{0x00000000ca386a60}: 'java.lang.Object java.lang.invoke.DirectMethodHandle$Holder.invokeStaticInit(java.lang.Object, java.lang.Object, java.lang.Object, java.lang.Object, java.lang.Object, java.lang.Object, java.lang.Object, java.lang.Object, java.lang.Object, java.lang.Object, java.lang.Object, java.lang.Object, java.lang.Object, java.lang.Object, java.lang.Object, java.lang.Object, java.lang.Object, java.lang.Object, int, java.lang.Object)'> (0x00000000ca386a60)
Event: 151.055 Thread 0x00000257929f9800 Exception <a 'java/lang/NoSuchMethodError'{0x00000000ca185940}: 'int java.lang.invoke.DirectMethodHandle$Holder.invokeVirtual(java.lang.Object, java.lang.Object, java.lang.Object, java.lang.Object)'> (0x00000000ca185940) thrown at [./src/hotspot/share/interpreter/linkResolver.cpp, line 773]
Event: 152.237 Thread 0x00000257929f9800 Exception <a 'java/lang/NoSuchMethodError'{0x00000000c9e175e8}: 'java.lang.Object java.lang.invoke.DirectMethodHandle$Holder.invokeStatic(java.lang.Object, int, java.lang.Object, java.lang.Object)'> (0x00000000c9e175e8) thrown at [./src/hotspot/share/interpreter/linkResolver.cpp, line 773]
Event: 153.465 Thread 0x00000257929f9800 Implicit null exception at 0x0000025788225472 to 0x000002578822595c
Event: 154.547 Thread 0x0000025793797800 Exception <a 'sun/nio/fs/WindowsException'{0x00000000c9e1fc10}> (0x00000000c9e1fc10) thrown at [./src/hotspot/share/prims/jni.cpp, line 615]
Event: 155.125 Thread 0x0000025793797800 Exception <a 'sun/nio/fs/WindowsException'{0x00000000c9c545d0}> (0x00000000c9c545d0) thrown at [./src/hotspot/share/prims/jni.cpp, line 615]
Event: 155.857 Thread 0x0000025793795000 Exception <a 'sun/nio/fs/WindowsException'{0x00000000c988bad8}> (0x00000000c988bad8) thrown at [./src/hotspot/share/prims/jni.cpp, line 615]
Event: 156.131 Thread 0x0000025793797800 Exception <a 'sun/nio/fs/WindowsException'{0x00000000c97b2838}> (0x00000000c97b2838) thrown at [./src/hotspot/share/prims/jni.cpp, line 615]
Event: 156.211 Thread 0x0000025793797800 Exception <a 'sun/nio/fs/WindowsException'{0x00000000c9602228}> (0x00000000c9602228) thrown at [./src/hotspot/share/prims/jni.cpp, line 615]
Event: 156.308 Thread 0x0000025793797800 Exception <a 'sun/nio/fs/WindowsException'{0x00000000c966cba8}> (0x00000000c966cba8) thrown at [./src/hotspot/share/prims/jni.cpp, line 615]

Events (20 events):
Event: 160.033 loading class kotlin/reflect/jvm/internal/impl/protobuf/Utf8 done
Event: 160.034 loading class kotlin/reflect/jvm/internal/impl/metadata/deserialization/NameResolverImpl$WhenMappings
Event: 160.034 loading class kotlin/reflect/jvm/internal/impl/metadata/deserialization/NameResolverImpl$WhenMappings done
Event: 160.037 loading class kotlin/reflect/jvm/internal/impl/serialization/deserialization/descriptors/DeserializedPackageMemberScope
Event: 160.037 loading class kotlin/reflect/jvm/internal/impl/serialization/deserialization/descriptors/DeserializedPackageMemberScope done
Event: 160.041 loading class kotlin/reflect/jvm/internal/impl/serialization/deserialization/DeserializedPackageFragmentImpl$initialize$1
Event: 160.041 loading class kotlin/reflect/jvm/internal/impl/serialization/deserialization/DeserializedPackageFragmentImpl$initialize$1 done
Event: 160.044 loading class kotlin/Any
Event: 160.044 loading class kotlin/Any done
Event: 160.044 loading class kotlin/Any
Event: 160.044 loading class kotlin/Any done
Event: 160.046 loading class kotlin/reflect/jvm/internal/impl/util/collectionUtils/ScopeUtilsKt
Event: 160.046 loading class kotlin/reflect/jvm/internal/impl/util/collectionUtils/ScopeUtilsKt done
Event: 160.065 loading class kotlin/reflect/jvm/internal/impl/load/java/lazy/descriptors/ClassDeclaredMemberIndex
Event: 160.065 loading class kotlin/reflect/jvm/internal/impl/load/java/lazy/descriptors/ClassDeclaredMemberIndex done
Event: 160.066 loading class kotlin/reflect/jvm/internal/impl/load/java/lazy/descriptors/DeclaredMemberIndex
Event: 160.066 loading class kotlin/reflect/jvm/internal/impl/load/java/lazy/descriptors/DeclaredMemberIndex done
Event: 160.068 loading class kotlin/reflect/jvm/internal/impl/load/java/lazy/descriptors/LazyJavaClassMemberScope$computeMemberIndex$1
Event: 160.068 loading class kotlin/reflect/jvm/internal/impl/load/java/lazy/descriptors/LazyJavaClassMemberScope$computeMemberIndex$1 done
Event: 160.068 Executing VM operation: CollectForMetadataAllocation


Dynamic libraries:
0x00007ff6e8440000 - 0x00007ff6e844a000 	C:\Users\felip\OneDrive\Desktop\android-studio\jre\bin\java.exe
0x00007ffe72f10000 - 0x00007ffe73105000 	C:\Windows\SYSTEM32\ntdll.dll
0x00007ffe51290000 - 0x00007ffe512a6000 	C:\Program Files\Avast Software\Avast\aswhook.dll
0x00007ffe70f60000 - 0x00007ffe7101e000 	C:\Windows\System32\KERNEL32.DLL
0x00007ffe70c90000 - 0x00007ffe70f59000 	C:\Windows\System32\KERNELBASE.dll
0x00007ffe70a30000 - 0x00007ffe70b30000 	C:\Windows\System32\ucrtbase.dll
0x00007ffe6ce50000 - 0x00007ffe6ce67000 	C:\Users\felip\OneDrive\Desktop\android-studio\jre\bin\VCRUNTIME140.dll
0x00007ffe6b5f0000 - 0x00007ffe6b609000 	C:\Users\felip\OneDrive\Desktop\android-studio\jre\bin\jli.dll
0x00007ffe72ae0000 - 0x00007ffe72c81000 	C:\Windows\System32\USER32.dll
0x00007ffe70a00000 - 0x00007ffe70a22000 	C:\Windows\System32\win32u.dll
0x00007ffe71400000 - 0x00007ffe7142b000 	C:\Windows\System32\GDI32.dll
0x00007ffe60850000 - 0x00007ffe60aea000 	C:\Windows\WinSxS\amd64_microsoft.windows.common-controls_6595b64144ccf1df_6.0.19041.1110_none_60b5254171f9507e\COMCTL32.dll
0x00007ffe70630000 - 0x00007ffe7073b000 	C:\Windows\System32\gdi32full.dll
0x00007ffe70740000 - 0x00007ffe707dd000 	C:\Windows\System32\msvcp_win.dll
0x00007ffe72260000 - 0x00007ffe722fe000 	C:\Windows\System32\msvcrt.dll
0x00007ffe72730000 - 0x00007ffe72760000 	C:\Windows\System32\IMM32.DLL
0x00007ffe5c790000 - 0x00007ffe5c82d000 	C:\Users\felip\OneDrive\Desktop\android-studio\jre\bin\msvcp140.dll
0x00007ffe2bfd0000 - 0x00007ffe2caa5000 	C:\Users\felip\OneDrive\Desktop\android-studio\jre\bin\server\jvm.dll
0x00007ffe71430000 - 0x00007ffe714dc000 	C:\Windows\System32\ADVAPI32.dll
0x00007ffe711a0000 - 0x00007ffe7123b000 	C:\Windows\System32\sechost.dll
0x00007ffe712d0000 - 0x00007ffe713fa000 	C:\Windows\System32\RPCRT4.dll
0x00007ffe71970000 - 0x00007ffe71978000 	C:\Windows\System32\PSAPI.DLL
0x00007ffe63c60000 - 0x00007ffe63c69000 	C:\Windows\SYSTEM32\WSOCK32.dll
0x00007ffe594e0000 - 0x00007ffe59507000 	C:\Windows\SYSTEM32\WINMM.dll
0x00007ffe65210000 - 0x00007ffe6521a000 	C:\Windows\SYSTEM32\VERSION.dll
0x00007ffe721f0000 - 0x00007ffe7225b000 	C:\Windows\System32\WS2_32.dll
0x00007ffe6e450000 - 0x00007ffe6e462000 	C:\Windows\SYSTEM32\kernel.appcore.dll
0x00007ffe6d750000 - 0x00007ffe6d761000 	C:\Users\felip\OneDrive\Desktop\android-studio\jre\bin\verify.dll
0x00007ffe65020000 - 0x00007ffe65204000 	C:\Windows\SYSTEM32\DBGHELP.DLL
0x00007ffe64ff0000 - 0x00007ffe6501c000 	C:\Windows\SYSTEM32\dbgcore.DLL
0x00007ffe707e0000 - 0x00007ffe70863000 	C:\Windows\System32\bcryptPrimitives.dll
0x00007ffe6cde0000 - 0x00007ffe6ce09000 	C:\Users\felip\OneDrive\Desktop\android-studio\jre\bin\java.dll
0x00007ffe6dcc0000 - 0x00007ffe6dccb000 	C:\Users\felip\OneDrive\Desktop\android-studio\jre\bin\jimage.dll
0x00007ffe6ccf0000 - 0x00007ffe6cd08000 	C:\Users\felip\OneDrive\Desktop\android-studio\jre\bin\zip.dll
0x00007ffe71ab0000 - 0x00007ffe721ef000 	C:\Windows\System32\SHELL32.dll
0x00007ffe6e730000 - 0x00007ffe6eec0000 	C:\Windows\SYSTEM32\windows.storage.dll
0x00007ffe72780000 - 0x00007ffe72ad5000 	C:\Windows\System32\combase.dll
0x00007ffe6ffb0000 - 0x00007ffe6ffdc000 	C:\Windows\SYSTEM32\Wldp.dll
0x00007ffe71980000 - 0x00007ffe71a2d000 	C:\Windows\System32\SHCORE.dll
0x00007ffe72d60000 - 0x00007ffe72db5000 	C:\Windows\System32\shlwapi.dll
0x00007ffe70570000 - 0x00007ffe7058f000 	C:\Windows\SYSTEM32\profapi.dll
0x00007ffe6c340000 - 0x00007ffe6c35a000 	C:\Users\felip\OneDrive\Desktop\android-studio\jre\bin\net.dll
0x00007ffe64e40000 - 0x00007ffe64f48000 	C:\Windows\SYSTEM32\WINHTTP.dll
0x00007ffe6fd10000 - 0x00007ffe6fd7a000 	C:\Windows\system32\mswsock.dll
0x00007ffe6b690000 - 0x00007ffe6b6a4000 	C:\Users\felip\OneDrive\Desktop\android-studio\jre\bin\nio.dll
0x00007ffe69610000 - 0x00007ffe69637000 	C:\Users\felip\.gradle\native\8bec1ad78214c89d9ad589b4d07fe93259594b29d510b10fafb7a158f7737e5d\windows-amd64\native-platform.dll
0x00007ffe5d5b0000 - 0x00007ffe5d6ed000 	C:\Users\felip\.gradle\native\53dbd7edfb1c66fb8903c78663c9afc45aea4f116125fa6feffd364cf09443e8\windows-amd64\native-platform-file-events.dll
0x00007ffe6df60000 - 0x00007ffe6df6a000 	C:\Users\felip\OneDrive\Desktop\android-studio\jre\bin\management.dll
0x00007ffe6dec0000 - 0x00007ffe6decd000 	C:\Users\felip\OneDrive\Desktop\android-studio\jre\bin\management_ext.dll
0x00007ffe6ff10000 - 0x00007ffe6ff28000 	C:\Windows\SYSTEM32\CRYPTSP.dll
0x00007ffe6f690000 - 0x00007ffe6f6c4000 	C:\Windows\system32\rsaenh.dll
0x00007ffe70980000 - 0x00007ffe709a7000 	C:\Windows\System32\bcrypt.dll
0x00007ffe704f0000 - 0x00007ffe7051e000 	C:\Windows\SYSTEM32\USERENV.dll
0x00007ffe6ff00000 - 0x00007ffe6ff0c000 	C:\Windows\SYSTEM32\CRYPTBASE.dll
0x00007ffe6fa00000 - 0x00007ffe6fa3b000 	C:\Windows\SYSTEM32\IPHLPAPI.DLL
0x00007ffe71960000 - 0x00007ffe71968000 	C:\Windows\System32\NSI.dll
0x00007ffe698d0000 - 0x00007ffe698e7000 	C:\Windows\SYSTEM32\dhcpcsvc6.DLL
0x00007ffe69bc0000 - 0x00007ffe69bdd000 	C:\Windows\SYSTEM32\dhcpcsvc.DLL
0x00007ffe6fa40000 - 0x00007ffe6fb0c000 	C:\Windows\SYSTEM32\DNSAPI.dll
0x00007ffe6d830000 - 0x00007ffe6d857000 	C:\Users\felip\OneDrive\Desktop\android-studio\jre\bin\sunec.dll
0x00007ffe65990000 - 0x00007ffe6599a000 	C:\Windows\System32\rasadhlp.dll
0x00007ffe65850000 - 0x00007ffe658cf000 	C:\Windows\System32\fwpuclnt.dll
0x00007ffe6f320000 - 0x00007ffe6f353000 	C:\Windows\SYSTEM32\ntmarta.dll

dbghelp: loaded successfully - version: 4.0.5 - missing functions: none
symbol engine: initialized successfully - sym options: 0x614 - pdb path: .;C:\Users\felip\OneDrive\Desktop\android-studio\jre\bin;C:\Windows\SYSTEM32;C:\Program Files\Avast Software\Avast;C:\Windows\WinSxS\amd64_microsoft.windows.common-controls_6595b64144ccf1df_6.0.19041.1110_none_60b5254171f9507e;C:\Users\felip\OneDrive\Desktop\android-studio\jre\bin\server;C:\Users\felip\.gradle\native\8bec1ad78214c89d9ad589b4d07fe93259594b29d510b10fafb7a158f7737e5d\windows-amd64;C:\Users\felip\.gradle\native\53dbd7edfb1c66fb8903c78663c9afc45aea4f116125fa6feffd364cf09443e8\windows-amd64

VM Arguments:
jvm_args: --add-opens=java.base/java.util=ALL-UNNAMED --add-opens=java.base/java.lang=ALL-UNNAMED --add-opens=java.base/java.lang.invoke=ALL-UNNAMED --add-opens=java.base/java.util=ALL-UNNAMED --add-opens=java.prefs/java.util.prefs=ALL-UNNAMED --add-opens=java.prefs/java.util.prefs=ALL-UNNAMED --add-opens=java.base/java.nio.charset=ALL-UNNAMED --add-opens=java.base/java.net=ALL-UNNAMED --add-opens=java.base/java.util.concurrent.atomic=ALL-UNNAMED -Xmx1024m -Dfile.encoding=UTF-8 -Duser.country=US -Duser.language=en -Duser.variant 
java_command: org.gradle.launcher.daemon.bootstrap.GradleDaemon 7.0.2
java_class_path (initial): C:\Users\felip\.gradle\wrapper\dists\gradle-7.0.2-bin\857tjihv64xamwrf0h14cai3r\gradle-7.0.2\lib\gradle-launcher-7.0.2.jar
Launcher Type: SUN_STANDARD

[Global flags]
     intx CICompilerCount                          = 2                                         {product} {ergonomic}
     uint ConcGCThreads                            = 1                                         {product} {ergonomic}
     uint G1ConcRefinementThreads                  = 2                                         {product} {ergonomic}
   size_t G1HeapRegionSize                         = 1048576                                   {product} {ergonomic}
    uintx GCDrainStackTargetSize                   = 64                                        {product} {ergonomic}
   size_t InitialHeapSize                          = 67108864                                  {product} {ergonomic}
   size_t MarkStackSize                            = 4194304                                   {product} {ergonomic}
   size_t MaxHeapSize                              = 1073741824                                {product} {command line}
   size_t MaxNewSize                               = 643825664                                 {product} {ergonomic}
   size_t MinHeapDeltaBytes                        = 1048576                                   {product} {ergonomic}
    uintx NonNMethodCodeHeapSize                   = 5825164                                {pd product} {ergonomic}
    uintx NonProfiledCodeHeapSize                  = 122916538                              {pd product} {ergonomic}
    uintx ProfiledCodeHeapSize                     = 122916538                              {pd product} {ergonomic}
    uintx ReservedCodeCacheSize                    = 251658240                              {pd product} {ergonomic}
     bool SegmentedCodeCache                       = true                                      {product} {ergonomic}
     bool UseCompressedClassPointers               = true                                 {lp64_product} {ergonomic}
     bool UseCompressedOops                        = true                                 {lp64_product} {ergonomic}
     bool UseG1GC                                  = true                                      {product} {ergonomic}
     bool UseLargePagesIndividualAllocation        = false                                  {pd product} {ergonomic}

Logging:
Log output configuration:
 #0: stdout all=warning uptime,level,tags
 #1: stderr all=off uptime,level,tags

Environment Variables:
PATH=C:\Program Files\Common Files\Oracle\Java\javapath;C:\Program Files (x86)\Common Files\Oracle\Java\javapath;C:\Windows\system32;C:\Windows;C:\Windows\System32\Wbem;C:\Windows\System32\WindowsPowerShell\v1.0\;C:\Windows\System32\OpenSSH\;C:\ProgramData\chocolatey\bin;C:\Program Files (x86)\Yarn\bin\;C:\Program Files\Git\cmd;C:\Program Files\nodejs\;C:\Users\felip\AppData\Local\Microsoft\WindowsApps;C:\Users\felip\AppData\Local\Programs\Microsoft VS Code\bin;C:\Users\felip\AppData\Local\Yarn\bin;C:\Users\felip\AppData\Local\GitHubDesktop\bin;C:\Users\felip\AppData\Roaming\npm
USERNAME=felip
OS=Windows_NT
PROCESSOR_IDENTIFIER=Intel64 Family 6 Model 23 Stepping 10, GenuineIntel



---------------  S Y S T E M  ---------------

OS: Windows 10 , 64 bit Build 19041 (10.0.19041.1202)
OS uptime: 1 days 0:58 hours

CPU:total 2 (initial active 2) (2 cores per cpu, 1 threads per core) family 6 model 23 stepping 10 microcode 0xa0c, cmov, cx8, fxsr, mmx, sse, sse2, sse3, ssse3, tsc

Memory: 4k page, system-wide physical 4061M (46M free)
TotalPageFile size 4061M (AvailPageFile size 4M)
current process WorkingSet (physical memory assigned to process): 372M, peak: 372M
current process commit charge ("private bytes"): 461M, peak: 462M

vm_info: OpenJDK 64-Bit Server VM (11.0.11+9-b60-7590822) for windows-amd64 JRE (11.0.11+9-b60-7590822), built on Jul 29 2021 21:43:44 by "builder" with MS VC++ 14.0 (VS2015)

END.
