#
# There is insufficient memory for the Java Runtime Environment to continue.
# Native memory allocation (malloc) failed to allocate 2593136 bytes for Chunk::new
# Possible reasons:
#   The system is out of physical RAM or swap space
#   The process is running with CompressedOops enabled, and the Java Heap may be blocking the growth of the native heap
# Possible solutions:
#   Reduce memory load on the system
#   Increase physical memory or swap space
#   Check if swap backing store is full
#   Decrease Java heap size (-Xmx/-Xms)
#   Decrease number of Java threads
#   Decrease Java thread stack sizes (-Xss)
#   Set larger code cache with -XX:ReservedCodeCacheSize=
#   JVM is running with Unscaled Compressed Oops mode in which the Java heap is
#     placed in the first 4GB address space. The Java Heap base address is the
#     maximum limit for the native heap growth. Please use -XX:HeapBaseMinAddress
#     to set the Java Heap base and to place the Java Heap above 4GB virtual address.
# This output file may be truncated or incomplete.
#
#  Out of Memory Error (./src/hotspot/share/memory/arena.cpp:197), pid=336, tid=3268
#
# JRE version: OpenJDK Runtime Environment (11.0.11+9) (build 11.0.11+9-b60-7590822)
# Java VM: OpenJDK 64-Bit Server VM (11.0.11+9-b60-7590822, mixed mode, tiered, compressed oops, g1 gc, windows-amd64)
# No core dump will be written. Minidumps are not enabled by default on client versions of Windows
#

---------------  S U M M A R Y ------------

Command Line: --add-opens=java.base/java.util=ALL-UNNAMED --add-opens=java.base/java.lang=ALL-UNNAMED --add-opens=java.base/java.lang.invoke=ALL-UNNAMED --add-opens=java.base/java.util=ALL-UNNAMED --add-opens=java.prefs/java.util.prefs=ALL-UNNAMED --add-opens=java.prefs/java.util.prefs=ALL-UNNAMED --add-opens=java.base/java.nio.charset=ALL-UNNAMED --add-opens=java.base/java.net=ALL-UNNAMED --add-opens=java.base/java.util.concurrent.atomic=ALL-UNNAMED -Xmx1024m -Dfile.encoding=UTF-8 -Duser.country=US -Duser.language=en -Duser.variant org.gradle.launcher.daemon.bootstrap.GradleDaemon 7.0.2

Host: Celeron(R) Dual-Core CPU       T3500  @ 2.10GHz, 2 cores, 3G,  Windows 10 , 64 bit Build 19041 (10.0.19041.1348)
Time: Tue Dec  7 16:43:04 2021 E. South America Standard Time elapsed time: 226.982089 seconds (0d 0h 3m 46s)

---------------  T H R E A D  ---------------

Current thread (0x0000024b48dcb800):  JavaThread "C2 CompilerThread0" daemon [_thread_in_native, id=3268, stack(0x0000006d15500000,0x0000006d15600000)]


Current CompileTask:
C2: 226982 17299 %     4       com.android.tools.r8.ir.regalloc.a::a @ 1262 (1824 bytes)

Stack: [0x0000006d15500000,0x0000006d15600000]
Native frames: (J=compiled Java code, j=interpreted, Vv=VM code, C=native code)
V  [jvm.dll+0x5f214a]
V  [jvm.dll+0x726fb5]
V  [jvm.dll+0x7285cd]
V  [jvm.dll+0x728c83]
V  [jvm.dll+0x243278]
V  [jvm.dll+0xbc53c]
V  [jvm.dll+0xbca3c]
V  [jvm.dll+0x353e7d]
V  [jvm.dll+0x321893]
V  [jvm.dll+0x320d8a]
V  [jvm.dll+0x1fc1e2]
V  [jvm.dll+0x1fb3d4]
V  [jvm.dll+0x183d6c]
V  [jvm.dll+0x209a57]
V  [jvm.dll+0x2082a1]
V  [jvm.dll+0x6ef58f]
V  [jvm.dll+0x6e80b5]
V  [jvm.dll+0x5f1036]
C  [ucrtbase.dll+0x21bb2]
C  [KERNEL32.DLL+0x17034]
C  [ntdll.dll+0x52651]


---------------  P R O C E S S  ---------------

Threads class SMR info:
_java_thread_list=0x0000024b50d527e0, length=42, elements={
0x0000024b313fe800, 0x0000024b48d69800, 0x0000024b48d6a800, 0x0000024b48d83000,
0x0000024b48d84000, 0x0000024b48d86800, 0x0000024b48dcb800, 0x0000024b48f33800,
0x0000024b48f35800, 0x0000024b4902b000, 0x0000024b492a3800, 0x0000024b4ace0800,
0x0000024b4a3c2800, 0x0000024b4a81d800, 0x0000024b4a2e9800, 0x0000024b4a15b000,
0x0000024b4a713800, 0x0000024b4a59d800, 0x0000024b498d9000, 0x0000024b498dc000,
0x0000024b498d8000, 0x0000024b498db800, 0x0000024b498dd000, 0x0000024b498da800,
0x0000024b498d7800, 0x0000024b498de000, 0x0000024b498da000, 0x0000024b4b2ee000,
0x0000024b4b2ef000, 0x0000024b4b2ef800, 0x0000024b4b2f0800, 0x0000024b4b2f1800,
0x0000024b4b2ed000, 0x0000024b4b2f7000, 0x0000024b4b2f9800, 0x0000024b4b2f8000,
0x0000024b4b2f4000, 0x0000024b4b2f8800, 0x0000024b4b2fa800, 0x0000024b4b2f6000,
0x0000024b4b2f4800, 0x0000024b4b2fb000
}

Java Threads: ( => current thread )
  0x0000024b313fe800 JavaThread "main" [_thread_blocked, id=6784, stack(0x0000006d14900000,0x0000006d14a00000)]
  0x0000024b48d69800 JavaThread "Reference Handler" daemon [_thread_blocked, id=7932, stack(0x0000006d15000000,0x0000006d15100000)]
  0x0000024b48d6a800 JavaThread "Finalizer" daemon [_thread_blocked, id=5152, stack(0x0000006d15100000,0x0000006d15200000)]
  0x0000024b48d83000 JavaThread "Signal Dispatcher" daemon [_thread_blocked, id=3160, stack(0x0000006d15200000,0x0000006d15300000)]
  0x0000024b48d84000 JavaThread "Attach Listener" daemon [_thread_blocked, id=6160, stack(0x0000006d15300000,0x0000006d15400000)]
  0x0000024b48d86800 JavaThread "Service Thread" daemon [_thread_blocked, id=5232, stack(0x0000006d15400000,0x0000006d15500000)]
=>0x0000024b48dcb800 JavaThread "C2 CompilerThread0" daemon [_thread_in_native, id=3268, stack(0x0000006d15500000,0x0000006d15600000)]
  0x0000024b48f33800 JavaThread "C1 CompilerThread0" daemon [_thread_blocked, id=7920, stack(0x0000006d15600000,0x0000006d15700000)]
  0x0000024b48f35800 JavaThread "Sweeper thread" daemon [_thread_blocked, id=1208, stack(0x0000006d15700000,0x0000006d15800000)]
  0x0000024b4902b000 JavaThread "Common-Cleaner" daemon [_thread_blocked, id=6664, stack(0x0000006d15800000,0x0000006d15900000)]
  0x0000024b492a3800 JavaThread "Daemon health stats" [_thread_blocked, id=4268, stack(0x0000006d15b00000,0x0000006d15c00000)]
  0x0000024b4ace0800 JavaThread "Incoming local TCP Connector on port 2045" [_thread_in_native, id=5908, stack(0x0000006d15c00000,0x0000006d15d00000)]
  0x0000024b4a3c2800 JavaThread "Daemon periodic checks" [_thread_blocked, id=7880, stack(0x0000006d15d00000,0x0000006d15e00000)]
  0x0000024b4a81d800 JavaThread "Daemon" [_thread_blocked, id=880, stack(0x0000006d15e00000,0x0000006d15f00000)]
  0x0000024b4a2e9800 JavaThread "Handler for socket connection from /127.0.0.1:2045 to /127.0.0.1:2046" [_thread_in_native, id=5840, stack(0x0000006d15f00000,0x0000006d16000000)]
  0x0000024b4a15b000 JavaThread "Cancel handler" [_thread_blocked, id=1212, stack(0x0000006d16000000,0x0000006d16100000)]
  0x0000024b4a713800 JavaThread "Daemon worker" [_thread_blocked, id=5888, stack(0x0000006d16100000,0x0000006d16200000)]
  0x0000024b4a59d800 JavaThread "Asynchronous log dispatcher for DefaultDaemonConnection: socket connection from /127.0.0.1:2045 to /127.0.0.1:2046" [_thread_blocked, id=7624, stack(0x0000006d16200000,0x0000006d16300000)]
  0x0000024b498d9000 JavaThread "Daemon client event forwarder" [_thread_blocked, id=4768, stack(0x0000006d16400000,0x0000006d16500000)]
  0x0000024b498dc000 JavaThread "Cache worker for file hash cache (C:\Users\felip\.gradle\caches\7.0.2\fileHashes)" [_thread_blocked, id=7568, stack(0x0000006d16500000,0x0000006d16600000)]
  0x0000024b498d8000 JavaThread "File lock request listener" [_thread_in_native, id=5880, stack(0x0000006d16600000,0x0000006d16700000)]
  0x0000024b498db800 JavaThread "Cache worker for journal cache (C:\Users\felip\.gradle\caches\journal-1)" [_thread_blocked, id=6964, stack(0x0000006d16700000,0x0000006d16800000)]
  0x0000024b498dd000 JavaThread "Cache worker for file hash cache (C:\Users\felip\AndroidStudioProjects\VideoApp\.gradle\7.0.2\fileHashes)" [_thread_blocked, id=4644, stack(0x0000006d16800000,0x0000006d16900000)]
  0x0000024b498da800 JavaThread "File watcher server" daemon [_thread_in_native, id=7352, stack(0x0000006d16900000,0x0000006d16a00000)]
  0x0000024b498d7800 JavaThread "File watcher consumer" daemon [_thread_blocked, id=7828, stack(0x0000006d16a00000,0x0000006d16b00000)]
  0x0000024b498de000 JavaThread "Cache worker for checksums cache (C:\Users\felip\AndroidStudioProjects\VideoApp\.gradle\checksums)" [_thread_blocked, id=2316, stack(0x0000006d16b00000,0x0000006d16c00000)]
  0x0000024b498da000 JavaThread "Cache worker for cache directory md-supplier (C:\Users\felip\.gradle\caches\7.0.2\md-supplier)" [_thread_blocked, id=2784, stack(0x0000006d16c00000,0x0000006d16d00000)]
  0x0000024b4b2ee000 JavaThread "Cache worker for cache directory md-rule (C:\Users\felip\.gradle\caches\7.0.2\md-rule)" [_thread_blocked, id=5904, stack(0x0000006d16d00000,0x0000006d16e00000)]
  0x0000024b4b2ef000 JavaThread "Cache worker for execution history cache (C:\Users\felip\.gradle\caches\7.0.2\executionHistory)" [_thread_blocked, id=2840, stack(0x0000006d16e00000,0x0000006d16f00000)]
  0x0000024b4b2ef800 JavaThread "jar transforms" [_thread_blocked, id=2824, stack(0x0000006d16f00000,0x0000006d17000000)]
  0x0000024b4b2f0800 JavaThread "jar transforms Thread 2" [_thread_blocked, id=2800, stack(0x0000006d17000000,0x0000006d17100000)]
  0x0000024b4b2f1800 JavaThread "Cache worker for file content cache (C:\Users\felip\.gradle\caches\7.0.2\fileContent)" [_thread_blocked, id=2488, stack(0x0000006d17100000,0x0000006d17200000)]
  0x0000024b4b2ed000 JavaThread "Cache worker for dependencies-accessors (C:\Users\felip\AndroidStudioProjects\VideoApp\.gradle\7.0.2\dependencies-accessors)" [_thread_blocked, id=7444, stack(0x0000006d17200000,0x0000006d17300000)]
  0x0000024b4b2f7000 JavaThread "Cache worker for Build Output Cleanup Cache (C:\Users\felip\AndroidStudioProjects\VideoApp\.gradle\buildOutputCleanup)" [_thread_blocked, id=7868, stack(0x0000006d17300000,0x0000006d17400000)]
  0x0000024b4b2f9800 JavaThread "Build operations" [_thread_blocked, id=744, stack(0x0000006d17400000,0x0000006d17500000)]
  0x0000024b4b2f8000 JavaThread "Build operations Thread 2" [_thread_in_Java, id=6892, stack(0x0000006d17500000,0x0000006d17600000)]
  0x0000024b4b2f4000 JavaThread "Memory manager" [_thread_blocked, id=5400, stack(0x0000006d17800000,0x0000006d17900000)]
  0x0000024b4b2f8800 JavaThread "build event listener" [_thread_blocked, id=5464, stack(0x0000006d17900000,0x0000006d17a00000)]
  0x0000024b4b2fa800 JavaThread "build event listener" [_thread_blocked, id=5848, stack(0x0000006d14600000,0x0000006d14700000)]
  0x0000024b4b2f6000 JavaThread "Execution worker for ':'" [_thread_blocked, id=3824, stack(0x0000006d14700000,0x0000006d14800000)]
  0x0000024b4b2f4800 JavaThread "Cache worker for execution history cache (C:\Users\felip\AndroidStudioProjects\VideoApp\.gradle\7.0.2\executionHistory)" [_thread_blocked, id=996, stack(0x0000006d14800000,0x0000006d14900000)]
  0x0000024b4b2fb000 JavaThread "WorkerExecutor Queue" [_thread_blocked, id=6468, stack(0x0000006d16300000,0x0000006d16400000)]

Other Threads:
  0x0000024b48d63800 VMThread "VM Thread" [stack: 0x0000006d14f00000,0x0000006d15000000] [id=8108]
  0x0000024b49054800 WatcherThread [stack: 0x0000006d15900000,0x0000006d15a00000] [id=5184]
  0x0000024b3141b000 GCTaskThread "GC Thread#0" [stack: 0x0000006d14a00000,0x0000006d14b00000] [id=1320]
  0x0000024b4912e000 GCTaskThread "GC Thread#1" [stack: 0x0000006d15a00000,0x0000006d15b00000] [id=1040]
  0x0000024b31434800 ConcurrentGCThread "G1 Main Marker" [stack: 0x0000006d14b00000,0x0000006d14c00000] [id=4700]
  0x0000024b31436000 ConcurrentGCThread "G1 Conc#0" [stack: 0x0000006d14c00000,0x0000006d14d00000] [id=4872]
  0x0000024b31484800 ConcurrentGCThread "G1 Refine#0" [stack: 0x0000006d14d00000,0x0000006d14e00000] [id=7052]
  0x0000024b31485800 ConcurrentGCThread "G1 Young RemSet Sampling" [stack: 0x0000006d14e00000,0x0000006d14f00000] [id=7344]

Threads with active compile tasks:
C2 CompilerThread0 227665 17299 %     4       com.android.tools.r8.ir.regalloc.a::a @ 1262 (1824 bytes)

VM state:not at safepoint (normal execution)

VM Mutex/Monitor currently owned by a thread: None

Heap address: 0x00000000c0000000, size: 1024 MB, Compressed Oops mode: 32-bit
Narrow klass base: 0x0000000000000000, Narrow klass shift: 3
Compressed class space size: 1073741824 Address: 0x0000000100000000

Heap:
 garbage-first heap   total 329728K, used 259914K [0x00000000c0000000, 0x0000000100000000)
  region size 1024K, 69 young (70656K), 3 survivors (3072K)
 Metaspace       used 101206K, capacity 103827K, committed 103932K, reserved 1138688K
  class space    used 12924K, capacity 13929K, committed 13952K, reserved 1048576K
Heap Regions: E=young(eden), S=young(survivor), O=old, HS=humongous(starts), HC=humongous(continues), CS=collection set, F=free, A=archive, TAMS=top-at-mark-start (previous, next)
|   0|0x00000000c0000000, 0x00000000c0100000, 0x00000000c0100000|100%| O|  |TAMS 0x00000000c0100000, 0x00000000c0000000| Untracked 
|   1|0x00000000c0100000, 0x00000000c0200000, 0x00000000c0200000|100%| O|  |TAMS 0x00000000c0200000, 0x00000000c0100000| Untracked 
|   2|0x00000000c0200000, 0x00000000c0300000, 0x00000000c0300000|100%| O|  |TAMS 0x00000000c0300000, 0x00000000c0200000| Untracked 
|   3|0x00000000c0300000, 0x00000000c0400000, 0x00000000c0400000|100%| O|  |TAMS 0x00000000c0400000, 0x00000000c0300000| Untracked 
|   4|0x00000000c0400000, 0x00000000c0500000, 0x00000000c0500000|100%|HS|  |TAMS 0x00000000c0500000, 0x00000000c0400000| Complete 
|   5|0x00000000c0500000, 0x00000000c0600000, 0x00000000c0600000|100%|HC|  |TAMS 0x00000000c0600000, 0x00000000c0500000| Complete 
|   6|0x00000000c0600000, 0x00000000c0700000, 0x00000000c0700000|100%|HC|  |TAMS 0x00000000c0700000, 0x00000000c0600000| Complete 
|   7|0x00000000c0700000, 0x00000000c0800000, 0x00000000c0800000|100%| O|  |TAMS 0x00000000c0800000, 0x00000000c0700000| Untracked 
|   8|0x00000000c0800000, 0x00000000c0900000, 0x00000000c0900000|100%| O|  |TAMS 0x00000000c0900000, 0x00000000c0800000| Untracked 
|   9|0x00000000c0900000, 0x00000000c0a00000, 0x00000000c0a00000|100%| O|  |TAMS 0x00000000c0a00000, 0x00000000c0900000| Untracked 
|  10|0x00000000c0a00000, 0x00000000c0b00000, 0x00000000c0b00000|100%| O|  |TAMS 0x00000000c0b00000, 0x00000000c0a00000| Untracked 
|  11|0x00000000c0b00000, 0x00000000c0c00000, 0x00000000c0c00000|100%| O|  |TAMS 0x00000000c0c00000, 0x00000000c0b00000| Untracked 
|  12|0x00000000c0c00000, 0x00000000c0d00000, 0x00000000c0d00000|100%| O|  |TAMS 0x00000000c0d00000, 0x00000000c0c00000| Untracked 
|  13|0x00000000c0d00000, 0x00000000c0e00000, 0x00000000c0e00000|100%| O|  |TAMS 0x00000000c0e00000, 0x00000000c0d00000| Untracked 
|  14|0x00000000c0e00000, 0x00000000c0f00000, 0x00000000c0f00000|100%| O|  |TAMS 0x00000000c0f00000, 0x00000000c0e00000| Untracked 
|  15|0x00000000c0f00000, 0x00000000c1000000, 0x00000000c1000000|100%| O|  |TAMS 0x00000000c1000000, 0x00000000c0f00000| Untracked 
|  16|0x00000000c1000000, 0x00000000c1100000, 0x00000000c1100000|100%| O|  |TAMS 0x00000000c1100000, 0x00000000c1000000| Untracked 
|  17|0x00000000c1100000, 0x00000000c1200000, 0x00000000c1200000|100%| O|  |TAMS 0x00000000c1200000, 0x00000000c1100000| Untracked 
|  18|0x00000000c1200000, 0x00000000c1300000, 0x00000000c1300000|100%| O|  |TAMS 0x00000000c1300000, 0x00000000c1200000| Untracked 
|  19|0x00000000c1300000, 0x00000000c1400000, 0x00000000c1400000|100%| O|  |TAMS 0x00000000c1400000, 0x00000000c1300000| Untracked 
|  20|0x00000000c1400000, 0x00000000c1500000, 0x00000000c1500000|100%| O|  |TAMS 0x00000000c1500000, 0x00000000c1400000| Untracked 
|  21|0x00000000c1500000, 0x00000000c1600000, 0x00000000c1600000|100%| O|  |TAMS 0x00000000c1600000, 0x00000000c1500000| Untracked 
|  22|0x00000000c1600000, 0x00000000c1700000, 0x00000000c1700000|100%| O|  |TAMS 0x00000000c1700000, 0x00000000c1600000| Untracked 
|  23|0x00000000c1700000, 0x00000000c1800000, 0x00000000c1800000|100%| O|  |TAMS 0x00000000c1800000, 0x00000000c1700000| Untracked 
|  24|0x00000000c1800000, 0x00000000c1900000, 0x00000000c1900000|100%| O|  |TAMS 0x00000000c1900000, 0x00000000c1800000| Untracked 
|  25|0x00000000c1900000, 0x00000000c1a00000, 0x00000000c1a00000|100%| O|  |TAMS 0x00000000c1a00000, 0x00000000c1900000| Untracked 
|  26|0x00000000c1a00000, 0x00000000c1b00000, 0x00000000c1b00000|100%| O|  |TAMS 0x00000000c1b00000, 0x00000000c1a00000| Untracked 
|  27|0x00000000c1b00000, 0x00000000c1c00000, 0x00000000c1c00000|100%|HS|  |TAMS 0x00000000c1c00000, 0x00000000c1b00000| Complete 
|  28|0x00000000c1c00000, 0x00000000c1d00000, 0x00000000c1d00000|100%|HS|  |TAMS 0x00000000c1d00000, 0x00000000c1c00000| Complete 
|  29|0x00000000c1d00000, 0x00000000c1e00000, 0x00000000c1e00000|100%|HS|  |TAMS 0x00000000c1e00000, 0x00000000c1d00000| Complete 
|  30|0x00000000c1e00000, 0x00000000c1f00000, 0x00000000c1f00000|100%|HS|  |TAMS 0x00000000c1f00000, 0x00000000c1e00000| Complete 
|  31|0x00000000c1f00000, 0x00000000c2000000, 0x00000000c2000000|100%|HC|  |TAMS 0x00000000c2000000, 0x00000000c1f00000| Complete 
|  32|0x00000000c2000000, 0x00000000c2100000, 0x00000000c2100000|100%|HC|  |TAMS 0x00000000c2100000, 0x00000000c2000000| Complete 
|  33|0x00000000c2100000, 0x00000000c2200000, 0x00000000c2200000|100%| O|  |TAMS 0x00000000c2200000, 0x00000000c2100000| Untracked 
|  34|0x00000000c2200000, 0x00000000c2300000, 0x00000000c2300000|100%| O|  |TAMS 0x00000000c2300000, 0x00000000c2200000| Untracked 
|  35|0x00000000c2300000, 0x00000000c2400000, 0x00000000c2400000|100%| O|  |TAMS 0x00000000c2400000, 0x00000000c2300000| Untracked 
|  36|0x00000000c2400000, 0x00000000c2500000, 0x00000000c2500000|100%|HS|  |TAMS 0x00000000c2500000, 0x00000000c2400000| Complete 
|  37|0x00000000c2500000, 0x00000000c2600000, 0x00000000c2600000|100%|HC|  |TAMS 0x00000000c2600000, 0x00000000c2500000| Complete 
|  38|0x00000000c2600000, 0x00000000c2700000, 0x00000000c2700000|100%| O|  |TAMS 0x00000000c2700000, 0x00000000c2600000| Untracked 
|  39|0x00000000c2700000, 0x00000000c2800000, 0x00000000c2800000|100%| O|  |TAMS 0x00000000c2800000, 0x00000000c2700000| Untracked 
|  40|0x00000000c2800000, 0x00000000c2900000, 0x00000000c2900000|100%| O|  |TAMS 0x00000000c2900000, 0x00000000c2800000| Untracked 
|  41|0x00000000c2900000, 0x00000000c2a00000, 0x00000000c2a00000|100%| O|  |TAMS 0x00000000c2a00000, 0x00000000c2900000| Untracked 
|  42|0x00000000c2a00000, 0x00000000c2b00000, 0x00000000c2b00000|100%| O|  |TAMS 0x00000000c2b00000, 0x00000000c2a00000| Untracked 
|  43|0x00000000c2b00000, 0x00000000c2c00000, 0x00000000c2c00000|100%| O|  |TAMS 0x00000000c2c00000, 0x00000000c2b00000| Untracked 
|  44|0x00000000c2c00000, 0x00000000c2d00000, 0x00000000c2d00000|100%| O|  |TAMS 0x00000000c2d00000, 0x00000000c2c00000| Untracked 
|  45|0x00000000c2d00000, 0x00000000c2e00000, 0x00000000c2e00000|100%| O|  |TAMS 0x00000000c2e00000, 0x00000000c2d00000| Untracked 
|  46|0x00000000c2e00000, 0x00000000c2f00000, 0x00000000c2f00000|100%| O|  |TAMS 0x00000000c2f00000, 0x00000000c2e00000| Untracked 
|  47|0x00000000c2f00000, 0x00000000c3000000, 0x00000000c3000000|100%| O|  |TAMS 0x00000000c3000000, 0x00000000c2f00000| Untracked 
|  48|0x00000000c3000000, 0x00000000c3100000, 0x00000000c3100000|100%| O|  |TAMS 0x00000000c3100000, 0x00000000c3000000| Untracked 
|  49|0x00000000c3100000, 0x00000000c3200000, 0x00000000c3200000|100%| O|  |TAMS 0x00000000c3200000, 0x00000000c3100000| Untracked 
|  50|0x00000000c3200000, 0x00000000c3300000, 0x00000000c3300000|100%| O|  |TAMS 0x00000000c3300000, 0x00000000c3200000| Untracked 
|  51|0x00000000c3300000, 0x00000000c3400000, 0x00000000c3400000|100%| O|  |TAMS 0x00000000c3400000, 0x00000000c3300000| Untracked 
|  52|0x00000000c3400000, 0x00000000c3500000, 0x00000000c3500000|100%| O|  |TAMS 0x00000000c3500000, 0x00000000c3400000| Untracked 
|  53|0x00000000c3500000, 0x00000000c3600000, 0x00000000c3600000|100%| O|  |TAMS 0x00000000c3600000, 0x00000000c3500000| Untracked 
|  54|0x00000000c3600000, 0x00000000c3700000, 0x00000000c3700000|100%| O|  |TAMS 0x00000000c3700000, 0x00000000c3600000| Untracked 
|  55|0x00000000c3700000, 0x00000000c3800000, 0x00000000c3800000|100%| O|  |TAMS 0x00000000c3800000, 0x00000000c3700000| Untracked 
|  56|0x00000000c3800000, 0x00000000c3900000, 0x00000000c3900000|100%| O|  |TAMS 0x00000000c3900000, 0x00000000c3800000| Untracked 
|  57|0x00000000c3900000, 0x00000000c3a00000, 0x00000000c3a00000|100%| O|  |TAMS 0x00000000c3a00000, 0x00000000c3900000| Untracked 
|  58|0x00000000c3a00000, 0x00000000c3b00000, 0x00000000c3b00000|100%| O|  |TAMS 0x00000000c3b00000, 0x00000000c3a00000| Untracked 
|  59|0x00000000c3b00000, 0x00000000c3c00000, 0x00000000c3c00000|100%| O|  |TAMS 0x00000000c3c00000, 0x00000000c3b00000| Untracked 
|  60|0x00000000c3c00000, 0x00000000c3d00000, 0x00000000c3d00000|100%| O|  |TAMS 0x00000000c3d00000, 0x00000000c3c00000| Untracked 
|  61|0x00000000c3d00000, 0x00000000c3e00000, 0x00000000c3e00000|100%| O|  |TAMS 0x00000000c3e00000, 0x00000000c3d00000| Untracked 
|  62|0x00000000c3e00000, 0x00000000c3f00000, 0x00000000c3f00000|100%| O|  |TAMS 0x00000000c3f00000, 0x00000000c3e00000| Untracked 
|  63|0x00000000c3f00000, 0x00000000c4000000, 0x00000000c4000000|100%| O|  |TAMS 0x00000000c4000000, 0x00000000c3f00000| Untracked 
|  64|0x00000000c4000000, 0x00000000c4100000, 0x00000000c4100000|100%| O|  |TAMS 0x00000000c4100000, 0x00000000c4000000| Untracked 
|  65|0x00000000c4100000, 0x00000000c4200000, 0x00000000c4200000|100%| O|  |TAMS 0x00000000c4200000, 0x00000000c4100000| Untracked 
|  66|0x00000000c4200000, 0x00000000c4300000, 0x00000000c4300000|100%| O|  |TAMS 0x00000000c4300000, 0x00000000c4200000| Untracked 
|  67|0x00000000c4300000, 0x00000000c4400000, 0x00000000c4400000|100%| O|  |TAMS 0x00000000c4400000, 0x00000000c4300000| Untracked 
|  68|0x00000000c4400000, 0x00000000c4500000, 0x00000000c4500000|100%| O|  |TAMS 0x00000000c4500000, 0x00000000c4400000| Untracked 
|  69|0x00000000c4500000, 0x00000000c4600000, 0x00000000c4600000|100%| O|  |TAMS 0x00000000c4600000, 0x00000000c4500000| Untracked 
|  70|0x00000000c4600000, 0x00000000c4700000, 0x00000000c4700000|100%| O|  |TAMS 0x00000000c4700000, 0x00000000c4600000| Untracked 
|  71|0x00000000c4700000, 0x00000000c4800000, 0x00000000c4800000|100%| O|  |TAMS 0x00000000c4800000, 0x00000000c4700000| Untracked 
|  72|0x00000000c4800000, 0x00000000c4900000, 0x00000000c4900000|100%| O|  |TAMS 0x00000000c4900000, 0x00000000c4800000| Untracked 
|  73|0x00000000c4900000, 0x00000000c4a00000, 0x00000000c4a00000|100%| O|  |TAMS 0x00000000c4a00000, 0x00000000c4900000| Untracked 
|  74|0x00000000c4a00000, 0x00000000c4b00000, 0x00000000c4b00000|100%| O|  |TAMS 0x00000000c4b00000, 0x00000000c4a00000| Untracked 
|  75|0x00000000c4b00000, 0x00000000c4c00000, 0x00000000c4c00000|100%| O|  |TAMS 0x00000000c4c00000, 0x00000000c4b00000| Untracked 
|  76|0x00000000c4c00000, 0x00000000c4d00000, 0x00000000c4d00000|100%| O|  |TAMS 0x00000000c4d00000, 0x00000000c4c00000| Untracked 
|  77|0x00000000c4d00000, 0x00000000c4e00000, 0x00000000c4e00000|100%| O|  |TAMS 0x00000000c4e00000, 0x00000000c4d00000| Untracked 
|  78|0x00000000c4e00000, 0x00000000c4f00000, 0x00000000c4f00000|100%| O|  |TAMS 0x00000000c4f00000, 0x00000000c4e00000| Untracked 
|  79|0x00000000c4f00000, 0x00000000c5000000, 0x00000000c5000000|100%| O|  |TAMS 0x00000000c5000000, 0x00000000c4f00000| Untracked 
|  80|0x00000000c5000000, 0x00000000c5100000, 0x00000000c5100000|100%| O|  |TAMS 0x00000000c5100000, 0x00000000c5000000| Untracked 
|  81|0x00000000c5100000, 0x00000000c5200000, 0x00000000c5200000|100%| O|  |TAMS 0x00000000c5200000, 0x00000000c5100000| Untracked 
|  82|0x00000000c5200000, 0x00000000c5300000, 0x00000000c5300000|100%| O|  |TAMS 0x00000000c5300000, 0x00000000c5200000| Untracked 
|  83|0x00000000c5300000, 0x00000000c5400000, 0x00000000c5400000|100%| O|  |TAMS 0x00000000c5400000, 0x00000000c5300000| Untracked 
|  84|0x00000000c5400000, 0x00000000c5500000, 0x00000000c5500000|100%| O|  |TAMS 0x00000000c5500000, 0x00000000c5400000| Untracked 
|  85|0x00000000c5500000, 0x00000000c5600000, 0x00000000c5600000|100%| O|  |TAMS 0x00000000c5600000, 0x00000000c5500000| Untracked 
|  86|0x00000000c5600000, 0x00000000c5700000, 0x00000000c5700000|100%| O|  |TAMS 0x00000000c5700000, 0x00000000c5600000| Untracked 
|  87|0x00000000c5700000, 0x00000000c5800000, 0x00000000c5800000|100%|HS|  |TAMS 0x00000000c5800000, 0x00000000c5700000| Complete 
|  88|0x00000000c5800000, 0x00000000c5900000, 0x00000000c5900000|100%| O|  |TAMS 0x00000000c5900000, 0x00000000c5800000| Untracked 
|  89|0x00000000c5900000, 0x00000000c5a00000, 0x00000000c5a00000|100%| O|  |TAMS 0x00000000c5a00000, 0x00000000c5900000| Untracked 
|  90|0x00000000c5a00000, 0x00000000c5b00000, 0x00000000c5b00000|100%| O|  |TAMS 0x00000000c5b00000, 0x00000000c5a00000| Untracked 
|  91|0x00000000c5b00000, 0x00000000c5c00000, 0x00000000c5c00000|100%| O|  |TAMS 0x00000000c5c00000, 0x00000000c5b00000| Untracked 
|  92|0x00000000c5c00000, 0x00000000c5d00000, 0x00000000c5d00000|100%| O|  |TAMS 0x00000000c5d00000, 0x00000000c5c00000| Untracked 
|  93|0x00000000c5d00000, 0x00000000c5e00000, 0x00000000c5e00000|100%| O|  |TAMS 0x00000000c5e00000, 0x00000000c5d00000| Untracked 
|  94|0x00000000c5e00000, 0x00000000c5f00000, 0x00000000c5f00000|100%| O|  |TAMS 0x00000000c5f00000, 0x00000000c5e00000| Untracked 
|  95|0x00000000c5f00000, 0x00000000c6000000, 0x00000000c6000000|100%| O|  |TAMS 0x00000000c6000000, 0x00000000c5f00000| Untracked 
|  96|0x00000000c6000000, 0x00000000c6100000, 0x00000000c6100000|100%| O|  |TAMS 0x00000000c6100000, 0x00000000c6000000| Untracked 
|  97|0x00000000c6100000, 0x00000000c6200000, 0x00000000c6200000|100%| O|  |TAMS 0x00000000c6200000, 0x00000000c6100000| Untracked 
|  98|0x00000000c6200000, 0x00000000c6300000, 0x00000000c6300000|100%| O|  |TAMS 0x00000000c6300000, 0x00000000c6200000| Untracked 
|  99|0x00000000c6300000, 0x00000000c6400000, 0x00000000c6400000|100%| O|  |TAMS 0x00000000c6400000, 0x00000000c6300000| Untracked 
| 100|0x00000000c6400000, 0x00000000c6500000, 0x00000000c6500000|100%| O|  |TAMS 0x00000000c6500000, 0x00000000c6400000| Untracked 
| 101|0x00000000c6500000, 0x00000000c6600000, 0x00000000c6600000|100%| O|  |TAMS 0x00000000c6600000, 0x00000000c6500000| Untracked 
| 102|0x00000000c6600000, 0x00000000c6700000, 0x00000000c6700000|100%| O|  |TAMS 0x00000000c6700000, 0x00000000c6600000| Untracked 
| 103|0x00000000c6700000, 0x00000000c6800000, 0x00000000c6800000|100%| O|  |TAMS 0x00000000c6700000, 0x00000000c6700000| Untracked 
| 104|0x00000000c6800000, 0x00000000c6900000, 0x00000000c6900000|100%| O|  |TAMS 0x00000000c6900000, 0x00000000c6800000| Untracked 
| 105|0x00000000c6900000, 0x00000000c6a00000, 0x00000000c6a00000|100%| O|  |TAMS 0x00000000c6a00000, 0x00000000c6900000| Untracked 
| 106|0x00000000c6a00000, 0x00000000c6b00000, 0x00000000c6b00000|100%| O|  |TAMS 0x00000000c6b00000, 0x00000000c6a00000| Untracked 
| 107|0x00000000c6b00000, 0x00000000c6c00000, 0x00000000c6c00000|100%| O|  |TAMS 0x00000000c6c00000, 0x00000000c6b00000| Untracked 
| 108|0x00000000c6c00000, 0x00000000c6d00000, 0x00000000c6d00000|100%| O|  |TAMS 0x00000000c6c00000, 0x00000000c6c00000| Untracked 
| 109|0x00000000c6d00000, 0x00000000c6e00000, 0x00000000c6e00000|100%| O|  |TAMS 0x00000000c6e00000, 0x00000000c6d00000| Untracked 
| 110|0x00000000c6e00000, 0x00000000c6f00000, 0x00000000c6f00000|100%| O|  |TAMS 0x00000000c6f00000, 0x00000000c6e00000| Untracked 
| 111|0x00000000c6f00000, 0x00000000c7000000, 0x00000000c7000000|100%| O|  |TAMS 0x00000000c7000000, 0x00000000c6f00000| Untracked 
| 112|0x00000000c7000000, 0x00000000c7100000, 0x00000000c7100000|100%| O|  |TAMS 0x00000000c7100000, 0x00000000c7000000| Untracked 
| 113|0x00000000c7100000, 0x00000000c7200000, 0x00000000c7200000|100%| O|  |TAMS 0x00000000c7200000, 0x00000000c7100000| Untracked 
| 114|0x00000000c7200000, 0x00000000c7300000, 0x00000000c7300000|100%| O|  |TAMS 0x00000000c7300000, 0x00000000c7200000| Untracked 
| 115|0x00000000c7300000, 0x00000000c7400000, 0x00000000c7400000|100%| O|  |TAMS 0x00000000c7400000, 0x00000000c7300000| Untracked 
| 116|0x00000000c7400000, 0x00000000c7500000, 0x00000000c7500000|100%| O|  |TAMS 0x00000000c7500000, 0x00000000c7400000| Untracked 
| 117|0x00000000c7500000, 0x00000000c7600000, 0x00000000c7600000|100%| O|  |TAMS 0x00000000c7600000, 0x00000000c7500000| Untracked 
| 118|0x00000000c7600000, 0x00000000c7700000, 0x00000000c7700000|100%| O|  |TAMS 0x00000000c7700000, 0x00000000c7600000| Untracked 
| 119|0x00000000c7700000, 0x00000000c7800000, 0x00000000c7800000|100%| O|  |TAMS 0x00000000c7700000, 0x00000000c7700000| Untracked 
| 120|0x00000000c7800000, 0x00000000c7900000, 0x00000000c7900000|100%| O|  |TAMS 0x00000000c7900000, 0x00000000c7800000| Untracked 
| 121|0x00000000c7900000, 0x00000000c7a00000, 0x00000000c7a00000|100%| O|  |TAMS 0x00000000c7a00000, 0x00000000c7900000| Untracked 
| 122|0x00000000c7a00000, 0x00000000c7b00000, 0x00000000c7b00000|100%| O|  |TAMS 0x00000000c7b00000, 0x00000000c7a00000| Untracked 
| 123|0x00000000c7b00000, 0x00000000c7c00000, 0x00000000c7c00000|100%| O|  |TAMS 0x00000000c7c00000, 0x00000000c7b00000| Untracked 
| 124|0x00000000c7c00000, 0x00000000c7d00000, 0x00000000c7d00000|100%| O|  |TAMS 0x00000000c7d00000, 0x00000000c7c00000| Untracked 
| 125|0x00000000c7d00000, 0x00000000c7e00000, 0x00000000c7e00000|100%| O|  |TAMS 0x00000000c7e00000, 0x00000000c7d00000| Untracked 
| 126|0x00000000c7e00000, 0x00000000c7f00000, 0x00000000c7f00000|100%| O|  |TAMS 0x00000000c7f00000, 0x00000000c7e00000| Untracked 
| 127|0x00000000c7f00000, 0x00000000c8000000, 0x00000000c8000000|100%| O|  |TAMS 0x00000000c8000000, 0x00000000c7f00000| Untracked 
| 128|0x00000000c8000000, 0x00000000c8100000, 0x00000000c8100000|100%| O|  |TAMS 0x00000000c8100000, 0x00000000c8000000| Untracked 
| 129|0x00000000c8100000, 0x00000000c8200000, 0x00000000c8200000|100%| O|  |TAMS 0x00000000c8200000, 0x00000000c8100000| Untracked 
| 130|0x00000000c8200000, 0x00000000c8300000, 0x00000000c8300000|100%| O|  |TAMS 0x00000000c8300000, 0x00000000c8200000| Untracked 
| 131|0x00000000c8300000, 0x00000000c8400000, 0x00000000c8400000|100%| O|  |TAMS 0x00000000c8400000, 0x00000000c8300000| Untracked 
| 132|0x00000000c8400000, 0x00000000c8500000, 0x00000000c8500000|100%| O|  |TAMS 0x00000000c8500000, 0x00000000c8400000| Untracked 
| 133|0x00000000c8500000, 0x00000000c8600000, 0x00000000c8600000|100%| O|  |TAMS 0x00000000c8600000, 0x00000000c8500000| Untracked 
| 134|0x00000000c8600000, 0x00000000c8700000, 0x00000000c8700000|100%| O|  |TAMS 0x00000000c8700000, 0x00000000c8600000| Untracked 
| 135|0x00000000c8700000, 0x00000000c8800000, 0x00000000c8800000|100%| O|  |TAMS 0x00000000c8800000, 0x00000000c8700000| Untracked 
| 136|0x00000000c8800000, 0x00000000c8900000, 0x00000000c8900000|100%| O|  |TAMS 0x00000000c8900000, 0x00000000c8800000| Untracked 
| 137|0x00000000c8900000, 0x00000000c8a00000, 0x00000000c8a00000|100%| O|  |TAMS 0x00000000c8a00000, 0x00000000c8900000| Untracked 
| 138|0x00000000c8a00000, 0x00000000c8b00000, 0x00000000c8b00000|100%| O|  |TAMS 0x00000000c8b00000, 0x00000000c8a00000| Untracked 
| 139|0x00000000c8b00000, 0x00000000c8c00000, 0x00000000c8c00000|100%| O|  |TAMS 0x00000000c8b00000, 0x00000000c8b00000| Untracked 
| 140|0x00000000c8c00000, 0x00000000c8d00000, 0x00000000c8d00000|100%| O|  |TAMS 0x00000000c8d00000, 0x00000000c8c00000| Untracked 
| 141|0x00000000c8d00000, 0x00000000c8e00000, 0x00000000c8e00000|100%| O|  |TAMS 0x00000000c8e00000, 0x00000000c8d00000| Untracked 
| 142|0x00000000c8e00000, 0x00000000c8f00000, 0x00000000c8f00000|100%| O|  |TAMS 0x00000000c8f00000, 0x00000000c8e00000| Untracked 
| 143|0x00000000c8f00000, 0x00000000c9000000, 0x00000000c9000000|100%| O|  |TAMS 0x00000000c9000000, 0x00000000c8f00000| Untracked 
| 144|0x00000000c9000000, 0x00000000c9100000, 0x00000000c9100000|100%| O|  |TAMS 0x00000000c9100000, 0x00000000c9000000| Untracked 
| 145|0x00000000c9100000, 0x00000000c9200000, 0x00000000c9200000|100%| O|  |TAMS 0x00000000c9100000, 0x00000000c9100000| Untracked 
| 146|0x00000000c9200000, 0x00000000c9300000, 0x00000000c9300000|100%| O|  |TAMS 0x00000000c9300000, 0x00000000c9200000| Untracked 
| 147|0x00000000c9300000, 0x00000000c9400000, 0x00000000c9400000|100%| O|  |TAMS 0x00000000c9400000, 0x00000000c9300000| Untracked 
| 148|0x00000000c9400000, 0x00000000c9500000, 0x00000000c9500000|100%| O|  |TAMS 0x00000000c9500000, 0x00000000c9400000| Untracked 
| 149|0x00000000c9500000, 0x00000000c9600000, 0x00000000c9600000|100%| O|  |TAMS 0x00000000c9600000, 0x00000000c9500000| Untracked 
| 150|0x00000000c9600000, 0x00000000c9700000, 0x00000000c9700000|100%| O|  |TAMS 0x00000000c9700000, 0x00000000c9600000| Untracked 
| 151|0x00000000c9700000, 0x00000000c9800000, 0x00000000c9800000|100%| O|  |TAMS 0x00000000c9800000, 0x00000000c9700000| Untracked 
| 152|0x00000000c9800000, 0x00000000c9900000, 0x00000000c9900000|100%| O|  |TAMS 0x00000000c9900000, 0x00000000c9800000| Untracked 
| 153|0x00000000c9900000, 0x00000000c9a00000, 0x00000000c9a00000|100%| O|  |TAMS 0x00000000c9a00000, 0x00000000c9900000| Untracked 
| 154|0x00000000c9a00000, 0x00000000c9b00000, 0x00000000c9b00000|100%| O|  |TAMS 0x00000000c9b00000, 0x00000000c9a00000| Untracked 
| 155|0x00000000c9b00000, 0x00000000c9c00000, 0x00000000c9c00000|100%| O|  |TAMS 0x00000000c9b51000, 0x00000000c9b00000| Untracked 
| 156|0x00000000c9c00000, 0x00000000c9d00000, 0x00000000c9d00000|100%| O|  |TAMS 0x00000000c9c00000, 0x00000000c9c00000| Untracked 
| 157|0x00000000c9d00000, 0x00000000c9e00000, 0x00000000c9e00000|100%| O|  |TAMS 0x00000000c9d00000, 0x00000000c9d00000| Untracked 
| 158|0x00000000c9e00000, 0x00000000c9f00000, 0x00000000c9f00000|100%| O|  |TAMS 0x00000000c9e00000, 0x00000000c9e00000| Untracked 
| 159|0x00000000c9f00000, 0x00000000ca000000, 0x00000000ca000000|100%| O|  |TAMS 0x00000000c9f00000, 0x00000000c9f00000| Untracked 
| 160|0x00000000ca000000, 0x00000000ca100000, 0x00000000ca100000|100%| O|  |TAMS 0x00000000ca000000, 0x00000000ca000000| Untracked 
| 161|0x00000000ca100000, 0x00000000ca200000, 0x00000000ca200000|100%| O|  |TAMS 0x00000000ca100000, 0x00000000ca100000| Untracked 
| 162|0x00000000ca200000, 0x00000000ca300000, 0x00000000ca300000|100%| O|  |TAMS 0x00000000ca200000, 0x00000000ca200000| Untracked 
| 163|0x00000000ca300000, 0x00000000ca400000, 0x00000000ca400000|100%| O|  |TAMS 0x00000000ca300000, 0x00000000ca300000| Untracked 
| 164|0x00000000ca400000, 0x00000000ca500000, 0x00000000ca500000|100%| O|  |TAMS 0x00000000ca400000, 0x00000000ca400000| Untracked 
| 165|0x00000000ca500000, 0x00000000ca600000, 0x00000000ca600000|100%| O|  |TAMS 0x00000000ca500000, 0x00000000ca500000| Untracked 
| 166|0x00000000ca600000, 0x00000000ca700000, 0x00000000ca700000|100%| O|  |TAMS 0x00000000ca600000, 0x00000000ca600000| Untracked 
| 167|0x00000000ca700000, 0x00000000ca800000, 0x00000000ca800000|100%| O|  |TAMS 0x00000000ca700000, 0x00000000ca700000| Untracked 
| 168|0x00000000ca800000, 0x00000000ca900000, 0x00000000ca900000|100%| O|  |TAMS 0x00000000ca800000, 0x00000000ca800000| Untracked 
| 169|0x00000000ca900000, 0x00000000caa00000, 0x00000000caa00000|100%| O|  |TAMS 0x00000000ca900000, 0x00000000ca900000| Untracked 
| 170|0x00000000caa00000, 0x00000000cab00000, 0x00000000cab00000|100%| O|  |TAMS 0x00000000caa00000, 0x00000000caa00000| Untracked 
| 171|0x00000000cab00000, 0x00000000cac00000, 0x00000000cac00000|100%| O|  |TAMS 0x00000000cab00000, 0x00000000cab00000| Untracked 
| 172|0x00000000cac00000, 0x00000000cad00000, 0x00000000cad00000|100%| O|  |TAMS 0x00000000cac00000, 0x00000000cac00000| Untracked 
| 173|0x00000000cad00000, 0x00000000cae00000, 0x00000000cae00000|100%| O|  |TAMS 0x00000000cad00000, 0x00000000cad00000| Untracked 
| 174|0x00000000cae00000, 0x00000000caf00000, 0x00000000caf00000|100%| O|  |TAMS 0x00000000cae00000, 0x00000000cae00000| Untracked 
| 175|0x00000000caf00000, 0x00000000cb000000, 0x00000000cb000000|100%| O|  |TAMS 0x00000000caf00000, 0x00000000caf00000| Untracked 
| 176|0x00000000cb000000, 0x00000000cb100000, 0x00000000cb100000|100%| O|  |TAMS 0x00000000cb000000, 0x00000000cb000000| Untracked 
| 177|0x00000000cb100000, 0x00000000cb200000, 0x00000000cb200000|100%| O|  |TAMS 0x00000000cb100000, 0x00000000cb100000| Untracked 
| 178|0x00000000cb200000, 0x00000000cb300000, 0x00000000cb300000|100%| O|  |TAMS 0x00000000cb200000, 0x00000000cb200000| Untracked 
| 179|0x00000000cb300000, 0x00000000cb400000, 0x00000000cb400000|100%| O|  |TAMS 0x00000000cb300000, 0x00000000cb300000| Untracked 
| 180|0x00000000cb400000, 0x00000000cb500000, 0x00000000cb500000|100%| O|  |TAMS 0x00000000cb400000, 0x00000000cb400000| Untracked 
| 181|0x00000000cb500000, 0x00000000cb600000, 0x00000000cb600000|100%| O|  |TAMS 0x00000000cb500000, 0x00000000cb500000| Untracked 
| 182|0x00000000cb600000, 0x00000000cb700000, 0x00000000cb700000|100%| O|  |TAMS 0x00000000cb600000, 0x00000000cb600000| Untracked 
| 183|0x00000000cb700000, 0x00000000cb800000, 0x00000000cb800000|100%| O|  |TAMS 0x00000000cb700000, 0x00000000cb700000| Untracked 
| 184|0x00000000cb800000, 0x00000000cb900000, 0x00000000cb900000|100%| O|  |TAMS 0x00000000cb800000, 0x00000000cb800000| Untracked 
| 185|0x00000000cb900000, 0x00000000cba00000, 0x00000000cba00000|100%| O|  |TAMS 0x00000000cb900000, 0x00000000cb900000| Untracked 
| 186|0x00000000cba00000, 0x00000000cba80000, 0x00000000cbb00000| 50%| O|  |TAMS 0x00000000cba00000, 0x00000000cba00000| Untracked 
| 187|0x00000000cbb00000, 0x00000000cbb00000, 0x00000000cbc00000|  0%| F|  |TAMS 0x00000000cbb00000, 0x00000000cbb00000| Untracked 
| 188|0x00000000cbc00000, 0x00000000cbc00000, 0x00000000cbd00000|  0%| F|  |TAMS 0x00000000cbc00000, 0x00000000cbc00000| Untracked 
| 189|0x00000000cbd00000, 0x00000000cbd00000, 0x00000000cbe00000|  0%| F|  |TAMS 0x00000000cbd00000, 0x00000000cbd00000| Untracked 
| 190|0x00000000cbe00000, 0x00000000cbe00000, 0x00000000cbf00000|  0%| F|  |TAMS 0x00000000cbe00000, 0x00000000cbe00000| Untracked 
| 191|0x00000000cbf00000, 0x00000000cbf00000, 0x00000000cc000000|  0%| F|  |TAMS 0x00000000cbf00000, 0x00000000cbf00000| Untracked 
| 192|0x00000000cc000000, 0x00000000cc000000, 0x00000000cc100000|  0%| F|  |TAMS 0x00000000cc000000, 0x00000000cc000000| Untracked 
| 193|0x00000000cc100000, 0x00000000cc100000, 0x00000000cc200000|  0%| F|  |TAMS 0x00000000cc100000, 0x00000000cc100000| Untracked 
| 194|0x00000000cc200000, 0x00000000cc200000, 0x00000000cc300000|  0%| F|  |TAMS 0x00000000cc200000, 0x00000000cc200000| Untracked 
| 195|0x00000000cc300000, 0x00000000cc300000, 0x00000000cc400000|  0%| F|  |TAMS 0x00000000cc300000, 0x00000000cc300000| Untracked 
| 196|0x00000000cc400000, 0x00000000cc400000, 0x00000000cc500000|  0%| F|  |TAMS 0x00000000cc400000, 0x00000000cc400000| Untracked 
| 197|0x00000000cc500000, 0x00000000cc500000, 0x00000000cc600000|  0%| F|  |TAMS 0x00000000cc500000, 0x00000000cc500000| Untracked 
| 198|0x00000000cc600000, 0x00000000cc600000, 0x00000000cc700000|  0%| F|  |TAMS 0x00000000cc600000, 0x00000000cc600000| Untracked 
| 199|0x00000000cc700000, 0x00000000cc700000, 0x00000000cc800000|  0%| F|  |TAMS 0x00000000cc700000, 0x00000000cc700000| Untracked 
| 200|0x00000000cc800000, 0x00000000cc800000, 0x00000000cc900000|  0%| F|  |TAMS 0x00000000cc800000, 0x00000000cc800000| Untracked 
| 201|0x00000000cc900000, 0x00000000cc900000, 0x00000000cca00000|  0%| F|  |TAMS 0x00000000cc900000, 0x00000000cc900000| Untracked 
| 202|0x00000000cca00000, 0x00000000cca00000, 0x00000000ccb00000|  0%| F|  |TAMS 0x00000000cca00000, 0x00000000cca00000| Untracked 
| 203|0x00000000ccb00000, 0x00000000ccb00000, 0x00000000ccc00000|  0%| F|  |TAMS 0x00000000ccb00000, 0x00000000ccb00000| Untracked 
| 204|0x00000000ccc00000, 0x00000000ccc00000, 0x00000000ccd00000|  0%| F|  |TAMS 0x00000000ccc00000, 0x00000000ccc00000| Untracked 
| 205|0x00000000ccd00000, 0x00000000ccd00000, 0x00000000cce00000|  0%| F|  |TAMS 0x00000000ccd00000, 0x00000000ccd00000| Untracked 
| 206|0x00000000cce00000, 0x00000000cce00000, 0x00000000ccf00000|  0%| F|  |TAMS 0x00000000cce00000, 0x00000000cce00000| Untracked 
| 207|0x00000000ccf00000, 0x00000000ccf00000, 0x00000000cd000000|  0%| F|  |TAMS 0x00000000ccf00000, 0x00000000ccf00000| Untracked 
| 208|0x00000000cd000000, 0x00000000cd000000, 0x00000000cd100000|  0%| F|  |TAMS 0x00000000cd000000, 0x00000000cd000000| Untracked 
| 209|0x00000000cd100000, 0x00000000cd100000, 0x00000000cd200000|  0%| F|  |TAMS 0x00000000cd100000, 0x00000000cd100000| Untracked 
| 210|0x00000000cd200000, 0x00000000cd200000, 0x00000000cd300000|  0%| F|  |TAMS 0x00000000cd200000, 0x00000000cd200000| Untracked 
| 211|0x00000000cd300000, 0x00000000cd300000, 0x00000000cd400000|  0%| F|  |TAMS 0x00000000cd300000, 0x00000000cd300000| Untracked 
| 212|0x00000000cd400000, 0x00000000cd400000, 0x00000000cd500000|  0%| F|  |TAMS 0x00000000cd400000, 0x00000000cd400000| Untracked 
| 213|0x00000000cd500000, 0x00000000cd500000, 0x00000000cd600000|  0%| F|  |TAMS 0x00000000cd500000, 0x00000000cd500000| Untracked 
| 214|0x00000000cd600000, 0x00000000cd600000, 0x00000000cd700000|  0%| F|  |TAMS 0x00000000cd600000, 0x00000000cd600000| Untracked 
| 215|0x00000000cd700000, 0x00000000cd700000, 0x00000000cd800000|  0%| F|  |TAMS 0x00000000cd700000, 0x00000000cd700000| Untracked 
| 216|0x00000000cd800000, 0x00000000cd800000, 0x00000000cd900000|  0%| F|  |TAMS 0x00000000cd800000, 0x00000000cd800000| Untracked 
| 217|0x00000000cd900000, 0x00000000cd900000, 0x00000000cda00000|  0%| F|  |TAMS 0x00000000cd900000, 0x00000000cd900000| Untracked 
| 218|0x00000000cda00000, 0x00000000cda00000, 0x00000000cdb00000|  0%| F|  |TAMS 0x00000000cda00000, 0x00000000cda00000| Untracked 
| 219|0x00000000cdb00000, 0x00000000cdb00000, 0x00000000cdc00000|  0%| F|  |TAMS 0x00000000cdb00000, 0x00000000cdb00000| Untracked 
| 220|0x00000000cdc00000, 0x00000000cdc00000, 0x00000000cdd00000|  0%| F|  |TAMS 0x00000000cdc00000, 0x00000000cdc00000| Untracked 
| 221|0x00000000cdd00000, 0x00000000cdd00000, 0x00000000cde00000|  0%| F|  |TAMS 0x00000000cdd00000, 0x00000000cdd00000| Untracked 
| 222|0x00000000cde00000, 0x00000000cde00000, 0x00000000cdf00000|  0%| F|  |TAMS 0x00000000cde00000, 0x00000000cde00000| Untracked 
| 223|0x00000000cdf00000, 0x00000000cdf00000, 0x00000000ce000000|  0%| F|  |TAMS 0x00000000cdf00000, 0x00000000cdf00000| Untracked 
| 224|0x00000000ce000000, 0x00000000ce000000, 0x00000000ce100000|  0%| F|  |TAMS 0x00000000ce000000, 0x00000000ce000000| Untracked 
| 225|0x00000000ce100000, 0x00000000ce100000, 0x00000000ce200000|  0%| F|  |TAMS 0x00000000ce100000, 0x00000000ce100000| Untracked 
| 226|0x00000000ce200000, 0x00000000ce200000, 0x00000000ce300000|  0%| F|  |TAMS 0x00000000ce200000, 0x00000000ce200000| Untracked 
| 227|0x00000000ce300000, 0x00000000ce300000, 0x00000000ce400000|  0%| F|  |TAMS 0x00000000ce300000, 0x00000000ce300000| Untracked 
| 228|0x00000000ce400000, 0x00000000ce400000, 0x00000000ce500000|  0%| F|  |TAMS 0x00000000ce400000, 0x00000000ce400000| Untracked 
| 229|0x00000000ce500000, 0x00000000ce500000, 0x00000000ce600000|  0%| F|  |TAMS 0x00000000ce500000, 0x00000000ce500000| Untracked 
| 230|0x00000000ce600000, 0x00000000ce600000, 0x00000000ce700000|  0%| F|  |TAMS 0x00000000ce600000, 0x00000000ce600000| Untracked 
| 231|0x00000000ce700000, 0x00000000ce700000, 0x00000000ce800000|  0%| F|  |TAMS 0x00000000ce700000, 0x00000000ce700000| Untracked 
| 232|0x00000000ce800000, 0x00000000ce800000, 0x00000000ce900000|  0%| F|  |TAMS 0x00000000ce800000, 0x00000000ce800000| Untracked 
| 233|0x00000000ce900000, 0x00000000ce900000, 0x00000000cea00000|  0%| F|  |TAMS 0x00000000ce900000, 0x00000000ce900000| Untracked 
| 234|0x00000000cea00000, 0x00000000cea00000, 0x00000000ceb00000|  0%| F|  |TAMS 0x00000000cea00000, 0x00000000cea00000| Untracked 
| 235|0x00000000ceb00000, 0x00000000ceb00000, 0x00000000cec00000|  0%| F|  |TAMS 0x00000000ceb00000, 0x00000000ceb00000| Untracked 
| 236|0x00000000cec00000, 0x00000000cec00000, 0x00000000ced00000|  0%| F|  |TAMS 0x00000000cec00000, 0x00000000cec00000| Untracked 
| 237|0x00000000ced00000, 0x00000000ced00000, 0x00000000cee00000|  0%| F|  |TAMS 0x00000000ced00000, 0x00000000ced00000| Untracked 
| 238|0x00000000cee00000, 0x00000000cee528c0, 0x00000000cef00000| 32%| S|CS|TAMS 0x00000000cee00000, 0x00000000cee00000| Complete 
| 239|0x00000000cef00000, 0x00000000cf000000, 0x00000000cf000000|100%| S|CS|TAMS 0x00000000cef00000, 0x00000000cef00000| Complete 
| 240|0x00000000cf000000, 0x00000000cf100000, 0x00000000cf100000|100%| S|CS|TAMS 0x00000000cf000000, 0x00000000cf000000| Complete 
| 241|0x00000000cf100000, 0x00000000cf100000, 0x00000000cf200000|  0%| F|  |TAMS 0x00000000cf100000, 0x00000000cf100000| Untracked 
| 242|0x00000000cf200000, 0x00000000cf200000, 0x00000000cf300000|  0%| F|  |TAMS 0x00000000cf200000, 0x00000000cf200000| Untracked 
| 243|0x00000000cf300000, 0x00000000cf300000, 0x00000000cf400000|  0%| F|  |TAMS 0x00000000cf300000, 0x00000000cf300000| Untracked 
| 244|0x00000000cf400000, 0x00000000cf400000, 0x00000000cf500000|  0%| F|  |TAMS 0x00000000cf400000, 0x00000000cf400000| Untracked 
| 245|0x00000000cf500000, 0x00000000cf500000, 0x00000000cf600000|  0%| F|  |TAMS 0x00000000cf500000, 0x00000000cf500000| Untracked 
| 246|0x00000000cf600000, 0x00000000cf600000, 0x00000000cf700000|  0%| F|  |TAMS 0x00000000cf600000, 0x00000000cf600000| Untracked 
| 247|0x00000000cf700000, 0x00000000cf700000, 0x00000000cf800000|  0%| F|  |TAMS 0x00000000cf700000, 0x00000000cf700000| Untracked 
| 248|0x00000000cf800000, 0x00000000cf800000, 0x00000000cf900000|  0%| F|  |TAMS 0x00000000cf800000, 0x00000000cf800000| Untracked 
| 249|0x00000000cf900000, 0x00000000cf900000, 0x00000000cfa00000|  0%| F|  |TAMS 0x00000000cf900000, 0x00000000cf900000| Untracked 
| 250|0x00000000cfa00000, 0x00000000cfa00000, 0x00000000cfb00000|  0%| F|  |TAMS 0x00000000cfa00000, 0x00000000cfa00000| Untracked 
| 251|0x00000000cfb00000, 0x00000000cfb00000, 0x00000000cfc00000|  0%| F|  |TAMS 0x00000000cfb00000, 0x00000000cfb00000| Untracked 
| 252|0x00000000cfc00000, 0x00000000cfc00000, 0x00000000cfd00000|  0%| F|  |TAMS 0x00000000cfc00000, 0x00000000cfc00000| Untracked 
| 253|0x00000000cfd00000, 0x00000000cfd00000, 0x00000000cfe00000|  0%| F|  |TAMS 0x00000000cfd00000, 0x00000000cfd00000| Untracked 
| 254|0x00000000cfe00000, 0x00000000cfe80800, 0x00000000cff00000| 50%| E|  |TAMS 0x00000000cfe00000, 0x00000000cfe00000| Complete 
| 255|0x00000000cff00000, 0x00000000d0000000, 0x00000000d0000000|100%| E|CS|TAMS 0x00000000cff00000, 0x00000000cff00000| Complete 
| 256|0x00000000d0000000, 0x00000000d0100000, 0x00000000d0100000|100%| E|CS|TAMS 0x00000000d0000000, 0x00000000d0000000| Complete 
| 257|0x00000000d0100000, 0x00000000d0200000, 0x00000000d0200000|100%| E|CS|TAMS 0x00000000d0100000, 0x00000000d0100000| Complete 
| 258|0x00000000d0200000, 0x00000000d0300000, 0x00000000d0300000|100%| E|CS|TAMS 0x00000000d0200000, 0x00000000d0200000| Complete 
| 259|0x00000000d0300000, 0x00000000d0400000, 0x00000000d0400000|100%| E|CS|TAMS 0x00000000d0300000, 0x00000000d0300000| Complete 
| 260|0x00000000d0400000, 0x00000000d0500000, 0x00000000d0500000|100%| E|CS|TAMS 0x00000000d0400000, 0x00000000d0400000| Complete 
| 261|0x00000000d0500000, 0x00000000d0600000, 0x00000000d0600000|100%| E|CS|TAMS 0x00000000d0500000, 0x00000000d0500000| Complete 
| 262|0x00000000d0600000, 0x00000000d0700000, 0x00000000d0700000|100%| E|CS|TAMS 0x00000000d0600000, 0x00000000d0600000| Complete 
| 263|0x00000000d0700000, 0x00000000d0800000, 0x00000000d0800000|100%| E|CS|TAMS 0x00000000d0700000, 0x00000000d0700000| Complete 
| 264|0x00000000d0800000, 0x00000000d0900000, 0x00000000d0900000|100%| E|CS|TAMS 0x00000000d0800000, 0x00000000d0800000| Complete 
| 265|0x00000000d0900000, 0x00000000d0a00000, 0x00000000d0a00000|100%| E|CS|TAMS 0x00000000d0900000, 0x00000000d0900000| Complete 
| 266|0x00000000d0a00000, 0x00000000d0b00000, 0x00000000d0b00000|100%| E|CS|TAMS 0x00000000d0a00000, 0x00000000d0a00000| Complete 
| 267|0x00000000d0b00000, 0x00000000d0c00000, 0x00000000d0c00000|100%| E|CS|TAMS 0x00000000d0b00000, 0x00000000d0b00000| Complete 
| 268|0x00000000d0c00000, 0x00000000d0d00000, 0x00000000d0d00000|100%| E|CS|TAMS 0x00000000d0c00000, 0x00000000d0c00000| Complete 
| 269|0x00000000d0d00000, 0x00000000d0e00000, 0x00000000d0e00000|100%| E|CS|TAMS 0x00000000d0d00000, 0x00000000d0d00000| Complete 
| 270|0x00000000d0e00000, 0x00000000d0f00000, 0x00000000d0f00000|100%| E|CS|TAMS 0x00000000d0e00000, 0x00000000d0e00000| Complete 
| 271|0x00000000d0f00000, 0x00000000d1000000, 0x00000000d1000000|100%| E|CS|TAMS 0x00000000d0f00000, 0x00000000d0f00000| Complete 
| 272|0x00000000d1000000, 0x00000000d1100000, 0x00000000d1100000|100%| E|CS|TAMS 0x00000000d1000000, 0x00000000d1000000| Complete 
| 273|0x00000000d1100000, 0x00000000d1200000, 0x00000000d1200000|100%| E|CS|TAMS 0x00000000d1100000, 0x00000000d1100000| Complete 
| 274|0x00000000d1200000, 0x00000000d1300000, 0x00000000d1300000|100%| E|CS|TAMS 0x00000000d1200000, 0x00000000d1200000| Complete 
| 275|0x00000000d1300000, 0x00000000d1400000, 0x00000000d1400000|100%| E|CS|TAMS 0x00000000d1300000, 0x00000000d1300000| Complete 
| 276|0x00000000d1400000, 0x00000000d1500000, 0x00000000d1500000|100%| E|CS|TAMS 0x00000000d1400000, 0x00000000d1400000| Complete 
| 277|0x00000000d1500000, 0x00000000d1600000, 0x00000000d1600000|100%| E|CS|TAMS 0x00000000d1500000, 0x00000000d1500000| Complete 
| 278|0x00000000d1600000, 0x00000000d1700000, 0x00000000d1700000|100%| E|CS|TAMS 0x00000000d1600000, 0x00000000d1600000| Complete 
| 279|0x00000000d1700000, 0x00000000d1800000, 0x00000000d1800000|100%| E|CS|TAMS 0x00000000d1700000, 0x00000000d1700000| Complete 
| 280|0x00000000d1800000, 0x00000000d1900000, 0x00000000d1900000|100%| E|CS|TAMS 0x00000000d1800000, 0x00000000d1800000| Complete 
| 281|0x00000000d1900000, 0x00000000d1a00000, 0x00000000d1a00000|100%| E|CS|TAMS 0x00000000d1900000, 0x00000000d1900000| Complete 
| 282|0x00000000d1a00000, 0x00000000d1b00000, 0x00000000d1b00000|100%| E|CS|TAMS 0x00000000d1a00000, 0x00000000d1a00000| Complete 
| 283|0x00000000d1b00000, 0x00000000d1c00000, 0x00000000d1c00000|100%| E|CS|TAMS 0x00000000d1b00000, 0x00000000d1b00000| Complete 
| 284|0x00000000d1c00000, 0x00000000d1d00000, 0x00000000d1d00000|100%| E|CS|TAMS 0x00000000d1c00000, 0x00000000d1c00000| Complete 
| 285|0x00000000d1d00000, 0x00000000d1e00000, 0x00000000d1e00000|100%| E|CS|TAMS 0x00000000d1d00000, 0x00000000d1d00000| Complete 
| 286|0x00000000d1e00000, 0x00000000d1f00000, 0x00000000d1f00000|100%| E|CS|TAMS 0x00000000d1e00000, 0x00000000d1e00000| Complete 
| 287|0x00000000d1f00000, 0x00000000d2000000, 0x00000000d2000000|100%| E|CS|TAMS 0x00000000d1f00000, 0x00000000d1f00000| Complete 
| 288|0x00000000d2000000, 0x00000000d2100000, 0x00000000d2100000|100%| E|CS|TAMS 0x00000000d2000000, 0x00000000d2000000| Complete 
| 289|0x00000000d2100000, 0x00000000d2200000, 0x00000000d2200000|100%| E|CS|TAMS 0x00000000d2100000, 0x00000000d2100000| Complete 
| 290|0x00000000d2200000, 0x00000000d2300000, 0x00000000d2300000|100%| E|CS|TAMS 0x00000000d2200000, 0x00000000d2200000| Complete 
| 291|0x00000000d2300000, 0x00000000d2400000, 0x00000000d2400000|100%| E|CS|TAMS 0x00000000d2300000, 0x00000000d2300000| Complete 
| 292|0x00000000d2400000, 0x00000000d2500000, 0x00000000d2500000|100%| E|CS|TAMS 0x00000000d2400000, 0x00000000d2400000| Complete 
| 293|0x00000000d2500000, 0x00000000d2600000, 0x00000000d2600000|100%| E|CS|TAMS 0x00000000d2500000, 0x00000000d2500000| Complete 
| 294|0x00000000d2600000, 0x00000000d2700000, 0x00000000d2700000|100%| E|CS|TAMS 0x00000000d2600000, 0x00000000d2600000| Complete 
| 295|0x00000000d2700000, 0x00000000d2800000, 0x00000000d2800000|100%| E|CS|TAMS 0x00000000d2700000, 0x00000000d2700000| Complete 
| 296|0x00000000d2800000, 0x00000000d2900000, 0x00000000d2900000|100%| E|CS|TAMS 0x00000000d2800000, 0x00000000d2800000| Complete 
| 297|0x00000000d2900000, 0x00000000d2a00000, 0x00000000d2a00000|100%| E|CS|TAMS 0x00000000d2900000, 0x00000000d2900000| Complete 
| 298|0x00000000d2a00000, 0x00000000d2b00000, 0x00000000d2b00000|100%| E|CS|TAMS 0x00000000d2a00000, 0x00000000d2a00000| Complete 
| 299|0x00000000d2b00000, 0x00000000d2c00000, 0x00000000d2c00000|100%| E|CS|TAMS 0x00000000d2b00000, 0x00000000d2b00000| Complete 
| 300|0x00000000d2c00000, 0x00000000d2d00000, 0x00000000d2d00000|100%| E|CS|TAMS 0x00000000d2c00000, 0x00000000d2c00000| Complete 
| 301|0x00000000d2d00000, 0x00000000d2e00000, 0x00000000d2e00000|100%| E|CS|TAMS 0x00000000d2d00000, 0x00000000d2d00000| Complete 
| 302|0x00000000d2e00000, 0x00000000d2f00000, 0x00000000d2f00000|100%| E|CS|TAMS 0x00000000d2e00000, 0x00000000d2e00000| Complete 
| 303|0x00000000d2f00000, 0x00000000d3000000, 0x00000000d3000000|100%| E|CS|TAMS 0x00000000d2f00000, 0x00000000d2f00000| Complete 
| 304|0x00000000d3000000, 0x00000000d3100000, 0x00000000d3100000|100%| E|CS|TAMS 0x00000000d3000000, 0x00000000d3000000| Complete 
| 305|0x00000000d3100000, 0x00000000d3200000, 0x00000000d3200000|100%| E|CS|TAMS 0x00000000d3100000, 0x00000000d3100000| Complete 
| 306|0x00000000d3200000, 0x00000000d3300000, 0x00000000d3300000|100%| E|CS|TAMS 0x00000000d3200000, 0x00000000d3200000| Complete 
| 307|0x00000000d3300000, 0x00000000d3400000, 0x00000000d3400000|100%| E|CS|TAMS 0x00000000d3300000, 0x00000000d3300000| Complete 
| 308|0x00000000d3400000, 0x00000000d3500000, 0x00000000d3500000|100%| E|CS|TAMS 0x00000000d3400000, 0x00000000d3400000| Complete 
| 309|0x00000000d3500000, 0x00000000d3600000, 0x00000000d3600000|100%| E|CS|TAMS 0x00000000d3500000, 0x00000000d3500000| Complete 
| 310|0x00000000d3600000, 0x00000000d3700000, 0x00000000d3700000|100%| E|CS|TAMS 0x00000000d3600000, 0x00000000d3600000| Complete 
| 311|0x00000000d3700000, 0x00000000d3800000, 0x00000000d3800000|100%| E|CS|TAMS 0x00000000d3700000, 0x00000000d3700000| Complete 
| 312|0x00000000d3800000, 0x00000000d3900000, 0x00000000d3900000|100%| E|CS|TAMS 0x00000000d3800000, 0x00000000d3800000| Complete 
| 313|0x00000000d3900000, 0x00000000d3a00000, 0x00000000d3a00000|100%| E|CS|TAMS 0x00000000d3900000, 0x00000000d3900000| Complete 
| 314|0x00000000d3a00000, 0x00000000d3b00000, 0x00000000d3b00000|100%| E|CS|TAMS 0x00000000d3a00000, 0x00000000d3a00000| Complete 
| 315|0x00000000d3b00000, 0x00000000d3c00000, 0x00000000d3c00000|100%| E|CS|TAMS 0x00000000d3b00000, 0x00000000d3b00000| Complete 
| 316|0x00000000d3c00000, 0x00000000d3d00000, 0x00000000d3d00000|100%| E|CS|TAMS 0x00000000d3c00000, 0x00000000d3c00000| Complete 
| 317|0x00000000d3d00000, 0x00000000d3e00000, 0x00000000d3e00000|100%| E|CS|TAMS 0x00000000d3d00000, 0x00000000d3d00000| Complete 
| 318|0x00000000d3e00000, 0x00000000d3f00000, 0x00000000d3f00000|100%| E|CS|TAMS 0x00000000d3e00000, 0x00000000d3e00000| Complete 
| 319|0x00000000d3f00000, 0x00000000d4000000, 0x00000000d4000000|100%| E|CS|TAMS 0x00000000d3f00000, 0x00000000d3f00000| Complete 
| 320|0x00000000d4000000, 0x00000000d4100000, 0x00000000d4100000|100%| E|CS|TAMS 0x00000000d4000000, 0x00000000d4000000| Complete 
| 321|0x00000000d4100000, 0x00000000d4200000, 0x00000000d4200000|100%| E|CS|TAMS 0x00000000d4100000, 0x00000000d4100000| Complete 

Card table byte_map: [0x0000024b43f00000,0x0000024b44100000] _byte_map_base: 0x0000024b43900000

Marking Bits (Prev, Next): (CMBitMap*) 0x0000024b3142fda0, (CMBitMap*) 0x0000024b3142fd68
 Prev Bits: [0x0000024b45300000, 0x0000024b46300000)
 Next Bits: [0x0000024b44300000, 0x0000024b45300000)

Polling page: 0x0000024b2f240000

Metaspace:

Usage:
  Non-class:     87.79 MB capacity,    86.21 MB ( 98%) used,     1.26 MB (  1%) free+waste,   329.81 KB ( <1%) overhead. 
      Class:     13.60 MB capacity,    12.62 MB ( 93%) used,   861.74 KB (  6%) free+waste,   142.31 KB (  1%) overhead. 
       Both:    101.39 MB capacity,    98.83 MB ( 97%) used,     2.10 MB (  2%) free+waste,   472.13 KB ( <1%) overhead. 

Virtual space:
  Non-class space:       88.00 MB reserved,      87.87 MB (>99%) committed 
      Class space:        1.00 GB reserved,      13.63 MB (  1%) committed 
             Both:        1.09 GB reserved,     101.50 MB (  9%) committed 

Chunk freelists:
   Non-Class:  18.00 KB
       Class:  0 bytes
        Both:  18.00 KB

MaxMetaspaceSize: 17179869184.00 GB
CompressedClassSpaceSize: 1.00 GB

CodeHeap 'non-profiled nmethods': size=120064Kb used=11996Kb max_used=11996Kb free=108067Kb
 bounds [0x0000024b3c9c0000, 0x0000024b3d5a0000, 0x0000024b43f00000]
CodeHeap 'profiled nmethods': size=120000Kb used=35716Kb max_used=36850Kb free=84283Kb
 bounds [0x0000024b35490000, 0x0000024b37920000, 0x0000024b3c9c0000]
CodeHeap 'non-nmethods': size=5696Kb used=2291Kb max_used=2366Kb free=3404Kb
 bounds [0x0000024b34f00000, 0x0000024b35170000, 0x0000024b35490000]
 total_blobs=16104 nmethods=15194 adapters=820
 compilation: enabled
              stopped_count=0, restarted_count=0
 full_count=0

Compilation events (20 events):
Event: 225.000 Thread 0x0000024b48dcb800 nmethod 17095 0x0000024b3d57b510 code [0x0000024b3d57ce00, 0x0000024b3d589dd8]
Event: 225.002 Thread 0x0000024b48dcb800 17299 %     4       com.android.tools.r8.ir.regalloc.a::a @ 1262 (1824 bytes)
Event: 225.467 Thread 0x0000024b48f33800 17340       2       com.android.tools.r8.internal.Z4::a (105 bytes)
Event: 225.469 Thread 0x0000024b48f33800 nmethod 17340 0x0000024b35a9da90 code [0x0000024b35a9dda0, 0x0000024b35a9e758]
Event: 225.860 Thread 0x0000024b48f33800 17341       2       com.android.tools.r8.internal.Nv::o0 (68 bytes)
Event: 225.861 Thread 0x0000024b48f33800 nmethod 17341 0x0000024b35a58610 code [0x0000024b35a58800, 0x0000024b35a58aa8]
Event: 225.895 Thread 0x0000024b48f33800 17344 %     3       com.android.tools.r8.internal.X4::a @ 108 (370 bytes)
Event: 225.901 Thread 0x0000024b48f33800 nmethod 17344% 0x0000024b35c3e910 code [0x0000024b35c3eda0, 0x0000024b35c417b8]
Event: 225.901 Thread 0x0000024b48f33800 17345       3       com.android.tools.r8.internal.X4::a (370 bytes)
Event: 225.906 Thread 0x0000024b48f33800 nmethod 17345 0x0000024b35ceeb10 code [0x0000024b35ceefa0, 0x0000024b35cf16d8]
Event: 226.095 Thread 0x0000024b48f33800 17346       1       com.android.tools.r8.internal.D1::M (5 bytes)
Event: 226.095 Thread 0x0000024b48f33800 nmethod 17346 0x0000024b3cd5ed10 code [0x0000024b3cd5eec0, 0x0000024b3cd5ef78]
Event: 226.098 Thread 0x0000024b48f33800 17347       2       com.android.tools.r8.internal.q4::a (18 bytes)
Event: 226.099 Thread 0x0000024b48f33800 nmethod 17347 0x0000024b35a51910 code [0x0000024b35a51ac0, 0x0000024b35a51be8]
Event: 226.114 Thread 0x0000024b48f33800 17348       2       com.android.tools.r8.internal.M3::a (43 bytes)
Event: 226.116 Thread 0x0000024b48f33800 nmethod 17348 0x0000024b35a94710 code [0x0000024b35a94920, 0x0000024b35a94ea8]
Event: 226.725 Thread 0x0000024b48f33800 17350       2       com.android.tools.r8.internal.L3::a (30 bytes)
Event: 226.726 Thread 0x0000024b48f33800 nmethod 17350 0x0000024b35a99c90 code [0x0000024b35a99ea0, 0x0000024b35a9a3a8]
Event: 226.735 Thread 0x0000024b48f33800 17351       2       com.android.tools.r8.internal.HE::d (10 bytes)
Event: 226.735 Thread 0x0000024b48f33800 nmethod 17351 0x0000024b35a5a710 code [0x0000024b35a5a8c0, 0x0000024b35a5aa48]

GC Heap History (20 events):
Event: 202.729 GC heap before
{Heap before GC invocations=146 (full 0):
 garbage-first heap   total 329728K, used 286297K [0x00000000c0000000, 0x0000000100000000)
  region size 1024K, 127 young (130048K), 9 survivors (9216K)
 Metaspace       used 100643K, capacity 103308K, committed 103420K, reserved 1138688K
  class space    used 12916K, capacity 13915K, committed 13952K, reserved 1048576K
}
Event: 202.825 GC heap after
{Heap after GC invocations=147 (full 0):
 garbage-first heap   total 329728K, used 167610K [0x00000000c0000000, 0x0000000100000000)
  region size 1024K, 11 young (11264K), 11 survivors (11264K)
 Metaspace       used 100643K, capacity 103308K, committed 103420K, reserved 1138688K
  class space    used 12916K, capacity 13915K, committed 13952K, reserved 1048576K
}
Event: 206.335 GC heap before
{Heap before GC invocations=147 (full 0):
 garbage-first heap   total 329728K, used 288442K [0x00000000c0000000, 0x0000000100000000)
  region size 1024K, 124 young (126976K), 11 survivors (11264K)
 Metaspace       used 101003K, capacity 103643K, committed 103676K, reserved 1138688K
  class space    used 12918K, capacity 13919K, committed 13952K, reserved 1048576K
}
Event: 206.444 GC heap after
{Heap after GC invocations=148 (full 0):
 garbage-first heap   total 329728K, used 178757K [0x00000000c0000000, 0x0000000100000000)
  region size 1024K, 15 young (15360K), 15 survivors (15360K)
 Metaspace       used 101003K, capacity 103643K, committed 103676K, reserved 1138688K
  class space    used 12918K, capacity 13919K, committed 13952K, reserved 1048576K
}
Event: 210.249 GC heap before
{Heap before GC invocations=148 (full 0):
 garbage-first heap   total 329728K, used 285253K [0x00000000c0000000, 0x0000000100000000)
  region size 1024K, 114 young (116736K), 15 survivors (15360K)
 Metaspace       used 101093K, capacity 103737K, committed 103932K, reserved 1138688K
  class space    used 12921K, capacity 13924K, committed 13952K, reserved 1048576K
}
Event: 210.399 GC heap after
{Heap after GC invocations=149 (full 0):
 garbage-first heap   total 329728K, used 178749K [0x00000000c0000000, 0x0000000100000000)
  region size 1024K, 15 young (15360K), 15 survivors (15360K)
 Metaspace       used 101093K, capacity 103737K, committed 103932K, reserved 1138688K
  class space    used 12921K, capacity 13924K, committed 13952K, reserved 1048576K
}
Event: 212.385 GC heap before
{Heap before GC invocations=149 (full 0):
 garbage-first heap   total 329728K, used 276029K [0x00000000c0000000, 0x0000000100000000)
  region size 1024K, 110 young (112640K), 15 survivors (15360K)
 Metaspace       used 101111K, capacity 103740K, committed 103932K, reserved 1138688K
  class space    used 12921K, capacity 13924K, committed 13952K, reserved 1048576K
}
Event: 212.554 GC heap after
{Heap after GC invocations=150 (full 0):
 garbage-first heap   total 329728K, used 190437K [0x00000000c0000000, 0x0000000100000000)
  region size 1024K, 14 young (14336K), 14 survivors (14336K)
 Metaspace       used 101111K, capacity 103740K, committed 103932K, reserved 1138688K
  class space    used 12921K, capacity 13924K, committed 13952K, reserved 1048576K
}
Event: 213.483 GC heap before
{Heap before GC invocations=150 (full 0):
 garbage-first heap   total 329728K, used 230373K [0x00000000c0000000, 0x0000000100000000)
  region size 1024K, 53 young (54272K), 14 survivors (14336K)
 Metaspace       used 101141K, capacity 103749K, committed 103932K, reserved 1138688K
  class space    used 12922K, capacity 13925K, committed 13952K, reserved 1048576K
}
Event: 213.573 GC heap after
{Heap after GC invocations=151 (full 0):
 garbage-first heap   total 329728K, used 192000K [0x00000000c0000000, 0x0000000100000000)
  region size 1024K, 1 young (1024K), 1 survivors (1024K)
 Metaspace       used 101141K, capacity 103749K, committed 103932K, reserved 1138688K
  class space    used 12922K, capacity 13925K, committed 13952K, reserved 1048576K
}
Event: 215.506 GC heap before
{Heap before GC invocations=151 (full 0):
 garbage-first heap   total 329728K, used 260608K [0x00000000c0000000, 0x0000000100000000)
  region size 1024K, 68 young (69632K), 1 survivors (1024K)
 Metaspace       used 101160K, capacity 103815K, committed 103932K, reserved 1138688K
  class space    used 12922K, capacity 13925K, committed 13952K, reserved 1048576K
}
Event: 215.517 GC heap after
{Heap after GC invocations=152 (full 0):
 garbage-first heap   total 329728K, used 191721K [0x00000000c0000000, 0x0000000100000000)
  region size 1024K, 1 young (1024K), 1 survivors (1024K)
 Metaspace       used 101160K, capacity 103815K, committed 103932K, reserved 1138688K
  class space    used 12922K, capacity 13925K, committed 13952K, reserved 1048576K
}
Event: 217.385 GC heap before
{Heap before GC invocations=152 (full 0):
 garbage-first heap   total 329728K, used 264425K [0x00000000c0000000, 0x0000000100000000)
  region size 1024K, 72 young (73728K), 1 survivors (1024K)
 Metaspace       used 101169K, capacity 103815K, committed 103932K, reserved 1138688K
  class space    used 12922K, capacity 13925K, committed 13952K, reserved 1048576K
}
Event: 217.398 GC heap after
{Heap after GC invocations=153 (full 0):
 garbage-first heap   total 329728K, used 192137K [0x00000000c0000000, 0x0000000100000000)
  region size 1024K, 2 young (2048K), 2 survivors (2048K)
 Metaspace       used 101169K, capacity 103815K, committed 103932K, reserved 1138688K
  class space    used 12922K, capacity 13925K, committed 13952K, reserved 1048576K
}
Event: 221.132 GC heap before
{Heap before GC invocations=153 (full 0):
 garbage-first heap   total 329728K, used 267913K [0x00000000c0000000, 0x0000000100000000)
  region size 1024K, 76 young (77824K), 2 survivors (2048K)
 Metaspace       used 101171K, capacity 103815K, committed 103932K, reserved 1138688K
  class space    used 12922K, capacity 13925K, committed 13952K, reserved 1048576K
}
Event: 221.147 GC heap after
{Heap after GC invocations=154 (full 0):
 garbage-first heap   total 329728K, used 192556K [0x00000000c0000000, 0x0000000100000000)
  region size 1024K, 2 young (2048K), 2 survivors (2048K)
 Metaspace       used 101171K, capacity 103815K, committed 103932K, reserved 1138688K
  class space    used 12922K, capacity 13925K, committed 13952K, reserved 1048576K
}
Event: 224.131 GC heap before
{Heap before GC invocations=154 (full 0):
 garbage-first heap   total 329728K, used 271404K [0x00000000c0000000, 0x0000000100000000)
  region size 1024K, 79 young (80896K), 2 survivors (2048K)
 Metaspace       used 101196K, capacity 103827K, committed 103932K, reserved 1138688K
  class space    used 12924K, capacity 13929K, committed 13952K, reserved 1048576K
}
Event: 224.151 GC heap after
{Heap after GC invocations=155 (full 0):
 garbage-first heap   total 329728K, used 192835K [0x00000000c0000000, 0x0000000100000000)
  region size 1024K, 2 young (2048K), 2 survivors (2048K)
 Metaspace       used 101196K, capacity 103827K, committed 103932K, reserved 1138688K
  class space    used 12924K, capacity 13929K, committed 13952K, reserved 1048576K
}
Event: 226.689 GC heap before
{Heap before GC invocations=155 (full 0):
 garbage-first heap   total 329728K, used 273731K [0x00000000c0000000, 0x0000000100000000)
  region size 1024K, 81 young (82944K), 2 survivors (2048K)
 Metaspace       used 101199K, capacity 103827K, committed 103932K, reserved 1138688K
  class space    used 12924K, capacity 13929K, committed 13952K, reserved 1048576K
}
Event: 226.709 GC heap after
{Heap after GC invocations=156 (full 0):
 garbage-first heap   total 329728K, used 193354K [0x00000000c0000000, 0x0000000100000000)
  region size 1024K, 3 young (3072K), 3 survivors (3072K)
 Metaspace       used 101199K, capacity 103827K, committed 103932K, reserved 1138688K
  class space    used 12924K, capacity 13929K, committed 13952K, reserved 1048576K
}

Deoptimization events (20 events):
Event: 224.347 Thread 0x0000024b4b2f9800 DEOPT PACKING pc=0x0000024b35e62adc sp=0x0000006d174fec40
Event: 224.347 Thread 0x0000024b4b2f9800 DEOPT UNPACKING pc=0x0000024b34f2643f sp=0x0000006d174fe210 mode 0
Event: 224.435 Thread 0x0000024b4b2f8000 DEOPT PACKING pc=0x0000024b35df93e8 sp=0x0000006d175f91c0
Event: 224.435 Thread 0x0000024b4b2f8000 DEOPT UNPACKING pc=0x0000024b34f2643f sp=0x0000006d175f8720 mode 0
Event: 225.213 Thread 0x0000024b4b2f8000 DEOPT PACKING pc=0x0000024b378f2fab sp=0x0000006d175f98f0
Event: 225.213 Thread 0x0000024b4b2f8000 DEOPT UNPACKING pc=0x0000024b34f2643f sp=0x0000006d175f9190 mode 0
Event: 225.809 Thread 0x0000024b4b2f8000 DEOPT PACKING pc=0x0000024b3616ca62 sp=0x0000006d175f95f0
Event: 225.809 Thread 0x0000024b4b2f8000 DEOPT UNPACKING pc=0x0000024b34f2643f sp=0x0000006d175f8da0 mode 0
Event: 225.828 Thread 0x0000024b4b2f8000 DEOPT PACKING pc=0x0000024b35959208 sp=0x0000006d175f96a0
Event: 225.828 Thread 0x0000024b4b2f8000 DEOPT UNPACKING pc=0x0000024b34f2643f sp=0x0000006d175f8ce0 mode 0
Event: 225.908 Thread 0x0000024b4b2f8000 DEOPT PACKING pc=0x0000024b356bd6cc sp=0x0000006d175f96a0
Event: 225.908 Thread 0x0000024b4b2f8000 DEOPT UNPACKING pc=0x0000024b34f2643f sp=0x0000006d175f8c40 mode 0
Event: 226.592 Thread 0x0000024b4b2f8000 DEOPT PACKING pc=0x0000024b378f2fab sp=0x0000006d175f98f0
Event: 226.592 Thread 0x0000024b4b2f8000 DEOPT UNPACKING pc=0x0000024b34f2643f sp=0x0000006d175f9190 mode 0
Event: 226.656 Thread 0x0000024b4b2f8000 Uncommon trap: trap_request=0xffffffc6 fr.pc=0x0000024b3d200c98 relative=0x00000000000000d8
Event: 226.656 Thread 0x0000024b4b2f8000 Uncommon trap: reason=bimorphic_or_optimized_type_check action=maybe_recompile pc=0x0000024b3d200c98 method=com.android.tools.r8.internal.QG.M()Z @ 1 c2
Event: 226.656 Thread 0x0000024b4b2f8000 DEOPT PACKING pc=0x0000024b3d200c98 sp=0x0000006d175f9580
Event: 226.657 Thread 0x0000024b4b2f8000 DEOPT UNPACKING pc=0x0000024b34f26029 sp=0x0000006d175f9520 mode 2
Event: 226.765 Thread 0x0000024b4b2f8000 DEOPT PACKING pc=0x0000024b3790ce41 sp=0x0000006d175f9850
Event: 226.765 Thread 0x0000024b4b2f8000 DEOPT UNPACKING pc=0x0000024b34f2643f sp=0x0000006d175f9048 mode 0

Classes redefined (0 events):
No events

Internal exceptions (20 events):
Event: 123.315 Thread 0x0000024b4b2f9800 Exception <a 'java/lang/NoSuchMethodError'{0x00000000d1c811e0}: 'java.lang.Object java.lang.invoke.Invokers$Holder.linkToTargetMethod(java.lang.Object, int, java.lang.Object, java.lang.Object, java.lang.Object, java.lang.Object)'> (0x00000000d1c811e0) thrown at [./src/hotspot/share/interpreter/linkResolver.cpp, line 773]
Event: 123.316 Thread 0x0000024b4b2f9800 Exception <a 'java/lang/NoSuchMethodError'{0x00000000d1c85690}: 'void java.lang.invoke.DirectMethodHandle$Holder.invokeSpecial(java.lang.Object, java.lang.Object, java.lang.Object, java.lang.Object, java.lang.Object, java.lang.Object, java.lang.Object, java.lang.Object, java.lang.Object)'> (0x00000000d1c85690) thrown at [./src/hotspot/share/interpreter/linkResolver.cpp, line 773]
Event: 123.324 Thread 0x0000024b4b2f9800 Exception <a 'java/lang/NoSuchMethodError'{0x00000000d1ca0280}: 'void java.lang.invoke.DirectMethodHandle$Holder.invokeStatic(java.lang.Object, java.lang.Object, java.lang.Object, java.lang.Object, java.lang.Object, java.lang.Object, java.lang.Object, java.lang.Object)'> (0x00000000d1ca0280) thrown at [./src/hotspot/share/interpreter/linkResolver.cpp, line 773]
Event: 123.875 Thread 0x0000024b4b2f9800 Exception <a 'java/lang/IncompatibleClassChangeError'{0x00000000d1581498}: Found class java.lang.Object, but interface was expected> (0x00000000d1581498) thrown at [./src/hotspot/share/interpreter/linkResolver.cpp, line 839]
Event: 124.395 Thread 0x0000024b4b2f9800 Exception <a 'java/lang/NoSuchMethodError'{0x00000000d11c96c8}: 'void java.lang.invoke.DirectMethodHandle$Holder.invokeVirtual(java.lang.Object, java.lang.Object, int)'> (0x00000000d11c96c8) thrown at [./src/hotspot/share/interpreter/linkResolver.cpp, line 773]
Event: 124.614 Thread 0x0000024b4b2f9800 Exception <a 'sun/nio/fs/WindowsException'{0x00000000d0c3d0a8}> (0x00000000d0c3d0a8) thrown at [./src/hotspot/share/prims/jni.cpp, line 615]
Event: 128.398 Thread 0x0000024b4b2f9800 Exception <a 'sun/nio/fs/WindowsException'{0x00000000cf2888c0}> (0x00000000cf2888c0) thrown at [./src/hotspot/share/prims/jni.cpp, line 615]
Event: 130.157 Thread 0x0000024b4b2f8000 Exception <a 'java/lang/NoSuchMethodError'{0x00000000d08f0e88}: 'int java.lang.invoke.DirectMethodHandle$Holder.invokeInterface(java.lang.Object, java.lang.Object, int)'> (0x00000000d08f0e88) thrown at [./src/hotspot/share/interpreter/linkResolver.cpp, line 773]
Event: 138.201 Thread 0x0000024b4b2f9800 Implicit null exception at 0x0000024b3d2810fc to 0x0000024b3d281170
Event: 153.445 Thread 0x0000024b4b2f8000 Implicit null exception at 0x0000024b3d336d40 to 0x0000024b3d33cef4
Event: 205.176 Thread 0x0000024b4b2f8000 Implicit null exception at 0x0000024b3cbf5085 to 0x0000024b3cbf5984
Event: 206.918 Thread 0x0000024b4b2f8000 Exception <a 'sun/nio/fs/WindowsException'{0x00000000d3fcdb00}> (0x00000000d3fcdb00) thrown at [./src/hotspot/share/prims/jni.cpp, line 615]
Event: 208.097 Thread 0x0000024b4b2f9800 Exception <a 'sun/nio/fs/WindowsException'{0x00000000d12ebaf8}> (0x00000000d12ebaf8) thrown at [./src/hotspot/share/prims/jni.cpp, line 615]
Event: 208.970 Thread 0x0000024b4b2f9800 Exception <a 'sun/nio/fs/WindowsException'{0x00000000cfd3d3b0}> (0x00000000cfd3d3b0) thrown at [./src/hotspot/share/prims/jni.cpp, line 615]
Event: 209.012 Thread 0x0000024b4b2f9800 Exception <a 'sun/nio/fs/WindowsException'{0x00000000cfb737f8}> (0x00000000cfb737f8) thrown at [./src/hotspot/share/prims/jni.cpp, line 615]
Event: 209.212 Thread 0x0000024b4b2f8000 Exception <a 'sun/nio/fs/WindowsException'{0x00000000cf797340}> (0x00000000cf797340) thrown at [./src/hotspot/share/prims/jni.cpp, line 615]
Event: 216.702 Thread 0x0000024b4b2f9800 Exception <a 'sun/nio/fs/WindowsException'{0x00000000d3f5f698}> (0x00000000d3f5f698) thrown at [./src/hotspot/share/prims/jni.cpp, line 615]
Event: 216.726 Thread 0x0000024b4b2f9800 Exception <a 'sun/nio/fs/WindowsException'{0x00000000d127fba0}> (0x00000000d127fba0) thrown at [./src/hotspot/share/prims/jni.cpp, line 615]
Event: 223.631 Thread 0x0000024b4b2f9800 Exception <a 'sun/nio/fs/WindowsException'{0x00000000d0c1ef00}> (0x00000000d0c1ef00) thrown at [./src/hotspot/share/prims/jni.cpp, line 615]
Event: 223.643 Thread 0x0000024b4b2f9800 Exception <a 'sun/nio/fs/WindowsException'{0x00000000d0256208}> (0x00000000d0256208) thrown at [./src/hotspot/share/prims/jni.cpp, line 615]

Events (20 events):
Event: 221.122 Executing VM operation: G1CollectForAllocation
Event: 221.147 Executing VM operation: G1CollectForAllocation done
Event: 221.442 loading class com/android/tools/r8/internal/GE
Event: 221.442 loading class com/android/tools/r8/internal/GE done
Event: 221.442 loading class com/android/tools/r8/internal/GE
Event: 221.442 loading class com/android/tools/r8/internal/GE done
Event: 221.442 loading class com/android/tools/r8/internal/FE
Event: 221.442 loading class com/android/tools/r8/internal/FE done
Event: 221.445 loading class com/android/tools/r8/code/K0
Event: 221.445 loading class com/android/tools/r8/code/K0 done
Event: 221.445 loading class com/android/tools/r8/code/K0
Event: 221.445 loading class com/android/tools/r8/code/K0 done
Event: 221.495 loading class com/android/tools/r8/code/K0
Event: 221.495 loading class com/android/tools/r8/code/K0 done
Event: 221.495 loading class com/android/tools/r8/code/K0
Event: 221.495 loading class com/android/tools/r8/code/K0 done
Event: 224.131 Executing VM operation: G1CollectForAllocation
Event: 224.151 Executing VM operation: G1CollectForAllocation done
Event: 226.689 Executing VM operation: G1CollectForAllocation
Event: 226.709 Executing VM operation: G1CollectForAllocation done


Dynamic libraries:
0x00007ff6b4870000 - 0x00007ff6b487a000 	C:\Users\felip\OneDrive\Desktop\android-studio\jre\bin\java.exe
0x00007ffedbff0000 - 0x00007ffedc1e5000 	C:\Windows\SYSTEM32\ntdll.dll
0x00007ffed7020000 - 0x00007ffed7036000 	C:\Program Files\Avast Software\Avast\aswhook.dll
0x00007ffedb350000 - 0x00007ffedb40e000 	C:\Windows\System32\KERNEL32.DLL
0x00007ffed97a0000 - 0x00007ffed9a68000 	C:\Windows\System32\KERNELBASE.dll
0x00007ffed9d40000 - 0x00007ffed9e40000 	C:\Windows\System32\ucrtbase.dll
0x00007ffec3eb0000 - 0x00007ffec3ec7000 	C:\Users\felip\OneDrive\Desktop\android-studio\jre\bin\VCRUNTIME140.dll
0x00007ffec3db0000 - 0x00007ffec3dc9000 	C:\Users\felip\OneDrive\Desktop\android-studio\jre\bin\jli.dll
0x00007ffedb7e0000 - 0x00007ffedb981000 	C:\Windows\System32\USER32.dll
0x00007ffec6bb0000 - 0x00007ffec6e4a000 	C:\Windows\WinSxS\amd64_microsoft.windows.common-controls_6595b64144ccf1df_6.0.19041.1110_none_60b5254171f9507e\COMCTL32.dll
0x00007ffed9710000 - 0x00007ffed9732000 	C:\Windows\System32\win32u.dll
0x00007ffedbcc0000 - 0x00007ffedbd5e000 	C:\Windows\System32\msvcrt.dll
0x00007ffedb240000 - 0x00007ffedb26b000 	C:\Windows\System32\GDI32.dll
0x00007ffed9e40000 - 0x00007ffed9f4b000 	C:\Windows\System32\gdi32full.dll
0x00007ffed9fa0000 - 0x00007ffeda03d000 	C:\Windows\System32\msvcp_win.dll
0x00007ffedba00000 - 0x00007ffedba30000 	C:\Windows\System32\IMM32.DLL
0x00007ffebe8d0000 - 0x00007ffebe96d000 	C:\Users\felip\OneDrive\Desktop\android-studio\jre\bin\msvcp140.dll
0x00007ffec11e0000 - 0x00007ffec1cb5000 	C:\Users\felip\OneDrive\Desktop\android-studio\jre\bin\server\jvm.dll
0x00007ffeda110000 - 0x00007ffeda1bc000 	C:\Windows\System32\ADVAPI32.dll
0x00007ffedbf10000 - 0x00007ffedbfab000 	C:\Windows\System32\sechost.dll
0x00007ffedbae0000 - 0x00007ffedbc0a000 	C:\Windows\System32\RPCRT4.dll
0x00007ffedb230000 - 0x00007ffedb238000 	C:\Windows\System32\PSAPI.DLL
0x00007ffec7410000 - 0x00007ffec7437000 	C:\Windows\SYSTEM32\WINMM.dll
0x00007ffed2a50000 - 0x00007ffed2a5a000 	C:\Windows\SYSTEM32\VERSION.dll
0x00007ffecbca0000 - 0x00007ffecbca9000 	C:\Windows\SYSTEM32\WSOCK32.dll
0x00007ffedb990000 - 0x00007ffedb9fb000 	C:\Windows\System32\WS2_32.dll
0x00007ffed7530000 - 0x00007ffed7542000 	C:\Windows\SYSTEM32\kernel.appcore.dll
0x00007ffed6f80000 - 0x00007ffed6f91000 	C:\Users\felip\OneDrive\Desktop\android-studio\jre\bin\verify.dll
0x00007ffece500000 - 0x00007ffece6e4000 	C:\Windows\SYSTEM32\DBGHELP.DLL
0x00007ffecf710000 - 0x00007ffecf73c000 	C:\Windows\SYSTEM32\dbgcore.DLL
0x00007ffed9c80000 - 0x00007ffed9d03000 	C:\Windows\System32\bcryptPrimitives.dll
0x00007ffed4670000 - 0x00007ffed4699000 	C:\Users\felip\OneDrive\Desktop\android-studio\jre\bin\java.dll
0x00007ffed4f20000 - 0x00007ffed4f2b000 	C:\Users\felip\OneDrive\Desktop\android-studio\jre\bin\jimage.dll
0x00007ffed4560000 - 0x00007ffed4578000 	C:\Users\felip\OneDrive\Desktop\android-studio\jre\bin\zip.dll
0x00007ffeda3d0000 - 0x00007ffedab0f000 	C:\Windows\System32\SHELL32.dll
0x00007ffed7810000 - 0x00007ffed7fa0000 	C:\Windows\SYSTEM32\windows.storage.dll
0x00007ffedb480000 - 0x00007ffedb7d5000 	C:\Windows\System32\combase.dll
0x00007ffed9090000 - 0x00007ffed90be000 	C:\Windows\SYSTEM32\Wldp.dll
0x00007ffedba30000 - 0x00007ffedbadd000 	C:\Windows\System32\SHCORE.dll
0x00007ffedb410000 - 0x00007ffedb465000 	C:\Windows\System32\shlwapi.dll
0x00007ffed9650000 - 0x00007ffed966f000 	C:\Windows\SYSTEM32\profapi.dll
0x00007ffed4530000 - 0x00007ffed454a000 	C:\Users\felip\OneDrive\Desktop\android-studio\jre\bin\net.dll
0x00007ffed08d0000 - 0x00007ffed09dc000 	C:\Windows\SYSTEM32\WINHTTP.dll
0x00007ffed8df0000 - 0x00007ffed8e5a000 	C:\Windows\system32\mswsock.dll
0x00007ffed4500000 - 0x00007ffed4514000 	C:\Users\felip\OneDrive\Desktop\android-studio\jre\bin\nio.dll
0x00007ffec2b70000 - 0x00007ffec2b97000 	C:\Users\felip\.gradle\native\8bec1ad78214c89d9ad589b4d07fe93259594b29d510b10fafb7a158f7737e5d\windows-amd64\native-platform.dll
0x00007ffebff10000 - 0x00007ffec004d000 	C:\Users\felip\.gradle\native\53dbd7edfb1c66fb8903c78663c9afc45aea4f116125fa6feffd364cf09443e8\windows-amd64\native-platform-file-events.dll
0x00007ffed44f0000 - 0x00007ffed44fa000 	C:\Users\felip\OneDrive\Desktop\android-studio\jre\bin\management.dll
0x00007ffed44e0000 - 0x00007ffed44ed000 	C:\Users\felip\OneDrive\Desktop\android-studio\jre\bin\management_ext.dll
0x00007ffed8fe0000 - 0x00007ffed8ff8000 	C:\Windows\SYSTEM32\CRYPTSP.dll
0x00007ffed8770000 - 0x00007ffed87a4000 	C:\Windows\system32\rsaenh.dll
0x00007ffed9d10000 - 0x00007ffed9d37000 	C:\Windows\System32\bcrypt.dll
0x00007ffed9610000 - 0x00007ffed963e000 	C:\Windows\SYSTEM32\USERENV.dll
0x00007ffed9000000 - 0x00007ffed900c000 	C:\Windows\SYSTEM32\CRYPTBASE.dll
0x00007ffed8ae0000 - 0x00007ffed8b1b000 	C:\Windows\SYSTEM32\IPHLPAPI.DLL
0x00007ffedb470000 - 0x00007ffedb478000 	C:\Windows\System32\NSI.dll
0x00007ffed3ba0000 - 0x00007ffed3bb7000 	C:\Windows\SYSTEM32\dhcpcsvc6.DLL
0x00007ffed3dd0000 - 0x00007ffed3ded000 	C:\Windows\SYSTEM32\dhcpcsvc.DLL
0x00007ffed8b20000 - 0x00007ffed8beb000 	C:\Windows\SYSTEM32\DNSAPI.dll

dbghelp: loaded successfully - version: 4.0.5 - missing functions: none
symbol engine: initialized successfully - sym options: 0x614 - pdb path: .;C:\Users\felip\OneDrive\Desktop\android-studio\jre\bin;C:\Windows\SYSTEM32;C:\Program Files\Avast Software\Avast;C:\Windows\WinSxS\amd64_microsoft.windows.common-controls_6595b64144ccf1df_6.0.19041.1110_none_60b5254171f9507e;C:\Users\felip\OneDrive\Desktop\android-studio\jre\bin\server;C:\Users\felip\.gradle\native\8bec1ad78214c89d9ad589b4d07fe93259594b29d510b10fafb7a158f7737e5d\windows-amd64;C:\Users\felip\.gradle\native\53dbd7edfb1c66fb8903c78663c9afc45aea4f116125fa6feffd364cf09443e8\windows-amd64

VM Arguments:
jvm_args: --add-opens=java.base/java.util=ALL-UNNAMED --add-opens=java.base/java.lang=ALL-UNNAMED --add-opens=java.base/java.lang.invoke=ALL-UNNAMED --add-opens=java.base/java.util=ALL-UNNAMED --add-opens=java.prefs/java.util.prefs=ALL-UNNAMED --add-opens=java.prefs/java.util.prefs=ALL-UNNAMED --add-opens=java.base/java.nio.charset=ALL-UNNAMED --add-opens=java.base/java.net=ALL-UNNAMED --add-opens=java.base/java.util.concurrent.atomic=ALL-UNNAMED -Xmx1024m -Dfile.encoding=UTF-8 -Duser.country=US -Duser.language=en -Duser.variant 
java_command: org.gradle.launcher.daemon.bootstrap.GradleDaemon 7.0.2
java_class_path (initial): C:\Users\felip\.gradle\wrapper\dists\gradle-7.0.2-bin\857tjihv64xamwrf0h14cai3r\gradle-7.0.2\lib\gradle-launcher-7.0.2.jar
Launcher Type: SUN_STANDARD

[Global flags]
     intx CICompilerCount                          = 2                                         {product} {ergonomic}
     uint ConcGCThreads                            = 1                                         {product} {ergonomic}
     uint G1ConcRefinementThreads                  = 2                                         {product} {ergonomic}
   size_t G1HeapRegionSize                         = 1048576                                   {product} {ergonomic}
    uintx GCDrainStackTargetSize                   = 64                                        {product} {ergonomic}
   size_t InitialHeapSize                          = 67108864                                  {product} {ergonomic}
   size_t MarkStackSize                            = 4194304                                   {product} {ergonomic}
   size_t MaxHeapSize                              = 1073741824                                {product} {command line}
   size_t MaxNewSize                               = 643825664                                 {product} {ergonomic}
   size_t MinHeapDeltaBytes                        = 1048576                                   {product} {ergonomic}
    uintx NonNMethodCodeHeapSize                   = 5825164                                {pd product} {ergonomic}
    uintx NonProfiledCodeHeapSize                  = 122916538                              {pd product} {ergonomic}
    uintx ProfiledCodeHeapSize                     = 122916538                              {pd product} {ergonomic}
    uintx ReservedCodeCacheSize                    = 251658240                              {pd product} {ergonomic}
     bool SegmentedCodeCache                       = true                                      {product} {ergonomic}
     bool UseCompressedClassPointers               = true                                 {lp64_product} {ergonomic}
     bool UseCompressedOops                        = true                                 {lp64_product} {ergonomic}
     bool UseG1GC                                  = true                                      {product} {ergonomic}
     bool UseLargePagesIndividualAllocation        = false                                  {pd product} {ergonomic}

Logging:
Log output configuration:
 #0: stdout all=warning uptime,level,tags
 #1: stderr all=off uptime,level,tags

Environment Variables:
PATH=C:\Program Files\Common Files\Oracle\Java\javapath;C:\Program Files (x86)\Common Files\Oracle\Java\javapath;C:\Windows\system32;C:\Windows;C:\Windows\System32\Wbem;C:\Windows\System32\WindowsPowerShell\v1.0\;C:\Windows\System32\OpenSSH\;C:\ProgramData\chocolatey\bin;C:\Program Files (x86)\Yarn\bin\;C:\Program Files\Git\cmd;C:\Program Files\nodejs\;C:\Users\felip\AppData\Local\Microsoft\WindowsApps;C:\Users\felip\AppData\Local\Programs\Microsoft VS Code\bin;C:\Users\felip\AppData\Local\Yarn\bin;C:\Users\felip\AppData\Local\GitHubDesktop\bin;C:\Users\felip\AppData\Roaming\npm
USERNAME=felip
OS=Windows_NT
PROCESSOR_IDENTIFIER=Intel64 Family 6 Model 23 Stepping 10, GenuineIntel



---------------  S Y S T E M  ---------------

OS: Windows 10 , 64 bit Build 19041 (10.0.19041.1348)
OS uptime: 0 days 7:25 hours

CPU:total 2 (initial active 2) (2 cores per cpu, 1 threads per core) family 6 model 23 stepping 10 microcode 0xa0c, cmov, cx8, fxsr, mmx, sse, sse2, sse3, ssse3, tsc

Memory: 4k page, system-wide physical 4061M (41M free)
TotalPageFile size 4061M (AvailPageFile size 4M)
current process WorkingSet (physical memory assigned to process): 524M, peak: 525M
current process commit charge ("private bytes"): 703M, peak: 720M

vm_info: OpenJDK 64-Bit Server VM (11.0.11+9-b60-7590822) for windows-amd64 JRE (11.0.11+9-b60-7590822), built on Jul 29 2021 21:43:44 by "builder" with MS VC++ 14.0 (VS2015)

END.
