#
# There is insufficient memory for the Java Runtime Environment to continue.
# Native memory allocation (malloc) failed to allocate 660176 bytes for Chunk::new
# Possible reasons:
#   The system is out of physical RAM or swap space
#   The process is running with CompressedOops enabled, and the Java Heap may be blocking the growth of the native heap
# Possible solutions:
#   Reduce memory load on the system
#   Increase physical memory or swap space
#   Check if swap backing store is full
#   Decrease Java heap size (-Xmx/-Xms)
#   Decrease number of Java threads
#   Decrease Java thread stack sizes (-Xss)
#   Set larger code cache with -XX:ReservedCodeCacheSize=
#   JVM is running with Unscaled Compressed Oops mode in which the Java heap is
#     placed in the first 4GB address space. The Java Heap base address is the
#     maximum limit for the native heap growth. Please use -XX:HeapBaseMinAddress
#     to set the Java Heap base and to place the Java Heap above 4GB virtual address.
# This output file may be truncated or incomplete.
#
#  Out of Memory Error (./src/hotspot/share/memory/arena.cpp:197), pid=7088, tid=9088
#
# JRE version: OpenJDK Runtime Environment (11.0.11+9) (build 11.0.11+9-b60-7590822)
# Java VM: OpenJDK 64-Bit Server VM (11.0.11+9-b60-7590822, mixed mode, tiered, compressed oops, g1 gc, windows-amd64)
# No core dump will be written. Minidumps are not enabled by default on client versions of Windows
#

---------------  S U M M A R Y ------------

Command Line: --add-opens=java.base/java.util=ALL-UNNAMED --add-opens=java.base/java.lang=ALL-UNNAMED --add-opens=java.base/java.lang.invoke=ALL-UNNAMED --add-opens=java.base/java.util=ALL-UNNAMED --add-opens=java.prefs/java.util.prefs=ALL-UNNAMED --add-opens=java.prefs/java.util.prefs=ALL-UNNAMED --add-opens=java.base/java.nio.charset=ALL-UNNAMED --add-opens=java.base/java.net=ALL-UNNAMED --add-opens=java.base/java.util.concurrent.atomic=ALL-UNNAMED -Xmx512m -Dfile.encoding=UTF-8 -Duser.country=US -Duser.language=en -Duser.variant org.gradle.launcher.daemon.bootstrap.GradleDaemon 7.0.2

Host: Celeron(R) Dual-Core CPU       T3500  @ 2.10GHz, 2 cores, 3G,  Windows 10 , 64 bit Build 19041 (10.0.19041.1202)
Time: Mon Nov  8 14:30:09 2021 E. South America Standard Time elapsed time: 37.974986 seconds (0d 0h 0m 37s)

---------------  T H R E A D  ---------------

Current thread (0x00000227ff6cc800):  JavaThread "C2 CompilerThread0" daemon [_thread_in_native, id=9088, stack(0x000000fa93000000,0x000000fa93100000)]


Current CompileTask:
C2:  37975 5919   !   4       jdk.internal.loader.Resource::getBytes (242 bytes)

Stack: [0x000000fa93000000,0x000000fa93100000]
Native frames: (J=compiled Java code, j=interpreted, Vv=VM code, C=native code)
V  [jvm.dll+0x5f214a]
V  [jvm.dll+0x726fb5]
V  [jvm.dll+0x7285cd]
V  [jvm.dll+0x728c83]
V  [jvm.dll+0x243278]
V  [jvm.dll+0xbc53c]
V  [jvm.dll+0xbca3c]
V  [jvm.dll+0x353e7d]
V  [jvm.dll+0x321893]
V  [jvm.dll+0x320d8a]
V  [jvm.dll+0x1fc1e2]
V  [jvm.dll+0x1fb3d4]
V  [jvm.dll+0x183d6c]
V  [jvm.dll+0x209a57]
V  [jvm.dll+0x2082a1]
V  [jvm.dll+0x6ef58f]
V  [jvm.dll+0x6e80b5]
V  [jvm.dll+0x5f1036]
C  [ucrtbase.dll+0x21bb2]
C  [KERNEL32.DLL+0x17034]
C  [ntdll.dll+0x52651]


---------------  P R O C E S S  ---------------

Threads class SMR info:
_java_thread_list=0x0000022796a4feb0, length=37, elements={
0x00000227fda01000, 0x00000227ff667000, 0x00000227ff668800, 0x00000227ff6c3800,
0x00000227ff6c6800, 0x00000227ff6c9000, 0x00000227ff6cc800, 0x00000227ff731800,
0x00000227ff734000, 0x00000227ff82f000, 0x0000022795ab5800, 0x00000227959a1800,
0x000002279638a800, 0x000002279541d800, 0x000002279541e800, 0x0000022795b34000,
0x00000227ff9d4000, 0x0000022795b35000, 0x0000022795898800, 0x0000022795f22800,
0x0000022795f22000, 0x0000022795f24800, 0x0000022795f27800, 0x0000022795f28800,
0x0000022795f25000, 0x0000022795f23800, 0x0000022795f26800, 0x0000022795f26000,
0x000002279678c800, 0x0000022796789800, 0x000002279678d800, 0x000002279678e800,
0x000002279678f000, 0x0000022796791000, 0x000002279678b000, 0x000002279678c000,
0x0000022796792800
}

Java Threads: ( => current thread )
  0x00000227fda01000 JavaThread "main" [_thread_blocked, id=60, stack(0x000000fa92300000,0x000000fa92400000)]
  0x00000227ff667000 JavaThread "Reference Handler" daemon [_thread_blocked, id=7460, stack(0x000000fa92b00000,0x000000fa92c00000)]
  0x00000227ff668800 JavaThread "Finalizer" daemon [_thread_blocked, id=5368, stack(0x000000fa92c00000,0x000000fa92d00000)]
  0x00000227ff6c3800 JavaThread "Signal Dispatcher" daemon [_thread_blocked, id=1884, stack(0x000000fa92d00000,0x000000fa92e00000)]
  0x00000227ff6c6800 JavaThread "Attach Listener" daemon [_thread_blocked, id=5420, stack(0x000000fa92e00000,0x000000fa92f00000)]
  0x00000227ff6c9000 JavaThread "Service Thread" daemon [_thread_blocked, id=8656, stack(0x000000fa92f00000,0x000000fa93000000)]
=>0x00000227ff6cc800 JavaThread "C2 CompilerThread0" daemon [_thread_in_native, id=9088, stack(0x000000fa93000000,0x000000fa93100000)]
  0x00000227ff731800 JavaThread "C1 CompilerThread0" daemon [_thread_blocked, id=8312, stack(0x000000fa93100000,0x000000fa93200000)]
  0x00000227ff734000 JavaThread "Sweeper thread" daemon [_thread_blocked, id=2604, stack(0x000000fa93200000,0x000000fa93300000)]
  0x00000227ff82f000 JavaThread "Common-Cleaner" daemon [_thread_blocked, id=6112, stack(0x000000fa93300000,0x000000fa93400000)]
  0x0000022795ab5800 JavaThread "Daemon health stats" [_thread_blocked, id=7080, stack(0x000000fa93600000,0x000000fa93700000)]
  0x00000227959a1800 JavaThread "Incoming local TCP Connector on port 4504" [_thread_in_native, id=8496, stack(0x000000fa93700000,0x000000fa93800000)]
  0x000002279638a800 JavaThread "Daemon periodic checks" [_thread_blocked, id=8108, stack(0x000000fa93800000,0x000000fa93900000)]
  0x000002279541d800 JavaThread "Daemon" [_thread_blocked, id=6856, stack(0x000000fa93900000,0x000000fa93a00000)]
  0x000002279541e800 JavaThread "Handler for socket connection from /127.0.0.1:4504 to /127.0.0.1:4505" [_thread_in_native, id=2864, stack(0x000000fa93a00000,0x000000fa93b00000)]
  0x0000022795b34000 JavaThread "Cancel handler" [_thread_blocked, id=6464, stack(0x000000fa93b00000,0x000000fa93c00000)]
  0x00000227ff9d4000 JavaThread "Daemon worker" [_thread_in_vm, id=968, stack(0x000000fa93c00000,0x000000fa93d00000)]
  0x0000022795b35000 JavaThread "Asynchronous log dispatcher for DefaultDaemonConnection: socket connection from /127.0.0.1:4504 to /127.0.0.1:4505" [_thread_blocked, id=4148, stack(0x000000fa93d00000,0x000000fa93e00000)]
  0x0000022795898800 JavaThread "Stdin handler" [_thread_blocked, id=5076, stack(0x000000fa93e00000,0x000000fa93f00000)]
  0x0000022795f22800 JavaThread "Daemon client event forwarder" [_thread_blocked, id=9144, stack(0x000000fa93f00000,0x000000fa94000000)]
  0x0000022795f22000 JavaThread "Cache worker for file hash cache (C:\Users\felip\.gradle\caches\7.0.2\fileHashes)" [_thread_blocked, id=7860, stack(0x000000fa94000000,0x000000fa94100000)]
  0x0000022795f24800 JavaThread "File lock request listener" [_thread_in_native, id=8748, stack(0x000000fa94100000,0x000000fa94200000)]
  0x0000022795f27800 JavaThread "Cache worker for journal cache (C:\Users\felip\.gradle\caches\journal-1)" [_thread_blocked, id=860, stack(0x000000fa94200000,0x000000fa94300000)]
  0x0000022795f28800 JavaThread "Cache worker for file hash cache (C:\Users\felip\AndroidStudioProjects\VideoApp\.gradle\7.0.2\fileHashes)" [_thread_blocked, id=5864, stack(0x000000fa94300000,0x000000fa94400000)]
  0x0000022795f25000 JavaThread "File watcher server" daemon [_thread_in_native, id=6508, stack(0x000000fa94400000,0x000000fa94500000)]
  0x0000022795f23800 JavaThread "File watcher consumer" daemon [_thread_blocked, id=4696, stack(0x000000fa94500000,0x000000fa94600000)]
  0x0000022795f26800 JavaThread "jar transforms" [_thread_blocked, id=7872, stack(0x000000fa94600000,0x000000fa94700000)]
  0x0000022795f26000 JavaThread "jar transforms Thread 2" [_thread_blocked, id=584, stack(0x000000fa94700000,0x000000fa94800000)]
  0x000002279678c800 JavaThread "Cache worker for checksums cache (C:\Users\felip\AndroidStudioProjects\VideoApp\.gradle\checksums)" [_thread_blocked, id=216, stack(0x000000fa94800000,0x000000fa94900000)]
  0x0000022796789800 JavaThread "Cache worker for cache directory md-supplier (C:\Users\felip\.gradle\caches\7.0.2\md-supplier)" [_thread_blocked, id=7232, stack(0x000000fa94900000,0x000000fa94a00000)]
  0x000002279678d800 JavaThread "Cache worker for cache directory md-rule (C:\Users\felip\.gradle\caches\7.0.2\md-rule)" [_thread_blocked, id=9000, stack(0x000000fa94a00000,0x000000fa94b00000)]
  0x000002279678e800 JavaThread "Cache worker for execution history cache (C:\Users\felip\.gradle\caches\7.0.2\executionHistory)" [_thread_blocked, id=5288, stack(0x000000fa94b00000,0x000000fa94c00000)]
  0x000002279678f000 JavaThread "Cache worker for file content cache (C:\Users\felip\.gradle\caches\7.0.2\fileContent)" [_thread_blocked, id=4308, stack(0x000000fa94c00000,0x000000fa94d00000)]
  0x0000022796791000 JavaThread "Cache worker for dependencies-accessors (C:\Users\felip\AndroidStudioProjects\VideoApp\.gradle\7.0.2\dependencies-accessors)" [_thread_blocked, id=6532, stack(0x000000fa94d00000,0x000000fa94e00000)]
  0x000002279678b000 JavaThread "Cache worker for Build Output Cleanup Cache (C:\Users\felip\AndroidStudioProjects\VideoApp\.gradle\buildOutputCleanup)" [_thread_blocked, id=2324, stack(0x000000fa94e00000,0x000000fa94f00000)]
  0x000002279678c000 JavaThread "Build operations" [_thread_blocked, id=7764, stack(0x000000fa94f00000,0x000000fa95000000)]
  0x0000022796792800 JavaThread "Build operations Thread 2" [_thread_blocked, id=5456, stack(0x000000fa95000000,0x000000fa95100000)]

Other Threads:
  0x00000227ff661800 VMThread "VM Thread" [stack: 0x000000fa92a00000,0x000000fa92b00000] [id=6552]
  0x00000227ff851000 WatcherThread [stack: 0x000000fa93400000,0x000000fa93500000] [id=7948]
  0x00000227fda1b800 GCTaskThread "GC Thread#0" [stack: 0x000000fa92500000,0x000000fa92600000] [id=6884]
  0x00000227ff92f000 GCTaskThread "GC Thread#1" [stack: 0x000000fa93500000,0x000000fa93600000] [id=5176]
  0x00000227fda2b800 ConcurrentGCThread "G1 Main Marker" [stack: 0x000000fa92600000,0x000000fa92700000] [id=8544]
  0x00000227fda2d000 ConcurrentGCThread "G1 Conc#0" [stack: 0x000000fa92700000,0x000000fa92800000] [id=4020]
  0x00000227fda78800 ConcurrentGCThread "G1 Refine#0" [stack: 0x000000fa92800000,0x000000fa92900000] [id=6260]
  0x00000227fda79800 ConcurrentGCThread "G1 Young RemSet Sampling" [stack: 0x000000fa92900000,0x000000fa92a00000] [id=7600]

Threads with active compile tasks:
C2 CompilerThread0  38092 5919   !   4       jdk.internal.loader.Resource::getBytes (242 bytes)

VM state:not at safepoint (normal execution)

VM Mutex/Monitor currently owned by a thread: None

Heap address: 0x00000000e0000000, size: 512 MB, Compressed Oops mode: 32-bit
Narrow klass base: 0x0000000000000000, Narrow klass shift: 3
Compressed class space size: 1073741824 Address: 0x0000000100000000

Heap:
 garbage-first heap   total 95232K, used 78944K [0x00000000e0000000, 0x0000000100000000)
  region size 1024K, 8 young (8192K), 1 survivors (1024K)
 Metaspace       used 57288K, capacity 59010K, committed 59264K, reserved 1101824K
  class space    used 7254K, capacity 7803K, committed 7808K, reserved 1048576K
Heap Regions: E=young(eden), S=young(survivor), O=old, HS=humongous(starts), HC=humongous(continues), CS=collection set, F=free, A=archive, TAMS=top-at-mark-start (previous, next)
|   0|0x00000000e0000000, 0x00000000e0100000, 0x00000000e0100000|100%| O|  |TAMS 0x00000000e0100000, 0x00000000e0000000| Untracked 
|   1|0x00000000e0100000, 0x00000000e0200000, 0x00000000e0200000|100%| O|  |TAMS 0x00000000e0200000, 0x00000000e0100000| Untracked 
|   2|0x00000000e0200000, 0x00000000e0300000, 0x00000000e0300000|100%| O|  |TAMS 0x00000000e0300000, 0x00000000e0200000| Untracked 
|   3|0x00000000e0300000, 0x00000000e0400000, 0x00000000e0400000|100%| O|  |TAMS 0x00000000e0400000, 0x00000000e0300000| Untracked 
|   4|0x00000000e0400000, 0x00000000e0500000, 0x00000000e0500000|100%|HS|  |TAMS 0x00000000e0500000, 0x00000000e0400000| Complete 
|   5|0x00000000e0500000, 0x00000000e0600000, 0x00000000e0600000|100%|HC|  |TAMS 0x00000000e0600000, 0x00000000e0500000| Complete 
|   6|0x00000000e0600000, 0x00000000e0700000, 0x00000000e0700000|100%|HC|  |TAMS 0x00000000e0700000, 0x00000000e0600000| Complete 
|   7|0x00000000e0700000, 0x00000000e0800000, 0x00000000e0800000|100%| O|  |TAMS 0x00000000e0800000, 0x00000000e0700000| Untracked 
|   8|0x00000000e0800000, 0x00000000e0900000, 0x00000000e0900000|100%| O|  |TAMS 0x00000000e0900000, 0x00000000e0800000| Untracked 
|   9|0x00000000e0900000, 0x00000000e0a00000, 0x00000000e0a00000|100%| O|  |TAMS 0x00000000e0a00000, 0x00000000e0900000| Untracked 
|  10|0x00000000e0a00000, 0x00000000e0b00000, 0x00000000e0b00000|100%| O|  |TAMS 0x00000000e0b00000, 0x00000000e0a00000| Untracked 
|  11|0x00000000e0b00000, 0x00000000e0c00000, 0x00000000e0c00000|100%| O|  |TAMS 0x00000000e0c00000, 0x00000000e0b00000| Untracked 
|  12|0x00000000e0c00000, 0x00000000e0d00000, 0x00000000e0d00000|100%| O|  |TAMS 0x00000000e0d00000, 0x00000000e0c00000| Untracked 
|  13|0x00000000e0d00000, 0x00000000e0e00000, 0x00000000e0e00000|100%| O|  |TAMS 0x00000000e0e00000, 0x00000000e0d00000| Untracked 
|  14|0x00000000e0e00000, 0x00000000e0f00000, 0x00000000e0f00000|100%| O|  |TAMS 0x00000000e0f00000, 0x00000000e0e00000| Untracked 
|  15|0x00000000e0f00000, 0x00000000e1000000, 0x00000000e1000000|100%| O|  |TAMS 0x00000000e1000000, 0x00000000e0f00000| Untracked 
|  16|0x00000000e1000000, 0x00000000e1100000, 0x00000000e1100000|100%|HS|  |TAMS 0x00000000e1100000, 0x00000000e1000000| Complete 
|  17|0x00000000e1100000, 0x00000000e1200000, 0x00000000e1200000|100%|HC|  |TAMS 0x00000000e1200000, 0x00000000e1100000| Complete 
|  18|0x00000000e1200000, 0x00000000e1300000, 0x00000000e1300000|100%|HS|  |TAMS 0x00000000e1300000, 0x00000000e1200000| Complete 
|  19|0x00000000e1300000, 0x00000000e1400000, 0x00000000e1400000|100%|HC|  |TAMS 0x00000000e1400000, 0x00000000e1300000| Complete 
|  20|0x00000000e1400000, 0x00000000e1500000, 0x00000000e1500000|100%|HC|  |TAMS 0x00000000e1500000, 0x00000000e1400000| Complete 
|  21|0x00000000e1500000, 0x00000000e1600000, 0x00000000e1600000|100%|HS|  |TAMS 0x00000000e1600000, 0x00000000e1500000| Complete 
|  22|0x00000000e1600000, 0x00000000e1700000, 0x00000000e1700000|100%|HC|  |TAMS 0x00000000e1700000, 0x00000000e1600000| Complete 
|  23|0x00000000e1700000, 0x00000000e1800000, 0x00000000e1800000|100%|HC|  |TAMS 0x00000000e1800000, 0x00000000e1700000| Complete 
|  24|0x00000000e1800000, 0x00000000e1900000, 0x00000000e1900000|100%|HC|  |TAMS 0x00000000e1900000, 0x00000000e1800000| Complete 
|  25|0x00000000e1900000, 0x00000000e1a00000, 0x00000000e1a00000|100%| O|  |TAMS 0x00000000e1a00000, 0x00000000e1900000| Untracked 
|  26|0x00000000e1a00000, 0x00000000e1b00000, 0x00000000e1b00000|100%| O|  |TAMS 0x00000000e1b00000, 0x00000000e1a00000| Untracked 
|  27|0x00000000e1b00000, 0x00000000e1c00000, 0x00000000e1c00000|100%| O|  |TAMS 0x00000000e1c00000, 0x00000000e1b00000| Untracked 
|  28|0x00000000e1c00000, 0x00000000e1d00000, 0x00000000e1d00000|100%| O|  |TAMS 0x00000000e1d00000, 0x00000000e1c00000| Untracked 
|  29|0x00000000e1d00000, 0x00000000e1e00000, 0x00000000e1e00000|100%| O|  |TAMS 0x00000000e1e00000, 0x00000000e1d00000| Untracked 
|  30|0x00000000e1e00000, 0x00000000e1f00000, 0x00000000e1f00000|100%| O|  |TAMS 0x00000000e1f00000, 0x00000000e1e00000| Untracked 
|  31|0x00000000e1f00000, 0x00000000e2000000, 0x00000000e2000000|100%| O|  |TAMS 0x00000000e2000000, 0x00000000e1f00000| Untracked 
|  32|0x00000000e2000000, 0x00000000e2100000, 0x00000000e2100000|100%| O|  |TAMS 0x00000000e2100000, 0x00000000e2000000| Untracked 
|  33|0x00000000e2100000, 0x00000000e2200000, 0x00000000e2200000|100%| O|  |TAMS 0x00000000e2200000, 0x00000000e2100000| Untracked 
|  34|0x00000000e2200000, 0x00000000e2300000, 0x00000000e2300000|100%| O|  |TAMS 0x00000000e2300000, 0x00000000e2200000| Untracked 
|  35|0x00000000e2300000, 0x00000000e2400000, 0x00000000e2400000|100%| O|  |TAMS 0x00000000e2400000, 0x00000000e2300000| Untracked 
|  36|0x00000000e2400000, 0x00000000e2500000, 0x00000000e2500000|100%| O|  |TAMS 0x00000000e2500000, 0x00000000e2400000| Untracked 
|  37|0x00000000e2500000, 0x00000000e2600000, 0x00000000e2600000|100%| O|  |TAMS 0x00000000e2600000, 0x00000000e2500000| Untracked 
|  38|0x00000000e2600000, 0x00000000e2700000, 0x00000000e2700000|100%| O|  |TAMS 0x00000000e2700000, 0x00000000e2600000| Untracked 
|  39|0x00000000e2700000, 0x00000000e2800000, 0x00000000e2800000|100%| O|  |TAMS 0x00000000e2800000, 0x00000000e2700000| Untracked 
|  40|0x00000000e2800000, 0x00000000e2900000, 0x00000000e2900000|100%|HS|  |TAMS 0x00000000e2900000, 0x00000000e2800000| Complete 
|  41|0x00000000e2900000, 0x00000000e2a00000, 0x00000000e2a00000|100%|HC|  |TAMS 0x00000000e2a00000, 0x00000000e2900000| Complete 
|  42|0x00000000e2a00000, 0x00000000e2b00000, 0x00000000e2b00000|100%|HC|  |TAMS 0x00000000e2b00000, 0x00000000e2a00000| Complete 
|  43|0x00000000e2b00000, 0x00000000e2c00000, 0x00000000e2c00000|100%| O|  |TAMS 0x00000000e2c00000, 0x00000000e2b00000| Untracked 
|  44|0x00000000e2c00000, 0x00000000e2d00000, 0x00000000e2d00000|100%| O|  |TAMS 0x00000000e2d00000, 0x00000000e2c00000| Untracked 
|  45|0x00000000e2d00000, 0x00000000e2e00000, 0x00000000e2e00000|100%| O|  |TAMS 0x00000000e2e00000, 0x00000000e2d00000| Untracked 
|  46|0x00000000e2e00000, 0x00000000e2f00000, 0x00000000e2f00000|100%| O|  |TAMS 0x00000000e2f00000, 0x00000000e2e00000| Untracked 
|  47|0x00000000e2f00000, 0x00000000e3000000, 0x00000000e3000000|100%|HS|  |TAMS 0x00000000e3000000, 0x00000000e2f00000| Complete 
|  48|0x00000000e3000000, 0x00000000e3100000, 0x00000000e3100000|100%|HC|  |TAMS 0x00000000e3100000, 0x00000000e3000000| Complete 
|  49|0x00000000e3100000, 0x00000000e3200000, 0x00000000e3200000|100%|HC|  |TAMS 0x00000000e3200000, 0x00000000e3100000| Complete 
|  50|0x00000000e3200000, 0x00000000e3300000, 0x00000000e3300000|100%|HC|  |TAMS 0x00000000e3300000, 0x00000000e3200000| Complete 
|  51|0x00000000e3300000, 0x00000000e3400000, 0x00000000e3400000|100%| O|  |TAMS 0x00000000e3400000, 0x00000000e3300000| Untracked 
|  52|0x00000000e3400000, 0x00000000e3500000, 0x00000000e3500000|100%| O|  |TAMS 0x00000000e3500000, 0x00000000e3400000| Untracked 
|  53|0x00000000e3500000, 0x00000000e3600000, 0x00000000e3600000|100%| O|  |TAMS 0x00000000e3600000, 0x00000000e3500000| Untracked 
|  54|0x00000000e3600000, 0x00000000e3700000, 0x00000000e3700000|100%|HS|  |TAMS 0x00000000e3700000, 0x00000000e3600000| Complete 
|  55|0x00000000e3700000, 0x00000000e3800000, 0x00000000e3800000|100%|HS|  |TAMS 0x00000000e3800000, 0x00000000e3700000| Complete 
|  56|0x00000000e3800000, 0x00000000e3900000, 0x00000000e3900000|100%|HS|  |TAMS 0x00000000e3900000, 0x00000000e3800000| Complete 
|  57|0x00000000e3900000, 0x00000000e3a00000, 0x00000000e3a00000|100%| O|  |TAMS 0x00000000e3a00000, 0x00000000e3900000| Untracked 
|  58|0x00000000e3a00000, 0x00000000e3b00000, 0x00000000e3b00000|100%|HS|  |TAMS 0x00000000e3b00000, 0x00000000e3a00000| Complete 
|  59|0x00000000e3b00000, 0x00000000e3c00000, 0x00000000e3c00000|100%|HC|  |TAMS 0x00000000e3c00000, 0x00000000e3b00000| Complete 
|  60|0x00000000e3c00000, 0x00000000e3d00000, 0x00000000e3d00000|100%|HC|  |TAMS 0x00000000e3d00000, 0x00000000e3c00000| Complete 
|  61|0x00000000e3d00000, 0x00000000e3e00000, 0x00000000e3e00000|100%| O|  |TAMS 0x00000000e3e00000, 0x00000000e3d00000| Untracked 
|  62|0x00000000e3e00000, 0x00000000e3f00000, 0x00000000e3f00000|100%| O|  |TAMS 0x00000000e3f00000, 0x00000000e3e00000| Untracked 
|  63|0x00000000e3f00000, 0x00000000e4000000, 0x00000000e4000000|100%| O|  |TAMS 0x00000000e4000000, 0x00000000e3f00000| Untracked 
|  64|0x00000000e4000000, 0x00000000e4100000, 0x00000000e4100000|100%| O|  |TAMS 0x00000000e4100000, 0x00000000e4000000| Untracked 
|  65|0x00000000e4100000, 0x00000000e4200000, 0x00000000e4200000|100%|HS|  |TAMS 0x00000000e4200000, 0x00000000e4100000| Complete 
|  66|0x00000000e4200000, 0x00000000e4300000, 0x00000000e4300000|100%|HC|  |TAMS 0x00000000e4300000, 0x00000000e4200000| Complete 
|  67|0x00000000e4300000, 0x00000000e4400000, 0x00000000e4400000|100%| O|  |TAMS 0x00000000e4400000, 0x00000000e4300000| Untracked 
|  68|0x00000000e4400000, 0x00000000e4500000, 0x00000000e4500000|100%| O|  |TAMS 0x00000000e4500000, 0x00000000e4400000| Untracked 
|  69|0x00000000e4500000, 0x00000000e4600000, 0x00000000e4600000|100%| O|  |TAMS 0x00000000e4600000, 0x00000000e4500000| Untracked 
|  70|0x00000000e4600000, 0x00000000e469e000, 0x00000000e4700000| 61%| O|  |TAMS 0x00000000e469e000, 0x00000000e4600000| Untracked 
|  71|0x00000000e4700000, 0x00000000e4700000, 0x00000000e4800000|  0%| F|  |TAMS 0x00000000e4700000, 0x00000000e4700000| Untracked 
|  72|0x00000000e4800000, 0x00000000e4800000, 0x00000000e4900000|  0%| F|  |TAMS 0x00000000e4800000, 0x00000000e4800000| Untracked 
|  73|0x00000000e4900000, 0x00000000e4900000, 0x00000000e4a00000|  0%| F|  |TAMS 0x00000000e4900000, 0x00000000e4900000| Untracked 
|  74|0x00000000e4a00000, 0x00000000e4a00000, 0x00000000e4b00000|  0%| F|  |TAMS 0x00000000e4a00000, 0x00000000e4a00000| Untracked 
|  75|0x00000000e4b00000, 0x00000000e4b00000, 0x00000000e4c00000|  0%| F|  |TAMS 0x00000000e4b00000, 0x00000000e4b00000| Untracked 
|  76|0x00000000e4c00000, 0x00000000e4c00000, 0x00000000e4d00000|  0%| F|  |TAMS 0x00000000e4c00000, 0x00000000e4c00000| Untracked 
|  77|0x00000000e4d00000, 0x00000000e4d00000, 0x00000000e4e00000|  0%| F|  |TAMS 0x00000000e4d00000, 0x00000000e4d00000| Untracked 
|  78|0x00000000e4e00000, 0x00000000e4e00000, 0x00000000e4f00000|  0%| F|  |TAMS 0x00000000e4e00000, 0x00000000e4e00000| Untracked 
|  79|0x00000000e4f00000, 0x00000000e4f00000, 0x00000000e5000000|  0%| F|  |TAMS 0x00000000e4f00000, 0x00000000e4f00000| Untracked 
|  80|0x00000000e5000000, 0x00000000e5000000, 0x00000000e5100000|  0%| F|  |TAMS 0x00000000e5000000, 0x00000000e5000000| Untracked 
|  81|0x00000000e5100000, 0x00000000e5100000, 0x00000000e5200000|  0%| F|  |TAMS 0x00000000e5100000, 0x00000000e5100000| Untracked 
|  82|0x00000000e5200000, 0x00000000e5200000, 0x00000000e5300000|  0%| F|  |TAMS 0x00000000e5200000, 0x00000000e5200000| Untracked 
|  83|0x00000000e5300000, 0x00000000e5300000, 0x00000000e5400000|  0%| F|  |TAMS 0x00000000e5300000, 0x00000000e5300000| Untracked 
|  84|0x00000000e5400000, 0x00000000e5400000, 0x00000000e5500000|  0%| F|  |TAMS 0x00000000e5400000, 0x00000000e5400000| Untracked 
|  85|0x00000000e5500000, 0x00000000e557a270, 0x00000000e5600000| 47%| S|CS|TAMS 0x00000000e5500000, 0x00000000e5500000| Complete 
|  86|0x00000000e5600000, 0x00000000e5647938, 0x00000000e5700000| 27%| E|  |TAMS 0x00000000e5600000, 0x00000000e5600000| Complete 
|  87|0x00000000e5700000, 0x00000000e5800000, 0x00000000e5800000|100%| E|CS|TAMS 0x00000000e5700000, 0x00000000e5700000| Complete 
|  88|0x00000000e5800000, 0x00000000e5900000, 0x00000000e5900000|100%| E|CS|TAMS 0x00000000e5800000, 0x00000000e5800000| Complete 
|  89|0x00000000e5900000, 0x00000000e5a00000, 0x00000000e5a00000|100%| E|CS|TAMS 0x00000000e5900000, 0x00000000e5900000| Complete 
|  90|0x00000000e5a00000, 0x00000000e5b00000, 0x00000000e5b00000|100%| E|CS|TAMS 0x00000000e5a00000, 0x00000000e5a00000| Complete 
|  91|0x00000000e5b00000, 0x00000000e5c00000, 0x00000000e5c00000|100%| E|CS|TAMS 0x00000000e5b00000, 0x00000000e5b00000| Complete 
|  92|0x00000000e5c00000, 0x00000000e5d00000, 0x00000000e5d00000|100%| E|CS|TAMS 0x00000000e5c00000, 0x00000000e5c00000| Complete 

Card table byte_map: [0x00000227fd6e0000,0x00000227fd7e0000] _byte_map_base: 0x00000227fcfe0000

Marking Bits (Prev, Next): (CMBitMap*) 0x00000227fda28998, (CMBitMap*) 0x00000227fda289d0
 Prev Bits: [0x00000227fdae0000, 0x00000227fe2e0000)
 Next Bits: [0x00000227fe2e0000, 0x00000227feae0000)

Polling page: 0x00000227fb940000

Metaspace:

Usage:
  Non-class:     50.01 MB capacity,    48.87 MB ( 98%) used,  1018.11 KB (  2%) free+waste,   150.94 KB ( <1%) overhead. 
      Class:      7.62 MB capacity,     7.08 MB ( 93%) used,   476.91 KB (  6%) free+waste,    71.50 KB ( <1%) overhead. 
       Both:     57.63 MB capacity,    55.95 MB ( 97%) used,     1.46 MB (  3%) free+waste,   222.44 KB ( <1%) overhead. 

Virtual space:
  Non-class space:       52.00 MB reserved,      50.25 MB ( 97%) committed 
      Class space:        1.00 GB reserved,       7.63 MB ( <1%) committed 
             Both:        1.05 GB reserved,      57.88 MB (  5%) committed 

Chunk freelists:
   Non-Class:  57.00 KB
       Class:  5.00 KB
        Both:  62.00 KB

MaxMetaspaceSize: 17179869184.00 GB
CompressedClassSpaceSize: 1.00 GB

CodeHeap 'non-profiled nmethods': size=120064Kb used=2891Kb max_used=2891Kb free=117172Kb
 bounds [0x000002278b4e0000, 0x000002278b7c0000, 0x0000022792a20000]
CodeHeap 'profiled nmethods': size=120000Kb used=12761Kb max_used=12761Kb free=107238Kb
 bounds [0x0000022783fb0000, 0x0000022784c30000, 0x000002278b4e0000]
CodeHeap 'non-nmethods': size=5696Kb used=2227Kb max_used=2250Kb free=3468Kb
 bounds [0x0000022783a20000, 0x0000022783c90000, 0x0000022783fb0000]
 total_blobs=6763 nmethods=5944 adapters=731
 compilation: enabled
              stopped_count=0, restarted_count=0
 full_count=0

Compilation events (20 events):
Event: 37.841 Thread 0x00000227ff6cc800 5919   !   4       jdk.internal.loader.Resource::getBytes (242 bytes)
Event: 37.852 Thread 0x00000227ff731800 5922       1       com.google.common.collect.ImmutableMapEntry$NonTerminalImmutableMapEntry::getNextInKeyBucket (5 bytes)
Event: 37.852 Thread 0x00000227ff731800 nmethod 5922 0x000002278b7b1790 code [0x000002278b7b1940, 0x000002278b7b19f8]
Event: 37.857 Thread 0x00000227ff731800 5923       3       com.google.common.base.Preconditions::checkArgument (29 bytes)
Event: 37.858 Thread 0x00000227ff731800 nmethod 5923 0x0000022784bfbb90 code [0x0000022784bfbd80, 0x0000022784bfc2f8]
Event: 37.872 Thread 0x00000227ff731800 5924       3       kotlin.jvm.internal.Intrinsics::checkParameterIsNotNull (9 bytes)
Event: 37.872 Thread 0x00000227ff731800 nmethod 5924 0x0000022784bfc490 code [0x0000022784bfc6a0, 0x0000022784bfcb78]
Event: 37.876 Thread 0x00000227ff731800 5925       3       sun.reflect.annotation.AnnotationParser::parseMemberValue (162 bytes)
Event: 37.878 Thread 0x00000227ff731800 nmethod 5925 0x0000022784bfcd90 code [0x0000022784bfd0e0, 0x0000022784bfe358]
Event: 37.888 Thread 0x00000227ff731800 5926       3       java.lang.reflect.AccessibleObject::slowVerifyAccess (62 bytes)
Event: 37.889 Thread 0x00000227ff731800 nmethod 5926 0x0000022784bfe990 code [0x0000022784bfeba0, 0x0000022784bff2f8]
Event: 37.911 Thread 0x00000227ff731800 5927       3       com.google.common.collect.MapMakerInternalMap$StrongKeyWeakValueEntry$Helper::copy (17 bytes)
Event: 37.912 Thread 0x00000227ff731800 nmethod 5927 0x0000022784bff490 code [0x0000022784bff6a0, 0x0000022784bffd78]
Event: 37.912 Thread 0x00000227ff731800 5928       3       com.google.common.collect.MapMakerInternalMap$WeakValueReferenceImpl::copyFor (14 bytes)
Event: 37.913 Thread 0x00000227ff731800 nmethod 5928 0x0000022784bfff90 code [0x0000022784c00180, 0x0000022784c00678]
Event: 37.929 Thread 0x00000227ff731800 5929       3       com.google.common.collect.ImmutableMap$Builder::putAll (62 bytes)
Event: 37.930 Thread 0x00000227ff731800 nmethod 5929 0x0000022784c00810 code [0x0000022784c00a40, 0x0000022784c01358]
Event: 37.941 Thread 0x00000227ff731800 5930       3       java.lang.Class::isEnum (27 bytes)
Event: 37.941 Thread 0x00000227ff731800 nmethod 5930 0x0000022784c01590 code [0x0000022784c01760, 0x0000022784c01978]
Event: 37.950 Thread 0x00000227ff731800 5931       3       org.gradle.internal.instantiation.generator.AbstractClassGenerator$InjectionAnnotationValidator::validateMethod (502 bytes)

GC Heap History (20 events):
Event: 33.927 GC heap before
{Heap before GC invocations=50 (full 0):
 garbage-first heap   total 95232K, used 61375K [0x00000000e0000000, 0x0000000100000000)
  region size 1024K, 6 young (6144K), 3 survivors (3072K)
 Metaspace       used 49568K, capacity 51143K, committed 51456K, reserved 1093632K
  class space    used 6309K, capacity 6829K, committed 6912K, reserved 1048576K
}
Event: 33.940 GC heap after
{Heap after GC invocations=51 (full 0):
 garbage-first heap   total 95232K, used 62077K [0x00000000e0000000, 0x0000000100000000)
  region size 1024K, 3 young (3072K), 3 survivors (3072K)
 Metaspace       used 49568K, capacity 51143K, committed 51456K, reserved 1093632K
  class space    used 6309K, capacity 6829K, committed 6912K, reserved 1048576K
}
Event: 34.227 GC heap before
{Heap before GC invocations=52 (full 0):
 garbage-first heap   total 95232K, used 67197K [0x00000000e0000000, 0x0000000100000000)
  region size 1024K, 7 young (7168K), 3 survivors (3072K)
 Metaspace       used 49568K, capacity 51143K, committed 51456K, reserved 1093632K
  class space    used 6309K, capacity 6829K, committed 6912K, reserved 1048576K
}
Event: 34.238 GC heap after
{Heap after GC invocations=53 (full 0):
 garbage-first heap   total 95232K, used 67791K [0x00000000e0000000, 0x0000000100000000)
  region size 1024K, 2 young (2048K), 2 survivors (2048K)
 Metaspace       used 49568K, capacity 51143K, committed 51456K, reserved 1093632K
  class space    used 6309K, capacity 6829K, committed 6912K, reserved 1048576K
}
Event: 34.784 GC heap before
{Heap before GC invocations=54 (full 0):
 garbage-first heap   total 95232K, used 75983K [0x00000000e0000000, 0x0000000100000000)
  region size 1024K, 9 young (9216K), 2 survivors (2048K)
 Metaspace       used 49747K, capacity 51244K, committed 51456K, reserved 1093632K
  class space    used 6339K, capacity 6839K, committed 6912K, reserved 1048576K
}
Event: 34.792 GC heap after
{Heap after GC invocations=55 (full 0):
 garbage-first heap   total 95232K, used 71499K [0x00000000e0000000, 0x0000000100000000)
  region size 1024K, 2 young (2048K), 2 survivors (2048K)
 Metaspace       used 49747K, capacity 51244K, committed 51456K, reserved 1093632K
  class space    used 6339K, capacity 6839K, committed 6912K, reserved 1048576K
}
Event: 35.002 GC heap before
{Heap before GC invocations=55 (full 0):
 garbage-first heap   total 95232K, used 76619K [0x00000000e0000000, 0x0000000100000000)
  region size 1024K, 7 young (7168K), 2 survivors (2048K)
 Metaspace       used 50417K, capacity 52007K, committed 52352K, reserved 1095680K
  class space    used 6428K, capacity 6944K, committed 7040K, reserved 1048576K
}
Event: 35.009 GC heap after
{Heap after GC invocations=56 (full 0):
 garbage-first heap   total 95232K, used 71535K [0x00000000e0000000, 0x0000000100000000)
  region size 1024K, 1 young (1024K), 1 survivors (1024K)
 Metaspace       used 50417K, capacity 52007K, committed 52352K, reserved 1095680K
  class space    used 6428K, capacity 6944K, committed 7040K, reserved 1048576K
}
Event: 35.361 GC heap before
{Heap before GC invocations=57 (full 0):
 garbage-first heap   total 95232K, used 76655K [0x00000000e0000000, 0x0000000100000000)
  region size 1024K, 7 young (7168K), 1 survivors (1024K)
 Metaspace       used 51178K, capacity 52763K, committed 52992K, reserved 1095680K
  class space    used 6531K, capacity 7048K, committed 7168K, reserved 1048576K
}
Event: 35.366 GC heap after
{Heap after GC invocations=58 (full 0):
 garbage-first heap   total 95232K, used 71638K [0x00000000e0000000, 0x0000000100000000)
  region size 1024K, 1 young (1024K), 1 survivors (1024K)
 Metaspace       used 51178K, capacity 52763K, committed 52992K, reserved 1095680K
  class space    used 6531K, capacity 7048K, committed 7168K, reserved 1048576K
}
Event: 35.666 GC heap before
{Heap before GC invocations=58 (full 0):
 garbage-first heap   total 95232K, used 77782K [0x00000000e0000000, 0x0000000100000000)
  region size 1024K, 7 young (7168K), 1 survivors (1024K)
 Metaspace       used 51973K, capacity 53571K, committed 53760K, reserved 1095680K
  class space    used 6620K, capacity 7147K, committed 7168K, reserved 1048576K
}
Event: 35.670 GC heap after
{Heap after GC invocations=59 (full 0):
 garbage-first heap   total 95232K, used 71787K [0x00000000e0000000, 0x0000000100000000)
  region size 1024K, 1 young (1024K), 1 survivors (1024K)
 Metaspace       used 51973K, capacity 53571K, committed 53760K, reserved 1095680K
  class space    used 6620K, capacity 7147K, committed 7168K, reserved 1048576K
}
Event: 36.255 GC heap before
{Heap before GC invocations=60 (full 0):
 garbage-first heap   total 95232K, used 78955K [0x00000000e0000000, 0x0000000100000000)
  region size 1024K, 8 young (8192K), 1 survivors (1024K)
 Metaspace       used 52920K, capacity 54531K, committed 54656K, reserved 1097728K
  class space    used 6741K, capacity 7250K, committed 7296K, reserved 1048576K
}
Event: 36.262 GC heap after
{Heap after GC invocations=61 (full 0):
 garbage-first heap   total 95232K, used 72033K [0x00000000e0000000, 0x0000000100000000)
  region size 1024K, 1 young (1024K), 1 survivors (1024K)
 Metaspace       used 52920K, capacity 54531K, committed 54656K, reserved 1097728K
  class space    used 6741K, capacity 7250K, committed 7296K, reserved 1048576K
}
Event: 36.605 GC heap before
{Heap before GC invocations=61 (full 0):
 garbage-first heap   total 95232K, used 79201K [0x00000000e0000000, 0x0000000100000000)
  region size 1024K, 8 young (8192K), 1 survivors (1024K)
 Metaspace       used 53905K, capacity 55586K, committed 55808K, reserved 1097728K
  class space    used 6858K, capacity 7413K, committed 7424K, reserved 1048576K
}
Event: 36.614 GC heap after
{Heap after GC invocations=62 (full 0):
 garbage-first heap   total 95232K, used 72349K [0x00000000e0000000, 0x0000000100000000)
  region size 1024K, 1 young (1024K), 1 survivors (1024K)
 Metaspace       used 53905K, capacity 55586K, committed 55808K, reserved 1097728K
  class space    used 6858K, capacity 7413K, committed 7424K, reserved 1048576K
}
Event: 37.225 GC heap before
{Heap before GC invocations=63 (full 0):
 garbage-first heap   total 95232K, used 79517K [0x00000000e0000000, 0x0000000100000000)
  region size 1024K, 8 young (8192K), 1 survivors (1024K)
 Metaspace       used 54952K, capacity 56583K, committed 56832K, reserved 1097728K
  class space    used 7008K, capacity 7554K, committed 7680K, reserved 1048576K
}
Event: 37.235 GC heap after
{Heap after GC invocations=64 (full 0):
 garbage-first heap   total 95232K, used 72643K [0x00000000e0000000, 0x0000000100000000)
  region size 1024K, 1 young (1024K), 1 survivors (1024K)
 Metaspace       used 54952K, capacity 56583K, committed 56832K, reserved 1097728K
  class space    used 7008K, capacity 7554K, committed 7680K, reserved 1048576K
}
Event: 37.498 GC heap before
{Heap before GC invocations=64 (full 0):
 garbage-first heap   total 95232K, used 78787K [0x00000000e0000000, 0x0000000100000000)
  region size 1024K, 8 young (8192K), 1 survivors (1024K)
 Metaspace       used 56103K, capacity 57782K, committed 57856K, reserved 1099776K
  class space    used 7117K, capacity 7654K, committed 7680K, reserved 1048576K
}
Event: 37.506 GC heap after
{Heap after GC invocations=65 (full 0):
 garbage-first heap   total 95232K, used 72800K [0x00000000e0000000, 0x0000000100000000)
  region size 1024K, 1 young (1024K), 1 survivors (1024K)
 Metaspace       used 56103K, capacity 57782K, committed 57856K, reserved 1099776K
  class space    used 7117K, capacity 7654K, committed 7680K, reserved 1048576K
}

Deoptimization events (20 events):
Event: 36.920 Thread 0x00000227ff9d4000 DEOPT PACKING pc=0x0000022784219f97 sp=0x000000fa93cf6720
Event: 36.920 Thread 0x00000227ff9d4000 DEOPT UNPACKING pc=0x0000022783a4643f sp=0x000000fa93cf5ca8 mode 0
Event: 36.925 Thread 0x00000227ff9d4000 DEOPT PACKING pc=0x0000022784219f97 sp=0x000000fa93cf66a0
Event: 36.925 Thread 0x00000227ff9d4000 DEOPT UNPACKING pc=0x0000022783a4643f sp=0x000000fa93cf5c28 mode 0
Event: 37.045 Thread 0x00000227ff9d4000 Uncommon trap: trap_request=0xffffff4d fr.pc=0x000002278b7a0124 relative=0x00000000000001e4
Event: 37.045 Thread 0x00000227ff9d4000 Uncommon trap: reason=unstable_if action=reinterpret pc=0x000002278b7a0124 method=org.apache.xerces.dom.DeferredDocumentImpl.clearChunkValue([[Ljava/lang/Object;II)Ljava/lang/String; @ 59 c2
Event: 37.045 Thread 0x00000227ff9d4000 DEOPT PACKING pc=0x000002278b7a0124 sp=0x000000fa93cf7100
Event: 37.045 Thread 0x00000227ff9d4000 DEOPT UNPACKING pc=0x0000022783a46029 sp=0x000000fa93cf70a0 mode 2
Event: 37.254 Thread 0x00000227ff9d4000 Uncommon trap: trap_request=0xffffff4d fr.pc=0x000002278b6da89c relative=0x000000000000041c
Event: 37.254 Thread 0x00000227ff9d4000 Uncommon trap: reason=unstable_if action=reinterpret pc=0x000002278b6da89c method=org.gradle.internal.instantiation.generator.AbstractClassGenerator$InjectionAnnotationValidator.validateMethod(Ljava/lang/reflect/Method;Lorg/gradle/internal/reflect/Propert
Event: 37.254 Thread 0x00000227ff9d4000 DEOPT PACKING pc=0x000002278b6da89c sp=0x000000fa93cf7d90
Event: 37.254 Thread 0x00000227ff9d4000 DEOPT UNPACKING pc=0x0000022783a46029 sp=0x000000fa93cf7d58 mode 2
Event: 37.254 Thread 0x00000227ff9d4000 Uncommon trap: trap_request=0xffffff4d fr.pc=0x000002278b7a2d00 relative=0x0000000000000460
Event: 37.255 Thread 0x00000227ff9d4000 Uncommon trap: reason=unstable_if action=reinterpret pc=0x000002278b7a2d00 method=org.gradle.internal.instantiation.generator.AbstractClassGenerator$InjectionAnnotationValidator.validateMethod(Ljava/lang/reflect/Method;Lorg/gradle/internal/reflect/Propert
Event: 37.255 Thread 0x00000227ff9d4000 DEOPT PACKING pc=0x000002278b7a2d00 sp=0x000000fa93cf7cf0
Event: 37.255 Thread 0x00000227ff9d4000 DEOPT UNPACKING pc=0x0000022783a46029 sp=0x000000fa93cf7cb0 mode 2
Event: 37.935 Thread 0x00000227ff9d4000 Uncommon trap: trap_request=0xffffffde fr.pc=0x000002278b6d6a98 relative=0x0000000000001198
Event: 37.937 Thread 0x00000227ff9d4000 Uncommon trap: reason=class_check action=maybe_recompile pc=0x000002278b6d6a98 method=jdk.internal.loader.BuiltinClassLoader.loadClassOrNull(Ljava/lang/String;Z)Ljava/lang/Class; @ 86 c2
Event: 37.937 Thread 0x00000227ff9d4000 DEOPT PACKING pc=0x000002278b6d6a98 sp=0x000000fa93cf62a0
Event: 37.938 Thread 0x00000227ff9d4000 DEOPT UNPACKING pc=0x0000022783a46029 sp=0x000000fa93cf6258 mode 2

Classes redefined (0 events):
No events

Internal exceptions (20 events):
Event: 34.542 Thread 0x00000227ff9d4000 Exception <a 'java/lang/ClassNotFoundException'{0x00000000e5b3a2f8}: org/gradle/api/tasks/Delete_DecoratedBeanInfo> (0x00000000e5b3a2f8) thrown at [./src/hotspot/share/classfile/systemDictionary.cpp, line 231]
Event: 34.546 Thread 0x00000227ff9d4000 Exception <a 'java/lang/ClassNotFoundException'{0x00000000e5b63790}: org/gradle/api/tasks/DeleteBeanInfo> (0x00000000e5b63790) thrown at [./src/hotspot/share/classfile/systemDictionary.cpp, line 231]
Event: 34.550 Thread 0x00000227ff9d4000 Exception <a 'java/lang/ClassNotFoundException'{0x00000000e5b8fd78}: org/gradle/api/internal/ConventionTaskBeanInfo> (0x00000000e5b8fd78) thrown at [./src/hotspot/share/classfile/systemDictionary.cpp, line 231]
Event: 34.553 Thread 0x00000227ff9d4000 Exception <a 'java/lang/ClassNotFoundException'{0x00000000e5bb8c30}: org/gradle/api/DefaultTaskBeanInfo> (0x00000000e5bb8c30) thrown at [./src/hotspot/share/classfile/systemDictionary.cpp, line 231]
Event: 34.556 Thread 0x00000227ff9d4000 Exception <a 'java/lang/ClassNotFoundException'{0x00000000e5be5c98}: org/gradle/api/internal/AbstractTaskBeanInfo> (0x00000000e5be5c98) thrown at [./src/hotspot/share/classfile/systemDictionary.cpp, line 231]
Event: 34.567 Thread 0x00000227ff9d4000 Exception <a 'java/lang/ClassNotFoundException'{0x00000000e5a12fa8}: org/gradle/api/internal/AbstractTaskCustomizer> (0x00000000e5a12fa8) thrown at [./src/hotspot/share/classfile/systemDictionary.cpp, line 231]
Event: 34.578 Thread 0x00000227ff9d4000 Exception <a 'java/lang/ClassNotFoundException'{0x00000000e5a84c28}: org/gradle/api/DefaultTaskCustomizer> (0x00000000e5a84c28) thrown at [./src/hotspot/share/classfile/systemDictionary.cpp, line 231]
Event: 34.589 Thread 0x00000227ff9d4000 Exception <a 'java/lang/ClassNotFoundException'{0x00000000e5906820}: org/gradle/api/internal/ConventionTaskCustomizer> (0x00000000e5906820) thrown at [./src/hotspot/share/classfile/systemDictionary.cpp, line 231]
Event: 34.602 Thread 0x00000227ff9d4000 Exception <a 'java/lang/ClassNotFoundException'{0x00000000e593ec18}: org/gradle/api/tasks/DeleteCustomizer> (0x00000000e593ec18) thrown at [./src/hotspot/share/classfile/systemDictionary.cpp, line 231]
Event: 34.607 Thread 0x00000227ff9d4000 Exception <a 'java/lang/ClassNotFoundException'{0x00000000e597e538}: org/gradle/api/tasks/Delete_DecoratedCustomizer> (0x00000000e597e538) thrown at [./src/hotspot/share/classfile/systemDictionary.cpp, line 231]
Event: 34.702 Thread 0x00000227ff9d4000 Exception <a 'java/lang/ClassNotFoundException'{0x00000000e56ae558}: build_c8dal52urzv5ilwed3ste257lBeanInfo> (0x00000000e56ae558) thrown at [./src/hotspot/share/classfile/systemDictionary.cpp, line 231]
Event: 34.703 Thread 0x00000227ff9d4000 Exception <a 'java/lang/ClassNotFoundException'{0x00000000e56b96d8}: build_c8dal52urzv5ilwed3ste257lCustomizer> (0x00000000e56b96d8) thrown at [./src/hotspot/share/classfile/systemDictionary.cpp, line 231]
Event: 34.727 Thread 0x00000227ff9d4000 Exception <a 'java/lang/ClassNotFoundException'{0x00000000e553bbe0}: org/gradle/plugin/use/internal/PluginRequestCollector$PluginDependenciesSpecImplBeanInfo> (0x00000000e553bbe0) thrown at [./src/hotspot/share/classfile/systemDictionary.cpp, line 231]
Event: 34.729 Thread 0x00000227ff9d4000 Exception <a 'java/lang/ClassNotFoundException'{0x00000000e5569f20}: org/gradle/plugin/use/internal/PluginRequestCollector$PluginDependenciesSpecImplCustomizer> (0x00000000e5569f20) thrown at [./src/hotspot/share/classfile/systemDictionary.cpp, line 231]
Event: 35.341 Thread 0x00000227ff9d4000 Exception <a 'java/lang/NoSuchMethodError'{0x00000000e569e018}: 'java.lang.Object java.lang.invoke.DirectMethodHandle$Holder.invokeStatic(java.lang.Object, java.lang.Object, java.lang.Object, java.lang.Object, int)'> (0x00000000e569e018) thrown at [./src/hotspot/share/interpreter/linkResolver.cpp, line 773]
Event: 35.342 Thread 0x00000227ff9d4000 Exception <a 'java/lang/NoSuchMethodError'{0x00000000e56a2c50}: 'java.lang.Object java.lang.invoke.DirectMethodHandle$Holder.invokeSpecial(java.lang.Object, java.lang.Object, java.lang.Object, java.lang.Object, java.lang.Object, int)'> (0x00000000e56a2c50) thrown at [./src/hotspot/share/interpreter/linkResolver.cpp, line 773]
Event: 35.343 Thread 0x00000227ff9d4000 Exception <a 'java/lang/NoSuchMethodError'{0x00000000e56a7290}: 'java.lang.Object java.lang.invoke.Invokers$Holder.linkToTargetMethod(java.lang.Object, java.lang.Object, java.lang.Object, int, java.lang.Object)'> (0x00000000e56a7290) thrown at [./src/hotspot/share/interpreter/linkResolver.cpp, line 773]
Event: 36.348 Thread 0x00000227ff9d4000 Exception <a 'java/lang/NoSuchMethodError'{0x00000000e5b52a50}: 'java.lang.Object java.lang.invoke.DirectMethodHandle$Holder.invokeSpecial(java.lang.Object, java.lang.Object, int, int, java.lang.Object, java.lang.Object, java.lang.Object)'> (0x00000000e5b52a50) thrown at [./src/hotspot/share/interpreter/linkResolver.cpp, line 773]
Event: 36.349 Thread 0x00000227ff9d4000 Exception <a 'java/lang/NoSuchMethodError'{0x00000000e5b56fd0}: 'java.lang.Object java.lang.invoke.DelegatingMethodHandle$Holder.reinvoke_L(java.lang.Object, int, int, java.lang.Object, java.lang.Object, java.lang.Object)'> (0x00000000e5b56fd0) thrown at [./src/hotspot/share/interpreter/linkResolver.cpp, line 773]
Event: 37.188 Thread 0x00000227ff9d4000 Exception <a 'java/lang/NoSuchMethodError'{0x00000000e566e090}: 'int java.lang.invoke.DirectMethodHandle$Holder.invokeInterface(java.lang.Object, java.lang.Object, java.lang.Object, java.lang.Object)'> (0x00000000e566e090) thrown at [./src/hotspot/share/interpreter/linkResolver.cpp, line 773]

Events (20 events):
Event: 37.934 loading class java/util/concurrent/ForkJoinPool$DefaultForkJoinWorkerThreadFactory
Event: 37.935 loading class java/util/concurrent/ForkJoinPool$ForkJoinWorkerThreadFactory
Event: 37.935 loading class java/util/concurrent/ForkJoinPool$ForkJoinWorkerThreadFactory done
Event: 37.935 loading class java/util/concurrent/ForkJoinPool$DefaultForkJoinWorkerThreadFactory done
Event: 37.935 loading class java/util/concurrent/ForkJoinPool$1
Event: 37.935 loading class java/util/concurrent/ForkJoinPool$1 done
Event: 37.935 Executing VM operation: RevokeBias
Event: 37.937 Executing VM operation: RevokeBias done
Event: 37.938 loading class com/intellij/concurrency/IdeaForkJoinWorkerThreadFactory
Event: 37.938 loading class com/intellij/concurrency/IdeaForkJoinWorkerThreadFactory done
Event: 37.938 loading class java/util/concurrent/ForkJoinPool$WorkQueue
Event: 37.938 loading class java/util/concurrent/ForkJoinPool$WorkQueue done
Event: 37.939 loading class com/android/build/gradle/internal/services/Aapt2ThreadPoolBuildService$Params
Event: 37.939 loading class com/android/build/gradle/internal/services/Aapt2ThreadPoolBuildService$Params done
Event: 37.944 loading class com/android/build/gradle/internal/services/Aapt2DaemonBuildService$RegistrationAction
Event: 37.944 loading class com/android/build/gradle/internal/services/Aapt2DaemonBuildService$RegistrationAction done
Event: 37.947 loading class com/android/build/gradle/internal/services/Aapt2DaemonBuildService
Event: 37.947 loading class com/android/build/gradle/internal/services/Aapt2DaemonBuildService done
Event: 37.949 loading class com/android/build/gradle/internal/services/Aapt2DaemonBuildService$Parameters
Event: 37.949 loading class com/android/build/gradle/internal/services/Aapt2DaemonBuildService$Parameters done


Dynamic libraries:
0x00007ff60be90000 - 0x00007ff60be9a000 	C:\Users\felip\OneDrive\Desktop\android-studio\jre\bin\java.exe
0x00007ffe72f10000 - 0x00007ffe73105000 	C:\Windows\SYSTEM32\ntdll.dll
0x00007ffe51290000 - 0x00007ffe512a6000 	C:\Program Files\Avast Software\Avast\aswhook.dll
0x00007ffe70f60000 - 0x00007ffe7101e000 	C:\Windows\System32\KERNEL32.DLL
0x00007ffe70c90000 - 0x00007ffe70f59000 	C:\Windows\System32\KERNELBASE.dll
0x00007ffe70a30000 - 0x00007ffe70b30000 	C:\Windows\System32\ucrtbase.dll
0x00007ffe6b850000 - 0x00007ffe6b869000 	C:\Users\felip\OneDrive\Desktop\android-studio\jre\bin\jli.dll
0x00007ffe72ae0000 - 0x00007ffe72c81000 	C:\Windows\System32\USER32.dll
0x00007ffe70a00000 - 0x00007ffe70a22000 	C:\Windows\System32\win32u.dll
0x00007ffe71400000 - 0x00007ffe7142b000 	C:\Windows\System32\GDI32.dll
0x00007ffe70630000 - 0x00007ffe7073b000 	C:\Windows\System32\gdi32full.dll
0x00007ffe70740000 - 0x00007ffe707dd000 	C:\Windows\System32\msvcp_win.dll
0x00007ffe6a8a0000 - 0x00007ffe6a8b7000 	C:\Users\felip\OneDrive\Desktop\android-studio\jre\bin\VCRUNTIME140.dll
0x00007ffe60850000 - 0x00007ffe60aea000 	C:\Windows\WinSxS\amd64_microsoft.windows.common-controls_6595b64144ccf1df_6.0.19041.1110_none_60b5254171f9507e\COMCTL32.dll
0x00007ffe72260000 - 0x00007ffe722fe000 	C:\Windows\System32\msvcrt.dll
0x00007ffe72730000 - 0x00007ffe72760000 	C:\Windows\System32\IMM32.DLL
0x00007ffe69130000 - 0x00007ffe691cd000 	C:\Users\felip\OneDrive\Desktop\android-studio\jre\bin\msvcp140.dll
0x00007ffe2b550000 - 0x00007ffe2c025000 	C:\Users\felip\OneDrive\Desktop\android-studio\jre\bin\server\jvm.dll
0x00007ffe71430000 - 0x00007ffe714dc000 	C:\Windows\System32\ADVAPI32.dll
0x00007ffe711a0000 - 0x00007ffe7123b000 	C:\Windows\System32\sechost.dll
0x00007ffe712d0000 - 0x00007ffe713fa000 	C:\Windows\System32\RPCRT4.dll
0x00007ffe71970000 - 0x00007ffe71978000 	C:\Windows\System32\PSAPI.DLL
0x00007ffe63c60000 - 0x00007ffe63c69000 	C:\Windows\SYSTEM32\WSOCK32.dll
0x00007ffe721f0000 - 0x00007ffe7225b000 	C:\Windows\System32\WS2_32.dll
0x00007ffe594e0000 - 0x00007ffe59507000 	C:\Windows\SYSTEM32\WINMM.dll
0x00007ffe65210000 - 0x00007ffe6521a000 	C:\Windows\SYSTEM32\VERSION.dll
0x00007ffe6e450000 - 0x00007ffe6e462000 	C:\Windows\SYSTEM32\kernel.appcore.dll
0x00007ffe6a870000 - 0x00007ffe6a881000 	C:\Users\felip\OneDrive\Desktop\android-studio\jre\bin\verify.dll
0x00007ffe65020000 - 0x00007ffe65204000 	C:\Windows\SYSTEM32\DBGHELP.DLL
0x00007ffe64ff0000 - 0x00007ffe6501c000 	C:\Windows\SYSTEM32\dbgcore.DLL
0x00007ffe707e0000 - 0x00007ffe70863000 	C:\Windows\System32\bcryptPrimitives.dll
0x00007ffe67ab0000 - 0x00007ffe67ad9000 	C:\Users\felip\OneDrive\Desktop\android-studio\jre\bin\java.dll
0x00007ffe6b5b0000 - 0x00007ffe6b5bb000 	C:\Users\felip\OneDrive\Desktop\android-studio\jre\bin\jimage.dll
0x00007ffe6a850000 - 0x00007ffe6a868000 	C:\Users\felip\OneDrive\Desktop\android-studio\jre\bin\zip.dll
0x00007ffe71ab0000 - 0x00007ffe721ef000 	C:\Windows\System32\SHELL32.dll
0x00007ffe6e730000 - 0x00007ffe6eec0000 	C:\Windows\SYSTEM32\windows.storage.dll
0x00007ffe72780000 - 0x00007ffe72ad5000 	C:\Windows\System32\combase.dll
0x00007ffe6ffb0000 - 0x00007ffe6ffdc000 	C:\Windows\SYSTEM32\Wldp.dll
0x00007ffe71980000 - 0x00007ffe71a2d000 	C:\Windows\System32\SHCORE.dll
0x00007ffe72d60000 - 0x00007ffe72db5000 	C:\Windows\System32\shlwapi.dll
0x00007ffe70570000 - 0x00007ffe7058f000 	C:\Windows\SYSTEM32\profapi.dll
0x00007ffe6d730000 - 0x00007ffe6d74a000 	C:\Users\felip\OneDrive\Desktop\android-studio\jre\bin\net.dll
0x00007ffe64e40000 - 0x00007ffe64f48000 	C:\Windows\SYSTEM32\WINHTTP.dll
0x00007ffe6fd10000 - 0x00007ffe6fd7a000 	C:\Windows\system32\mswsock.dll
0x00007ffe6d710000 - 0x00007ffe6d724000 	C:\Users\felip\OneDrive\Desktop\android-studio\jre\bin\nio.dll
0x00007ffe58f20000 - 0x00007ffe58f47000 	C:\Users\felip\.gradle\native\8bec1ad78214c89d9ad589b4d07fe93259594b29d510b10fafb7a158f7737e5d\windows-amd64\native-platform.dll
0x00007ffe53910000 - 0x00007ffe53a4d000 	C:\Users\felip\.gradle\native\53dbd7edfb1c66fb8903c78663c9afc45aea4f116125fa6feffd364cf09443e8\windows-amd64\native-platform-file-events.dll
0x00007ffe6d700000 - 0x00007ffe6d70a000 	C:\Users\felip\OneDrive\Desktop\android-studio\jre\bin\management.dll
0x00007ffe6b8f0000 - 0x00007ffe6b8fd000 	C:\Users\felip\OneDrive\Desktop\android-studio\jre\bin\management_ext.dll
0x00007ffe6ff10000 - 0x00007ffe6ff28000 	C:\Windows\SYSTEM32\CRYPTSP.dll
0x00007ffe6f690000 - 0x00007ffe6f6c4000 	C:\Windows\system32\rsaenh.dll
0x00007ffe70980000 - 0x00007ffe709a7000 	C:\Windows\System32\bcrypt.dll
0x00007ffe704f0000 - 0x00007ffe7051e000 	C:\Windows\SYSTEM32\USERENV.dll
0x00007ffe6ff00000 - 0x00007ffe6ff0c000 	C:\Windows\SYSTEM32\CRYPTBASE.dll
0x00007ffe6fa00000 - 0x00007ffe6fa3b000 	C:\Windows\SYSTEM32\IPHLPAPI.DLL
0x00007ffe71960000 - 0x00007ffe71968000 	C:\Windows\System32\NSI.dll
0x00007ffe698d0000 - 0x00007ffe698e7000 	C:\Windows\SYSTEM32\dhcpcsvc6.DLL
0x00007ffe69bc0000 - 0x00007ffe69bdd000 	C:\Windows\SYSTEM32\dhcpcsvc.DLL
0x00007ffe6fa40000 - 0x00007ffe6fb0c000 	C:\Windows\SYSTEM32\DNSAPI.dll

dbghelp: loaded successfully - version: 4.0.5 - missing functions: none
symbol engine: initialized successfully - sym options: 0x614 - pdb path: .;C:\Users\felip\OneDrive\Desktop\android-studio\jre\bin;C:\Windows\SYSTEM32;C:\Program Files\Avast Software\Avast;C:\Windows\WinSxS\amd64_microsoft.windows.common-controls_6595b64144ccf1df_6.0.19041.1110_none_60b5254171f9507e;C:\Users\felip\OneDrive\Desktop\android-studio\jre\bin\server;C:\Users\felip\.gradle\native\8bec1ad78214c89d9ad589b4d07fe93259594b29d510b10fafb7a158f7737e5d\windows-amd64;C:\Users\felip\.gradle\native\53dbd7edfb1c66fb8903c78663c9afc45aea4f116125fa6feffd364cf09443e8\windows-amd64

VM Arguments:
jvm_args: --add-opens=java.base/java.util=ALL-UNNAMED --add-opens=java.base/java.lang=ALL-UNNAMED --add-opens=java.base/java.lang.invoke=ALL-UNNAMED --add-opens=java.base/java.util=ALL-UNNAMED --add-opens=java.prefs/java.util.prefs=ALL-UNNAMED --add-opens=java.prefs/java.util.prefs=ALL-UNNAMED --add-opens=java.base/java.nio.charset=ALL-UNNAMED --add-opens=java.base/java.net=ALL-UNNAMED --add-opens=java.base/java.util.concurrent.atomic=ALL-UNNAMED -Xmx512m -Dfile.encoding=UTF-8 -Duser.country=US -Duser.language=en -Duser.variant 
java_command: org.gradle.launcher.daemon.bootstrap.GradleDaemon 7.0.2
java_class_path (initial): C:\Users\felip\.gradle\wrapper\dists\gradle-7.0.2-bin\857tjihv64xamwrf0h14cai3r\gradle-7.0.2\lib\gradle-launcher-7.0.2.jar
Launcher Type: SUN_STANDARD

[Global flags]
     intx CICompilerCount                          = 2                                         {product} {ergonomic}
     uint ConcGCThreads                            = 1                                         {product} {ergonomic}
     uint G1ConcRefinementThreads                  = 2                                         {product} {ergonomic}
   size_t G1HeapRegionSize                         = 1048576                                   {product} {ergonomic}
    uintx GCDrainStackTargetSize                   = 64                                        {product} {ergonomic}
   size_t InitialHeapSize                          = 67108864                                  {product} {ergonomic}
   size_t MarkStackSize                            = 4194304                                   {product} {ergonomic}
   size_t MaxHeapSize                              = 536870912                                 {product} {command line}
   size_t MaxNewSize                               = 321912832                                 {product} {ergonomic}
   size_t MinHeapDeltaBytes                        = 1048576                                   {product} {ergonomic}
    uintx NonNMethodCodeHeapSize                   = 5825164                                {pd product} {ergonomic}
    uintx NonProfiledCodeHeapSize                  = 122916538                              {pd product} {ergonomic}
    uintx ProfiledCodeHeapSize                     = 122916538                              {pd product} {ergonomic}
    uintx ReservedCodeCacheSize                    = 251658240                              {pd product} {ergonomic}
     bool SegmentedCodeCache                       = true                                      {product} {ergonomic}
     bool UseCompressedClassPointers               = true                                 {lp64_product} {ergonomic}
     bool UseCompressedOops                        = true                                 {lp64_product} {ergonomic}
     bool UseG1GC                                  = true                                      {product} {ergonomic}
     bool UseLargePagesIndividualAllocation        = false                                  {pd product} {ergonomic}

Logging:
Log output configuration:
 #0: stdout all=warning uptime,level,tags
 #1: stderr all=off uptime,level,tags

Environment Variables:
PATH=C:\Program Files\Common Files\Oracle\Java\javapath;C:\Program Files (x86)\Common Files\Oracle\Java\javapath;C:\Windows\system32;C:\Windows;C:\Windows\System32\Wbem;C:\Windows\System32\WindowsPowerShell\v1.0\;C:\Windows\System32\OpenSSH\;C:\ProgramData\chocolatey\bin;C:\Program Files (x86)\Yarn\bin\;C:\Program Files\Git\cmd;C:\Program Files\nodejs\;C:\Users\felip\AppData\Local\Microsoft\WindowsApps;C:\Users\felip\AppData\Local\Programs\Microsoft VS Code\bin;C:\Users\felip\AppData\Local\Yarn\bin;C:\Users\felip\AppData\Local\GitHubDesktop\bin;C:\Users\felip\AppData\Roaming\npm
USERNAME=felip
OS=Windows_NT
PROCESSOR_IDENTIFIER=Intel64 Family 6 Model 23 Stepping 10, GenuineIntel



---------------  S Y S T E M  ---------------

OS: Windows 10 , 64 bit Build 19041 (10.0.19041.1202)
OS uptime: 4 days 5:42 hours

CPU:total 2 (initial active 2) (2 cores per cpu, 1 threads per core) family 6 model 23 stepping 10 microcode 0xa0c, cmov, cx8, fxsr, mmx, sse, sse2, sse3, ssse3, tsc

Memory: 4k page, system-wide physical 4061M (99M free)
TotalPageFile size 4061M (AvailPageFile size 5M)
current process WorkingSet (physical memory assigned to process): 258M, peak: 258M
current process commit charge ("private bytes"): 284M, peak: 285M

vm_info: OpenJDK 64-Bit Server VM (11.0.11+9-b60-7590822) for windows-amd64 JRE (11.0.11+9-b60-7590822), built on Jul 29 2021 21:43:44 by "builder" with MS VC++ 14.0 (VS2015)

END.
