#
# There is insufficient memory for the Java Runtime Environment to continue.
# Native memory allocation (malloc) failed to allocate 1297136 bytes for Chunk::new
# Possible reasons:
#   The system is out of physical RAM or swap space
#   The process is running with CompressedOops enabled, and the Java Heap may be blocking the growth of the native heap
# Possible solutions:
#   Reduce memory load on the system
#   Increase physical memory or swap space
#   Check if swap backing store is full
#   Decrease Java heap size (-Xmx/-Xms)
#   Decrease number of Java threads
#   Decrease Java thread stack sizes (-Xss)
#   Set larger code cache with -XX:ReservedCodeCacheSize=
#   JVM is running with Unscaled Compressed Oops mode in which the Java heap is
#     placed in the first 4GB address space. The Java Heap base address is the
#     maximum limit for the native heap growth. Please use -XX:HeapBaseMinAddress
#     to set the Java Heap base and to place the Java Heap above 4GB virtual address.
# This output file may be truncated or incomplete.
#
#  Out of Memory Error (./src/hotspot/share/memory/arena.cpp:197), pid=3776, tid=3224
#
# JRE version: OpenJDK Runtime Environment (11.0.11+9) (build 11.0.11+9-b60-7590822)
# Java VM: OpenJDK 64-Bit Server VM (11.0.11+9-b60-7590822, mixed mode, tiered, compressed oops, g1 gc, windows-amd64)
# No core dump will be written. Minidumps are not enabled by default on client versions of Windows
#

---------------  S U M M A R Y ------------

Command Line: --add-opens=java.base/java.util=ALL-UNNAMED --add-opens=java.base/java.lang=ALL-UNNAMED --add-opens=java.base/java.lang.invoke=ALL-UNNAMED --add-opens=java.base/java.util=ALL-UNNAMED --add-opens=java.prefs/java.util.prefs=ALL-UNNAMED --add-opens=java.prefs/java.util.prefs=ALL-UNNAMED --add-opens=java.base/java.nio.charset=ALL-UNNAMED --add-opens=java.base/java.net=ALL-UNNAMED --add-opens=java.base/java.util.concurrent.atomic=ALL-UNNAMED -Xmx2048m -Dfile.encoding=UTF-8 -Duser.country=US -Duser.language=en -Duser.variant org.gradle.launcher.daemon.bootstrap.GradleDaemon 7.0.2

Host: Celeron(R) Dual-Core CPU       T3500  @ 2.10GHz, 2 cores, 3G,  Windows 10 , 64 bit Build 19041 (10.0.19041.1202)
Time: Wed Nov  3 10:45:52 2021 E. South America Standard Time elapsed time: 35.860532 seconds (0d 0h 0m 35s)

---------------  T H R E A D  ---------------

Current thread (0x000001d04f690000):  JavaThread "C2 CompilerThread0" daemon [_thread_in_native, id=3224, stack(0x00000041e0100000,0x00000041e0200000)]


Current CompileTask:
C2:  35860 2070   !   4       java.lang.ClassLoader::loadClass (122 bytes)

Stack: [0x00000041e0100000,0x00000041e0200000]
Native frames: (J=compiled Java code, j=interpreted, Vv=VM code, C=native code)
V  [jvm.dll+0x5f214a]
V  [jvm.dll+0x726fb5]
V  [jvm.dll+0x7285cd]
V  [jvm.dll+0x728c83]
V  [jvm.dll+0x243278]
V  [jvm.dll+0xbc53c]
V  [jvm.dll+0xbca3c]
V  [jvm.dll+0x353e7d]
V  [jvm.dll+0x321893]
V  [jvm.dll+0x320d8a]
V  [jvm.dll+0x1fc1e2]
V  [jvm.dll+0x1fb3d4]
V  [jvm.dll+0x183d6c]
V  [jvm.dll+0x209a57]
V  [jvm.dll+0x2082a1]
V  [jvm.dll+0x6ef58f]
V  [jvm.dll+0x6e80b5]
V  [jvm.dll+0x5f1036]
C  [ucrtbase.dll+0x21bb2]
C  [KERNEL32.DLL+0x17034]
C  [ntdll.dll+0x52651]


---------------  P R O C E S S  ---------------

Threads class SMR info:
_java_thread_list=0x000001d051d600b0, length=23, elements={
0x000001d033f31800, 0x000001d04f627800, 0x000001d04f631000, 0x000001d04f683000,
0x000001d04f685000, 0x000001d04f686800, 0x000001d04f690000, 0x000001d04f699000,
0x000001d04f69b800, 0x000001d050106000, 0x000001d051d7e000, 0x000001d051937800,
0x000001d05002b000, 0x000001d0504b3000, 0x000001d0504b3800, 0x000001d051178000,
0x000001d051a6e800, 0x000001d051a6f000, 0x000001d051905800, 0x000001d051902000,
0x000001d051907000, 0x000001d051904000, 0x000001d051904800
}

Java Threads: ( => current thread )
  0x000001d033f31800 JavaThread "main" [_thread_blocked, id=4504, stack(0x00000041df500000,0x00000041df600000)]
  0x000001d04f627800 JavaThread "Reference Handler" daemon [_thread_blocked, id=3056, stack(0x00000041dfc00000,0x00000041dfd00000)]
  0x000001d04f631000 JavaThread "Finalizer" daemon [_thread_blocked, id=8532, stack(0x00000041dfd00000,0x00000041dfe00000)]
  0x000001d04f683000 JavaThread "Signal Dispatcher" daemon [_thread_blocked, id=5508, stack(0x00000041dfe00000,0x00000041dff00000)]
  0x000001d04f685000 JavaThread "Attach Listener" daemon [_thread_blocked, id=1280, stack(0x00000041dff00000,0x00000041e0000000)]
  0x000001d04f686800 JavaThread "Service Thread" daemon [_thread_blocked, id=7420, stack(0x00000041e0000000,0x00000041e0100000)]
=>0x000001d04f690000 JavaThread "C2 CompilerThread0" daemon [_thread_in_native, id=3224, stack(0x00000041e0100000,0x00000041e0200000)]
  0x000001d04f699000 JavaThread "C1 CompilerThread0" daemon [_thread_blocked, id=10148, stack(0x00000041e0200000,0x00000041e0300000)]
  0x000001d04f69b800 JavaThread "Sweeper thread" daemon [_thread_blocked, id=9544, stack(0x00000041e0300000,0x00000041e0400000)]
  0x000001d050106000 JavaThread "Common-Cleaner" daemon [_thread_blocked, id=9688, stack(0x00000041e0400000,0x00000041e0500000)]
  0x000001d051d7e000 JavaThread "Daemon health stats" [_thread_blocked, id=716, stack(0x00000041e0700000,0x00000041e0800000)]
  0x000001d051937800 JavaThread "Incoming local TCP Connector on port 8882" [_thread_in_native, id=5716, stack(0x00000041e0800000,0x00000041e0900000)]
  0x000001d05002b000 JavaThread "Daemon periodic checks" [_thread_blocked, id=9828, stack(0x00000041e0900000,0x00000041e0a00000)]
  0x000001d0504b3000 JavaThread "Daemon" [_thread_blocked, id=2252, stack(0x00000041e0a00000,0x00000041e0b00000)]
  0x000001d0504b3800 JavaThread "Handler for socket connection from /127.0.0.1:8882 to /127.0.0.1:8883" [_thread_in_native, id=3904, stack(0x00000041e0b00000,0x00000041e0c00000)]
  0x000001d051178000 JavaThread "Cancel handler" [_thread_blocked, id=4948, stack(0x00000041e0c00000,0x00000041e0d00000)]
  0x000001d051a6e800 JavaThread "Daemon worker" [_thread_in_native, id=8728, stack(0x00000041e0d00000,0x00000041e0e00000)]
  0x000001d051a6f000 JavaThread "Asynchronous log dispatcher for DefaultDaemonConnection: socket connection from /127.0.0.1:8882 to /127.0.0.1:8883" [_thread_blocked, id=9404, stack(0x00000041e0e00000,0x00000041e0f00000)]
  0x000001d051905800 JavaThread "Stdin handler" [_thread_blocked, id=8888, stack(0x00000041e0f00000,0x00000041e1000000)]
  0x000001d051902000 JavaThread "Daemon client event forwarder" [_thread_blocked, id=2088, stack(0x00000041e1000000,0x00000041e1100000)]
  0x000001d051907000 JavaThread "Cache worker for file hash cache (C:\Users\felip\.gradle\caches\7.0.2\fileHashes)" [_thread_blocked, id=5528, stack(0x00000041e1100000,0x00000041e1200000)]
  0x000001d051904000 JavaThread "File lock request listener" [_thread_in_native, id=6624, stack(0x00000041e1200000,0x00000041e1300000)]
  0x000001d051904800 JavaThread "Cache worker for journal cache (C:\Users\felip\.gradle\caches\journal-1)" [_thread_blocked, id=1528, stack(0x00000041e1300000,0x00000041e1400000)]

Other Threads:
  0x000001d04f622000 VMThread "VM Thread" [stack: 0x00000041dfb00000,0x00000041dfc00000] [id=4100]
  0x000001d05015b800 WatcherThread [stack: 0x00000041e0500000,0x00000041e0600000] [id=9916]
  0x000001d033f4b000 GCTaskThread "GC Thread#0" [stack: 0x00000041df600000,0x00000041df700000] [id=4600]
  0x000001d050306000 GCTaskThread "GC Thread#1" [stack: 0x00000041e0600000,0x00000041e0700000] [id=5028]
  0x000001d033f7b800 ConcurrentGCThread "G1 Main Marker" [stack: 0x00000041df700000,0x00000041df800000] [id=4292]
  0x000001d033f7c800 ConcurrentGCThread "G1 Conc#0" [stack: 0x00000041df800000,0x00000041df900000] [id=10144]
  0x000001d033fd2000 ConcurrentGCThread "G1 Refine#0" [stack: 0x00000041df900000,0x00000041dfa00000] [id=10220]
  0x000001d033fd3000 ConcurrentGCThread "G1 Young RemSet Sampling" [stack: 0x00000041dfa00000,0x00000041dfb00000] [id=4516]

Threads with active compile tasks:
C2 CompilerThread0  36828 2070   !   4       java.lang.ClassLoader::loadClass (122 bytes)

VM state:not at safepoint (normal execution)

VM Mutex/Monitor currently owned by a thread: None

Heap address: 0x0000000080000000, size: 2048 MB, Compressed Oops mode: 32-bit
Narrow klass base: 0x0000000000000000, Narrow klass shift: 3
Compressed class space size: 1073741824 Address: 0x0000000100000000

Heap:
 garbage-first heap   total 65536K, used 23965K [0x0000000080000000, 0x0000000100000000)
  region size 1024K, 9 young (9216K), 1 survivors (1024K)
 Metaspace       used 21615K, capacity 22202K, committed 22400K, reserved 1069056K
  class space    used 2687K, capacity 2879K, committed 2944K, reserved 1048576K
Heap Regions: E=young(eden), S=young(survivor), O=old, HS=humongous(starts), HC=humongous(continues), CS=collection set, F=free, A=archive, TAMS=top-at-mark-start (previous, next)
|   0|0x0000000080000000, 0x0000000080100000, 0x0000000080100000|100%| O|  |TAMS 0x0000000080100000, 0x0000000080000000| Untracked 
|   1|0x0000000080100000, 0x0000000080200000, 0x0000000080200000|100%| O|  |TAMS 0x0000000080200000, 0x0000000080100000| Untracked 
|   2|0x0000000080200000, 0x0000000080300000, 0x0000000080300000|100%| O|  |TAMS 0x0000000080300000, 0x0000000080200000| Untracked 
|   3|0x0000000080300000, 0x0000000080400000, 0x0000000080400000|100%| O|  |TAMS 0x0000000080400000, 0x0000000080300000| Untracked 
|   4|0x0000000080400000, 0x0000000080500000, 0x0000000080500000|100%|HS|  |TAMS 0x0000000080500000, 0x0000000080400000| Complete 
|   5|0x0000000080500000, 0x0000000080600000, 0x0000000080600000|100%|HC|  |TAMS 0x0000000080600000, 0x0000000080500000| Complete 
|   6|0x0000000080600000, 0x0000000080700000, 0x0000000080700000|100%|HC|  |TAMS 0x0000000080700000, 0x0000000080600000| Complete 
|   7|0x0000000080700000, 0x0000000080800000, 0x0000000080800000|100%| O|  |TAMS 0x0000000080800000, 0x0000000080700000| Untracked 
|   8|0x0000000080800000, 0x0000000080900000, 0x0000000080900000|100%| O|  |TAMS 0x0000000080900000, 0x0000000080800000| Untracked 
|   9|0x0000000080900000, 0x0000000080a00000, 0x0000000080a00000|100%| O|  |TAMS 0x0000000080a00000, 0x0000000080900000| Untracked 
|  10|0x0000000080a00000, 0x0000000080b00000, 0x0000000080b00000|100%| O|  |TAMS 0x0000000080b00000, 0x0000000080a00000| Untracked 
|  11|0x0000000080b00000, 0x0000000080c00000, 0x0000000080c00000|100%| O|  |TAMS 0x0000000080c00000, 0x0000000080b00000| Untracked 
|  12|0x0000000080c00000, 0x0000000080d00000, 0x0000000080d00000|100%| O|  |TAMS 0x0000000080d00000, 0x0000000080c00000| Untracked 
|  13|0x0000000080d00000, 0x0000000080e00000, 0x0000000080e00000|100%| O|  |TAMS 0x0000000080e00000, 0x0000000080d00000| Untracked 
|  14|0x0000000080e00000, 0x0000000080f00000, 0x0000000080f00000|100%| O|  |TAMS 0x0000000080f00000, 0x0000000080e00000| Untracked 
|  15|0x0000000080f00000, 0x0000000080f89000, 0x0000000081000000| 53%| O|  |TAMS 0x0000000080f89000, 0x0000000080f00000| Untracked 
|  16|0x0000000081000000, 0x0000000081000000, 0x0000000081100000|  0%| F|  |TAMS 0x0000000081000000, 0x0000000081000000| Untracked 
|  17|0x0000000081100000, 0x0000000081100000, 0x0000000081200000|  0%| F|  |TAMS 0x0000000081100000, 0x0000000081100000| Untracked 
|  18|0x0000000081200000, 0x0000000081200000, 0x0000000081300000|  0%| F|  |TAMS 0x0000000081200000, 0x0000000081200000| Untracked 
|  19|0x0000000081300000, 0x0000000081300000, 0x0000000081400000|  0%| F|  |TAMS 0x0000000081300000, 0x0000000081300000| Untracked 
|  20|0x0000000081400000, 0x0000000081400000, 0x0000000081500000|  0%| F|  |TAMS 0x0000000081400000, 0x0000000081400000| Untracked 
|  21|0x0000000081500000, 0x0000000081500000, 0x0000000081600000|  0%| F|  |TAMS 0x0000000081500000, 0x0000000081500000| Untracked 
|  22|0x0000000081600000, 0x0000000081600000, 0x0000000081700000|  0%| F|  |TAMS 0x0000000081600000, 0x0000000081600000| Untracked 
|  23|0x0000000081700000, 0x0000000081700000, 0x0000000081800000|  0%| F|  |TAMS 0x0000000081700000, 0x0000000081700000| Untracked 
|  24|0x0000000081800000, 0x0000000081800000, 0x0000000081900000|  0%| F|  |TAMS 0x0000000081800000, 0x0000000081800000| Untracked 
|  25|0x0000000081900000, 0x0000000081900000, 0x0000000081a00000|  0%| F|  |TAMS 0x0000000081900000, 0x0000000081900000| Untracked 
|  26|0x0000000081a00000, 0x0000000081a00000, 0x0000000081b00000|  0%| F|  |TAMS 0x0000000081a00000, 0x0000000081a00000| Untracked 
|  27|0x0000000081b00000, 0x0000000081b00000, 0x0000000081c00000|  0%| F|  |TAMS 0x0000000081b00000, 0x0000000081b00000| Untracked 
|  28|0x0000000081c00000, 0x0000000081c00000, 0x0000000081d00000|  0%| F|  |TAMS 0x0000000081c00000, 0x0000000081c00000| Untracked 
|  29|0x0000000081d00000, 0x0000000081d00000, 0x0000000081e00000|  0%| F|  |TAMS 0x0000000081d00000, 0x0000000081d00000| Untracked 
|  30|0x0000000081e00000, 0x0000000081e00000, 0x0000000081f00000|  0%| F|  |TAMS 0x0000000081e00000, 0x0000000081e00000| Untracked 
|  31|0x0000000081f00000, 0x0000000081f00000, 0x0000000082000000|  0%| F|  |TAMS 0x0000000081f00000, 0x0000000081f00000| Untracked 
|  32|0x0000000082000000, 0x0000000082000000, 0x0000000082100000|  0%| F|  |TAMS 0x0000000082000000, 0x0000000082000000| Untracked 
|  33|0x0000000082100000, 0x0000000082100000, 0x0000000082200000|  0%| F|  |TAMS 0x0000000082100000, 0x0000000082100000| Untracked 
|  34|0x0000000082200000, 0x0000000082200000, 0x0000000082300000|  0%| F|  |TAMS 0x0000000082200000, 0x0000000082200000| Untracked 
|  35|0x0000000082300000, 0x0000000082300000, 0x0000000082400000|  0%| F|  |TAMS 0x0000000082300000, 0x0000000082300000| Untracked 
|  36|0x0000000082400000, 0x0000000082400000, 0x0000000082500000|  0%| F|  |TAMS 0x0000000082400000, 0x0000000082400000| Untracked 
|  37|0x0000000082500000, 0x0000000082500000, 0x0000000082600000|  0%| F|  |TAMS 0x0000000082500000, 0x0000000082500000| Untracked 
|  38|0x0000000082600000, 0x0000000082600000, 0x0000000082700000|  0%| F|  |TAMS 0x0000000082600000, 0x0000000082600000| Untracked 
|  39|0x0000000082700000, 0x0000000082700000, 0x0000000082800000|  0%| F|  |TAMS 0x0000000082700000, 0x0000000082700000| Untracked 
|  40|0x0000000082800000, 0x0000000082800000, 0x0000000082900000|  0%| F|  |TAMS 0x0000000082800000, 0x0000000082800000| Untracked 
|  41|0x0000000082900000, 0x0000000082900000, 0x0000000082a00000|  0%| F|  |TAMS 0x0000000082900000, 0x0000000082900000| Untracked 
|  42|0x0000000082a00000, 0x0000000082a00000, 0x0000000082b00000|  0%| F|  |TAMS 0x0000000082a00000, 0x0000000082a00000| Untracked 
|  43|0x0000000082b00000, 0x0000000082b00000, 0x0000000082c00000|  0%| F|  |TAMS 0x0000000082b00000, 0x0000000082b00000| Untracked 
|  44|0x0000000082c00000, 0x0000000082c00000, 0x0000000082d00000|  0%| F|  |TAMS 0x0000000082c00000, 0x0000000082c00000| Untracked 
|  45|0x0000000082d00000, 0x0000000082d00000, 0x0000000082e00000|  0%| F|  |TAMS 0x0000000082d00000, 0x0000000082d00000| Untracked 
|  46|0x0000000082e00000, 0x0000000082e00000, 0x0000000082f00000|  0%| F|  |TAMS 0x0000000082e00000, 0x0000000082e00000| Untracked 
|  47|0x0000000082f00000, 0x0000000082f00000, 0x0000000083000000|  0%| F|  |TAMS 0x0000000082f00000, 0x0000000082f00000| Untracked 
|  48|0x0000000083000000, 0x0000000083000000, 0x0000000083100000|  0%| F|  |TAMS 0x0000000083000000, 0x0000000083000000| Untracked 
|  49|0x0000000083100000, 0x0000000083100000, 0x0000000083200000|  0%| F|  |TAMS 0x0000000083100000, 0x0000000083100000| Untracked 
|  50|0x0000000083200000, 0x0000000083200000, 0x0000000083300000|  0%| F|  |TAMS 0x0000000083200000, 0x0000000083200000| Untracked 
|  51|0x0000000083300000, 0x0000000083300000, 0x0000000083400000|  0%| F|  |TAMS 0x0000000083300000, 0x0000000083300000| Untracked 
|  52|0x0000000083400000, 0x0000000083400000, 0x0000000083500000|  0%| F|  |TAMS 0x0000000083400000, 0x0000000083400000| Untracked 
|  53|0x0000000083500000, 0x0000000083500000, 0x0000000083600000|  0%| F|  |TAMS 0x0000000083500000, 0x0000000083500000| Untracked 
|  54|0x0000000083600000, 0x0000000083600000, 0x0000000083700000|  0%| F|  |TAMS 0x0000000083600000, 0x0000000083600000| Untracked 
|  55|0x0000000083700000, 0x000000008373a940, 0x0000000083800000| 22%| E|  |TAMS 0x0000000083700000, 0x0000000083700000| Complete 
|  56|0x0000000083800000, 0x0000000083900000, 0x0000000083900000|100%| E|CS|TAMS 0x0000000083800000, 0x0000000083800000| Complete 
|  57|0x0000000083900000, 0x0000000083a00000, 0x0000000083a00000|100%| E|CS|TAMS 0x0000000083900000, 0x0000000083900000| Complete 
|  58|0x0000000083a00000, 0x0000000083b00000, 0x0000000083b00000|100%| E|CS|TAMS 0x0000000083a00000, 0x0000000083a00000| Complete 
|  59|0x0000000083b00000, 0x0000000083bde420, 0x0000000083c00000| 86%| S|CS|TAMS 0x0000000083b00000, 0x0000000083b00000| Complete 
|  60|0x0000000083c00000, 0x0000000083d00000, 0x0000000083d00000|100%| E|CS|TAMS 0x0000000083c00000, 0x0000000083c00000| Complete 
|  61|0x0000000083d00000, 0x0000000083e00000, 0x0000000083e00000|100%| E|CS|TAMS 0x0000000083d00000, 0x0000000083d00000| Complete 
|  62|0x0000000083e00000, 0x0000000083f00000, 0x0000000083f00000|100%| E|CS|TAMS 0x0000000083e00000, 0x0000000083e00000| Complete 
|  63|0x0000000083f00000, 0x0000000084000000, 0x0000000084000000|100%| E|CS|TAMS 0x0000000083f00000, 0x0000000083f00000| Complete 

Card table byte_map: [0x000001d048a40000,0x000001d048e40000] _byte_map_base: 0x000001d048640000

Marking Bits (Prev, Next): (CMBitMap*) 0x000001d033f72750, (CMBitMap*) 0x000001d033f72718
 Prev Bits: [0x000001d04b240000, 0x000001d04d240000)
 Next Bits: [0x000001d049240000, 0x000001d04b240000)

Polling page: 0x000001d034010000

Metaspace:

Usage:
  Non-class:     18.87 MB capacity,    18.49 MB ( 98%) used,   352.01 KB (  2%) free+waste,    42.00 KB ( <1%) overhead. 
      Class:      2.81 MB capacity,     2.63 MB ( 93%) used,   169.71 KB (  6%) free+waste,    21.00 KB ( <1%) overhead. 
       Both:     21.68 MB capacity,    21.11 MB ( 97%) used,   521.72 KB (  2%) free+waste,    63.00 KB ( <1%) overhead. 

Virtual space:
  Non-class space:       20.00 MB reserved,      19.00 MB ( 95%) committed 
      Class space:        1.00 GB reserved,       2.88 MB ( <1%) committed 
             Both:        1.02 GB reserved,      21.88 MB (  2%) committed 

Chunk freelists:
   Non-Class:  5.00 KB
       Class:  1.00 KB
        Both:  6.00 KB

MaxMetaspaceSize: 17179869184.00 GB
CompressedClassSpaceSize: 1.00 GB

CodeHeap 'non-profiled nmethods': size=120064Kb used=900Kb max_used=900Kb free=119163Kb
 bounds [0x000001d040cf0000, 0x000001d040f60000, 0x000001d048230000]
CodeHeap 'profiled nmethods': size=120000Kb used=4498Kb max_used=4498Kb free=115501Kb
 bounds [0x000001d0397c0000, 0x000001d039c30000, 0x000001d040cf0000]
CodeHeap 'non-nmethods': size=5696Kb used=1131Kb max_used=1147Kb free=4564Kb
 bounds [0x000001d039230000, 0x000001d0394a0000, 0x000001d0397c0000]
 total_blobs=2551 nmethods=2074 adapters=389
 compilation: enabled
              stopped_count=0, restarted_count=0
 full_count=0

Compilation events (20 events):
Event: 34.805 Thread 0x000001d04f699000 nmethod 2058 0x000001d039c18f90 code [0x000001d039c19380, 0x000001d039c1afd8]
Event: 34.806 Thread 0x000001d04f699000 2059       3       sun.management.MemoryPoolImpl::getType (15 bytes)
Event: 34.806 Thread 0x000001d04f699000 nmethod 2059 0x000001d039c1b890 code [0x000001d039c1ba40, 0x000001d039c1bb98]
Event: 34.848 Thread 0x000001d04f690000 2060       4       java.util.LinkedHashMap::get (33 bytes)
Event: 34.856 Thread 0x000001d04f690000 nmethod 2060 0x000001d040dd0810 code [0x000001d040dd09c0, 0x000001d040dd0c78]
Event: 34.909 Thread 0x000001d04f699000 2061       3       java.util.Vector::add (23 bytes)
Event: 34.910 Thread 0x000001d04f699000 nmethod 2061 0x000001d039c1bc10 code [0x000001d039c1be20, 0x000001d039c1c358]
Event: 35.137 Thread 0x000001d04f699000 2063       3       jdk.internal.org.objectweb.asm.AnnotationVisitor::<init> (35 bytes)
Event: 35.137 Thread 0x000001d04f699000 nmethod 2063 0x000001d039c1c590 code [0x000001d039c1c760, 0x000001d039c1ca48]
Event: 35.319 Thread 0x000001d04f699000 2065  s    3       java.util.Vector::addElement (24 bytes)
Event: 35.320 Thread 0x000001d04f699000 nmethod 2065 0x000001d039c1cb90 code [0x000001d039c1cda0, 0x000001d039c1d4b8]
Event: 35.320 Thread 0x000001d04f699000 2066       3       java.lang.ClassLoader::addClass (9 bytes)
Event: 35.321 Thread 0x000001d04f699000 nmethod 2066 0x000001d039c1d710 code [0x000001d039c1d8c0, 0x000001d039c1da88]
Event: 35.325 Thread 0x000001d04f699000 2067       3       java.util.HashMap::get (23 bytes)
Event: 35.325 Thread 0x000001d04f699000 nmethod 2067 0x000001d039c1db90 code [0x000001d039c1dd80, 0x000001d039c1e0b8]
Event: 35.326 Thread 0x000001d04f699000 2068       3       java.util.HashMap::getNode (148 bytes)
Event: 35.327 Thread 0x000001d04f699000 nmethod 2068 0x000001d039c1e210 code [0x000001d039c1e440, 0x000001d039c1eda8]
Event: 35.327 Thread 0x000001d04f699000 2069       3       java.lang.reflect.ProxyGenerator$ConstantPool::getMethodRef (33 bytes)
Event: 35.328 Thread 0x000001d04f699000 nmethod 2069 0x000001d039c1f010 code [0x000001d039c1f2e0, 0x000001d039c1ff48]
Event: 35.455 Thread 0x000001d04f690000 2070   !   4       java.lang.ClassLoader::loadClass (122 bytes)

GC Heap History (14 events):
Event: 4.116 GC heap before
{Heap before GC invocations=0 (full 0):
 garbage-first heap   total 65536K, used 7168K [0x0000000080000000, 0x0000000100000000)
  region size 1024K, 7 young (7168K), 0 survivors (0K)
 Metaspace       used 6131K, capacity 6261K, committed 6528K, reserved 1056768K
  class space    used 536K, capacity 578K, committed 640K, reserved 1048576K
}
Event: 4.130 GC heap after
{Heap after GC invocations=1 (full 0):
 garbage-first heap   total 65536K, used 1384K [0x0000000080000000, 0x0000000100000000)
  region size 1024K, 1 young (1024K), 1 survivors (1024K)
 Metaspace       used 6131K, capacity 6261K, committed 6528K, reserved 1056768K
  class space    used 536K, capacity 578K, committed 640K, reserved 1048576K
}
Event: 11.778 GC heap before
{Heap before GC invocations=1 (full 0):
 garbage-first heap   total 65536K, used 45416K [0x0000000080000000, 0x0000000100000000)
  region size 1024K, 38 young (38912K), 1 survivors (1024K)
 Metaspace       used 10763K, capacity 11007K, committed 11264K, reserved 1058816K
  class space    used 1122K, capacity 1206K, committed 1280K, reserved 1048576K
}
Event: 11.798 GC heap after
{Heap after GC invocations=2 (full 0):
 garbage-first heap   total 65536K, used 9366K [0x0000000080000000, 0x0000000100000000)
  region size 1024K, 5 young (5120K), 5 survivors (5120K)
 Metaspace       used 10763K, capacity 11007K, committed 11264K, reserved 1058816K
  class space    used 1122K, capacity 1206K, committed 1280K, reserved 1048576K
}
Event: 12.414 GC heap before
{Heap before GC invocations=2 (full 0):
 garbage-first heap   total 65536K, used 14486K [0x0000000080000000, 0x0000000100000000)
  region size 1024K, 10 young (10240K), 5 survivors (5120K)
 Metaspace       used 10793K, capacity 11071K, committed 11264K, reserved 1058816K
  class space    used 1124K, capacity 1206K, committed 1280K, reserved 1048576K
}
Event: 12.428 GC heap after
{Heap after GC invocations=3 (full 0):
 garbage-first heap   total 65536K, used 10047K [0x0000000080000000, 0x0000000100000000)
  region size 1024K, 1 young (1024K), 1 survivors (1024K)
 Metaspace       used 10793K, capacity 11071K, committed 11264K, reserved 1058816K
  class space    used 1124K, capacity 1206K, committed 1280K, reserved 1048576K
}
Event: 16.105 GC heap before
{Heap before GC invocations=3 (full 0):
 garbage-first heap   total 65536K, used 29503K [0x0000000080000000, 0x0000000100000000)
  region size 1024K, 20 young (20480K), 1 survivors (1024K)
 Metaspace       used 11102K, capacity 11351K, committed 11520K, reserved 1058816K
  class space    used 1191K, capacity 1278K, committed 1280K, reserved 1048576K
}
Event: 16.112 GC heap after
{Heap after GC invocations=4 (full 0):
 garbage-first heap   total 65536K, used 13739K [0x0000000080000000, 0x0000000100000000)
  region size 1024K, 3 young (3072K), 3 survivors (3072K)
 Metaspace       used 11102K, capacity 11351K, committed 11520K, reserved 1058816K
  class space    used 1191K, capacity 1278K, committed 1280K, reserved 1048576K
}
Event: 26.495 GC heap before
{Heap before GC invocations=4 (full 0):
 garbage-first heap   total 65536K, used 36267K [0x0000000080000000, 0x0000000100000000)
  region size 1024K, 25 young (25600K), 3 survivors (3072K)
 Metaspace       used 17599K, capacity 18025K, committed 18176K, reserved 1064960K
  class space    used 2050K, capacity 2183K, committed 2304K, reserved 1048576K
}
Event: 26.512 GC heap after
{Heap after GC invocations=5 (full 0):
 garbage-first heap   total 65536K, used 15986K [0x0000000080000000, 0x0000000100000000)
  region size 1024K, 3 young (3072K), 3 survivors (3072K)
 Metaspace       used 17599K, capacity 18025K, committed 18176K, reserved 1064960K
  class space    used 2050K, capacity 2183K, committed 2304K, reserved 1048576K
}
Event: 32.449 GC heap before
{Heap before GC invocations=5 (full 0):
 garbage-first heap   total 65536K, used 38514K [0x0000000080000000, 0x0000000100000000)
  region size 1024K, 25 young (25600K), 3 survivors (3072K)
 Metaspace       used 20047K, capacity 20486K, committed 20736K, reserved 1067008K
  class space    used 2424K, capacity 2558K, committed 2560K, reserved 1048576K
}
Event: 32.467 GC heap after
{Heap after GC invocations=6 (full 0):
 garbage-first heap   total 65536K, used 16829K [0x0000000080000000, 0x0000000100000000)
  region size 1024K, 1 young (1024K), 1 survivors (1024K)
 Metaspace       used 20047K, capacity 20486K, committed 20736K, reserved 1067008K
  class space    used 2424K, capacity 2558K, committed 2560K, reserved 1048576K
}
Event: 33.778 GC heap before
{Heap before GC invocations=6 (full 0):
 garbage-first heap   total 65536K, used 19901K [0x0000000080000000, 0x0000000100000000)
  region size 1024K, 5 young (5120K), 1 survivors (1024K)
 Metaspace       used 20593K, capacity 21083K, committed 21248K, reserved 1067008K
  class space    used 2502K, capacity 2693K, committed 2816K, reserved 1048576K
}
Event: 33.793 GC heap after
{Heap after GC invocations=7 (full 0):
 garbage-first heap   total 65536K, used 16797K [0x0000000080000000, 0x0000000100000000)
  region size 1024K, 1 young (1024K), 1 survivors (1024K)
 Metaspace       used 20593K, capacity 21083K, committed 21248K, reserved 1067008K
  class space    used 2502K, capacity 2693K, committed 2816K, reserved 1048576K
}

Deoptimization events (20 events):
Event: 35.139 Thread 0x000001d051a6e800 Uncommon trap: trap_request=0xffffff4d fr.pc=0x000001d040db5498 relative=0x0000000000000398
Event: 35.139 Thread 0x000001d051a6e800 Uncommon trap: reason=unstable_if action=reinterpret pc=0x000001d040db5498 method=jdk.internal.org.objectweb.asm.Type.getArgumentsAndReturnSizes(Ljava/lang/String;)I @ 88 c2
Event: 35.139 Thread 0x000001d051a6e800 DEOPT PACKING pc=0x000001d040db5498 sp=0x00000041e0dfa1d0
Event: 35.139 Thread 0x000001d051a6e800 DEOPT UNPACKING pc=0x000001d039256029 sp=0x00000041e0dfa158 mode 2
Event: 35.324 Thread 0x000001d051a6e800 Uncommon trap: trap_request=0xffffff4d fr.pc=0x000001d040d24ab4 relative=0x0000000000000174
Event: 35.324 Thread 0x000001d051a6e800 Uncommon trap: reason=unstable_if action=reinterpret pc=0x000001d040d24ab4 method=java.util.HashMap.getNode(ILjava/lang/Object;)Ljava/util/HashMap$Node; @ 129 c2
Event: 35.324 Thread 0x000001d051a6e800 DEOPT PACKING pc=0x000001d040d24ab4 sp=0x00000041e0dfbc10
Event: 35.325 Thread 0x000001d051a6e800 DEOPT UNPACKING pc=0x000001d039256029 sp=0x00000041e0dfbb10 mode 2
Event: 35.325 Thread 0x000001d051a6e800 Uncommon trap: trap_request=0xffffffc6 fr.pc=0x000001d040db0ab4 relative=0x00000000000007b4
Event: 35.325 Thread 0x000001d051a6e800 Uncommon trap: reason=bimorphic_or_optimized_type_check action=maybe_recompile pc=0x000001d040db0ab4 method=java.util.HashMap.putVal(ILjava/lang/Object;Ljava/lang/Object;ZZ)Ljava/lang/Object; @ 203 c2
Event: 35.325 Thread 0x000001d051a6e800 DEOPT PACKING pc=0x000001d040db0ab4 sp=0x00000041e0dfbb90
Event: 35.325 Thread 0x000001d051a6e800 DEOPT UNPACKING pc=0x000001d039256029 sp=0x00000041e0dfbb10 mode 2
Event: 35.325 Thread 0x000001d051a6e800 Uncommon trap: trap_request=0xffffff4d fr.pc=0x000001d040d22128 relative=0x00000000000001e8
Event: 35.325 Thread 0x000001d051a6e800 Uncommon trap: reason=unstable_if action=reinterpret pc=0x000001d040d22128 method=java.util.HashMap.getNode(ILjava/lang/Object;)Ljava/util/HashMap$Node; @ 129 c2
Event: 35.325 Thread 0x000001d051a6e800 DEOPT PACKING pc=0x000001d040d22128 sp=0x00000041e0dfbb70
Event: 35.325 Thread 0x000001d051a6e800 DEOPT UNPACKING pc=0x000001d039256029 sp=0x00000041e0dfbaf8 mode 2
Event: 35.421 Thread 0x000001d051a6e800 Uncommon trap: trap_request=0xffffff4d fr.pc=0x000001d040d57da0 relative=0x0000000000000a80
Event: 35.421 Thread 0x000001d051a6e800 Uncommon trap: reason=unstable_if action=reinterpret pc=0x000001d040d57da0 method=java.util.Properties$LineReader.readLine()I @ 249 c2
Event: 35.421 Thread 0x000001d051a6e800 DEOPT PACKING pc=0x000001d040d57da0 sp=0x00000041e0dfbb90
Event: 35.421 Thread 0x000001d051a6e800 DEOPT UNPACKING pc=0x000001d039256029 sp=0x00000041e0dfbb30 mode 2

Classes redefined (0 events):
No events

Internal exceptions (20 events):
Event: 24.089 Thread 0x000001d0504b3800 Exception <a 'java/lang/NoSuchMethodError'{0x0000000082f0dba0}: <clinit>> (0x0000000082f0dba0) thrown at [./src/hotspot/share/prims/jni.cpp, line 1362]
Event: 24.136 Thread 0x000001d0504b3800 Exception <a 'java/lang/NoSuchMethodError'{0x0000000082f23320}: <clinit>> (0x0000000082f23320) thrown at [./src/hotspot/share/prims/jni.cpp, line 1362]
Event: 24.214 Thread 0x000001d0504b3800 Exception <a 'java/lang/NoSuchMethodError'{0x0000000082f8a150}: <clinit>> (0x0000000082f8a150) thrown at [./src/hotspot/share/prims/jni.cpp, line 1362]
Event: 24.233 Thread 0x000001d0504b3800 Exception <a 'java/lang/NoSuchMethodError'{0x0000000082fba248}: <clinit>> (0x0000000082fba248) thrown at [./src/hotspot/share/prims/jni.cpp, line 1362]
Event: 24.249 Thread 0x000001d0504b3800 Exception <a 'java/lang/NoSuchMethodError'{0x0000000082fe3130}: <clinit>> (0x0000000082fe3130) thrown at [./src/hotspot/share/prims/jni.cpp, line 1362]
Event: 25.757 Thread 0x000001d051a6e800 Exception <a 'java/lang/NoSuchMethodError'{0x0000000082cb2808}: 'void java.lang.invoke.DirectMethodHandle$Holder.invokeVirtual(java.lang.Object, java.lang.Object, java.lang.Object, java.lang.Object)'> (0x0000000082cb2808) thrown at [./src/hotspot/share/interpreter/linkResolver.cpp, line 773]
Event: 25.760 Thread 0x000001d051a6e800 Exception <a 'java/lang/NoSuchMethodError'{0x0000000082cbf270}: 'void java.lang.invoke.DelegatingMethodHandle$Holder.reinvoke_L(java.lang.Object, java.lang.Object, java.lang.Object, java.lang.Object)'> (0x0000000082cbf270) thrown at [./src/hotspot/share/interpreter/linkResolver.cpp, line 773]
Event: 25.864 Thread 0x000001d051a6e800 Exception <a 'java/lang/NoSuchMethodError'{0x0000000082cefe70}: 'long java.lang.invoke.DirectMethodHandle$Holder.invokeInterface(java.lang.Object, java.lang.Object)'> (0x0000000082cefe70) thrown at [./src/hotspot/share/interpreter/linkResolver.cpp, line 773]
Event: 25.875 Thread 0x000001d051a6e800 Exception <a 'java/lang/NoSuchMethodError'{0x0000000082813048}: 'void java.lang.invoke.DelegatingMethodHandle$Holder.reinvoke_L(java.lang.Object, java.lang.Object, java.lang.Object, java.lang.Object, java.lang.Object, java.lang.Object, java.lang.Object)'> (0x0000000082813048) thrown at [./src/hotspot/share/interpreter/linkResolver.cpp, line 773]
Event: 30.592 Thread 0x000001d051a6e800 Exception <a 'java/lang/NoSuchMethodError'{0x00000000832edc08}: 'java.lang.Object java.lang.invoke.DirectMethodHandle$Holder.invokeVirtual(java.lang.Object, java.lang.Object, java.lang.Object)'> (0x00000000832edc08) thrown at [./src/hotspot/share/interpreter/linkResolver.cpp, line 773]
Event: 31.451 Thread 0x000001d051a6e800 Exception <a 'java/lang/NoSuchMethodError'{0x0000000082e927f8}: 'void java.lang.invoke.DirectMethodHandle$Holder.invokeInterface(java.lang.Object, java.lang.Object)'> (0x0000000082e927f8) thrown at [./src/hotspot/share/interpreter/linkResolver.cpp, line 773]
Event: 31.452 Thread 0x000001d051a6e800 Exception <a 'java/lang/IncompatibleClassChangeError'{0x0000000082e959a8}: Found class java.lang.Object, but interface was expected> (0x0000000082e959a8) thrown at [./src/hotspot/share/interpreter/linkResolver.cpp, line 839]
Event: 31.687 Thread 0x000001d051a6e800 Exception <a 'java/lang/NoSuchMethodError'{0x0000000082c0d5d0}: 'void java.lang.invoke.DirectMethodHandle$Holder.invokeStaticInit(java.lang.Object)'> (0x0000000082c0d5d0) thrown at [./src/hotspot/share/interpreter/linkResolver.cpp, line 773]
Event: 32.350 Thread 0x000001d051a6e800 Exception <a 'java/lang/NoSuchMethodError'{0x0000000082a7c080}: 'java.lang.Object java.lang.invoke.DirectMethodHandle$Holder.invokeStatic(java.lang.Object, java.lang.Object, java.lang.Object, int)'> (0x0000000082a7c080) thrown at [./src/hotspot/share/interpreter/linkResolver.cpp, line 773]
Event: 32.351 Thread 0x000001d051a6e800 Exception <a 'java/lang/NoSuchMethodError'{0x0000000082a80248}: 'java.lang.Object java.lang.invoke.DirectMethodHandle$Holder.invokeSpecial(java.lang.Object, java.lang.Object, java.lang.Object, java.lang.Object, int)'> (0x0000000082a80248) thrown at [./src/hotspot/share/interpreter/linkResolver.cpp, line 773]
Event: 32.352 Thread 0x000001d051a6e800 Exception <a 'java/lang/NoSuchMethodError'{0x0000000082a83c30}: 'java.lang.Object java.lang.invoke.Invokers$Holder.linkToTargetMethod(java.lang.Object, java.lang.Object, int, java.lang.Object)'> (0x0000000082a83c30) thrown at [./src/hotspot/share/interpreter/linkResolver.cpp, line 773]
Event: 34.271 Thread 0x000001d051a6e800 Exception <a 'java/lang/NoSuchMethodError'{0x0000000083ff44f8}: 'int java.lang.invoke.DirectMethodHandle$Holder.invokeSpecialIFC(java.lang.Object, java.lang.Object, java.lang.Object, java.lang.Object)'> (0x0000000083ff44f8) thrown at [./src/hotspot/share/interpreter/linkResolver.cpp, line 773]
Event: 34.280 Thread 0x000001d051a6e800 Exception <a 'java/lang/NoSuchMethodError'{0x0000000083e02d28}: 'java.lang.Object java.lang.invoke.DirectMethodHandle$Holder.invokeInterface(java.lang.Object, java.lang.Object, java.lang.Object)'> (0x0000000083e02d28) thrown at [./src/hotspot/share/interpreter/linkResolver.cpp, line 773]
Event: 34.281 Thread 0x000001d051a6e800 Exception <a 'java/lang/IncompatibleClassChangeError'{0x0000000083e06200}: Found class java.lang.Object, but interface was expected> (0x0000000083e06200) thrown at [./src/hotspot/share/interpreter/linkResolver.cpp, line 839]
Event: 34.541 Thread 0x000001d051a6e800 Exception <a 'java/lang/NoSuchMethodError'{0x0000000083ebc168}: 'void java.lang.invoke.DirectMethodHandle$Holder.invokeStatic(java.lang.Object, java.lang.Object, java.lang.Object, java.lang.Object, java.lang.Object)'> (0x0000000083ebc168) thrown at [./src/hotspot/share/interpreter/linkResolver.cpp, line 773]

Events (20 events):
Event: 35.678 loading class org/gradle/internal/InternalListener
Event: 35.678 loading class org/gradle/internal/InternalListener done
Event: 35.685 loading class org/gradle/launcher/exec/InProcessBuildActionExecuter
Event: 35.685 loading class org/gradle/launcher/exec/InProcessBuildActionExecuter done
Event: 35.712 loading class org/gradle/launcher/exec/RunAsBuildOperationBuildActionRunner
Event: 35.712 loading class org/gradle/launcher/exec/RunAsBuildOperationBuildActionRunner done
Event: 35.713 loading class org/gradle/launcher/exec/RunBuildBuildOperationType$Details
Event: 35.713 loading class org/gradle/launcher/exec/RunBuildBuildOperationType$Details done
Event: 35.714 loading class org/gradle/launcher/exec/RunBuildBuildOperationType$Result
Event: 35.714 loading class org/gradle/launcher/exec/RunBuildBuildOperationType$Result done
Event: 35.715 loading class org/gradle/launcher/exec/RunAsBuildOperationBuildActionRunner$1
Event: 35.715 loading class org/gradle/launcher/exec/RunAsBuildOperationBuildActionRunner$1 done
Event: 35.716 loading class org/gradle/launcher/exec/RunAsBuildOperationBuildActionRunner$2
Event: 35.716 loading class org/gradle/launcher/exec/RunAsBuildOperationBuildActionRunner$2 done
Event: 35.717 loading class org/gradle/launcher/exec/BuildCompletionNotifyingBuildActionRunner
Event: 35.717 loading class org/gradle/launcher/exec/BuildCompletionNotifyingBuildActionRunner done
Event: 35.718 loading class org/gradle/tooling/internal/provider/FileSystemWatchingBuildActionRunner
Event: 35.718 loading class org/gradle/tooling/internal/provider/FileSystemWatchingBuildActionRunner done
Event: 35.719 loading class org/gradle/tooling/internal/provider/ValidatingBuildActionRunner
Event: 35.719 loading class org/gradle/tooling/internal/provider/ValidatingBuildActionRunner done


Dynamic libraries:
0x00007ff6b8810000 - 0x00007ff6b881a000 	C:\Users\felip\OneDrive\Desktop\android-studio\jre\bin\java.exe
0x00007ff9d52b0000 - 0x00007ff9d54a5000 	C:\Windows\SYSTEM32\ntdll.dll
0x00007ff9b0f10000 - 0x00007ff9b0f25000 	C:\Program Files\Avast Software\Avast\aswhook.dll
0x00007ff9d3360000 - 0x00007ff9d341e000 	C:\Windows\System32\KERNEL32.DLL
0x00007ff9d29d0000 - 0x00007ff9d2c99000 	C:\Windows\System32\KERNELBASE.dll
0x00007ff9d2e80000 - 0x00007ff9d2f80000 	C:\Windows\System32\ucrtbase.dll
0x00007ff9ccb00000 - 0x00007ff9ccb17000 	C:\Users\felip\OneDrive\Desktop\android-studio\jre\bin\VCRUNTIME140.dll
0x00007ff9cb740000 - 0x00007ff9cb759000 	C:\Users\felip\OneDrive\Desktop\android-studio\jre\bin\jli.dll
0x00007ff9d45b0000 - 0x00007ff9d4751000 	C:\Windows\System32\USER32.dll
0x00007ff9c2c60000 - 0x00007ff9c2efa000 	C:\Windows\WinSxS\amd64_microsoft.windows.common-controls_6595b64144ccf1df_6.0.19041.1110_none_60b5254171f9507e\COMCTL32.dll
0x00007ff9d3110000 - 0x00007ff9d3132000 	C:\Windows\System32\win32u.dll
0x00007ff9d3d40000 - 0x00007ff9d3dde000 	C:\Windows\System32\msvcrt.dll
0x00007ff9d4080000 - 0x00007ff9d40ab000 	C:\Windows\System32\GDI32.dll
0x00007ff9d2f80000 - 0x00007ff9d308b000 	C:\Windows\System32\gdi32full.dll
0x00007ff9d2d50000 - 0x00007ff9d2ded000 	C:\Windows\System32\msvcp_win.dll
0x00007ff9d4930000 - 0x00007ff9d4960000 	C:\Windows\System32\IMM32.DLL
0x00007ff9bcb40000 - 0x00007ff9bcbdd000 	C:\Users\felip\OneDrive\Desktop\android-studio\jre\bin\msvcp140.dll
0x00007ff9a64c0000 - 0x00007ff9a6f95000 	C:\Users\felip\OneDrive\Desktop\android-studio\jre\bin\server\jvm.dll
0x00007ff9d3df0000 - 0x00007ff9d3e9c000 	C:\Windows\System32\ADVAPI32.dll
0x00007ff9d3c80000 - 0x00007ff9d3d1b000 	C:\Windows\System32\sechost.dll
0x00007ff9d4410000 - 0x00007ff9d453a000 	C:\Windows\System32\RPCRT4.dll
0x00007ff9bbe10000 - 0x00007ff9bbe37000 	C:\Windows\SYSTEM32\WINMM.dll
0x00007ff9c9c60000 - 0x00007ff9c9c6a000 	C:\Windows\SYSTEM32\VERSION.dll
0x00007ff9d3bf0000 - 0x00007ff9d3bf8000 	C:\Windows\System32\PSAPI.DLL
0x00007ff9c66e0000 - 0x00007ff9c66e9000 	C:\Windows\SYSTEM32\WSOCK32.dll
0x00007ff9d4540000 - 0x00007ff9d45ab000 	C:\Windows\System32\WS2_32.dll
0x00007ff9d07f0000 - 0x00007ff9d0802000 	C:\Windows\SYSTEM32\kernel.appcore.dll
0x00007ff9ccdf0000 - 0x00007ff9cce01000 	C:\Users\felip\OneDrive\Desktop\android-studio\jre\bin\verify.dll
0x00007ff9c7410000 - 0x00007ff9c75f4000 	C:\Windows\SYSTEM32\DBGHELP.DLL
0x00007ff9c73e0000 - 0x00007ff9c740c000 	C:\Windows\SYSTEM32\dbgcore.DLL
0x00007ff9d2df0000 - 0x00007ff9d2e73000 	C:\Windows\System32\bcryptPrimitives.dll
0x00007ff9cc660000 - 0x00007ff9cc689000 	C:\Users\felip\OneDrive\Desktop\android-studio\jre\bin\java.dll
0x00007ff9d02d0000 - 0x00007ff9d02db000 	C:\Users\felip\OneDrive\Desktop\android-studio\jre\bin\jimage.dll
0x00007ff9ccaa0000 - 0x00007ff9ccab8000 	C:\Users\felip\OneDrive\Desktop\android-studio\jre\bin\zip.dll
0x00007ff9d4960000 - 0x00007ff9d509f000 	C:\Windows\System32\SHELL32.dll
0x00007ff9d0ad0000 - 0x00007ff9d1260000 	C:\Windows\SYSTEM32\windows.storage.dll
0x00007ff9d40b0000 - 0x00007ff9d4405000 	C:\Windows\System32\combase.dll
0x00007ff9d2350000 - 0x00007ff9d237c000 	C:\Windows\SYSTEM32\Wldp.dll
0x00007ff9d3f70000 - 0x00007ff9d401d000 	C:\Windows\System32\SHCORE.dll
0x00007ff9d3710000 - 0x00007ff9d3765000 	C:\Windows\System32\shlwapi.dll
0x00007ff9d2910000 - 0x00007ff9d292f000 	C:\Windows\SYSTEM32\profapi.dll
0x00007ff9cc5f0000 - 0x00007ff9cc60a000 	C:\Users\felip\OneDrive\Desktop\android-studio\jre\bin\net.dll
0x00007ff9c7210000 - 0x00007ff9c7318000 	C:\Windows\SYSTEM32\WINHTTP.dll
0x00007ff9d20b0000 - 0x00007ff9d211a000 	C:\Windows\system32\mswsock.dll
0x00007ff9cc300000 - 0x00007ff9cc314000 	C:\Users\felip\OneDrive\Desktop\android-studio\jre\bin\nio.dll
0x00007ff9ca3e0000 - 0x00007ff9ca407000 	C:\Users\felip\.gradle\native\8bec1ad78214c89d9ad589b4d07fe93259594b29d510b10fafb7a158f7737e5d\windows-amd64\native-platform.dll
0x00007ff9b74f0000 - 0x00007ff9b762d000 	C:\Users\felip\.gradle\native\53dbd7edfb1c66fb8903c78663c9afc45aea4f116125fa6feffd364cf09443e8\windows-amd64\native-platform-file-events.dll
0x00007ff9d0290000 - 0x00007ff9d029a000 	C:\Users\felip\OneDrive\Desktop\android-studio\jre\bin\management.dll
0x00007ff9d0250000 - 0x00007ff9d025d000 	C:\Users\felip\OneDrive\Desktop\android-studio\jre\bin\management_ext.dll
0x00007ff9d22b0000 - 0x00007ff9d22c8000 	C:\Windows\SYSTEM32\CRYPTSP.dll
0x00007ff9d1a30000 - 0x00007ff9d1a64000 	C:\Windows\system32\rsaenh.dll
0x00007ff9d3090000 - 0x00007ff9d30b7000 	C:\Windows\System32\bcrypt.dll
0x00007ff9d28d0000 - 0x00007ff9d28fe000 	C:\Windows\SYSTEM32\USERENV.dll
0x00007ff9d22a0000 - 0x00007ff9d22ac000 	C:\Windows\SYSTEM32\CRYPTBASE.dll
0x00007ff9d1da0000 - 0x00007ff9d1ddb000 	C:\Windows\SYSTEM32\IPHLPAPI.DLL
0x00007ff9d4920000 - 0x00007ff9d4928000 	C:\Windows\System32\NSI.dll
0x00007ff9cabe0000 - 0x00007ff9cabf7000 	C:\Windows\SYSTEM32\dhcpcsvc6.DLL
0x00007ff9cc0b0000 - 0x00007ff9cc0cd000 	C:\Windows\SYSTEM32\dhcpcsvc.DLL
0x00007ff9d1de0000 - 0x00007ff9d1eac000 	C:\Windows\SYSTEM32\DNSAPI.dll

dbghelp: loaded successfully - version: 4.0.5 - missing functions: none
symbol engine: initialized successfully - sym options: 0x614 - pdb path: .;C:\Users\felip\OneDrive\Desktop\android-studio\jre\bin;C:\Windows\SYSTEM32;C:\Program Files\Avast Software\Avast;C:\Windows\WinSxS\amd64_microsoft.windows.common-controls_6595b64144ccf1df_6.0.19041.1110_none_60b5254171f9507e;C:\Users\felip\OneDrive\Desktop\android-studio\jre\bin\server;C:\Users\felip\.gradle\native\8bec1ad78214c89d9ad589b4d07fe93259594b29d510b10fafb7a158f7737e5d\windows-amd64;C:\Users\felip\.gradle\native\53dbd7edfb1c66fb8903c78663c9afc45aea4f116125fa6feffd364cf09443e8\windows-amd64

VM Arguments:
jvm_args: --add-opens=java.base/java.util=ALL-UNNAMED --add-opens=java.base/java.lang=ALL-UNNAMED --add-opens=java.base/java.lang.invoke=ALL-UNNAMED --add-opens=java.base/java.util=ALL-UNNAMED --add-opens=java.prefs/java.util.prefs=ALL-UNNAMED --add-opens=java.prefs/java.util.prefs=ALL-UNNAMED --add-opens=java.base/java.nio.charset=ALL-UNNAMED --add-opens=java.base/java.net=ALL-UNNAMED --add-opens=java.base/java.util.concurrent.atomic=ALL-UNNAMED -Xmx2048m -Dfile.encoding=UTF-8 -Duser.country=US -Duser.language=en -Duser.variant 
java_command: org.gradle.launcher.daemon.bootstrap.GradleDaemon 7.0.2
java_class_path (initial): C:\Users\felip\.gradle\wrapper\dists\gradle-7.0.2-bin\857tjihv64xamwrf0h14cai3r\gradle-7.0.2\lib\gradle-launcher-7.0.2.jar
Launcher Type: SUN_STANDARD

[Global flags]
     intx CICompilerCount                          = 2                                         {product} {ergonomic}
     uint ConcGCThreads                            = 1                                         {product} {ergonomic}
     uint G1ConcRefinementThreads                  = 2                                         {product} {ergonomic}
   size_t G1HeapRegionSize                         = 1048576                                   {product} {ergonomic}
    uintx GCDrainStackTargetSize                   = 64                                        {product} {ergonomic}
   size_t InitialHeapSize                          = 67108864                                  {product} {ergonomic}
   size_t MarkStackSize                            = 4194304                                   {product} {ergonomic}
   size_t MaxHeapSize                              = 2147483648                                {product} {command line}
   size_t MaxNewSize                               = 1287651328                                {product} {ergonomic}
   size_t MinHeapDeltaBytes                        = 1048576                                   {product} {ergonomic}
    uintx NonNMethodCodeHeapSize                   = 5825164                                {pd product} {ergonomic}
    uintx NonProfiledCodeHeapSize                  = 122916538                              {pd product} {ergonomic}
    uintx ProfiledCodeHeapSize                     = 122916538                              {pd product} {ergonomic}
    uintx ReservedCodeCacheSize                    = 251658240                              {pd product} {ergonomic}
     bool SegmentedCodeCache                       = true                                      {product} {ergonomic}
     bool UseCompressedClassPointers               = true                                 {lp64_product} {ergonomic}
     bool UseCompressedOops                        = true                                 {lp64_product} {ergonomic}
     bool UseG1GC                                  = true                                      {product} {ergonomic}
     bool UseLargePagesIndividualAllocation        = false                                  {pd product} {ergonomic}

Logging:
Log output configuration:
 #0: stdout all=warning uptime,level,tags
 #1: stderr all=off uptime,level,tags

Environment Variables:
PATH=C:\Program Files\Common Files\Oracle\Java\javapath;C:\Program Files (x86)\Common Files\Oracle\Java\javapath;C:\Windows\system32;C:\Windows;C:\Windows\System32\Wbem;C:\Windows\System32\WindowsPowerShell\v1.0\;C:\Windows\System32\OpenSSH\;C:\ProgramData\chocolatey\bin;C:\Program Files (x86)\Yarn\bin\;C:\Program Files\Git\cmd;C:\Program Files\nodejs\;C:\Users\felip\AppData\Local\Microsoft\WindowsApps;C:\Users\felip\AppData\Local\Programs\Microsoft VS Code\bin;C:\Users\felip\AppData\Local\Yarn\bin;C:\Users\felip\AppData\Local\GitHubDesktop\bin;C:\Users\felip\AppData\Roaming\npm
USERNAME=felip
OS=Windows_NT
PROCESSOR_IDENTIFIER=Intel64 Family 6 Model 23 Stepping 10, GenuineIntel



---------------  S Y S T E M  ---------------

OS: Windows 10 , 64 bit Build 19041 (10.0.19041.1202)
OS uptime: 13 days 23:26 hours

CPU:total 2 (initial active 2) (2 cores per cpu, 1 threads per core) family 6 model 23 stepping 10 microcode 0xa0c, cmov, cx8, fxsr, mmx, sse, sse2, sse3, ssse3, tsc

Memory: 4k page, system-wide physical 4061M (29M free)
TotalPageFile size 4061M (AvailPageFile size 5M)
current process WorkingSet (physical memory assigned to process): 119M, peak: 132M
current process commit charge ("private bytes"): 178M, peak: 179M

vm_info: OpenJDK 64-Bit Server VM (11.0.11+9-b60-7590822) for windows-amd64 JRE (11.0.11+9-b60-7590822), built on Jul 29 2021 21:43:44 by "builder" with MS VC++ 14.0 (VS2015)

END.
