#
# There is insufficient memory for the Java Runtime Environment to continue.
# Native memory allocation (malloc) failed to allocate 1050976 bytes for Chunk::new
# Possible reasons:
#   The system is out of physical RAM or swap space
#   The process is running with CompressedOops enabled, and the Java Heap may be blocking the growth of the native heap
# Possible solutions:
#   Reduce memory load on the system
#   Increase physical memory or swap space
#   Check if swap backing store is full
#   Decrease Java heap size (-Xmx/-Xms)
#   Decrease number of Java threads
#   Decrease Java thread stack sizes (-Xss)
#   Set larger code cache with -XX:ReservedCodeCacheSize=
#   JVM is running with Unscaled Compressed Oops mode in which the Java heap is
#     placed in the first 4GB address space. The Java Heap base address is the
#     maximum limit for the native heap growth. Please use -XX:HeapBaseMinAddress
#     to set the Java Heap base and to place the Java Heap above 4GB virtual address.
# This output file may be truncated or incomplete.
#
#  Out of Memory Error (./src/hotspot/share/memory/arena.cpp:197), pid=2916, tid=4100
#
# JRE version: OpenJDK Runtime Environment (11.0.11+9) (build 11.0.11+9-b60-7590822)
# Java VM: OpenJDK 64-Bit Server VM (11.0.11+9-b60-7590822, mixed mode, tiered, compressed oops, g1 gc, windows-amd64)
# No core dump will be written. Minidumps are not enabled by default on client versions of Windows
#

---------------  S U M M A R Y ------------

Command Line: --add-opens=java.base/java.util=ALL-UNNAMED --add-opens=java.base/java.lang=ALL-UNNAMED --add-opens=java.base/java.lang.invoke=ALL-UNNAMED --add-opens=java.base/java.util=ALL-UNNAMED --add-opens=java.prefs/java.util.prefs=ALL-UNNAMED --add-opens=java.prefs/java.util.prefs=ALL-UNNAMED --add-opens=java.base/java.nio.charset=ALL-UNNAMED --add-opens=java.base/java.net=ALL-UNNAMED --add-opens=java.base/java.util.concurrent.atomic=ALL-UNNAMED -Xmx1024m -Dfile.encoding=UTF-8 -Duser.country=US -Duser.language=en -Duser.variant org.gradle.launcher.daemon.bootstrap.GradleDaemon 7.0.2

Host: Celeron(R) Dual-Core CPU       T3500  @ 2.10GHz, 2 cores, 3G,  Windows 10 , 64 bit Build 19041 (10.0.19041.1202)
Time: Fri Nov  5 08:46:32 2021 E. South America Standard Time elapsed time: 389.418537 seconds (0d 0h 6m 29s)

---------------  T H R E A D  ---------------

Current thread (0x00000280ffb74000):  JavaThread "C2 CompilerThread0" daemon [_thread_in_native, id=4100, stack(0x000000e502a00000,0x000000e502b00000)]


Current CompileTask:
C2: 389418 12214       4       org.gradle.internal.component.model.ComponentAttributeMatcher::match (259 bytes)

Stack: [0x000000e502a00000,0x000000e502b00000]
Native frames: (J=compiled Java code, j=interpreted, Vv=VM code, C=native code)
V  [jvm.dll+0x5f214a]
V  [jvm.dll+0x726fb5]
V  [jvm.dll+0x7285cd]
V  [jvm.dll+0x728c83]
V  [jvm.dll+0x243278]
V  [jvm.dll+0xbc53c]
V  [jvm.dll+0xbca3c]
V  [jvm.dll+0x2b5c34]
V  [jvm.dll+0x508488]
V  [jvm.dll+0x203d53]
V  [jvm.dll+0x1fdbac]
V  [jvm.dll+0x1fb35f]
V  [jvm.dll+0x183d6c]
V  [jvm.dll+0x209a57]
V  [jvm.dll+0x2082a1]
V  [jvm.dll+0x6ef58f]
V  [jvm.dll+0x6e80b5]
V  [jvm.dll+0x5f1036]
C  [ucrtbase.dll+0x21bb2]
C  [KERNEL32.DLL+0x17034]
C  [ntdll.dll+0x52651]


---------------  P R O C E S S  ---------------

Threads class SMR info:
_java_thread_list=0x000002808c4af240, length=36, elements={
0x00000280eaa62000, 0x00000280ffb0b000, 0x00000280ffb16800, 0x00000280ffb25000,
0x00000280ffb26800, 0x00000280ffb28800, 0x00000280ffb74000, 0x00000280ffb7f000,
0x000002808483a800, 0x000002808492c800, 0x00000280854a7800, 0x0000028085888800,
0x0000028085d1a800, 0x00000280862f0800, 0x00000280862f1000, 0x00000280862f2000,
0x00000280862f3800, 0x00000280862ee000, 0x00000280862ef800, 0x00000280862f4800,
0x0000028086985000, 0x0000028086982000, 0x000002808698c800, 0x0000028086982800,
0x0000028086983800, 0x0000028086984000, 0x000002808697e800, 0x000002808697f800,
0x000002808698a800, 0x000002808698b800, 0x0000028086987800, 0x0000028086988800,
0x000002808698a000, 0x00000280862f3000, 0x00000280862ee800, 0x000002808a5e8800
}

Java Threads: ( => current thread )
  0x00000280eaa62000 JavaThread "main" [_thread_blocked, id=3824, stack(0x000000e501e00000,0x000000e501f00000)]
  0x00000280ffb0b000 JavaThread "Reference Handler" daemon [_thread_blocked, id=6552, stack(0x000000e502500000,0x000000e502600000)]
  0x00000280ffb16800 JavaThread "Finalizer" daemon [_thread_blocked, id=4880, stack(0x000000e502600000,0x000000e502700000)]
  0x00000280ffb25000 JavaThread "Signal Dispatcher" daemon [_thread_blocked, id=380, stack(0x000000e502700000,0x000000e502800000)]
  0x00000280ffb26800 JavaThread "Attach Listener" daemon [_thread_blocked, id=1968, stack(0x000000e502800000,0x000000e502900000)]
  0x00000280ffb28800 JavaThread "Service Thread" daemon [_thread_blocked, id=6224, stack(0x000000e502900000,0x000000e502a00000)]
=>0x00000280ffb74000 JavaThread "C2 CompilerThread0" daemon [_thread_in_native, id=4100, stack(0x000000e502a00000,0x000000e502b00000)]
  0x00000280ffb7f000 JavaThread "C1 CompilerThread0" daemon [_thread_blocked, id=1200, stack(0x000000e502b00000,0x000000e502c00000)]
  0x000002808483a800 JavaThread "Sweeper thread" daemon [_thread_blocked, id=6920, stack(0x000000e502c00000,0x000000e502d00000)]
  0x000002808492c800 JavaThread "Common-Cleaner" daemon [_thread_blocked, id=6260, stack(0x000000e502d00000,0x000000e502e00000)]
  0x00000280854a7800 JavaThread "Daemon health stats" [_thread_blocked, id=520, stack(0x000000e503000000,0x000000e503100000)]
  0x0000028085888800 JavaThread "Incoming local TCP Connector on port 6718" [_thread_in_native, id=7896, stack(0x000000e503100000,0x000000e503200000)]
  0x0000028085d1a800 JavaThread "Daemon periodic checks" [_thread_blocked, id=6200, stack(0x000000e503200000,0x000000e503300000)]
  0x00000280862f0800 JavaThread "Cache worker for file hash cache (C:\Users\felip\.gradle\caches\7.0.2\fileHashes)" [_thread_blocked, id=3196, stack(0x000000e503a00000,0x000000e503b00000)]
  0x00000280862f1000 JavaThread "File lock request listener" [_thread_in_native, id=7592, stack(0x000000e503b00000,0x000000e503c00000)]
  0x00000280862f2000 JavaThread "Cache worker for journal cache (C:\Users\felip\.gradle\caches\journal-1)" [_thread_blocked, id=1612, stack(0x000000e503c00000,0x000000e503d00000)]
  0x00000280862f3800 JavaThread "File watcher server" daemon [_thread_in_native, id=6276, stack(0x000000e503e00000,0x000000e503f00000)]
  0x00000280862ee000 JavaThread "File watcher consumer" daemon [_thread_blocked, id=3948, stack(0x000000e503f00000,0x000000e504000000)]
  0x00000280862ef800 JavaThread "jar transforms" [_thread_blocked, id=5828, stack(0x000000e504000000,0x000000e504100000)]
  0x00000280862f4800 JavaThread "jar transforms Thread 2" [_thread_blocked, id=1812, stack(0x000000e504100000,0x000000e504200000)]
  0x0000028086985000 JavaThread "Cache worker for execution history cache (C:\Users\felip\.gradle\caches\7.0.2\executionHistory)" [_thread_blocked, id=6684, stack(0x000000e504500000,0x000000e504600000)]
  0x0000028086982000 JavaThread "Cache worker for file content cache (C:\Users\felip\.gradle\caches\7.0.2\fileContent)" [_thread_blocked, id=1132, stack(0x000000e504600000,0x000000e504700000)]
  0x000002808698c800 JavaThread "Memory manager" [_thread_blocked, id=7028, stack(0x000000e501b00000,0x000000e501c00000)]
  0x0000028086982800 JavaThread "Daemon Thread 2" [_thread_blocked, id=2388, stack(0x000000e501c00000,0x000000e501d00000)]
  0x0000028086983800 JavaThread "Handler for socket connection from /127.0.0.1:6718 to /127.0.0.1:6740" [_thread_in_native, id=3004, stack(0x000000e501d00000,0x000000e501e00000)]
  0x0000028086984000 JavaThread "Cancel handler" [_thread_blocked, id=7144, stack(0x000000e503300000,0x000000e503400000)]
  0x000002808697e800 JavaThread "Daemon worker Thread 2" [_thread_in_native, id=5064, stack(0x000000e503400000,0x000000e503500000)]
  0x000002808697f800 JavaThread "Asynchronous log dispatcher for DefaultDaemonConnection: socket connection from /127.0.0.1:6718 to /127.0.0.1:6740" [_thread_blocked, id=1716, stack(0x000000e503500000,0x000000e503600000)]
  0x000002808698a800 JavaThread "Stdin handler" [_thread_blocked, id=752, stack(0x000000e503600000,0x000000e503700000)]
  0x000002808698b800 JavaThread "Daemon client event forwarder" [_thread_blocked, id=5660, stack(0x000000e503700000,0x000000e503800000)]
  0x0000028086987800 JavaThread "Cache worker for file hash cache (C:\Users\felip\AndroidStudioProjects\VideoApp\.gradle\7.0.2\fileHashes)" [_thread_blocked, id=6528, stack(0x000000e503800000,0x000000e503900000)]
  0x0000028086988800 JavaThread "Cache worker for checksums cache (C:\Users\felip\AndroidStudioProjects\VideoApp\.gradle\checksums)" [_thread_blocked, id=6292, stack(0x000000e503900000,0x000000e503a00000)]
  0x000002808698a000 JavaThread "Cache worker for cache directory md-supplier (C:\Users\felip\.gradle\caches\7.0.2\md-supplier)" [_thread_blocked, id=6060, stack(0x000000e503d00000,0x000000e503e00000)]
  0x00000280862f3000 JavaThread "Cache worker for cache directory md-rule (C:\Users\felip\.gradle\caches\7.0.2\md-rule)" [_thread_blocked, id=6772, stack(0x000000e504200000,0x000000e504300000)]
  0x00000280862ee800 JavaThread "Cache worker for dependencies-accessors (C:\Users\felip\AndroidStudioProjects\VideoApp\.gradle\7.0.2\dependencies-accessors)" [_thread_blocked, id=4556, stack(0x000000e504300000,0x000000e504400000)]
  0x000002808a5e8800 JavaThread "Cache worker for Build Output Cleanup Cache (C:\Users\felip\AndroidStudioProjects\VideoApp\.gradle\buildOutputCleanup)" [_thread_blocked, id=3576, stack(0x000000e504400000,0x000000e504500000)]

Other Threads:
  0x00000280ffb05800 VMThread "VM Thread" [stack: 0x000000e502400000,0x000000e502500000] [id=976]
  0x000002808493f800 WatcherThread [stack: 0x000000e502e00000,0x000000e502f00000] [id=5464]
  0x00000280eaa7b800 GCTaskThread "GC Thread#0" [stack: 0x000000e501f00000,0x000000e502000000] [id=6548]
  0x0000028084a31800 GCTaskThread "GC Thread#1" [stack: 0x000000e502f00000,0x000000e503000000] [id=5304]
  0x00000280eaa95000 ConcurrentGCThread "G1 Main Marker" [stack: 0x000000e502000000,0x000000e502100000] [id=2400]
  0x00000280eaa96800 ConcurrentGCThread "G1 Conc#0" [stack: 0x000000e502100000,0x000000e502200000] [id=584]
  0x00000280eaaea000 ConcurrentGCThread "G1 Refine#0" [stack: 0x000000e502200000,0x000000e502300000] [id=4308]
  0x00000280eaaeb000 ConcurrentGCThread "G1 Young RemSet Sampling" [stack: 0x000000e502300000,0x000000e502400000] [id=5260]

Threads with active compile tasks:
C2 CompilerThread0 389496 12214       4       org.gradle.internal.component.model.ComponentAttributeMatcher::match (259 bytes)

VM state:not at safepoint (normal execution)

VM Mutex/Monitor currently owned by a thread: None

Heap address: 0x00000000c0000000, size: 1024 MB, Compressed Oops mode: 32-bit
Narrow klass base: 0x0000000000000000, Narrow klass shift: 3
Compressed class space size: 1073741824 Address: 0x0000000100000000

Heap:
 garbage-first heap   total 165888K, used 131644K [0x00000000c0000000, 0x0000000100000000)
  region size 1024K, 10 young (10240K), 2 survivors (2048K)
 Metaspace       used 103345K, capacity 106179K, committed 106288K, reserved 1140736K
  class space    used 13142K, capacity 14147K, committed 14208K, reserved 1048576K
Heap Regions: E=young(eden), S=young(survivor), O=old, HS=humongous(starts), HC=humongous(continues), CS=collection set, F=free, A=archive, TAMS=top-at-mark-start (previous, next)
|   0|0x00000000c0000000, 0x00000000c0100000, 0x00000000c0100000|100%| O|  |TAMS 0x00000000c0100000, 0x00000000c0000000| Untracked 
|   1|0x00000000c0100000, 0x00000000c0200000, 0x00000000c0200000|100%| O|  |TAMS 0x00000000c0200000, 0x00000000c0100000| Untracked 
|   2|0x00000000c0200000, 0x00000000c0300000, 0x00000000c0300000|100%| O|  |TAMS 0x00000000c0300000, 0x00000000c0200000| Untracked 
|   3|0x00000000c0300000, 0x00000000c0400000, 0x00000000c0400000|100%| O|  |TAMS 0x00000000c0400000, 0x00000000c0300000| Untracked 
|   4|0x00000000c0400000, 0x00000000c0500000, 0x00000000c0500000|100%|HS|  |TAMS 0x00000000c0500000, 0x00000000c0400000| Complete 
|   5|0x00000000c0500000, 0x00000000c0600000, 0x00000000c0600000|100%|HC|  |TAMS 0x00000000c0600000, 0x00000000c0500000| Complete 
|   6|0x00000000c0600000, 0x00000000c0700000, 0x00000000c0700000|100%|HC|  |TAMS 0x00000000c0700000, 0x00000000c0600000| Complete 
|   7|0x00000000c0700000, 0x00000000c0800000, 0x00000000c0800000|100%| O|  |TAMS 0x00000000c0800000, 0x00000000c0700000| Untracked 
|   8|0x00000000c0800000, 0x00000000c0900000, 0x00000000c0900000|100%| O|  |TAMS 0x00000000c0900000, 0x00000000c0800000| Untracked 
|   9|0x00000000c0900000, 0x00000000c0a00000, 0x00000000c0a00000|100%| O|  |TAMS 0x00000000c0a00000, 0x00000000c0900000| Untracked 
|  10|0x00000000c0a00000, 0x00000000c0b00000, 0x00000000c0b00000|100%| O|  |TAMS 0x00000000c0b00000, 0x00000000c0a00000| Untracked 
|  11|0x00000000c0b00000, 0x00000000c0c00000, 0x00000000c0c00000|100%| O|  |TAMS 0x00000000c0c00000, 0x00000000c0b00000| Untracked 
|  12|0x00000000c0c00000, 0x00000000c0d00000, 0x00000000c0d00000|100%| O|  |TAMS 0x00000000c0d00000, 0x00000000c0c00000| Untracked 
|  13|0x00000000c0d00000, 0x00000000c0e00000, 0x00000000c0e00000|100%| O|  |TAMS 0x00000000c0e00000, 0x00000000c0d00000| Untracked 
|  14|0x00000000c0e00000, 0x00000000c0f00000, 0x00000000c0f00000|100%| O|  |TAMS 0x00000000c0f00000, 0x00000000c0e00000| Untracked 
|  15|0x00000000c0f00000, 0x00000000c1000000, 0x00000000c1000000|100%| O|  |TAMS 0x00000000c1000000, 0x00000000c0f00000| Untracked 
|  16|0x00000000c1000000, 0x00000000c1100000, 0x00000000c1100000|100%|HS|  |TAMS 0x00000000c1100000, 0x00000000c1000000| Complete 
|  17|0x00000000c1100000, 0x00000000c1200000, 0x00000000c1200000|100%|HC|  |TAMS 0x00000000c1200000, 0x00000000c1100000| Complete 
|  18|0x00000000c1200000, 0x00000000c1300000, 0x00000000c1300000|100%|HS|  |TAMS 0x00000000c1300000, 0x00000000c1200000| Complete 
|  19|0x00000000c1300000, 0x00000000c1400000, 0x00000000c1400000|100%|HC|  |TAMS 0x00000000c1400000, 0x00000000c1300000| Complete 
|  20|0x00000000c1400000, 0x00000000c1500000, 0x00000000c1500000|100%|HC|  |TAMS 0x00000000c1500000, 0x00000000c1400000| Complete 
|  21|0x00000000c1500000, 0x00000000c1600000, 0x00000000c1600000|100%|HS|  |TAMS 0x00000000c1600000, 0x00000000c1500000| Complete 
|  22|0x00000000c1600000, 0x00000000c1700000, 0x00000000c1700000|100%|HC|  |TAMS 0x00000000c1700000, 0x00000000c1600000| Complete 
|  23|0x00000000c1700000, 0x00000000c1800000, 0x00000000c1800000|100%|HC|  |TAMS 0x00000000c1800000, 0x00000000c1700000| Complete 
|  24|0x00000000c1800000, 0x00000000c1900000, 0x00000000c1900000|100%|HC|  |TAMS 0x00000000c1900000, 0x00000000c1800000| Complete 
|  25|0x00000000c1900000, 0x00000000c1a00000, 0x00000000c1a00000|100%| O|  |TAMS 0x00000000c1a00000, 0x00000000c1900000| Untracked 
|  26|0x00000000c1a00000, 0x00000000c1b00000, 0x00000000c1b00000|100%| O|  |TAMS 0x00000000c1b00000, 0x00000000c1a00000| Untracked 
|  27|0x00000000c1b00000, 0x00000000c1c00000, 0x00000000c1c00000|100%| O|  |TAMS 0x00000000c1c00000, 0x00000000c1b00000| Untracked 
|  28|0x00000000c1c00000, 0x00000000c1d00000, 0x00000000c1d00000|100%| O|  |TAMS 0x00000000c1d00000, 0x00000000c1c00000| Untracked 
|  29|0x00000000c1d00000, 0x00000000c1e00000, 0x00000000c1e00000|100%| O|  |TAMS 0x00000000c1e00000, 0x00000000c1d00000| Untracked 
|  30|0x00000000c1e00000, 0x00000000c1f00000, 0x00000000c1f00000|100%| O|  |TAMS 0x00000000c1f00000, 0x00000000c1e00000| Untracked 
|  31|0x00000000c1f00000, 0x00000000c2000000, 0x00000000c2000000|100%| O|  |TAMS 0x00000000c2000000, 0x00000000c1f00000| Untracked 
|  32|0x00000000c2000000, 0x00000000c2100000, 0x00000000c2100000|100%| O|  |TAMS 0x00000000c2100000, 0x00000000c2000000| Untracked 
|  33|0x00000000c2100000, 0x00000000c2200000, 0x00000000c2200000|100%| O|  |TAMS 0x00000000c2200000, 0x00000000c2100000| Untracked 
|  34|0x00000000c2200000, 0x00000000c2300000, 0x00000000c2300000|100%| O|  |TAMS 0x00000000c2300000, 0x00000000c2200000| Untracked 
|  35|0x00000000c2300000, 0x00000000c2400000, 0x00000000c2400000|100%| O|  |TAMS 0x00000000c2400000, 0x00000000c2300000| Untracked 
|  36|0x00000000c2400000, 0x00000000c2500000, 0x00000000c2500000|100%| O|  |TAMS 0x00000000c2500000, 0x00000000c2400000| Untracked 
|  37|0x00000000c2500000, 0x00000000c2600000, 0x00000000c2600000|100%| O|  |TAMS 0x00000000c2600000, 0x00000000c2500000| Untracked 
|  38|0x00000000c2600000, 0x00000000c2700000, 0x00000000c2700000|100%| O|  |TAMS 0x00000000c2700000, 0x00000000c2600000| Untracked 
|  39|0x00000000c2700000, 0x00000000c2800000, 0x00000000c2800000|100%|HS|  |TAMS 0x00000000c2800000, 0x00000000c2700000| Complete 
|  40|0x00000000c2800000, 0x00000000c2900000, 0x00000000c2900000|100%|HC|  |TAMS 0x00000000c2900000, 0x00000000c2800000| Complete 
|  41|0x00000000c2900000, 0x00000000c2a00000, 0x00000000c2a00000|100%|HC|  |TAMS 0x00000000c2a00000, 0x00000000c2900000| Complete 
|  42|0x00000000c2a00000, 0x00000000c2b00000, 0x00000000c2b00000|100%| O|  |TAMS 0x00000000c2b00000, 0x00000000c2a00000| Untracked 
|  43|0x00000000c2b00000, 0x00000000c2c00000, 0x00000000c2c00000|100%| O|  |TAMS 0x00000000c2c00000, 0x00000000c2b00000| Untracked 
|  44|0x00000000c2c00000, 0x00000000c2d00000, 0x00000000c2d00000|100%| O|  |TAMS 0x00000000c2d00000, 0x00000000c2c00000| Untracked 
|  45|0x00000000c2d00000, 0x00000000c2e00000, 0x00000000c2e00000|100%| O|  |TAMS 0x00000000c2e00000, 0x00000000c2d00000| Untracked 
|  46|0x00000000c2e00000, 0x00000000c2f00000, 0x00000000c2f00000|100%| O|  |TAMS 0x00000000c2f00000, 0x00000000c2e00000| Untracked 
|  47|0x00000000c2f00000, 0x00000000c3000000, 0x00000000c3000000|100%| O|  |TAMS 0x00000000c3000000, 0x00000000c2f00000| Untracked 
|  48|0x00000000c3000000, 0x00000000c3100000, 0x00000000c3100000|100%|HS|  |TAMS 0x00000000c3100000, 0x00000000c3000000| Complete 
|  49|0x00000000c3100000, 0x00000000c3200000, 0x00000000c3200000|100%|HC|  |TAMS 0x00000000c3200000, 0x00000000c3100000| Complete 
|  50|0x00000000c3200000, 0x00000000c3300000, 0x00000000c3300000|100%|HC|  |TAMS 0x00000000c3300000, 0x00000000c3200000| Complete 
|  51|0x00000000c3300000, 0x00000000c3400000, 0x00000000c3400000|100%|HC|  |TAMS 0x00000000c3400000, 0x00000000c3300000| Complete 
|  52|0x00000000c3400000, 0x00000000c3500000, 0x00000000c3500000|100%| O|  |TAMS 0x00000000c3500000, 0x00000000c3400000| Untracked 
|  53|0x00000000c3500000, 0x00000000c3600000, 0x00000000c3600000|100%| O|  |TAMS 0x00000000c3600000, 0x00000000c3500000| Untracked 
|  54|0x00000000c3600000, 0x00000000c3700000, 0x00000000c3700000|100%| O|  |TAMS 0x00000000c3700000, 0x00000000c3600000| Untracked 
|  55|0x00000000c3700000, 0x00000000c3800000, 0x00000000c3800000|100%|HS|  |TAMS 0x00000000c3800000, 0x00000000c3700000| Complete 
|  56|0x00000000c3800000, 0x00000000c3900000, 0x00000000c3900000|100%| O|  |TAMS 0x00000000c3900000, 0x00000000c3800000| Untracked 
|  57|0x00000000c3900000, 0x00000000c3a00000, 0x00000000c3a00000|100%|HS|  |TAMS 0x00000000c3a00000, 0x00000000c3900000| Complete 
|  58|0x00000000c3a00000, 0x00000000c3b00000, 0x00000000c3b00000|100%|HS|  |TAMS 0x00000000c3b00000, 0x00000000c3a00000| Complete 
|  59|0x00000000c3b00000, 0x00000000c3c00000, 0x00000000c3c00000|100%|HS|  |TAMS 0x00000000c3c00000, 0x00000000c3b00000| Complete 
|  60|0x00000000c3c00000, 0x00000000c3d00000, 0x00000000c3d00000|100%|HC|  |TAMS 0x00000000c3d00000, 0x00000000c3c00000| Complete 
|  61|0x00000000c3d00000, 0x00000000c3e00000, 0x00000000c3e00000|100%|HC|  |TAMS 0x00000000c3e00000, 0x00000000c3d00000| Complete 
|  62|0x00000000c3e00000, 0x00000000c3f00000, 0x00000000c3f00000|100%| O|  |TAMS 0x00000000c3f00000, 0x00000000c3e00000| Untracked 
|  63|0x00000000c3f00000, 0x00000000c4000000, 0x00000000c4000000|100%| O|  |TAMS 0x00000000c4000000, 0x00000000c3f00000| Untracked 
|  64|0x00000000c4000000, 0x00000000c4100000, 0x00000000c4100000|100%| O|  |TAMS 0x00000000c4100000, 0x00000000c4000000| Untracked 
|  65|0x00000000c4100000, 0x00000000c4200000, 0x00000000c4200000|100%|HS|  |TAMS 0x00000000c4200000, 0x00000000c4100000| Complete 
|  66|0x00000000c4200000, 0x00000000c4300000, 0x00000000c4300000|100%|HC|  |TAMS 0x00000000c4300000, 0x00000000c4200000| Complete 
|  67|0x00000000c4300000, 0x00000000c4400000, 0x00000000c4400000|100%| O|  |TAMS 0x00000000c4400000, 0x00000000c4300000| Untracked 
|  68|0x00000000c4400000, 0x00000000c4500000, 0x00000000c4500000|100%| O|  |TAMS 0x00000000c4500000, 0x00000000c4400000| Untracked 
|  69|0x00000000c4500000, 0x00000000c4600000, 0x00000000c4600000|100%| O|  |TAMS 0x00000000c4600000, 0x00000000c4500000| Untracked 
|  70|0x00000000c4600000, 0x00000000c4700000, 0x00000000c4700000|100%| O|  |TAMS 0x00000000c4700000, 0x00000000c4600000| Untracked 
|  71|0x00000000c4700000, 0x00000000c4800000, 0x00000000c4800000|100%| O|  |TAMS 0x00000000c4800000, 0x00000000c4700000| Untracked 
|  72|0x00000000c4800000, 0x00000000c4900000, 0x00000000c4900000|100%| O|  |TAMS 0x00000000c4900000, 0x00000000c4800000| Untracked 
|  73|0x00000000c4900000, 0x00000000c4a00000, 0x00000000c4a00000|100%| O|  |TAMS 0x00000000c4a00000, 0x00000000c4900000| Untracked 
|  74|0x00000000c4a00000, 0x00000000c4b00000, 0x00000000c4b00000|100%| O|  |TAMS 0x00000000c4b00000, 0x00000000c4a00000| Untracked 
|  75|0x00000000c4b00000, 0x00000000c4c00000, 0x00000000c4c00000|100%| O|  |TAMS 0x00000000c4c00000, 0x00000000c4b00000| Untracked 
|  76|0x00000000c4c00000, 0x00000000c4d00000, 0x00000000c4d00000|100%| O|  |TAMS 0x00000000c4d00000, 0x00000000c4c00000| Untracked 
|  77|0x00000000c4d00000, 0x00000000c4e00000, 0x00000000c4e00000|100%| O|  |TAMS 0x00000000c4e00000, 0x00000000c4d00000| Untracked 
|  78|0x00000000c4e00000, 0x00000000c4f00000, 0x00000000c4f00000|100%| O|  |TAMS 0x00000000c4f00000, 0x00000000c4e00000| Untracked 
|  79|0x00000000c4f00000, 0x00000000c5000000, 0x00000000c5000000|100%| O|  |TAMS 0x00000000c5000000, 0x00000000c4f00000| Untracked 
|  80|0x00000000c5000000, 0x00000000c5100000, 0x00000000c5100000|100%| O|  |TAMS 0x00000000c5100000, 0x00000000c5000000| Untracked 
|  81|0x00000000c5100000, 0x00000000c5200000, 0x00000000c5200000|100%| O|  |TAMS 0x00000000c5200000, 0x00000000c5100000| Untracked 
|  82|0x00000000c5200000, 0x00000000c5300000, 0x00000000c5300000|100%| O|  |TAMS 0x00000000c5300000, 0x00000000c5200000| Untracked 
|  83|0x00000000c5300000, 0x00000000c5400000, 0x00000000c5400000|100%| O|  |TAMS 0x00000000c5400000, 0x00000000c5300000| Untracked 
|  84|0x00000000c5400000, 0x00000000c5500000, 0x00000000c5500000|100%| O|  |TAMS 0x00000000c5500000, 0x00000000c5400000| Untracked 
|  85|0x00000000c5500000, 0x00000000c5600000, 0x00000000c5600000|100%|HS|  |TAMS 0x00000000c5600000, 0x00000000c5500000| Complete 
|  86|0x00000000c5600000, 0x00000000c5700000, 0x00000000c5700000|100%|HC|  |TAMS 0x00000000c5700000, 0x00000000c5600000| Complete 
|  87|0x00000000c5700000, 0x00000000c5800000, 0x00000000c5800000|100%|HS|  |TAMS 0x00000000c5800000, 0x00000000c5700000| Complete 
|  88|0x00000000c5800000, 0x00000000c5900000, 0x00000000c5900000|100%|HC|  |TAMS 0x00000000c5900000, 0x00000000c5800000| Complete 
|  89|0x00000000c5900000, 0x00000000c5a00000, 0x00000000c5a00000|100%|HC|  |TAMS 0x00000000c5a00000, 0x00000000c5900000| Complete 
|  90|0x00000000c5a00000, 0x00000000c5b00000, 0x00000000c5b00000|100%|HS|  |TAMS 0x00000000c5b00000, 0x00000000c5a00000| Complete 
|  91|0x00000000c5b00000, 0x00000000c5c00000, 0x00000000c5c00000|100%|HC|  |TAMS 0x00000000c5c00000, 0x00000000c5b00000| Complete 
|  92|0x00000000c5c00000, 0x00000000c5d00000, 0x00000000c5d00000|100%|HC|  |TAMS 0x00000000c5d00000, 0x00000000c5c00000| Complete 
|  93|0x00000000c5d00000, 0x00000000c5e00000, 0x00000000c5e00000|100%|HC|  |TAMS 0x00000000c5e00000, 0x00000000c5d00000| Complete 
|  94|0x00000000c5e00000, 0x00000000c5f00000, 0x00000000c5f00000|100%| O|  |TAMS 0x00000000c5f00000, 0x00000000c5e00000| Untracked 
|  95|0x00000000c5f00000, 0x00000000c6000000, 0x00000000c6000000|100%| O|  |TAMS 0x00000000c6000000, 0x00000000c5f00000| Untracked 
|  96|0x00000000c6000000, 0x00000000c6100000, 0x00000000c6100000|100%| O|  |TAMS 0x00000000c6100000, 0x00000000c6000000| Untracked 
|  97|0x00000000c6100000, 0x00000000c6200000, 0x00000000c6200000|100%| O|  |TAMS 0x00000000c6200000, 0x00000000c6100000| Untracked 
|  98|0x00000000c6200000, 0x00000000c6300000, 0x00000000c6300000|100%| O|  |TAMS 0x00000000c6300000, 0x00000000c6200000| Untracked 
|  99|0x00000000c6300000, 0x00000000c6400000, 0x00000000c6400000|100%| O|  |TAMS 0x00000000c6400000, 0x00000000c6300000| Untracked 
| 100|0x00000000c6400000, 0x00000000c6500000, 0x00000000c6500000|100%| O|  |TAMS 0x00000000c6500000, 0x00000000c6400000| Untracked 
| 101|0x00000000c6500000, 0x00000000c6600000, 0x00000000c6600000|100%| O|  |TAMS 0x00000000c6600000, 0x00000000c6500000| Untracked 
| 102|0x00000000c6600000, 0x00000000c6700000, 0x00000000c6700000|100%| O|  |TAMS 0x00000000c6700000, 0x00000000c6600000| Untracked 
| 103|0x00000000c6700000, 0x00000000c6800000, 0x00000000c6800000|100%| O|  |TAMS 0x00000000c6800000, 0x00000000c6700000| Untracked 
| 104|0x00000000c6800000, 0x00000000c6900000, 0x00000000c6900000|100%| O|  |TAMS 0x00000000c6900000, 0x00000000c6800000| Untracked 
| 105|0x00000000c6900000, 0x00000000c6a00000, 0x00000000c6a00000|100%| O|  |TAMS 0x00000000c6a00000, 0x00000000c6900000| Untracked 
| 106|0x00000000c6a00000, 0x00000000c6b00000, 0x00000000c6b00000|100%| O|  |TAMS 0x00000000c6b00000, 0x00000000c6a00000| Untracked 
| 107|0x00000000c6b00000, 0x00000000c6c00000, 0x00000000c6c00000|100%| O|  |TAMS 0x00000000c6c00000, 0x00000000c6b00000| Untracked 
| 108|0x00000000c6c00000, 0x00000000c6d00000, 0x00000000c6d00000|100%| O|  |TAMS 0x00000000c6d00000, 0x00000000c6c00000| Untracked 
| 109|0x00000000c6d00000, 0x00000000c6e00000, 0x00000000c6e00000|100%| O|  |TAMS 0x00000000c6e00000, 0x00000000c6d00000| Untracked 
| 110|0x00000000c6e00000, 0x00000000c6f00000, 0x00000000c6f00000|100%| O|  |TAMS 0x00000000c6f00000, 0x00000000c6e00000| Untracked 
| 111|0x00000000c6f00000, 0x00000000c7000000, 0x00000000c7000000|100%| O|  |TAMS 0x00000000c7000000, 0x00000000c6f00000| Untracked 
| 112|0x00000000c7000000, 0x00000000c7100000, 0x00000000c7100000|100%| O|  |TAMS 0x00000000c7100000, 0x00000000c7000000| Untracked 
| 113|0x00000000c7100000, 0x00000000c7200000, 0x00000000c7200000|100%| O|  |TAMS 0x00000000c7200000, 0x00000000c7100000| Untracked 
| 114|0x00000000c7200000, 0x00000000c7300000, 0x00000000c7300000|100%| O|  |TAMS 0x00000000c7300000, 0x00000000c7200000| Untracked 
| 115|0x00000000c7300000, 0x00000000c7400000, 0x00000000c7400000|100%| O|  |TAMS 0x00000000c7400000, 0x00000000c7300000| Untracked 
| 116|0x00000000c7400000, 0x00000000c7500000, 0x00000000c7500000|100%| O|  |TAMS 0x00000000c7500000, 0x00000000c7400000| Untracked 
| 117|0x00000000c7500000, 0x00000000c7600000, 0x00000000c7600000|100%| O|  |TAMS 0x00000000c7600000, 0x00000000c7500000| Untracked 
| 118|0x00000000c7600000, 0x00000000c7700000, 0x00000000c7700000|100%| O|  |TAMS 0x00000000c7700000, 0x00000000c7600000| Untracked 
| 119|0x00000000c7700000, 0x00000000c7800000, 0x00000000c7800000|100%| O|  |TAMS 0x00000000c7800000, 0x00000000c7700000| Untracked 
| 120|0x00000000c7800000, 0x00000000c784d000, 0x00000000c7900000| 30%| O|  |TAMS 0x00000000c784d000, 0x00000000c7800000| Untracked 
| 121|0x00000000c7900000, 0x00000000c7900000, 0x00000000c7a00000|  0%| F|  |TAMS 0x00000000c7900000, 0x00000000c7900000| Untracked 
| 122|0x00000000c7a00000, 0x00000000c7a00000, 0x00000000c7b00000|  0%| F|  |TAMS 0x00000000c7a00000, 0x00000000c7a00000| Untracked 
| 123|0x00000000c7b00000, 0x00000000c7b00000, 0x00000000c7c00000|  0%| F|  |TAMS 0x00000000c7b00000, 0x00000000c7b00000| Untracked 
| 124|0x00000000c7c00000, 0x00000000c7c00000, 0x00000000c7d00000|  0%| F|  |TAMS 0x00000000c7c00000, 0x00000000c7c00000| Untracked 
| 125|0x00000000c7d00000, 0x00000000c7d00000, 0x00000000c7e00000|  0%| F|  |TAMS 0x00000000c7d00000, 0x00000000c7d00000| Untracked 
| 126|0x00000000c7e00000, 0x00000000c7e00000, 0x00000000c7f00000|  0%| F|  |TAMS 0x00000000c7e00000, 0x00000000c7e00000| Untracked 
| 127|0x00000000c7f00000, 0x00000000c7f00000, 0x00000000c8000000|  0%| F|  |TAMS 0x00000000c7f00000, 0x00000000c7f00000| Untracked 
| 128|0x00000000c8000000, 0x00000000c8000000, 0x00000000c8100000|  0%| F|  |TAMS 0x00000000c8000000, 0x00000000c8000000| Untracked 
| 129|0x00000000c8100000, 0x00000000c8100000, 0x00000000c8200000|  0%| F|  |TAMS 0x00000000c8100000, 0x00000000c8100000| Untracked 
| 130|0x00000000c8200000, 0x00000000c8200000, 0x00000000c8300000|  0%| F|  |TAMS 0x00000000c8200000, 0x00000000c8200000| Untracked 
| 131|0x00000000c8300000, 0x00000000c8300000, 0x00000000c8400000|  0%| F|  |TAMS 0x00000000c8300000, 0x00000000c8300000| Untracked 
| 132|0x00000000c8400000, 0x00000000c8400000, 0x00000000c8500000|  0%| F|  |TAMS 0x00000000c8400000, 0x00000000c8400000| Untracked 
| 133|0x00000000c8500000, 0x00000000c8500000, 0x00000000c8600000|  0%| F|  |TAMS 0x00000000c8500000, 0x00000000c8500000| Untracked 
| 134|0x00000000c8600000, 0x00000000c8600000, 0x00000000c8700000|  0%| F|  |TAMS 0x00000000c8600000, 0x00000000c8600000| Untracked 
| 135|0x00000000c8700000, 0x00000000c8700000, 0x00000000c8800000|  0%| F|  |TAMS 0x00000000c8700000, 0x00000000c8700000| Untracked 
| 136|0x00000000c8800000, 0x00000000c8800000, 0x00000000c8900000|  0%| F|  |TAMS 0x00000000c8800000, 0x00000000c8800000| Untracked 
| 137|0x00000000c8900000, 0x00000000c8900000, 0x00000000c8a00000|  0%| F|  |TAMS 0x00000000c8900000, 0x00000000c8900000| Untracked 
| 138|0x00000000c8a00000, 0x00000000c8a00000, 0x00000000c8b00000|  0%| F|  |TAMS 0x00000000c8a00000, 0x00000000c8a00000| Untracked 
| 139|0x00000000c8b00000, 0x00000000c8b00000, 0x00000000c8c00000|  0%| F|  |TAMS 0x00000000c8b00000, 0x00000000c8b00000| Untracked 
| 140|0x00000000c8c00000, 0x00000000c8c42050, 0x00000000c8d00000| 25%| S|CS|TAMS 0x00000000c8c00000, 0x00000000c8c00000| Complete 
| 141|0x00000000c8d00000, 0x00000000c8d00000, 0x00000000c8e00000|  0%| F|  |TAMS 0x00000000c8d00000, 0x00000000c8d00000| Untracked 
| 142|0x00000000c8e00000, 0x00000000c8f00000, 0x00000000c8f00000|100%| S|CS|TAMS 0x00000000c8e00000, 0x00000000c8e00000| Complete 
| 143|0x00000000c8f00000, 0x00000000c8f00000, 0x00000000c9000000|  0%| F|  |TAMS 0x00000000c8f00000, 0x00000000c8f00000| Untracked 
| 144|0x00000000c9000000, 0x00000000c9000000, 0x00000000c9100000|  0%| F|  |TAMS 0x00000000c9000000, 0x00000000c9000000| Untracked 
| 145|0x00000000c9100000, 0x00000000c9100000, 0x00000000c9200000|  0%| F|  |TAMS 0x00000000c9100000, 0x00000000c9100000| Untracked 
| 146|0x00000000c9200000, 0x00000000c9200000, 0x00000000c9300000|  0%| F|  |TAMS 0x00000000c9200000, 0x00000000c9200000| Untracked 
| 147|0x00000000c9300000, 0x00000000c9300000, 0x00000000c9400000|  0%| F|  |TAMS 0x00000000c9300000, 0x00000000c9300000| Untracked 
| 148|0x00000000c9400000, 0x00000000c9400000, 0x00000000c9500000|  0%| F|  |TAMS 0x00000000c9400000, 0x00000000c9400000| Untracked 
| 149|0x00000000c9500000, 0x00000000c9500000, 0x00000000c9600000|  0%| F|  |TAMS 0x00000000c9500000, 0x00000000c9500000| Untracked 
| 150|0x00000000c9600000, 0x00000000c9600000, 0x00000000c9700000|  0%| F|  |TAMS 0x00000000c9600000, 0x00000000c9600000| Untracked 
| 151|0x00000000c9700000, 0x00000000c9700000, 0x00000000c9800000|  0%| F|  |TAMS 0x00000000c9700000, 0x00000000c9700000| Untracked 
| 152|0x00000000c9800000, 0x00000000c9800000, 0x00000000c9900000|  0%| F|  |TAMS 0x00000000c9800000, 0x00000000c9800000| Untracked 
| 153|0x00000000c9900000, 0x00000000c9900000, 0x00000000c9a00000|  0%| F|  |TAMS 0x00000000c9900000, 0x00000000c9900000| Untracked 
| 154|0x00000000c9a00000, 0x00000000c9a2aa10, 0x00000000c9b00000| 16%| E|  |TAMS 0x00000000c9a00000, 0x00000000c9a00000| Complete 
| 155|0x00000000c9b00000, 0x00000000c9c00000, 0x00000000c9c00000|100%| E|CS|TAMS 0x00000000c9b00000, 0x00000000c9b00000| Complete 
| 156|0x00000000c9c00000, 0x00000000c9d00000, 0x00000000c9d00000|100%| E|CS|TAMS 0x00000000c9c00000, 0x00000000c9c00000| Complete 
| 157|0x00000000c9d00000, 0x00000000c9e00000, 0x00000000c9e00000|100%| E|CS|TAMS 0x00000000c9d00000, 0x00000000c9d00000| Complete 
| 158|0x00000000c9e00000, 0x00000000c9f00000, 0x00000000c9f00000|100%| E|CS|TAMS 0x00000000c9e00000, 0x00000000c9e00000| Complete 
| 159|0x00000000c9f00000, 0x00000000ca000000, 0x00000000ca000000|100%| E|CS|TAMS 0x00000000c9f00000, 0x00000000c9f00000| Complete 
| 160|0x00000000ca000000, 0x00000000ca100000, 0x00000000ca100000|100%| E|CS|TAMS 0x00000000ca000000, 0x00000000ca000000| Complete 
| 161|0x00000000ca100000, 0x00000000ca200000, 0x00000000ca200000|100%| E|CS|TAMS 0x00000000ca100000, 0x00000000ca100000| Complete 

Card table byte_map: [0x00000280ff390000,0x00000280ff590000] _byte_map_base: 0x00000280fed90000

Marking Bits (Prev, Next): (CMBitMap*) 0x00000280eaa90018, (CMBitMap*) 0x00000280eaa90050
 Prev Bits: [0x0000028080000000, 0x0000028081000000)
 Next Bits: [0x0000028081000000, 0x0000028082000000)

Polling page: 0x00000280ea8e0000

Metaspace:

Usage:
  Non-class:     89.88 MB capacity,    88.09 MB ( 98%) used,     1.50 MB (  2%) free+waste,   291.25 KB ( <1%) overhead. 
      Class:     13.82 MB capacity,    12.83 MB ( 93%) used,   871.06 KB (  6%) free+waste,   133.44 KB ( <1%) overhead. 
       Both:    103.69 MB capacity,   100.92 MB ( 97%) used,     2.35 MB (  2%) free+waste,   424.69 KB ( <1%) overhead. 

Virtual space:
  Non-class space:       90.00 MB reserved,      89.92 MB (>99%) committed 
      Class space:        1.00 GB reserved,      13.88 MB (  1%) committed 
             Both:        1.09 GB reserved,     103.80 MB (  9%) committed 

Chunk freelists:
   Non-Class:  48.00 KB
       Class:  0 bytes
        Both:  48.00 KB

MaxMetaspaceSize: 17179869184.00 GB
CompressedClassSpaceSize: 1.00 GB

CodeHeap 'non-profiled nmethods': size=120064Kb used=6942Kb max_used=6942Kb free=113121Kb
 bounds [0x00000280f7840000, 0x00000280f7f10000, 0x00000280fed80000]
CodeHeap 'profiled nmethods': size=120000Kb used=28146Kb max_used=28146Kb free=91853Kb
 bounds [0x00000280f0310000, 0x00000280f1e90000, 0x00000280f7840000]
CodeHeap 'non-nmethods': size=5696Kb used=2309Kb max_used=2357Kb free=3386Kb
 bounds [0x00000280efd80000, 0x00000280efff0000, 0x00000280f0310000]
 total_blobs=13094 nmethods=12162 adapters=844
 compilation: enabled
              stopped_count=0, restarted_count=0
 full_count=0

Compilation events (20 events):
Event: 388.792 Thread 0x00000280ffb7f000 nmethod 12204 0x00000280f1e86510 code [0x00000280f1e866e0, 0x00000280f1e86a58]
Event: 388.792 Thread 0x00000280ffb7f000 12205       3       org.gradle.api.internal.artifacts.repositories.metadata.DefaultMavenImmutableAttributesFactory::mutable (10 bytes)
Event: 388.792 Thread 0x00000280ffb7f000 nmethod 12205 0x00000280f1e86b90 code [0x00000280f1e86d40, 0x00000280f1e86f08]
Event: 388.792 Thread 0x00000280ffb7f000 12206       3       org.gradle.api.internal.artifacts.ivyservice.modulecache.ModuleMetadataSerializer$Reader::readSharedInfo (88 bytes)
Event: 388.793 Thread 0x00000280ffb7f000 nmethod 12206 0x00000280f1e87010 code [0x00000280f1e87280, 0x00000280f1e87e98]
Event: 388.793 Thread 0x00000280ffb7f000 12207       3       org.gradle.internal.component.external.model.AbstractMutableModuleComponentResolveMetadata::setStatus (22 bytes)
Event: 388.794 Thread 0x00000280ffb7f000 nmethod 12207 0x00000280f1e88210 code [0x00000280f1e883e0, 0x00000280f1e88608]
Event: 388.794 Thread 0x00000280ffb7f000 12208       3       org.gradle.api.internal.artifacts.ivyservice.ivyresolve.ModuleDescriptorHashCodec::decode (6 bytes)
Event: 388.794 Thread 0x00000280ffb7f000 nmethod 12208 0x00000280f1e88710 code [0x00000280f1e88900, 0x00000280f1e88da8]
Event: 388.794 Thread 0x00000280ffb7f000 12209       3       org.gradle.api.internal.artifacts.ivyservice.ivyresolve.ModuleDescriptorHashCodec::decode (23 bytes)
Event: 388.795 Thread 0x00000280ffb7f000 nmethod 12209 0x00000280f1e88f90 code [0x00000280f1e89180, 0x00000280f1e895c8]
Event: 388.795 Thread 0x00000280ffb7f000 12210       3       org.gradle.api.internal.artifacts.ivyservice.ivyresolve.ModuleDescriptorHashModuleSource::<init> (15 bytes)
Event: 388.795 Thread 0x00000280ffb7f000 nmethod 12210 0x00000280f1e89790 code [0x00000280f1e89940, 0x00000280f1e89af8]
Event: 388.795 Thread 0x00000280ffb7f000 12211       3       org.gradle.internal.component.external.model.AbstractMutableModuleComponentResolveMetadata::setSources (9 bytes)
Event: 388.795 Thread 0x00000280ffb7f000 nmethod 12211 0x00000280f1e89b90 code [0x00000280f1e89d40, 0x00000280f1e89ec8]
Event: 388.795 Thread 0x00000280ffb7f000 12212       3       org.gradle.internal.component.external.model.AbstractMutableModuleComponentResolveMetadata::setAttributes (45 bytes)
Event: 388.796 Thread 0x00000280ffb7f000 nmethod 12212 0x00000280f1e89f90 code [0x00000280f1e8a180, 0x00000280f1e8a688]
Event: 388.871 Thread 0x00000280ffb7f000 12213       3       org.gradle.internal.component.external.model.AbstractMutableModuleComponentResolveMetadata::<init> (72 bytes)
Event: 388.873 Thread 0x00000280ffb7f000 nmethod 12213 0x00000280f1e8a810 code [0x00000280f1e8aaa0, 0x00000280f1e8b8d8]
Event: 389.073 Thread 0x00000280ffb74000 12214       4       org.gradle.internal.component.model.ComponentAttributeMatcher::match (259 bytes)

GC Heap History (20 events):
Event: 110.706 GC heap before
{Heap before GC invocations=141 (full 0):
 garbage-first heap   total 165888K, used 132813K [0x00000000c0000000, 0x0000000100000000)
  region size 1024K, 24 young (24576K), 3 survivors (3072K)
 Metaspace       used 91154K, capacity 93540K, committed 93872K, reserved 1130496K
  class space    used 11590K, capacity 12438K, committed 12544K, reserved 1048576K
}
Event: 110.724 GC heap after
{Heap after GC invocations=142 (full 0):
 garbage-first heap   total 165888K, used 113666K [0x00000000c0000000, 0x0000000100000000)
  region size 1024K, 3 young (3072K), 3 survivors (3072K)
 Metaspace       used 91154K, capacity 93540K, committed 93872K, reserved 1130496K
  class space    used 11590K, capacity 12438K, committed 12544K, reserved 1048576K
}
Event: 112.552 GC heap before
{Heap before GC invocations=142 (full 0):
 garbage-first heap   total 165888K, used 134146K [0x00000000c0000000, 0x0000000100000000)
  region size 1024K, 24 young (24576K), 3 survivors (3072K)
 Metaspace       used 91481K, capacity 93858K, committed 94128K, reserved 1130496K
  class space    used 11622K, capacity 12454K, committed 12544K, reserved 1048576K
}
Event: 112.572 GC heap after
{Heap after GC invocations=143 (full 0):
 garbage-first heap   total 165888K, used 115020K [0x00000000c0000000, 0x0000000100000000)
  region size 1024K, 3 young (3072K), 3 survivors (3072K)
 Metaspace       used 91481K, capacity 93858K, committed 94128K, reserved 1130496K
  class space    used 11622K, capacity 12454K, committed 12544K, reserved 1048576K
}
Event: 116.001 GC heap before
{Heap before GC invocations=144 (full 0):
 garbage-first heap   total 165888K, used 136524K [0x00000000c0000000, 0x0000000100000000)
  region size 1024K, 25 young (25600K), 3 survivors (3072K)
 Metaspace       used 94798K, capacity 97300K, committed 97456K, reserved 1134592K
  class space    used 12083K, capacity 12951K, committed 13056K, reserved 1048576K
}
Event: 116.023 GC heap after
{Heap after GC invocations=145 (full 0):
 garbage-first heap   total 165888K, used 116088K [0x00000000c0000000, 0x0000000100000000)
  region size 1024K, 3 young (3072K), 3 survivors (3072K)
 Metaspace       used 94798K, capacity 97300K, committed 97456K, reserved 1134592K
  class space    used 12083K, capacity 12951K, committed 13056K, reserved 1048576K
}
Event: 117.653 GC heap before
{Heap before GC invocations=145 (full 0):
 garbage-first heap   total 165888K, used 138616K [0x00000000c0000000, 0x0000000100000000)
  region size 1024K, 25 young (25600K), 3 survivors (3072K)
 Metaspace       used 95414K, capacity 97811K, committed 97968K, reserved 1134592K
  class space    used 12164K, capacity 13054K, committed 13056K, reserved 1048576K
}
Event: 117.686 GC heap after
{Heap after GC invocations=146 (full 0):
 garbage-first heap   total 165888K, used 117318K [0x00000000c0000000, 0x0000000100000000)
  region size 1024K, 3 young (3072K), 3 survivors (3072K)
 Metaspace       used 95414K, capacity 97811K, committed 97968K, reserved 1134592K
  class space    used 12164K, capacity 13054K, committed 13056K, reserved 1048576K
}
Event: 118.864 GC heap before
{Heap before GC invocations=147 (full 0):
 garbage-first heap   total 165888K, used 138822K [0x00000000c0000000, 0x0000000100000000)
  region size 1024K, 24 young (24576K), 3 survivors (3072K)
 Metaspace       used 96956K, capacity 99379K, committed 99504K, reserved 1136640K
  class space    used 12378K, capacity 13278K, committed 13312K, reserved 1048576K
}
Event: 118.881 GC heap after
{Heap after GC invocations=148 (full 0):
 garbage-first heap   total 165888K, used 117632K [0x00000000c0000000, 0x0000000100000000)
  region size 1024K, 2 young (2048K), 2 survivors (2048K)
 Metaspace       used 96956K, capacity 99379K, committed 99504K, reserved 1136640K
  class space    used 12378K, capacity 13278K, committed 13312K, reserved 1048576K
}
Event: 119.752 GC heap before
{Heap before GC invocations=148 (full 0):
 garbage-first heap   total 165888K, used 140160K [0x00000000c0000000, 0x0000000100000000)
  region size 1024K, 24 young (24576K), 2 survivors (2048K)
 Metaspace       used 98629K, capacity 101043K, committed 101296K, reserved 1136640K
  class space    used 12575K, capacity 13470K, committed 13568K, reserved 1048576K
}
Event: 119.768 GC heap after
{Heap after GC invocations=149 (full 0):
 garbage-first heap   total 165888K, used 118476K [0x00000000c0000000, 0x0000000100000000)
  region size 1024K, 3 young (3072K), 3 survivors (3072K)
 Metaspace       used 98629K, capacity 101043K, committed 101296K, reserved 1136640K
  class space    used 12575K, capacity 13470K, committed 13568K, reserved 1048576K
}
Event: 121.122 GC heap before
{Heap before GC invocations=150 (full 0):
 garbage-first heap   total 165888K, used 141004K [0x00000000c0000000, 0x0000000100000000)
  region size 1024K, 25 young (25600K), 3 survivors (3072K)
 Metaspace       used 100181K, capacity 102667K, committed 102704K, reserved 1138688K
  class space    used 12754K, capacity 13669K, committed 13696K, reserved 1048576K
}
Event: 121.146 GC heap after
{Heap after GC invocations=151 (full 0):
 garbage-first heap   total 165888K, used 120240K [0x00000000c0000000, 0x0000000100000000)
  region size 1024K, 3 young (3072K), 3 survivors (3072K)
 Metaspace       used 100181K, capacity 102667K, committed 102704K, reserved 1138688K
  class space    used 12754K, capacity 13669K, committed 13696K, reserved 1048576K
}
Event: 123.516 GC heap before
{Heap before GC invocations=151 (full 0):
 garbage-first heap   total 165888K, used 140720K [0x00000000c0000000, 0x0000000100000000)
  region size 1024K, 24 young (24576K), 3 survivors (3072K)
 Metaspace       used 100847K, capacity 103273K, committed 103600K, reserved 1138688K
  class space    used 12825K, capacity 13751K, committed 13824K, reserved 1048576K
}
Event: 123.551 GC heap after
{Heap after GC invocations=152 (full 0):
 garbage-first heap   total 165888K, used 121865K [0x00000000c0000000, 0x0000000100000000)
  region size 1024K, 2 young (2048K), 2 survivors (2048K)
 Metaspace       used 100847K, capacity 103273K, committed 103600K, reserved 1138688K
  class space    used 12825K, capacity 13751K, committed 13824K, reserved 1048576K
}
Event: 124.833 GC heap before
{Heap before GC invocations=153 (full 0):
 garbage-first heap   total 165888K, used 142345K [0x00000000c0000000, 0x0000000100000000)
  region size 1024K, 22 young (22528K), 2 survivors (2048K)
 Metaspace       used 101978K, capacity 104499K, committed 104752K, reserved 1140736K
  class space    used 12987K, capacity 13925K, committed 13952K, reserved 1048576K
}
Event: 124.850 GC heap after
{Heap after GC invocations=154 (full 0):
 garbage-first heap   total 165888K, used 123359K [0x00000000c0000000, 0x0000000100000000)
  region size 1024K, 3 young (3072K), 3 survivors (3072K)
 Metaspace       used 101978K, capacity 104499K, committed 104752K, reserved 1140736K
  class space    used 12987K, capacity 13925K, committed 13952K, reserved 1048576K
}
Event: 379.702 GC heap before
{Heap before GC invocations=154 (full 0):
 garbage-first heap   total 165888K, used 142815K [0x00000000c0000000, 0x0000000100000000)
  region size 1024K, 22 young (22528K), 3 survivors (3072K)
 Metaspace       used 103229K, capacity 105948K, committed 106032K, reserved 1140736K
  class space    used 13127K, capacity 14124K, committed 14208K, reserved 1048576K
}
Event: 379.736 GC heap after
{Heap after GC invocations=155 (full 0):
 garbage-first heap   total 165888K, used 124476K [0x00000000c0000000, 0x0000000100000000)
  region size 1024K, 2 young (2048K), 2 survivors (2048K)
 Metaspace       used 103229K, capacity 105948K, committed 106032K, reserved 1140736K
  class space    used 13127K, capacity 14124K, committed 14208K, reserved 1048576K
}

Deoptimization events (20 events):
Event: 379.701 Thread 0x000002808697e800 Uncommon trap: trap_request=0xffffff4d fr.pc=0x00000280f7d977e4 relative=0x0000000000004d04
Event: 379.701 Thread 0x000002808697e800 Uncommon trap: reason=unstable_if action=reinterpret pc=0x00000280f7d977e4 method=org.gradle.cache.internal.DefaultCrossBuildInMemoryCacheFactory$AbstractCrossBuildInMemoryCache.getIfPresentWithoutLock(Ljava/lang/Object;)Ljava/lang/Object; @ 24 c2
Event: 379.701 Thread 0x000002808697e800 DEOPT PACKING pc=0x00000280f7d977e4 sp=0x000000e5034f9db0
Event: 379.701 Thread 0x000002808697e800 DEOPT UNPACKING pc=0x00000280efda6029 sp=0x000000e5034f9b80 mode 2
Event: 381.386 Thread 0x00000280862f2000 Uncommon trap: trap_request=0xffffff4d fr.pc=0x00000280f7d57178 relative=0x0000000000001078
Event: 381.386 Thread 0x00000280862f2000 Uncommon trap: reason=unstable_if action=reinterpret pc=0x00000280f7d57178 method=org.gradle.cache.internal.btree.BlockPointer.isNull()Z @ 6 c2
Event: 381.386 Thread 0x00000280862f2000 DEOPT PACKING pc=0x00000280f7d57178 sp=0x000000e503cfe6c0
Event: 381.386 Thread 0x00000280862f2000 DEOPT UNPACKING pc=0x00000280efda6029 sp=0x000000e503cfe588 mode 2
Event: 381.387 Thread 0x00000280862f2000 Uncommon trap: trap_request=0xffffff7e fr.pc=0x00000280f7c652b4 relative=0x0000000000000174
Event: 381.387 Thread 0x00000280862f2000 Uncommon trap: reason=predicate action=maybe_recompile pc=0x00000280f7c652b4 method=java.util.Collections.indexedBinarySearch(Ljava/util/List;Ljava/lang/Object;)I @ 13 c2
Event: 381.387 Thread 0x00000280862f2000 DEOPT PACKING pc=0x00000280f7c652b4 sp=0x000000e503cfdcb0
Event: 381.387 Thread 0x00000280862f2000 DEOPT UNPACKING pc=0x00000280efda6029 sp=0x000000e503cfdc30 mode 2
Event: 383.865 Thread 0x000002808697e800 Uncommon trap: trap_request=0xffffffde fr.pc=0x00000280f7e1caac relative=0x00000000000005ec
Event: 383.865 Thread 0x000002808697e800 Uncommon trap: reason=class_check action=maybe_recompile pc=0x00000280f7e1caac method=org.gradle.cache.internal.LockOnDemandCrossProcessCacheAccess.incrementLockCount()V @ 97 c2
Event: 383.865 Thread 0x000002808697e800 DEOPT PACKING pc=0x00000280f7e1caac sp=0x000000e5034f4e70
Event: 383.865 Thread 0x000002808697e800 DEOPT UNPACKING pc=0x00000280efda6029 sp=0x000000e5034f4e20 mode 2
Event: 383.871 Thread 0x000002808697e800 Uncommon trap: trap_request=0xffffff4d fr.pc=0x00000280f7d14184 relative=0x00000000000005c4
Event: 383.871 Thread 0x000002808697e800 Uncommon trap: reason=unstable_if action=reinterpret pc=0x00000280f7d14184 method=java.lang.ThreadLocal$ThreadLocalMap.remove(Ljava/lang/ThreadLocal;)V @ 26 c2
Event: 383.871 Thread 0x000002808697e800 DEOPT PACKING pc=0x00000280f7d14184 sp=0x000000e5034fa850
Event: 383.871 Thread 0x000002808697e800 DEOPT UNPACKING pc=0x00000280efda6029 sp=0x000000e5034fa798 mode 2

Classes redefined (0 events):
No events

Internal exceptions (20 events):
Event: 125.782 Thread 0x00000280862f3000 Exception <a 'java/lang/NoSuchMethodError'{0x00000000c9a24118}: <clinit>> (0x00000000c9a24118) thrown at [./src/hotspot/share/prims/jni.cpp, line 1362]
Event: 125.786 Thread 0x00000280862f3000 Exception <a 'java/lang/NoSuchMethodError'{0x00000000c9a306f8}: <clinit>> (0x00000000c9a306f8) thrown at [./src/hotspot/share/prims/jni.cpp, line 1362]
Event: 125.847 Thread 0x00000280862f3000 Exception <a 'java/lang/NoSuchMethodError'{0x00000000c9a4e008}: <clinit>> (0x00000000c9a4e008) thrown at [./src/hotspot/share/prims/jni.cpp, line 1362]
Event: 125.912 Thread 0x00000280862f3000 Exception <a 'java/lang/NoSuchMethodError'{0x00000000c9a5dfe0}: <clinit>> (0x00000000c9a5dfe0) thrown at [./src/hotspot/share/prims/jni.cpp, line 1362]
Event: 127.084 Thread 0x000002808609f000 Exception <a 'java/lang/NoSuchMethodError'{0x00000000c9ac3f78}: 'java.lang.Object java.lang.invoke.Invokers$Holder.linkToTargetMethod(java.lang.Object, java.lang.Object, java.lang.Object, int, java.lang.Object, java.lang.Object)'> (0x00000000c9ac3f78) thrown at [./src/hotspot/share/interpreter/linkResolver.cpp, line 773]
Event: 127.475 Thread 0x000002808609f000 Exception <a 'java/lang/NoSuchMethodError'{0x00000000c9903680}: 'int java.lang.invoke.DirectMethodHandle$Holder.invokeVirtual(java.lang.Object, java.lang.Object, java.lang.Object)'> (0x00000000c9903680) thrown at [./src/hotspot/share/interpreter/linkResolver.cpp, line 773]
Event: 127.480 Thread 0x000002808609f000 Exception <a 'java/lang/IncompatibleClassChangeError'{0x00000000c990cac0}: Found class java.lang.Object, but interface was expected> (0x00000000c990cac0) thrown at [./src/hotspot/share/interpreter/linkResolver.cpp, line 839]
Event: 133.253 Thread 0x0000028085d1a800 Implicit null exception at 0x00000280f788bef4 to 0x00000280f788c3ac
Event: 133.254 Thread 0x0000028085d1a800 Implicit null exception at 0x00000280f7becc14 to 0x00000280f7bed11c
Event: 378.807 Thread 0x000002808697e800 Exception <a 'java/lang/NoSuchMethodError'{0x00000000c8f935f0}: <clinit>> (0x00000000c8f935f0) thrown at [./src/hotspot/share/prims/jni.cpp, line 1362]
Event: 381.009 Thread 0x00000280862f4800 Exception <a 'sun/nio/fs/WindowsException'{0x00000000ca143dc0}> (0x00000000ca143dc0) thrown at [./src/hotspot/share/prims/jni.cpp, line 615]
Event: 381.355 Thread 0x00000280862f4800 Exception <a 'sun/nio/fs/WindowsException'{0x00000000ca1ec520}> (0x00000000ca1ec520) thrown at [./src/hotspot/share/prims/jni.cpp, line 615]
Event: 381.363 Thread 0x00000280862f4800 Exception <a 'sun/nio/fs/WindowsException'{0x00000000ca1ec698}> (0x00000000ca1ec698) thrown at [./src/hotspot/share/prims/jni.cpp, line 615]
Event: 381.391 Thread 0x000002808697e800 Exception <a 'java/lang/ClassNotFoundException'{0x00000000ca051240}: sync_studio_tooling472_2z04f3xnaz8jfrbhbucp3xdsbBeanInfo> (0x00000000ca051240) thrown at [./src/hotspot/share/classfile/systemDictionary.cpp, line 231]
Event: 381.392 Thread 0x000002808697e800 Exception <a 'java/lang/ClassNotFoundException'{0x00000000ca05dc90}: sync_studio_tooling472_2z04f3xnaz8jfrbhbucp3xdsbCustomizer> (0x00000000ca05dc90) thrown at [./src/hotspot/share/classfile/systemDictionary.cpp, line 231]
Event: 381.841 Thread 0x00000280862ef800 Exception <a 'sun/nio/fs/WindowsException'{0x00000000ca0d87e8}> (0x00000000ca0d87e8) thrown at [./src/hotspot/share/prims/jni.cpp, line 615]
Event: 382.486 Thread 0x00000280862ef800 Exception <a 'sun/nio/fs/WindowsException'{0x00000000c9f42ec0}> (0x00000000c9f42ec0) thrown at [./src/hotspot/share/prims/jni.cpp, line 615]
Event: 382.489 Thread 0x00000280862ef800 Exception <a 'sun/nio/fs/WindowsException'{0x00000000c9f43028}> (0x00000000c9f43028) thrown at [./src/hotspot/share/prims/jni.cpp, line 615]
Event: 382.506 Thread 0x000002808697e800 Exception <a 'java/lang/ClassNotFoundException'{0x00000000c9fb5438}: sync_studio_tooling472_2z04f3xnaz8jfrbhbucp3xdsbBeanInfo> (0x00000000c9fb5438) thrown at [./src/hotspot/share/classfile/systemDictionary.cpp, line 231]
Event: 382.507 Thread 0x000002808697e800 Exception <a 'java/lang/ClassNotFoundException'{0x00000000c9fc1bd8}: sync_studio_tooling472_2z04f3xnaz8jfrbhbucp3xdsbCustomizer> (0x00000000c9fc1bd8) thrown at [./src/hotspot/share/classfile/systemDictionary.cpp, line 231]

Events (20 events):
Event: 383.653 Executing VM operation: RevokeBias
Event: 383.653 Executing VM operation: RevokeBias done
Event: 383.808 Executing VM operation: RevokeBias
Event: 383.809 Executing VM operation: RevokeBias done
Event: 383.818 Executing VM operation: BulkRevokeBias
Event: 383.819 Executing VM operation: BulkRevokeBias done
Event: 383.833 Thread 0x00000280862ee800 Thread added: 0x00000280862ee800
Event: 383.861 Thread 0x000002808a5e8800 Thread added: 0x000002808a5e8800
Event: 383.883 Executing VM operation: RevokeBias
Event: 383.883 Executing VM operation: RevokeBias done
Event: 384.161 Executing VM operation: RevokeBias
Event: 384.162 Executing VM operation: RevokeBias done
Event: 384.163 Executing VM operation: RevokeBias
Event: 384.163 Executing VM operation: RevokeBias done
Event: 384.166 Executing VM operation: RevokeBias
Event: 384.166 Executing VM operation: RevokeBias done
Event: 384.242 Executing VM operation: RevokeBias
Event: 384.242 Executing VM operation: RevokeBias done
Event: 384.259 Executing VM operation: RevokeBias
Event: 384.260 Executing VM operation: RevokeBias done


Dynamic libraries:
0x00007ff7b9c40000 - 0x00007ff7b9c4a000 	C:\Users\felip\OneDrive\Desktop\android-studio\jre\bin\java.exe
0x00007ffe72f10000 - 0x00007ffe73105000 	C:\Windows\SYSTEM32\ntdll.dll
0x00007ffe51290000 - 0x00007ffe512a6000 	C:\Program Files\Avast Software\Avast\aswhook.dll
0x00007ffe70f60000 - 0x00007ffe7101e000 	C:\Windows\System32\KERNEL32.DLL
0x00007ffe70c90000 - 0x00007ffe70f59000 	C:\Windows\System32\KERNELBASE.dll
0x00007ffe70a30000 - 0x00007ffe70b30000 	C:\Windows\System32\ucrtbase.dll
0x00007ffe6dec0000 - 0x00007ffe6ded7000 	C:\Users\felip\OneDrive\Desktop\android-studio\jre\bin\VCRUNTIME140.dll
0x00007ffe67e80000 - 0x00007ffe67e99000 	C:\Users\felip\OneDrive\Desktop\android-studio\jre\bin\jli.dll
0x00007ffe72ae0000 - 0x00007ffe72c81000 	C:\Windows\System32\USER32.dll
0x00007ffe70a00000 - 0x00007ffe70a22000 	C:\Windows\System32\win32u.dll
0x00007ffe71400000 - 0x00007ffe7142b000 	C:\Windows\System32\GDI32.dll
0x00007ffe70630000 - 0x00007ffe7073b000 	C:\Windows\System32\gdi32full.dll
0x00007ffe70740000 - 0x00007ffe707dd000 	C:\Windows\System32\msvcp_win.dll
0x00007ffe60850000 - 0x00007ffe60aea000 	C:\Windows\WinSxS\amd64_microsoft.windows.common-controls_6595b64144ccf1df_6.0.19041.1110_none_60b5254171f9507e\COMCTL32.dll
0x00007ffe72260000 - 0x00007ffe722fe000 	C:\Windows\System32\msvcrt.dll
0x00007ffe72730000 - 0x00007ffe72760000 	C:\Windows\System32\IMM32.DLL
0x00007ffe51640000 - 0x00007ffe516dd000 	C:\Users\felip\OneDrive\Desktop\android-studio\jre\bin\msvcp140.dll
0x00007ffe3d9a0000 - 0x00007ffe3e475000 	C:\Users\felip\OneDrive\Desktop\android-studio\jre\bin\server\jvm.dll
0x00007ffe71430000 - 0x00007ffe714dc000 	C:\Windows\System32\ADVAPI32.dll
0x00007ffe711a0000 - 0x00007ffe7123b000 	C:\Windows\System32\sechost.dll
0x00007ffe712d0000 - 0x00007ffe713fa000 	C:\Windows\System32\RPCRT4.dll
0x00007ffe71970000 - 0x00007ffe71978000 	C:\Windows\System32\PSAPI.DLL
0x00007ffe63c60000 - 0x00007ffe63c69000 	C:\Windows\SYSTEM32\WSOCK32.dll
0x00007ffe721f0000 - 0x00007ffe7225b000 	C:\Windows\System32\WS2_32.dll
0x00007ffe594e0000 - 0x00007ffe59507000 	C:\Windows\SYSTEM32\WINMM.dll
0x00007ffe65210000 - 0x00007ffe6521a000 	C:\Windows\SYSTEM32\VERSION.dll
0x00007ffe6e450000 - 0x00007ffe6e462000 	C:\Windows\SYSTEM32\kernel.appcore.dll
0x00007ffe6d860000 - 0x00007ffe6d871000 	C:\Users\felip\OneDrive\Desktop\android-studio\jre\bin\verify.dll
0x00007ffe65020000 - 0x00007ffe65204000 	C:\Windows\SYSTEM32\DBGHELP.DLL
0x00007ffe64ff0000 - 0x00007ffe6501c000 	C:\Windows\SYSTEM32\dbgcore.DLL
0x00007ffe707e0000 - 0x00007ffe70863000 	C:\Windows\System32\bcryptPrimitives.dll
0x00007ffe6d760000 - 0x00007ffe6d789000 	C:\Users\felip\OneDrive\Desktop\android-studio\jre\bin\java.dll
0x00007ffe6df50000 - 0x00007ffe6df5b000 	C:\Users\felip\OneDrive\Desktop\android-studio\jre\bin\jimage.dll
0x00007ffe6cd30000 - 0x00007ffe6cd48000 	C:\Users\felip\OneDrive\Desktop\android-studio\jre\bin\zip.dll
0x00007ffe71ab0000 - 0x00007ffe721ef000 	C:\Windows\System32\SHELL32.dll
0x00007ffe6e730000 - 0x00007ffe6eec0000 	C:\Windows\SYSTEM32\windows.storage.dll
0x00007ffe72780000 - 0x00007ffe72ad5000 	C:\Windows\System32\combase.dll
0x00007ffe6ffb0000 - 0x00007ffe6ffdc000 	C:\Windows\SYSTEM32\Wldp.dll
0x00007ffe71980000 - 0x00007ffe71a2d000 	C:\Windows\System32\SHCORE.dll
0x00007ffe72d60000 - 0x00007ffe72db5000 	C:\Windows\System32\shlwapi.dll
0x00007ffe70570000 - 0x00007ffe7058f000 	C:\Windows\SYSTEM32\profapi.dll
0x00007ffe6c0e0000 - 0x00007ffe6c0fa000 	C:\Users\felip\OneDrive\Desktop\android-studio\jre\bin\net.dll
0x00007ffe64e40000 - 0x00007ffe64f48000 	C:\Windows\SYSTEM32\WINHTTP.dll
0x00007ffe6fd10000 - 0x00007ffe6fd7a000 	C:\Windows\system32\mswsock.dll
0x00007ffe6c040000 - 0x00007ffe6c054000 	C:\Users\felip\OneDrive\Desktop\android-studio\jre\bin\nio.dll
0x00007ffe5d8b0000 - 0x00007ffe5d8d7000 	C:\Users\felip\.gradle\native\8bec1ad78214c89d9ad589b4d07fe93259594b29d510b10fafb7a158f7737e5d\windows-amd64\native-platform.dll
0x00007ffe4da50000 - 0x00007ffe4db8d000 	C:\Users\felip\.gradle\native\53dbd7edfb1c66fb8903c78663c9afc45aea4f116125fa6feffd364cf09443e8\windows-amd64\native-platform-file-events.dll
0x00007ffe6dcd0000 - 0x00007ffe6dcda000 	C:\Users\felip\OneDrive\Desktop\android-studio\jre\bin\management.dll
0x00007ffe6dc90000 - 0x00007ffe6dc9d000 	C:\Users\felip\OneDrive\Desktop\android-studio\jre\bin\management_ext.dll
0x00007ffe6ff10000 - 0x00007ffe6ff28000 	C:\Windows\SYSTEM32\CRYPTSP.dll
0x00007ffe6f690000 - 0x00007ffe6f6c4000 	C:\Windows\system32\rsaenh.dll
0x00007ffe70980000 - 0x00007ffe709a7000 	C:\Windows\System32\bcrypt.dll
0x00007ffe704f0000 - 0x00007ffe7051e000 	C:\Windows\SYSTEM32\USERENV.dll
0x00007ffe6ff00000 - 0x00007ffe6ff0c000 	C:\Windows\SYSTEM32\CRYPTBASE.dll
0x00007ffe6fa00000 - 0x00007ffe6fa3b000 	C:\Windows\SYSTEM32\IPHLPAPI.DLL
0x00007ffe71960000 - 0x00007ffe71968000 	C:\Windows\System32\NSI.dll
0x00007ffe698d0000 - 0x00007ffe698e7000 	C:\Windows\SYSTEM32\dhcpcsvc6.DLL
0x00007ffe69bc0000 - 0x00007ffe69bdd000 	C:\Windows\SYSTEM32\dhcpcsvc.DLL
0x00007ffe6fa40000 - 0x00007ffe6fb0c000 	C:\Windows\SYSTEM32\DNSAPI.dll

dbghelp: loaded successfully - version: 4.0.5 - missing functions: none
symbol engine: initialized successfully - sym options: 0x614 - pdb path: .;C:\Users\felip\OneDrive\Desktop\android-studio\jre\bin;C:\Windows\SYSTEM32;C:\Program Files\Avast Software\Avast;C:\Windows\WinSxS\amd64_microsoft.windows.common-controls_6595b64144ccf1df_6.0.19041.1110_none_60b5254171f9507e;C:\Users\felip\OneDrive\Desktop\android-studio\jre\bin\server;C:\Users\felip\.gradle\native\8bec1ad78214c89d9ad589b4d07fe93259594b29d510b10fafb7a158f7737e5d\windows-amd64;C:\Users\felip\.gradle\native\53dbd7edfb1c66fb8903c78663c9afc45aea4f116125fa6feffd364cf09443e8\windows-amd64

VM Arguments:
jvm_args: --add-opens=java.base/java.util=ALL-UNNAMED --add-opens=java.base/java.lang=ALL-UNNAMED --add-opens=java.base/java.lang.invoke=ALL-UNNAMED --add-opens=java.base/java.util=ALL-UNNAMED --add-opens=java.prefs/java.util.prefs=ALL-UNNAMED --add-opens=java.prefs/java.util.prefs=ALL-UNNAMED --add-opens=java.base/java.nio.charset=ALL-UNNAMED --add-opens=java.base/java.net=ALL-UNNAMED --add-opens=java.base/java.util.concurrent.atomic=ALL-UNNAMED -Xmx1024m -Dfile.encoding=UTF-8 -Duser.country=US -Duser.language=en -Duser.variant 
java_command: org.gradle.launcher.daemon.bootstrap.GradleDaemon 7.0.2
java_class_path (initial): C:\Users\felip\.gradle\wrapper\dists\gradle-7.0.2-bin\857tjihv64xamwrf0h14cai3r\gradle-7.0.2\lib\gradle-launcher-7.0.2.jar
Launcher Type: SUN_STANDARD

[Global flags]
     intx CICompilerCount                          = 2                                         {product} {ergonomic}
     uint ConcGCThreads                            = 1                                         {product} {ergonomic}
     uint G1ConcRefinementThreads                  = 2                                         {product} {ergonomic}
   size_t G1HeapRegionSize                         = 1048576                                   {product} {ergonomic}
    uintx GCDrainStackTargetSize                   = 64                                        {product} {ergonomic}
   size_t InitialHeapSize                          = 67108864                                  {product} {ergonomic}
   size_t MarkStackSize                            = 4194304                                   {product} {ergonomic}
   size_t MaxHeapSize                              = 1073741824                                {product} {command line}
   size_t MaxNewSize                               = 643825664                                 {product} {ergonomic}
   size_t MinHeapDeltaBytes                        = 1048576                                   {product} {ergonomic}
    uintx NonNMethodCodeHeapSize                   = 5825164                                {pd product} {ergonomic}
    uintx NonProfiledCodeHeapSize                  = 122916538                              {pd product} {ergonomic}
    uintx ProfiledCodeHeapSize                     = 122916538                              {pd product} {ergonomic}
    uintx ReservedCodeCacheSize                    = 251658240                              {pd product} {ergonomic}
     bool SegmentedCodeCache                       = true                                      {product} {ergonomic}
     bool UseCompressedClassPointers               = true                                 {lp64_product} {ergonomic}
     bool UseCompressedOops                        = true                                 {lp64_product} {ergonomic}
     bool UseG1GC                                  = true                                      {product} {ergonomic}
     bool UseLargePagesIndividualAllocation        = false                                  {pd product} {ergonomic}

Logging:
Log output configuration:
 #0: stdout all=warning uptime,level,tags
 #1: stderr all=off uptime,level,tags

Environment Variables:
PATH=C:\Program Files\Common Files\Oracle\Java\javapath;C:\Program Files (x86)\Common Files\Oracle\Java\javapath;C:\Windows\system32;C:\Windows;C:\Windows\System32\Wbem;C:\Windows\System32\WindowsPowerShell\v1.0\;C:\Windows\System32\OpenSSH\;C:\ProgramData\chocolatey\bin;C:\Program Files (x86)\Yarn\bin\;C:\Program Files\Git\cmd;C:\Program Files\nodejs\;C:\Users\felip\AppData\Local\Microsoft\WindowsApps;C:\Users\felip\AppData\Local\Programs\Microsoft VS Code\bin;C:\Users\felip\AppData\Local\Yarn\bin;C:\Users\felip\AppData\Local\GitHubDesktop\bin;C:\Users\felip\AppData\Roaming\npm
USERNAME=felip
OS=Windows_NT
PROCESSOR_IDENTIFIER=Intel64 Family 6 Model 23 Stepping 10, GenuineIntel



---------------  S Y S T E M  ---------------

OS: Windows 10 , 64 bit Build 19041 (10.0.19041.1202)
OS uptime: 0 days 23:58 hours

CPU:total 2 (initial active 2) (2 cores per cpu, 1 threads per core) family 6 model 23 stepping 10 microcode 0xa0c, cmov, cx8, fxsr, mmx, sse, sse2, sse3, ssse3, tsc

Memory: 4k page, system-wide physical 4061M (33M free)
TotalPageFile size 4061M (AvailPageFile size 5M)
current process WorkingSet (physical memory assigned to process): 244M, peak: 422M
current process commit charge ("private bytes"): 445M, peak: 451M

vm_info: OpenJDK 64-Bit Server VM (11.0.11+9-b60-7590822) for windows-amd64 JRE (11.0.11+9-b60-7590822), built on Jul 29 2021 21:43:44 by "builder" with MS VC++ 14.0 (VS2015)

END.
