#
# There is insufficient memory for the Java Runtime Environment to continue.
# Native memory allocation (malloc) failed to allocate 378416 bytes for Chunk::new
# Possible reasons:
#   The system is out of physical RAM or swap space
#   The process is running with CompressedOops enabled, and the Java Heap may be blocking the growth of the native heap
# Possible solutions:
#   Reduce memory load on the system
#   Increase physical memory or swap space
#   Check if swap backing store is full
#   Decrease Java heap size (-Xmx/-Xms)
#   Decrease number of Java threads
#   Decrease Java thread stack sizes (-Xss)
#   Set larger code cache with -XX:ReservedCodeCacheSize=
#   JVM is running with Unscaled Compressed Oops mode in which the Java heap is
#     placed in the first 4GB address space. The Java Heap base address is the
#     maximum limit for the native heap growth. Please use -XX:HeapBaseMinAddress
#     to set the Java Heap base and to place the Java Heap above 4GB virtual address.
# This output file may be truncated or incomplete.
#
#  Out of Memory Error (./src/hotspot/share/memory/arena.cpp:197), pid=8324, tid=7936
#
# JRE version: OpenJDK Runtime Environment (11.0.11+9) (build 11.0.11+9-b60-7590822)
# Java VM: OpenJDK 64-Bit Server VM (11.0.11+9-b60-7590822, mixed mode, tiered, compressed oops, g1 gc, windows-amd64)
# No core dump will be written. Minidumps are not enabled by default on client versions of Windows
#

---------------  S U M M A R Y ------------

Command Line: --add-opens=java.base/java.util=ALL-UNNAMED --add-opens=java.base/java.lang=ALL-UNNAMED --add-opens=java.base/java.lang.invoke=ALL-UNNAMED --add-opens=java.base/java.util=ALL-UNNAMED --add-opens=java.prefs/java.util.prefs=ALL-UNNAMED --add-opens=java.prefs/java.util.prefs=ALL-UNNAMED --add-opens=java.base/java.nio.charset=ALL-UNNAMED --add-opens=java.base/java.net=ALL-UNNAMED --add-opens=java.base/java.util.concurrent.atomic=ALL-UNNAMED -Xmx512m -Dfile.encoding=UTF-8 -Duser.country=US -Duser.language=en -Duser.variant org.gradle.launcher.daemon.bootstrap.GradleDaemon 7.0.2

Host: Celeron(R) Dual-Core CPU       T3500  @ 2.10GHz, 2 cores, 3G,  Windows 10 , 64 bit Build 19041 (10.0.19041.1202)
Time: Mon Nov  8 10:44:34 2021 E. South America Standard Time elapsed time: 139.211295 seconds (0d 0h 2m 19s)

---------------  T H R E A D  ---------------

Current thread (0x000002112100f800):  JavaThread "C2 CompilerThread0" daemon [_thread_in_native, id=7936, stack(0x0000007066800000,0x0000007066900000)]


Current CompileTask:
C2: 139211 8298       4       org.gradle.internal.instantiation.generator.AbstractClassGenerator::inspectType (560 bytes)

Stack: [0x0000007066800000,0x0000007066900000]
Native frames: (J=compiled Java code, j=interpreted, Vv=VM code, C=native code)
V  [jvm.dll+0x5f214a]
V  [jvm.dll+0x726fb5]
V  [jvm.dll+0x7285cd]
V  [jvm.dll+0x728c83]
V  [jvm.dll+0x243278]
V  [jvm.dll+0xbc53c]
V  [jvm.dll+0xbca3c]
V  [jvm.dll+0x4ec2fd]
V  [jvm.dll+0x3218c2]
V  [jvm.dll+0x320d8a]
V  [jvm.dll+0x1fc1e2]
V  [jvm.dll+0x1fb3d4]
V  [jvm.dll+0x183d6c]
V  [jvm.dll+0x209a57]
V  [jvm.dll+0x2082a1]
V  [jvm.dll+0x6ef58f]
V  [jvm.dll+0x6e80b5]
V  [jvm.dll+0x5f1036]
C  [ucrtbase.dll+0x21bb2]
C  [KERNEL32.DLL+0x17034]
C  [ntdll.dll+0x52651]


---------------  P R O C E S S  ---------------

Threads class SMR info:
_java_thread_list=0x00000211253c50b0, length=37, elements={
0x000002110a931800, 0x0000021120fa5800, 0x0000021120faf000, 0x0000021121001800,
0x0000021121004000, 0x0000021121005800, 0x000002112100f800, 0x0000021121012000,
0x0000021121013800, 0x0000021121271000, 0x0000021121f85000, 0x0000021121cb5800,
0x00000211214cb800, 0x000002112208b800, 0x00000211211f7000, 0x0000021121d4a800,
0x0000021121453000, 0x0000021121d4b000, 0x0000021122242800, 0x0000021122244000,
0x0000021122247800, 0x0000021122246800, 0x0000021122245000, 0x0000021122241800,
0x0000021122243800, 0x0000021122246000, 0x0000021123517000, 0x0000021123513000,
0x0000021123512000, 0x0000021123514000, 0x000002112351a800, 0x0000021123514800,
0x000002112351c000, 0x0000021123518800, 0x000002112351d000, 0x0000021123519800,
0x0000021123521000
}

Java Threads: ( => current thread )
  0x000002110a931800 JavaThread "main" [_thread_blocked, id=1888, stack(0x0000007065c00000,0x0000007065d00000)]
  0x0000021120fa5800 JavaThread "Reference Handler" daemon [_thread_blocked, id=3092, stack(0x0000007066300000,0x0000007066400000)]
  0x0000021120faf000 JavaThread "Finalizer" daemon [_thread_blocked, id=1880, stack(0x0000007066400000,0x0000007066500000)]
  0x0000021121001800 JavaThread "Signal Dispatcher" daemon [_thread_blocked, id=7540, stack(0x0000007066500000,0x0000007066600000)]
  0x0000021121004000 JavaThread "Attach Listener" daemon [_thread_blocked, id=6696, stack(0x0000007066600000,0x0000007066700000)]
  0x0000021121005800 JavaThread "Service Thread" daemon [_thread_blocked, id=7188, stack(0x0000007066700000,0x0000007066800000)]
=>0x000002112100f800 JavaThread "C2 CompilerThread0" daemon [_thread_in_native, id=7936, stack(0x0000007066800000,0x0000007066900000)]
  0x0000021121012000 JavaThread "C1 CompilerThread0" daemon [_thread_blocked, id=5780, stack(0x0000007066900000,0x0000007066a00000)]
  0x0000021121013800 JavaThread "Sweeper thread" daemon [_thread_blocked, id=1220, stack(0x0000007066a00000,0x0000007066b00000)]
  0x0000021121271000 JavaThread "Common-Cleaner" daemon [_thread_blocked, id=4396, stack(0x0000007066b00000,0x0000007066c00000)]
  0x0000021121f85000 JavaThread "Daemon health stats" [_thread_blocked, id=8464, stack(0x0000007066e00000,0x0000007066f00000)]
  0x0000021121cb5800 JavaThread "Incoming local TCP Connector on port 5030" [_thread_in_native, id=6288, stack(0x0000007066f00000,0x0000007067000000)]
  0x00000211214cb800 JavaThread "Daemon periodic checks" [_thread_blocked, id=4164, stack(0x0000007067000000,0x0000007067100000)]
  0x000002112208b800 JavaThread "Daemon" [_thread_blocked, id=2844, stack(0x0000007067100000,0x0000007067200000)]
  0x00000211211f7000 JavaThread "Handler for socket connection from /127.0.0.1:5030 to /127.0.0.1:5031" [_thread_in_native, id=5428, stack(0x0000007067200000,0x0000007067300000)]
  0x0000021121d4a800 JavaThread "Cancel handler" [_thread_blocked, id=6776, stack(0x0000007067300000,0x0000007067400000)]
  0x0000021121453000 JavaThread "Daemon worker" [_thread_in_Java, id=6564, stack(0x0000007067400000,0x0000007067500000)]
  0x0000021121d4b000 JavaThread "Asynchronous log dispatcher for DefaultDaemonConnection: socket connection from /127.0.0.1:5030 to /127.0.0.1:5031" [_thread_blocked, id=8204, stack(0x0000007067500000,0x0000007067600000)]
  0x0000021122242800 JavaThread "Daemon client event forwarder" [_thread_blocked, id=7224, stack(0x0000007067700000,0x0000007067800000)]
  0x0000021122244000 JavaThread "Cache worker for file hash cache (C:\Users\felip\.gradle\caches\7.0.2\fileHashes)" [_thread_blocked, id=5960, stack(0x0000007067800000,0x0000007067900000)]
  0x0000021122247800 JavaThread "File lock request listener" [_thread_in_native, id=9088, stack(0x0000007067900000,0x0000007067a00000)]
  0x0000021122246800 JavaThread "Cache worker for journal cache (C:\Users\felip\.gradle\caches\journal-1)" [_thread_blocked, id=5696, stack(0x0000007067a00000,0x0000007067b00000)]
  0x0000021122245000 JavaThread "Cache worker for file hash cache (C:\Users\felip\AndroidStudioProjects\VideoApp\.gradle\7.0.2\fileHashes)" [_thread_blocked, id=720, stack(0x0000007067b00000,0x0000007067c00000)]
  0x0000021122241800 JavaThread "File watcher server" daemon [_thread_in_native, id=6624, stack(0x0000007067c00000,0x0000007067d00000)]
  0x0000021122243800 JavaThread "File watcher consumer" daemon [_thread_blocked, id=5852, stack(0x0000007067d00000,0x0000007067e00000)]
  0x0000021122246000 JavaThread "jar transforms" [_thread_blocked, id=8428, stack(0x0000007067e00000,0x0000007067f00000)]
  0x0000021123517000 JavaThread "jar transforms Thread 2" [_thread_blocked, id=8808, stack(0x0000007067f00000,0x0000007068000000)]
  0x0000021123513000 JavaThread "Cache worker for checksums cache (C:\Users\felip\AndroidStudioProjects\VideoApp\.gradle\checksums)" [_thread_blocked, id=560, stack(0x0000007068000000,0x0000007068100000)]
  0x0000021123512000 JavaThread "Cache worker for cache directory md-supplier (C:\Users\felip\.gradle\caches\7.0.2\md-supplier)" [_thread_blocked, id=236, stack(0x0000007068100000,0x0000007068200000)]
  0x0000021123514000 JavaThread "Cache worker for cache directory md-rule (C:\Users\felip\.gradle\caches\7.0.2\md-rule)" [_thread_blocked, id=9184, stack(0x0000007068200000,0x0000007068300000)]
  0x000002112351a800 JavaThread "Cache worker for execution history cache (C:\Users\felip\.gradle\caches\7.0.2\executionHistory)" [_thread_blocked, id=7496, stack(0x0000007068300000,0x0000007068400000)]
  0x0000021123514800 JavaThread "Cache worker for file content cache (C:\Users\felip\.gradle\caches\7.0.2\fileContent)" [_thread_blocked, id=9180, stack(0x0000007068400000,0x0000007068500000)]
  0x000002112351c000 JavaThread "Cache worker for dependencies-accessors (C:\Users\felip\AndroidStudioProjects\VideoApp\.gradle\7.0.2\dependencies-accessors)" [_thread_blocked, id=7488, stack(0x0000007068500000,0x0000007068600000)]
  0x0000021123518800 JavaThread "Cache worker for Build Output Cleanup Cache (C:\Users\felip\AndroidStudioProjects\VideoApp\.gradle\buildOutputCleanup)" [_thread_blocked, id=5200, stack(0x0000007068600000,0x0000007068700000)]
  0x000002112351d000 JavaThread "Build operations" [_thread_blocked, id=7164, stack(0x0000007065900000,0x0000007065a00000)]
  0x0000021123519800 JavaThread "Build operations Thread 2" [_thread_blocked, id=2568, stack(0x0000007065a00000,0x0000007065b00000)]
  0x0000021123521000 JavaThread "Memory manager" [_thread_blocked, id=6792, stack(0x0000007065b00000,0x0000007065c00000)]

Other Threads:
  0x0000021120f80000 VMThread "VM Thread" [stack: 0x0000007066200000,0x0000007066300000] [id=2064]
  0x0000021121299000 WatcherThread [stack: 0x0000007066c00000,0x0000007066d00000] [id=2864]
  0x000002110a94b000 GCTaskThread "GC Thread#0" [stack: 0x0000007065d00000,0x0000007065e00000] [id=112]
  0x00000211212b0000 GCTaskThread "GC Thread#1" [stack: 0x0000007066d00000,0x0000007066e00000] [id=3500]
  0x000002110a95b800 ConcurrentGCThread "G1 Main Marker" [stack: 0x0000007065e00000,0x0000007065f00000] [id=8888]
  0x000002110a95d800 ConcurrentGCThread "G1 Conc#0" [stack: 0x0000007065f00000,0x0000007066000000] [id=272]
  0x000002110a9a9800 ConcurrentGCThread "G1 Refine#0" [stack: 0x0000007066000000,0x0000007066100000] [id=7376]
  0x000002110a9ab800 ConcurrentGCThread "G1 Young RemSet Sampling" [stack: 0x0000007066100000,0x0000007066200000] [id=5756]

Threads with active compile tasks:
C2 CompilerThread0 139903 8298       4       org.gradle.internal.instantiation.generator.AbstractClassGenerator::inspectType (560 bytes)

VM state:not at safepoint (normal execution)

VM Mutex/Monitor currently owned by a thread: None

Heap address: 0x00000000e0000000, size: 512 MB, Compressed Oops mode: 32-bit
Narrow klass base: 0x0000000000000000, Narrow klass shift: 3
Compressed class space size: 1073741824 Address: 0x0000000100000000

Heap:
 garbage-first heap   total 113664K, used 108285K [0x00000000e0000000, 0x0000000100000000)
  region size 1024K, 2 young (2048K), 1 survivors (1024K)
 Metaspace       used 86789K, capacity 88994K, committed 89264K, reserved 1130496K
  class space    used 11170K, capacity 11950K, committed 12032K, reserved 1048576K
Heap Regions: E=young(eden), S=young(survivor), O=old, HS=humongous(starts), HC=humongous(continues), CS=collection set, F=free, A=archive, TAMS=top-at-mark-start (previous, next)
|   0|0x00000000e0000000, 0x00000000e0100000, 0x00000000e0100000|100%| O|  |TAMS 0x00000000e0100000, 0x00000000e0000000| Untracked 
|   1|0x00000000e0100000, 0x00000000e0200000, 0x00000000e0200000|100%| O|  |TAMS 0x00000000e0200000, 0x00000000e0100000| Untracked 
|   2|0x00000000e0200000, 0x00000000e0300000, 0x00000000e0300000|100%| O|  |TAMS 0x00000000e0300000, 0x00000000e0200000| Untracked 
|   3|0x00000000e0300000, 0x00000000e0400000, 0x00000000e0400000|100%| O|  |TAMS 0x00000000e0400000, 0x00000000e0300000| Untracked 
|   4|0x00000000e0400000, 0x00000000e0500000, 0x00000000e0500000|100%|HS|  |TAMS 0x00000000e0500000, 0x00000000e0400000| Complete 
|   5|0x00000000e0500000, 0x00000000e0600000, 0x00000000e0600000|100%|HC|  |TAMS 0x00000000e0600000, 0x00000000e0500000| Complete 
|   6|0x00000000e0600000, 0x00000000e0700000, 0x00000000e0700000|100%|HC|  |TAMS 0x00000000e0700000, 0x00000000e0600000| Complete 
|   7|0x00000000e0700000, 0x00000000e0800000, 0x00000000e0800000|100%| O|  |TAMS 0x00000000e0800000, 0x00000000e0700000| Untracked 
|   8|0x00000000e0800000, 0x00000000e0900000, 0x00000000e0900000|100%| O|  |TAMS 0x00000000e0900000, 0x00000000e0800000| Untracked 
|   9|0x00000000e0900000, 0x00000000e0a00000, 0x00000000e0a00000|100%| O|  |TAMS 0x00000000e0a00000, 0x00000000e0900000| Untracked 
|  10|0x00000000e0a00000, 0x00000000e0b00000, 0x00000000e0b00000|100%| O|  |TAMS 0x00000000e0b00000, 0x00000000e0a00000| Untracked 
|  11|0x00000000e0b00000, 0x00000000e0c00000, 0x00000000e0c00000|100%| O|  |TAMS 0x00000000e0c00000, 0x00000000e0b00000| Untracked 
|  12|0x00000000e0c00000, 0x00000000e0d00000, 0x00000000e0d00000|100%| O|  |TAMS 0x00000000e0d00000, 0x00000000e0c00000| Untracked 
|  13|0x00000000e0d00000, 0x00000000e0e00000, 0x00000000e0e00000|100%| O|  |TAMS 0x00000000e0e00000, 0x00000000e0d00000| Untracked 
|  14|0x00000000e0e00000, 0x00000000e0f00000, 0x00000000e0f00000|100%| O|  |TAMS 0x00000000e0f00000, 0x00000000e0e00000| Untracked 
|  15|0x00000000e0f00000, 0x00000000e1000000, 0x00000000e1000000|100%| O|  |TAMS 0x00000000e1000000, 0x00000000e0f00000| Untracked 
|  16|0x00000000e1000000, 0x00000000e1100000, 0x00000000e1100000|100%| O|  |TAMS 0x00000000e1100000, 0x00000000e1000000| Untracked 
|  17|0x00000000e1100000, 0x00000000e1200000, 0x00000000e1200000|100%|HS|  |TAMS 0x00000000e1200000, 0x00000000e1100000| Complete 
|  18|0x00000000e1200000, 0x00000000e1300000, 0x00000000e1300000|100%|HC|  |TAMS 0x00000000e1300000, 0x00000000e1200000| Complete 
|  19|0x00000000e1300000, 0x00000000e1400000, 0x00000000e1400000|100%|HS|  |TAMS 0x00000000e1400000, 0x00000000e1300000| Complete 
|  20|0x00000000e1400000, 0x00000000e1500000, 0x00000000e1500000|100%|HC|  |TAMS 0x00000000e1500000, 0x00000000e1400000| Complete 
|  21|0x00000000e1500000, 0x00000000e1600000, 0x00000000e1600000|100%|HC|  |TAMS 0x00000000e1600000, 0x00000000e1500000| Complete 
|  22|0x00000000e1600000, 0x00000000e1700000, 0x00000000e1700000|100%|HS|  |TAMS 0x00000000e1700000, 0x00000000e1600000| Complete 
|  23|0x00000000e1700000, 0x00000000e1800000, 0x00000000e1800000|100%|HC|  |TAMS 0x00000000e1800000, 0x00000000e1700000| Complete 
|  24|0x00000000e1800000, 0x00000000e1900000, 0x00000000e1900000|100%|HC|  |TAMS 0x00000000e1900000, 0x00000000e1800000| Complete 
|  25|0x00000000e1900000, 0x00000000e1a00000, 0x00000000e1a00000|100%|HC|  |TAMS 0x00000000e1a00000, 0x00000000e1900000| Complete 
|  26|0x00000000e1a00000, 0x00000000e1b00000, 0x00000000e1b00000|100%| O|  |TAMS 0x00000000e1b00000, 0x00000000e1a00000| Untracked 
|  27|0x00000000e1b00000, 0x00000000e1c00000, 0x00000000e1c00000|100%| O|  |TAMS 0x00000000e1c00000, 0x00000000e1b00000| Untracked 
|  28|0x00000000e1c00000, 0x00000000e1d00000, 0x00000000e1d00000|100%| O|  |TAMS 0x00000000e1d00000, 0x00000000e1c00000| Untracked 
|  29|0x00000000e1d00000, 0x00000000e1e00000, 0x00000000e1e00000|100%| O|  |TAMS 0x00000000e1e00000, 0x00000000e1d00000| Untracked 
|  30|0x00000000e1e00000, 0x00000000e1f00000, 0x00000000e1f00000|100%| O|  |TAMS 0x00000000e1f00000, 0x00000000e1e00000| Untracked 
|  31|0x00000000e1f00000, 0x00000000e2000000, 0x00000000e2000000|100%| O|  |TAMS 0x00000000e2000000, 0x00000000e1f00000| Untracked 
|  32|0x00000000e2000000, 0x00000000e2100000, 0x00000000e2100000|100%| O|  |TAMS 0x00000000e2100000, 0x00000000e2000000| Untracked 
|  33|0x00000000e2100000, 0x00000000e2200000, 0x00000000e2200000|100%| O|  |TAMS 0x00000000e2200000, 0x00000000e2100000| Untracked 
|  34|0x00000000e2200000, 0x00000000e2300000, 0x00000000e2300000|100%| O|  |TAMS 0x00000000e2300000, 0x00000000e2200000| Untracked 
|  35|0x00000000e2300000, 0x00000000e2400000, 0x00000000e2400000|100%| O|  |TAMS 0x00000000e2400000, 0x00000000e2300000| Untracked 
|  36|0x00000000e2400000, 0x00000000e2500000, 0x00000000e2500000|100%| O|  |TAMS 0x00000000e2500000, 0x00000000e2400000| Untracked 
|  37|0x00000000e2500000, 0x00000000e2600000, 0x00000000e2600000|100%| O|  |TAMS 0x00000000e2600000, 0x00000000e2500000| Untracked 
|  38|0x00000000e2600000, 0x00000000e2700000, 0x00000000e2700000|100%| O|  |TAMS 0x00000000e2700000, 0x00000000e2600000| Untracked 
|  39|0x00000000e2700000, 0x00000000e2800000, 0x00000000e2800000|100%| O|  |TAMS 0x00000000e2800000, 0x00000000e2700000| Untracked 
|  40|0x00000000e2800000, 0x00000000e2900000, 0x00000000e2900000|100%| O|  |TAMS 0x00000000e2900000, 0x00000000e2800000| Untracked 
|  41|0x00000000e2900000, 0x00000000e2a00000, 0x00000000e2a00000|100%| O|  |TAMS 0x00000000e2a00000, 0x00000000e2900000| Untracked 
|  42|0x00000000e2a00000, 0x00000000e2b00000, 0x00000000e2b00000|100%|HS|  |TAMS 0x00000000e2b00000, 0x00000000e2a00000| Complete 
|  43|0x00000000e2b00000, 0x00000000e2c00000, 0x00000000e2c00000|100%|HC|  |TAMS 0x00000000e2c00000, 0x00000000e2b00000| Complete 
|  44|0x00000000e2c00000, 0x00000000e2d00000, 0x00000000e2d00000|100%|HC|  |TAMS 0x00000000e2d00000, 0x00000000e2c00000| Complete 
|  45|0x00000000e2d00000, 0x00000000e2e00000, 0x00000000e2e00000|100%| O|  |TAMS 0x00000000e2e00000, 0x00000000e2d00000| Untracked 
|  46|0x00000000e2e00000, 0x00000000e2f00000, 0x00000000e2f00000|100%| O|  |TAMS 0x00000000e2f00000, 0x00000000e2e00000| Untracked 
|  47|0x00000000e2f00000, 0x00000000e3000000, 0x00000000e3000000|100%| O|  |TAMS 0x00000000e3000000, 0x00000000e2f00000| Untracked 
|  48|0x00000000e3000000, 0x00000000e3100000, 0x00000000e3100000|100%|HS|  |TAMS 0x00000000e3100000, 0x00000000e3000000| Complete 
|  49|0x00000000e3100000, 0x00000000e3200000, 0x00000000e3200000|100%|HC|  |TAMS 0x00000000e3200000, 0x00000000e3100000| Complete 
|  50|0x00000000e3200000, 0x00000000e3300000, 0x00000000e3300000|100%|HC|  |TAMS 0x00000000e3300000, 0x00000000e3200000| Complete 
|  51|0x00000000e3300000, 0x00000000e3400000, 0x00000000e3400000|100%|HC|  |TAMS 0x00000000e3400000, 0x00000000e3300000| Complete 
|  52|0x00000000e3400000, 0x00000000e3500000, 0x00000000e3500000|100%| O|  |TAMS 0x00000000e3500000, 0x00000000e3400000| Untracked 
|  53|0x00000000e3500000, 0x00000000e3600000, 0x00000000e3600000|100%| O|  |TAMS 0x00000000e3600000, 0x00000000e3500000| Untracked 
|  54|0x00000000e3600000, 0x00000000e3700000, 0x00000000e3700000|100%| O|  |TAMS 0x00000000e3700000, 0x00000000e3600000| Untracked 
|  55|0x00000000e3700000, 0x00000000e3800000, 0x00000000e3800000|100%| O|  |TAMS 0x00000000e3800000, 0x00000000e3700000| Untracked 
|  56|0x00000000e3800000, 0x00000000e3900000, 0x00000000e3900000|100%| O|  |TAMS 0x00000000e3900000, 0x00000000e3800000| Untracked 
|  57|0x00000000e3900000, 0x00000000e3a00000, 0x00000000e3a00000|100%|HS|  |TAMS 0x00000000e3a00000, 0x00000000e3900000| Complete 
|  58|0x00000000e3a00000, 0x00000000e3b00000, 0x00000000e3b00000|100%|HS|  |TAMS 0x00000000e3b00000, 0x00000000e3a00000| Complete 
|  59|0x00000000e3b00000, 0x00000000e3c00000, 0x00000000e3c00000|100%|HS|  |TAMS 0x00000000e3c00000, 0x00000000e3b00000| Complete 
|  60|0x00000000e3c00000, 0x00000000e3d00000, 0x00000000e3d00000|100%| O|  |TAMS 0x00000000e3d00000, 0x00000000e3c00000| Untracked 
|  61|0x00000000e3d00000, 0x00000000e3e00000, 0x00000000e3e00000|100%| O|  |TAMS 0x00000000e3e00000, 0x00000000e3d00000| Untracked 
|  62|0x00000000e3e00000, 0x00000000e3f00000, 0x00000000e3f00000|100%|HS|  |TAMS 0x00000000e3f00000, 0x00000000e3e00000| Complete 
|  63|0x00000000e3f00000, 0x00000000e4000000, 0x00000000e4000000|100%|HC|  |TAMS 0x00000000e4000000, 0x00000000e3f00000| Complete 
|  64|0x00000000e4000000, 0x00000000e4100000, 0x00000000e4100000|100%|HC|  |TAMS 0x00000000e4100000, 0x00000000e4000000| Complete 
|  65|0x00000000e4100000, 0x00000000e4200000, 0x00000000e4200000|100%| O|  |TAMS 0x00000000e4200000, 0x00000000e4100000| Untracked 
|  66|0x00000000e4200000, 0x00000000e4300000, 0x00000000e4300000|100%| O|  |TAMS 0x00000000e4300000, 0x00000000e4200000| Untracked 
|  67|0x00000000e4300000, 0x00000000e4400000, 0x00000000e4400000|100%|HS|  |TAMS 0x00000000e4400000, 0x00000000e4300000| Complete 
|  68|0x00000000e4400000, 0x00000000e4500000, 0x00000000e4500000|100%|HC|  |TAMS 0x00000000e4500000, 0x00000000e4400000| Complete 
|  69|0x00000000e4500000, 0x00000000e4600000, 0x00000000e4600000|100%| O|  |TAMS 0x00000000e4600000, 0x00000000e4500000| Untracked 
|  70|0x00000000e4600000, 0x00000000e4700000, 0x00000000e4700000|100%| O|  |TAMS 0x00000000e4700000, 0x00000000e4600000| Untracked 
|  71|0x00000000e4700000, 0x00000000e4800000, 0x00000000e4800000|100%| O|  |TAMS 0x00000000e4800000, 0x00000000e4700000| Untracked 
|  72|0x00000000e4800000, 0x00000000e4900000, 0x00000000e4900000|100%| O|  |TAMS 0x00000000e4900000, 0x00000000e4800000| Untracked 
|  73|0x00000000e4900000, 0x00000000e4a00000, 0x00000000e4a00000|100%| O|  |TAMS 0x00000000e4a00000, 0x00000000e4900000| Untracked 
|  74|0x00000000e4a00000, 0x00000000e4b00000, 0x00000000e4b00000|100%| O|  |TAMS 0x00000000e4b00000, 0x00000000e4a00000| Untracked 
|  75|0x00000000e4b00000, 0x00000000e4c00000, 0x00000000e4c00000|100%| O|  |TAMS 0x00000000e4c00000, 0x00000000e4b00000| Untracked 
|  76|0x00000000e4c00000, 0x00000000e4d00000, 0x00000000e4d00000|100%| O|  |TAMS 0x00000000e4d00000, 0x00000000e4c00000| Untracked 
|  77|0x00000000e4d00000, 0x00000000e4e00000, 0x00000000e4e00000|100%| O|  |TAMS 0x00000000e4e00000, 0x00000000e4d00000| Untracked 
|  78|0x00000000e4e00000, 0x00000000e4efa600, 0x00000000e4f00000| 97%| O|  |TAMS 0x00000000e4efa600, 0x00000000e4e00000| Untracked 
|  79|0x00000000e4f00000, 0x00000000e5000000, 0x00000000e5000000|100%| O|  |TAMS 0x00000000e5000000, 0x00000000e4f00000| Untracked 
|  80|0x00000000e5000000, 0x00000000e5100000, 0x00000000e5100000|100%|HS|  |TAMS 0x00000000e5100000, 0x00000000e5000000| Complete 
|  81|0x00000000e5100000, 0x00000000e5200000, 0x00000000e5200000|100%|HC|  |TAMS 0x00000000e5200000, 0x00000000e5100000| Complete 
|  82|0x00000000e5200000, 0x00000000e52c5170, 0x00000000e5300000| 76%| S|CS|TAMS 0x00000000e5200000, 0x00000000e5200000| Complete 
|  83|0x00000000e5300000, 0x00000000e5300000, 0x00000000e5400000|  0%| F|  |TAMS 0x00000000e5300000, 0x00000000e5300000| Untracked 
|  84|0x00000000e5400000, 0x00000000e5500000, 0x00000000e5500000|100%| O|  |TAMS 0x00000000e5500000, 0x00000000e5400000| Untracked 
|  85|0x00000000e5500000, 0x00000000e5600000, 0x00000000e5600000|100%| O|  |TAMS 0x00000000e5600000, 0x00000000e5500000| Untracked 
|  86|0x00000000e5600000, 0x00000000e5700000, 0x00000000e5700000|100%| O|  |TAMS 0x00000000e5700000, 0x00000000e5600000| Untracked 
|  87|0x00000000e5700000, 0x00000000e5800000, 0x00000000e5800000|100%| O|  |TAMS 0x00000000e5800000, 0x00000000e5700000| Untracked 
|  88|0x00000000e5800000, 0x00000000e5900000, 0x00000000e5900000|100%| O|  |TAMS 0x00000000e5900000, 0x00000000e5800000| Untracked 
|  89|0x00000000e5900000, 0x00000000e5a00000, 0x00000000e5a00000|100%| O|  |TAMS 0x00000000e5a00000, 0x00000000e5900000| Untracked 
|  90|0x00000000e5a00000, 0x00000000e5b00000, 0x00000000e5b00000|100%| O|  |TAMS 0x00000000e5b00000, 0x00000000e5a00000| Untracked 
|  91|0x00000000e5b00000, 0x00000000e5c00000, 0x00000000e5c00000|100%| O|  |TAMS 0x00000000e5c00000, 0x00000000e5b00000| Untracked 
|  92|0x00000000e5c00000, 0x00000000e5d00000, 0x00000000e5d00000|100%|HS|  |TAMS 0x00000000e5d00000, 0x00000000e5c00000| Complete 
|  93|0x00000000e5d00000, 0x00000000e5e00000, 0x00000000e5e00000|100%|HC|  |TAMS 0x00000000e5e00000, 0x00000000e5d00000| Complete 
|  94|0x00000000e5e00000, 0x00000000e5f00000, 0x00000000e5f00000|100%|HC|  |TAMS 0x00000000e5f00000, 0x00000000e5e00000| Complete 
|  95|0x00000000e5f00000, 0x00000000e5f00000, 0x00000000e6000000|  0%| F|  |TAMS 0x00000000e5f00000, 0x00000000e5f00000| Untracked 
|  96|0x00000000e6000000, 0x00000000e6100000, 0x00000000e6100000|100%| O|  |TAMS 0x00000000e6100000, 0x00000000e6000000| Untracked 
|  97|0x00000000e6100000, 0x00000000e6200000, 0x00000000e6200000|100%|HS|  |TAMS 0x00000000e6200000, 0x00000000e6100000| Complete 
|  98|0x00000000e6200000, 0x00000000e6300000, 0x00000000e6300000|100%|HC|  |TAMS 0x00000000e6300000, 0x00000000e6200000| Complete 
|  99|0x00000000e6300000, 0x00000000e6400000, 0x00000000e6400000|100%|HC|  |TAMS 0x00000000e6400000, 0x00000000e6300000| Complete 
| 100|0x00000000e6400000, 0x00000000e6500000, 0x00000000e6500000|100%|HC|  |TAMS 0x00000000e6500000, 0x00000000e6400000| Complete 
| 101|0x00000000e6500000, 0x00000000e6500000, 0x00000000e6600000|  0%| F|  |TAMS 0x00000000e6500000, 0x00000000e6500000| Untracked 
| 102|0x00000000e6600000, 0x00000000e6700000, 0x00000000e6700000|100%| O|  |TAMS 0x00000000e6700000, 0x00000000e6600000| Untracked 
| 103|0x00000000e6700000, 0x00000000e6800000, 0x00000000e6800000|100%| O|  |TAMS 0x00000000e6800000, 0x00000000e6700000| Untracked 
| 104|0x00000000e6800000, 0x00000000e6829210, 0x00000000e6900000| 16%| E|  |TAMS 0x00000000e6800000, 0x00000000e6800000| Complete 
| 105|0x00000000e6900000, 0x00000000e6a00000, 0x00000000e6a00000|100%| O|  |TAMS 0x00000000e6a00000, 0x00000000e6900000| Untracked 
| 106|0x00000000e6a00000, 0x00000000e6b00000, 0x00000000e6b00000|100%| O|  |TAMS 0x00000000e6b00000, 0x00000000e6a00000| Untracked 
| 107|0x00000000e6b00000, 0x00000000e6c00000, 0x00000000e6c00000|100%| O|  |TAMS 0x00000000e6c00000, 0x00000000e6b00000| Untracked 
| 108|0x00000000e6c00000, 0x00000000e6d00000, 0x00000000e6d00000|100%| O|  |TAMS 0x00000000e6d00000, 0x00000000e6c00000| Untracked 
| 109|0x00000000e6d00000, 0x00000000e6e00000, 0x00000000e6e00000|100%| O|  |TAMS 0x00000000e6e00000, 0x00000000e6d00000| Untracked 
| 110|0x00000000e6e00000, 0x00000000e6f00000, 0x00000000e6f00000|100%| E|  |TAMS 0x00000000e6e00000, 0x00000000e6e00000| Complete 

Card table byte_map: [0x000002110a640000,0x000002110a740000] _byte_map_base: 0x0000021109f40000

Marking Bits (Prev, Next): (CMBitMap*) 0x000002110a9588a8, (CMBitMap*) 0x000002110a9588e0
 Prev Bits: [0x000002111d430000, 0x000002111dc30000)
 Next Bits: [0x000002111dc30000, 0x000002111e430000)

Polling page: 0x000002110a110000

Metaspace:

Usage:
  Non-class:     75.30 MB capacity,    73.97 MB ( 98%) used,     1.12 MB (  1%) free+waste,   218.94 KB ( <1%) overhead. 
      Class:     11.67 MB capacity,    10.91 MB ( 93%) used,   677.55 KB (  6%) free+waste,   101.19 KB ( <1%) overhead. 
       Both:     86.97 MB capacity,    84.88 MB ( 98%) used,     1.78 MB (  2%) free+waste,   320.13 KB ( <1%) overhead. 

Virtual space:
  Non-class space:       80.00 MB reserved,      75.42 MB ( 94%) committed 
      Class space:        1.00 GB reserved,      11.75 MB (  1%) committed 
             Both:        1.08 GB reserved,      87.17 MB (  8%) committed 

Chunk freelists:
   Non-Class:  60.00 KB
       Class:  18.00 KB
        Both:  78.00 KB

MaxMetaspaceSize: 17179869184.00 GB
CompressedClassSpaceSize: 1.00 GB

CodeHeap 'non-profiled nmethods': size=120064Kb used=5135Kb max_used=5135Kb free=114928Kb
 bounds [0x0000021115ef0000, 0x0000021116400000, 0x000002111d430000]
CodeHeap 'profiled nmethods': size=120000Kb used=18602Kb max_used=18602Kb free=101398Kb
 bounds [0x000002110e9c0000, 0x000002110fbf0000, 0x0000021115ef0000]
CodeHeap 'non-nmethods': size=5696Kb used=2276Kb max_used=2318Kb free=3420Kb
 bounds [0x000002110e430000, 0x000002110e6a0000, 0x000002110e9c0000]
 total_blobs=9174 nmethods=8288 adapters=796
 compilation: enabled
              stopped_count=0, restarted_count=0
 full_count=0

Compilation events (20 events):
Event: 138.942 Thread 0x0000021121012000 8315       2       java.lang.String::split (324 bytes)
Event: 138.948 Thread 0x0000021121012000 nmethod 8315 0x000002110fbe2010 code [0x000002110fbe23a0, 0x000002110fbe38d8]
Event: 138.948 Thread 0x0000021121012000 8316       3       org.gradle.cache.Cache$$Lambda$68/0x0000000100185840::apply (9 bytes)
Event: 138.949 Thread 0x0000021121012000 nmethod 8316 0x000002110fbe4690 code [0x000002110fbe4860, 0x000002110fbe4a68]
Event: 138.951 Thread 0x0000021121012000 8317       3       org.gradle.api.internal.notations.ModuleNotationValidation::validate (70 bytes)
Event: 138.952 Thread 0x0000021121012000 nmethod 8317 0x000002110fbe4b90 code [0x000002110fbe4e20, 0x000002110fbe5a18]
Event: 138.953 Thread 0x0000021121012000 8318       3       org.gradle.internal.typeconversion.TypedNotationConverter::convert (30 bytes)
Event: 138.954 Thread 0x0000021121012000 nmethod 8318 0x000002110fbe5e10 code [0x000002110fbe6020, 0x000002110fbe6588]
Event: 138.954 Thread 0x0000021121012000 8319       3       org.gradle.internal.Actions::doNothing (4 bytes)
Event: 138.954 Thread 0x0000021121012000 nmethod 8319 0x000002110fbe6790 code [0x000002110fbe6940, 0x000002110fbe6a38]
Event: 138.956 Thread 0x0000021121012000 8320       3       org.gradle.internal.Describables$FixedDescribable::equals (41 bytes)
Event: 138.956 Thread 0x0000021121012000 nmethod 8320 0x000002110fbe6b10 code [0x000002110fbe6d00, 0x000002110fbe7208]
Event: 138.957 Thread 0x0000021121012000 8321       3       org.gradle.internal.typeconversion.JustReturningParser::parseNotation (31 bytes)
Event: 138.958 Thread 0x0000021121012000 nmethod 8321 0x000002110fbe7390 code [0x000002110fbe7580, 0x000002110fbe79e8]
Event: 138.976 Thread 0x0000021121012000 8322       3       java.nio.Buffer::checkBounds (25 bytes)
Event: 138.977 Thread 0x0000021121012000 nmethod 8322 0x000002110fbe7b90 code [0x000002110fbe7d60, 0x000002110fbe7f48]
Event: 139.013 Thread 0x0000021121012000 8323       3       sun.reflect.generics.parser.SignatureParser::parseZeroOrMoreTypeSignatures (174 bytes)
Event: 139.024 Thread 0x0000021121012000 nmethod 8323 0x000002110fbe8010 code [0x000002110fbe82a0, 0x000002110fbe9288]
Event: 139.026 Thread 0x0000021121012000 8324       3       sun.reflect.generics.parser.SignatureParser::parseZeroOrMoreThrowsSignatures (51 bytes)
Event: 139.027 Thread 0x0000021121012000 nmethod 8324 0x000002110fbe9710 code [0x000002110fbe9980, 0x000002110fbea498]

GC Heap History (20 events):
Event: 132.598 GC heap before
{Heap before GC invocations=253 (full 0):
 garbage-first heap   total 112640K, used 107454K [0x00000000e0000000, 0x0000000100000000)
  region size 1024K, 4 young (4096K), 1 survivors (1024K)
 Metaspace       used 80671K, capacity 82692K, committed 82736K, reserved 1120256K
  class space    used 10393K, capacity 11101K, committed 11136K, reserved 1048576K
}
Event: 132.608 GC heap after
{Heap after GC invocations=254 (full 0):
 garbage-first heap   total 112640K, used 106957K [0x00000000e0000000, 0x0000000100000000)
  region size 1024K, 1 young (1024K), 1 survivors (1024K)
 Metaspace       used 80671K, capacity 82692K, committed 82736K, reserved 1120256K
  class space    used 10393K, capacity 11101K, committed 11136K, reserved 1048576K
}
Event: 133.318 GC heap before
{Heap before GC invocations=255 (full 0):
 garbage-first heap   total 112640K, used 111053K [0x00000000e0000000, 0x0000000100000000)
  region size 1024K, 5 young (5120K), 1 survivors (1024K)
 Metaspace       used 81775K, capacity 83908K, committed 84144K, reserved 1122304K
  class space    used 10439K, capacity 11165K, committed 11264K, reserved 1048576K
}
Event: 133.324 GC heap after
{Heap after GC invocations=256 (full 0):
 garbage-first heap   total 113664K, used 106542K [0x00000000e0000000, 0x0000000100000000)
  region size 1024K, 1 young (1024K), 1 survivors (1024K)
 Metaspace       used 81775K, capacity 83908K, committed 84144K, reserved 1122304K
  class space    used 10439K, capacity 11165K, committed 11264K, reserved 1048576K
}
Event: 134.234 GC heap before
{Heap before GC invocations=256 (full 0):
 garbage-first heap   total 113664K, used 110638K [0x00000000e0000000, 0x0000000100000000)
  region size 1024K, 5 young (5120K), 1 survivors (1024K)
 Metaspace       used 82352K, capacity 84467K, committed 84784K, reserved 1122304K
  class space    used 10525K, capacity 11266K, committed 11392K, reserved 1048576K
}
Event: 134.240 GC heap after
{Heap after GC invocations=257 (full 0):
 garbage-first heap   total 113664K, used 106653K [0x00000000e0000000, 0x0000000100000000)
  region size 1024K, 1 young (1024K), 1 survivors (1024K)
 Metaspace       used 82352K, capacity 84467K, committed 84784K, reserved 1122304K
  class space    used 10525K, capacity 11266K, committed 11392K, reserved 1048576K
}
Event: 134.676 GC heap before
{Heap before GC invocations=258 (full 0):
 garbage-first heap   total 113664K, used 110749K [0x00000000e0000000, 0x0000000100000000)
  region size 1024K, 5 young (5120K), 1 survivors (1024K)
 Metaspace       used 82711K, capacity 84755K, committed 85040K, reserved 1122304K
  class space    used 10576K, capacity 11298K, committed 11392K, reserved 1048576K
}
Event: 134.681 GC heap after
{Heap after GC invocations=259 (full 0):
 garbage-first heap   total 113664K, used 106752K [0x00000000e0000000, 0x0000000100000000)
  region size 1024K, 1 young (1024K), 1 survivors (1024K)
 Metaspace       used 82711K, capacity 84755K, committed 85040K, reserved 1122304K
  class space    used 10576K, capacity 11298K, committed 11392K, reserved 1048576K
}
Event: 135.052 GC heap before
{Heap before GC invocations=259 (full 0):
 garbage-first heap   total 113664K, used 109824K [0x00000000e0000000, 0x0000000100000000)
  region size 1024K, 5 young (5120K), 1 survivors (1024K)
 Metaspace       used 83312K, capacity 85363K, committed 85680K, reserved 1124352K
  class space    used 10668K, capacity 11394K, committed 11520K, reserved 1048576K
}
Event: 135.058 GC heap after
{Heap after GC invocations=260 (full 0):
 garbage-first heap   total 113664K, used 106869K [0x00000000e0000000, 0x0000000100000000)
  region size 1024K, 1 young (1024K), 1 survivors (1024K)
 Metaspace       used 83312K, capacity 85363K, committed 85680K, reserved 1124352K
  class space    used 10668K, capacity 11394K, committed 11520K, reserved 1048576K
}
Event: 135.686 GC heap before
{Heap before GC invocations=261 (full 0):
 garbage-first heap   total 113664K, used 110965K [0x00000000e0000000, 0x0000000100000000)
  region size 1024K, 5 young (5120K), 1 survivors (1024K)
 Metaspace       used 83632K, capacity 85683K, committed 85936K, reserved 1124352K
  class space    used 10742K, capacity 11458K, committed 11520K, reserved 1048576K
}
Event: 135.693 GC heap after
{Heap after GC invocations=262 (full 0):
 garbage-first heap   total 113664K, used 106936K [0x00000000e0000000, 0x0000000100000000)
  region size 1024K, 1 young (1024K), 1 survivors (1024K)
 Metaspace       used 83632K, capacity 85683K, committed 85936K, reserved 1124352K
  class space    used 10742K, capacity 11458K, committed 11520K, reserved 1048576K
}
Event: 136.152 GC heap before
{Heap before GC invocations=262 (full 0):
 garbage-first heap   total 113664K, used 111032K [0x00000000e0000000, 0x0000000100000000)
  region size 1024K, 5 young (5120K), 1 survivors (1024K)
 Metaspace       used 84000K, capacity 86037K, committed 86192K, reserved 1124352K
  class space    used 10792K, capacity 11504K, committed 11520K, reserved 1048576K
}
Event: 136.161 GC heap after
{Heap after GC invocations=263 (full 0):
 garbage-first heap   total 113664K, used 107295K [0x00000000e0000000, 0x0000000100000000)
  region size 1024K, 1 young (1024K), 1 survivors (1024K)
 Metaspace       used 84000K, capacity 86037K, committed 86192K, reserved 1124352K
  class space    used 10792K, capacity 11504K, committed 11520K, reserved 1048576K
}
Event: 136.721 GC heap before
{Heap before GC invocations=264 (full 0):
 garbage-first heap   total 113664K, used 111391K [0x00000000e0000000, 0x0000000100000000)
  region size 1024K, 5 young (5120K), 1 survivors (1024K)
 Metaspace       used 84398K, capacity 86497K, committed 86576K, reserved 1124352K
  class space    used 10849K, capacity 11570K, committed 11648K, reserved 1048576K
}
Event: 136.731 GC heap after
{Heap after GC invocations=265 (full 0):
 garbage-first heap   total 113664K, used 107556K [0x00000000e0000000, 0x0000000100000000)
  region size 1024K, 1 young (1024K), 1 survivors (1024K)
 Metaspace       used 84398K, capacity 86497K, committed 86576K, reserved 1124352K
  class space    used 10849K, capacity 11570K, committed 11648K, reserved 1048576K
}
Event: 137.675 GC heap before
{Heap before GC invocations=265 (full 0):
 garbage-first heap   total 113664K, used 111652K [0x00000000e0000000, 0x0000000100000000)
  region size 1024K, 5 young (5120K), 1 survivors (1024K)
 Metaspace       used 85788K, capacity 87910K, committed 87984K, reserved 1126400K
  class space    used 11004K, capacity 11743K, committed 11776K, reserved 1048576K
}
Event: 137.683 GC heap after
{Heap after GC invocations=266 (full 0):
 garbage-first heap   total 113664K, used 107795K [0x00000000e0000000, 0x0000000100000000)
  region size 1024K, 1 young (1024K), 1 survivors (1024K)
 Metaspace       used 85788K, capacity 87910K, committed 87984K, reserved 1126400K
  class space    used 11004K, capacity 11743K, committed 11776K, reserved 1048576K
}
Event: 138.767 GC heap before
{Heap before GC invocations=267 (full 0):
 garbage-first heap   total 113664K, used 111891K [0x00000000e0000000, 0x0000000100000000)
  region size 1024K, 5 young (5120K), 1 survivors (1024K)
 Metaspace       used 86254K, capacity 88423K, committed 88624K, reserved 1126400K
  class space    used 11070K, capacity 11848K, committed 11904K, reserved 1048576K
}
Event: 138.774 GC heap after
{Heap after GC invocations=268 (full 0):
 garbage-first heap   total 113664K, used 107956K [0x00000000e0000000, 0x0000000100000000)
  region size 1024K, 1 young (1024K), 1 survivors (1024K)
 Metaspace       used 86254K, capacity 88423K, committed 88624K, reserved 1126400K
  class space    used 11070K, capacity 11848K, committed 11904K, reserved 1048576K
}

Deoptimization events (20 events):
Event: 137.104 Thread 0x0000021121453000 DEOPT PACKING pc=0x000002110f71309f sp=0x00000070674f8b50
Event: 137.104 Thread 0x0000021121453000 DEOPT UNPACKING pc=0x000002110e45643f sp=0x00000070674f8010 mode 0
Event: 137.131 Thread 0x0000021121453000 Uncommon trap: trap_request=0xffffff4d fr.pc=0x000002111624b2b8 relative=0x0000000000000258
Event: 137.131 Thread 0x0000021121453000 Uncommon trap: reason=unstable_if action=reinterpret pc=0x000002111624b2b8 method=java.lang.CharacterDataLatin1.digit(II)I @ 12 c2
Event: 137.131 Thread 0x0000021121453000 DEOPT PACKING pc=0x000002111624b2b8 sp=0x00000070674f8fa0
Event: 137.131 Thread 0x0000021121453000 DEOPT UNPACKING pc=0x000002110e456029 sp=0x00000070674f8dc0 mode 2
Event: 137.910 Thread 0x0000021121453000 DEOPT PACKING pc=0x000002110f5ac28e sp=0x00000070674f9600
Event: 137.910 Thread 0x0000021121453000 DEOPT UNPACKING pc=0x000002110e45643f sp=0x00000070674f8b60 mode 0
Event: 138.122 Thread 0x0000021121453000 DEOPT PACKING pc=0x000002110f5ac28e sp=0x00000070674f9620
Event: 138.122 Thread 0x0000021121453000 DEOPT UNPACKING pc=0x000002110e45643f sp=0x00000070674f8b68 mode 0
Event: 138.497 Thread 0x0000021121453000 DEOPT PACKING pc=0x000002110f6c7025 sp=0x00000070674f8250
Event: 138.497 Thread 0x0000021121453000 DEOPT UNPACKING pc=0x000002110e45643f sp=0x00000070674f7818 mode 0
Event: 138.631 Thread 0x0000021121453000 Uncommon trap: trap_request=0xffffffd6 fr.pc=0x00000211163569e0 relative=0x0000000000000ac0
Event: 138.631 Thread 0x0000021121453000 Uncommon trap: reason=array_check action=maybe_recompile pc=0x00000211163569e0 method=com.google.common.collect.ImmutableSet.construct(I[Ljava/lang/Object;)Lcom/google/common/collect/ImmutableSet; @ 122 c2
Event: 138.631 Thread 0x0000021121453000 DEOPT PACKING pc=0x00000211163569e0 sp=0x00000070674f8380
Event: 138.631 Thread 0x0000021121453000 DEOPT UNPACKING pc=0x000002110e456029 sp=0x00000070674f8318 mode 2
Event: 138.816 Thread 0x0000021121453000 Uncommon trap: trap_request=0xffffffd6 fr.pc=0x00000211163569e0 relative=0x0000000000000ac0
Event: 138.816 Thread 0x0000021121453000 Uncommon trap: reason=array_check action=maybe_recompile pc=0x00000211163569e0 method=com.google.common.collect.ImmutableSet.construct(I[Ljava/lang/Object;)Lcom/google/common/collect/ImmutableSet; @ 122 c2
Event: 138.816 Thread 0x0000021121453000 DEOPT PACKING pc=0x00000211163569e0 sp=0x00000070674f8380
Event: 138.816 Thread 0x0000021121453000 DEOPT UNPACKING pc=0x000002110e456029 sp=0x00000070674f8318 mode 2

Classes redefined (0 events):
No events

Internal exceptions (20 events):
Event: 129.299 Thread 0x0000021121453000 Exception <a 'java/lang/ClassNotFoundException'{0x00000000e5ff3e48}: org/gradle/api/internal/tasks/DefaultSourceSetContainerCustomizer> (0x00000000e5ff3e48) thrown at [./src/hotspot/share/classfile/systemDictionary.cpp, line 231]
Event: 129.302 Thread 0x0000021121453000 Exception <a 'java/lang/ClassNotFoundException'{0x00000000e5326318}: org/gradle/api/internal/tasks/DefaultSourceSetContainer_DecoratedCustomizer> (0x00000000e5326318) thrown at [./src/hotspot/share/classfile/systemDictionary.cpp, line 231]
Event: 129.315 Thread 0x0000021121453000 Exception <a 'java/lang/ClassNotFoundException'{0x00000000e53923b0}: org/gradle/api/tasks/SourceSetBeanInfo> (0x00000000e53923b0) thrown at [./src/hotspot/share/classfile/systemDictionary.cpp, line 231]
Event: 129.317 Thread 0x0000021121453000 Exception <a 'java/lang/ClassNotFoundException'{0x00000000e53af5a0}: org/gradle/api/tasks/SourceSetCustomizer> (0x00000000e53af5a0) thrown at [./src/hotspot/share/classfile/systemDictionary.cpp, line 231]
Event: 129.334 Thread 0x0000021121453000 Exception <a 'java/lang/ClassNotFoundException'{0x00000000e682bb68}: java/util/LinkedHashMapBeanInfo> (0x00000000e682bb68) thrown at [./src/hotspot/share/classfile/systemDictionary.cpp, line 231]
Event: 129.338 Thread 0x0000021121453000 Exception <a 'java/lang/ClassNotFoundException'{0x00000000e6834df8}: java/util/HashMapBeanInfo> (0x00000000e6834df8) thrown at [./src/hotspot/share/classfile/systemDictionary.cpp, line 231]
Event: 129.340 Thread 0x0000021121453000 Exception <a 'java/lang/ClassNotFoundException'{0x00000000e683eb28}: java/util/AbstractMapBeanInfo> (0x00000000e683eb28) thrown at [./src/hotspot/share/classfile/systemDictionary.cpp, line 231]
Event: 129.341 Thread 0x0000021121453000 Exception <a 'java/lang/ClassNotFoundException'{0x00000000e6848698}: java/util/AbstractMapCustomizer> (0x00000000e6848698) thrown at [./src/hotspot/share/classfile/systemDictionary.cpp, line 231]
Event: 129.342 Thread 0x0000021121453000 Exception <a 'java/lang/ClassNotFoundException'{0x00000000e685bf50}: java/util/HashMapCustomizer> (0x00000000e685bf50) thrown at [./src/hotspot/share/classfile/systemDictionary.cpp, line 231]
Event: 129.387 Thread 0x0000021121453000 Exception <a 'java/lang/ClassNotFoundException'{0x00000000e687d938}: java/util/LinkedHashMapCustomizer> (0x00000000e687d938) thrown at [./src/hotspot/share/classfile/systemDictionary.cpp, line 231]
Event: 131.335 Thread 0x0000021121453000 Exception <a 'java/lang/NoSuchMethodError'{0x00000000e53da1b8}: 'java.lang.Object java.lang.invoke.Invokers$Holder.linkToTargetMethod(java.lang.Object, java.lang.Object, java.lang.Object, java.lang.Object, java.lang.Object, java.lang.Object, java.lang.Object)'> (0x00000000e53da1b8) thrown at [./src/hotspot/share/interpreter/linkResolver.cpp, line 773]
Event: 133.536 Thread 0x0000021121453000 Exception <a 'sun/nio/fs/WindowsException'{0x00000000e68eede0}> (0x00000000e68eede0) thrown at [./src/hotspot/share/prims/jni.cpp, line 615]
Event: 133.537 Thread 0x0000021121453000 Exception <a 'sun/nio/fs/WindowsException'{0x00000000e68ef3a8}> (0x00000000e68ef3a8) thrown at [./src/hotspot/share/prims/jni.cpp, line 615]
Event: 134.789 Thread 0x0000021121453000 Exception <a 'java/lang/NullPointerException'{0x00000000e6522360}> (0x00000000e6522360) thrown at [./src/hotspot/share/interpreter/linkResolver.cpp, line 1440]
Event: 135.727 Thread 0x0000021121453000 Implicit null exception at 0x00000211162f830d to 0x00000211162f8934
Event: 136.839 Thread 0x0000021121453000 Exception <a 'java/lang/NoSuchMethodError'{0x00000000e684f4f0}: 'int java.lang.invoke.DirectMethodHandle$Holder.invokeStatic(java.lang.Object, java.lang.Object, int, java.lang.Object)'> (0x00000000e684f4f0) thrown at [./src/hotspot/share/interpreter/linkResolver.cpp, line 773]
Event: 137.256 Thread 0x0000021121453000 Exception <a 'sun/nio/fs/WindowsException'{0x00000000e6584228}> (0x00000000e6584228) thrown at [./src/hotspot/share/prims/jni.cpp, line 615]
Event: 137.257 Thread 0x0000021121453000 Exception <a 'sun/nio/fs/WindowsException'{0x00000000e65855a0}> (0x00000000e65855a0) thrown at [./src/hotspot/share/prims/jni.cpp, line 615]
Event: 137.257 Thread 0x0000021121453000 Exception <a 'sun/nio/fs/WindowsException'{0x00000000e6586968}> (0x00000000e6586968) thrown at [./src/hotspot/share/prims/jni.cpp, line 615]
Event: 137.258 Thread 0x0000021121453000 Exception <a 'sun/nio/fs/WindowsException'{0x00000000e6587d30}> (0x00000000e6587d30) thrown at [./src/hotspot/share/prims/jni.cpp, line 615]

Events (20 events):
Event: 138.999 loading class com/android/builder/model/Library
Event: 138.999 loading class com/android/builder/model/Library done
Event: 139.000 loading class com/android/builder/model/MavenCoordinates
Event: 139.000 loading class com/android/builder/model/MavenCoordinates done
Event: 139.025 loading class com/android/builder/model/JavaLibrary
Event: 139.025 loading class com/android/builder/model/JavaLibrary done
Event: 139.027 loading class com/android/builder/model/Dependencies$ProjectIdentifier
Event: 139.027 loading class com/android/builder/model/Dependencies$ProjectIdentifier done
Event: 139.029 loading class com/android/builder/model/level2/GraphItem
Event: 139.029 loading class com/android/builder/model/level2/GraphItem done
Event: 139.030 loading class com/android/builder/model/CodeShrinker
Event: 139.030 loading class com/android/builder/model/CodeShrinker done
Event: 139.031 loading class com/android/builder/model/TestOptions
Event: 139.031 loading class com/android/builder/model/TestOptions done
Event: 139.031 loading class com/android/builder/model/InstantRun
Event: 139.031 loading class com/android/builder/model/InstantRun done
Event: 139.032 loading class com/android/builder/model/AndroidArtifactOutput
Event: 139.032 loading class com/android/builder/model/AndroidArtifactOutput done
Event: 139.032 loading class com/android/build/OutputFile
Event: 139.032 loading class com/android/build/OutputFile done


Dynamic libraries:
0x00007ff6eb980000 - 0x00007ff6eb98a000 	C:\Users\felip\OneDrive\Desktop\android-studio\jre\bin\java.exe
0x00007ffe72f10000 - 0x00007ffe73105000 	C:\Windows\SYSTEM32\ntdll.dll
0x00007ffe51290000 - 0x00007ffe512a6000 	C:\Program Files\Avast Software\Avast\aswhook.dll
0x00007ffe70f60000 - 0x00007ffe7101e000 	C:\Windows\System32\KERNEL32.DLL
0x00007ffe70c90000 - 0x00007ffe70f59000 	C:\Windows\System32\KERNELBASE.dll
0x00007ffe70a30000 - 0x00007ffe70b30000 	C:\Windows\System32\ucrtbase.dll
0x00007ffe6b780000 - 0x00007ffe6b799000 	C:\Users\felip\OneDrive\Desktop\android-studio\jre\bin\jli.dll
0x00007ffe6a160000 - 0x00007ffe6a177000 	C:\Users\felip\OneDrive\Desktop\android-studio\jre\bin\VCRUNTIME140.dll
0x00007ffe72ae0000 - 0x00007ffe72c81000 	C:\Windows\System32\USER32.dll
0x00007ffe70a00000 - 0x00007ffe70a22000 	C:\Windows\System32\win32u.dll
0x00007ffe71400000 - 0x00007ffe7142b000 	C:\Windows\System32\GDI32.dll
0x00007ffe70630000 - 0x00007ffe7073b000 	C:\Windows\System32\gdi32full.dll
0x00007ffe60850000 - 0x00007ffe60aea000 	C:\Windows\WinSxS\amd64_microsoft.windows.common-controls_6595b64144ccf1df_6.0.19041.1110_none_60b5254171f9507e\COMCTL32.dll
0x00007ffe70740000 - 0x00007ffe707dd000 	C:\Windows\System32\msvcp_win.dll
0x00007ffe72260000 - 0x00007ffe722fe000 	C:\Windows\System32\msvcrt.dll
0x00007ffe72730000 - 0x00007ffe72760000 	C:\Windows\System32\IMM32.DLL
0x00007ffe69150000 - 0x00007ffe691ed000 	C:\Users\felip\OneDrive\Desktop\android-studio\jre\bin\msvcp140.dll
0x00007ffe47050000 - 0x00007ffe47b25000 	C:\Users\felip\OneDrive\Desktop\android-studio\jre\bin\server\jvm.dll
0x00007ffe71430000 - 0x00007ffe714dc000 	C:\Windows\System32\ADVAPI32.dll
0x00007ffe711a0000 - 0x00007ffe7123b000 	C:\Windows\System32\sechost.dll
0x00007ffe712d0000 - 0x00007ffe713fa000 	C:\Windows\System32\RPCRT4.dll
0x00007ffe71970000 - 0x00007ffe71978000 	C:\Windows\System32\PSAPI.DLL
0x00007ffe63c60000 - 0x00007ffe63c69000 	C:\Windows\SYSTEM32\WSOCK32.dll
0x00007ffe594e0000 - 0x00007ffe59507000 	C:\Windows\SYSTEM32\WINMM.dll
0x00007ffe65210000 - 0x00007ffe6521a000 	C:\Windows\SYSTEM32\VERSION.dll
0x00007ffe721f0000 - 0x00007ffe7225b000 	C:\Windows\System32\WS2_32.dll
0x00007ffe6e450000 - 0x00007ffe6e462000 	C:\Windows\SYSTEM32\kernel.appcore.dll
0x00007ffe6c040000 - 0x00007ffe6c051000 	C:\Users\felip\OneDrive\Desktop\android-studio\jre\bin\verify.dll
0x00007ffe65020000 - 0x00007ffe65204000 	C:\Windows\SYSTEM32\DBGHELP.DLL
0x00007ffe64ff0000 - 0x00007ffe6501c000 	C:\Windows\SYSTEM32\dbgcore.DLL
0x00007ffe707e0000 - 0x00007ffe70863000 	C:\Windows\System32\bcryptPrimitives.dll
0x00007ffe6a850000 - 0x00007ffe6a879000 	C:\Users\felip\OneDrive\Desktop\android-studio\jre\bin\java.dll
0x00007ffe6df20000 - 0x00007ffe6df2b000 	C:\Users\felip\OneDrive\Desktop\android-studio\jre\bin\jimage.dll
0x00007ffe69940000 - 0x00007ffe69958000 	C:\Users\felip\OneDrive\Desktop\android-studio\jre\bin\zip.dll
0x00007ffe71ab0000 - 0x00007ffe721ef000 	C:\Windows\System32\SHELL32.dll
0x00007ffe6e730000 - 0x00007ffe6eec0000 	C:\Windows\SYSTEM32\windows.storage.dll
0x00007ffe72780000 - 0x00007ffe72ad5000 	C:\Windows\System32\combase.dll
0x00007ffe6ffb0000 - 0x00007ffe6ffdc000 	C:\Windows\SYSTEM32\Wldp.dll
0x00007ffe71980000 - 0x00007ffe71a2d000 	C:\Windows\System32\SHCORE.dll
0x00007ffe72d60000 - 0x00007ffe72db5000 	C:\Windows\System32\shlwapi.dll
0x00007ffe70570000 - 0x00007ffe7058f000 	C:\Windows\SYSTEM32\profapi.dll
0x00007ffe68540000 - 0x00007ffe6855a000 	C:\Users\felip\OneDrive\Desktop\android-studio\jre\bin\net.dll
0x00007ffe64e40000 - 0x00007ffe64f48000 	C:\Windows\SYSTEM32\WINHTTP.dll
0x00007ffe6fd10000 - 0x00007ffe6fd7a000 	C:\Windows\system32\mswsock.dll
0x00007ffe67e20000 - 0x00007ffe67e34000 	C:\Users\felip\OneDrive\Desktop\android-studio\jre\bin\nio.dll
0x00007ffe5d700000 - 0x00007ffe5d727000 	C:\Users\felip\.gradle\native\8bec1ad78214c89d9ad589b4d07fe93259594b29d510b10fafb7a158f7737e5d\windows-amd64\native-platform.dll
0x00007ffe53100000 - 0x00007ffe5323d000 	C:\Users\felip\.gradle\native\53dbd7edfb1c66fb8903c78663c9afc45aea4f116125fa6feffd364cf09443e8\windows-amd64\native-platform-file-events.dll
0x00007ffe6dd60000 - 0x00007ffe6dd6a000 	C:\Users\felip\OneDrive\Desktop\android-studio\jre\bin\management.dll
0x00007ffe6dd40000 - 0x00007ffe6dd4d000 	C:\Users\felip\OneDrive\Desktop\android-studio\jre\bin\management_ext.dll
0x00007ffe6ff10000 - 0x00007ffe6ff28000 	C:\Windows\SYSTEM32\CRYPTSP.dll
0x00007ffe6f690000 - 0x00007ffe6f6c4000 	C:\Windows\system32\rsaenh.dll
0x00007ffe70980000 - 0x00007ffe709a7000 	C:\Windows\System32\bcrypt.dll
0x00007ffe704f0000 - 0x00007ffe7051e000 	C:\Windows\SYSTEM32\USERENV.dll
0x00007ffe6ff00000 - 0x00007ffe6ff0c000 	C:\Windows\SYSTEM32\CRYPTBASE.dll
0x00007ffe6fa00000 - 0x00007ffe6fa3b000 	C:\Windows\SYSTEM32\IPHLPAPI.DLL
0x00007ffe71960000 - 0x00007ffe71968000 	C:\Windows\System32\NSI.dll
0x00007ffe698d0000 - 0x00007ffe698e7000 	C:\Windows\SYSTEM32\dhcpcsvc6.DLL
0x00007ffe69bc0000 - 0x00007ffe69bdd000 	C:\Windows\SYSTEM32\dhcpcsvc.DLL
0x00007ffe6fa40000 - 0x00007ffe6fb0c000 	C:\Windows\SYSTEM32\DNSAPI.dll

dbghelp: loaded successfully - version: 4.0.5 - missing functions: none
symbol engine: initialized successfully - sym options: 0x614 - pdb path: .;C:\Users\felip\OneDrive\Desktop\android-studio\jre\bin;C:\Windows\SYSTEM32;C:\Program Files\Avast Software\Avast;C:\Windows\WinSxS\amd64_microsoft.windows.common-controls_6595b64144ccf1df_6.0.19041.1110_none_60b5254171f9507e;C:\Users\felip\OneDrive\Desktop\android-studio\jre\bin\server;C:\Users\felip\.gradle\native\8bec1ad78214c89d9ad589b4d07fe93259594b29d510b10fafb7a158f7737e5d\windows-amd64;C:\Users\felip\.gradle\native\53dbd7edfb1c66fb8903c78663c9afc45aea4f116125fa6feffd364cf09443e8\windows-amd64

VM Arguments:
jvm_args: --add-opens=java.base/java.util=ALL-UNNAMED --add-opens=java.base/java.lang=ALL-UNNAMED --add-opens=java.base/java.lang.invoke=ALL-UNNAMED --add-opens=java.base/java.util=ALL-UNNAMED --add-opens=java.prefs/java.util.prefs=ALL-UNNAMED --add-opens=java.prefs/java.util.prefs=ALL-UNNAMED --add-opens=java.base/java.nio.charset=ALL-UNNAMED --add-opens=java.base/java.net=ALL-UNNAMED --add-opens=java.base/java.util.concurrent.atomic=ALL-UNNAMED -Xmx512m -Dfile.encoding=UTF-8 -Duser.country=US -Duser.language=en -Duser.variant 
java_command: org.gradle.launcher.daemon.bootstrap.GradleDaemon 7.0.2
java_class_path (initial): C:\Users\felip\.gradle\wrapper\dists\gradle-7.0.2-bin\857tjihv64xamwrf0h14cai3r\gradle-7.0.2\lib\gradle-launcher-7.0.2.jar
Launcher Type: SUN_STANDARD

[Global flags]
     intx CICompilerCount                          = 2                                         {product} {ergonomic}
     uint ConcGCThreads                            = 1                                         {product} {ergonomic}
     uint G1ConcRefinementThreads                  = 2                                         {product} {ergonomic}
   size_t G1HeapRegionSize                         = 1048576                                   {product} {ergonomic}
    uintx GCDrainStackTargetSize                   = 64                                        {product} {ergonomic}
   size_t InitialHeapSize                          = 67108864                                  {product} {ergonomic}
   size_t MarkStackSize                            = 4194304                                   {product} {ergonomic}
   size_t MaxHeapSize                              = 536870912                                 {product} {command line}
   size_t MaxNewSize                               = 321912832                                 {product} {ergonomic}
   size_t MinHeapDeltaBytes                        = 1048576                                   {product} {ergonomic}
    uintx NonNMethodCodeHeapSize                   = 5825164                                {pd product} {ergonomic}
    uintx NonProfiledCodeHeapSize                  = 122916538                              {pd product} {ergonomic}
    uintx ProfiledCodeHeapSize                     = 122916538                              {pd product} {ergonomic}
    uintx ReservedCodeCacheSize                    = 251658240                              {pd product} {ergonomic}
     bool SegmentedCodeCache                       = true                                      {product} {ergonomic}
     bool UseCompressedClassPointers               = true                                 {lp64_product} {ergonomic}
     bool UseCompressedOops                        = true                                 {lp64_product} {ergonomic}
     bool UseG1GC                                  = true                                      {product} {ergonomic}
     bool UseLargePagesIndividualAllocation        = false                                  {pd product} {ergonomic}

Logging:
Log output configuration:
 #0: stdout all=warning uptime,level,tags
 #1: stderr all=off uptime,level,tags

Environment Variables:
PATH=C:\Program Files\Common Files\Oracle\Java\javapath;C:\Program Files (x86)\Common Files\Oracle\Java\javapath;C:\Windows\system32;C:\Windows;C:\Windows\System32\Wbem;C:\Windows\System32\WindowsPowerShell\v1.0\;C:\Windows\System32\OpenSSH\;C:\ProgramData\chocolatey\bin;C:\Program Files (x86)\Yarn\bin\;C:\Program Files\Git\cmd;C:\Program Files\nodejs\;C:\Users\felip\AppData\Local\Microsoft\WindowsApps;C:\Users\felip\AppData\Local\Programs\Microsoft VS Code\bin;C:\Users\felip\AppData\Local\Yarn\bin;C:\Users\felip\AppData\Local\GitHubDesktop\bin;C:\Users\felip\AppData\Roaming\npm
USERNAME=felip
OS=Windows_NT
PROCESSOR_IDENTIFIER=Intel64 Family 6 Model 23 Stepping 10, GenuineIntel



---------------  S Y S T E M  ---------------

OS: Windows 10 , 64 bit Build 19041 (10.0.19041.1202)
OS uptime: 4 days 1:56 hours

CPU:total 2 (initial active 2) (2 cores per cpu, 1 threads per core) family 6 model 23 stepping 10 microcode 0xa0c, cmov, cx8, fxsr, mmx, sse, sse2, sse3, ssse3, tsc

Memory: 4k page, system-wide physical 4061M (33M free)
TotalPageFile size 4061M (AvailPageFile size 4M)
current process WorkingSet (physical memory assigned to process): 203M, peak: 249M
current process commit charge ("private bytes"): 360M, peak: 360M

vm_info: OpenJDK 64-Bit Server VM (11.0.11+9-b60-7590822) for windows-amd64 JRE (11.0.11+9-b60-7590822), built on Jul 29 2021 21:43:44 by "builder" with MS VC++ 14.0 (VS2015)

END.
