#
# There is insufficient memory for the Java Runtime Environment to continue.
# Native memory allocation (malloc) failed to allocate 2210736 bytes for Chunk::new
# Possible reasons:
#   The system is out of physical RAM or swap space
#   The process is running with CompressedOops enabled, and the Java Heap may be blocking the growth of the native heap
# Possible solutions:
#   Reduce memory load on the system
#   Increase physical memory or swap space
#   Check if swap backing store is full
#   Decrease Java heap size (-Xmx/-Xms)
#   Decrease number of Java threads
#   Decrease Java thread stack sizes (-Xss)
#   Set larger code cache with -XX:ReservedCodeCacheSize=
#   JVM is running with Unscaled Compressed Oops mode in which the Java heap is
#     placed in the first 4GB address space. The Java Heap base address is the
#     maximum limit for the native heap growth. Please use -XX:HeapBaseMinAddress
#     to set the Java Heap base and to place the Java Heap above 4GB virtual address.
# This output file may be truncated or incomplete.
#
#  Out of Memory Error (./src/hotspot/share/memory/arena.cpp:197), pid=1604, tid=2636
#
# JRE version: OpenJDK Runtime Environment (11.0.11+9) (build 11.0.11+9-b60-7590822)
# Java VM: OpenJDK 64-Bit Server VM (11.0.11+9-b60-7590822, mixed mode, tiered, compressed oops, g1 gc, windows-amd64)
# No core dump will be written. Minidumps are not enabled by default on client versions of Windows
#

---------------  S U M M A R Y ------------

Command Line: --add-opens=java.base/java.util=ALL-UNNAMED --add-opens=java.base/java.lang=ALL-UNNAMED --add-opens=java.base/java.lang.invoke=ALL-UNNAMED --add-opens=java.base/java.util=ALL-UNNAMED --add-opens=java.prefs/java.util.prefs=ALL-UNNAMED --add-opens=java.prefs/java.util.prefs=ALL-UNNAMED --add-opens=java.base/java.nio.charset=ALL-UNNAMED --add-opens=java.base/java.net=ALL-UNNAMED --add-opens=java.base/java.util.concurrent.atomic=ALL-UNNAMED -Xmx512m -Dfile.encoding=UTF-8 -Duser.country=US -Duser.language=en -Duser.variant org.gradle.launcher.daemon.bootstrap.GradleDaemon 7.0.2

Host: Celeron(R) Dual-Core CPU       T3500  @ 2.10GHz, 2 cores, 3G,  Windows 10 , 64 bit Build 19041 (10.0.19041.1202)
Time: Mon Nov  8 14:25:49 2021 E. South America Standard Time elapsed time: 55.600105 seconds (0d 0h 0m 55s)

---------------  T H R E A D  ---------------

Current thread (0x0000019e75931800):  JavaThread "C2 CompilerThread0" daemon [_thread_in_native, id=2636, stack(0x000000196a400000,0x000000196a500000)]


Current CompileTask:
C2:  55602 6932   !   4       com.sun.beans.TypeResolver::resolve (261 bytes)

Stack: [0x000000196a400000,0x000000196a500000]
Native frames: (J=compiled Java code, j=interpreted, Vv=VM code, C=native code)
V  [jvm.dll+0x5f214a]
V  [jvm.dll+0x726fb5]
V  [jvm.dll+0x7285cd]
V  [jvm.dll+0x728c83]
V  [jvm.dll+0x243278]
V  [jvm.dll+0xbc53c]
V  [jvm.dll+0xbca3c]
V  [jvm.dll+0x353e7d]
V  [jvm.dll+0x321893]
V  [jvm.dll+0x320d8a]
V  [jvm.dll+0x1fc1e2]
V  [jvm.dll+0x1fb3d4]
V  [jvm.dll+0x183d6c]
V  [jvm.dll+0x209a57]
V  [jvm.dll+0x2082a1]
V  [jvm.dll+0x6ef58f]
V  [jvm.dll+0x6e80b5]
V  [jvm.dll+0x5f1036]
C  [ucrtbase.dll+0x21bb2]
C  [KERNEL32.DLL+0x17034]
C  [ntdll.dll+0x52651]


---------------  P R O C E S S  ---------------

Threads class SMR info:
_java_thread_list=0x0000019e7c8f8720, length=38, elements={
0x0000019e6c350800, 0x0000019e758ca000, 0x0000019e758d4000, 0x0000019e75923800,
0x0000019e75926000, 0x0000019e75929800, 0x0000019e75931800, 0x0000019e75933000,
0x0000019e75935800, 0x0000019e75b9c800, 0x0000019e77028000, 0x0000019e76e01800,
0x0000019e76a84000, 0x0000019e7740f000, 0x0000019e7740f800, 0x0000019e75fa4000,
0x0000019e77031000, 0x0000019e76ca6800, 0x0000019e76ac8000, 0x0000019e75b9e800,
0x0000019e75ba1000, 0x0000019e75ba0000, 0x0000019e75b9f800, 0x0000019e75ba1800,
0x0000019e75ba2800, 0x0000019e75ba3800, 0x0000019e75b9d800, 0x0000019e75ba4000,
0x0000019e77b96000, 0x0000019e77b9b800, 0x0000019e77b98800, 0x0000019e77b9b000,
0x0000019e77b9c800, 0x0000019e77b99000, 0x0000019e77b9a000, 0x0000019e7666c800,
0x0000019e7666c000, 0x0000019e7666f000
}

Java Threads: ( => current thread )
  0x0000019e6c350800 JavaThread "main" [_thread_blocked, id=9132, stack(0x0000001969800000,0x0000001969900000)]
  0x0000019e758ca000 JavaThread "Reference Handler" daemon [_thread_blocked, id=2648, stack(0x0000001969f00000,0x000000196a000000)]
  0x0000019e758d4000 JavaThread "Finalizer" daemon [_thread_blocked, id=7760, stack(0x000000196a000000,0x000000196a100000)]
  0x0000019e75923800 JavaThread "Signal Dispatcher" daemon [_thread_blocked, id=9120, stack(0x000000196a100000,0x000000196a200000)]
  0x0000019e75926000 JavaThread "Attach Listener" daemon [_thread_blocked, id=2356, stack(0x000000196a200000,0x000000196a300000)]
  0x0000019e75929800 JavaThread "Service Thread" daemon [_thread_blocked, id=4428, stack(0x000000196a300000,0x000000196a400000)]
=>0x0000019e75931800 JavaThread "C2 CompilerThread0" daemon [_thread_in_native, id=2636, stack(0x000000196a400000,0x000000196a500000)]
  0x0000019e75933000 JavaThread "C1 CompilerThread0" daemon [_thread_blocked, id=6636, stack(0x000000196a500000,0x000000196a600000)]
  0x0000019e75935800 JavaThread "Sweeper thread" daemon [_thread_blocked, id=8604, stack(0x000000196a600000,0x000000196a700000)]
  0x0000019e75b9c800 JavaThread "Common-Cleaner" daemon [_thread_blocked, id=9152, stack(0x000000196a700000,0x000000196a800000)]
  0x0000019e77028000 JavaThread "Daemon health stats" [_thread_blocked, id=5156, stack(0x000000196aa00000,0x000000196ab00000)]
  0x0000019e76e01800 JavaThread "Incoming local TCP Connector on port 4487" [_thread_in_native, id=384, stack(0x000000196ab00000,0x000000196ac00000)]
  0x0000019e76a84000 JavaThread "Daemon periodic checks" [_thread_blocked, id=7812, stack(0x000000196ac00000,0x000000196ad00000)]
  0x0000019e7740f000 JavaThread "Daemon" [_thread_blocked, id=6688, stack(0x000000196ad00000,0x000000196ae00000)]
  0x0000019e7740f800 JavaThread "Handler for socket connection from /127.0.0.1:4487 to /127.0.0.1:4488" [_thread_in_native, id=7888, stack(0x000000196ae00000,0x000000196af00000)]
  0x0000019e75fa4000 JavaThread "Cancel handler" [_thread_blocked, id=3856, stack(0x000000196af00000,0x000000196b000000)]
  0x0000019e77031000 JavaThread "Daemon worker" [_thread_in_native, id=6996, stack(0x000000196b000000,0x000000196b100000)]
  0x0000019e76ca6800 JavaThread "Asynchronous log dispatcher for DefaultDaemonConnection: socket connection from /127.0.0.1:4487 to /127.0.0.1:4488" [_thread_blocked, id=7916, stack(0x000000196b100000,0x000000196b200000)]
  0x0000019e76ac8000 JavaThread "Stdin handler" [_thread_blocked, id=4944, stack(0x000000196b200000,0x000000196b300000)]
  0x0000019e75b9e800 JavaThread "Daemon client event forwarder" [_thread_blocked, id=3332, stack(0x000000196b300000,0x000000196b400000)]
  0x0000019e75ba1000 JavaThread "Cache worker for file hash cache (C:\Users\felip\.gradle\caches\7.0.2\fileHashes)" [_thread_blocked, id=864, stack(0x000000196b400000,0x000000196b500000)]
  0x0000019e75ba0000 JavaThread "File lock request listener" [_thread_in_native, id=5044, stack(0x000000196b500000,0x000000196b600000)]
  0x0000019e75b9f800 JavaThread "Cache worker for journal cache (C:\Users\felip\.gradle\caches\journal-1)" [_thread_blocked, id=8160, stack(0x000000196b600000,0x000000196b700000)]
  0x0000019e75ba1800 JavaThread "Cache worker for file hash cache (C:\Users\felip\AndroidStudioProjects\VideoApp\.gradle\7.0.2\fileHashes)" [_thread_blocked, id=6540, stack(0x000000196b700000,0x000000196b800000)]
  0x0000019e75ba2800 JavaThread "File watcher server" daemon [_thread_in_native, id=7312, stack(0x000000196b800000,0x000000196b900000)]
  0x0000019e75ba3800 JavaThread "File watcher consumer" daemon [_thread_blocked, id=4940, stack(0x000000196b900000,0x000000196ba00000)]
  0x0000019e75b9d800 JavaThread "jar transforms" [_thread_blocked, id=4888, stack(0x000000196ba00000,0x000000196bb00000)]
  0x0000019e75ba4000 JavaThread "jar transforms Thread 2" [_thread_blocked, id=9080, stack(0x000000196bb00000,0x000000196bc00000)]
  0x0000019e77b96000 JavaThread "Cache worker for checksums cache (C:\Users\felip\AndroidStudioProjects\VideoApp\.gradle\checksums)" [_thread_blocked, id=5716, stack(0x000000196bc00000,0x000000196bd00000)]
  0x0000019e77b9b800 JavaThread "Cache worker for cache directory md-supplier (C:\Users\felip\.gradle\caches\7.0.2\md-supplier)" [_thread_blocked, id=7328, stack(0x000000196bd00000,0x000000196be00000)]
  0x0000019e77b98800 JavaThread "Cache worker for cache directory md-rule (C:\Users\felip\.gradle\caches\7.0.2\md-rule)" [_thread_blocked, id=1720, stack(0x000000196be00000,0x000000196bf00000)]
  0x0000019e77b9b000 JavaThread "Cache worker for execution history cache (C:\Users\felip\.gradle\caches\7.0.2\executionHistory)" [_thread_blocked, id=6804, stack(0x000000196bf00000,0x000000196c000000)]
  0x0000019e77b9c800 JavaThread "Cache worker for file content cache (C:\Users\felip\.gradle\caches\7.0.2\fileContent)" [_thread_blocked, id=4832, stack(0x000000196c000000,0x000000196c100000)]
  0x0000019e77b99000 JavaThread "Cache worker for dependencies-accessors (C:\Users\felip\AndroidStudioProjects\VideoApp\.gradle\7.0.2\dependencies-accessors)" [_thread_blocked, id=6680, stack(0x000000196c100000,0x000000196c200000)]
  0x0000019e77b9a000 JavaThread "Cache worker for Build Output Cleanup Cache (C:\Users\felip\AndroidStudioProjects\VideoApp\.gradle\buildOutputCleanup)" [_thread_blocked, id=8820, stack(0x000000196c200000,0x000000196c300000)]
  0x0000019e7666c800 JavaThread "Build operations" [_thread_blocked, id=1828, stack(0x000000196c300000,0x000000196c400000)]
  0x0000019e7666c000 JavaThread "Build operations Thread 2" [_thread_blocked, id=6176, stack(0x000000196c400000,0x000000196c500000)]
  0x0000019e7666f000 JavaThread "Memory manager" [_thread_blocked, id=2620, stack(0x000000196c700000,0x000000196c800000)]

Other Threads:
  0x0000019e758c4800 VMThread "VM Thread" [stack: 0x0000001969e00000,0x0000001969f00000] [id=6748]
  0x0000019e75c04800 WatcherThread [stack: 0x000000196a800000,0x000000196a900000] [id=4164]
  0x0000019e6c36a000 GCTaskThread "GC Thread#0" [stack: 0x0000001969900000,0x0000001969a00000] [id=8024]
  0x0000019e75dc9000 GCTaskThread "GC Thread#1" [stack: 0x000000196a900000,0x000000196aa00000] [id=2388]
  0x0000019e6c37b800 ConcurrentGCThread "G1 Main Marker" [stack: 0x0000001969a00000,0x0000001969b00000] [id=5520]
  0x0000019e6c37d800 ConcurrentGCThread "G1 Conc#0" [stack: 0x0000001969b00000,0x0000001969c00000] [id=8924]
  0x0000019e6c3c9800 ConcurrentGCThread "G1 Refine#0" [stack: 0x0000001969c00000,0x0000001969d00000] [id=3976]
  0x0000019e6c3cc800 ConcurrentGCThread "G1 Young RemSet Sampling" [stack: 0x0000001969d00000,0x0000001969e00000] [id=1232]

Threads with active compile tasks:
C2 CompilerThread0  55918 6932   !   4       com.sun.beans.TypeResolver::resolve (261 bytes)

VM state:not at safepoint (normal execution)

VM Mutex/Monitor currently owned by a thread: None

Heap address: 0x00000000e0000000, size: 512 MB, Compressed Oops mode: 32-bit
Narrow klass base: 0x0000000000000000, Narrow klass shift: 3
Compressed class space size: 1073741824 Address: 0x0000000100000000

Heap:
 garbage-first heap   total 112640K, used 89062K [0x00000000e0000000, 0x0000000100000000)
  region size 1024K, 8 young (8192K), 2 survivors (2048K)
 Metaspace       used 68170K, capacity 70024K, committed 70272K, reserved 1110016K
  class space    used 8594K, capacity 9242K, committed 9344K, reserved 1048576K
Heap Regions: E=young(eden), S=young(survivor), O=old, HS=humongous(starts), HC=humongous(continues), CS=collection set, F=free, A=archive, TAMS=top-at-mark-start (previous, next)
|   0|0x00000000e0000000, 0x00000000e0100000, 0x00000000e0100000|100%| O|  |TAMS 0x00000000e0100000, 0x00000000e0000000| Untracked 
|   1|0x00000000e0100000, 0x00000000e0200000, 0x00000000e0200000|100%| O|  |TAMS 0x00000000e0200000, 0x00000000e0100000| Untracked 
|   2|0x00000000e0200000, 0x00000000e0300000, 0x00000000e0300000|100%| O|  |TAMS 0x00000000e0300000, 0x00000000e0200000| Untracked 
|   3|0x00000000e0300000, 0x00000000e0400000, 0x00000000e0400000|100%| O|  |TAMS 0x00000000e0400000, 0x00000000e0300000| Untracked 
|   4|0x00000000e0400000, 0x00000000e0500000, 0x00000000e0500000|100%|HS|  |TAMS 0x00000000e0500000, 0x00000000e0400000| Complete 
|   5|0x00000000e0500000, 0x00000000e0600000, 0x00000000e0600000|100%|HC|  |TAMS 0x00000000e0600000, 0x00000000e0500000| Complete 
|   6|0x00000000e0600000, 0x00000000e0700000, 0x00000000e0700000|100%|HC|  |TAMS 0x00000000e0700000, 0x00000000e0600000| Complete 
|   7|0x00000000e0700000, 0x00000000e0800000, 0x00000000e0800000|100%| O|  |TAMS 0x00000000e0800000, 0x00000000e0700000| Untracked 
|   8|0x00000000e0800000, 0x00000000e0900000, 0x00000000e0900000|100%| O|  |TAMS 0x00000000e0900000, 0x00000000e0800000| Untracked 
|   9|0x00000000e0900000, 0x00000000e0a00000, 0x00000000e0a00000|100%| O|  |TAMS 0x00000000e0a00000, 0x00000000e0900000| Untracked 
|  10|0x00000000e0a00000, 0x00000000e0b00000, 0x00000000e0b00000|100%| O|  |TAMS 0x00000000e0b00000, 0x00000000e0a00000| Untracked 
|  11|0x00000000e0b00000, 0x00000000e0c00000, 0x00000000e0c00000|100%| O|  |TAMS 0x00000000e0c00000, 0x00000000e0b00000| Untracked 
|  12|0x00000000e0c00000, 0x00000000e0d00000, 0x00000000e0d00000|100%| O|  |TAMS 0x00000000e0d00000, 0x00000000e0c00000| Untracked 
|  13|0x00000000e0d00000, 0x00000000e0e00000, 0x00000000e0e00000|100%| O|  |TAMS 0x00000000e0e00000, 0x00000000e0d00000| Untracked 
|  14|0x00000000e0e00000, 0x00000000e0f00000, 0x00000000e0f00000|100%| O|  |TAMS 0x00000000e0f00000, 0x00000000e0e00000| Untracked 
|  15|0x00000000e0f00000, 0x00000000e1000000, 0x00000000e1000000|100%|HS|  |TAMS 0x00000000e1000000, 0x00000000e0f00000| Complete 
|  16|0x00000000e1000000, 0x00000000e1100000, 0x00000000e1100000|100%|HC|  |TAMS 0x00000000e1100000, 0x00000000e1000000| Complete 
|  17|0x00000000e1100000, 0x00000000e1200000, 0x00000000e1200000|100%|HS|  |TAMS 0x00000000e1200000, 0x00000000e1100000| Complete 
|  18|0x00000000e1200000, 0x00000000e1300000, 0x00000000e1300000|100%|HC|  |TAMS 0x00000000e1300000, 0x00000000e1200000| Complete 
|  19|0x00000000e1300000, 0x00000000e1400000, 0x00000000e1400000|100%|HC|  |TAMS 0x00000000e1400000, 0x00000000e1300000| Complete 
|  20|0x00000000e1400000, 0x00000000e1500000, 0x00000000e1500000|100%| O|  |TAMS 0x00000000e1500000, 0x00000000e1400000| Untracked 
|  21|0x00000000e1500000, 0x00000000e1600000, 0x00000000e1600000|100%|HS|  |TAMS 0x00000000e1600000, 0x00000000e1500000| Complete 
|  22|0x00000000e1600000, 0x00000000e1700000, 0x00000000e1700000|100%|HC|  |TAMS 0x00000000e1700000, 0x00000000e1600000| Complete 
|  23|0x00000000e1700000, 0x00000000e1800000, 0x00000000e1800000|100%|HC|  |TAMS 0x00000000e1800000, 0x00000000e1700000| Complete 
|  24|0x00000000e1800000, 0x00000000e1900000, 0x00000000e1900000|100%|HC|  |TAMS 0x00000000e1900000, 0x00000000e1800000| Complete 
|  25|0x00000000e1900000, 0x00000000e1a00000, 0x00000000e1a00000|100%| O|  |TAMS 0x00000000e1a00000, 0x00000000e1900000| Untracked 
|  26|0x00000000e1a00000, 0x00000000e1b00000, 0x00000000e1b00000|100%| O|  |TAMS 0x00000000e1b00000, 0x00000000e1a00000| Untracked 
|  27|0x00000000e1b00000, 0x00000000e1c00000, 0x00000000e1c00000|100%| O|  |TAMS 0x00000000e1c00000, 0x00000000e1b00000| Untracked 
|  28|0x00000000e1c00000, 0x00000000e1d00000, 0x00000000e1d00000|100%| O|  |TAMS 0x00000000e1d00000, 0x00000000e1c00000| Untracked 
|  29|0x00000000e1d00000, 0x00000000e1e00000, 0x00000000e1e00000|100%| O|  |TAMS 0x00000000e1e00000, 0x00000000e1d00000| Untracked 
|  30|0x00000000e1e00000, 0x00000000e1f00000, 0x00000000e1f00000|100%| O|  |TAMS 0x00000000e1f00000, 0x00000000e1e00000| Untracked 
|  31|0x00000000e1f00000, 0x00000000e2000000, 0x00000000e2000000|100%| O|  |TAMS 0x00000000e2000000, 0x00000000e1f00000| Untracked 
|  32|0x00000000e2000000, 0x00000000e2100000, 0x00000000e2100000|100%| O|  |TAMS 0x00000000e2100000, 0x00000000e2000000| Untracked 
|  33|0x00000000e2100000, 0x00000000e2200000, 0x00000000e2200000|100%| O|  |TAMS 0x00000000e2200000, 0x00000000e2100000| Untracked 
|  34|0x00000000e2200000, 0x00000000e2300000, 0x00000000e2300000|100%| O|  |TAMS 0x00000000e2300000, 0x00000000e2200000| Untracked 
|  35|0x00000000e2300000, 0x00000000e2400000, 0x00000000e2400000|100%| O|  |TAMS 0x00000000e2400000, 0x00000000e2300000| Untracked 
|  36|0x00000000e2400000, 0x00000000e2500000, 0x00000000e2500000|100%| O|  |TAMS 0x00000000e2500000, 0x00000000e2400000| Untracked 
|  37|0x00000000e2500000, 0x00000000e2600000, 0x00000000e2600000|100%| O|  |TAMS 0x00000000e2600000, 0x00000000e2500000| Untracked 
|  38|0x00000000e2600000, 0x00000000e2700000, 0x00000000e2700000|100%|HS|  |TAMS 0x00000000e2700000, 0x00000000e2600000| Complete 
|  39|0x00000000e2700000, 0x00000000e2800000, 0x00000000e2800000|100%|HC|  |TAMS 0x00000000e2800000, 0x00000000e2700000| Complete 
|  40|0x00000000e2800000, 0x00000000e2900000, 0x00000000e2900000|100%|HC|  |TAMS 0x00000000e2900000, 0x00000000e2800000| Complete 
|  41|0x00000000e2900000, 0x00000000e2a00000, 0x00000000e2a00000|100%| O|  |TAMS 0x00000000e2a00000, 0x00000000e2900000| Untracked 
|  42|0x00000000e2a00000, 0x00000000e2b00000, 0x00000000e2b00000|100%| O|  |TAMS 0x00000000e2b00000, 0x00000000e2a00000| Untracked 
|  43|0x00000000e2b00000, 0x00000000e2c00000, 0x00000000e2c00000|100%| O|  |TAMS 0x00000000e2c00000, 0x00000000e2b00000| Untracked 
|  44|0x00000000e2c00000, 0x00000000e2d00000, 0x00000000e2d00000|100%| O|  |TAMS 0x00000000e2d00000, 0x00000000e2c00000| Untracked 
|  45|0x00000000e2d00000, 0x00000000e2e00000, 0x00000000e2e00000|100%| O|  |TAMS 0x00000000e2e00000, 0x00000000e2d00000| Untracked 
|  46|0x00000000e2e00000, 0x00000000e2f00000, 0x00000000e2f00000|100%|HS|  |TAMS 0x00000000e2f00000, 0x00000000e2e00000| Complete 
|  47|0x00000000e2f00000, 0x00000000e3000000, 0x00000000e3000000|100%|HC|  |TAMS 0x00000000e3000000, 0x00000000e2f00000| Complete 
|  48|0x00000000e3000000, 0x00000000e3100000, 0x00000000e3100000|100%|HC|  |TAMS 0x00000000e3100000, 0x00000000e3000000| Complete 
|  49|0x00000000e3100000, 0x00000000e3200000, 0x00000000e3200000|100%|HC|  |TAMS 0x00000000e3200000, 0x00000000e3100000| Complete 
|  50|0x00000000e3200000, 0x00000000e3300000, 0x00000000e3300000|100%| O|  |TAMS 0x00000000e3300000, 0x00000000e3200000| Untracked 
|  51|0x00000000e3300000, 0x00000000e3400000, 0x00000000e3400000|100%| O|  |TAMS 0x00000000e3400000, 0x00000000e3300000| Untracked 
|  52|0x00000000e3400000, 0x00000000e3500000, 0x00000000e3500000|100%| O|  |TAMS 0x00000000e3500000, 0x00000000e3400000| Untracked 
|  53|0x00000000e3500000, 0x00000000e3600000, 0x00000000e3600000|100%| O|  |TAMS 0x00000000e3600000, 0x00000000e3500000| Untracked 
|  54|0x00000000e3600000, 0x00000000e3700000, 0x00000000e3700000|100%|HS|  |TAMS 0x00000000e3700000, 0x00000000e3600000| Complete 
|  55|0x00000000e3700000, 0x00000000e3800000, 0x00000000e3800000|100%|HS|  |TAMS 0x00000000e3800000, 0x00000000e3700000| Complete 
|  56|0x00000000e3800000, 0x00000000e3900000, 0x00000000e3900000|100%|HS|  |TAMS 0x00000000e3900000, 0x00000000e3800000| Complete 
|  57|0x00000000e3900000, 0x00000000e3a00000, 0x00000000e3a00000|100%| O|  |TAMS 0x00000000e3a00000, 0x00000000e3900000| Untracked 
|  58|0x00000000e3a00000, 0x00000000e3b00000, 0x00000000e3b00000|100%|HS|  |TAMS 0x00000000e3b00000, 0x00000000e3a00000| Complete 
|  59|0x00000000e3b00000, 0x00000000e3c00000, 0x00000000e3c00000|100%|HC|  |TAMS 0x00000000e3c00000, 0x00000000e3b00000| Complete 
|  60|0x00000000e3c00000, 0x00000000e3d00000, 0x00000000e3d00000|100%|HC|  |TAMS 0x00000000e3d00000, 0x00000000e3c00000| Complete 
|  61|0x00000000e3d00000, 0x00000000e3e00000, 0x00000000e3e00000|100%| O|  |TAMS 0x00000000e3e00000, 0x00000000e3d00000| Untracked 
|  62|0x00000000e3e00000, 0x00000000e3f00000, 0x00000000e3f00000|100%| O|  |TAMS 0x00000000e3f00000, 0x00000000e3e00000| Untracked 
|  63|0x00000000e3f00000, 0x00000000e4000000, 0x00000000e4000000|100%| O|  |TAMS 0x00000000e4000000, 0x00000000e3f00000| Untracked 
|  64|0x00000000e4000000, 0x00000000e4100000, 0x00000000e4100000|100%|HS|  |TAMS 0x00000000e4100000, 0x00000000e4000000| Complete 
|  65|0x00000000e4100000, 0x00000000e4200000, 0x00000000e4200000|100%|HC|  |TAMS 0x00000000e4200000, 0x00000000e4100000| Complete 
|  66|0x00000000e4200000, 0x00000000e4300000, 0x00000000e4300000|100%| O|  |TAMS 0x00000000e4300000, 0x00000000e4200000| Untracked 
|  67|0x00000000e4300000, 0x00000000e4400000, 0x00000000e4400000|100%| O|  |TAMS 0x00000000e4400000, 0x00000000e4300000| Untracked 
|  68|0x00000000e4400000, 0x00000000e4500000, 0x00000000e4500000|100%| O|  |TAMS 0x00000000e4500000, 0x00000000e4400000| Untracked 
|  69|0x00000000e4500000, 0x00000000e4600000, 0x00000000e4600000|100%| O|  |TAMS 0x00000000e4600000, 0x00000000e4500000| Untracked 
|  70|0x00000000e4600000, 0x00000000e4700000, 0x00000000e4700000|100%| O|  |TAMS 0x00000000e4700000, 0x00000000e4600000| Untracked 
|  71|0x00000000e4700000, 0x00000000e4800000, 0x00000000e4800000|100%| O|  |TAMS 0x00000000e4800000, 0x00000000e4700000| Untracked 
|  72|0x00000000e4800000, 0x00000000e4900000, 0x00000000e4900000|100%| O|  |TAMS 0x00000000e4900000, 0x00000000e4800000| Untracked 
|  73|0x00000000e4900000, 0x00000000e4a00000, 0x00000000e4a00000|100%| O|  |TAMS 0x00000000e4a00000, 0x00000000e4900000| Untracked 
|  74|0x00000000e4a00000, 0x00000000e4b00000, 0x00000000e4b00000|100%| O|  |TAMS 0x00000000e4b00000, 0x00000000e4a00000| Untracked 
|  75|0x00000000e4b00000, 0x00000000e4c00000, 0x00000000e4c00000|100%| O|  |TAMS 0x00000000e4c00000, 0x00000000e4b00000| Untracked 
|  76|0x00000000e4c00000, 0x00000000e4d00000, 0x00000000e4d00000|100%| O|  |TAMS 0x00000000e4d00000, 0x00000000e4c00000| Untracked 
|  77|0x00000000e4d00000, 0x00000000e4e00000, 0x00000000e4e00000|100%| O|  |TAMS 0x00000000e4db1800, 0x00000000e4d00000| Untracked 
|  78|0x00000000e4e00000, 0x00000000e4f00000, 0x00000000e4f00000|100%| O|  |TAMS 0x00000000e4f00000, 0x00000000e4e00000| Untracked 
|  79|0x00000000e4f00000, 0x00000000e5000000, 0x00000000e5000000|100%| O|  |TAMS 0x00000000e4f00000, 0x00000000e4f00000| Untracked 
|  80|0x00000000e5000000, 0x00000000e50ca000, 0x00000000e5100000| 78%| O|  |TAMS 0x00000000e5000000, 0x00000000e5000000| Untracked 
|  81|0x00000000e5100000, 0x00000000e5100000, 0x00000000e5200000|  0%| F|  |TAMS 0x00000000e5100000, 0x00000000e5100000| Untracked 
|  82|0x00000000e5200000, 0x00000000e5200000, 0x00000000e5300000|  0%| F|  |TAMS 0x00000000e5200000, 0x00000000e5200000| Untracked 
|  83|0x00000000e5300000, 0x00000000e5300000, 0x00000000e5400000|  0%| F|  |TAMS 0x00000000e5300000, 0x00000000e5300000| Untracked 
|  84|0x00000000e5400000, 0x00000000e5400000, 0x00000000e5500000|  0%| F|  |TAMS 0x00000000e5400000, 0x00000000e5400000| Untracked 
|  85|0x00000000e5500000, 0x00000000e5500000, 0x00000000e5600000|  0%| F|  |TAMS 0x00000000e5500000, 0x00000000e5500000| Untracked 
|  86|0x00000000e5600000, 0x00000000e5600000, 0x00000000e5700000|  0%| F|  |TAMS 0x00000000e5600000, 0x00000000e5600000| Untracked 
|  87|0x00000000e5700000, 0x00000000e5700000, 0x00000000e5800000|  0%| F|  |TAMS 0x00000000e5700000, 0x00000000e5700000| Untracked 
|  88|0x00000000e5800000, 0x00000000e5800000, 0x00000000e5900000|  0%| F|  |TAMS 0x00000000e5800000, 0x00000000e5800000| Untracked 
|  89|0x00000000e5900000, 0x00000000e5900000, 0x00000000e5a00000|  0%| F|  |TAMS 0x00000000e5900000, 0x00000000e5900000| Untracked 
|  90|0x00000000e5a00000, 0x00000000e5a00000, 0x00000000e5b00000|  0%| F|  |TAMS 0x00000000e5a00000, 0x00000000e5a00000| Untracked 
|  91|0x00000000e5b00000, 0x00000000e5b00000, 0x00000000e5c00000|  0%| F|  |TAMS 0x00000000e5b00000, 0x00000000e5b00000| Untracked 
|  92|0x00000000e5c00000, 0x00000000e5c00000, 0x00000000e5d00000|  0%| F|  |TAMS 0x00000000e5c00000, 0x00000000e5c00000| Untracked 
|  93|0x00000000e5d00000, 0x00000000e5d00000, 0x00000000e5e00000|  0%| F|  |TAMS 0x00000000e5d00000, 0x00000000e5d00000| Untracked 
|  94|0x00000000e5e00000, 0x00000000e5e00000, 0x00000000e5f00000|  0%| F|  |TAMS 0x00000000e5e00000, 0x00000000e5e00000| Untracked 
|  95|0x00000000e5f00000, 0x00000000e5f00000, 0x00000000e6000000|  0%| F|  |TAMS 0x00000000e5f00000, 0x00000000e5f00000| Untracked 
|  96|0x00000000e6000000, 0x00000000e602f9b0, 0x00000000e6100000| 18%| S|CS|TAMS 0x00000000e6000000, 0x00000000e6000000| Complete 
|  97|0x00000000e6100000, 0x00000000e6100000, 0x00000000e6200000|  0%| F|  |TAMS 0x00000000e6100000, 0x00000000e6100000| Untracked 
|  98|0x00000000e6200000, 0x00000000e6300000, 0x00000000e6300000|100%| S|CS|TAMS 0x00000000e6200000, 0x00000000e6200000| Complete 
|  99|0x00000000e6300000, 0x00000000e6300000, 0x00000000e6400000|  0%| F|  |TAMS 0x00000000e6300000, 0x00000000e6300000| Untracked 
| 100|0x00000000e6400000, 0x00000000e6400000, 0x00000000e6500000|  0%| F|  |TAMS 0x00000000e6400000, 0x00000000e6400000| Untracked 
| 101|0x00000000e6500000, 0x00000000e6500000, 0x00000000e6600000|  0%| F|  |TAMS 0x00000000e6500000, 0x00000000e6500000| Untracked 
| 102|0x00000000e6600000, 0x00000000e6600000, 0x00000000e6700000|  0%| F|  |TAMS 0x00000000e6600000, 0x00000000e6600000| Untracked 
| 103|0x00000000e6700000, 0x00000000e67333c8, 0x00000000e6800000| 20%| E|  |TAMS 0x00000000e6700000, 0x00000000e6700000| Complete 
| 104|0x00000000e6800000, 0x00000000e6900000, 0x00000000e6900000|100%| E|CS|TAMS 0x00000000e6800000, 0x00000000e6800000| Complete 
| 105|0x00000000e6900000, 0x00000000e6a00000, 0x00000000e6a00000|100%| E|CS|TAMS 0x00000000e6900000, 0x00000000e6900000| Complete 
| 106|0x00000000e6a00000, 0x00000000e6b00000, 0x00000000e6b00000|100%| E|CS|TAMS 0x00000000e6a00000, 0x00000000e6a00000| Complete 
| 107|0x00000000e6b00000, 0x00000000e6c00000, 0x00000000e6c00000|100%| E|CS|TAMS 0x00000000e6b00000, 0x00000000e6b00000| Complete 
| 108|0x00000000e6c00000, 0x00000000e6d00000, 0x00000000e6d00000|100%| E|CS|TAMS 0x00000000e6c00000, 0x00000000e6c00000| Complete 
| 109|0x00000000e6d00000, 0x00000000e6e00000, 0x00000000e6e00000|100%| E|CS|TAMS 0x00000000e6d00000, 0x00000000e6d00000| Complete 

Card table byte_map: [0x0000019e71b30000,0x0000019e71c30000] _byte_map_base: 0x0000019e71430000

Marking Bits (Prev, Next): (CMBitMap*) 0x0000019e6c378ae8, (CMBitMap*) 0x0000019e6c378b20
 Prev Bits: [0x0000019e71d30000, 0x0000019e72530000)
 Next Bits: [0x0000019e72530000, 0x0000019e72d30000)

Polling page: 0x0000019e6c430000

Metaspace:

Usage:
  Non-class:     59.42 MB capacity,    58.23 MB ( 98%) used,     1.02 MB (  2%) free+waste,   175.31 KB ( <1%) overhead. 
      Class:      9.03 MB capacity,     8.40 MB ( 93%) used,   556.94 KB (  6%) free+waste,    81.69 KB ( <1%) overhead. 
       Both:     68.45 MB capacity,    66.63 MB ( 97%) used,     1.57 MB (  2%) free+waste,   257.00 KB ( <1%) overhead. 

Virtual space:
  Non-class space:       60.00 MB reserved,      59.50 MB (>99%) committed 
      Class space:        1.00 GB reserved,       9.13 MB ( <1%) committed 
             Both:        1.06 GB reserved,      68.63 MB (  6%) committed 

Chunk freelists:
   Non-Class:  18.00 KB
       Class:  6.00 KB
        Both:  24.00 KB

MaxMetaspaceSize: 17179869184.00 GB
CompressedClassSpaceSize: 1.00 GB

CodeHeap 'non-profiled nmethods': size=120064Kb used=3752Kb max_used=3752Kb free=116311Kb
 bounds [0x0000019e07ac0000, 0x0000019e07e70000, 0x0000019e0f000000]
CodeHeap 'profiled nmethods': size=120000Kb used=15327Kb max_used=15327Kb free=104672Kb
 bounds [0x0000019e00590000, 0x0000019e01490000, 0x0000019e07ac0000]
CodeHeap 'non-nmethods': size=5696Kb used=2259Kb max_used=2284Kb free=3436Kb
 bounds [0x0000019e00000000, 0x0000019e00270000, 0x0000019e00590000]
 total_blobs=7803 nmethods=6941 adapters=772
 compilation: enabled
              stopped_count=0, restarted_count=0
 full_count=0

Compilation events (20 events):
Event: 54.912 Thread 0x0000019e75933000 6927       3       com.sun.beans.introspect.PropertyInfo::get (495 bytes)
Event: 54.917 Thread 0x0000019e75931800 nmethod 6926 0x0000019e07e65b90 code [0x0000019e07e65d20, 0x0000019e07e65f38]
Event: 54.919 Thread 0x0000019e75931800 6928       4       com.sun.beans.introspect.MethodInfo$MethodOrder::compare (13 bytes)
Event: 54.935 Thread 0x0000019e75933000 nmethod 6927 0x0000019e0146ab10 code [0x0000019e0146b7e0, 0x0000019e014746c8]
Event: 54.968 Thread 0x0000019e75931800 nmethod 6928 0x0000019e07e66010 code [0x0000019e07e66240, 0x0000019e07e66be0]
Event: 54.968 Thread 0x0000019e75931800 6929       4       com.sun.beans.introspect.MethodInfo$MethodOrder::compare (167 bytes)
Event: 54.993 Thread 0x0000019e75931800 nmethod 6929 0x0000019e07e67310 code [0x0000019e07e67520, 0x0000019e07e67e20]
Event: 54.995 Thread 0x0000019e75931800 6930       4       com.sun.beans.introspect.MethodInfo$MethodOrder::compare (13 bytes)
Event: 54.997 Thread 0x0000019e75931800 nmethod 6930 0x0000019e07e68490 code [0x0000019e07e68640, 0x0000019e07e68728]
Event: 54.997 Thread 0x0000019e75933000 6931       3       com.sun.beans.introspect.MethodInfo$MethodOrder::compare (167 bytes)
Event: 55.000 Thread 0x0000019e75933000 nmethod 6931 0x0000019e01477190 code [0x0000019e01477480, 0x0000019e01478288]
Event: 55.004 Thread 0x0000019e75931800 6932   !   4       com.sun.beans.TypeResolver::resolve (261 bytes)
Event: 55.308 Thread 0x0000019e75933000 6935       3       java.lang.CharacterDataLatin1::isLowerCase (20 bytes)
Event: 55.309 Thread 0x0000019e75933000 nmethod 6935 0x0000019e01478890 code [0x0000019e01478a60, 0x0000019e01478c58]
Event: 55.336 Thread 0x0000019e75933000 6936       3       groovy.lang.MetaClassImpl::chooseMethod (29 bytes)
Event: 55.337 Thread 0x0000019e75933000 nmethod 6936 0x0000019e01478d90 code [0x0000019e01478f60, 0x0000019e014792d8]
Event: 55.389 Thread 0x0000019e75933000 6937       3       sun.reflect.generics.reflectiveObjects.ParameterizedTypeImpl::equals (81 bytes)
Event: 55.390 Thread 0x0000019e75933000 nmethod 6937 0x0000019e01479410 code [0x0000019e01479660, 0x0000019e0147a1c8]
Event: 55.402 Thread 0x0000019e75933000 6938       3       org.codehaus.groovy.util.ComplexKeyHashMap::resize (103 bytes)
Event: 55.402 Thread 0x0000019e75933000 nmethod 6938 0x0000019e0147a410 code [0x0000019e0147a600, 0x0000019e0147ab98]

GC Heap History (20 events):
Event: 46.028 GC heap before
{Heap before GC invocations=73 (full 0):
 garbage-first heap   total 112640K, used 87315K [0x00000000e0000000, 0x0000000100000000)
  region size 1024K, 16 young (16384K), 1 survivors (1024K)
 Metaspace       used 57232K, capacity 58881K, committed 59008K, reserved 1099776K
  class space    used 7234K, capacity 7762K, committed 7808K, reserved 1048576K
}
Event: 46.045 GC heap after
{Heap after GC invocations=74 (full 0):
 garbage-first heap   total 112640K, used 72482K [0x00000000e0000000, 0x0000000100000000)
  region size 1024K, 2 young (2048K), 2 survivors (2048K)
 Metaspace       used 57232K, capacity 58881K, committed 59008K, reserved 1099776K
  class space    used 7234K, capacity 7762K, committed 7808K, reserved 1048576K
}
Event: 47.596 GC heap before
{Heap before GC invocations=75 (full 0):
 garbage-first heap   total 112640K, used 87842K [0x00000000e0000000, 0x0000000100000000)
  region size 1024K, 17 young (17408K), 2 survivors (2048K)
 Metaspace       used 59544K, capacity 61321K, committed 61440K, reserved 1101824K
  class space    used 7549K, capacity 8145K, committed 8192K, reserved 1048576K
}
Event: 47.612 GC heap after
{Heap after GC invocations=76 (full 0):
 garbage-first heap   total 112640K, used 73146K [0x00000000e0000000, 0x0000000100000000)
  region size 1024K, 3 young (3072K), 3 survivors (3072K)
 Metaspace       used 59544K, capacity 61321K, committed 61440K, reserved 1101824K
  class space    used 7549K, capacity 8145K, committed 8192K, reserved 1048576K
}
Event: 48.534 GC heap before
{Heap before GC invocations=76 (full 0):
 garbage-first heap   total 112640K, used 88506K [0x00000000e0000000, 0x0000000100000000)
  region size 1024K, 19 young (19456K), 3 survivors (3072K)
 Metaspace       used 61207K, capacity 62963K, committed 63232K, reserved 1103872K
  class space    used 7737K, capacity 8352K, committed 8448K, reserved 1048576K
}
Event: 48.558 GC heap after
{Heap after GC invocations=77 (full 0):
 garbage-first heap   total 112640K, used 77396K [0x00000000e0000000, 0x0000000100000000)
  region size 1024K, 3 young (3072K), 3 survivors (3072K)
 Metaspace       used 61207K, capacity 62963K, committed 63232K, reserved 1103872K
  class space    used 7737K, capacity 8352K, committed 8448K, reserved 1048576K
}
Event: 49.902 GC heap before
{Heap before GC invocations=78 (full 0):
 garbage-first heap   total 112640K, used 91732K [0x00000000e0000000, 0x0000000100000000)
  region size 1024K, 17 young (17408K), 3 survivors (3072K)
 Metaspace       used 62802K, capacity 64564K, committed 64640K, reserved 1105920K
  class space    used 7929K, capacity 8517K, committed 8576K, reserved 1048576K
}
Event: 49.922 GC heap after
{Heap after GC invocations=79 (full 0):
 garbage-first heap   total 112640K, used 78852K [0x00000000e0000000, 0x0000000100000000)
  region size 1024K, 2 young (2048K), 2 survivors (2048K)
 Metaspace       used 62802K, capacity 64564K, committed 64640K, reserved 1105920K
  class space    used 7929K, capacity 8517K, committed 8576K, reserved 1048576K
}
Event: 50.717 GC heap before
{Heap before GC invocations=79 (full 0):
 garbage-first heap   total 112640K, used 92164K [0x00000000e0000000, 0x0000000100000000)
  region size 1024K, 15 young (15360K), 2 survivors (2048K)
 Metaspace       used 64024K, capacity 65819K, committed 66048K, reserved 1105920K
  class space    used 8078K, capacity 8656K, committed 8704K, reserved 1048576K
}
Event: 50.728 GC heap after
{Heap after GC invocations=80 (full 0):
 garbage-first heap   total 112640K, used 79480K [0x00000000e0000000, 0x0000000100000000)
  region size 1024K, 1 young (1024K), 1 survivors (1024K)
 Metaspace       used 64024K, capacity 65819K, committed 66048K, reserved 1105920K
  class space    used 8078K, capacity 8656K, committed 8704K, reserved 1048576K
}
Event: 51.351 GC heap before
{Heap before GC invocations=81 (full 0):
 garbage-first heap   total 112640K, used 82552K [0x00000000e0000000, 0x0000000100000000)
  region size 1024K, 6 young (6144K), 1 survivors (1024K)
 Metaspace       used 64378K, capacity 66177K, committed 66432K, reserved 1107968K
  class space    used 8138K, capacity 8754K, committed 8832K, reserved 1048576K
}
Event: 51.360 GC heap after
{Heap after GC invocations=82 (full 0):
 garbage-first heap   total 112640K, used 79900K [0x00000000e0000000, 0x0000000100000000)
  region size 1024K, 2 young (2048K), 2 survivors (2048K)
 Metaspace       used 64378K, capacity 66177K, committed 66432K, reserved 1107968K
  class space    used 8138K, capacity 8754K, committed 8832K, reserved 1048576K
}
Event: 52.617 GC heap before
{Heap before GC invocations=83 (full 0):
 garbage-first heap   total 112640K, used 92188K [0x00000000e0000000, 0x0000000100000000)
  region size 1024K, 13 young (13312K), 2 survivors (2048K)
 Metaspace       used 65668K, capacity 67472K, committed 67584K, reserved 1107968K
  class space    used 8296K, capacity 8905K, committed 8960K, reserved 1048576K
}
Event: 52.629 GC heap after
{Heap after GC invocations=84 (full 0):
 garbage-first heap   total 112640K, used 80102K [0x00000000e0000000, 0x0000000100000000)
  region size 1024K, 1 young (1024K), 1 survivors (1024K)
 Metaspace       used 65668K, capacity 67472K, committed 67584K, reserved 1107968K
  class space    used 8296K, capacity 8905K, committed 8960K, reserved 1048576K
}
Event: 53.457 GC heap before
{Heap before GC invocations=84 (full 0):
 garbage-first heap   total 112640K, used 91366K [0x00000000e0000000, 0x0000000100000000)
  region size 1024K, 12 young (12288K), 1 survivors (1024K)
 Metaspace       used 66660K, capacity 68453K, committed 68736K, reserved 1110016K
  class space    used 8431K, capacity 9040K, committed 9088K, reserved 1048576K
}
Event: 53.466 GC heap after
{Heap after GC invocations=85 (full 0):
 garbage-first heap   total 112640K, used 80393K [0x00000000e0000000, 0x0000000100000000)
  region size 1024K, 1 young (1024K), 1 survivors (1024K)
 Metaspace       used 66660K, capacity 68453K, committed 68736K, reserved 1110016K
  class space    used 8431K, capacity 9040K, committed 9088K, reserved 1048576K
}
Event: 54.266 GC heap before
{Heap before GC invocations=86 (full 0):
 garbage-first heap   total 112640K, used 92681K [0x00000000e0000000, 0x0000000100000000)
  region size 1024K, 13 young (13312K), 1 survivors (1024K)
 Metaspace       used 67530K, capacity 69320K, committed 69632K, reserved 1110016K
  class space    used 8524K, capacity 9136K, committed 9216K, reserved 1048576K
}
Event: 54.297 GC heap after
{Heap after GC invocations=87 (full 0):
 garbage-first heap   total 112640K, used 81144K [0x00000000e0000000, 0x0000000100000000)
  region size 1024K, 2 young (2048K), 2 survivors (2048K)
 Metaspace       used 67530K, capacity 69320K, committed 69632K, reserved 1110016K
  class space    used 8524K, capacity 9136K, committed 9216K, reserved 1048576K
}
Event: 54.939 GC heap before
{Heap before GC invocations=87 (full 0):
 garbage-first heap   total 112640K, used 92408K [0x00000000e0000000, 0x0000000100000000)
  region size 1024K, 14 young (14336K), 2 survivors (2048K)
 Metaspace       used 67757K, capacity 69567K, committed 69632K, reserved 1110016K
  class space    used 8566K, capacity 9174K, committed 9216K, reserved 1048576K
}
Event: 54.957 GC heap after
{Heap after GC invocations=88 (full 0):
 garbage-first heap   total 112640K, used 82630K [0x00000000e0000000, 0x0000000100000000)
  region size 1024K, 2 young (2048K), 2 survivors (2048K)
 Metaspace       used 67757K, capacity 69567K, committed 69632K, reserved 1110016K
  class space    used 8566K, capacity 9174K, committed 9216K, reserved 1048576K
}

Deoptimization events (20 events):
Event: 54.865 Thread 0x0000019e77031000 Uncommon trap: trap_request=0xffffff4d fr.pc=0x0000019e07cf4878 relative=0x0000000000001958
Event: 54.865 Thread 0x0000019e77031000 Uncommon trap: reason=unstable_if action=reinterpret pc=0x0000019e07cf4878 method=groovy.lang.MetaClassImpl.filterPropertyMethod(Ljava/lang/Object;ZZ)Ljava/lang/Object; @ 60 c2
Event: 54.865 Thread 0x0000019e77031000 DEOPT PACKING pc=0x0000019e07cf4878 sp=0x000000196b0f87c0
Event: 54.865 Thread 0x0000019e77031000 DEOPT UNPACKING pc=0x0000019e00026029 sp=0x000000196b0f8790 mode 2
Event: 54.911 Thread 0x0000019e77031000 Uncommon trap: trap_request=0xfffffff4 fr.pc=0x0000019e07e59dcc relative=0x00000000000007ac
Event: 54.911 Thread 0x0000019e77031000 Uncommon trap: reason=null_check action=make_not_entrant pc=0x0000019e07e59dcc method=com.sun.beans.introspect.MethodInfo$MethodOrder.compare(Ljava/lang/reflect/Method;Ljava/lang/reflect/Method;)I @ 133 c2
Event: 54.911 Thread 0x0000019e77031000 DEOPT PACKING pc=0x0000019e07e59dcc sp=0x000000196b0f4430
Event: 54.911 Thread 0x0000019e77031000 DEOPT UNPACKING pc=0x0000019e00026029 sp=0x000000196b0f4360 mode 2
Event: 54.911 Thread 0x0000019e77031000 Uncommon trap: trap_request=0xfffffff4 fr.pc=0x0000019e07e58cdc relative=0x000000000000073c
Event: 54.911 Thread 0x0000019e77031000 Uncommon trap: reason=null_check action=make_not_entrant pc=0x0000019e07e58cdc method=com.sun.beans.introspect.MethodInfo$MethodOrder.compare(Ljava/lang/reflect/Method;Ljava/lang/reflect/Method;)I @ 133 c2
Event: 54.911 Thread 0x0000019e77031000 DEOPT PACKING pc=0x0000019e07e58cdc sp=0x000000196b0f43c0
Event: 54.911 Thread 0x0000019e77031000 DEOPT UNPACKING pc=0x0000019e00026029 sp=0x000000196b0f4378 mode 2
Event: 54.995 Thread 0x0000019e77031000 Uncommon trap: trap_request=0xfffffff4 fr.pc=0x0000019e07e66b38 relative=0x00000000000008f8
Event: 54.995 Thread 0x0000019e77031000 Uncommon trap: reason=null_check action=make_not_entrant pc=0x0000019e07e66b38 method=com.sun.beans.introspect.MethodInfo$MethodOrder.compare(Ljava/lang/reflect/Method;Ljava/lang/reflect/Method;)I @ 145 c2
Event: 54.995 Thread 0x0000019e77031000 DEOPT PACKING pc=0x0000019e07e66b38 sp=0x000000196b0f47a0
Event: 54.995 Thread 0x0000019e77031000 DEOPT UNPACKING pc=0x0000019e00026029 sp=0x000000196b0f46d0 mode 2
Event: 54.997 Thread 0x0000019e77031000 Uncommon trap: trap_request=0xfffffff4 fr.pc=0x0000019e07e67d94 relative=0x0000000000000874
Event: 54.997 Thread 0x0000019e77031000 Uncommon trap: reason=null_check action=make_not_entrant pc=0x0000019e07e67d94 method=com.sun.beans.introspect.MethodInfo$MethodOrder.compare(Ljava/lang/reflect/Method;Ljava/lang/reflect/Method;)I @ 145 c2
Event: 54.997 Thread 0x0000019e77031000 DEOPT PACKING pc=0x0000019e07e67d94 sp=0x000000196b0f4750
Event: 54.997 Thread 0x0000019e77031000 DEOPT UNPACKING pc=0x0000019e00026029 sp=0x000000196b0f46f0 mode 2

Classes redefined (0 events):
No events

Internal exceptions (20 events):
Event: 54.909 Thread 0x0000019e77031000 Exception <a 'java/lang/ClassNotFoundException'{0x00000000e6271cd0}: com/android/builder/internal/BaseConfigImplBeanInfo> (0x00000000e6271cd0) thrown at [./src/hotspot/share/classfile/systemDictionary.cpp, line 231]
Event: 54.910 Thread 0x0000019e77031000 Exception <a 'java/lang/ClassNotFoundException'{0x00000000e628b010}: com/android/builder/internal/BaseConfigImplCustomizer> (0x00000000e628b010) thrown at [./src/hotspot/share/classfile/systemDictionary.cpp, line 231]
Event: 54.911 Thread 0x0000019e77031000 Implicit null exception at 0x0000019e07e598ab to 0x0000019e07e59dbc
Event: 54.911 Thread 0x0000019e77031000 Implicit null exception at 0x0000019e07e587e9 to 0x0000019e07e58ccc
Event: 54.919 Thread 0x0000019e77031000 Exception <a 'java/lang/ClassNotFoundException'{0x00000000e62c2d88}: com/android/builder/core/AbstractProductFlavorCustomizer> (0x00000000e62c2d88) thrown at [./src/hotspot/share/classfile/systemDictionary.cpp, line 231]
Event: 54.994 Thread 0x0000019e77031000 Exception <a 'java/lang/ClassNotFoundException'{0x00000000e6d150f8}: com/android/build/gradle/internal/dsl/BaseFlavorCustomizer> (0x00000000e6d150f8) thrown at [./src/hotspot/share/classfile/systemDictionary.cpp, line 231]
Event: 54.995 Thread 0x0000019e77031000 Implicit null exception at 0x0000019e07e66723 to 0x0000019e07e66b28
Event: 54.997 Thread 0x0000019e77031000 Implicit null exception at 0x0000019e07e679ae to 0x0000019e07e67d84
Event: 55.292 Thread 0x0000019e77031000 Exception <a 'java/lang/ClassNotFoundException'{0x00000000e6d8deb0}: com/android/build/gradle/internal/dsl/DefaultConfigCustomizer> (0x00000000e6d8deb0) thrown at [./src/hotspot/share/classfile/systemDictionary.cpp, line 231]
Event: 55.295 Thread 0x0000019e77031000 Exception <a 'java/lang/ClassNotFoundException'{0x00000000e6dc1478}: com/android/build/gradle/internal/dsl/DefaultConfig_DecoratedCustomizer> (0x00000000e6dc1478) thrown at [./src/hotspot/share/classfile/systemDictionary.cpp, line 231]
Event: 55.348 Thread 0x0000019e77031000 Exception <a 'java/lang/ClassNotFoundException'{0x00000000e6b09400}: org/gradle/api/internal/NamedDomainObjectContainerConfigureDelegateBeanInfo> (0x00000000e6b09400) thrown at [./src/hotspot/share/classfile/systemDictionary.cpp, line 231]
Event: 55.353 Thread 0x0000019e77031000 Exception <a 'java/lang/ClassNotFoundException'{0x00000000e6b40b48}: org/gradle/api/internal/NamedDomainObjectContainerConfigureDelegateCustomizer> (0x00000000e6b40b48) thrown at [./src/hotspot/share/classfile/systemDictionary.cpp, line 231]
Event: 55.371 Thread 0x0000019e77031000 Exception <a 'java/lang/ClassNotFoundException'{0x00000000e69aed50}: org/gradle/api/internal/FactoryNamedDomainObjectContainer_DecoratedBeanInfo> (0x00000000e69aed50) thrown at [./src/hotspot/share/classfile/systemDictionary.cpp, line 231]
Event: 55.373 Thread 0x0000019e77031000 Exception <a 'java/lang/ClassNotFoundException'{0x00000000e69e26e0}: org/gradle/api/internal/FactoryNamedDomainObjectContainerBeanInfo> (0x00000000e69e26e0) thrown at [./src/hotspot/share/classfile/systemDictionary.cpp, line 231]
Event: 55.377 Thread 0x0000019e77031000 Exception <a 'java/lang/ClassNotFoundException'{0x00000000e6817e60}: org/gradle/api/internal/AbstractNamedDomainObjectContainerBeanInfo> (0x00000000e6817e60) thrown at [./src/hotspot/share/classfile/systemDictionary.cpp, line 231]
Event: 55.380 Thread 0x0000019e77031000 Exception <a 'java/lang/ClassNotFoundException'{0x00000000e684c330}: org/gradle/api/internal/DefaultNamedDomainObjectSetBeanInfo> (0x00000000e684c330) thrown at [./src/hotspot/share/classfile/systemDictionary.cpp, line 231]
Event: 55.382 Thread 0x0000019e77031000 Exception <a 'java/lang/ClassNotFoundException'{0x00000000e6880698}: org/gradle/api/internal/DefaultNamedDomainObjectSetCustomizer> (0x00000000e6880698) thrown at [./src/hotspot/share/classfile/systemDictionary.cpp, line 231]
Event: 55.388 Thread 0x0000019e77031000 Exception <a 'java/lang/ClassNotFoundException'{0x00000000e68caea0}: org/gradle/api/internal/AbstractNamedDomainObjectContainerCustomizer> (0x00000000e68caea0) thrown at [./src/hotspot/share/classfile/systemDictionary.cpp, line 231]
Event: 55.394 Thread 0x0000019e77031000 Exception <a 'java/lang/ClassNotFoundException'{0x00000000e6713f30}: org/gradle/api/internal/FactoryNamedDomainObjectContainerCustomizer> (0x00000000e6713f30) thrown at [./src/hotspot/share/classfile/systemDictionary.cpp, line 231]
Event: 55.397 Thread 0x0000019e77031000 Exception <a 'java/lang/ClassNotFoundException'{0x00000000e67555a8}: org/gradle/api/internal/FactoryNamedDomainObjectContainer_DecoratedCustomizer> (0x00000000e67555a8) thrown at [./src/hotspot/share/classfile/systemDictionary.cpp, line 231]

Events (20 events):
Event: 55.387 loading class org/gradle/api/internal/AbstractNamedDomainObjectContainerCustomizer
Event: 55.387 loading class org/gradle/api/internal/AbstractNamedDomainObjectContainerCustomizer done
Event: 55.391 loading class org/gradle/api/internal/FactoryNamedDomainObjectContainerCustomizer
Event: 55.391 loading class org/gradle/api/internal/FactoryNamedDomainObjectContainerCustomizer done
Event: 55.392 loading class org/gradle/api/internal/FactoryNamedDomainObjectContainerCustomizer
Event: 55.392 loading class org/gradle/api/internal/FactoryNamedDomainObjectContainerCustomizer done
Event: 55.392 loading class org/gradle/api/internal/FactoryNamedDomainObjectContainerCustomizer
Event: 55.392 loading class org/gradle/api/internal/FactoryNamedDomainObjectContainerCustomizer done
Event: 55.394 loading class org/gradle/api/internal/FactoryNamedDomainObjectContainerCustomizer
Event: 55.394 loading class org/gradle/api/internal/FactoryNamedDomainObjectContainerCustomizer done
Event: 55.395 loading class org/gradle/api/internal/FactoryNamedDomainObjectContainer_DecoratedCustomizer
Event: 55.395 loading class org/gradle/api/internal/FactoryNamedDomainObjectContainer_DecoratedCustomizer done
Event: 55.395 loading class org/gradle/api/internal/FactoryNamedDomainObjectContainer_DecoratedCustomizer
Event: 55.395 loading class org/gradle/api/internal/FactoryNamedDomainObjectContainer_DecoratedCustomizer done
Event: 55.396 loading class org/gradle/api/internal/FactoryNamedDomainObjectContainer_DecoratedCustomizer
Event: 55.396 loading class org/gradle/api/internal/FactoryNamedDomainObjectContainer_DecoratedCustomizer done
Event: 55.397 loading class org/gradle/api/internal/FactoryNamedDomainObjectContainer_DecoratedCustomizer
Event: 55.397 loading class org/gradle/api/internal/FactoryNamedDomainObjectContainer_DecoratedCustomizer done
Event: 55.404 loading class groovy/runtime/metaclass/com/android/build/gradle/internal/dsl/BuildType_DecoratedMetaClass
Event: 55.404 loading class groovy/runtime/metaclass/com/android/build/gradle/internal/dsl/BuildType_DecoratedMetaClass done


Dynamic libraries:
0x00007ff60be90000 - 0x00007ff60be9a000 	C:\Users\felip\OneDrive\Desktop\android-studio\jre\bin\java.exe
0x00007ffe72f10000 - 0x00007ffe73105000 	C:\Windows\SYSTEM32\ntdll.dll
0x00007ffe51290000 - 0x00007ffe512a6000 	C:\Program Files\Avast Software\Avast\aswhook.dll
0x00007ffe70f60000 - 0x00007ffe7101e000 	C:\Windows\System32\KERNEL32.DLL
0x00007ffe70c90000 - 0x00007ffe70f59000 	C:\Windows\System32\KERNELBASE.dll
0x00007ffe70a30000 - 0x00007ffe70b30000 	C:\Windows\System32\ucrtbase.dll
0x00007ffe6b850000 - 0x00007ffe6b869000 	C:\Users\felip\OneDrive\Desktop\android-studio\jre\bin\jli.dll
0x00007ffe6a8a0000 - 0x00007ffe6a8b7000 	C:\Users\felip\OneDrive\Desktop\android-studio\jre\bin\VCRUNTIME140.dll
0x00007ffe72ae0000 - 0x00007ffe72c81000 	C:\Windows\System32\USER32.dll
0x00007ffe70a00000 - 0x00007ffe70a22000 	C:\Windows\System32\win32u.dll
0x00007ffe71400000 - 0x00007ffe7142b000 	C:\Windows\System32\GDI32.dll
0x00007ffe70630000 - 0x00007ffe7073b000 	C:\Windows\System32\gdi32full.dll
0x00007ffe70740000 - 0x00007ffe707dd000 	C:\Windows\System32\msvcp_win.dll
0x00007ffe60850000 - 0x00007ffe60aea000 	C:\Windows\WinSxS\amd64_microsoft.windows.common-controls_6595b64144ccf1df_6.0.19041.1110_none_60b5254171f9507e\COMCTL32.dll
0x00007ffe72260000 - 0x00007ffe722fe000 	C:\Windows\System32\msvcrt.dll
0x00007ffe72730000 - 0x00007ffe72760000 	C:\Windows\System32\IMM32.DLL
0x00007ffe69130000 - 0x00007ffe691cd000 	C:\Users\felip\OneDrive\Desktop\android-studio\jre\bin\msvcp140.dll
0x00007ffe2b550000 - 0x00007ffe2c025000 	C:\Users\felip\OneDrive\Desktop\android-studio\jre\bin\server\jvm.dll
0x00007ffe71430000 - 0x00007ffe714dc000 	C:\Windows\System32\ADVAPI32.dll
0x00007ffe711a0000 - 0x00007ffe7123b000 	C:\Windows\System32\sechost.dll
0x00007ffe712d0000 - 0x00007ffe713fa000 	C:\Windows\System32\RPCRT4.dll
0x00007ffe71970000 - 0x00007ffe71978000 	C:\Windows\System32\PSAPI.DLL
0x00007ffe63c60000 - 0x00007ffe63c69000 	C:\Windows\SYSTEM32\WSOCK32.dll
0x00007ffe594e0000 - 0x00007ffe59507000 	C:\Windows\SYSTEM32\WINMM.dll
0x00007ffe65210000 - 0x00007ffe6521a000 	C:\Windows\SYSTEM32\VERSION.dll
0x00007ffe721f0000 - 0x00007ffe7225b000 	C:\Windows\System32\ws2_32.DLL
0x00007ffe6e450000 - 0x00007ffe6e462000 	C:\Windows\SYSTEM32\kernel.appcore.dll
0x00007ffe6a870000 - 0x00007ffe6a881000 	C:\Users\felip\OneDrive\Desktop\android-studio\jre\bin\verify.dll
0x00007ffe65020000 - 0x00007ffe65204000 	C:\Windows\SYSTEM32\DBGHELP.DLL
0x00007ffe64ff0000 - 0x00007ffe6501c000 	C:\Windows\SYSTEM32\dbgcore.DLL
0x00007ffe707e0000 - 0x00007ffe70863000 	C:\Windows\System32\bcryptPrimitives.dll
0x00007ffe67ab0000 - 0x00007ffe67ad9000 	C:\Users\felip\OneDrive\Desktop\android-studio\jre\bin\java.dll
0x00007ffe6b5b0000 - 0x00007ffe6b5bb000 	C:\Users\felip\OneDrive\Desktop\android-studio\jre\bin\jimage.dll
0x00007ffe6a850000 - 0x00007ffe6a868000 	C:\Users\felip\OneDrive\Desktop\android-studio\jre\bin\zip.dll
0x00007ffe71ab0000 - 0x00007ffe721ef000 	C:\Windows\System32\SHELL32.dll
0x00007ffe6e730000 - 0x00007ffe6eec0000 	C:\Windows\SYSTEM32\windows.storage.dll
0x00007ffe72780000 - 0x00007ffe72ad5000 	C:\Windows\System32\combase.dll
0x00007ffe6ffb0000 - 0x00007ffe6ffdc000 	C:\Windows\SYSTEM32\Wldp.dll
0x00007ffe71980000 - 0x00007ffe71a2d000 	C:\Windows\System32\SHCORE.dll
0x00007ffe72d60000 - 0x00007ffe72db5000 	C:\Windows\System32\shlwapi.dll
0x00007ffe70570000 - 0x00007ffe7058f000 	C:\Windows\SYSTEM32\profapi.dll
0x00007ffe6d730000 - 0x00007ffe6d74a000 	C:\Users\felip\OneDrive\Desktop\android-studio\jre\bin\net.dll
0x00007ffe64e40000 - 0x00007ffe64f48000 	C:\Windows\SYSTEM32\WINHTTP.dll
0x00007ffe6fd10000 - 0x00007ffe6fd7a000 	C:\Windows\system32\mswsock.dll
0x00007ffe6d710000 - 0x00007ffe6d724000 	C:\Users\felip\OneDrive\Desktop\android-studio\jre\bin\nio.dll
0x00007ffe58f20000 - 0x00007ffe58f47000 	C:\Users\felip\.gradle\native\8bec1ad78214c89d9ad589b4d07fe93259594b29d510b10fafb7a158f7737e5d\windows-amd64\native-platform.dll
0x00007ffe53910000 - 0x00007ffe53a4d000 	C:\Users\felip\.gradle\native\53dbd7edfb1c66fb8903c78663c9afc45aea4f116125fa6feffd364cf09443e8\windows-amd64\native-platform-file-events.dll
0x00007ffe6d700000 - 0x00007ffe6d70a000 	C:\Users\felip\OneDrive\Desktop\android-studio\jre\bin\management.dll
0x00007ffe6b8f0000 - 0x00007ffe6b8fd000 	C:\Users\felip\OneDrive\Desktop\android-studio\jre\bin\management_ext.dll
0x00007ffe6ff10000 - 0x00007ffe6ff28000 	C:\Windows\SYSTEM32\CRYPTSP.dll
0x00007ffe6f690000 - 0x00007ffe6f6c4000 	C:\Windows\system32\rsaenh.dll
0x00007ffe70980000 - 0x00007ffe709a7000 	C:\Windows\System32\bcrypt.dll
0x00007ffe704f0000 - 0x00007ffe7051e000 	C:\Windows\SYSTEM32\USERENV.dll
0x00007ffe6ff00000 - 0x00007ffe6ff0c000 	C:\Windows\SYSTEM32\CRYPTBASE.dll
0x00007ffe6fa00000 - 0x00007ffe6fa3b000 	C:\Windows\SYSTEM32\IPHLPAPI.DLL
0x00007ffe71960000 - 0x00007ffe71968000 	C:\Windows\System32\NSI.dll
0x00007ffe698d0000 - 0x00007ffe698e7000 	C:\Windows\SYSTEM32\dhcpcsvc6.DLL
0x00007ffe69bc0000 - 0x00007ffe69bdd000 	C:\Windows\SYSTEM32\dhcpcsvc.DLL
0x00007ffe6fa40000 - 0x00007ffe6fb0c000 	C:\Windows\SYSTEM32\DNSAPI.dll

dbghelp: loaded successfully - version: 4.0.5 - missing functions: none
symbol engine: initialized successfully - sym options: 0x614 - pdb path: .;C:\Users\felip\OneDrive\Desktop\android-studio\jre\bin;C:\Windows\SYSTEM32;C:\Program Files\Avast Software\Avast;C:\Windows\WinSxS\amd64_microsoft.windows.common-controls_6595b64144ccf1df_6.0.19041.1110_none_60b5254171f9507e;C:\Users\felip\OneDrive\Desktop\android-studio\jre\bin\server;C:\Users\felip\.gradle\native\8bec1ad78214c89d9ad589b4d07fe93259594b29d510b10fafb7a158f7737e5d\windows-amd64;C:\Users\felip\.gradle\native\53dbd7edfb1c66fb8903c78663c9afc45aea4f116125fa6feffd364cf09443e8\windows-amd64

VM Arguments:
jvm_args: --add-opens=java.base/java.util=ALL-UNNAMED --add-opens=java.base/java.lang=ALL-UNNAMED --add-opens=java.base/java.lang.invoke=ALL-UNNAMED --add-opens=java.base/java.util=ALL-UNNAMED --add-opens=java.prefs/java.util.prefs=ALL-UNNAMED --add-opens=java.prefs/java.util.prefs=ALL-UNNAMED --add-opens=java.base/java.nio.charset=ALL-UNNAMED --add-opens=java.base/java.net=ALL-UNNAMED --add-opens=java.base/java.util.concurrent.atomic=ALL-UNNAMED -Xmx512m -Dfile.encoding=UTF-8 -Duser.country=US -Duser.language=en -Duser.variant 
java_command: org.gradle.launcher.daemon.bootstrap.GradleDaemon 7.0.2
java_class_path (initial): C:\Users\felip\.gradle\wrapper\dists\gradle-7.0.2-bin\857tjihv64xamwrf0h14cai3r\gradle-7.0.2\lib\gradle-launcher-7.0.2.jar
Launcher Type: SUN_STANDARD

[Global flags]
     intx CICompilerCount                          = 2                                         {product} {ergonomic}
     uint ConcGCThreads                            = 1                                         {product} {ergonomic}
     uint G1ConcRefinementThreads                  = 2                                         {product} {ergonomic}
   size_t G1HeapRegionSize                         = 1048576                                   {product} {ergonomic}
    uintx GCDrainStackTargetSize                   = 64                                        {product} {ergonomic}
   size_t InitialHeapSize                          = 67108864                                  {product} {ergonomic}
   size_t MarkStackSize                            = 4194304                                   {product} {ergonomic}
   size_t MaxHeapSize                              = 536870912                                 {product} {command line}
   size_t MaxNewSize                               = 321912832                                 {product} {ergonomic}
   size_t MinHeapDeltaBytes                        = 1048576                                   {product} {ergonomic}
    uintx NonNMethodCodeHeapSize                   = 5825164                                {pd product} {ergonomic}
    uintx NonProfiledCodeHeapSize                  = 122916538                              {pd product} {ergonomic}
    uintx ProfiledCodeHeapSize                     = 122916538                              {pd product} {ergonomic}
    uintx ReservedCodeCacheSize                    = 251658240                              {pd product} {ergonomic}
     bool SegmentedCodeCache                       = true                                      {product} {ergonomic}
     bool UseCompressedClassPointers               = true                                 {lp64_product} {ergonomic}
     bool UseCompressedOops                        = true                                 {lp64_product} {ergonomic}
     bool UseG1GC                                  = true                                      {product} {ergonomic}
     bool UseLargePagesIndividualAllocation        = false                                  {pd product} {ergonomic}

Logging:
Log output configuration:
 #0: stdout all=warning uptime,level,tags
 #1: stderr all=off uptime,level,tags

Environment Variables:
PATH=C:\Program Files\Common Files\Oracle\Java\javapath;C:\Program Files (x86)\Common Files\Oracle\Java\javapath;C:\Windows\system32;C:\Windows;C:\Windows\System32\Wbem;C:\Windows\System32\WindowsPowerShell\v1.0\;C:\Windows\System32\OpenSSH\;C:\ProgramData\chocolatey\bin;C:\Program Files (x86)\Yarn\bin\;C:\Program Files\Git\cmd;C:\Program Files\nodejs\;C:\Users\felip\AppData\Local\Microsoft\WindowsApps;C:\Users\felip\AppData\Local\Programs\Microsoft VS Code\bin;C:\Users\felip\AppData\Local\Yarn\bin;C:\Users\felip\AppData\Local\GitHubDesktop\bin;C:\Users\felip\AppData\Roaming\npm
USERNAME=felip
OS=Windows_NT
PROCESSOR_IDENTIFIER=Intel64 Family 6 Model 23 Stepping 10, GenuineIntel



---------------  S Y S T E M  ---------------

OS: Windows 10 , 64 bit Build 19041 (10.0.19041.1202)
OS uptime: 4 days 5:37 hours

CPU:total 2 (initial active 2) (2 cores per cpu, 1 threads per core) family 6 model 23 stepping 10 microcode 0xa0c, cmov, cx8, fxsr, mmx, sse, sse2, sse3, ssse3, tsc

Memory: 4k page, system-wide physical 4061M (104M free)
TotalPageFile size 4061M (AvailPageFile size 7M)
current process WorkingSet (physical memory assigned to process): 293M, peak: 293M
current process commit charge ("private bytes"): 327M, peak: 329M

vm_info: OpenJDK 64-Bit Server VM (11.0.11+9-b60-7590822) for windows-amd64 JRE (11.0.11+9-b60-7590822), built on Jul 29 2021 21:43:44 by "builder" with MS VC++ 14.0 (VS2015)

END.
