#
# There is insufficient memory for the Java Runtime Environment to continue.
# Native memory allocation (malloc) failed to allocate 1048576 bytes for AllocateHeap
# Possible reasons:
#   The system is out of physical RAM or swap space
#   The process is running with CompressedOops enabled, and the Java Heap may be blocking the growth of the native heap
# Possible solutions:
#   Reduce memory load on the system
#   Increase physical memory or swap space
#   Check if swap backing store is full
#   Decrease Java heap size (-Xmx/-Xms)
#   Decrease number of Java threads
#   Decrease Java thread stack sizes (-Xss)
#   Set larger code cache with -XX:ReservedCodeCacheSize=
#   JVM is running with Unscaled Compressed Oops mode in which the Java heap is
#     placed in the first 4GB address space. The Java Heap base address is the
#     maximum limit for the native heap growth. Please use -XX:HeapBaseMinAddress
#     to set the Java Heap base and to place the Java Heap above 4GB virtual address.
# This output file may be truncated or incomplete.
#
#  Out of Memory Error (./src/hotspot/share/memory/allocation.cpp:46), pid=7720, tid=6272
#
# JRE version: OpenJDK Runtime Environment (11.0.11+9) (build 11.0.11+9-b60-7590822)
# Java VM: OpenJDK 64-Bit Server VM (11.0.11+9-b60-7590822, mixed mode, tiered, compressed oops, g1 gc, windows-amd64)
# No core dump will be written. Minidumps are not enabled by default on client versions of Windows
#

---------------  S U M M A R Y ------------

Command Line: --add-opens=java.base/java.util=ALL-UNNAMED --add-opens=java.base/java.lang=ALL-UNNAMED --add-opens=java.base/java.lang.invoke=ALL-UNNAMED --add-opens=java.base/java.util=ALL-UNNAMED --add-opens=java.prefs/java.util.prefs=ALL-UNNAMED --add-opens=java.prefs/java.util.prefs=ALL-UNNAMED --add-opens=java.base/java.nio.charset=ALL-UNNAMED --add-opens=java.base/java.net=ALL-UNNAMED --add-opens=java.base/java.util.concurrent.atomic=ALL-UNNAMED -Xmx1024m -Dfile.encoding=UTF-8 -Duser.country=US -Duser.language=en -Duser.variant org.gradle.launcher.daemon.bootstrap.GradleDaemon 7.0.2

Host: Celeron(R) Dual-Core CPU       T3500  @ 2.10GHz, 2 cores, 3G,  Windows 10 , 64 bit Build 19041 (10.0.19041.1202)
Time: Thu Nov  4 10:10:16 2021 E. South America Standard Time elapsed time: 25.486045 seconds (0d 0h 0m 25s)

---------------  T H R E A D  ---------------

Current thread (0x000001a9ffa06800):  VMThread "VM Thread" [stack: 0x00000048c2e00000,0x00000048c2f00000] [id=6272]

Stack: [0x00000048c2e00000,0x00000048c2f00000]
[error occurred during error reporting (printing stack bounds), id 0xc0000005, EXCEPTION_ACCESS_VIOLATION (0xc0000005) at pc=0x000001a983a20f3d]

Native frames: (J=compiled Java code, j=interpreted, Vv=VM code, C=native code)
V  [jvm.dll+0x5f214a]
V  [jvm.dll+0x726fb5]
V  [jvm.dll+0x7285cd]
V  [jvm.dll+0x728be5]
V  [jvm.dll+0x728b9b]
V  [jvm.dll+0x5f14e8]
V  [jvm.dll+0x5f1c78]
C  [ntdll.dll+0xa20cf]
C  [ntdll.dll+0x51454]
C  [ntdll.dll+0xa0bfe]
C  0x000001a983a20f3d

VM_Operation (0x00000048c40f6490): CollectForMetadataAllocation, mode: safepoint, requested by thread 0x000001a996031000


---------------  P R O C E S S  ---------------

Threads class SMR info:
_java_thread_list=0x000001a995818fd0, length=33, elements={
0x000001a9fcbb2000, 0x000001a9ffa0a000, 0x000001a9ffa14000, 0x000001a9ffa24800,
0x000001a9ffa27000, 0x000001a9ffa6c800, 0x000001a9ffa71800, 0x000001a9ffa75000,
0x000001a9ffa78000, 0x000001a9ffcd3800, 0x000001a995e39800, 0x000001a995d06000,
0x000001a9966c0800, 0x000001a995fbd000, 0x000001a995fc7800, 0x000001a996336000,
0x000001a996031000, 0x000001a9964e7800, 0x000001a9968cc800, 0x000001a9968cd000,
0x000001a9968ce000, 0x000001a9968cf800, 0x000001a9968cf000, 0x000001a9968ca000,
0x000001a9968d0800, 0x000001a9968ca800, 0x000001a9968cb800, 0x000001a996cf3000,
0x000001a996cf4000, 0x000001a996cf7000, 0x000001a996cf5000, 0x000001a996cf6800,
0x000001a996cf5800
}

Java Threads: ( => current thread )
  0x000001a9fcbb2000 JavaThread "main" [_thread_blocked, id=5508, stack(0x00000048c2800000,0x00000048c2900000)]
  0x000001a9ffa0a000 JavaThread "Reference Handler" daemon [_thread_blocked, id=3332, stack(0x00000048c2f00000,0x00000048c3000000)]
  0x000001a9ffa14000 JavaThread "Finalizer" daemon [_thread_blocked, id=1264, stack(0x00000048c3000000,0x00000048c3100000)]
  0x000001a9ffa24800 JavaThread "Signal Dispatcher" daemon [_thread_blocked, id=7768, stack(0x00000048c3100000,0x00000048c3200000)]
  0x000001a9ffa27000 JavaThread "Attach Listener" daemon [_thread_blocked, id=7824, stack(0x00000048c3200000,0x00000048c3300000)]
  0x000001a9ffa6c800 JavaThread "Service Thread" daemon [_thread_blocked, id=7472, stack(0x00000048c3300000,0x00000048c3400000)]
  0x000001a9ffa71800 JavaThread "C2 CompilerThread0" daemon [_thread_blocked, id=4796, stack(0x00000048c3400000,0x00000048c3500000)]
  0x000001a9ffa75000 JavaThread "C1 CompilerThread0" daemon [_thread_blocked, id=6044, stack(0x00000048c3500000,0x00000048c3600000)]
  0x000001a9ffa78000 JavaThread "Sweeper thread" daemon [_thread_blocked, id=7440, stack(0x00000048c3600000,0x00000048c3700000)]
  0x000001a9ffcd3800 JavaThread "Common-Cleaner" daemon [_thread_blocked, id=7868, stack(0x00000048c3700000,0x00000048c3800000)]
  0x000001a995e39800 JavaThread "Daemon health stats" [_thread_blocked, id=5860, stack(0x00000048c3a00000,0x00000048c3b00000)]
  0x000001a995d06000 JavaThread "Incoming local TCP Connector on port 3560" [_thread_in_native, id=6316, stack(0x00000048c3b00000,0x00000048c3c00000)]
  0x000001a9966c0800 JavaThread "Daemon periodic checks" [_thread_blocked, id=668, stack(0x00000048c3c00000,0x00000048c3d00000)]
  0x000001a995fbd000 JavaThread "Daemon" [_thread_blocked, id=5368, stack(0x00000048c3d00000,0x00000048c3e00000)]
  0x000001a995fc7800 JavaThread "Handler for socket connection from /127.0.0.1:3560 to /127.0.0.1:3561" [_thread_in_native, id=7320, stack(0x00000048c3e00000,0x00000048c3f00000)]
  0x000001a996336000 JavaThread "Cancel handler" [_thread_blocked, id=2396, stack(0x00000048c3f00000,0x00000048c4000000)]
  0x000001a996031000 JavaThread "Daemon worker" [_thread_blocked, id=7484, stack(0x00000048c4000000,0x00000048c4100000)]
  0x000001a9964e7800 JavaThread "Asynchronous log dispatcher for DefaultDaemonConnection: socket connection from /127.0.0.1:3560 to /127.0.0.1:3561" [_thread_blocked, id=5460, stack(0x00000048c4100000,0x00000048c4200000)]
  0x000001a9968cc800 JavaThread "Stdin handler" [_thread_blocked, id=332, stack(0x00000048c4200000,0x00000048c4300000)]
  0x000001a9968cd000 JavaThread "Daemon client event forwarder" [_thread_blocked, id=4148, stack(0x00000048c4300000,0x00000048c4400000)]
  0x000001a9968ce000 JavaThread "Cache worker for file hash cache (C:\Users\felip\.gradle\caches\7.0.2\fileHashes)" [_thread_blocked, id=5840, stack(0x00000048c4400000,0x00000048c4500000)]
  0x000001a9968cf800 JavaThread "File lock request listener" [_thread_in_native, id=4760, stack(0x00000048c4500000,0x00000048c4600000)]
  0x000001a9968cf000 JavaThread "Cache worker for journal cache (C:\Users\felip\.gradle\caches\journal-1)" [_thread_blocked, id=3368, stack(0x00000048c4600000,0x00000048c4700000)]
  0x000001a9968ca000 JavaThread "Cache worker for file hash cache (C:\Users\felip\AndroidStudioProjects\VideoApp\.gradle\7.0.2\fileHashes)" [_thread_blocked, id=3084, stack(0x00000048c4700000,0x00000048c4800000)]
  0x000001a9968d0800 JavaThread "File watcher server" daemon [_thread_in_native, id=6832, stack(0x00000048c4800000,0x00000048c4900000)]
  0x000001a9968ca800 JavaThread "File watcher consumer" daemon [_thread_blocked, id=240, stack(0x00000048c4900000,0x00000048c4a00000)]
  0x000001a9968cb800 JavaThread "jar transforms" [_thread_blocked, id=5440, stack(0x00000048c4a00000,0x00000048c4b00000)]
  0x000001a996cf3000 JavaThread "jar transforms Thread 2" [_thread_blocked, id=7680, stack(0x00000048c4b00000,0x00000048c4c00000)]
  0x000001a996cf4000 JavaThread "Cache worker for checksums cache (C:\Users\felip\AndroidStudioProjects\VideoApp\.gradle\checksums)" [_thread_blocked, id=4196, stack(0x00000048c4c00000,0x00000048c4d00000)]
  0x000001a996cf7000 JavaThread "Cache worker for cache directory md-supplier (C:\Users\felip\.gradle\caches\7.0.2\md-supplier)" [_thread_blocked, id=5164, stack(0x00000048c4d00000,0x00000048c4e00000)]
  0x000001a996cf5000 JavaThread "Cache worker for cache directory md-rule (C:\Users\felip\.gradle\caches\7.0.2\md-rule)" [_thread_blocked, id=5660, stack(0x00000048c4e00000,0x00000048c4f00000)]
  0x000001a996cf6800 JavaThread "Cache worker for execution history cache (C:\Users\felip\.gradle\caches\7.0.2\executionHistory)" [_thread_blocked, id=3464, stack(0x00000048c4f00000,0x00000048c5000000)]
  0x000001a996cf5800 JavaThread "Cache worker for file content cache (C:\Users\felip\.gradle\caches\7.0.2\fileContent)" [_thread_blocked, id=7660, stack(0x00000048c5000000,0x00000048c5100000)]

Other Threads:
=>0x000001a9ffa06800 VMThread "VM Thread" [stack: 0x00000048c2e00000,0x00000048c2f00000] [id=6272]
  0x000001a9ffcf9800 WatcherThread [stack: 0x00000048c3800000,0x00000048c3900000] [id=7452]
  0x000001a9fcbca800 GCTaskThread "GC Thread#0" [stack: 0x00000048c2900000,0x00000048c2a00000] [id=6592]
  0x000001a9ffde5000 GCTaskThread "GC Thread#1" [stack: 0x00000048c3900000,0x00000048c3a00000] [id=8064]
  0x000001a9fcbe5800 ConcurrentGCThread "G1 Main Marker" [stack: 0x00000048c2a00000,0x00000048c2b00000] [id=324]
  0x000001a9fcbe8000 ConcurrentGCThread "G1 Conc#0" [stack: 0x00000048c2b00000,0x00000048c2c00000] [id=7896]
  0x000001a9fcc35800 ConcurrentGCThread "G1 Refine#0" [stack: 0x00000048c2c00000,0x00000048c2d00000] [id=7812]
  0x000001a9fcc37800 ConcurrentGCThread "G1 Young RemSet Sampling" [stack: 0x00000048c2d00000,0x00000048c2e00000] [id=7032]

Threads with active compile tasks:
C2 CompilerThread0  25530 4748       4       org.codehaus.groovy.ast.ClassHelper::make (58 bytes)

VM state:at safepoint (normal execution)

VM Mutex/Monitor currently owned by a thread:  ([mutex/lock_event])
[0x000001a9fcbae240] Threads_lock - owner thread: 0x000001a9ffa06800
[0x000001a9fcbadaf0] Heap_lock - owner thread: 0x000001a996031000

Heap address: 0x00000000c0000000, size: 1024 MB, Compressed Oops mode: 32-bit
Narrow klass base: 0x0000000000000000, Narrow klass shift: 3
Compressed class space size: 1073741824 Address: 0x0000000100000000

Heap:
 garbage-first heap   total 95232K, used 48364K [0x00000000c0000000, 0x0000000100000000)
  region size 1024K, 2 young (2048K), 2 survivors (2048K)
 Metaspace       used 47353K, capacity 48533K, committed 48640K, reserved 1099776K
  class space    used 6108K, capacity 6553K, committed 6656K, reserved 1048576K
Heap Regions: E=young(eden), S=young(survivor), O=old, HS=humongous(starts), HC=humongous(continues), CS=collection set, F=free, A=archive, TAMS=top-at-mark-start (previous, next)
|   0|0x00000000c0000000, 0x00000000c0100000, 0x00000000c0100000|100%| O|  |TAMS 0x00000000c0100000, 0x00000000c0100000| Untracked 
|   1|0x00000000c0100000, 0x00000000c0200000, 0x00000000c0200000|100%| O|  |TAMS 0x00000000c0200000, 0x00000000c0200000| Untracked 
|   2|0x00000000c0200000, 0x00000000c0300000, 0x00000000c0300000|100%| O|  |TAMS 0x00000000c0300000, 0x00000000c0300000| Untracked 
|   3|0x00000000c0300000, 0x00000000c0400000, 0x00000000c0400000|100%| O|  |TAMS 0x00000000c0400000, 0x00000000c0400000| Untracked 
|   4|0x00000000c0400000, 0x00000000c0500000, 0x00000000c0500000|100%|HS|  |TAMS 0x00000000c0500000, 0x00000000c0500000| Complete 
|   5|0x00000000c0500000, 0x00000000c0600000, 0x00000000c0600000|100%|HC|  |TAMS 0x00000000c0600000, 0x00000000c0600000| Complete 
|   6|0x00000000c0600000, 0x00000000c0700000, 0x00000000c0700000|100%|HC|  |TAMS 0x00000000c0700000, 0x00000000c0700000| Complete 
|   7|0x00000000c0700000, 0x00000000c0800000, 0x00000000c0800000|100%| O|  |TAMS 0x00000000c0800000, 0x00000000c0800000| Untracked 
|   8|0x00000000c0800000, 0x00000000c0900000, 0x00000000c0900000|100%| O|  |TAMS 0x00000000c0900000, 0x00000000c0900000| Untracked 
|   9|0x00000000c0900000, 0x00000000c0a00000, 0x00000000c0a00000|100%| O|  |TAMS 0x00000000c0a00000, 0x00000000c0a00000| Untracked 
|  10|0x00000000c0a00000, 0x00000000c0b00000, 0x00000000c0b00000|100%| O|  |TAMS 0x00000000c0b00000, 0x00000000c0b00000| Untracked 
|  11|0x00000000c0b00000, 0x00000000c0c00000, 0x00000000c0c00000|100%| O|  |TAMS 0x00000000c0c00000, 0x00000000c0c00000| Untracked 
|  12|0x00000000c0c00000, 0x00000000c0d00000, 0x00000000c0d00000|100%| O|  |TAMS 0x00000000c0d00000, 0x00000000c0d00000| Untracked 
|  13|0x00000000c0d00000, 0x00000000c0e00000, 0x00000000c0e00000|100%| O|  |TAMS 0x00000000c0e00000, 0x00000000c0e00000| Untracked 
|  14|0x00000000c0e00000, 0x00000000c0f00000, 0x00000000c0f00000|100%| O|  |TAMS 0x00000000c0f00000, 0x00000000c0f00000| Untracked 
|  15|0x00000000c0f00000, 0x00000000c1000000, 0x00000000c1000000|100%| O|  |TAMS 0x00000000c1000000, 0x00000000c1000000| Untracked 
|  16|0x00000000c1000000, 0x00000000c1100000, 0x00000000c1100000|100%|HS|  |TAMS 0x00000000c1100000, 0x00000000c1100000| Complete 
|  17|0x00000000c1100000, 0x00000000c1200000, 0x00000000c1200000|100%|HC|  |TAMS 0x00000000c1200000, 0x00000000c1200000| Complete 
|  18|0x00000000c1200000, 0x00000000c1300000, 0x00000000c1300000|100%|HS|  |TAMS 0x00000000c1300000, 0x00000000c1300000| Complete 
|  19|0x00000000c1300000, 0x00000000c1400000, 0x00000000c1400000|100%|HC|  |TAMS 0x00000000c1400000, 0x00000000c1400000| Complete 
|  20|0x00000000c1400000, 0x00000000c1500000, 0x00000000c1500000|100%|HC|  |TAMS 0x00000000c1500000, 0x00000000c1500000| Complete 
|  21|0x00000000c1500000, 0x00000000c1600000, 0x00000000c1600000|100%|HS|  |TAMS 0x00000000c1600000, 0x00000000c1600000| Complete 
|  22|0x00000000c1600000, 0x00000000c1700000, 0x00000000c1700000|100%|HC|  |TAMS 0x00000000c1700000, 0x00000000c1700000| Complete 
|  23|0x00000000c1700000, 0x00000000c1800000, 0x00000000c1800000|100%|HC|  |TAMS 0x00000000c1800000, 0x00000000c1800000| Complete 
|  24|0x00000000c1800000, 0x00000000c1900000, 0x00000000c1900000|100%|HC|  |TAMS 0x00000000c1900000, 0x00000000c1900000| Complete 
|  25|0x00000000c1900000, 0x00000000c1a00000, 0x00000000c1a00000|100%| O|  |TAMS 0x00000000c1a00000, 0x00000000c1a00000| Untracked 
|  26|0x00000000c1a00000, 0x00000000c1b00000, 0x00000000c1b00000|100%| O|  |TAMS 0x00000000c1b00000, 0x00000000c1b00000| Untracked 
|  27|0x00000000c1b00000, 0x00000000c1c00000, 0x00000000c1c00000|100%| O|  |TAMS 0x00000000c1c00000, 0x00000000c1c00000| Untracked 
|  28|0x00000000c1c00000, 0x00000000c1d00000, 0x00000000c1d00000|100%| O|  |TAMS 0x00000000c1d00000, 0x00000000c1d00000| Untracked 
|  29|0x00000000c1d00000, 0x00000000c1e00000, 0x00000000c1e00000|100%| O|  |TAMS 0x00000000c1e00000, 0x00000000c1e00000| Untracked 
|  30|0x00000000c1e00000, 0x00000000c1f00000, 0x00000000c1f00000|100%| O|  |TAMS 0x00000000c1f00000, 0x00000000c1f00000| Untracked 
|  31|0x00000000c1f00000, 0x00000000c2000000, 0x00000000c2000000|100%| O|  |TAMS 0x00000000c2000000, 0x00000000c2000000| Untracked 
|  32|0x00000000c2000000, 0x00000000c2100000, 0x00000000c2100000|100%| O|  |TAMS 0x00000000c2100000, 0x00000000c2100000| Untracked 
|  33|0x00000000c2100000, 0x00000000c2200000, 0x00000000c2200000|100%| O|  |TAMS 0x00000000c2200000, 0x00000000c2200000| Untracked 
|  34|0x00000000c2200000, 0x00000000c2300000, 0x00000000c2300000|100%| O|  |TAMS 0x00000000c2300000, 0x00000000c2300000| Untracked 
|  35|0x00000000c2300000, 0x00000000c2400000, 0x00000000c2400000|100%| O|  |TAMS 0x00000000c2400000, 0x00000000c2400000| Untracked 
|  36|0x00000000c2400000, 0x00000000c2500000, 0x00000000c2500000|100%| O|  |TAMS 0x00000000c2500000, 0x00000000c2500000| Untracked 
|  37|0x00000000c2500000, 0x00000000c2600000, 0x00000000c2600000|100%|HS|  |TAMS 0x00000000c2600000, 0x00000000c2600000| Complete 
|  38|0x00000000c2600000, 0x00000000c2700000, 0x00000000c2700000|100%|HC|  |TAMS 0x00000000c2700000, 0x00000000c2700000| Complete 
|  39|0x00000000c2700000, 0x00000000c2800000, 0x00000000c2800000|100%|HC|  |TAMS 0x00000000c2800000, 0x00000000c2800000| Complete 
|  40|0x00000000c2800000, 0x00000000c2900000, 0x00000000c2900000|100%| O|  |TAMS 0x00000000c2900000, 0x00000000c2900000| Untracked 
|  41|0x00000000c2900000, 0x00000000c2a00000, 0x00000000c2a00000|100%| O|  |TAMS 0x00000000c2a00000, 0x00000000c2a00000| Untracked 
|  42|0x00000000c2a00000, 0x00000000c2b00000, 0x00000000c2b00000|100%| O|  |TAMS 0x00000000c2b00000, 0x00000000c2b00000| Untracked 
|  43|0x00000000c2b00000, 0x00000000c2c00000, 0x00000000c2c00000|100%| O|  |TAMS 0x00000000c2c00000, 0x00000000c2c00000| Untracked 
|  44|0x00000000c2c00000, 0x00000000c2d00000, 0x00000000c2d00000|100%| O|  |TAMS 0x00000000c2c00000, 0x00000000c2d00000| Untracked 
|  45|0x00000000c2d00000, 0x00000000c2d3b000, 0x00000000c2e00000| 23%| O|  |TAMS 0x00000000c2d00000, 0x00000000c2d3b000| Untracked 
|  46|0x00000000c2e00000, 0x00000000c2e00000, 0x00000000c2f00000|  0%| F|  |TAMS 0x00000000c2e00000, 0x00000000c2e00000| Untracked 
|  47|0x00000000c2f00000, 0x00000000c2f00000, 0x00000000c3000000|  0%| F|  |TAMS 0x00000000c2f00000, 0x00000000c2f00000| Untracked 
|  48|0x00000000c3000000, 0x00000000c3000000, 0x00000000c3100000|  0%| F|  |TAMS 0x00000000c3000000, 0x00000000c3000000| Untracked 
|  49|0x00000000c3100000, 0x00000000c3100000, 0x00000000c3200000|  0%| F|  |TAMS 0x00000000c3100000, 0x00000000c3100000| Untracked 
|  50|0x00000000c3200000, 0x00000000c3200000, 0x00000000c3300000|  0%| F|  |TAMS 0x00000000c3200000, 0x00000000c3200000| Untracked 
|  51|0x00000000c3300000, 0x00000000c3300000, 0x00000000c3400000|  0%| F|  |TAMS 0x00000000c3300000, 0x00000000c3300000| Untracked 
|  52|0x00000000c3400000, 0x00000000c3400000, 0x00000000c3500000|  0%| F|  |TAMS 0x00000000c3400000, 0x00000000c3400000| Untracked 
|  53|0x00000000c3500000, 0x00000000c3500000, 0x00000000c3600000|  0%| F|  |TAMS 0x00000000c3500000, 0x00000000c3500000| Untracked 
|  54|0x00000000c3600000, 0x00000000c3600000, 0x00000000c3700000|  0%| F|  |TAMS 0x00000000c3600000, 0x00000000c3600000| Untracked 
|  55|0x00000000c3700000, 0x00000000c3700000, 0x00000000c3800000|  0%| F|  |TAMS 0x00000000c3700000, 0x00000000c3700000| Untracked 
|  56|0x00000000c3800000, 0x00000000c3800000, 0x00000000c3900000|  0%| F|  |TAMS 0x00000000c3800000, 0x00000000c3800000| Untracked 
|  57|0x00000000c3900000, 0x00000000c3900000, 0x00000000c3a00000|  0%| F|  |TAMS 0x00000000c3900000, 0x00000000c3900000| Untracked 
|  58|0x00000000c3a00000, 0x00000000c3a00000, 0x00000000c3b00000|  0%| F|  |TAMS 0x00000000c3a00000, 0x00000000c3a00000| Untracked 
|  59|0x00000000c3b00000, 0x00000000c3b00000, 0x00000000c3c00000|  0%| F|  |TAMS 0x00000000c3b00000, 0x00000000c3b00000| Untracked 
|  60|0x00000000c3c00000, 0x00000000c3c00000, 0x00000000c3d00000|  0%| F|  |TAMS 0x00000000c3c00000, 0x00000000c3c00000| Untracked 
|  61|0x00000000c3d00000, 0x00000000c3d00000, 0x00000000c3e00000|  0%| F|  |TAMS 0x00000000c3d00000, 0x00000000c3d00000| Untracked 
|  62|0x00000000c3e00000, 0x00000000c3e00000, 0x00000000c3f00000|  0%| F|  |TAMS 0x00000000c3e00000, 0x00000000c3e00000| Untracked 
|  63|0x00000000c3f00000, 0x00000000c3f00000, 0x00000000c4000000|  0%| F|  |TAMS 0x00000000c3f00000, 0x00000000c3f00000| Untracked 
|  64|0x00000000c4000000, 0x00000000c4000000, 0x00000000c4100000|  0%| F|  |TAMS 0x00000000c4000000, 0x00000000c4000000| Untracked 
|  65|0x00000000c4100000, 0x00000000c4100000, 0x00000000c4200000|  0%| F|  |TAMS 0x00000000c4100000, 0x00000000c4100000| Untracked 
|  66|0x00000000c4200000, 0x00000000c4200000, 0x00000000c4300000|  0%| F|  |TAMS 0x00000000c4200000, 0x00000000c4200000| Untracked 
|  67|0x00000000c4300000, 0x00000000c4300000, 0x00000000c4400000|  0%| F|  |TAMS 0x00000000c4300000, 0x00000000c4300000| Untracked 
|  68|0x00000000c4400000, 0x00000000c4400000, 0x00000000c4500000|  0%| F|  |TAMS 0x00000000c4400000, 0x00000000c4400000| Untracked 
|  69|0x00000000c4500000, 0x00000000c4500000, 0x00000000c4600000|  0%| F|  |TAMS 0x00000000c4500000, 0x00000000c4500000| Untracked 
|  70|0x00000000c4600000, 0x00000000c4600000, 0x00000000c4700000|  0%| F|  |TAMS 0x00000000c4600000, 0x00000000c4600000| Untracked 
|  71|0x00000000c4700000, 0x00000000c4700000, 0x00000000c4800000|  0%| F|  |TAMS 0x00000000c4700000, 0x00000000c4700000| Untracked 
|  72|0x00000000c4800000, 0x00000000c4800000, 0x00000000c4900000|  0%| F|  |TAMS 0x00000000c4800000, 0x00000000c4800000| Untracked 
|  73|0x00000000c4900000, 0x00000000c4900000, 0x00000000c4a00000|  0%| F|  |TAMS 0x00000000c4900000, 0x00000000c4900000| Untracked 
|  74|0x00000000c4a00000, 0x00000000c4a00000, 0x00000000c4b00000|  0%| F|  |TAMS 0x00000000c4a00000, 0x00000000c4a00000| Untracked 
|  75|0x00000000c4b00000, 0x00000000c4b00000, 0x00000000c4c00000|  0%| F|  |TAMS 0x00000000c4b00000, 0x00000000c4b00000| Untracked 
|  76|0x00000000c4c00000, 0x00000000c4c00000, 0x00000000c4d00000|  0%| F|  |TAMS 0x00000000c4c00000, 0x00000000c4c00000| Untracked 
|  77|0x00000000c4d00000, 0x00000000c4d00000, 0x00000000c4e00000|  0%| F|  |TAMS 0x00000000c4d00000, 0x00000000c4d00000| Untracked 
|  78|0x00000000c4e00000, 0x00000000c4e00000, 0x00000000c4f00000|  0%| F|  |TAMS 0x00000000c4e00000, 0x00000000c4e00000| Untracked 
|  79|0x00000000c4f00000, 0x00000000c4f00000, 0x00000000c5000000|  0%| F|  |TAMS 0x00000000c4f00000, 0x00000000c4f00000| Untracked 
|  80|0x00000000c5000000, 0x00000000c5000000, 0x00000000c5100000|  0%| F|  |TAMS 0x00000000c5000000, 0x00000000c5000000| Untracked 
|  81|0x00000000c5100000, 0x00000000c5100000, 0x00000000c5200000|  0%| F|  |TAMS 0x00000000c5100000, 0x00000000c5100000| Untracked 
|  82|0x00000000c5200000, 0x00000000c5200000, 0x00000000c5300000|  0%| F|  |TAMS 0x00000000c5200000, 0x00000000c5200000| Untracked 
|  83|0x00000000c5300000, 0x00000000c5300000, 0x00000000c5400000|  0%| F|  |TAMS 0x00000000c5300000, 0x00000000c5300000| Untracked 
|  84|0x00000000c5400000, 0x00000000c5400000, 0x00000000c5500000|  0%| F|  |TAMS 0x00000000c5400000, 0x00000000c5400000| Untracked 
|  85|0x00000000c5500000, 0x00000000c5500000, 0x00000000c5600000|  0%| F|  |TAMS 0x00000000c5500000, 0x00000000c5500000| Untracked 
|  86|0x00000000c5600000, 0x00000000c5600000, 0x00000000c5700000|  0%| F|  |TAMS 0x00000000c5600000, 0x00000000c5600000| Untracked 
|  87|0x00000000c5700000, 0x00000000c5700000, 0x00000000c5800000|  0%| F|  |TAMS 0x00000000c5700000, 0x00000000c5700000| Untracked 
|  88|0x00000000c5800000, 0x00000000c5900000, 0x00000000c5900000|100%| S|CS|TAMS 0x00000000c5800000, 0x00000000c5800000| Complete 
|  89|0x00000000c5900000, 0x00000000c5a00000, 0x00000000c5a00000|100%| S|CS|TAMS 0x00000000c5900000, 0x00000000c5900000| Complete 
|  90|0x00000000c5a00000, 0x00000000c5a00000, 0x00000000c5b00000|  0%| F|  |TAMS 0x00000000c5a00000, 0x00000000c5a00000| Untracked 
|  91|0x00000000c5b00000, 0x00000000c5b00000, 0x00000000c5c00000|  0%| F|  |TAMS 0x00000000c5b00000, 0x00000000c5b00000| Untracked 
|  92|0x00000000c5c00000, 0x00000000c5c00000, 0x00000000c5d00000|  0%| F|  |TAMS 0x00000000c5c00000, 0x00000000c5c00000| Untracked 

Card table byte_map: [0x000001a9fc990000,0x000001a9fcb90000] _byte_map_base: 0x000001a9fc390000

Marking Bits (Prev, Next): (CMBitMap*) 0x000001a9fcbe0ec8, (CMBitMap*) 0x000001a9fcbe0f00
 Prev Bits: [0x000001a9fce90000, 0x000001a9fde90000)
 Next Bits: [0x000001a9fde90000, 0x000001a9fee90000)

Polling page: 0x000001a9fab00000

Metaspace:

Usage:
  Non-class:     41.00 MB capacity,    40.28 MB ( 98%) used,   611.55 KB (  1%) free+waste,   124.00 KB ( <1%) overhead. 
      Class:      6.40 MB capacity,     5.97 MB ( 93%) used,   384.63 KB (  6%) free+waste,    59.56 KB ( <1%) overhead. 
       Both:     47.40 MB capacity,    46.24 MB ( 98%) used,   996.18 KB (  2%) free+waste,   183.56 KB ( <1%) overhead. 

Virtual space:
  Non-class space:       50.00 MB reserved,      41.00 MB ( 82%) committed 
      Class space:        1.00 GB reserved,       6.50 MB ( <1%) committed 
             Both:        1.05 GB reserved,      47.50 MB (  4%) committed 

Chunk freelists:
   Non-Class:  4.00 KB
       Class:  7.00 KB
        Both:  11.00 KB

MaxMetaspaceSize: 17179869184.00 GB
CompressedClassSpaceSize: 1.00 GB

CodeHeap 'non-profiled nmethods': size=120064Kb used=2227Kb max_used=2227Kb free=117836Kb
 bounds [0x000001a98b4e0000, 0x000001a98b750000, 0x000001a992a20000]
CodeHeap 'profiled nmethods': size=120000Kb used=9755Kb max_used=9755Kb free=110244Kb
 bounds [0x000001a983fb0000, 0x000001a984940000, 0x000001a98b4e0000]
CodeHeap 'non-nmethods': size=5696Kb used=2206Kb max_used=2234Kb free=3489Kb
 bounds [0x000001a983a20000, 0x000001a983c90000, 0x000001a983fb0000]
 total_blobs=5498 nmethods=4707 adapters=703
 compilation: enabled
              stopped_count=0, restarted_count=0
 full_count=0

Compilation events (20 events):
Event: 25.422 Thread 0x000001a9ffa75000 4741       3       jdk.internal.loader.AbstractClassLoaderValue::extractValue (17 bytes)
Event: 25.422 Thread 0x000001a9ffa75000 nmethod 4741 0x000001a98492f590 code [0x000001a98492f760, 0x000001a98492fac8]
Event: 25.423 Thread 0x000001a9ffa75000 4742       3       sun.reflect.generics.reflectiveObjects.LazyReflectiveObjectGenerator::<init> (10 bytes)
Event: 25.423 Thread 0x000001a9ffa75000 nmethod 4742 0x000001a98492fb90 code [0x000001a98492fd40, 0x000001a98492fef8]
Event: 25.424 Thread 0x000001a9ffa75000 4743       1       org.codehaus.groovy.util.ManagedConcurrentMap$EntryWithValue::setValue (6 bytes)
Event: 25.424 Thread 0x000001a9ffa75000 nmethod 4743 0x000001a98b70c190 code [0x000001a98b70c340, 0x000001a98b70c438]
Event: 25.426 Thread 0x000001a9ffa75000 4744       3       jdk.internal.reflect.ByteVectorImpl::resize (44 bytes)
Event: 25.427 Thread 0x000001a9ffa75000 nmethod 4744 0x000001a98492ff90 code [0x000001a984930160, 0x000001a984930448]
Event: 25.428 Thread 0x000001a9ffa71800 nmethod 4731 0x000001a98b70c490 code [0x000001a98b70c680, 0x000001a98b70ca78]
Event: 25.428 Thread 0x000001a9ffa75000 4745       3       org.codehaus.groovy.ast.ClassHelper::makeCached (62 bytes)
Event: 25.431 Thread 0x000001a9ffa75000 nmethod 4745 0x000001a984930590 code [0x000001a984930900, 0x000001a984932118]
Event: 25.431 Thread 0x000001a9ffa75000 4747       3       sun.reflect.generics.repository.GenericDeclRepository::computeTypeParameters (65 bytes)
Event: 25.432 Thread 0x000001a9ffa71800 4748       4       org.codehaus.groovy.ast.ClassHelper::make (58 bytes)
Event: 25.433 Thread 0x000001a9ffa75000 nmethod 4747 0x000001a984932890 code [0x000001a984932b00, 0x000001a984933858]
Event: 25.433 Thread 0x000001a9ffa75000 4746   !   3       jdk.internal.loader.AbstractClassLoaderValue::computeIfAbsent (113 bytes)
Event: 25.435 Thread 0x000001a9ffa75000 nmethod 4746 0x000001a984933d10 code [0x000001a984933fc0, 0x000001a984934da8]
Event: 25.436 Thread 0x000001a9ffa75000 4749       3       java.util.Collections$EmptySet::toArray (11 bytes)
Event: 25.436 Thread 0x000001a9ffa75000 nmethod 4749 0x000001a984935390 code [0x000001a984935560, 0x000001a984935838]
Event: 25.439 Thread 0x000001a9ffa75000 4751       3       java.lang.reflect.Method::getGenericInfo (27 bytes)
Event: 25.440 Thread 0x000001a9ffa75000 nmethod 4751 0x000001a984935910 code [0x000001a984935ba0, 0x000001a984936998]

GC Heap History (20 events):
Event: 18.132 GC heap before
{Heap before GC invocations=15 (full 0):
 garbage-first heap   total 78848K, used 38958K [0x00000000c0000000, 0x0000000100000000)
  region size 1024K, 6 young (6144K), 2 survivors (2048K)
 Metaspace       used 37876K, capacity 38914K, committed 39168K, reserved 1083392K
  class space    used 4891K, capacity 5273K, committed 5376K, reserved 1048576K
}
Event: 18.142 GC heap after
{Heap after GC invocations=16 (full 0):
 garbage-first heap   total 78848K, used 37687K [0x00000000c0000000, 0x0000000100000000)
  region size 1024K, 3 young (3072K), 3 survivors (3072K)
 Metaspace       used 37876K, capacity 38914K, committed 39168K, reserved 1083392K
  class space    used 4891K, capacity 5273K, committed 5376K, reserved 1048576K
}
Event: 18.269 GC heap before
{Heap before GC invocations=17 (full 0):
 garbage-first heap   total 78848K, used 38711K [0x00000000c0000000, 0x0000000100000000)
  region size 1024K, 4 young (4096K), 3 survivors (3072K)
 Metaspace       used 37876K, capacity 38914K, committed 39168K, reserved 1083392K
  class space    used 4891K, capacity 5273K, committed 5376K, reserved 1048576K
}
Event: 18.277 GC heap after
{Heap after GC invocations=18 (full 0):
 garbage-first heap   total 78848K, used 38271K [0x00000000c0000000, 0x0000000100000000)
  region size 1024K, 1 young (1024K), 1 survivors (1024K)
 Metaspace       used 37876K, capacity 38914K, committed 39168K, reserved 1083392K
  class space    used 4891K, capacity 5273K, committed 5376K, reserved 1048576K
}
Event: 19.630 GC heap before
{Heap before GC invocations=19 (full 0):
 garbage-first heap   total 78848K, used 62847K [0x00000000c0000000, 0x0000000100000000)
  region size 1024K, 23 young (23552K), 1 survivors (1024K)
 Metaspace       used 40836K, capacity 41882K, committed 41984K, reserved 1085440K
  class space    used 5213K, capacity 5580K, committed 5632K, reserved 1048576K
}
Event: 19.642 GC heap after
{Heap after GC invocations=20 (full 0):
 garbage-first heap   total 78848K, used 38425K [0x00000000c0000000, 0x0000000100000000)
  region size 1024K, 2 young (2048K), 2 survivors (2048K)
 Metaspace       used 40836K, capacity 41882K, committed 41984K, reserved 1085440K
  class space    used 5213K, capacity 5580K, committed 5632K, reserved 1048576K
}
Event: 21.001 GC heap before
{Heap before GC invocations=20 (full 0):
 garbage-first heap   total 78848K, used 59929K [0x00000000c0000000, 0x0000000100000000)
  region size 1024K, 24 young (24576K), 2 survivors (2048K)
 Metaspace       used 42520K, capacity 43672K, committed 43776K, reserved 1087488K
  class space    used 5450K, capacity 5876K, committed 5888K, reserved 1048576K
}
Event: 21.015 GC heap after
{Heap after GC invocations=21 (full 0):
 garbage-first heap   total 78848K, used 39613K [0x00000000c0000000, 0x0000000100000000)
  region size 1024K, 3 young (3072K), 3 survivors (3072K)
 Metaspace       used 42520K, capacity 43672K, committed 43776K, reserved 1087488K
  class space    used 5450K, capacity 5876K, committed 5888K, reserved 1048576K
}
Event: 22.631 GC heap before
{Heap before GC invocations=22 (full 0):
 garbage-first heap   total 78848K, used 64189K [0x00000000c0000000, 0x0000000100000000)
  region size 1024K, 25 young (25600K), 3 survivors (3072K)
 Metaspace       used 45093K, capacity 46243K, committed 46592K, reserved 1089536K
  class space    used 5886K, capacity 6306K, committed 6400K, reserved 1048576K
}
Event: 22.654 GC heap after
{Heap after GC invocations=23 (full 0):
 garbage-first heap   total 78848K, used 45186K [0x00000000c0000000, 0x0000000100000000)
  region size 1024K, 4 young (4096K), 4 survivors (4096K)
 Metaspace       used 45093K, capacity 46243K, committed 46592K, reserved 1089536K
  class space    used 5886K, capacity 6306K, committed 6400K, reserved 1048576K
}
Event: 23.086 GC heap before
{Heap before GC invocations=23 (full 0):
 garbage-first heap   total 78848K, used 64642K [0x00000000c0000000, 0x0000000100000000)
  region size 1024K, 23 young (23552K), 4 survivors (4096K)
 Metaspace       used 45224K, capacity 46371K, committed 46592K, reserved 1089536K
  class space    used 5889K, capacity 6306K, committed 6400K, reserved 1048576K
}
Event: 23.111 GC heap after
{Heap after GC invocations=24 (full 0):
 garbage-first heap   total 78848K, used 46323K [0x00000000c0000000, 0x0000000100000000)
  region size 1024K, 2 young (2048K), 2 survivors (2048K)
 Metaspace       used 45224K, capacity 46371K, committed 46592K, reserved 1089536K
  class space    used 5889K, capacity 6306K, committed 6400K, reserved 1048576K
}
Event: 23.558 GC heap before
{Heap before GC invocations=25 (full 0):
 garbage-first heap   total 78848K, used 64755K [0x00000000c0000000, 0x0000000100000000)
  region size 1024K, 20 young (20480K), 2 survivors (2048K)
 Metaspace       used 45256K, capacity 46435K, committed 46592K, reserved 1089536K
  class space    used 5889K, capacity 6306K, committed 6400K, reserved 1048576K
}
Event: 23.572 GC heap after
{Heap after GC invocations=26 (full 0):
 garbage-first heap   total 95232K, used 46676K [0x00000000c0000000, 0x0000000100000000)
  region size 1024K, 2 young (2048K), 2 survivors (2048K)
 Metaspace       used 45256K, capacity 46435K, committed 46592K, reserved 1089536K
  class space    used 5889K, capacity 6306K, committed 6400K, reserved 1048576K
}
Event: 23.955 GC heap before
{Heap before GC invocations=26 (full 0):
 garbage-first heap   total 95232K, used 73300K [0x00000000c0000000, 0x0000000100000000)
  region size 1024K, 28 young (28672K), 2 survivors (2048K)
 Metaspace       used 45275K, capacity 46435K, committed 46592K, reserved 1089536K
  class space    used 5889K, capacity 6306K, committed 6400K, reserved 1048576K
}
Event: 23.966 GC heap after
{Heap after GC invocations=27 (full 0):
 garbage-first heap   total 95232K, used 47027K [0x00000000c0000000, 0x0000000100000000)
  region size 1024K, 2 young (2048K), 2 survivors (2048K)
 Metaspace       used 45275K, capacity 46435K, committed 46592K, reserved 1089536K
  class space    used 5889K, capacity 6306K, committed 6400K, reserved 1048576K
}
Event: 25.190 GC heap before
{Heap before GC invocations=28 (full 0):
 garbage-first heap   total 95232K, used 74675K [0x00000000c0000000, 0x0000000100000000)
  region size 1024K, 29 young (29696K), 2 survivors (2048K)
 Metaspace       used 46762K, capacity 48020K, committed 48256K, reserved 1091584K
  class space    used 6051K, capacity 6512K, committed 6528K, reserved 1048576K
}
Event: 25.206 GC heap after
{Heap after GC invocations=29 (full 0):
 garbage-first heap   total 95232K, used 48128K [0x00000000c0000000, 0x0000000100000000)
  region size 1024K, 3 young (3072K), 3 survivors (3072K)
 Metaspace       used 46762K, capacity 48020K, committed 48256K, reserved 1091584K
  class space    used 6051K, capacity 6512K, committed 6528K, reserved 1048576K
}
Event: 25.460 GC heap before
{Heap before GC invocations=29 (full 0):
 garbage-first heap   total 95232K, used 50176K [0x00000000c0000000, 0x0000000100000000)
  region size 1024K, 6 young (6144K), 3 survivors (3072K)
 Metaspace       used 47353K, capacity 48533K, committed 48640K, reserved 1097728K
  class space    used 6108K, capacity 6553K, committed 6656K, reserved 1048576K
}
Event: 25.474 GC heap after
{Heap after GC invocations=30 (full 0):
 garbage-first heap   total 95232K, used 48364K [0x00000000c0000000, 0x0000000100000000)
  region size 1024K, 2 young (2048K), 2 survivors (2048K)
 Metaspace       used 47353K, capacity 48533K, committed 48640K, reserved 1097728K
  class space    used 6108K, capacity 6553K, committed 6656K, reserved 1048576K
}

Deoptimization events (20 events):
Event: 24.858 Thread 0x000001a996031000 Uncommon trap: trap_request=0xffffffbe fr.pc=0x000001a98b6f03f4 relative=0x0000000000000894
Event: 24.858 Thread 0x000001a996031000 Uncommon trap: reason=profile_predicate action=maybe_recompile pc=0x000001a98b6f03f4 method=jdk.internal.jimage.ImageStringsReader.charsFromByteBuffer([CLjava/nio/ByteBuffer;)V @ 6 c2
Event: 24.858 Thread 0x000001a996031000 DEOPT PACKING pc=0x000001a98b6f03f4 sp=0x00000048c40f69c0
Event: 24.858 Thread 0x000001a996031000 DEOPT UNPACKING pc=0x000001a983a46029 sp=0x00000048c40f6898 mode 2
Event: 25.171 Thread 0x000001a996031000 Uncommon trap: trap_request=0xffffffde fr.pc=0x000001a98b5017f4 relative=0x0000000000000154
Event: 25.171 Thread 0x000001a996031000 Uncommon trap: reason=class_check action=maybe_recompile pc=0x000001a98b5017f4 method=java.lang.String.equals(Ljava/lang/Object;)Z @ 8 c2
Event: 25.171 Thread 0x000001a996031000 DEOPT PACKING pc=0x000001a98b5017f4 sp=0x00000048c40f9940
Event: 25.171 Thread 0x000001a996031000 DEOPT UNPACKING pc=0x000001a983a46029 sp=0x00000048c40f98d8 mode 2
Event: 25.171 Thread 0x000001a996031000 Uncommon trap: trap_request=0xffffffde fr.pc=0x000001a98b5017f4 relative=0x0000000000000154
Event: 25.171 Thread 0x000001a996031000 Uncommon trap: reason=class_check action=maybe_recompile pc=0x000001a98b5017f4 method=java.lang.String.equals(Ljava/lang/Object;)Z @ 8 c2
Event: 25.171 Thread 0x000001a996031000 DEOPT PACKING pc=0x000001a98b5017f4 sp=0x00000048c40f9940
Event: 25.171 Thread 0x000001a996031000 DEOPT UNPACKING pc=0x000001a983a46029 sp=0x00000048c40f98d8 mode 2
Event: 25.217 Thread 0x000001a996031000 Uncommon trap: trap_request=0xffffffde fr.pc=0x000001a98b5017f4 relative=0x0000000000000154
Event: 25.217 Thread 0x000001a996031000 Uncommon trap: reason=class_check action=maybe_recompile pc=0x000001a98b5017f4 method=java.lang.String.equals(Ljava/lang/Object;)Z @ 8 c2
Event: 25.217 Thread 0x000001a996031000 DEOPT PACKING pc=0x000001a98b5017f4 sp=0x00000048c40f9800
Event: 25.217 Thread 0x000001a996031000 DEOPT UNPACKING pc=0x000001a983a46029 sp=0x00000048c40f9798 mode 2
Event: 25.359 Thread 0x000001a996031000 Uncommon trap: trap_request=0xffffffde fr.pc=0x000001a98b5017f4 relative=0x0000000000000154
Event: 25.359 Thread 0x000001a996031000 Uncommon trap: reason=class_check action=maybe_recompile pc=0x000001a98b5017f4 method=java.lang.String.equals(Ljava/lang/Object;)Z @ 8 c2
Event: 25.359 Thread 0x000001a996031000 DEOPT PACKING pc=0x000001a98b5017f4 sp=0x00000048c40f9880
Event: 25.359 Thread 0x000001a996031000 DEOPT UNPACKING pc=0x000001a983a46029 sp=0x00000048c40f9818 mode 2

Classes redefined (0 events):
No events

Internal exceptions (20 events):
Event: 19.493 Thread 0x000001a996031000 Exception <a 'java/lang/NoSuchMethodError'{0x00000000c39394e8}: 'java.lang.Object java.lang.invoke.DirectMethodHandle$Holder.invokeStatic(java.lang.Object, java.lang.Object, int, java.lang.Object)'> (0x00000000c39394e8) thrown at [./src/hotspot/share/interpreter/linkResolver.cpp, line 773]
Event: 19.494 Thread 0x000001a996031000 Exception <a 'java/lang/NoSuchMethodError'{0x00000000c39404d8}: 'java.lang.Object java.lang.invoke.Invokers$Holder.linkToTargetMethod(java.lang.Object, int, java.lang.Object, java.lang.Object)'> (0x00000000c39404d8) thrown at [./src/hotspot/share/interpreter/linkResolver.cpp, line 773]
Event: 19.918 Thread 0x000001a996031000 Exception <a 'java/lang/IncompatibleClassChangeError'{0x00000000c44c5a38}: Found class java.lang.Object, but interface was expected> (0x00000000c44c5a38) thrown at [./src/hotspot/share/interpreter/linkResolver.cpp, line 839]
Event: 19.974 Thread 0x000001a996031000 Exception <a 'java/lang/NoSuchMethodError'{0x00000000c427e260}: 'java.lang.Object java.lang.invoke.Invokers$Holder.linkToTargetMethod(java.lang.Object, int, java.lang.Object)'> (0x00000000c427e260) thrown at [./src/hotspot/share/interpreter/linkResolver.cpp, line 773]
Event: 20.090 Thread 0x000001a996031000 Exception <a 'java/lang/NoSuchMethodError'{0x00000000c3eadf70}: 'int java.lang.invoke.DirectMethodHandle$Holder.invokeStaticInit(java.lang.Object)'> (0x00000000c3eadf70) thrown at [./src/hotspot/share/interpreter/linkResolver.cpp, line 773]
Event: 20.208 Thread 0x000001a996cf3000 Exception <a 'sun/nio/fs/WindowsException'{0x00000000c3dddce8}> (0x00000000c3dddce8) thrown at [./src/hotspot/share/prims/jni.cpp, line 615]
Event: 20.234 Thread 0x000001a996cf3000 Exception <a 'sun/nio/fs/WindowsException'{0x00000000c3cd87c8}> (0x00000000c3cd87c8) thrown at [./src/hotspot/share/prims/jni.cpp, line 615]
Event: 20.238 Thread 0x000001a996cf3000 Exception <a 'sun/nio/fs/WindowsException'{0x00000000c3cd8930}> (0x00000000c3cd8930) thrown at [./src/hotspot/share/prims/jni.cpp, line 615]
Event: 20.259 Thread 0x000001a996031000 Exception <a 'java/lang/ClassNotFoundException'{0x00000000c3b4d280}: sync_studio_tooling125_5vtm0tvd2v6dtut39y4qv5v0wBeanInfo> (0x00000000c3b4d280) thrown at [./src/hotspot/share/classfile/systemDictionary.cpp, line 231]
Event: 20.260 Thread 0x000001a996031000 Exception <a 'java/lang/ClassNotFoundException'{0x00000000c3b5a1f0}: sync_studio_tooling125_5vtm0tvd2v6dtut39y4qv5v0wCustomizer> (0x00000000c3b5a1f0) thrown at [./src/hotspot/share/classfile/systemDictionary.cpp, line 231]
Event: 20.328 Thread 0x000001a996031000 Exception <a 'java/lang/ClassNotFoundException'{0x00000000c3a36450}: ijinit8_dc1tz6y8qq1k9oj9pg9u8cznlBeanInfo> (0x00000000c3a36450) thrown at [./src/hotspot/share/classfile/systemDictionary.cpp, line 231]
Event: 20.328 Thread 0x000001a996031000 Exception <a 'java/lang/ClassNotFoundException'{0x00000000c3a424e0}: ijinit8_dc1tz6y8qq1k9oj9pg9u8cznlCustomizer> (0x00000000c3a424e0) thrown at [./src/hotspot/share/classfile/systemDictionary.cpp, line 231]
Event: 20.344 Thread 0x000001a996031000 Exception <a 'java/lang/ClassNotFoundException'{0x00000000c3a96360}: ijinit8_dc1tz6y8qq1k9oj9pg9u8cznl$_run_closure1BeanInfo> (0x00000000c3a96360) thrown at [./src/hotspot/share/classfile/systemDictionary.cpp, line 231]
Event: 20.345 Thread 0x000001a996031000 Exception <a 'java/lang/ClassNotFoundException'{0x00000000c3a9c650}: ijinit8_dc1tz6y8qq1k9oj9pg9u8cznl$_run_closure1Customizer> (0x00000000c3a9c650) thrown at [./src/hotspot/share/classfile/systemDictionary.cpp, line 231]
Event: 20.707 Thread 0x000001a996031000 Exception <a 'java/lang/NoSuchMethodError'{0x00000000c3897718}: 'void java.lang.invoke.DirectMethodHandle$Holder.invokeVirtual(java.lang.Object, java.lang.Object)'> (0x00000000c3897718) thrown at [./src/hotspot/share/interpreter/linkResolver.cpp, line 773]
Event: 21.167 Thread 0x000001a996031000 Implicit null exception at 0x000001a98b5512ea to 0x000001a98b552190
Event: 22.993 Thread 0x000001a996031000 Implicit null exception at 0x000001a98b6badfc to 0x000001a98b6bd710
Event: 24.361 Thread 0x000001a996031000 Implicit null exception at 0x000001a98b673f6c to 0x000001a98b674018
Event: 24.474 Thread 0x000001a996031000 Exception <a 'java/lang/NoSuchMethodError'{0x00000000c4e4dff0}: 'void java.lang.invoke.DirectMethodHandle$Holder.invokeSpecialIFC(java.lang.Object, java.lang.Object, java.lang.Object)'> (0x00000000c4e4dff0) thrown at [./src/hotspot/share/interpreter/linkResolver.cpp, line 773]
Event: 25.146 Thread 0x000001a996031000 Exception <a 'java/lang/NoSuchMethodError'{0x00000000c4014390}: 'int java.lang.invoke.DirectMethodHandle$Holder.invokeStatic(java.lang.Object, int, java.lang.Object, java.lang.Object)'> (0x00000000c4014390) thrown at [./src/hotspot/share/interpreter/linkResolver.cpp, line 773]

Events (20 events):
Event: 25.444 loading class org/codehaus/groovy/runtime/typehandling/ShortTypeHandling done
Event: 25.445 loading class org/codehaus/groovy/classgen/asm/VariableSlotLoader
Event: 25.445 loading class org/codehaus/groovy/classgen/asm/VariableSlotLoader done
Event: 25.446 loading class org/codehaus/groovy/classgen/asm/ExpressionAsVariableSlot
Event: 25.446 loading class org/codehaus/groovy/classgen/asm/ExpressionAsVariableSlot done
Event: 25.448 loading class org/codehaus/groovy/classgen/asm/BinaryExpressionHelper$1
Event: 25.448 loading class org/codehaus/groovy/classgen/asm/BinaryExpressionHelper$1 done
Event: 25.449 loading class org/codehaus/groovy/classgen/asm/UnaryExpressionHelper
Event: 25.449 loading class org/codehaus/groovy/classgen/asm/UnaryExpressionHelper done
Event: 25.453 loading class org/codehaus/groovy/classgen/asm/BinaryExpressionWriter
Event: 25.453 loading class org/codehaus/groovy/classgen/asm/BinaryExpressionWriter done
Event: 25.455 loading class org/codehaus/groovy/classgen/asm/BinaryObjectExpressionHelper
Event: 25.455 loading class org/codehaus/groovy/classgen/asm/BinaryObjectExpressionHelper done
Event: 25.456 loading class org/codehaus/groovy/runtime/BytecodeInterface8
Event: 25.456 loading class org/codehaus/groovy/runtime/BytecodeInterface8 done
Event: 25.457 loading class org/codehaus/groovy/classgen/asm/BinaryIntExpressionHelper
Event: 25.457 loading class org/codehaus/groovy/classgen/asm/BinaryIntExpressionHelper done
Event: 25.459 loading class org/codehaus/groovy/classgen/asm/BinaryLongExpressionHelper
Event: 25.459 loading class org/codehaus/groovy/classgen/asm/BinaryLongExpressionHelper done
Event: 25.460 Executing VM operation: CollectForMetadataAllocation


Dynamic libraries:
0x00007ff73ebe0000 - 0x00007ff73ebea000 	C:\Users\felip\OneDrive\Desktop\android-studio\jre\bin\java.exe
0x00007ffe72f10000 - 0x00007ffe73105000 	C:\Windows\SYSTEM32\ntdll.dll
0x00007ffe51290000 - 0x00007ffe512a6000 	C:\Program Files\Avast Software\Avast\aswhook.dll
0x00007ffe70f60000 - 0x00007ffe7101e000 	C:\Windows\System32\KERNEL32.DLL
0x00007ffe70c90000 - 0x00007ffe70f59000 	C:\Windows\System32\KERNELBASE.dll
0x00007ffe70a30000 - 0x00007ffe70b30000 	C:\Windows\System32\ucrtbase.dll
0x00007ffe668a0000 - 0x00007ffe668b9000 	C:\Users\felip\OneDrive\Desktop\android-studio\jre\bin\jli.dll
0x00007ffe66880000 - 0x00007ffe66897000 	C:\Users\felip\OneDrive\Desktop\android-studio\jre\bin\VCRUNTIME140.dll
0x00007ffe72ae0000 - 0x00007ffe72c81000 	C:\Windows\System32\USER32.dll
0x00007ffe70a00000 - 0x00007ffe70a22000 	C:\Windows\System32\win32u.dll
0x00007ffe71400000 - 0x00007ffe7142b000 	C:\Windows\System32\GDI32.dll
0x00007ffe70630000 - 0x00007ffe7073b000 	C:\Windows\System32\gdi32full.dll
0x00007ffe70740000 - 0x00007ffe707dd000 	C:\Windows\System32\msvcp_win.dll
0x00007ffe60850000 - 0x00007ffe60aea000 	C:\Windows\WinSxS\amd64_microsoft.windows.common-controls_6595b64144ccf1df_6.0.19041.1110_none_60b5254171f9507e\COMCTL32.dll
0x00007ffe72260000 - 0x00007ffe722fe000 	C:\Windows\System32\msvcrt.dll
0x00007ffe72730000 - 0x00007ffe72760000 	C:\Windows\System32\IMM32.DLL
0x00007ffe5d850000 - 0x00007ffe5d8ed000 	C:\Users\felip\OneDrive\Desktop\android-studio\jre\bin\msvcp140.dll
0x00007ffe23160000 - 0x00007ffe23c35000 	C:\Users\felip\OneDrive\Desktop\android-studio\jre\bin\server\jvm.dll
0x00007ffe71430000 - 0x00007ffe714dc000 	C:\Windows\System32\ADVAPI32.dll
0x00007ffe711a0000 - 0x00007ffe7123b000 	C:\Windows\System32\sechost.dll
0x00007ffe712d0000 - 0x00007ffe713fa000 	C:\Windows\System32\RPCRT4.dll
0x00007ffe71970000 - 0x00007ffe71978000 	C:\Windows\System32\PSAPI.DLL
0x00007ffe63c60000 - 0x00007ffe63c69000 	C:\Windows\SYSTEM32\WSOCK32.dll
0x00007ffe594e0000 - 0x00007ffe59507000 	C:\Windows\SYSTEM32\WINMM.dll
0x00007ffe65210000 - 0x00007ffe6521a000 	C:\Windows\SYSTEM32\VERSION.dll
0x00007ffe721f0000 - 0x00007ffe7225b000 	C:\Windows\System32\ws2_32.DLL
0x00007ffe6e450000 - 0x00007ffe6e462000 	C:\Windows\SYSTEM32\kernel.appcore.dll
0x00007ffe60830000 - 0x00007ffe60841000 	C:\Users\felip\OneDrive\Desktop\android-studio\jre\bin\verify.dll
0x00007ffe65020000 - 0x00007ffe65204000 	C:\Windows\SYSTEM32\DBGHELP.DLL
0x00007ffe64ff0000 - 0x00007ffe6501c000 	C:\Windows\SYSTEM32\dbgcore.DLL
0x00007ffe707e0000 - 0x00007ffe70863000 	C:\Windows\System32\bcryptPrimitives.dll
0x00007ffe601d0000 - 0x00007ffe601f9000 	C:\Users\felip\OneDrive\Desktop\android-studio\jre\bin\java.dll
0x00007ffe6df30000 - 0x00007ffe6df3b000 	C:\Users\felip\OneDrive\Desktop\android-studio\jre\bin\jimage.dll
0x00007ffe5d750000 - 0x00007ffe5d768000 	C:\Users\felip\OneDrive\Desktop\android-studio\jre\bin\zip.dll
0x00007ffe71ab0000 - 0x00007ffe721ef000 	C:\Windows\System32\SHELL32.dll
0x00007ffe6e730000 - 0x00007ffe6eec0000 	C:\Windows\SYSTEM32\windows.storage.dll
0x00007ffe72780000 - 0x00007ffe72ad5000 	C:\Windows\System32\combase.dll
0x00007ffe6ffb0000 - 0x00007ffe6ffdc000 	C:\Windows\SYSTEM32\Wldp.dll
0x00007ffe71980000 - 0x00007ffe71a2d000 	C:\Windows\System32\SHCORE.dll
0x00007ffe72d60000 - 0x00007ffe72db5000 	C:\Windows\System32\shlwapi.dll
0x00007ffe70570000 - 0x00007ffe7058f000 	C:\Windows\SYSTEM32\profapi.dll
0x00007ffe6c0c0000 - 0x00007ffe6c0da000 	C:\Users\felip\OneDrive\Desktop\android-studio\jre\bin\net.dll
0x00007ffe64e40000 - 0x00007ffe64f48000 	C:\Windows\SYSTEM32\WINHTTP.dll
0x00007ffe6fd10000 - 0x00007ffe6fd7a000 	C:\Windows\system32\mswsock.dll
0x00007ffe6b900000 - 0x00007ffe6b914000 	C:\Users\felip\OneDrive\Desktop\android-studio\jre\bin\nio.dll
0x00007ffe60b90000 - 0x00007ffe60bb7000 	C:\Users\felip\.gradle\native\8bec1ad78214c89d9ad589b4d07fe93259594b29d510b10fafb7a158f7737e5d\windows-amd64\native-platform.dll
0x00007ffe454b0000 - 0x00007ffe455ed000 	C:\Users\felip\.gradle\native\53dbd7edfb1c66fb8903c78663c9afc45aea4f116125fa6feffd364cf09443e8\windows-amd64\native-platform-file-events.dll
0x00007ffe6c0b0000 - 0x00007ffe6c0ba000 	C:\Users\felip\OneDrive\Desktop\android-studio\jre\bin\management.dll
0x00007ffe6c070000 - 0x00007ffe6c07d000 	C:\Users\felip\OneDrive\Desktop\android-studio\jre\bin\management_ext.dll
0x00007ffe6ff10000 - 0x00007ffe6ff28000 	C:\Windows\SYSTEM32\CRYPTSP.dll
0x00007ffe6f690000 - 0x00007ffe6f6c4000 	C:\Windows\system32\rsaenh.dll
0x00007ffe70980000 - 0x00007ffe709a7000 	C:\Windows\System32\bcrypt.dll
0x00007ffe704f0000 - 0x00007ffe7051e000 	C:\Windows\SYSTEM32\USERENV.dll
0x00007ffe6ff00000 - 0x00007ffe6ff0c000 	C:\Windows\SYSTEM32\CRYPTBASE.dll
0x00007ffe6fa00000 - 0x00007ffe6fa3b000 	C:\Windows\SYSTEM32\IPHLPAPI.DLL
0x00007ffe71960000 - 0x00007ffe71968000 	C:\Windows\System32\NSI.dll
0x00007ffe698d0000 - 0x00007ffe698e7000 	C:\Windows\SYSTEM32\dhcpcsvc6.DLL
0x00007ffe69bc0000 - 0x00007ffe69bdd000 	C:\Windows\SYSTEM32\dhcpcsvc.DLL
0x00007ffe6fa40000 - 0x00007ffe6fb0c000 	C:\Windows\SYSTEM32\DNSAPI.dll

dbghelp: loaded successfully - version: 4.0.5 - missing functions: none
symbol engine: initialized successfully - sym options: 0x614 - pdb path: .;C:\Users\felip\OneDrive\Desktop\android-studio\jre\bin;C:\Windows\SYSTEM32;C:\Program Files\Avast Software\Avast;C:\Windows\WinSxS\amd64_microsoft.windows.common-controls_6595b64144ccf1df_6.0.19041.1110_none_60b5254171f9507e;C:\Users\felip\OneDrive\Desktop\android-studio\jre\bin\server;C:\Users\felip\.gradle\native\8bec1ad78214c89d9ad589b4d07fe93259594b29d510b10fafb7a158f7737e5d\windows-amd64;C:\Users\felip\.gradle\native\53dbd7edfb1c66fb8903c78663c9afc45aea4f116125fa6feffd364cf09443e8\windows-amd64

VM Arguments:
jvm_args: --add-opens=java.base/java.util=ALL-UNNAMED --add-opens=java.base/java.lang=ALL-UNNAMED --add-opens=java.base/java.lang.invoke=ALL-UNNAMED --add-opens=java.base/java.util=ALL-UNNAMED --add-opens=java.prefs/java.util.prefs=ALL-UNNAMED --add-opens=java.prefs/java.util.prefs=ALL-UNNAMED --add-opens=java.base/java.nio.charset=ALL-UNNAMED --add-opens=java.base/java.net=ALL-UNNAMED --add-opens=java.base/java.util.concurrent.atomic=ALL-UNNAMED -Xmx1024m -Dfile.encoding=UTF-8 -Duser.country=US -Duser.language=en -Duser.variant 
java_command: org.gradle.launcher.daemon.bootstrap.GradleDaemon 7.0.2
java_class_path (initial): C:\Users\felip\.gradle\wrapper\dists\gradle-7.0.2-bin\857tjihv64xamwrf0h14cai3r\gradle-7.0.2\lib\gradle-launcher-7.0.2.jar
Launcher Type: SUN_STANDARD

[Global flags]
     intx CICompilerCount                          = 2                                         {product} {ergonomic}
     uint ConcGCThreads                            = 1                                         {product} {ergonomic}
     uint G1ConcRefinementThreads                  = 2                                         {product} {ergonomic}
   size_t G1HeapRegionSize                         = 1048576                                   {product} {ergonomic}
    uintx GCDrainStackTargetSize                   = 64                                        {product} {ergonomic}
   size_t InitialHeapSize                          = 67108864                                  {product} {ergonomic}
   size_t MarkStackSize                            = 4194304                                   {product} {ergonomic}
   size_t MaxHeapSize                              = 1073741824                                {product} {command line}
   size_t MaxNewSize                               = 643825664                                 {product} {ergonomic}
   size_t MinHeapDeltaBytes                        = 1048576                                   {product} {ergonomic}
    uintx NonNMethodCodeHeapSize                   = 5825164                                {pd product} {ergonomic}
    uintx NonProfiledCodeHeapSize                  = 122916538                              {pd product} {ergonomic}
    uintx ProfiledCodeHeapSize                     = 122916538                              {pd product} {ergonomic}
    uintx ReservedCodeCacheSize                    = 251658240                              {pd product} {ergonomic}
     bool SegmentedCodeCache                       = true                                      {product} {ergonomic}
     bool UseCompressedClassPointers               = true                                 {lp64_product} {ergonomic}
     bool UseCompressedOops                        = true                                 {lp64_product} {ergonomic}
     bool UseG1GC                                  = true                                      {product} {ergonomic}
     bool UseLargePagesIndividualAllocation        = false                                  {pd product} {ergonomic}

Logging:
Log output configuration:
 #0: stdout all=warning uptime,level,tags
 #1: stderr all=off uptime,level,tags

Environment Variables:
PATH=C:\Program Files\Common Files\Oracle\Java\javapath;C:\Program Files (x86)\Common Files\Oracle\Java\javapath;C:\Windows\system32;C:\Windows;C:\Windows\System32\Wbem;C:\Windows\System32\WindowsPowerShell\v1.0\;C:\Windows\System32\OpenSSH\;C:\ProgramData\chocolatey\bin;C:\Program Files (x86)\Yarn\bin\;C:\Program Files\Git\cmd;C:\Program Files\nodejs\;C:\Users\felip\AppData\Local\Microsoft\WindowsApps;C:\Users\felip\AppData\Local\Programs\Microsoft VS Code\bin;C:\Users\felip\AppData\Local\Yarn\bin;C:\Users\felip\AppData\Local\GitHubDesktop\bin;C:\Users\felip\AppData\Roaming\npm
USERNAME=felip
OS=Windows_NT
PROCESSOR_IDENTIFIER=Intel64 Family 6 Model 23 Stepping 10, GenuineIntel



---------------  S Y S T E M  ---------------

OS: Windows 10 , 64 bit Build 19041 (10.0.19041.1202)
OS uptime: 0 days 1:22 hours

CPU:total 2 (initial active 2) (2 cores per cpu, 1 threads per core) family 6 model 23 stepping 10 microcode 0xa0c, cmov, cx8, fxsr, mmx, sse, sse2, sse3, ssse3, tsc

Memory: 4k page, system-wide physical 4061M (72M free)
TotalPageFile size 4061M (AvailPageFile size 4M)
current process WorkingSet (physical memory assigned to process): 241M, peak: 241M
current process commit charge ("private bytes"): 263M, peak: 264M

vm_info: OpenJDK 64-Bit Server VM (11.0.11+9-b60-7590822) for windows-amd64 JRE (11.0.11+9-b60-7590822), built on Jul 29 2021 21:43:44 by "builder" with MS VC++ 14.0 (VS2015)

END.
