#
# There is insufficient memory for the Java Runtime Environment to continue.
# Native memory allocation (malloc) failed to allocate 1853616 bytes for Chunk::new
# Possible reasons:
#   The system is out of physical RAM or swap space
#   The process is running with CompressedOops enabled, and the Java Heap may be blocking the growth of the native heap
# Possible solutions:
#   Reduce memory load on the system
#   Increase physical memory or swap space
#   Check if swap backing store is full
#   Decrease Java heap size (-Xmx/-Xms)
#   Decrease number of Java threads
#   Decrease Java thread stack sizes (-Xss)
#   Set larger code cache with -XX:ReservedCodeCacheSize=
#   JVM is running with Unscaled Compressed Oops mode in which the Java heap is
#     placed in the first 4GB address space. The Java Heap base address is the
#     maximum limit for the native heap growth. Please use -XX:HeapBaseMinAddress
#     to set the Java Heap base and to place the Java Heap above 4GB virtual address.
# This output file may be truncated or incomplete.
#
#  Out of Memory Error (./src/hotspot/share/memory/arena.cpp:197), pid=7868, tid=3060
#
# JRE version: OpenJDK Runtime Environment (11.0.11+9) (build 11.0.11+9-b60-7590822)
# Java VM: OpenJDK 64-Bit Server VM (11.0.11+9-b60-7590822, mixed mode, tiered, compressed oops, g1 gc, windows-amd64)
# No core dump will be written. Minidumps are not enabled by default on client versions of Windows
#

---------------  S U M M A R Y ------------

Command Line: --add-opens=java.base/java.util=ALL-UNNAMED --add-opens=java.base/java.lang=ALL-UNNAMED --add-opens=java.base/java.lang.invoke=ALL-UNNAMED --add-opens=java.base/java.util=ALL-UNNAMED --add-opens=java.prefs/java.util.prefs=ALL-UNNAMED --add-opens=java.prefs/java.util.prefs=ALL-UNNAMED --add-opens=java.base/java.nio.charset=ALL-UNNAMED --add-opens=java.base/java.net=ALL-UNNAMED --add-opens=java.base/java.util.concurrent.atomic=ALL-UNNAMED -Xmx512m -Dfile.encoding=UTF-8 -Duser.country=US -Duser.language=en -Duser.variant org.gradle.launcher.daemon.bootstrap.GradleDaemon 7.0.2

Host: Celeron(R) Dual-Core CPU       T3500  @ 2.10GHz, 2 cores, 3G,  Windows 10 , 64 bit Build 19041 (10.0.19041.1348)
Time: Thu Dec  2 18:33:53 2021 E. South America Standard Time elapsed time: 369.430266 seconds (0d 0h 6m 9s)

---------------  T H R E A D  ---------------

Current thread (0x00000235604b1000):  JavaThread "C2 CompilerThread0" daemon [_thread_in_native, id=3060, stack(0x000000bc56500000,0x000000bc56600000)]


Current CompileTask:
C2: 369430 19236       4       sun.invoke.util.VerifyAccess::isClassAccessible (182 bytes)

Stack: [0x000000bc56500000,0x000000bc56600000]
Native frames: (J=compiled Java code, j=interpreted, Vv=VM code, C=native code)
V  [jvm.dll+0x5f214a]
V  [jvm.dll+0x726fb5]
V  [jvm.dll+0x7285cd]
V  [jvm.dll+0x728c83]
V  [jvm.dll+0x243278]
V  [jvm.dll+0xbc53c]
V  [jvm.dll+0xbca3c]
V  [jvm.dll+0x353e3b]
V  [jvm.dll+0x321893]
V  [jvm.dll+0x320d8a]
V  [jvm.dll+0x1fc1e2]
V  [jvm.dll+0x1fb3d4]
V  [jvm.dll+0x183d6c]
V  [jvm.dll+0x209a57]
V  [jvm.dll+0x2082a1]
V  [jvm.dll+0x6ef58f]
V  [jvm.dll+0x6e80b5]
V  [jvm.dll+0x5f1036]
C  [ucrtbase.dll+0x21bb2]
C  [KERNEL32.DLL+0x17034]
C  [ntdll.dll+0x52651]


---------------  P R O C E S S  ---------------

Threads class SMR info:
_java_thread_list=0x0000023565350a50, length=46, elements={
0x0000023547ec0800, 0x0000023560447000, 0x0000023560450800, 0x00000235604a0800,
0x00000235604a2000, 0x00000235604a7000, 0x00000235604b1000, 0x00000235604b2800,
0x00000235604eb800, 0x000002356070f000, 0x0000023561cf4800, 0x00000235618c2800,
0x00000235623c8800, 0x0000023562535000, 0x0000023562536000, 0x00000235620a6000,
0x0000023561d03800, 0x0000023561450800, 0x00000235620e1800, 0x00000235620dc000,
0x00000235620e2800, 0x00000235620dd000, 0x00000235620e0000, 0x00000235620e1000,
0x00000235620dd800, 0x00000235620de800, 0x00000235620df000, 0x0000023564c94800,
0x0000023564c91800, 0x0000023564c92000, 0x0000023564c93000, 0x0000023564c96800,
0x0000023564c90800, 0x0000023564c9a800, 0x0000023564c97000, 0x0000023564c9c000,
0x0000023564c9b000, 0x0000023564c9d000, 0x0000023564c9d800, 0x0000023564c9e800,
0x0000023564c99000, 0x0000023564c9f800, 0x0000023564c99800, 0x0000023562e03800,
0x0000023562e02800, 0x0000023562e00000
}

Java Threads: ( => current thread )
  0x0000023547ec0800 JavaThread "main" [_thread_blocked, id=9076, stack(0x000000bc55900000,0x000000bc55a00000)]
  0x0000023560447000 JavaThread "Reference Handler" daemon [_thread_blocked, id=7928, stack(0x000000bc56000000,0x000000bc56100000)]
  0x0000023560450800 JavaThread "Finalizer" daemon [_thread_blocked, id=8756, stack(0x000000bc56100000,0x000000bc56200000)]
  0x00000235604a0800 JavaThread "Signal Dispatcher" daemon [_thread_blocked, id=8932, stack(0x000000bc56200000,0x000000bc56300000)]
  0x00000235604a2000 JavaThread "Attach Listener" daemon [_thread_blocked, id=8120, stack(0x000000bc56300000,0x000000bc56400000)]
  0x00000235604a7000 JavaThread "Service Thread" daemon [_thread_blocked, id=1836, stack(0x000000bc56400000,0x000000bc56500000)]
=>0x00000235604b1000 JavaThread "C2 CompilerThread0" daemon [_thread_in_native, id=3060, stack(0x000000bc56500000,0x000000bc56600000)]
  0x00000235604b2800 JavaThread "C1 CompilerThread0" daemon [_thread_blocked, id=6716, stack(0x000000bc56600000,0x000000bc56700000)]
  0x00000235604eb800 JavaThread "Sweeper thread" daemon [_thread_blocked, id=3324, stack(0x000000bc56700000,0x000000bc56800000)]
  0x000002356070f000 JavaThread "Common-Cleaner" daemon [_thread_blocked, id=2732, stack(0x000000bc56800000,0x000000bc56900000)]
  0x0000023561cf4800 JavaThread "Daemon health stats" [_thread_blocked, id=6432, stack(0x000000bc56b00000,0x000000bc56c00000)]
  0x00000235618c2800 JavaThread "Incoming local TCP Connector on port 4693" [_thread_in_native, id=8016, stack(0x000000bc56c00000,0x000000bc56d00000)]
  0x00000235623c8800 JavaThread "Daemon periodic checks" [_thread_blocked, id=6092, stack(0x000000bc56d00000,0x000000bc56e00000)]
  0x0000023562535000 JavaThread "Daemon" [_thread_blocked, id=7428, stack(0x000000bc56e00000,0x000000bc56f00000)]
  0x0000023562536000 JavaThread "Handler for socket connection from /127.0.0.1:4693 to /127.0.0.1:4694" [_thread_in_native, id=8368, stack(0x000000bc56f00000,0x000000bc57000000)]
  0x00000235620a6000 JavaThread "Cancel handler" [_thread_blocked, id=3472, stack(0x000000bc57000000,0x000000bc57100000)]
  0x0000023561d03800 JavaThread "Daemon worker" [_thread_in_native, id=1252, stack(0x000000bc57100000,0x000000bc57200000)]
  0x0000023561450800 JavaThread "Asynchronous log dispatcher for DefaultDaemonConnection: socket connection from /127.0.0.1:4693 to /127.0.0.1:4694" [_thread_blocked, id=6388, stack(0x000000bc57200000,0x000000bc57300000)]
  0x00000235620e1800 JavaThread "Daemon client event forwarder" [_thread_blocked, id=8064, stack(0x000000bc57400000,0x000000bc57500000)]
  0x00000235620dc000 JavaThread "Cache worker for file hash cache (C:\Users\felip\.gradle\caches\7.0.2\fileHashes)" [_thread_blocked, id=4744, stack(0x000000bc57500000,0x000000bc57600000)]
  0x00000235620e2800 JavaThread "File lock request listener" [_thread_in_native, id=5532, stack(0x000000bc57600000,0x000000bc57700000)]
  0x00000235620dd000 JavaThread "Cache worker for journal cache (C:\Users\felip\.gradle\caches\journal-1)" [_thread_blocked, id=4816, stack(0x000000bc57700000,0x000000bc57800000)]
  0x00000235620e0000 JavaThread "Cache worker for file hash cache (C:\Users\felip\AndroidStudioProjects\VideoApp\.gradle\7.0.2\fileHashes)" [_thread_blocked, id=780, stack(0x000000bc57800000,0x000000bc57900000)]
  0x00000235620e1000 JavaThread "File watcher server" daemon [_thread_in_native, id=7264, stack(0x000000bc57900000,0x000000bc57a00000)]
  0x00000235620dd800 JavaThread "File watcher consumer" daemon [_thread_blocked, id=6556, stack(0x000000bc57a00000,0x000000bc57b00000)]
  0x00000235620de800 JavaThread "Cache worker for checksums cache (C:\Users\felip\AndroidStudioProjects\VideoApp\.gradle\checksums)" [_thread_blocked, id=4316, stack(0x000000bc57b00000,0x000000bc57c00000)]
  0x00000235620df000 JavaThread "Cache worker for cache directory md-supplier (C:\Users\felip\.gradle\caches\7.0.2\md-supplier)" [_thread_blocked, id=4872, stack(0x000000bc57c00000,0x000000bc57d00000)]
  0x0000023564c94800 JavaThread "Cache worker for cache directory md-rule (C:\Users\felip\.gradle\caches\7.0.2\md-rule)" [_thread_blocked, id=1484, stack(0x000000bc57d00000,0x000000bc57e00000)]
  0x0000023564c91800 JavaThread "Cache worker for execution history cache (C:\Users\felip\.gradle\caches\7.0.2\executionHistory)" [_thread_blocked, id=1928, stack(0x000000bc57e00000,0x000000bc57f00000)]
  0x0000023564c92000 JavaThread "jar transforms" [_thread_blocked, id=7292, stack(0x000000bc57f00000,0x000000bc58000000)]
  0x0000023564c93000 JavaThread "jar transforms Thread 2" [_thread_blocked, id=7988, stack(0x000000bc58000000,0x000000bc58100000)]
  0x0000023564c96800 JavaThread "Cache worker for file content cache (C:\Users\felip\.gradle\caches\7.0.2\fileContent)" [_thread_blocked, id=636, stack(0x000000bc58100000,0x000000bc58200000)]
  0x0000023564c90800 JavaThread "Cache worker for dependencies-accessors (C:\Users\felip\AndroidStudioProjects\VideoApp\.gradle\7.0.2\dependencies-accessors)" [_thread_blocked, id=8340, stack(0x000000bc58200000,0x000000bc58300000)]
  0x0000023564c9a800 JavaThread "Cache worker for Build Output Cleanup Cache (C:\Users\felip\AndroidStudioProjects\VideoApp\.gradle\buildOutputCleanup)" [_thread_blocked, id=6276, stack(0x000000bc58300000,0x000000bc58400000)]
  0x0000023564c97000 JavaThread "Build operations" [_thread_in_Java, id=6284, stack(0x000000bc58400000,0x000000bc58500000)]
  0x0000023564c9c000 JavaThread "Build operations Thread 2" [_thread_in_native, id=3188, stack(0x000000bc58500000,0x000000bc58600000)]
  0x0000023564c9b000 JavaThread "Memory manager" [_thread_blocked, id=5028, stack(0x000000bc58800000,0x000000bc58900000)]
  0x0000023564c9d000 JavaThread "build event listener" [_thread_blocked, id=7140, stack(0x000000bc58900000,0x000000bc58a00000)]
  0x0000023564c9d800 JavaThread "build event listener" [_thread_blocked, id=2960, stack(0x000000bc55600000,0x000000bc55700000)]
  0x0000023564c9e800 JavaThread "Execution worker for ':'" [_thread_blocked, id=4724, stack(0x000000bc55700000,0x000000bc55800000)]
  0x0000023564c99000 JavaThread "Cache worker for execution history cache (C:\Users\felip\AndroidStudioProjects\VideoApp\.gradle\7.0.2\executionHistory)" [_thread_blocked, id=6096, stack(0x000000bc55800000,0x000000bc55900000)]
  0x0000023564c9f800 JavaThread "WorkerExecutor Queue" [_thread_blocked, id=9060, stack(0x000000bc57300000,0x000000bc57400000)]
  0x0000023564c99800 JavaThread "WorkerExecutor Queue Thread 2" [_thread_blocked, id=1920, stack(0x000000bc58a00000,0x000000bc58b00000)]
  0x0000023562e03800 JavaThread "pool-3-thread-1" [_thread_blocked, id=7652, stack(0x000000bc58600000,0x000000bc58700000)]
  0x0000023562e02800 JavaThread "stderr" [_thread_in_native, id=5412, stack(0x000000bc58b00000,0x000000bc58c00000)]
  0x0000023562e00000 JavaThread "stdout" [_thread_in_native, id=8272, stack(0x000000bc58c00000,0x000000bc58d00000)]

Other Threads:
  0x000002356041e800 VMThread "VM Thread" [stack: 0x000000bc55f00000,0x000000bc56000000] [id=3712]
  0x0000023560726800 WatcherThread [stack: 0x000000bc56900000,0x000000bc56a00000] [id=7556]
  0x0000023547eda000 GCTaskThread "GC Thread#0" [stack: 0x000000bc55a00000,0x000000bc55b00000] [id=2064]
  0x0000023560840800 GCTaskThread "GC Thread#1" [stack: 0x000000bc56a00000,0x000000bc56b00000] [id=528]
  0x0000023547eeb800 ConcurrentGCThread "G1 Main Marker" [stack: 0x000000bc55b00000,0x000000bc55c00000] [id=3784]
  0x0000023547eed000 ConcurrentGCThread "G1 Conc#0" [stack: 0x000000bc55c00000,0x000000bc55d00000] [id=5752]
  0x0000023547f39000 ConcurrentGCThread "G1 Refine#0" [stack: 0x000000bc55d00000,0x000000bc55e00000] [id=7472]
  0x0000023547f3a000 ConcurrentGCThread "G1 Young RemSet Sampling" [stack: 0x000000bc55e00000,0x000000bc55f00000] [id=8068]

Threads with active compile tasks:
C2 CompilerThread0 370289 19236       4       sun.invoke.util.VerifyAccess::isClassAccessible (182 bytes)

VM state:not at safepoint (normal execution)

VM Mutex/Monitor currently owned by a thread: None

Heap address: 0x00000000e0000000, size: 512 MB, Compressed Oops mode: 32-bit
Narrow klass base: 0x0000000000000000, Narrow klass shift: 3
Compressed class space size: 1073741824 Address: 0x0000000100000000

Heap:
 garbage-first heap   total 194560K, used 139809K [0x00000000e0000000, 0x0000000100000000)
  region size 1024K, 9 young (9216K), 5 survivors (5120K)
 Metaspace       used 119615K, capacity 122478K, committed 122748K, reserved 1157120K
  class space    used 14901K, capacity 16030K, committed 16128K, reserved 1048576K
Heap Regions: E=young(eden), S=young(survivor), O=old, HS=humongous(starts), HC=humongous(continues), CS=collection set, F=free, A=archive, TAMS=top-at-mark-start (previous, next)
|   0|0x00000000e0000000, 0x00000000e0100000, 0x00000000e0100000|100%| O|  |TAMS 0x00000000e0100000, 0x00000000e0000000| Untracked 
|   1|0x00000000e0100000, 0x00000000e0200000, 0x00000000e0200000|100%| O|  |TAMS 0x00000000e0200000, 0x00000000e0100000| Untracked 
|   2|0x00000000e0200000, 0x00000000e0300000, 0x00000000e0300000|100%| O|  |TAMS 0x00000000e0300000, 0x00000000e0200000| Untracked 
|   3|0x00000000e0300000, 0x00000000e0400000, 0x00000000e0400000|100%| O|  |TAMS 0x00000000e0400000, 0x00000000e0300000| Untracked 
|   4|0x00000000e0400000, 0x00000000e0500000, 0x00000000e0500000|100%|HS|  |TAMS 0x00000000e0500000, 0x00000000e0400000| Complete 
|   5|0x00000000e0500000, 0x00000000e0600000, 0x00000000e0600000|100%|HC|  |TAMS 0x00000000e0600000, 0x00000000e0500000| Complete 
|   6|0x00000000e0600000, 0x00000000e0700000, 0x00000000e0700000|100%|HC|  |TAMS 0x00000000e0700000, 0x00000000e0600000| Complete 
|   7|0x00000000e0700000, 0x00000000e0800000, 0x00000000e0800000|100%| O|  |TAMS 0x00000000e0800000, 0x00000000e0700000| Untracked 
|   8|0x00000000e0800000, 0x00000000e0900000, 0x00000000e0900000|100%| O|  |TAMS 0x00000000e0900000, 0x00000000e0800000| Untracked 
|   9|0x00000000e0900000, 0x00000000e0a00000, 0x00000000e0a00000|100%| O|  |TAMS 0x00000000e0a00000, 0x00000000e0900000| Untracked 
|  10|0x00000000e0a00000, 0x00000000e0b00000, 0x00000000e0b00000|100%| O|  |TAMS 0x00000000e0b00000, 0x00000000e0a00000| Untracked 
|  11|0x00000000e0b00000, 0x00000000e0c00000, 0x00000000e0c00000|100%| O|  |TAMS 0x00000000e0c00000, 0x00000000e0b00000| Untracked 
|  12|0x00000000e0c00000, 0x00000000e0d00000, 0x00000000e0d00000|100%| O|  |TAMS 0x00000000e0d00000, 0x00000000e0c00000| Untracked 
|  13|0x00000000e0d00000, 0x00000000e0e00000, 0x00000000e0e00000|100%| O|  |TAMS 0x00000000e0e00000, 0x00000000e0d00000| Untracked 
|  14|0x00000000e0e00000, 0x00000000e0f00000, 0x00000000e0f00000|100%| O|  |TAMS 0x00000000e0f00000, 0x00000000e0e00000| Untracked 
|  15|0x00000000e0f00000, 0x00000000e1000000, 0x00000000e1000000|100%| O|  |TAMS 0x00000000e1000000, 0x00000000e0f00000| Untracked 
|  16|0x00000000e1000000, 0x00000000e1100000, 0x00000000e1100000|100%| O|  |TAMS 0x00000000e1100000, 0x00000000e1000000| Untracked 
|  17|0x00000000e1100000, 0x00000000e1200000, 0x00000000e1200000|100%| O|  |TAMS 0x00000000e1200000, 0x00000000e1100000| Untracked 
|  18|0x00000000e1200000, 0x00000000e1300000, 0x00000000e1300000|100%| O|  |TAMS 0x00000000e1300000, 0x00000000e1200000| Untracked 
|  19|0x00000000e1300000, 0x00000000e1400000, 0x00000000e1400000|100%| O|  |TAMS 0x00000000e1400000, 0x00000000e1300000| Untracked 
|  20|0x00000000e1400000, 0x00000000e1500000, 0x00000000e1500000|100%| O|  |TAMS 0x00000000e1500000, 0x00000000e1400000| Untracked 
|  21|0x00000000e1500000, 0x00000000e1600000, 0x00000000e1600000|100%| O|  |TAMS 0x00000000e1600000, 0x00000000e1500000| Untracked 
|  22|0x00000000e1600000, 0x00000000e1700000, 0x00000000e1700000|100%| O|  |TAMS 0x00000000e1700000, 0x00000000e1600000| Untracked 
|  23|0x00000000e1700000, 0x00000000e1800000, 0x00000000e1800000|100%| O|  |TAMS 0x00000000e1800000, 0x00000000e1700000| Untracked 
|  24|0x00000000e1800000, 0x00000000e1900000, 0x00000000e1900000|100%| O|  |TAMS 0x00000000e1900000, 0x00000000e1800000| Untracked 
|  25|0x00000000e1900000, 0x00000000e1a00000, 0x00000000e1a00000|100%| O|  |TAMS 0x00000000e1a00000, 0x00000000e1900000| Untracked 
|  26|0x00000000e1a00000, 0x00000000e1b00000, 0x00000000e1b00000|100%| O|  |TAMS 0x00000000e1b00000, 0x00000000e1a00000| Untracked 
|  27|0x00000000e1b00000, 0x00000000e1c00000, 0x00000000e1c00000|100%|HS|  |TAMS 0x00000000e1c00000, 0x00000000e1b00000| Complete 
|  28|0x00000000e1c00000, 0x00000000e1d00000, 0x00000000e1d00000|100%|HS|  |TAMS 0x00000000e1d00000, 0x00000000e1c00000| Complete 
|  29|0x00000000e1d00000, 0x00000000e1e00000, 0x00000000e1e00000|100%| O|  |TAMS 0x00000000e1e00000, 0x00000000e1d00000| Untracked 
|  30|0x00000000e1e00000, 0x00000000e1f00000, 0x00000000e1f00000|100%| O|  |TAMS 0x00000000e1f00000, 0x00000000e1e00000| Untracked 
|  31|0x00000000e1f00000, 0x00000000e2000000, 0x00000000e2000000|100%| O|  |TAMS 0x00000000e2000000, 0x00000000e1f00000| Untracked 
|  32|0x00000000e2000000, 0x00000000e2100000, 0x00000000e2100000|100%| O|  |TAMS 0x00000000e2100000, 0x00000000e2000000| Untracked 
|  33|0x00000000e2100000, 0x00000000e2200000, 0x00000000e2200000|100%| O|  |TAMS 0x00000000e2200000, 0x00000000e2100000| Untracked 
|  34|0x00000000e2200000, 0x00000000e2300000, 0x00000000e2300000|100%|HS|  |TAMS 0x00000000e2300000, 0x00000000e2200000| Complete 
|  35|0x00000000e2300000, 0x00000000e2400000, 0x00000000e2400000|100%|HS|  |TAMS 0x00000000e2400000, 0x00000000e2300000| Complete 
|  36|0x00000000e2400000, 0x00000000e2500000, 0x00000000e2500000|100%|HC|  |TAMS 0x00000000e2500000, 0x00000000e2400000| Complete 
|  37|0x00000000e2500000, 0x00000000e2600000, 0x00000000e2600000|100%|HC|  |TAMS 0x00000000e2600000, 0x00000000e2500000| Complete 
|  38|0x00000000e2600000, 0x00000000e2700000, 0x00000000e2700000|100%| O|  |TAMS 0x00000000e2700000, 0x00000000e2600000| Untracked 
|  39|0x00000000e2700000, 0x00000000e2800000, 0x00000000e2800000|100%| O|  |TAMS 0x00000000e2800000, 0x00000000e2700000| Untracked 
|  40|0x00000000e2800000, 0x00000000e2900000, 0x00000000e2900000|100%|HS|  |TAMS 0x00000000e2900000, 0x00000000e2800000| Complete 
|  41|0x00000000e2900000, 0x00000000e2a00000, 0x00000000e2a00000|100%|HC|  |TAMS 0x00000000e2a00000, 0x00000000e2900000| Complete 
|  42|0x00000000e2a00000, 0x00000000e2b00000, 0x00000000e2b00000|100%| O|  |TAMS 0x00000000e2b00000, 0x00000000e2a00000| Untracked 
|  43|0x00000000e2b00000, 0x00000000e2c00000, 0x00000000e2c00000|100%| O|  |TAMS 0x00000000e2c00000, 0x00000000e2b00000| Untracked 
|  44|0x00000000e2c00000, 0x00000000e2d00000, 0x00000000e2d00000|100%| O|  |TAMS 0x00000000e2d00000, 0x00000000e2c00000| Untracked 
|  45|0x00000000e2d00000, 0x00000000e2e00000, 0x00000000e2e00000|100%| O|  |TAMS 0x00000000e2e00000, 0x00000000e2d00000| Untracked 
|  46|0x00000000e2e00000, 0x00000000e2f00000, 0x00000000e2f00000|100%| O|  |TAMS 0x00000000e2f00000, 0x00000000e2e00000| Untracked 
|  47|0x00000000e2f00000, 0x00000000e3000000, 0x00000000e3000000|100%| O|  |TAMS 0x00000000e3000000, 0x00000000e2f00000| Untracked 
|  48|0x00000000e3000000, 0x00000000e3100000, 0x00000000e3100000|100%| O|  |TAMS 0x00000000e3100000, 0x00000000e3000000| Untracked 
|  49|0x00000000e3100000, 0x00000000e3200000, 0x00000000e3200000|100%| O|  |TAMS 0x00000000e3200000, 0x00000000e3100000| Untracked 
|  50|0x00000000e3200000, 0x00000000e3300000, 0x00000000e3300000|100%| O|  |TAMS 0x00000000e3300000, 0x00000000e3200000| Untracked 
|  51|0x00000000e3300000, 0x00000000e3400000, 0x00000000e3400000|100%| O|  |TAMS 0x00000000e3400000, 0x00000000e3300000| Untracked 
|  52|0x00000000e3400000, 0x00000000e3500000, 0x00000000e3500000|100%| O|  |TAMS 0x00000000e3500000, 0x00000000e3400000| Untracked 
|  53|0x00000000e3500000, 0x00000000e3600000, 0x00000000e3600000|100%| O|  |TAMS 0x00000000e3600000, 0x00000000e3500000| Untracked 
|  54|0x00000000e3600000, 0x00000000e3700000, 0x00000000e3700000|100%| O|  |TAMS 0x00000000e3700000, 0x00000000e3600000| Untracked 
|  55|0x00000000e3700000, 0x00000000e3800000, 0x00000000e3800000|100%| O|  |TAMS 0x00000000e3800000, 0x00000000e3700000| Untracked 
|  56|0x00000000e3800000, 0x00000000e3900000, 0x00000000e3900000|100%| O|  |TAMS 0x00000000e3900000, 0x00000000e3800000| Untracked 
|  57|0x00000000e3900000, 0x00000000e3a00000, 0x00000000e3a00000|100%| O|  |TAMS 0x00000000e3a00000, 0x00000000e3900000| Untracked 
|  58|0x00000000e3a00000, 0x00000000e3b00000, 0x00000000e3b00000|100%| O|  |TAMS 0x00000000e3b00000, 0x00000000e3a00000| Untracked 
|  59|0x00000000e3b00000, 0x00000000e3c00000, 0x00000000e3c00000|100%| O|  |TAMS 0x00000000e3c00000, 0x00000000e3b00000| Untracked 
|  60|0x00000000e3c00000, 0x00000000e3d00000, 0x00000000e3d00000|100%| O|  |TAMS 0x00000000e3d00000, 0x00000000e3c00000| Untracked 
|  61|0x00000000e3d00000, 0x00000000e3e00000, 0x00000000e3e00000|100%| O|  |TAMS 0x00000000e3e00000, 0x00000000e3d00000| Untracked 
|  62|0x00000000e3e00000, 0x00000000e3f00000, 0x00000000e3f00000|100%| O|  |TAMS 0x00000000e3f00000, 0x00000000e3e00000| Untracked 
|  63|0x00000000e3f00000, 0x00000000e4000000, 0x00000000e4000000|100%| O|  |TAMS 0x00000000e4000000, 0x00000000e3f00000| Untracked 
|  64|0x00000000e4000000, 0x00000000e4100000, 0x00000000e4100000|100%| O|  |TAMS 0x00000000e4100000, 0x00000000e4000000| Untracked 
|  65|0x00000000e4100000, 0x00000000e4200000, 0x00000000e4200000|100%| O|  |TAMS 0x00000000e4200000, 0x00000000e4100000| Untracked 
|  66|0x00000000e4200000, 0x00000000e4300000, 0x00000000e4300000|100%| O|  |TAMS 0x00000000e4300000, 0x00000000e4200000| Untracked 
|  67|0x00000000e4300000, 0x00000000e4400000, 0x00000000e4400000|100%| O|  |TAMS 0x00000000e4400000, 0x00000000e4300000| Untracked 
|  68|0x00000000e4400000, 0x00000000e4500000, 0x00000000e4500000|100%| O|  |TAMS 0x00000000e4500000, 0x00000000e4400000| Untracked 
|  69|0x00000000e4500000, 0x00000000e4600000, 0x00000000e4600000|100%| O|  |TAMS 0x00000000e4600000, 0x00000000e4500000| Untracked 
|  70|0x00000000e4600000, 0x00000000e4700000, 0x00000000e4700000|100%| O|  |TAMS 0x00000000e4700000, 0x00000000e4600000| Untracked 
|  71|0x00000000e4700000, 0x00000000e4800000, 0x00000000e4800000|100%| O|  |TAMS 0x00000000e4800000, 0x00000000e4700000| Untracked 
|  72|0x00000000e4800000, 0x00000000e4900000, 0x00000000e4900000|100%| O|  |TAMS 0x00000000e4900000, 0x00000000e4800000| Untracked 
|  73|0x00000000e4900000, 0x00000000e4a00000, 0x00000000e4a00000|100%| O|  |TAMS 0x00000000e4a00000, 0x00000000e4900000| Untracked 
|  74|0x00000000e4a00000, 0x00000000e4b00000, 0x00000000e4b00000|100%| O|  |TAMS 0x00000000e4b00000, 0x00000000e4a00000| Untracked 
|  75|0x00000000e4b00000, 0x00000000e4c00000, 0x00000000e4c00000|100%| O|  |TAMS 0x00000000e4c00000, 0x00000000e4b00000| Untracked 
|  76|0x00000000e4c00000, 0x00000000e4d00000, 0x00000000e4d00000|100%| O|  |TAMS 0x00000000e4d00000, 0x00000000e4c00000| Untracked 
|  77|0x00000000e4d00000, 0x00000000e4e00000, 0x00000000e4e00000|100%| O|  |TAMS 0x00000000e4e00000, 0x00000000e4d00000| Untracked 
|  78|0x00000000e4e00000, 0x00000000e4f00000, 0x00000000e4f00000|100%| O|  |TAMS 0x00000000e4f00000, 0x00000000e4e00000| Untracked 
|  79|0x00000000e4f00000, 0x00000000e5000000, 0x00000000e5000000|100%| O|  |TAMS 0x00000000e5000000, 0x00000000e4f00000| Untracked 
|  80|0x00000000e5000000, 0x00000000e5100000, 0x00000000e5100000|100%| O|  |TAMS 0x00000000e5100000, 0x00000000e5000000| Untracked 
|  81|0x00000000e5100000, 0x00000000e5200000, 0x00000000e5200000|100%| O|  |TAMS 0x00000000e5200000, 0x00000000e5100000| Untracked 
|  82|0x00000000e5200000, 0x00000000e5300000, 0x00000000e5300000|100%| O|  |TAMS 0x00000000e5300000, 0x00000000e5200000| Untracked 
|  83|0x00000000e5300000, 0x00000000e5400000, 0x00000000e5400000|100%| O|  |TAMS 0x00000000e5400000, 0x00000000e5300000| Untracked 
|  84|0x00000000e5400000, 0x00000000e5500000, 0x00000000e5500000|100%| O|  |TAMS 0x00000000e5500000, 0x00000000e5400000| Untracked 
|  85|0x00000000e5500000, 0x00000000e5600000, 0x00000000e5600000|100%| O|  |TAMS 0x00000000e5600000, 0x00000000e5500000| Untracked 
|  86|0x00000000e5600000, 0x00000000e5700000, 0x00000000e5700000|100%| O|  |TAMS 0x00000000e5700000, 0x00000000e5600000| Untracked 
|  87|0x00000000e5700000, 0x00000000e5800000, 0x00000000e5800000|100%| O|  |TAMS 0x00000000e5800000, 0x00000000e5700000| Untracked 
|  88|0x00000000e5800000, 0x00000000e5900000, 0x00000000e5900000|100%| O|  |TAMS 0x00000000e5900000, 0x00000000e5800000| Untracked 
|  89|0x00000000e5900000, 0x00000000e5a00000, 0x00000000e5a00000|100%| O|  |TAMS 0x00000000e5a00000, 0x00000000e5900000| Untracked 
|  90|0x00000000e5a00000, 0x00000000e5b00000, 0x00000000e5b00000|100%| O|  |TAMS 0x00000000e5b00000, 0x00000000e5a00000| Untracked 
|  91|0x00000000e5b00000, 0x00000000e5c00000, 0x00000000e5c00000|100%| O|  |TAMS 0x00000000e5c00000, 0x00000000e5b00000| Untracked 
|  92|0x00000000e5c00000, 0x00000000e5d00000, 0x00000000e5d00000|100%| O|  |TAMS 0x00000000e5d00000, 0x00000000e5c00000| Untracked 
|  93|0x00000000e5d00000, 0x00000000e5e00000, 0x00000000e5e00000|100%| O|  |TAMS 0x00000000e5e00000, 0x00000000e5d00000| Untracked 
|  94|0x00000000e5e00000, 0x00000000e5f00000, 0x00000000e5f00000|100%| O|  |TAMS 0x00000000e5f00000, 0x00000000e5e00000| Untracked 
|  95|0x00000000e5f00000, 0x00000000e6000000, 0x00000000e6000000|100%| O|  |TAMS 0x00000000e6000000, 0x00000000e5f00000| Untracked 
|  96|0x00000000e6000000, 0x00000000e6100000, 0x00000000e6100000|100%| O|  |TAMS 0x00000000e6000000, 0x00000000e6000000| Untracked 
|  97|0x00000000e6100000, 0x00000000e6200000, 0x00000000e6200000|100%| O|  |TAMS 0x00000000e6100000, 0x00000000e6100000| Untracked 
|  98|0x00000000e6200000, 0x00000000e6300000, 0x00000000e6300000|100%| O|  |TAMS 0x00000000e6200000, 0x00000000e6200000| Untracked 
|  99|0x00000000e6300000, 0x00000000e6400000, 0x00000000e6400000|100%| O|  |TAMS 0x00000000e6300000, 0x00000000e6300000| Untracked 
| 100|0x00000000e6400000, 0x00000000e6500000, 0x00000000e6500000|100%| O|  |TAMS 0x00000000e6400000, 0x00000000e6400000| Untracked 
| 101|0x00000000e6500000, 0x00000000e6600000, 0x00000000e6600000|100%| O|  |TAMS 0x00000000e6500000, 0x00000000e6500000| Untracked 
| 102|0x00000000e6600000, 0x00000000e6700000, 0x00000000e6700000|100%| O|  |TAMS 0x00000000e6600000, 0x00000000e6600000| Untracked 
| 103|0x00000000e6700000, 0x00000000e6800000, 0x00000000e6800000|100%| O|  |TAMS 0x00000000e6700000, 0x00000000e6700000| Untracked 
| 104|0x00000000e6800000, 0x00000000e6900000, 0x00000000e6900000|100%| O|  |TAMS 0x00000000e6800000, 0x00000000e6800000| Untracked 
| 105|0x00000000e6900000, 0x00000000e6a00000, 0x00000000e6a00000|100%| O|  |TAMS 0x00000000e6948c00, 0x00000000e6900000| Untracked 
| 106|0x00000000e6a00000, 0x00000000e6b00000, 0x00000000e6b00000|100%| O|  |TAMS 0x00000000e6a00000, 0x00000000e6a00000| Untracked 
| 107|0x00000000e6b00000, 0x00000000e6c00000, 0x00000000e6c00000|100%| O|  |TAMS 0x00000000e6b00000, 0x00000000e6b00000| Untracked 
| 108|0x00000000e6c00000, 0x00000000e6d00000, 0x00000000e6d00000|100%| O|  |TAMS 0x00000000e6c00000, 0x00000000e6c00000| Untracked 
| 109|0x00000000e6d00000, 0x00000000e6e00000, 0x00000000e6e00000|100%| O|  |TAMS 0x00000000e6e00000, 0x00000000e6d00000| Untracked 
| 110|0x00000000e6e00000, 0x00000000e6f00000, 0x00000000e6f00000|100%| O|  |TAMS 0x00000000e6f00000, 0x00000000e6e00000| Untracked 
| 111|0x00000000e6f00000, 0x00000000e7000000, 0x00000000e7000000|100%| O|  |TAMS 0x00000000e6f00000, 0x00000000e6f00000| Untracked 
| 112|0x00000000e7000000, 0x00000000e7100000, 0x00000000e7100000|100%| O|  |TAMS 0x00000000e7000000, 0x00000000e7000000| Untracked 
| 113|0x00000000e7100000, 0x00000000e7200000, 0x00000000e7200000|100%| O|  |TAMS 0x00000000e7100000, 0x00000000e7100000| Untracked 
| 114|0x00000000e7200000, 0x00000000e7300000, 0x00000000e7300000|100%| O|  |TAMS 0x00000000e7200000, 0x00000000e7200000| Untracked 
| 115|0x00000000e7300000, 0x00000000e7400000, 0x00000000e7400000|100%| O|  |TAMS 0x00000000e7300000, 0x00000000e7300000| Untracked 
| 116|0x00000000e7400000, 0x00000000e7500000, 0x00000000e7500000|100%| O|  |TAMS 0x00000000e7400000, 0x00000000e7400000| Untracked 
| 117|0x00000000e7500000, 0x00000000e7600000, 0x00000000e7600000|100%| O|  |TAMS 0x00000000e7500000, 0x00000000e7500000| Untracked 
| 118|0x00000000e7600000, 0x00000000e7700000, 0x00000000e7700000|100%| O|  |TAMS 0x00000000e7600000, 0x00000000e7600000| Untracked 
| 119|0x00000000e7700000, 0x00000000e7800000, 0x00000000e7800000|100%| O|  |TAMS 0x00000000e7700000, 0x00000000e7700000| Untracked 
| 120|0x00000000e7800000, 0x00000000e7900000, 0x00000000e7900000|100%|HS|  |TAMS 0x00000000e7800000, 0x00000000e7800000| Complete 
| 121|0x00000000e7900000, 0x00000000e7a00000, 0x00000000e7a00000|100%|HC|  |TAMS 0x00000000e7900000, 0x00000000e7900000| Complete 
| 122|0x00000000e7a00000, 0x00000000e7b00000, 0x00000000e7b00000|100%| O|  |TAMS 0x00000000e7a00000, 0x00000000e7a00000| Untracked 
| 123|0x00000000e7b00000, 0x00000000e7c00000, 0x00000000e7c00000|100%| O|  |TAMS 0x00000000e7b00000, 0x00000000e7b00000| Untracked 
| 124|0x00000000e7c00000, 0x00000000e7d00000, 0x00000000e7d00000|100%| O|  |TAMS 0x00000000e7c00000, 0x00000000e7c00000| Untracked 
| 125|0x00000000e7d00000, 0x00000000e7e00000, 0x00000000e7e00000|100%| O|  |TAMS 0x00000000e7d00000, 0x00000000e7d00000| Untracked 
| 126|0x00000000e7e00000, 0x00000000e7f00000, 0x00000000e7f00000|100%| O|  |TAMS 0x00000000e7e00000, 0x00000000e7e00000| Untracked 
| 127|0x00000000e7f00000, 0x00000000e8000000, 0x00000000e8000000|100%| O|  |TAMS 0x00000000e7f00000, 0x00000000e7f00000| Untracked 
| 128|0x00000000e8000000, 0x00000000e8100000, 0x00000000e8100000|100%| O|  |TAMS 0x00000000e8000000, 0x00000000e8000000| Untracked 
| 129|0x00000000e8100000, 0x00000000e81fb200, 0x00000000e8200000| 98%| O|  |TAMS 0x00000000e8100000, 0x00000000e8100000| Untracked 
| 130|0x00000000e8200000, 0x00000000e8200000, 0x00000000e8300000|  0%| F|  |TAMS 0x00000000e8200000, 0x00000000e8200000| Untracked 
| 131|0x00000000e8300000, 0x00000000e8300000, 0x00000000e8400000|  0%| F|  |TAMS 0x00000000e8300000, 0x00000000e8300000| Untracked 
| 132|0x00000000e8400000, 0x00000000e8400000, 0x00000000e8500000|  0%| F|  |TAMS 0x00000000e8400000, 0x00000000e8400000| Untracked 
| 133|0x00000000e8500000, 0x00000000e8500000, 0x00000000e8600000|  0%| F|  |TAMS 0x00000000e8500000, 0x00000000e8500000| Untracked 
| 134|0x00000000e8600000, 0x00000000e8600000, 0x00000000e8700000|  0%| F|  |TAMS 0x00000000e8600000, 0x00000000e8600000| Untracked 
| 135|0x00000000e8700000, 0x00000000e8700000, 0x00000000e8800000|  0%| F|  |TAMS 0x00000000e8700000, 0x00000000e8700000| Untracked 
| 136|0x00000000e8800000, 0x00000000e8800000, 0x00000000e8900000|  0%| F|  |TAMS 0x00000000e8800000, 0x00000000e8800000| Untracked 
| 137|0x00000000e8900000, 0x00000000e8900000, 0x00000000e8a00000|  0%| F|  |TAMS 0x00000000e8900000, 0x00000000e8900000| Untracked 
| 138|0x00000000e8a00000, 0x00000000e8a00000, 0x00000000e8b00000|  0%| F|  |TAMS 0x00000000e8a00000, 0x00000000e8a00000| Untracked 
| 139|0x00000000e8b00000, 0x00000000e8b00000, 0x00000000e8c00000|  0%| F|  |TAMS 0x00000000e8b00000, 0x00000000e8b00000| Untracked 
| 140|0x00000000e8c00000, 0x00000000e8c00000, 0x00000000e8d00000|  0%| F|  |TAMS 0x00000000e8c00000, 0x00000000e8c00000| Untracked 
| 141|0x00000000e8d00000, 0x00000000e8d00000, 0x00000000e8e00000|  0%| F|  |TAMS 0x00000000e8d00000, 0x00000000e8d00000| Untracked 
| 142|0x00000000e8e00000, 0x00000000e8e00000, 0x00000000e8f00000|  0%| F|  |TAMS 0x00000000e8e00000, 0x00000000e8e00000| Untracked 
| 143|0x00000000e8f00000, 0x00000000e8f00000, 0x00000000e9000000|  0%| F|  |TAMS 0x00000000e8f00000, 0x00000000e8f00000| Untracked 
| 144|0x00000000e9000000, 0x00000000e9000000, 0x00000000e9100000|  0%| F|  |TAMS 0x00000000e9000000, 0x00000000e9000000| Untracked 
| 145|0x00000000e9100000, 0x00000000e9100000, 0x00000000e9200000|  0%| F|  |TAMS 0x00000000e9100000, 0x00000000e9100000| Untracked 
| 146|0x00000000e9200000, 0x00000000e9200000, 0x00000000e9300000|  0%| F|  |TAMS 0x00000000e9200000, 0x00000000e9200000| Untracked 
| 147|0x00000000e9300000, 0x00000000e9300000, 0x00000000e9400000|  0%| F|  |TAMS 0x00000000e9300000, 0x00000000e9300000| Untracked 
| 148|0x00000000e9400000, 0x00000000e9400000, 0x00000000e9500000|  0%| F|  |TAMS 0x00000000e9400000, 0x00000000e9400000| Untracked 
| 149|0x00000000e9500000, 0x00000000e958d2e8, 0x00000000e9600000| 55%| S|CS|TAMS 0x00000000e9500000, 0x00000000e9500000| Complete 
| 150|0x00000000e9600000, 0x00000000e9700000, 0x00000000e9700000|100%| S|CS|TAMS 0x00000000e9600000, 0x00000000e9600000| Complete 
| 151|0x00000000e9700000, 0x00000000e9800000, 0x00000000e9800000|100%| S|CS|TAMS 0x00000000e9700000, 0x00000000e9700000| Complete 
| 152|0x00000000e9800000, 0x00000000e9800000, 0x00000000e9900000|  0%| F|  |TAMS 0x00000000e9800000, 0x00000000e9800000| Untracked 
| 153|0x00000000e9900000, 0x00000000e9a00000, 0x00000000e9a00000|100%| S|CS|TAMS 0x00000000e9900000, 0x00000000e9900000| Complete 
| 154|0x00000000e9a00000, 0x00000000e9b00000, 0x00000000e9b00000|100%| S|CS|TAMS 0x00000000e9a00000, 0x00000000e9a00000| Complete 
| 155|0x00000000e9b00000, 0x00000000e9b00000, 0x00000000e9c00000|  0%| F|  |TAMS 0x00000000e9b00000, 0x00000000e9b00000| Untracked 
| 156|0x00000000e9c00000, 0x00000000e9c00000, 0x00000000e9d00000|  0%| F|  |TAMS 0x00000000e9c00000, 0x00000000e9c00000| Untracked 
| 157|0x00000000e9d00000, 0x00000000e9d00000, 0x00000000e9e00000|  0%| F|  |TAMS 0x00000000e9d00000, 0x00000000e9d00000| Untracked 
| 158|0x00000000e9e00000, 0x00000000e9e00000, 0x00000000e9f00000|  0%| F|  |TAMS 0x00000000e9e00000, 0x00000000e9e00000| Untracked 
| 159|0x00000000e9f00000, 0x00000000e9f00000, 0x00000000ea000000|  0%| F|  |TAMS 0x00000000e9f00000, 0x00000000e9f00000| Untracked 
| 160|0x00000000ea000000, 0x00000000ea000000, 0x00000000ea100000|  0%| F|  |TAMS 0x00000000ea000000, 0x00000000ea000000| Untracked 
| 161|0x00000000ea100000, 0x00000000ea100000, 0x00000000ea200000|  0%| F|  |TAMS 0x00000000ea100000, 0x00000000ea100000| Untracked 
| 162|0x00000000ea200000, 0x00000000ea200000, 0x00000000ea300000|  0%| F|  |TAMS 0x00000000ea200000, 0x00000000ea200000| Untracked 
| 163|0x00000000ea300000, 0x00000000ea300000, 0x00000000ea400000|  0%| F|  |TAMS 0x00000000ea300000, 0x00000000ea300000| Untracked 
| 164|0x00000000ea400000, 0x00000000ea400000, 0x00000000ea500000|  0%| F|  |TAMS 0x00000000ea400000, 0x00000000ea400000| Untracked 
| 165|0x00000000ea500000, 0x00000000ea500000, 0x00000000ea600000|  0%| F|  |TAMS 0x00000000ea500000, 0x00000000ea500000| Untracked 
| 166|0x00000000ea600000, 0x00000000ea600000, 0x00000000ea700000|  0%| F|  |TAMS 0x00000000ea600000, 0x00000000ea600000| Untracked 
| 167|0x00000000ea700000, 0x00000000ea700000, 0x00000000ea800000|  0%| F|  |TAMS 0x00000000ea700000, 0x00000000ea700000| Untracked 
| 168|0x00000000ea800000, 0x00000000ea800000, 0x00000000ea900000|  0%| F|  |TAMS 0x00000000ea800000, 0x00000000ea800000| Untracked 
| 169|0x00000000ea900000, 0x00000000ea900000, 0x00000000eaa00000|  0%| F|  |TAMS 0x00000000ea900000, 0x00000000ea900000| Untracked 
| 170|0x00000000eaa00000, 0x00000000eaa00000, 0x00000000eab00000|  0%| F|  |TAMS 0x00000000eaa00000, 0x00000000eaa00000| Untracked 
| 171|0x00000000eab00000, 0x00000000eab00000, 0x00000000eac00000|  0%| F|  |TAMS 0x00000000eab00000, 0x00000000eab00000| Untracked 
| 172|0x00000000eac00000, 0x00000000eac00000, 0x00000000ead00000|  0%| F|  |TAMS 0x00000000eac00000, 0x00000000eac00000| Untracked 
| 173|0x00000000ead00000, 0x00000000ead00000, 0x00000000eae00000|  0%| F|  |TAMS 0x00000000ead00000, 0x00000000ead00000| Untracked 
| 174|0x00000000eae00000, 0x00000000eae00000, 0x00000000eaf00000|  0%| F|  |TAMS 0x00000000eae00000, 0x00000000eae00000| Untracked 
| 175|0x00000000eaf00000, 0x00000000eaf00000, 0x00000000eb000000|  0%| F|  |TAMS 0x00000000eaf00000, 0x00000000eaf00000| Untracked 
| 176|0x00000000eb000000, 0x00000000eb000000, 0x00000000eb100000|  0%| F|  |TAMS 0x00000000eb000000, 0x00000000eb000000| Untracked 
| 177|0x00000000eb100000, 0x00000000eb100000, 0x00000000eb200000|  0%| F|  |TAMS 0x00000000eb100000, 0x00000000eb100000| Untracked 
| 178|0x00000000eb200000, 0x00000000eb200000, 0x00000000eb300000|  0%| F|  |TAMS 0x00000000eb200000, 0x00000000eb200000| Untracked 
| 179|0x00000000eb300000, 0x00000000eb300000, 0x00000000eb400000|  0%| F|  |TAMS 0x00000000eb300000, 0x00000000eb300000| Untracked 
| 180|0x00000000eb400000, 0x00000000eb400000, 0x00000000eb500000|  0%| F|  |TAMS 0x00000000eb400000, 0x00000000eb400000| Untracked 
| 181|0x00000000eb500000, 0x00000000eb500000, 0x00000000eb600000|  0%| F|  |TAMS 0x00000000eb500000, 0x00000000eb500000| Untracked 
| 182|0x00000000eb600000, 0x00000000eb600000, 0x00000000eb700000|  0%| F|  |TAMS 0x00000000eb600000, 0x00000000eb600000| Untracked 
| 183|0x00000000eb700000, 0x00000000eb700000, 0x00000000eb800000|  0%| F|  |TAMS 0x00000000eb700000, 0x00000000eb700000| Untracked 
| 184|0x00000000eb800000, 0x00000000eb800000, 0x00000000eb900000|  0%| F|  |TAMS 0x00000000eb800000, 0x00000000eb800000| Untracked 
| 185|0x00000000eb900000, 0x00000000eb97c1e8, 0x00000000eba00000| 48%| E|  |TAMS 0x00000000eb900000, 0x00000000eb900000| Complete 
| 186|0x00000000eba00000, 0x00000000ebb00000, 0x00000000ebb00000|100%| E|CS|TAMS 0x00000000eba00000, 0x00000000eba00000| Complete 
| 187|0x00000000ebb00000, 0x00000000ebc00000, 0x00000000ebc00000|100%| E|CS|TAMS 0x00000000ebb00000, 0x00000000ebb00000| Complete 
| 188|0x00000000ebc00000, 0x00000000ebd00000, 0x00000000ebd00000|100%| E|CS|TAMS 0x00000000ebc00000, 0x00000000ebc00000| Complete 
| 189|0x00000000ebd00000, 0x00000000ebe00000, 0x00000000ebe00000|100%| E|  |TAMS 0x00000000ebd00000, 0x00000000ebd00000| Complete 

Card table byte_map: [0x000002355c6d0000,0x000002355c7d0000] _byte_map_base: 0x000002355bfd0000

Marking Bits (Prev, Next): (CMBitMap*) 0x0000023547ee8c38, (CMBitMap*) 0x0000023547ee8c70
 Prev Bits: [0x000002355c8d0000, 0x000002355d0d0000)
 Next Bits: [0x000002355d0d0000, 0x000002355d8d0000)

Polling page: 0x0000023547c90000

Metaspace:

Usage:
  Non-class:    103.95 MB capacity,   102.26 MB ( 98%) used,     1.34 MB (  1%) free+waste,   358.69 KB ( <1%) overhead. 
      Class:     15.65 MB capacity,    14.55 MB ( 93%) used,   966.93 KB (  6%) free+waste,   161.25 KB (  1%) overhead. 
       Both:    119.61 MB capacity,   116.82 MB ( 98%) used,     2.28 MB (  2%) free+waste,   519.94 KB ( <1%) overhead. 

Virtual space:
  Non-class space:      106.00 MB reserved,     104.12 MB ( 98%) committed 
      Class space:        1.00 GB reserved,      15.75 MB (  2%) committed 
             Both:        1.10 GB reserved,     119.87 MB ( 11%) committed 

Chunk freelists:
   Non-Class:  44.00 KB
       Class:  0 bytes
        Both:  44.00 KB

MaxMetaspaceSize: 17179869184.00 GB
CompressedClassSpaceSize: 1.00 GB

CodeHeap 'non-profiled nmethods': size=120064Kb used=13049Kb max_used=13146Kb free=107014Kb
 bounds [0x0000023554c90000, 0x0000023555970000, 0x000002355c1d0000]
CodeHeap 'profiled nmethods': size=120000Kb used=41026Kb max_used=41026Kb free=78973Kb
 bounds [0x000002354d760000, 0x000002354ff90000, 0x0000023554c90000]
CodeHeap 'non-nmethods': size=5696Kb used=2335Kb max_used=2368Kb free=3360Kb
 bounds [0x000002354d1d0000, 0x000002354d440000, 0x000002354d760000]
 total_blobs=18095 nmethods=17123 adapters=882
 compilation: enabled
              stopped_count=0, restarted_count=0
 full_count=0

Compilation events (20 events):
Event: 369.259 Thread 0x00000235604b2800 19273       3       com.android.tools.r8.internal.F7::p (1053 bytes)
Event: 369.277 Thread 0x00000235604b2800 nmethod 19273 0x000002354ff1e490 code [0x000002354ff1f040, 0x000002354ff27b98]
Event: 369.278 Thread 0x00000235604b2800 19274       3       com.android.tools.r8.internal.FG::y (4 bytes)
Event: 369.278 Thread 0x00000235604b2800 nmethod 19274 0x000002354ff2ad90 code [0x000002354ff2af40, 0x000002354ff2b038]
Event: 369.281 Thread 0x00000235604b2800 19275       3       com.android.tools.r8.internal.hr$$Lambda$1293/0x0000000100eae040::accept (16 bytes)
Event: 369.283 Thread 0x00000235604b2800 nmethod 19275 0x000002354ff2b110 code [0x000002354ff2b300, 0x000002354ff2b718]
Event: 369.297 Thread 0x00000235604b2800 19276       3       com.android.tools.r8.internal.Ci::a (1687 bytes)
Event: 369.330 Thread 0x00000235604b2800 nmethod 19276 0x000002354ff2b890 code [0x000002354ff2cb40, 0x000002354ff3af58]
Event: 369.334 Thread 0x00000235604b2800 19277       3       com.android.tools.r8.internal.z0::<init> (5 bytes)
Event: 369.335 Thread 0x00000235604b2800 nmethod 19277 0x000002354ff3f890 code [0x000002354ff3fa60, 0x000002354ff3fc78]
Event: 369.335 Thread 0x00000235604b2800 19278       3       com.android.tools.r8.internal.t0::<init> (5 bytes)
Event: 369.335 Thread 0x00000235604b2800 nmethod 19278 0x000002354ff3fd90 code [0x000002354ff3ff40, 0x000002354ff400f8]
Event: 369.335 Thread 0x00000235604b2800 19279       3       java.util.stream.ReferencePipeline$7$1::begin (13 bytes)
Event: 369.336 Thread 0x00000235604b2800 nmethod 19279 0x000002354ff40210 code [0x000002354ff403c0, 0x000002354ff40588]
Event: 369.336 Thread 0x00000235604b2800 19280       2       org.gradle.internal.time.MonotonicClock::advance (33 bytes)
Event: 369.337 Thread 0x00000235604b2800 nmethod 19280 0x000002354ff40690 code [0x000002354ff40840, 0x000002354ff409f8]
Event: 369.338 Thread 0x00000235604b2800 19281       3       com.android.tools.r8.internal.X4::a (250 bytes)
Event: 369.343 Thread 0x00000235604b2800 nmethod 19281 0x000002354ff40b10 code [0x000002354ff40fc0, 0x000002354ff42fb8]
Event: 369.343 Thread 0x00000235604b2800 19282       3       com.android.tools.r8.internal.aj::a (65 bytes)
Event: 369.346 Thread 0x00000235604b2800 nmethod 19282 0x000002354ff43c90 code [0x000002354ff43f20, 0x000002354ff44b38]

GC Heap History (20 events):
Event: 331.626 GC heap before
{Heap before GC invocations=288 (full 0):
 garbage-first heap   total 194560K, used 170552K [0x00000000e0000000, 0x0000000100000000)
  region size 1024K, 48 young (49152K), 4 survivors (4096K)
 Metaspace       used 106494K, capacity 108736K, committed 109052K, reserved 1144832K
  class space    used 12999K, capacity 13830K, committed 13952K, reserved 1048576K
}
Event: 331.636 GC heap after
{Heap after GC invocations=289 (full 0):
 garbage-first heap   total 194560K, used 126198K [0x00000000e0000000, 0x0000000100000000)
  region size 1024K, 4 young (4096K), 4 survivors (4096K)
 Metaspace       used 106494K, capacity 108736K, committed 109052K, reserved 1144832K
  class space    used 12999K, capacity 13830K, committed 13952K, reserved 1048576K
}
Event: 334.866 GC heap before
{Heap before GC invocations=289 (full 0):
 garbage-first heap   total 194560K, used 170230K [0x00000000e0000000, 0x0000000100000000)
  region size 1024K, 47 young (48128K), 4 survivors (4096K)
 Metaspace       used 106494K, capacity 108736K, committed 109052K, reserved 1144832K
  class space    used 12999K, capacity 13830K, committed 13952K, reserved 1048576K
}
Event: 334.877 GC heap after
{Heap after GC invocations=290 (full 0):
 garbage-first heap   total 194560K, used 123739K [0x00000000e0000000, 0x0000000100000000)
  region size 1024K, 4 young (4096K), 4 survivors (4096K)
 Metaspace       used 106494K, capacity 108736K, committed 109052K, reserved 1144832K
  class space    used 12999K, capacity 13830K, committed 13952K, reserved 1048576K
}
Event: 339.931 GC heap before
{Heap before GC invocations=290 (full 0):
 garbage-first heap   total 194560K, used 169819K [0x00000000e0000000, 0x0000000100000000)
  region size 1024K, 49 young (50176K), 4 survivors (4096K)
 Metaspace       used 106726K, capacity 109027K, committed 109308K, reserved 1144832K
  class space    used 13025K, capacity 13862K, committed 13952K, reserved 1048576K
}
Event: 339.941 GC heap after
{Heap after GC invocations=291 (full 0):
 garbage-first heap   total 194560K, used 123716K [0x00000000e0000000, 0x0000000100000000)
  region size 1024K, 4 young (4096K), 4 survivors (4096K)
 Metaspace       used 106726K, capacity 109027K, committed 109308K, reserved 1144832K
  class space    used 13025K, capacity 13862K, committed 13952K, reserved 1048576K
}
Event: 343.231 GC heap before
{Heap before GC invocations=291 (full 0):
 garbage-first heap   total 194560K, used 168772K [0x00000000e0000000, 0x0000000100000000)
  region size 1024K, 48 young (49152K), 4 survivors (4096K)
 Metaspace       used 107130K, capacity 109361K, committed 109564K, reserved 1144832K
  class space    used 13071K, capacity 13865K, committed 13952K, reserved 1048576K
}
Event: 343.241 GC heap after
{Heap after GC invocations=292 (full 0):
 garbage-first heap   total 194560K, used 123649K [0x00000000e0000000, 0x0000000100000000)
  region size 1024K, 4 young (4096K), 4 survivors (4096K)
 Metaspace       used 107130K, capacity 109361K, committed 109564K, reserved 1144832K
  class space    used 13071K, capacity 13865K, committed 13952K, reserved 1048576K
}
Event: 350.542 GC heap before
{Heap before GC invocations=292 (full 0):
 garbage-first heap   total 194560K, used 172801K [0x00000000e0000000, 0x0000000100000000)
  region size 1024K, 49 young (50176K), 4 survivors (4096K)
 Metaspace       used 108360K, capacity 110635K, committed 110844K, reserved 1146880K
  class space    used 13276K, capacity 14135K, committed 14208K, reserved 1048576K
}
Event: 350.562 GC heap after
{Heap after GC invocations=293 (full 0):
 garbage-first heap   total 194560K, used 128446K [0x00000000e0000000, 0x0000000100000000)
  region size 1024K, 6 young (6144K), 6 survivors (6144K)
 Metaspace       used 108360K, capacity 110635K, committed 110844K, reserved 1146880K
  class space    used 13276K, capacity 14135K, committed 14208K, reserved 1048576K
}
Event: 353.055 GC heap before
{Heap before GC invocations=293 (full 0):
 garbage-first heap   total 194560K, used 167358K [0x00000000e0000000, 0x0000000100000000)
  region size 1024K, 45 young (46080K), 6 survivors (6144K)
 Metaspace       used 110073K, capacity 112338K, committed 112636K, reserved 1146880K
  class space    used 13508K, capacity 14365K, committed 14464K, reserved 1048576K
}
Event: 353.076 GC heap after
{Heap after GC invocations=294 (full 0):
 garbage-first heap   total 194560K, used 129192K [0x00000000e0000000, 0x0000000100000000)
  region size 1024K, 4 young (4096K), 4 survivors (4096K)
 Metaspace       used 110073K, capacity 112338K, committed 112636K, reserved 1146880K
  class space    used 13508K, capacity 14365K, committed 14464K, reserved 1048576K
}
Event: 356.518 GC heap before
{Heap before GC invocations=294 (full 0):
 garbage-first heap   total 194560K, used 169128K [0x00000000e0000000, 0x0000000100000000)
  region size 1024K, 43 young (44032K), 4 survivors (4096K)
 Metaspace       used 111665K, capacity 114136K, committed 114428K, reserved 1148928K
  class space    used 13737K, capacity 14668K, committed 14720K, reserved 1048576K
}
Event: 356.546 GC heap after
{Heap after GC invocations=295 (full 0):
 garbage-first heap   total 194560K, used 131274K [0x00000000e0000000, 0x0000000100000000)
  region size 1024K, 3 young (3072K), 3 survivors (3072K)
 Metaspace       used 111665K, capacity 114136K, committed 114428K, reserved 1148928K
  class space    used 13737K, capacity 14668K, committed 14720K, reserved 1048576K
}
Event: 360.943 GC heap before
{Heap before GC invocations=295 (full 0):
 garbage-first heap   total 194560K, used 169162K [0x00000000e0000000, 0x0000000100000000)
  region size 1024K, 40 young (40960K), 3 survivors (3072K)
 Metaspace       used 113320K, capacity 115826K, committed 115964K, reserved 1150976K
  class space    used 13989K, capacity 14961K, committed 14976K, reserved 1048576K
}
Event: 360.970 GC heap after
{Heap after GC invocations=296 (full 0):
 garbage-first heap   total 194560K, used 133120K [0x00000000e0000000, 0x0000000100000000)
  region size 1024K, 2 young (2048K), 2 survivors (2048K)
 Metaspace       used 113320K, capacity 115826K, committed 115964K, reserved 1150976K
  class space    used 13989K, capacity 14961K, committed 14976K, reserved 1048576K
}
Event: 365.348 GC heap before
{Heap before GC invocations=296 (full 0):
 garbage-first heap   total 194560K, used 168960K [0x00000000e0000000, 0x0000000100000000)
  region size 1024K, 37 young (37888K), 2 survivors (2048K)
 Metaspace       used 115874K, capacity 118519K, committed 118652K, reserved 1153024K
  class space    used 14433K, capacity 15496K, committed 15616K, reserved 1048576K
}
Event: 365.366 GC heap after
{Heap after GC invocations=297 (full 0):
 garbage-first heap   total 194560K, used 134048K [0x00000000e0000000, 0x0000000100000000)
  region size 1024K, 3 young (3072K), 3 survivors (3072K)
 Metaspace       used 115874K, capacity 118519K, committed 118652K, reserved 1153024K
  class space    used 14433K, capacity 15496K, committed 15616K, reserved 1048576K
}
Event: 367.622 GC heap before
{Heap before GC invocations=297 (full 0):
 garbage-first heap   total 194560K, used 168864K [0x00000000e0000000, 0x0000000100000000)
  region size 1024K, 37 young (37888K), 3 survivors (3072K)
 Metaspace       used 117955K, capacity 120725K, committed 120956K, reserved 1155072K
  class space    used 14740K, capacity 15820K, committed 15872K, reserved 1048576K
}
Event: 367.643 GC heap after
{Heap after GC invocations=298 (full 0):
 garbage-first heap   total 194560K, used 134900K [0x00000000e0000000, 0x0000000100000000)
  region size 1024K, 2 young (2048K), 2 survivors (2048K)
 Metaspace       used 117955K, capacity 120725K, committed 120956K, reserved 1155072K
  class space    used 14740K, capacity 15820K, committed 15872K, reserved 1048576K
}

Deoptimization events (20 events):
Event: 367.716 Thread 0x0000023564c9c000 Uncommon trap: trap_request=0xffffff4d fr.pc=0x00000235558df984 relative=0x00000000000001a4
Event: 367.716 Thread 0x0000023564c9c000 Uncommon trap: reason=unstable_if action=reinterpret pc=0x00000235558df984 method=java.util.TreeSet.addAll(Ljava/util/Collection;)Z @ 25 c2
Event: 367.716 Thread 0x0000023564c9c000 DEOPT PACKING pc=0x00000235558df984 sp=0x000000bc585f9c20
Event: 367.716 Thread 0x0000023564c9c000 DEOPT UNPACKING pc=0x000002354d1f6029 sp=0x000000bc585f9bb0 mode 2
Event: 367.878 Thread 0x0000023564c9c000 Uncommon trap: trap_request=0xffffff4d fr.pc=0x0000023554e86d58 relative=0x0000000000000bb8
Event: 367.878 Thread 0x0000023564c9c000 Uncommon trap: reason=unstable_if action=reinterpret pc=0x0000023554e86d58 method=java.util.HashMap.computeIfAbsent(Ljava/lang/Object;Ljava/util/function/Function;)Ljava/lang/Object; @ 145 c2
Event: 367.878 Thread 0x0000023564c9c000 DEOPT PACKING pc=0x0000023554e86d58 sp=0x000000bc585f9be0
Event: 367.878 Thread 0x0000023564c9c000 DEOPT UNPACKING pc=0x000002354d1f6029 sp=0x000000bc585f9bb0 mode 2
Event: 368.074 Thread 0x0000023564c9c000 Uncommon trap: trap_request=0xffffff4d fr.pc=0x0000023554de2dd0 relative=0x0000000000000230
Event: 368.074 Thread 0x0000023564c9c000 Uncommon trap: reason=unstable_if action=reinterpret pc=0x0000023554de2dd0 method=com.android.tools.r8.graph.c0.a([C)I @ 44 c2
Event: 368.074 Thread 0x0000023564c9c000 DEOPT PACKING pc=0x0000023554de2dd0 sp=0x000000bc585f9c90
Event: 368.074 Thread 0x0000023564c9c000 DEOPT UNPACKING pc=0x000002354d1f6029 sp=0x000000bc585f9c08 mode 2
Event: 368.238 Thread 0x0000023564c97000 Uncommon trap: trap_request=0xffffff4d fr.pc=0x00000235552e6ec4 relative=0x0000000000000204
Event: 368.238 Thread 0x0000023564c97000 Uncommon trap: reason=unstable_if action=reinterpret pc=0x00000235552e6ec4 method=com.android.tools.r8.graph.c0.a(Lcom/android/tools/r8/graph/c0;)I @ 39 c2
Event: 368.238 Thread 0x0000023564c97000 DEOPT PACKING pc=0x00000235552e6ec4 sp=0x000000bc584fa6d0
Event: 368.238 Thread 0x0000023564c97000 DEOPT UNPACKING pc=0x000002354d1f6029 sp=0x000000bc584fa5f8 mode 2
Event: 368.348 Thread 0x0000023564c97000 Uncommon trap: trap_request=0xffffff4d fr.pc=0x0000023555234044 relative=0x0000000000000204
Event: 368.348 Thread 0x0000023564c97000 Uncommon trap: reason=unstable_if action=reinterpret pc=0x0000023555234044 method=com.android.tools.r8.graph.c0.a(Lcom/android/tools/r8/graph/c0;)I @ 39 c2
Event: 368.348 Thread 0x0000023564c97000 DEOPT PACKING pc=0x0000023555234044 sp=0x000000bc584fa2f0
Event: 368.348 Thread 0x0000023564c97000 DEOPT UNPACKING pc=0x000002354d1f6029 sp=0x000000bc584fa280 mode 2

Classes redefined (0 events):
No events

Internal exceptions (20 events):
Event: 360.972 Thread 0x0000023564c9c000 Implicit null exception at 0x0000023554ec5a09 to 0x0000023554eca580
Event: 361.008 Thread 0x0000023564c9c000 Exception <a 'java/lang/NoSuchMethodError'{0x00000000ebd6ba78}: 'java.lang.Object java.lang.invoke.DirectMethodHandle$Holder.invokeStatic(java.lang.Object, int, java.lang.Object, java.lang.Object)'> (0x00000000ebd6ba78) thrown at [./src/hotspot/share/interpreter/linkResolver.cpp, line 773]
Event: 361.009 Thread 0x0000023564c97000 Exception <a 'java/lang/NoSuchMethodError'{0x00000000ebd7e168}: 'java.lang.Object java.lang.invoke.DirectMethodHandle$Holder.invokeStatic(java.lang.Object, int, java.lang.Object, java.lang.Object)'> (0x00000000ebd7e168) thrown at [./src/hotspot/share/interpreter/linkResolver.cpp, line 773]
Event: 361.131 Thread 0x0000023564c97000 Exception <a 'java/lang/NoSuchMethodError'{0x00000000ebb9c930}: 'java.lang.Object java.lang.invoke.Invokers$Holder.linkToTargetMethod(java.lang.Object, java.lang.Object, java.lang.Object, java.lang.Object, java.lang.Object, java.lang.Object, java.lang.Object, java.lang.Object)'> (0x00000000ebb9c930) thrown at [./src/hotspot/share/interpreter/linkResolver.cpp, line 773]
Event: 361.133 Thread 0x0000023564c9c000 Exception <a 'java/lang/NoSuchMethodError'{0x00000000ebb83db8}: 'int java.lang.invoke.DirectMethodHandle$Holder.invokeSpecial(java.lang.Object, java.lang.Object, java.lang.Object, java.lang.Object, java.lang.Object, java.lang.Object, java.lang.Object, java.lang.Object, java.lang.Object)'> (0x00000000ebb83db8) thrown at [./src/hotspot/share/interpreter/linkResolver.cpp, line 773]
Event: 362.439 Thread 0x0000023564c9c000 Exception <a 'java/lang/NoSuchMethodError'{0x00000000eb368298}: 'int java.lang.invoke.DirectMethodHandle$Holder.invokeVirtual(java.lang.Object, java.lang.Object, java.lang.Object)'> (0x00000000eb368298) thrown at [./src/hotspot/share/interpreter/linkResolver.cpp, line 773]
Event: 362.526 Thread 0x0000023564c97000 Exception <a 'java/lang/NoSuchMethodError'{0x00000000eb5d6ff8}: 'java.lang.Object java.lang.invoke.Invokers$Holder.linkToTargetMethod(java.lang.Object, java.lang.Object, java.lang.Object, java.lang.Object, java.lang.Object, java.lang.Object, java.lang.Object)'> (0x00000000eb5d6ff8) thrown at [./src/hotspot/share/interpreter/linkResolver.cpp, line 773]
Event: 362.526 Thread 0x0000023564c9c000 Exception <a 'java/lang/NoSuchMethodError'{0x00000000eb11e030}: 'java.lang.Object java.lang.invoke.Invokers$Holder.linkToTargetMethod(java.lang.Object, java.lang.Object, java.lang.Object, java.lang.Object, java.lang.Object, java.lang.Object, java.lang.Object)'> (0x00000000eb11e030) thrown at [./src/hotspot/share/interpreter/linkResolver.cpp, line 773]
Event: 363.961 Thread 0x0000023564c97000 Exception <a 'java/lang/NoSuchMethodError'{0x00000000ea844aa8}: 'java.lang.Object java.lang.invoke.DirectMethodHandle$Holder.invokeVirtual(java.lang.Object, java.lang.Object, int, java.lang.Object)'> (0x00000000ea844aa8) thrown at [./src/hotspot/share/interpreter/linkResolver.cpp, line 773]
Event: 363.967 Thread 0x0000023564c9c000 Exception <a 'java/lang/NoSuchMethodError'{0x00000000eafce508}: 'java.lang.Object java.lang.invoke.DirectMethodHandle$Holder.invokeVirtual(java.lang.Object, java.lang.Object, int, java.lang.Object)'> (0x00000000eafce508) thrown at [./src/hotspot/share/interpreter/linkResolver.cpp, line 773]
Event: 364.506 Thread 0x0000023564c97000 Exception <a 'java/lang/NoSuchMethodError'{0x00000000ea496c80}: 'void java.lang.invoke.DirectMethodHandle$Holder.invokeVirtual(java.lang.Object, java.lang.Object, int, java.lang.Object)'> (0x00000000ea496c80) thrown at [./src/hotspot/share/interpreter/linkResolver.cpp, line 773]
Event: 366.624 Thread 0x0000023564c97000 Exception <a 'java/lang/IncompatibleClassChangeError'{0x00000000eab91d30}: Found class java.lang.Object, but interface was expected> (0x00000000eab91d30) thrown at [./src/hotspot/share/interpreter/linkResolver.cpp, line 839]
Event: 367.073 Thread 0x0000023564c97000 Exception <a 'java/lang/NoSuchMethodError'{0x00000000ea4852e0}: 'void java.lang.invoke.DirectMethodHandle$Holder.invokeSpecial(java.lang.Object, java.lang.Object, int, java.lang.Object, java.lang.Object, java.lang.Object, java.lang.Object)'> (0x00000000ea4852e0) thrown at [./src/hotspot/share/interpreter/linkResolver.cpp, line 773]
Event: 367.075 Thread 0x0000023564c97000 Exception <a 'java/lang/NoSuchMethodError'{0x00000000ea490ee0}: 'java.lang.Object java.lang.invoke.Invokers$Holder.linkToTargetMethod(java.lang.Object, int, java.lang.Object, java.lang.Object, java.lang.Object, java.lang.Object)'> (0x00000000ea490ee0) thrown at [./src/hotspot/share/interpreter/linkResolver.cpp, line 773]
Event: 367.084 Thread 0x0000023564c97000 Exception <a 'java/lang/NoSuchMethodError'{0x00000000ea495390}: 'void java.lang.invoke.DirectMethodHandle$Holder.invokeSpecial(java.lang.Object, java.lang.Object, java.lang.Object, java.lang.Object, java.lang.Object, java.lang.Object, java.lang.Object, java.lang.Object, java.lang.Object)'> (0x00000000ea495390) thrown at [./src/hotspot/share/interpreter/linkResolver.cpp, line 773]
Event: 367.109 Thread 0x0000023564c97000 Exception <a 'java/lang/NoSuchMethodError'{0x00000000ea352808}: 'void java.lang.invoke.DirectMethodHandle$Holder.invokeStatic(java.lang.Object, java.lang.Object, java.lang.Object, java.lang.Object, java.lang.Object, java.lang.Object, java.lang.Object, java.lang.Object)'> (0x00000000ea352808) thrown at [./src/hotspot/share/interpreter/linkResolver.cpp, line 773]
Event: 367.692 Thread 0x0000023564c9c000 Exception <a 'java/lang/NoSuchMethodError'{0x00000000ebc0dfa0}: 'java.lang.Object java.lang.invoke.DirectMethodHandle$Holder.invokeInterface(java.lang.Object, java.lang.Object, int)'> (0x00000000ebc0dfa0) thrown at [./src/hotspot/share/interpreter/linkResolver.cpp, line 773]
Event: 368.237 Thread 0x0000023564c97000 Exception <a 'java/lang/IncompatibleClassChangeError'{0x00000000eb58a078}: Found class java.lang.Object, but interface was expected> (0x00000000eb58a078) thrown at [./src/hotspot/share/interpreter/linkResolver.cpp, line 839]
Event: 368.858 Thread 0x0000023564c97000 Exception <a 'java/lang/NoSuchMethodError'{0x00000000eafe8e88}: 'void java.lang.invoke.DirectMethodHandle$Holder.invokeVirtual(java.lang.Object, java.lang.Object, int)'> (0x00000000eafe8e88) thrown at [./src/hotspot/share/interpreter/linkResolver.cpp, line 773]
Event: 369.101 Thread 0x0000023564c97000 Exception <a 'sun/nio/fs/WindowsException'{0x00000000eac4f4f8}> (0x00000000eac4f4f8) thrown at [./src/hotspot/share/prims/jni.cpp, line 615]

Events (20 events):
Event: 369.076 loading class com/android/tools/r8/internal/ya
Event: 369.076 loading class com/android/tools/r8/internal/ya done
Event: 369.102 loading class com/android/tools/r8/internal/B7
Event: 369.102 loading class com/android/tools/r8/internal/B7 done
Event: 369.126 loading class com/android/tools/r8/code/Q1
Event: 369.126 loading class com/android/tools/r8/code/Q1 done
Event: 369.141 loading class com/android/tools/r8/internal/A7
Event: 369.141 loading class com/android/tools/r8/internal/A7 done
Event: 369.143 loading class com/android/tools/r8/internal/z7
Event: 369.143 loading class com/android/tools/r8/internal/z7 done
Event: 369.146 loading class com/android/tools/r8/code/P1
Event: 369.146 loading class com/android/tools/r8/code/P1 done
Event: 369.166 loading class com/android/tools/r8/graph/M0
Event: 369.166 loading class com/android/tools/r8/graph/M0 done
Event: 369.181 loading class com/android/tools/r8/graph/M0$b
Event: 369.181 loading class com/android/tools/r8/graph/M0$b done
Event: 369.181 loading class com/android/tools/r8/graph/M0$c
Event: 369.181 loading class com/android/tools/r8/graph/M0$c done
Event: 369.183 Executing VM operation: ICBufferFull
Event: 369.184 Executing VM operation: ICBufferFull done


Dynamic libraries:
0x00007ff7cb250000 - 0x00007ff7cb25a000 	C:\Users\felip\OneDrive\Desktop\android-studio\jre\bin\java.exe
0x00007ff9eee70000 - 0x00007ff9ef065000 	C:\Windows\SYSTEM32\ntdll.dll
0x00007ff9e0a50000 - 0x00007ff9e0a66000 	C:\Program Files\Avast Software\Avast\aswhook.dll
0x00007ff9ecec0000 - 0x00007ff9ecf7e000 	C:\Windows\System32\KERNEL32.DLL
0x00007ff9ec870000 - 0x00007ff9ecb38000 	C:\Windows\System32\KERNELBASE.dll
0x00007ff9ec6d0000 - 0x00007ff9ec7d0000 	C:\Windows\System32\ucrtbase.dll
0x00007ff9de3a0000 - 0x00007ff9de3b7000 	C:\Users\felip\OneDrive\Desktop\android-studio\jre\bin\VCRUNTIME140.dll
0x00007ff9d7880000 - 0x00007ff9d7899000 	C:\Users\felip\OneDrive\Desktop\android-studio\jre\bin\jli.dll
0x00007ff9eec80000 - 0x00007ff9eee21000 	C:\Windows\System32\USER32.dll
0x00007ff9ece90000 - 0x00007ff9eceb2000 	C:\Windows\System32\win32u.dll
0x00007ff9ee350000 - 0x00007ff9ee37b000 	C:\Windows\System32\GDI32.dll
0x00007ff9ecd00000 - 0x00007ff9ece0b000 	C:\Windows\System32\gdi32full.dll
0x00007ff9ec7d0000 - 0x00007ff9ec86d000 	C:\Windows\System32\msvcp_win.dll
0x00007ff9e0400000 - 0x00007ff9e069a000 	C:\Windows\WinSxS\amd64_microsoft.windows.common-controls_6595b64144ccf1df_6.0.19041.1110_none_60b5254171f9507e\COMCTL32.dll
0x00007ff9ed270000 - 0x00007ff9ed30e000 	C:\Windows\System32\msvcrt.dll
0x00007ff9ed690000 - 0x00007ff9ed6c0000 	C:\Windows\System32\IMM32.DLL
0x00007ff9bba60000 - 0x00007ff9bbafd000 	C:\Users\felip\OneDrive\Desktop\android-studio\jre\bin\msvcp140.dll
0x00007ff9b4940000 - 0x00007ff9b5415000 	C:\Users\felip\OneDrive\Desktop\android-studio\jre\bin\server\jvm.dll
0x00007ff9ee600000 - 0x00007ff9ee6ac000 	C:\Windows\System32\ADVAPI32.dll
0x00007ff9ed6c0000 - 0x00007ff9ed75b000 	C:\Windows\System32\sechost.dll
0x00007ff9edec0000 - 0x00007ff9edfea000 	C:\Windows\System32\RPCRT4.dll
0x00007ff9ee740000 - 0x00007ff9ee748000 	C:\Windows\System32\PSAPI.DLL
0x00007ff9d4c70000 - 0x00007ff9d4c97000 	C:\Windows\SYSTEM32\WINMM.dll
0x00007ff9e0a70000 - 0x00007ff9e0a7a000 	C:\Windows\SYSTEM32\VERSION.dll
0x00007ff9ddaf0000 - 0x00007ff9ddaf9000 	C:\Windows\SYSTEM32\WSOCK32.dll
0x00007ff9ee440000 - 0x00007ff9ee4ab000 	C:\Windows\System32\WS2_32.dll
0x00007ff9ea3b0000 - 0x00007ff9ea3c2000 	C:\Windows\SYSTEM32\kernel.appcore.dll
0x00007ff9e5e40000 - 0x00007ff9e5e51000 	C:\Users\felip\OneDrive\Desktop\android-studio\jre\bin\verify.dll
0x00007ff9e0860000 - 0x00007ff9e0a44000 	C:\Windows\SYSTEM32\DBGHELP.DLL
0x00007ff9e0830000 - 0x00007ff9e085c000 	C:\Windows\SYSTEM32\dbgcore.DLL
0x00007ff9ec590000 - 0x00007ff9ec613000 	C:\Windows\System32\bcryptPrimitives.dll
0x00007ff9e5df0000 - 0x00007ff9e5e19000 	C:\Users\felip\OneDrive\Desktop\android-studio\jre\bin\java.dll
0x00007ff9e9e20000 - 0x00007ff9e9e2b000 	C:\Users\felip\OneDrive\Desktop\android-studio\jre\bin\jimage.dll
0x00007ff9e5dd0000 - 0x00007ff9e5de8000 	C:\Users\felip\OneDrive\Desktop\android-studio\jre\bin\zip.dll
0x00007ff9ed760000 - 0x00007ff9ede9f000 	C:\Windows\System32\SHELL32.dll
0x00007ff9ea690000 - 0x00007ff9eae20000 	C:\Windows\SYSTEM32\windows.storage.dll
0x00007ff9edff0000 - 0x00007ff9ee345000 	C:\Windows\System32\combase.dll
0x00007ff9ebf10000 - 0x00007ff9ebf3e000 	C:\Windows\SYSTEM32\Wldp.dll
0x00007ff9ee750000 - 0x00007ff9ee7fd000 	C:\Windows\System32\SHCORE.dll
0x00007ff9ed130000 - 0x00007ff9ed185000 	C:\Windows\System32\shlwapi.dll
0x00007ff9ec4d0000 - 0x00007ff9ec4ef000 	C:\Windows\SYSTEM32\profapi.dll
0x00007ff9e5740000 - 0x00007ff9e575a000 	C:\Users\felip\OneDrive\Desktop\android-studio\jre\bin\net.dll
0x00007ff9e37b0000 - 0x00007ff9e38bc000 	C:\Windows\SYSTEM32\WINHTTP.dll
0x00007ff9ebc70000 - 0x00007ff9ebcda000 	C:\Windows\system32\mswsock.dll
0x00007ff9e5620000 - 0x00007ff9e5634000 	C:\Users\felip\OneDrive\Desktop\android-studio\jre\bin\nio.dll
0x00007ff9e5f40000 - 0x00007ff9e5f67000 	C:\Users\felip\.gradle\native\8bec1ad78214c89d9ad589b4d07fe93259594b29d510b10fafb7a158f7737e5d\windows-amd64\native-platform.dll
0x00007ff9be080000 - 0x00007ff9be1bd000 	C:\Users\felip\.gradle\native\53dbd7edfb1c66fb8903c78663c9afc45aea4f116125fa6feffd364cf09443e8\windows-amd64\native-platform-file-events.dll
0x00007ff9e5d10000 - 0x00007ff9e5d1a000 	C:\Users\felip\OneDrive\Desktop\android-studio\jre\bin\management.dll
0x00007ff9e5920000 - 0x00007ff9e592d000 	C:\Users\felip\OneDrive\Desktop\android-studio\jre\bin\management_ext.dll
0x00007ff9ebe70000 - 0x00007ff9ebe88000 	C:\Windows\SYSTEM32\CRYPTSP.dll
0x00007ff9eb5f0000 - 0x00007ff9eb624000 	C:\Windows\system32\rsaenh.dll
0x00007ff9ece60000 - 0x00007ff9ece87000 	C:\Windows\System32\bcrypt.dll
0x00007ff9ec450000 - 0x00007ff9ec47e000 	C:\Windows\SYSTEM32\USERENV.dll
0x00007ff9ebe60000 - 0x00007ff9ebe6c000 	C:\Windows\SYSTEM32\CRYPTBASE.dll
0x00007ff9eb960000 - 0x00007ff9eb99b000 	C:\Windows\SYSTEM32\IPHLPAPI.DLL
0x00007ff9ee380000 - 0x00007ff9ee388000 	C:\Windows\System32\NSI.dll
0x00007ff9e6bc0000 - 0x00007ff9e6bd7000 	C:\Windows\SYSTEM32\dhcpcsvc6.DLL
0x00007ff9e5c80000 - 0x00007ff9e5c9d000 	C:\Windows\SYSTEM32\dhcpcsvc.DLL
0x00007ff9eb9a0000 - 0x00007ff9eba6b000 	C:\Windows\SYSTEM32\DNSAPI.dll
0x00007ff9eb280000 - 0x00007ff9eb2b3000 	C:\Windows\SYSTEM32\ntmarta.dll
0x00007ff9e07a0000 - 0x00007ff9e07be000 	C:\Users\felip\AppData\Local\Temp\native-platform11447645500531273209dir\native-platform.dll
0x00007ff9d7a40000 - 0x00007ff9d7a57000 	C:\Windows\system32\napinsp.dll
0x00007ff9d76e0000 - 0x00007ff9d76fb000 	C:\Windows\system32\pnrpnsp.dll
0x00007ff9d7310000 - 0x00007ff9d7325000 	C:\Windows\system32\wshbth.dll
0x00007ff9e7e20000 - 0x00007ff9e7e3d000 	C:\Windows\system32\NLAapi.dll
0x00007ff9d6c80000 - 0x00007ff9d6c92000 	C:\Windows\System32\winrnr.dll
0x00007ff9df140000 - 0x00007ff9df14a000 	C:\Windows\System32\rasadhlp.dll
0x00007ff9e39c0000 - 0x00007ff9e3a3f000 	C:\Windows\System32\fwpuclnt.dll

dbghelp: loaded successfully - version: 4.0.5 - missing functions: none
symbol engine: initialized successfully - sym options: 0x614 - pdb path: .;C:\Users\felip\OneDrive\Desktop\android-studio\jre\bin;C:\Windows\SYSTEM32;C:\Program Files\Avast Software\Avast;C:\Windows\WinSxS\amd64_microsoft.windows.common-controls_6595b64144ccf1df_6.0.19041.1110_none_60b5254171f9507e;C:\Users\felip\OneDrive\Desktop\android-studio\jre\bin\server;C:\Users\felip\.gradle\native\8bec1ad78214c89d9ad589b4d07fe93259594b29d510b10fafb7a158f7737e5d\windows-amd64;C:\Users\felip\.gradle\native\53dbd7edfb1c66fb8903c78663c9afc45aea4f116125fa6feffd364cf09443e8\windows-amd64;C:\Users\felip\AppData\Local\Temp\native-platform11447645500531273209dir

VM Arguments:
jvm_args: --add-opens=java.base/java.util=ALL-UNNAMED --add-opens=java.base/java.lang=ALL-UNNAMED --add-opens=java.base/java.lang.invoke=ALL-UNNAMED --add-opens=java.base/java.util=ALL-UNNAMED --add-opens=java.prefs/java.util.prefs=ALL-UNNAMED --add-opens=java.prefs/java.util.prefs=ALL-UNNAMED --add-opens=java.base/java.nio.charset=ALL-UNNAMED --add-opens=java.base/java.net=ALL-UNNAMED --add-opens=java.base/java.util.concurrent.atomic=ALL-UNNAMED -Xmx512m -Dfile.encoding=UTF-8 -Duser.country=US -Duser.language=en -Duser.variant 
java_command: org.gradle.launcher.daemon.bootstrap.GradleDaemon 7.0.2
java_class_path (initial): C:\Users\felip\.gradle\wrapper\dists\gradle-7.0.2-bin\857tjihv64xamwrf0h14cai3r\gradle-7.0.2\lib\gradle-launcher-7.0.2.jar
Launcher Type: SUN_STANDARD

[Global flags]
     intx CICompilerCount                          = 2                                         {product} {ergonomic}
     uint ConcGCThreads                            = 1                                         {product} {ergonomic}
     uint G1ConcRefinementThreads                  = 2                                         {product} {ergonomic}
   size_t G1HeapRegionSize                         = 1048576                                   {product} {ergonomic}
    uintx GCDrainStackTargetSize                   = 64                                        {product} {ergonomic}
   size_t InitialHeapSize                          = 67108864                                  {product} {ergonomic}
   size_t MarkStackSize                            = 4194304                                   {product} {ergonomic}
   size_t MaxHeapSize                              = 536870912                                 {product} {command line}
   size_t MaxNewSize                               = 321912832                                 {product} {ergonomic}
   size_t MinHeapDeltaBytes                        = 1048576                                   {product} {ergonomic}
    uintx NonNMethodCodeHeapSize                   = 5825164                                {pd product} {ergonomic}
    uintx NonProfiledCodeHeapSize                  = 122916538                              {pd product} {ergonomic}
    uintx ProfiledCodeHeapSize                     = 122916538                              {pd product} {ergonomic}
    uintx ReservedCodeCacheSize                    = 251658240                              {pd product} {ergonomic}
     bool SegmentedCodeCache                       = true                                      {product} {ergonomic}
     bool UseCompressedClassPointers               = true                                 {lp64_product} {ergonomic}
     bool UseCompressedOops                        = true                                 {lp64_product} {ergonomic}
     bool UseG1GC                                  = true                                      {product} {ergonomic}
     bool UseLargePagesIndividualAllocation        = false                                  {pd product} {ergonomic}

Logging:
Log output configuration:
 #0: stdout all=warning uptime,level,tags
 #1: stderr all=off uptime,level,tags

Environment Variables:
PATH=C:\Program Files\Common Files\Oracle\Java\javapath;C:\Program Files (x86)\Common Files\Oracle\Java\javapath;C:\Windows\system32;C:\Windows;C:\Windows\System32\Wbem;C:\Windows\System32\WindowsPowerShell\v1.0\;C:\Windows\System32\OpenSSH\;C:\ProgramData\chocolatey\bin;C:\Program Files (x86)\Yarn\bin\;C:\Program Files\Git\cmd;C:\Program Files\nodejs\;C:\Users\felip\AppData\Local\Microsoft\WindowsApps;C:\Users\felip\AppData\Local\Programs\Microsoft VS Code\bin;C:\Users\felip\AppData\Local\Yarn\bin;C:\Users\felip\AppData\Local\GitHubDesktop\bin;C:\Users\felip\AppData\Roaming\npm
USERNAME=felip
OS=Windows_NT
PROCESSOR_IDENTIFIER=Intel64 Family 6 Model 23 Stepping 10, GenuineIntel



---------------  S Y S T E M  ---------------

OS: Windows 10 , 64 bit Build 19041 (10.0.19041.1348)
OS uptime: 0 days 23:01 hours

CPU:total 2 (initial active 2) (2 cores per cpu, 1 threads per core) family 6 model 23 stepping 10 microcode 0xa0c, cmov, cx8, fxsr, mmx, sse, sse2, sse3, ssse3, tsc

Memory: 4k page, system-wide physical 4061M (39M free)
TotalPageFile size 4061M (AvailPageFile size 4M)
current process WorkingSet (physical memory assigned to process): 362M, peak: 377M
current process commit charge ("private bytes"): 519M, peak: 520M

vm_info: OpenJDK 64-Bit Server VM (11.0.11+9-b60-7590822) for windows-amd64 JRE (11.0.11+9-b60-7590822), built on Jul 29 2021 21:43:44 by "builder" with MS VC++ 14.0 (VS2015)

END.
