#
# There is insufficient memory for the Java Runtime Environment to continue.
# Native memory allocation (malloc) failed to allocate 32744 bytes for ChunkPool::allocate
# Possible reasons:
#   The system is out of physical RAM or swap space
#   The process is running with CompressedOops enabled, and the Java Heap may be blocking the growth of the native heap
# Possible solutions:
#   Reduce memory load on the system
#   Increase physical memory or swap space
#   Check if swap backing store is full
#   Decrease Java heap size (-Xmx/-Xms)
#   Decrease number of Java threads
#   Decrease Java thread stack sizes (-Xss)
#   Set larger code cache with -XX:ReservedCodeCacheSize=
#   JVM is running with Unscaled Compressed Oops mode in which the Java heap is
#     placed in the first 4GB address space. The Java Heap base address is the
#     maximum limit for the native heap growth. Please use -XX:HeapBaseMinAddress
#     to set the Java Heap base and to place the Java Heap above 4GB virtual address.
# This output file may be truncated or incomplete.
#
#  Out of Memory Error (./src/hotspot/share/memory/arena.cpp:81), pid=6528, tid=6244
#
# JRE version: OpenJDK Runtime Environment (11.0.11+9) (build 11.0.11+9-b60-7590822)
# Java VM: OpenJDK 64-Bit Server VM (11.0.11+9-b60-7590822, mixed mode, tiered, compressed oops, g1 gc, windows-amd64)
# No core dump will be written. Minidumps are not enabled by default on client versions of Windows
#

---------------  S U M M A R Y ------------

Command Line: --add-opens=java.base/java.util=ALL-UNNAMED --add-opens=java.base/java.lang=ALL-UNNAMED --add-opens=java.base/java.lang.invoke=ALL-UNNAMED --add-opens=java.base/java.util=ALL-UNNAMED --add-opens=java.prefs/java.util.prefs=ALL-UNNAMED --add-opens=java.prefs/java.util.prefs=ALL-UNNAMED --add-opens=java.base/java.nio.charset=ALL-UNNAMED --add-opens=java.base/java.net=ALL-UNNAMED --add-opens=java.base/java.util.concurrent.atomic=ALL-UNNAMED -Xmx512m -Dfile.encoding=UTF-8 -Duser.country=US -Duser.language=en -Duser.variant org.gradle.launcher.daemon.bootstrap.GradleDaemon 7.0.2

Host: Celeron(R) Dual-Core CPU       T3500  @ 2.10GHz, 2 cores, 3G,  Windows 10 , 64 bit Build 19041 (10.0.19041.1348)
Time: Thu Dec  2 09:07:23 2021 E. South America Standard Time elapsed time: 236.656462 seconds (0d 0h 3m 56s)

---------------  T H R E A D  ---------------

Current thread (0x0000028077a3f800):  JavaThread "C2 CompilerThread0" daemon [_thread_in_native, id=6244, stack(0x000000bef2f00000,0x000000bef3000000)]


Current CompileTask:
C2: 236656 17673 %     4       com.android.tools.r8.ir.regalloc.a::a @ 1405 (3985 bytes)

Stack: [0x000000bef2f00000,0x000000bef3000000]
Native frames: (J=compiled Java code, j=interpreted, Vv=VM code, C=native code)
V  [jvm.dll+0x5f214a]
V  [jvm.dll+0x726fb5]
V  [jvm.dll+0x7285cd]
V  [jvm.dll+0x728c83]
V  [jvm.dll+0x243278]
V  [jvm.dll+0xbc78b]
V  [jvm.dll+0xbca3c]
V  [jvm.dll+0x359796]
V  [jvm.dll+0x359011]
V  [jvm.dll+0x359054]
V  [jvm.dll+0x4ebeb4]
V  [jvm.dll+0x4eca3a]
V  [jvm.dll+0x3218c2]
V  [jvm.dll+0x320d8a]
V  [jvm.dll+0x1fc1e2]
V  [jvm.dll+0x1fb3d4]
V  [jvm.dll+0x183d6c]
V  [jvm.dll+0x209a57]
V  [jvm.dll+0x2082a1]
V  [jvm.dll+0x6ef58f]
V  [jvm.dll+0x6e80b5]
V  [jvm.dll+0x5f1036]
C  [ucrtbase.dll+0x21bb2]
C  [KERNEL32.DLL+0x17034]
C  [ntdll.dll+0x52651]


---------------  P R O C E S S  ---------------

Threads class SMR info:
_java_thread_list=0x000002807e2e15c0, length=46, elements={
0x0000028070361800, 0x00000280779d7000, 0x00000280779e1000, 0x0000028077a32800,
0x0000028077a34800, 0x0000028077a37800, 0x0000028077a3f800, 0x0000028077a43000,
0x0000028077a7b000, 0x0000028077c9d000, 0x0000028079335800, 0x00000280786a2800,
0x0000028078f9a800, 0x0000028078faa000, 0x0000028078f83800, 0x0000028078aaf000,
0x0000028078ee6800, 0x0000028079622000, 0x00000280799d5000, 0x00000280799d3800,
0x00000280799da000, 0x00000280799d6000, 0x00000280799d6800, 0x00000280799d7800,
0x00000280799d9000, 0x00000280799d8000, 0x00000280799d4000, 0x000002807a182800,
0x000002807a182000, 0x000002807a183800, 0x000002807a17f800, 0x000002807a17d800,
0x000002807a17e800, 0x000002807a185000, 0x000002807a186000, 0x000002807a186800,
0x000002807a181000, 0x000002807a188800, 0x000002807a18a000, 0x000002807a18b800,
0x000002807a187800, 0x000002807a18c800, 0x000002807c7cc800, 0x000002807c7d1000,
0x000002807c7ce000, 0x000002807c7cf800
}

Java Threads: ( => current thread )
  0x0000028070361800 JavaThread "main" [_thread_blocked, id=8072, stack(0x000000bef2300000,0x000000bef2400000)]
  0x00000280779d7000 JavaThread "Reference Handler" daemon [_thread_blocked, id=5276, stack(0x000000bef2a00000,0x000000bef2b00000)]
  0x00000280779e1000 JavaThread "Finalizer" daemon [_thread_blocked, id=6248, stack(0x000000bef2b00000,0x000000bef2c00000)]
  0x0000028077a32800 JavaThread "Signal Dispatcher" daemon [_thread_blocked, id=5392, stack(0x000000bef2c00000,0x000000bef2d00000)]
  0x0000028077a34800 JavaThread "Attach Listener" daemon [_thread_blocked, id=6996, stack(0x000000bef2d00000,0x000000bef2e00000)]
  0x0000028077a37800 JavaThread "Service Thread" daemon [_thread_blocked, id=5896, stack(0x000000bef2e00000,0x000000bef2f00000)]
=>0x0000028077a3f800 JavaThread "C2 CompilerThread0" daemon [_thread_in_native, id=6244, stack(0x000000bef2f00000,0x000000bef3000000)]
  0x0000028077a43000 JavaThread "C1 CompilerThread0" daemon [_thread_in_native, id=3596, stack(0x000000bef3000000,0x000000bef3100000)]
  0x0000028077a7b000 JavaThread "Sweeper thread" daemon [_thread_blocked, id=2800, stack(0x000000bef3100000,0x000000bef3200000)]
  0x0000028077c9d000 JavaThread "Common-Cleaner" daemon [_thread_blocked, id=2836, stack(0x000000bef3200000,0x000000bef3300000)]
  0x0000028079335800 JavaThread "Daemon health stats" [_thread_blocked, id=860, stack(0x000000bef3500000,0x000000bef3600000)]
  0x00000280786a2800 JavaThread "Incoming local TCP Connector on port 13486" [_thread_in_native, id=2296, stack(0x000000bef3600000,0x000000bef3700000)]
  0x0000028078f9a800 JavaThread "Daemon periodic checks" [_thread_blocked, id=1440, stack(0x000000bef3700000,0x000000bef3800000)]
  0x0000028078faa000 JavaThread "Daemon" [_thread_blocked, id=1044, stack(0x000000bef3800000,0x000000bef3900000)]
  0x0000028078f83800 JavaThread "Handler for socket connection from /127.0.0.1:13486 to /127.0.0.1:13487" [_thread_in_native, id=6432, stack(0x000000bef3900000,0x000000bef3a00000)]
  0x0000028078aaf000 JavaThread "Cancel handler" [_thread_blocked, id=8432, stack(0x000000bef3a00000,0x000000bef3b00000)]
  0x0000028078ee6800 JavaThread "Daemon worker" [_thread_blocked, id=6148, stack(0x000000bef3b00000,0x000000bef3c00000)]
  0x0000028079622000 JavaThread "Asynchronous log dispatcher for DefaultDaemonConnection: socket connection from /127.0.0.1:13486 to /127.0.0.1:13487" [_thread_blocked, id=6360, stack(0x000000bef3c00000,0x000000bef3d00000)]
  0x00000280799d5000 JavaThread "Daemon client event forwarder" [_thread_blocked, id=5508, stack(0x000000bef3e00000,0x000000bef3f00000)]
  0x00000280799d3800 JavaThread "Cache worker for file hash cache (C:\Users\felip\.gradle\caches\7.0.2\fileHashes)" [_thread_blocked, id=8832, stack(0x000000bef3f00000,0x000000bef4000000)]
  0x00000280799da000 JavaThread "File lock request listener" [_thread_in_native, id=6784, stack(0x000000bef4000000,0x000000bef4100000)]
  0x00000280799d6000 JavaThread "Cache worker for journal cache (C:\Users\felip\.gradle\caches\journal-1)" [_thread_blocked, id=1336, stack(0x000000bef4100000,0x000000bef4200000)]
  0x00000280799d6800 JavaThread "Cache worker for file hash cache (C:\Users\felip\AndroidStudioProjects\VideoApp\.gradle\7.0.2\fileHashes)" [_thread_blocked, id=7976, stack(0x000000bef4200000,0x000000bef4300000)]
  0x00000280799d7800 JavaThread "File watcher server" daemon [_thread_in_native, id=2852, stack(0x000000bef4300000,0x000000bef4400000)]
  0x00000280799d9000 JavaThread "File watcher consumer" daemon [_thread_blocked, id=1928, stack(0x000000bef4400000,0x000000bef4500000)]
  0x00000280799d8000 JavaThread "Cache worker for checksums cache (C:\Users\felip\AndroidStudioProjects\VideoApp\.gradle\checksums)" [_thread_blocked, id=4388, stack(0x000000bef4500000,0x000000bef4600000)]
  0x00000280799d4000 JavaThread "Cache worker for cache directory md-supplier (C:\Users\felip\.gradle\caches\7.0.2\md-supplier)" [_thread_blocked, id=9180, stack(0x000000bef4600000,0x000000bef4700000)]
  0x000002807a182800 JavaThread "Cache worker for cache directory md-rule (C:\Users\felip\.gradle\caches\7.0.2\md-rule)" [_thread_blocked, id=4264, stack(0x000000bef4700000,0x000000bef4800000)]
  0x000002807a182000 JavaThread "Cache worker for execution history cache (C:\Users\felip\.gradle\caches\7.0.2\executionHistory)" [_thread_blocked, id=8248, stack(0x000000bef4800000,0x000000bef4900000)]
  0x000002807a183800 JavaThread "jar transforms" [_thread_blocked, id=6192, stack(0x000000bef4900000,0x000000bef4a00000)]
  0x000002807a17f800 JavaThread "jar transforms Thread 2" [_thread_blocked, id=6936, stack(0x000000bef4a00000,0x000000bef4b00000)]
  0x000002807a17d800 JavaThread "Cache worker for file content cache (C:\Users\felip\.gradle\caches\7.0.2\fileContent)" [_thread_blocked, id=7696, stack(0x000000bef4b00000,0x000000bef4c00000)]
  0x000002807a17e800 JavaThread "Cache worker for dependencies-accessors (C:\Users\felip\AndroidStudioProjects\VideoApp\.gradle\7.0.2\dependencies-accessors)" [_thread_blocked, id=6868, stack(0x000000bef4c00000,0x000000bef4d00000)]
  0x000002807a185000 JavaThread "Cache worker for Build Output Cleanup Cache (C:\Users\felip\AndroidStudioProjects\VideoApp\.gradle\buildOutputCleanup)" [_thread_blocked, id=8660, stack(0x000000bef4d00000,0x000000bef4e00000)]
  0x000002807a186000 JavaThread "Build operations" [_thread_blocked, id=6164, stack(0x000000bef4e00000,0x000000bef4f00000)]
  0x000002807a186800 JavaThread "Build operations Thread 2" [_thread_in_vm, id=6852, stack(0x000000bef4f00000,0x000000bef5000000)]
  0x000002807a181000 JavaThread "Memory manager" [_thread_blocked, id=1260, stack(0x000000bef5200000,0x000000bef5300000)]
  0x000002807a188800 JavaThread "build event listener" [_thread_blocked, id=6228, stack(0x000000bef2000000,0x000000bef2100000)]
  0x000002807a18a000 JavaThread "build event listener" [_thread_blocked, id=1764, stack(0x000000bef2100000,0x000000bef2200000)]
  0x000002807a18b800 JavaThread "Execution worker for ':'" [_thread_blocked, id=3512, stack(0x000000bef2200000,0x000000bef2300000)]
  0x000002807a187800 JavaThread "Cache worker for execution history cache (C:\Users\felip\AndroidStudioProjects\VideoApp\.gradle\7.0.2\executionHistory)" [_thread_blocked, id=8820, stack(0x000000bef3d00000,0x000000bef3e00000)]
  0x000002807a18c800 JavaThread "WorkerExecutor Queue" [_thread_blocked, id=6412, stack(0x000000bef5300000,0x000000bef5400000)]
  0x000002807c7cc800 JavaThread "WorkerExecutor Queue Thread 2" [_thread_blocked, id=6044, stack(0x000000bef5400000,0x000000bef5500000)]
  0x000002807c7d1000 JavaThread "pool-3-thread-1" [_thread_blocked, id=100, stack(0x000000bef5600000,0x000000bef5700000)]
  0x000002807c7ce000 JavaThread "stderr" [_thread_in_native, id=6396, stack(0x000000bef5700000,0x000000bef5800000)]
  0x000002807c7cf800 JavaThread "stdout" [_thread_in_native, id=7880, stack(0x000000bef5800000,0x000000bef5900000)]

Other Threads:
  0x00000280779d3800 VMThread "VM Thread" [stack: 0x000000bef2900000,0x000000bef2a00000] [id=1124]
  0x0000028077ced000 WatcherThread [stack: 0x000000bef3300000,0x000000bef3400000] [id=4628]
  0x000002807037a000 GCTaskThread "GC Thread#0" [stack: 0x000000bef2400000,0x000000bef2500000] [id=4260]
  0x0000028077ded000 GCTaskThread "GC Thread#1" [stack: 0x000000bef3400000,0x000000bef3500000] [id=3788]
  0x000002807038b000 ConcurrentGCThread "G1 Main Marker" [stack: 0x000000bef2500000,0x000000bef2600000] [id=3532]
  0x000002807038d800 ConcurrentGCThread "G1 Conc#0" [stack: 0x000000bef2600000,0x000000bef2700000] [id=8260]
  0x00000280703d7800 ConcurrentGCThread "G1 Refine#0" [stack: 0x000000bef2700000,0x000000bef2800000] [id=5252]
  0x00000280703d9000 ConcurrentGCThread "G1 Young RemSet Sampling" [stack: 0x000000bef2800000,0x000000bef2900000] [id=5696]

Threads with active compile tasks:
C2 CompilerThread0 239296 17673 %     4       com.android.tools.r8.ir.regalloc.a::a @ 1405 (3985 bytes)

VM state:not at safepoint (normal execution)

VM Mutex/Monitor currently owned by a thread: None

Heap address: 0x00000000e0000000, size: 512 MB, Compressed Oops mode: 32-bit
Narrow klass base: 0x0000000000000000, Narrow klass shift: 3
Compressed class space size: 1073741824 Address: 0x0000000100000000

Heap:
 garbage-first heap   total 232448K, used 148992K [0x00000000e0000000, 0x0000000100000000)
  region size 1024K, 10 young (10240K), 3 survivors (3072K)
 Metaspace       used 119844K, capacity 122520K, committed 122748K, reserved 1157120K
  class space    used 15001K, capacity 16004K, committed 16128K, reserved 1048576K
Heap Regions: E=young(eden), S=young(survivor), O=old, HS=humongous(starts), HC=humongous(continues), CS=collection set, F=free, A=archive, TAMS=top-at-mark-start (previous, next)
|   0|0x00000000e0000000, 0x00000000e0100000, 0x00000000e0100000|100%| O|  |TAMS 0x00000000e0100000, 0x00000000e0000000| Untracked 
|   1|0x00000000e0100000, 0x00000000e0200000, 0x00000000e0200000|100%| O|  |TAMS 0x00000000e0200000, 0x00000000e0100000| Untracked 
|   2|0x00000000e0200000, 0x00000000e0300000, 0x00000000e0300000|100%| O|  |TAMS 0x00000000e0300000, 0x00000000e0200000| Untracked 
|   3|0x00000000e0300000, 0x00000000e0400000, 0x00000000e0400000|100%| O|  |TAMS 0x00000000e0400000, 0x00000000e0300000| Untracked 
|   4|0x00000000e0400000, 0x00000000e0500000, 0x00000000e0500000|100%|HS|  |TAMS 0x00000000e0500000, 0x00000000e0400000| Complete 
|   5|0x00000000e0500000, 0x00000000e0600000, 0x00000000e0600000|100%|HC|  |TAMS 0x00000000e0600000, 0x00000000e0500000| Complete 
|   6|0x00000000e0600000, 0x00000000e0700000, 0x00000000e0700000|100%|HC|  |TAMS 0x00000000e0700000, 0x00000000e0600000| Complete 
|   7|0x00000000e0700000, 0x00000000e0800000, 0x00000000e0800000|100%| O|  |TAMS 0x00000000e0800000, 0x00000000e0700000| Untracked 
|   8|0x00000000e0800000, 0x00000000e0900000, 0x00000000e0900000|100%| O|  |TAMS 0x00000000e0900000, 0x00000000e0800000| Untracked 
|   9|0x00000000e0900000, 0x00000000e0a00000, 0x00000000e0a00000|100%| O|  |TAMS 0x00000000e0a00000, 0x00000000e0900000| Untracked 
|  10|0x00000000e0a00000, 0x00000000e0b00000, 0x00000000e0b00000|100%| O|  |TAMS 0x00000000e0b00000, 0x00000000e0a00000| Untracked 
|  11|0x00000000e0b00000, 0x00000000e0c00000, 0x00000000e0c00000|100%| O|  |TAMS 0x00000000e0c00000, 0x00000000e0b00000| Untracked 
|  12|0x00000000e0c00000, 0x00000000e0d00000, 0x00000000e0d00000|100%| O|  |TAMS 0x00000000e0d00000, 0x00000000e0c00000| Untracked 
|  13|0x00000000e0d00000, 0x00000000e0e00000, 0x00000000e0e00000|100%| O|  |TAMS 0x00000000e0e00000, 0x00000000e0d00000| Untracked 
|  14|0x00000000e0e00000, 0x00000000e0f00000, 0x00000000e0f00000|100%| O|  |TAMS 0x00000000e0f00000, 0x00000000e0e00000| Untracked 
|  15|0x00000000e0f00000, 0x00000000e1000000, 0x00000000e1000000|100%| O|  |TAMS 0x00000000e1000000, 0x00000000e0f00000| Untracked 
|  16|0x00000000e1000000, 0x00000000e1100000, 0x00000000e1100000|100%| O|  |TAMS 0x00000000e1100000, 0x00000000e1000000| Untracked 
|  17|0x00000000e1100000, 0x00000000e1200000, 0x00000000e1200000|100%| O|  |TAMS 0x00000000e1200000, 0x00000000e1100000| Untracked 
|  18|0x00000000e1200000, 0x00000000e1300000, 0x00000000e1300000|100%| O|  |TAMS 0x00000000e1300000, 0x00000000e1200000| Untracked 
|  19|0x00000000e1300000, 0x00000000e1400000, 0x00000000e1400000|100%| O|  |TAMS 0x00000000e1400000, 0x00000000e1300000| Untracked 
|  20|0x00000000e1400000, 0x00000000e1500000, 0x00000000e1500000|100%| O|  |TAMS 0x00000000e1500000, 0x00000000e1400000| Untracked 
|  21|0x00000000e1500000, 0x00000000e1600000, 0x00000000e1600000|100%| O|  |TAMS 0x00000000e1600000, 0x00000000e1500000| Untracked 
|  22|0x00000000e1600000, 0x00000000e1700000, 0x00000000e1700000|100%| O|  |TAMS 0x00000000e1700000, 0x00000000e1600000| Untracked 
|  23|0x00000000e1700000, 0x00000000e1800000, 0x00000000e1800000|100%| O|  |TAMS 0x00000000e1800000, 0x00000000e1700000| Untracked 
|  24|0x00000000e1800000, 0x00000000e1900000, 0x00000000e1900000|100%| O|  |TAMS 0x00000000e1900000, 0x00000000e1800000| Untracked 
|  25|0x00000000e1900000, 0x00000000e1a00000, 0x00000000e1a00000|100%| O|  |TAMS 0x00000000e1a00000, 0x00000000e1900000| Untracked 
|  26|0x00000000e1a00000, 0x00000000e1b00000, 0x00000000e1b00000|100%| O|  |TAMS 0x00000000e1b00000, 0x00000000e1a00000| Untracked 
|  27|0x00000000e1b00000, 0x00000000e1c00000, 0x00000000e1c00000|100%| O|  |TAMS 0x00000000e1c00000, 0x00000000e1b00000| Untracked 
|  28|0x00000000e1c00000, 0x00000000e1d00000, 0x00000000e1d00000|100%|HS|  |TAMS 0x00000000e1d00000, 0x00000000e1c00000| Complete 
|  29|0x00000000e1d00000, 0x00000000e1e00000, 0x00000000e1e00000|100%| O|  |TAMS 0x00000000e1e00000, 0x00000000e1d00000| Untracked 
|  30|0x00000000e1e00000, 0x00000000e1f00000, 0x00000000e1f00000|100%| O|  |TAMS 0x00000000e1f00000, 0x00000000e1e00000| Untracked 
|  31|0x00000000e1f00000, 0x00000000e2000000, 0x00000000e2000000|100%| O|  |TAMS 0x00000000e2000000, 0x00000000e1f00000| Untracked 
|  32|0x00000000e2000000, 0x00000000e2100000, 0x00000000e2100000|100%|HS|  |TAMS 0x00000000e2100000, 0x00000000e2000000| Complete 
|  33|0x00000000e2100000, 0x00000000e2200000, 0x00000000e2200000|100%|HS|  |TAMS 0x00000000e2200000, 0x00000000e2100000| Complete 
|  34|0x00000000e2200000, 0x00000000e2300000, 0x00000000e2300000|100%| O|  |TAMS 0x00000000e2300000, 0x00000000e2200000| Untracked 
|  35|0x00000000e2300000, 0x00000000e2400000, 0x00000000e2400000|100%|HS|  |TAMS 0x00000000e2400000, 0x00000000e2300000| Complete 
|  36|0x00000000e2400000, 0x00000000e2500000, 0x00000000e2500000|100%|HC|  |TAMS 0x00000000e2500000, 0x00000000e2400000| Complete 
|  37|0x00000000e2500000, 0x00000000e2600000, 0x00000000e2600000|100%|HC|  |TAMS 0x00000000e2600000, 0x00000000e2500000| Complete 
|  38|0x00000000e2600000, 0x00000000e2700000, 0x00000000e2700000|100%| O|  |TAMS 0x00000000e2700000, 0x00000000e2600000| Untracked 
|  39|0x00000000e2700000, 0x00000000e2800000, 0x00000000e2800000|100%| O|  |TAMS 0x00000000e2800000, 0x00000000e2700000| Untracked 
|  40|0x00000000e2800000, 0x00000000e2900000, 0x00000000e2900000|100%| O|  |TAMS 0x00000000e2900000, 0x00000000e2800000| Untracked 
|  41|0x00000000e2900000, 0x00000000e2a00000, 0x00000000e2a00000|100%|HS|  |TAMS 0x00000000e2a00000, 0x00000000e2900000| Complete 
|  42|0x00000000e2a00000, 0x00000000e2b00000, 0x00000000e2b00000|100%|HC|  |TAMS 0x00000000e2b00000, 0x00000000e2a00000| Complete 
|  43|0x00000000e2b00000, 0x00000000e2c00000, 0x00000000e2c00000|100%| O|  |TAMS 0x00000000e2c00000, 0x00000000e2b00000| Untracked 
|  44|0x00000000e2c00000, 0x00000000e2d00000, 0x00000000e2d00000|100%| O|  |TAMS 0x00000000e2d00000, 0x00000000e2c00000| Untracked 
|  45|0x00000000e2d00000, 0x00000000e2e00000, 0x00000000e2e00000|100%| O|  |TAMS 0x00000000e2e00000, 0x00000000e2d00000| Untracked 
|  46|0x00000000e2e00000, 0x00000000e2f00000, 0x00000000e2f00000|100%| O|  |TAMS 0x00000000e2f00000, 0x00000000e2e00000| Untracked 
|  47|0x00000000e2f00000, 0x00000000e3000000, 0x00000000e3000000|100%| O|  |TAMS 0x00000000e3000000, 0x00000000e2f00000| Untracked 
|  48|0x00000000e3000000, 0x00000000e3100000, 0x00000000e3100000|100%| O|  |TAMS 0x00000000e3100000, 0x00000000e3000000| Untracked 
|  49|0x00000000e3100000, 0x00000000e3200000, 0x00000000e3200000|100%| O|  |TAMS 0x00000000e3200000, 0x00000000e3100000| Untracked 
|  50|0x00000000e3200000, 0x00000000e3300000, 0x00000000e3300000|100%| O|  |TAMS 0x00000000e3300000, 0x00000000e3200000| Untracked 
|  51|0x00000000e3300000, 0x00000000e3400000, 0x00000000e3400000|100%| O|  |TAMS 0x00000000e3400000, 0x00000000e3300000| Untracked 
|  52|0x00000000e3400000, 0x00000000e3500000, 0x00000000e3500000|100%| O|  |TAMS 0x00000000e3500000, 0x00000000e3400000| Untracked 
|  53|0x00000000e3500000, 0x00000000e3600000, 0x00000000e3600000|100%| O|  |TAMS 0x00000000e3600000, 0x00000000e3500000| Untracked 
|  54|0x00000000e3600000, 0x00000000e3700000, 0x00000000e3700000|100%| O|  |TAMS 0x00000000e3700000, 0x00000000e3600000| Untracked 
|  55|0x00000000e3700000, 0x00000000e3800000, 0x00000000e3800000|100%| O|  |TAMS 0x00000000e3800000, 0x00000000e3700000| Untracked 
|  56|0x00000000e3800000, 0x00000000e3900000, 0x00000000e3900000|100%| O|  |TAMS 0x00000000e3900000, 0x00000000e3800000| Untracked 
|  57|0x00000000e3900000, 0x00000000e3a00000, 0x00000000e3a00000|100%| O|  |TAMS 0x00000000e3a00000, 0x00000000e3900000| Untracked 
|  58|0x00000000e3a00000, 0x00000000e3b00000, 0x00000000e3b00000|100%| O|  |TAMS 0x00000000e3b00000, 0x00000000e3a00000| Untracked 
|  59|0x00000000e3b00000, 0x00000000e3c00000, 0x00000000e3c00000|100%| O|  |TAMS 0x00000000e3c00000, 0x00000000e3b00000| Untracked 
|  60|0x00000000e3c00000, 0x00000000e3d00000, 0x00000000e3d00000|100%| O|  |TAMS 0x00000000e3d00000, 0x00000000e3c00000| Untracked 
|  61|0x00000000e3d00000, 0x00000000e3e00000, 0x00000000e3e00000|100%| O|  |TAMS 0x00000000e3e00000, 0x00000000e3d00000| Untracked 
|  62|0x00000000e3e00000, 0x00000000e3f00000, 0x00000000e3f00000|100%| O|  |TAMS 0x00000000e3f00000, 0x00000000e3e00000| Untracked 
|  63|0x00000000e3f00000, 0x00000000e4000000, 0x00000000e4000000|100%| O|  |TAMS 0x00000000e4000000, 0x00000000e3f00000| Untracked 
|  64|0x00000000e4000000, 0x00000000e4100000, 0x00000000e4100000|100%| O|  |TAMS 0x00000000e4100000, 0x00000000e4000000| Untracked 
|  65|0x00000000e4100000, 0x00000000e4200000, 0x00000000e4200000|100%| O|  |TAMS 0x00000000e4200000, 0x00000000e4100000| Untracked 
|  66|0x00000000e4200000, 0x00000000e4300000, 0x00000000e4300000|100%| O|  |TAMS 0x00000000e4300000, 0x00000000e4200000| Untracked 
|  67|0x00000000e4300000, 0x00000000e4400000, 0x00000000e4400000|100%| O|  |TAMS 0x00000000e4400000, 0x00000000e4300000| Untracked 
|  68|0x00000000e4400000, 0x00000000e4500000, 0x00000000e4500000|100%| O|  |TAMS 0x00000000e4500000, 0x00000000e4400000| Untracked 
|  69|0x00000000e4500000, 0x00000000e4600000, 0x00000000e4600000|100%| O|  |TAMS 0x00000000e4600000, 0x00000000e4500000| Untracked 
|  70|0x00000000e4600000, 0x00000000e4700000, 0x00000000e4700000|100%| O|  |TAMS 0x00000000e4700000, 0x00000000e4600000| Untracked 
|  71|0x00000000e4700000, 0x00000000e4800000, 0x00000000e4800000|100%| O|  |TAMS 0x00000000e4800000, 0x00000000e4700000| Untracked 
|  72|0x00000000e4800000, 0x00000000e4900000, 0x00000000e4900000|100%| O|  |TAMS 0x00000000e4900000, 0x00000000e4800000| Untracked 
|  73|0x00000000e4900000, 0x00000000e4a00000, 0x00000000e4a00000|100%| O|  |TAMS 0x00000000e4a00000, 0x00000000e4900000| Untracked 
|  74|0x00000000e4a00000, 0x00000000e4b00000, 0x00000000e4b00000|100%| O|  |TAMS 0x00000000e4b00000, 0x00000000e4a00000| Untracked 
|  75|0x00000000e4b00000, 0x00000000e4c00000, 0x00000000e4c00000|100%| O|  |TAMS 0x00000000e4c00000, 0x00000000e4b00000| Untracked 
|  76|0x00000000e4c00000, 0x00000000e4d00000, 0x00000000e4d00000|100%| O|  |TAMS 0x00000000e4d00000, 0x00000000e4c00000| Untracked 
|  77|0x00000000e4d00000, 0x00000000e4e00000, 0x00000000e4e00000|100%| O|  |TAMS 0x00000000e4e00000, 0x00000000e4d00000| Untracked 
|  78|0x00000000e4e00000, 0x00000000e4f00000, 0x00000000e4f00000|100%| O|  |TAMS 0x00000000e4f00000, 0x00000000e4e00000| Untracked 
|  79|0x00000000e4f00000, 0x00000000e5000000, 0x00000000e5000000|100%| O|  |TAMS 0x00000000e5000000, 0x00000000e4f00000| Untracked 
|  80|0x00000000e5000000, 0x00000000e5100000, 0x00000000e5100000|100%| O|  |TAMS 0x00000000e5100000, 0x00000000e5000000| Untracked 
|  81|0x00000000e5100000, 0x00000000e5200000, 0x00000000e5200000|100%| O|  |TAMS 0x00000000e5200000, 0x00000000e5100000| Untracked 
|  82|0x00000000e5200000, 0x00000000e5300000, 0x00000000e5300000|100%| O|  |TAMS 0x00000000e5300000, 0x00000000e5200000| Untracked 
|  83|0x00000000e5300000, 0x00000000e5400000, 0x00000000e5400000|100%| O|  |TAMS 0x00000000e53cf000, 0x00000000e5300000| Untracked 
|  84|0x00000000e5400000, 0x00000000e5500000, 0x00000000e5500000|100%| O|  |TAMS 0x00000000e5400000, 0x00000000e5400000| Untracked 
|  85|0x00000000e5500000, 0x00000000e5600000, 0x00000000e5600000|100%| O|  |TAMS 0x00000000e5500000, 0x00000000e5500000| Untracked 
|  86|0x00000000e5600000, 0x00000000e5700000, 0x00000000e5700000|100%| O|  |TAMS 0x00000000e5600000, 0x00000000e5600000| Untracked 
|  87|0x00000000e5700000, 0x00000000e5800000, 0x00000000e5800000|100%| O|  |TAMS 0x00000000e5700000, 0x00000000e5700000| Untracked 
|  88|0x00000000e5800000, 0x00000000e5900000, 0x00000000e5900000|100%| O|  |TAMS 0x00000000e5800000, 0x00000000e5800000| Untracked 
|  89|0x00000000e5900000, 0x00000000e5a00000, 0x00000000e5a00000|100%| O|  |TAMS 0x00000000e5900000, 0x00000000e5900000| Untracked 
|  90|0x00000000e5a00000, 0x00000000e5b00000, 0x00000000e5b00000|100%| O|  |TAMS 0x00000000e5a00000, 0x00000000e5a00000| Untracked 
|  91|0x00000000e5b00000, 0x00000000e5c00000, 0x00000000e5c00000|100%| O|  |TAMS 0x00000000e5b00000, 0x00000000e5b00000| Untracked 
|  92|0x00000000e5c00000, 0x00000000e5d00000, 0x00000000e5d00000|100%| O|  |TAMS 0x00000000e5c00000, 0x00000000e5c00000| Untracked 
|  93|0x00000000e5d00000, 0x00000000e5e00000, 0x00000000e5e00000|100%| O|  |TAMS 0x00000000e5d00000, 0x00000000e5d00000| Untracked 
|  94|0x00000000e5e00000, 0x00000000e5f00000, 0x00000000e5f00000|100%| O|  |TAMS 0x00000000e5e00000, 0x00000000e5e00000| Untracked 
|  95|0x00000000e5f00000, 0x00000000e6000000, 0x00000000e6000000|100%| O|  |TAMS 0x00000000e5f00000, 0x00000000e5f00000| Untracked 
|  96|0x00000000e6000000, 0x00000000e6100000, 0x00000000e6100000|100%| O|  |TAMS 0x00000000e6000000, 0x00000000e6000000| Untracked 
|  97|0x00000000e6100000, 0x00000000e6200000, 0x00000000e6200000|100%| O|  |TAMS 0x00000000e6100000, 0x00000000e6100000| Untracked 
|  98|0x00000000e6200000, 0x00000000e6300000, 0x00000000e6300000|100%| O|  |TAMS 0x00000000e6200000, 0x00000000e6200000| Untracked 
|  99|0x00000000e6300000, 0x00000000e6400000, 0x00000000e6400000|100%| O|  |TAMS 0x00000000e6300000, 0x00000000e6300000| Untracked 
| 100|0x00000000e6400000, 0x00000000e6500000, 0x00000000e6500000|100%| O|  |TAMS 0x00000000e6500000, 0x00000000e6400000| Untracked 
| 101|0x00000000e6500000, 0x00000000e6600000, 0x00000000e6600000|100%| O|  |TAMS 0x00000000e6500000, 0x00000000e6500000| Untracked 
| 102|0x00000000e6600000, 0x00000000e6700000, 0x00000000e6700000|100%| O|  |TAMS 0x00000000e6700000, 0x00000000e6600000| Untracked 
| 103|0x00000000e6700000, 0x00000000e6800000, 0x00000000e6800000|100%| O|  |TAMS 0x00000000e6800000, 0x00000000e6700000| Untracked 
| 104|0x00000000e6800000, 0x00000000e6900000, 0x00000000e6900000|100%| O|  |TAMS 0x00000000e6900000, 0x00000000e6800000| Untracked 
| 105|0x00000000e6900000, 0x00000000e6a00000, 0x00000000e6a00000|100%| O|  |TAMS 0x00000000e6900000, 0x00000000e6900000| Untracked 
| 106|0x00000000e6a00000, 0x00000000e6b00000, 0x00000000e6b00000|100%| O|  |TAMS 0x00000000e6a00000, 0x00000000e6a00000| Untracked 
| 107|0x00000000e6b00000, 0x00000000e6c00000, 0x00000000e6c00000|100%| O|  |TAMS 0x00000000e6b00000, 0x00000000e6b00000| Untracked 
| 108|0x00000000e6c00000, 0x00000000e6d00000, 0x00000000e6d00000|100%| O|  |TAMS 0x00000000e6c00000, 0x00000000e6c00000| Untracked 
| 109|0x00000000e6d00000, 0x00000000e6e00000, 0x00000000e6e00000|100%| O|  |TAMS 0x00000000e6d00000, 0x00000000e6d00000| Untracked 
| 110|0x00000000e6e00000, 0x00000000e6f00000, 0x00000000e6f00000|100%| O|  |TAMS 0x00000000e6e00000, 0x00000000e6e00000| Untracked 
| 111|0x00000000e6f00000, 0x00000000e7000000, 0x00000000e7000000|100%| O|  |TAMS 0x00000000e6f00000, 0x00000000e6f00000| Untracked 
| 112|0x00000000e7000000, 0x00000000e7100000, 0x00000000e7100000|100%| O|  |TAMS 0x00000000e7000000, 0x00000000e7000000| Untracked 
| 113|0x00000000e7100000, 0x00000000e7200000, 0x00000000e7200000|100%| O|  |TAMS 0x00000000e7100000, 0x00000000e7100000| Untracked 
| 114|0x00000000e7200000, 0x00000000e7300000, 0x00000000e7300000|100%| O|  |TAMS 0x00000000e7200000, 0x00000000e7200000| Untracked 
| 115|0x00000000e7300000, 0x00000000e7400000, 0x00000000e7400000|100%| O|  |TAMS 0x00000000e7300000, 0x00000000e7300000| Untracked 
| 116|0x00000000e7400000, 0x00000000e7500000, 0x00000000e7500000|100%| O|  |TAMS 0x00000000e7400000, 0x00000000e7400000| Untracked 
| 117|0x00000000e7500000, 0x00000000e7600000, 0x00000000e7600000|100%| O|  |TAMS 0x00000000e7500000, 0x00000000e7500000| Untracked 
| 118|0x00000000e7600000, 0x00000000e7700000, 0x00000000e7700000|100%| O|  |TAMS 0x00000000e7600000, 0x00000000e7600000| Untracked 
| 119|0x00000000e7700000, 0x00000000e7800000, 0x00000000e7800000|100%| O|  |TAMS 0x00000000e7700000, 0x00000000e7700000| Untracked 
| 120|0x00000000e7800000, 0x00000000e7900000, 0x00000000e7900000|100%| O|  |TAMS 0x00000000e7800000, 0x00000000e7800000| Untracked 
| 121|0x00000000e7900000, 0x00000000e7a00000, 0x00000000e7a00000|100%| O|  |TAMS 0x00000000e7900000, 0x00000000e7900000| Untracked 
| 122|0x00000000e7a00000, 0x00000000e7b00000, 0x00000000e7b00000|100%| O|  |TAMS 0x00000000e7a00000, 0x00000000e7a00000| Untracked 
| 123|0x00000000e7b00000, 0x00000000e7c00000, 0x00000000e7c00000|100%| O|  |TAMS 0x00000000e7b00000, 0x00000000e7b00000| Untracked 
| 124|0x00000000e7c00000, 0x00000000e7d00000, 0x00000000e7d00000|100%| O|  |TAMS 0x00000000e7c00000, 0x00000000e7c00000| Untracked 
| 125|0x00000000e7d00000, 0x00000000e7e00000, 0x00000000e7e00000|100%| O|  |TAMS 0x00000000e7d00000, 0x00000000e7d00000| Untracked 
| 126|0x00000000e7e00000, 0x00000000e7f00000, 0x00000000e7f00000|100%| O|  |TAMS 0x00000000e7e00000, 0x00000000e7e00000| Untracked 
| 127|0x00000000e7f00000, 0x00000000e8000000, 0x00000000e8000000|100%| O|  |TAMS 0x00000000e7f00000, 0x00000000e7f00000| Untracked 
| 128|0x00000000e8000000, 0x00000000e8100000, 0x00000000e8100000|100%| O|  |TAMS 0x00000000e8000000, 0x00000000e8000000| Untracked 
| 129|0x00000000e8100000, 0x00000000e8200000, 0x00000000e8200000|100%| O|  |TAMS 0x00000000e8100000, 0x00000000e8100000| Untracked 
| 130|0x00000000e8200000, 0x00000000e8300000, 0x00000000e8300000|100%| O|  |TAMS 0x00000000e8200000, 0x00000000e8200000| Untracked 
| 131|0x00000000e8300000, 0x00000000e8400000, 0x00000000e8400000|100%| O|  |TAMS 0x00000000e8300000, 0x00000000e8300000| Untracked 
| 132|0x00000000e8400000, 0x00000000e8500000, 0x00000000e8500000|100%| O|  |TAMS 0x00000000e8400000, 0x00000000e8400000| Untracked 
| 133|0x00000000e8500000, 0x00000000e8600000, 0x00000000e8600000|100%| O|  |TAMS 0x00000000e8500000, 0x00000000e8500000| Untracked 
| 134|0x00000000e8600000, 0x00000000e8700000, 0x00000000e8700000|100%| O|  |TAMS 0x00000000e8600000, 0x00000000e8600000| Untracked 
| 135|0x00000000e8700000, 0x00000000e8800000, 0x00000000e8800000|100%| O|  |TAMS 0x00000000e8700000, 0x00000000e8700000| Untracked 
| 136|0x00000000e8800000, 0x00000000e8880000, 0x00000000e8900000| 50%| O|  |TAMS 0x00000000e8800000, 0x00000000e8800000| Untracked 
| 137|0x00000000e8900000, 0x00000000e8900000, 0x00000000e8a00000|  0%| F|  |TAMS 0x00000000e8900000, 0x00000000e8900000| Untracked 
| 138|0x00000000e8a00000, 0x00000000e8a00000, 0x00000000e8b00000|  0%| F|  |TAMS 0x00000000e8a00000, 0x00000000e8a00000| Untracked 
| 139|0x00000000e8b00000, 0x00000000e8b00000, 0x00000000e8c00000|  0%| F|  |TAMS 0x00000000e8b00000, 0x00000000e8b00000| Untracked 
| 140|0x00000000e8c00000, 0x00000000e8c00000, 0x00000000e8d00000|  0%| F|  |TAMS 0x00000000e8c00000, 0x00000000e8c00000| Untracked 
| 141|0x00000000e8d00000, 0x00000000e8d00000, 0x00000000e8e00000|  0%| F|  |TAMS 0x00000000e8d00000, 0x00000000e8d00000| Untracked 
| 142|0x00000000e8e00000, 0x00000000e8e00000, 0x00000000e8f00000|  0%| F|  |TAMS 0x00000000e8e00000, 0x00000000e8e00000| Untracked 
| 143|0x00000000e8f00000, 0x00000000e8f00000, 0x00000000e9000000|  0%| F|  |TAMS 0x00000000e8f00000, 0x00000000e8f00000| Untracked 
| 144|0x00000000e9000000, 0x00000000e9000000, 0x00000000e9100000|  0%| F|  |TAMS 0x00000000e9000000, 0x00000000e9000000| Untracked 
| 145|0x00000000e9100000, 0x00000000e9100000, 0x00000000e9200000|  0%| F|  |TAMS 0x00000000e9100000, 0x00000000e9100000| Untracked 
| 146|0x00000000e9200000, 0x00000000e9200000, 0x00000000e9300000|  0%| F|  |TAMS 0x00000000e9200000, 0x00000000e9200000| Untracked 
| 147|0x00000000e9300000, 0x00000000e9300000, 0x00000000e9400000|  0%| F|  |TAMS 0x00000000e9300000, 0x00000000e9300000| Untracked 
| 148|0x00000000e9400000, 0x00000000e9400000, 0x00000000e9500000|  0%| F|  |TAMS 0x00000000e9400000, 0x00000000e9400000| Untracked 
| 149|0x00000000e9500000, 0x00000000e9500000, 0x00000000e9600000|  0%| F|  |TAMS 0x00000000e9500000, 0x00000000e9500000| Untracked 
| 150|0x00000000e9600000, 0x00000000e9600000, 0x00000000e9700000|  0%| F|  |TAMS 0x00000000e9600000, 0x00000000e9600000| Untracked 
| 151|0x00000000e9700000, 0x00000000e9700000, 0x00000000e9800000|  0%| F|  |TAMS 0x00000000e9700000, 0x00000000e9700000| Untracked 
| 152|0x00000000e9800000, 0x00000000e9800000, 0x00000000e9900000|  0%| F|  |TAMS 0x00000000e9800000, 0x00000000e9800000| Untracked 
| 153|0x00000000e9900000, 0x00000000e9900000, 0x00000000e9a00000|  0%| F|  |TAMS 0x00000000e9900000, 0x00000000e9900000| Untracked 
| 154|0x00000000e9a00000, 0x00000000e9a00000, 0x00000000e9b00000|  0%| F|  |TAMS 0x00000000e9a00000, 0x00000000e9a00000| Untracked 
| 155|0x00000000e9b00000, 0x00000000e9b00000, 0x00000000e9c00000|  0%| F|  |TAMS 0x00000000e9b00000, 0x00000000e9b00000| Untracked 
| 156|0x00000000e9c00000, 0x00000000e9c00000, 0x00000000e9d00000|  0%| F|  |TAMS 0x00000000e9c00000, 0x00000000e9c00000| Untracked 
| 157|0x00000000e9d00000, 0x00000000e9d00000, 0x00000000e9e00000|  0%| F|  |TAMS 0x00000000e9d00000, 0x00000000e9d00000| Untracked 
| 158|0x00000000e9e00000, 0x00000000e9e00000, 0x00000000e9f00000|  0%| F|  |TAMS 0x00000000e9e00000, 0x00000000e9e00000| Untracked 
| 159|0x00000000e9f00000, 0x00000000e9f00000, 0x00000000ea000000|  0%| F|  |TAMS 0x00000000e9f00000, 0x00000000e9f00000| Untracked 
| 160|0x00000000ea000000, 0x00000000ea000000, 0x00000000ea100000|  0%| F|  |TAMS 0x00000000ea000000, 0x00000000ea000000| Untracked 
| 161|0x00000000ea100000, 0x00000000ea100000, 0x00000000ea200000|  0%| F|  |TAMS 0x00000000ea100000, 0x00000000ea100000| Untracked 
| 162|0x00000000ea200000, 0x00000000ea200000, 0x00000000ea300000|  0%| F|  |TAMS 0x00000000ea200000, 0x00000000ea200000| Untracked 
| 163|0x00000000ea300000, 0x00000000ea300000, 0x00000000ea400000|  0%| F|  |TAMS 0x00000000ea300000, 0x00000000ea300000| Untracked 
| 164|0x00000000ea400000, 0x00000000ea400000, 0x00000000ea500000|  0%| F|  |TAMS 0x00000000ea400000, 0x00000000ea400000| Untracked 
| 165|0x00000000ea500000, 0x00000000ea500000, 0x00000000ea600000|  0%| F|  |TAMS 0x00000000ea500000, 0x00000000ea500000| Untracked 
| 166|0x00000000ea600000, 0x00000000ea700000, 0x00000000ea700000|100%| S|CS|TAMS 0x00000000ea600000, 0x00000000ea600000| Complete 
| 167|0x00000000ea700000, 0x00000000ea700000, 0x00000000ea800000|  0%| F|  |TAMS 0x00000000ea700000, 0x00000000ea700000| Untracked 
| 168|0x00000000ea800000, 0x00000000ea800000, 0x00000000ea900000|  0%| F|  |TAMS 0x00000000ea800000, 0x00000000ea800000| Untracked 
| 169|0x00000000ea900000, 0x00000000eaa00000, 0x00000000eaa00000|100%| S|CS|TAMS 0x00000000ea900000, 0x00000000ea900000| Complete 
| 170|0x00000000eaa00000, 0x00000000eaa00000, 0x00000000eab00000|  0%| F|  |TAMS 0x00000000eaa00000, 0x00000000eaa00000| Untracked 
| 171|0x00000000eab00000, 0x00000000eac00000, 0x00000000eac00000|100%| S|CS|TAMS 0x00000000eab00000, 0x00000000eab00000| Complete 
| 172|0x00000000eac00000, 0x00000000eac00000, 0x00000000ead00000|  0%| F|  |TAMS 0x00000000eac00000, 0x00000000eac00000| Untracked 
| 173|0x00000000ead00000, 0x00000000ead00000, 0x00000000eae00000|  0%| F|  |TAMS 0x00000000ead00000, 0x00000000ead00000| Untracked 
| 174|0x00000000eae00000, 0x00000000eae00000, 0x00000000eaf00000|  0%| F|  |TAMS 0x00000000eae00000, 0x00000000eae00000| Untracked 
| 175|0x00000000eaf00000, 0x00000000eaf00000, 0x00000000eb000000|  0%| F|  |TAMS 0x00000000eaf00000, 0x00000000eaf00000| Untracked 
| 176|0x00000000eb000000, 0x00000000eb000000, 0x00000000eb100000|  0%| F|  |TAMS 0x00000000eb000000, 0x00000000eb000000| Untracked 
| 177|0x00000000eb100000, 0x00000000eb100000, 0x00000000eb200000|  0%| F|  |TAMS 0x00000000eb100000, 0x00000000eb100000| Untracked 
| 178|0x00000000eb200000, 0x00000000eb200000, 0x00000000eb300000|  0%| F|  |TAMS 0x00000000eb200000, 0x00000000eb200000| Untracked 
| 179|0x00000000eb300000, 0x00000000eb300000, 0x00000000eb400000|  0%| F|  |TAMS 0x00000000eb300000, 0x00000000eb300000| Untracked 
| 180|0x00000000eb400000, 0x00000000eb400000, 0x00000000eb500000|  0%| F|  |TAMS 0x00000000eb400000, 0x00000000eb400000| Untracked 
| 181|0x00000000eb500000, 0x00000000eb500000, 0x00000000eb600000|  0%| F|  |TAMS 0x00000000eb500000, 0x00000000eb500000| Untracked 
| 182|0x00000000eb600000, 0x00000000eb600000, 0x00000000eb700000|  0%| F|  |TAMS 0x00000000eb600000, 0x00000000eb600000| Untracked 
| 183|0x00000000eb700000, 0x00000000eb700000, 0x00000000eb800000|  0%| F|  |TAMS 0x00000000eb700000, 0x00000000eb700000| Untracked 
| 184|0x00000000eb800000, 0x00000000eb800000, 0x00000000eb900000|  0%| F|  |TAMS 0x00000000eb800000, 0x00000000eb800000| Untracked 
| 185|0x00000000eb900000, 0x00000000eb900000, 0x00000000eba00000|  0%| F|  |TAMS 0x00000000eb900000, 0x00000000eb900000| Untracked 
| 186|0x00000000eba00000, 0x00000000eba00000, 0x00000000ebb00000|  0%| F|  |TAMS 0x00000000eba00000, 0x00000000eba00000| Untracked 
| 187|0x00000000ebb00000, 0x00000000ebb00000, 0x00000000ebc00000|  0%| F|  |TAMS 0x00000000ebb00000, 0x00000000ebb00000| Untracked 
| 188|0x00000000ebc00000, 0x00000000ebc00000, 0x00000000ebd00000|  0%| F|  |TAMS 0x00000000ebc00000, 0x00000000ebc00000| Untracked 
| 189|0x00000000ebd00000, 0x00000000ebd00000, 0x00000000ebe00000|  0%| F|  |TAMS 0x00000000ebd00000, 0x00000000ebd00000| Untracked 
| 190|0x00000000ebe00000, 0x00000000ebe00000, 0x00000000ebf00000|  0%| F|  |TAMS 0x00000000ebe00000, 0x00000000ebe00000| Untracked 
| 191|0x00000000ebf00000, 0x00000000ebf00000, 0x00000000ec000000|  0%| F|  |TAMS 0x00000000ebf00000, 0x00000000ebf00000| Untracked 
| 192|0x00000000ec000000, 0x00000000ec000000, 0x00000000ec100000|  0%| F|  |TAMS 0x00000000ec000000, 0x00000000ec000000| Untracked 
| 193|0x00000000ec100000, 0x00000000ec100000, 0x00000000ec200000|  0%| F|  |TAMS 0x00000000ec100000, 0x00000000ec100000| Untracked 
| 194|0x00000000ec200000, 0x00000000ec200000, 0x00000000ec300000|  0%| F|  |TAMS 0x00000000ec200000, 0x00000000ec200000| Untracked 
| 195|0x00000000ec300000, 0x00000000ec300000, 0x00000000ec400000|  0%| F|  |TAMS 0x00000000ec300000, 0x00000000ec300000| Untracked 
| 196|0x00000000ec400000, 0x00000000ec400000, 0x00000000ec500000|  0%| F|  |TAMS 0x00000000ec400000, 0x00000000ec400000| Untracked 
| 197|0x00000000ec500000, 0x00000000ec500000, 0x00000000ec600000|  0%| F|  |TAMS 0x00000000ec500000, 0x00000000ec500000| Untracked 
| 198|0x00000000ec600000, 0x00000000ec600000, 0x00000000ec700000|  0%| F|  |TAMS 0x00000000ec600000, 0x00000000ec600000| Untracked 
| 199|0x00000000ec700000, 0x00000000ec700000, 0x00000000ec800000|  0%| F|  |TAMS 0x00000000ec700000, 0x00000000ec700000| Untracked 
| 200|0x00000000ec800000, 0x00000000ec800000, 0x00000000ec900000|  0%| F|  |TAMS 0x00000000ec800000, 0x00000000ec800000| Untracked 
| 201|0x00000000ec900000, 0x00000000ec900000, 0x00000000eca00000|  0%| F|  |TAMS 0x00000000ec900000, 0x00000000ec900000| Untracked 
| 202|0x00000000eca00000, 0x00000000eca00000, 0x00000000ecb00000|  0%| F|  |TAMS 0x00000000eca00000, 0x00000000eca00000| Untracked 
| 203|0x00000000ecb00000, 0x00000000ecb00000, 0x00000000ecc00000|  0%| F|  |TAMS 0x00000000ecb00000, 0x00000000ecb00000| Untracked 
| 204|0x00000000ecc00000, 0x00000000ecc00000, 0x00000000ecd00000|  0%| F|  |TAMS 0x00000000ecc00000, 0x00000000ecc00000| Untracked 
| 205|0x00000000ecd00000, 0x00000000ecd00000, 0x00000000ece00000|  0%| F|  |TAMS 0x00000000ecd00000, 0x00000000ecd00000| Untracked 
| 206|0x00000000ece00000, 0x00000000ece00000, 0x00000000ecf00000|  0%| F|  |TAMS 0x00000000ece00000, 0x00000000ece00000| Untracked 
| 207|0x00000000ecf00000, 0x00000000ecf00000, 0x00000000ed000000|  0%| F|  |TAMS 0x00000000ecf00000, 0x00000000ecf00000| Untracked 
| 208|0x00000000ed000000, 0x00000000ed000000, 0x00000000ed100000|  0%| F|  |TAMS 0x00000000ed000000, 0x00000000ed000000| Untracked 
| 209|0x00000000ed100000, 0x00000000ed100000, 0x00000000ed200000|  0%| F|  |TAMS 0x00000000ed100000, 0x00000000ed100000| Untracked 
| 210|0x00000000ed200000, 0x00000000ed200000, 0x00000000ed300000|  0%| F|  |TAMS 0x00000000ed200000, 0x00000000ed200000| Untracked 
| 211|0x00000000ed300000, 0x00000000ed300000, 0x00000000ed400000|  0%| F|  |TAMS 0x00000000ed300000, 0x00000000ed300000| Untracked 
| 212|0x00000000ed400000, 0x00000000ed400000, 0x00000000ed500000|  0%| F|  |TAMS 0x00000000ed400000, 0x00000000ed400000| Untracked 
| 213|0x00000000ed500000, 0x00000000ed500000, 0x00000000ed600000|  0%| F|  |TAMS 0x00000000ed500000, 0x00000000ed500000| Untracked 
| 214|0x00000000ed600000, 0x00000000ed600000, 0x00000000ed700000|  0%| F|  |TAMS 0x00000000ed600000, 0x00000000ed600000| Untracked 
| 215|0x00000000ed700000, 0x00000000ed800000, 0x00000000ed800000|100%| E|  |TAMS 0x00000000ed700000, 0x00000000ed700000| Complete 
| 216|0x00000000ed800000, 0x00000000ed900000, 0x00000000ed900000|100%| E|CS|TAMS 0x00000000ed800000, 0x00000000ed800000| Complete 
| 217|0x00000000ed900000, 0x00000000eda00000, 0x00000000eda00000|100%| E|CS|TAMS 0x00000000ed900000, 0x00000000ed900000| Complete 
| 218|0x00000000eda00000, 0x00000000edb00000, 0x00000000edb00000|100%| E|CS|TAMS 0x00000000eda00000, 0x00000000eda00000| Complete 
| 219|0x00000000edb00000, 0x00000000edc00000, 0x00000000edc00000|100%| E|CS|TAMS 0x00000000edb00000, 0x00000000edb00000| Complete 
| 220|0x00000000edc00000, 0x00000000edd00000, 0x00000000edd00000|100%| E|CS|TAMS 0x00000000edc00000, 0x00000000edc00000| Complete 
| 221|0x00000000edd00000, 0x00000000ede00000, 0x00000000ede00000|100%| E|CS|TAMS 0x00000000edd00000, 0x00000000edd00000| Complete 
| 222|0x00000000ede00000, 0x00000000edf00000, 0x00000000edf00000|100%| E|CS|TAMS 0x00000000ede00000, 0x00000000ede00000| Complete 
| 223|0x00000000edf00000, 0x00000000ee000000, 0x00000000ee000000|100%| E|CS|TAMS 0x00000000edf00000, 0x00000000edf00000| Complete 
| 224|0x00000000ee000000, 0x00000000ee100000, 0x00000000ee100000|100%| E|CS|TAMS 0x00000000ee000000, 0x00000000ee000000| Complete 
| 225|0x00000000ee100000, 0x00000000ee200000, 0x00000000ee200000|100%| E|CS|TAMS 0x00000000ee100000, 0x00000000ee100000| Complete 
| 226|0x00000000ee200000, 0x00000000ee300000, 0x00000000ee300000|100%| E|CS|TAMS 0x00000000ee200000, 0x00000000ee200000| Complete 

Card table byte_map: [0x0000028070050000,0x0000028070150000] _byte_map_base: 0x000002806f950000

Marking Bits (Prev, Next): (CMBitMap*) 0x0000028070388288, (CMBitMap*) 0x00000280703882c0
 Prev Bits: [0x0000028073e60000, 0x0000028074660000)
 Next Bits: [0x0000028074660000, 0x0000028074e60000)

Polling page: 0x000002806e150000

Metaspace:

Usage:
  Non-class:    104.02 MB capacity,   102.39 MB ( 98%) used,     1.30 MB (  1%) free+waste,   345.69 KB ( <1%) overhead. 
      Class:     15.63 MB capacity,    14.65 MB ( 94%) used,   852.37 KB (  5%) free+waste,   149.94 KB ( <1%) overhead. 
       Both:    119.65 MB capacity,   117.04 MB ( 98%) used,     2.13 MB (  2%) free+waste,   495.63 KB ( <1%) overhead. 

Virtual space:
  Non-class space:      106.00 MB reserved,     104.12 MB ( 98%) committed 
      Class space:        1.00 GB reserved,      15.75 MB (  2%) committed 
             Both:        1.10 GB reserved,     119.87 MB ( 11%) committed 

Chunk freelists:
   Non-Class:  40.00 KB
       Class:  0 bytes
        Both:  40.00 KB

MaxMetaspaceSize: 17179869184.00 GB
CompressedClassSpaceSize: 1.00 GB

CodeHeap 'non-profiled nmethods': size=120064Kb used=10695Kb max_used=10695Kb free=109368Kb
 bounds [0x0000028007ac0000, 0x0000028008540000, 0x000002800f000000]
CodeHeap 'profiled nmethods': size=120000Kb used=39867Kb max_used=39867Kb free=80132Kb
 bounds [0x0000028000590000, 0x0000028002c90000, 0x0000028007ac0000]
CodeHeap 'non-nmethods': size=5696Kb used=2342Kb max_used=2385Kb free=3353Kb
 bounds [0x0000028000000000, 0x0000028000270000, 0x0000028000590000]
 total_blobs=17754 nmethods=16773 adapters=891
 compilation: enabled
              stopped_count=0, restarted_count=0
 full_count=0

Compilation events (20 events):
Event: 235.599 Thread 0x0000028077a43000 17723       2       com.android.tools.r8.internal.Z::b (10 bytes)
Event: 235.600 Thread 0x0000028077a43000 nmethod 17723 0x0000028002c4ac10 code [0x0000028002c4adc0, 0x0000028002c4aee8]
Event: 235.600 Thread 0x0000028077a43000 17724       2       com.android.tools.r8.internal.rs::<init> (22 bytes)
Event: 235.600 Thread 0x0000028077a43000 nmethod 17724 0x0000028002c4af90 code [0x0000028002c4b140, 0x0000028002c4b2a8]
Event: 235.607 Thread 0x0000028077a43000 17725       2       java.util.TimSort::pushRun (31 bytes)
Event: 235.607 Thread 0x0000028077a43000 nmethod 17725 0x0000028002c4b390 code [0x0000028002c4b540, 0x0000028002c4b698]
Event: 235.607 Thread 0x0000028077a43000 17726       2       java.util.TimSort::gallopLeft (335 bytes)
Event: 235.610 Thread 0x0000028077a43000 nmethod 17726 0x0000028002c4b810 code [0x0000028002c4ba20, 0x0000028002c4bff8]
Event: 235.694 Thread 0x0000028077a43000 17727       2       com.android.tools.r8.internal.A8::a (26 bytes)
Event: 235.695 Thread 0x0000028077a43000 nmethod 17727 0x0000028002c4c390 code [0x0000028002c4c540, 0x0000028002c4c678]
Event: 235.699 Thread 0x0000028077a43000 17728       2       com.android.tools.r8.internal.pf::a (11 bytes)
Event: 235.700 Thread 0x0000028077a43000 nmethod 17728 0x0000028002c4c710 code [0x0000028002c4c8c0, 0x0000028002c4c9e8]
Event: 235.700 Thread 0x0000028077a43000 17729       2       com.android.tools.r8.internal.Pf::get (9 bytes)
Event: 235.701 Thread 0x0000028077a43000 nmethod 17729 0x0000028002c4ca90 code [0x0000028002c4cc40, 0x0000028002c4cd68]
Event: 235.731 Thread 0x0000028077a43000 17730       2       java.util.TreeMap$Entry::setValue (12 bytes)
Event: 235.732 Thread 0x0000028077a43000 nmethod 17730 0x0000028002c4ce10 code [0x0000028002c4cfc0, 0x0000028002c4d118]
Event: 235.742 Thread 0x0000028077a43000 17731       2       com.android.tools.r8.internal.Ne$b::equals (43 bytes)
Event: 235.742 Thread 0x0000028077a43000 nmethod 17731 0x0000028002c4d190 code [0x0000028002c4d360, 0x0000028002c4d538]
Event: 235.754 Thread 0x0000028077a43000 17732       1       com.android.tools.r8.internal.M3::n (2 bytes)
Event: 235.754 Thread 0x0000028077a43000 nmethod 17732 0x000002800852e390 code [0x000002800852e540, 0x000002800852e5f8]

GC Heap History (20 events):
Event: 164.298 GC heap before
{Heap before GC invocations=236 (full 0):
 garbage-first heap   total 232448K, used 175074K [0x00000000e0000000, 0x0000000100000000)
  region size 1024K, 65 young (66560K), 2 survivors (2048K)
 Metaspace       used 103137K, capacity 105330K, committed 105468K, reserved 1140736K
  class space    used 12792K, capacity 13640K, committed 13696K, reserved 1048576K
}
Event: 164.345 GC heap after
{Heap after GC invocations=237 (full 0):
 garbage-first heap   total 232448K, used 113327K [0x00000000e0000000, 0x0000000100000000)
  region size 1024K, 5 young (5120K), 5 survivors (5120K)
 Metaspace       used 103137K, capacity 105330K, committed 105468K, reserved 1140736K
  class space    used 12792K, capacity 13640K, committed 13696K, reserved 1048576K
}
Event: 178.547 GC heap before
{Heap before GC invocations=237 (full 0):
 garbage-first heap   total 232448K, used 179887K [0x00000000e0000000, 0x0000000100000000)
  region size 1024K, 71 young (72704K), 5 survivors (5120K)
 Metaspace       used 106429K, capacity 108695K, committed 108924K, reserved 1144832K
  class space    used 13221K, capacity 14049K, committed 14080K, reserved 1048576K
}
Event: 178.642 GC heap after
{Heap after GC invocations=238 (full 0):
 garbage-first heap   total 232448K, used 115223K [0x00000000e0000000, 0x0000000100000000)
  region size 1024K, 7 young (7168K), 7 survivors (7168K)
 Metaspace       used 106429K, capacity 108695K, committed 108924K, reserved 1144832K
  class space    used 13221K, capacity 14049K, committed 14080K, reserved 1048576K
}
Event: 201.434 GC heap before
{Heap before GC invocations=238 (full 0):
 garbage-first heap   total 232448K, used 184855K [0x00000000e0000000, 0x0000000100000000)
  region size 1024K, 76 young (77824K), 7 survivors (7168K)
 Metaspace       used 113800K, capacity 116264K, committed 116604K, reserved 1150976K
  class space    used 14323K, capacity 15240K, committed 15360K, reserved 1048576K
}
Event: 201.502 GC heap after
{Heap after GC invocations=239 (full 0):
 garbage-first heap   total 232448K, used 118544K [0x00000000e0000000, 0x0000000100000000)
  region size 1024K, 8 young (8192K), 8 survivors (8192K)
 Metaspace       used 113800K, capacity 116264K, committed 116604K, reserved 1150976K
  class space    used 14323K, capacity 15240K, committed 15360K, reserved 1048576K
}
Event: 219.473 GC heap before
{Heap before GC invocations=239 (full 0):
 garbage-first heap   total 232448K, used 190224K [0x00000000e0000000, 0x0000000100000000)
  region size 1024K, 78 young (79872K), 8 survivors (8192K)
 Metaspace       used 116568K, capacity 119154K, committed 119292K, reserved 1153024K
  class space    used 14705K, capacity 15686K, committed 15744K, reserved 1048576K
}
Event: 219.591 GC heap after
{Heap after GC invocations=240 (full 0):
 garbage-first heap   total 232448K, used 133067K [0x00000000e0000000, 0x0000000100000000)
  region size 1024K, 10 young (10240K), 10 survivors (10240K)
 Metaspace       used 116568K, capacity 119154K, committed 119292K, reserved 1153024K
  class space    used 14705K, capacity 15686K, committed 15744K, reserved 1048576K
}
Event: 221.350 GC heap before
{Heap before GC invocations=240 (full 0):
 garbage-first heap   total 232448K, used 189387K [0x00000000e0000000, 0x0000000100000000)
  region size 1024K, 65 young (66560K), 10 survivors (10240K)
 Metaspace       used 116880K, capacity 119530K, committed 119804K, reserved 1153024K
  class space    used 14744K, capacity 15719K, committed 15744K, reserved 1048576K
}
Event: 221.467 GC heap after
{Heap after GC invocations=241 (full 0):
 garbage-first heap   total 232448K, used 139776K [0x00000000e0000000, 0x0000000100000000)
  region size 1024K, 9 young (9216K), 9 survivors (9216K)
 Metaspace       used 116880K, capacity 119530K, committed 119804K, reserved 1153024K
  class space    used 14744K, capacity 15719K, committed 15744K, reserved 1048576K
}
Event: 226.802 GC heap before
{Heap before GC invocations=241 (full 0):
 garbage-first heap   total 232448K, used 189952K [0x00000000e0000000, 0x0000000100000000)
  region size 1024K, 58 young (59392K), 9 survivors (9216K)
 Metaspace       used 119225K, capacity 121870K, committed 122108K, reserved 1155072K
  class space    used 14954K, capacity 15944K, committed 16000K, reserved 1048576K
}
Event: 226.856 GC heap after
{Heap after GC invocations=242 (full 0):
 garbage-first heap   total 232448K, used 140800K [0x00000000e0000000, 0x0000000100000000)
  region size 1024K, 1 young (1024K), 1 survivors (1024K)
 Metaspace       used 119225K, capacity 121870K, committed 122108K, reserved 1155072K
  class space    used 14954K, capacity 15944K, committed 16000K, reserved 1048576K
}
Event: 229.099 GC heap before
{Heap before GC invocations=242 (full 0):
 garbage-first heap   total 232448K, used 192000K [0x00000000e0000000, 0x0000000100000000)
  region size 1024K, 51 young (52224K), 1 survivors (1024K)
 Metaspace       used 119504K, capacity 122175K, committed 122364K, reserved 1155072K
  class space    used 14975K, capacity 15978K, committed 16000K, reserved 1048576K
}
Event: 229.112 GC heap after
{Heap after GC invocations=243 (full 0):
 garbage-first heap   total 232448K, used 140800K [0x00000000e0000000, 0x0000000100000000)
  region size 1024K, 1 young (1024K), 1 survivors (1024K)
 Metaspace       used 119504K, capacity 122175K, committed 122364K, reserved 1155072K
  class space    used 14975K, capacity 15978K, committed 16000K, reserved 1048576K
}
Event: 230.826 GC heap before
{Heap before GC invocations=243 (full 0):
 garbage-first heap   total 232448K, used 193024K [0x00000000e0000000, 0x0000000100000000)
  region size 1024K, 52 young (53248K), 1 survivors (1024K)
 Metaspace       used 119646K, capacity 122312K, committed 122364K, reserved 1155072K
  class space    used 14988K, capacity 15981K, committed 16000K, reserved 1048576K
}
Event: 230.838 GC heap after
{Heap after GC invocations=244 (full 0):
 garbage-first heap   total 232448K, used 141045K [0x00000000e0000000, 0x0000000100000000)
  region size 1024K, 2 young (2048K), 2 survivors (2048K)
 Metaspace       used 119646K, capacity 122312K, committed 122364K, reserved 1155072K
  class space    used 14988K, capacity 15981K, committed 16000K, reserved 1048576K
}
Event: 232.503 GC heap before
{Heap before GC invocations=244 (full 0):
 garbage-first heap   total 232448K, used 194293K [0x00000000e0000000, 0x0000000100000000)
  region size 1024K, 54 young (55296K), 2 survivors (2048K)
 Metaspace       used 119684K, capacity 122317K, committed 122364K, reserved 1155072K
  class space    used 14988K, capacity 15982K, committed 16000K, reserved 1048576K
}
Event: 232.516 GC heap after
{Heap after GC invocations=245 (full 0):
 garbage-first heap   total 232448K, used 141147K [0x00000000e0000000, 0x0000000100000000)
  region size 1024K, 2 young (2048K), 2 survivors (2048K)
 Metaspace       used 119684K, capacity 122317K, committed 122364K, reserved 1155072K
  class space    used 14988K, capacity 15982K, committed 16000K, reserved 1048576K
}
Event: 235.480 GC heap before
{Heap before GC invocations=245 (full 0):
 garbage-first heap   total 232448K, used 195419K [0x00000000e0000000, 0x0000000100000000)
  region size 1024K, 55 young (56320K), 2 survivors (2048K)
 Metaspace       used 119740K, capacity 122388K, committed 122620K, reserved 1157120K
  class space    used 14989K, capacity 15983K, committed 16000K, reserved 1048576K
}
Event: 235.541 GC heap after
{Heap after GC invocations=246 (full 0):
 garbage-first heap   total 232448K, used 141689K [0x00000000e0000000, 0x0000000100000000)
  region size 1024K, 2 young (2048K), 2 survivors (2048K)
 Metaspace       used 119740K, capacity 122388K, committed 122620K, reserved 1157120K
  class space    used 14989K, capacity 15983K, committed 16000K, reserved 1048576K
}

Deoptimization events (20 events):
Event: 231.124 Thread 0x000002807a186800 Uncommon trap: trap_request=0xffffff76 fr.pc=0x00000280084f3884 relative=0x0000000000003744
Event: 231.124 Thread 0x000002807a186800 Uncommon trap: reason=loop_limit_check action=maybe_recompile pc=0x00000280084f3884 method=com.android.tools.r8.internal.Ph.a(I)Z @ 44 c2
Event: 231.124 Thread 0x000002807a186800 DEOPT PACKING pc=0x00000280084f3884 sp=0x000000bef4ff92e0
Event: 231.124 Thread 0x000002807a186800 DEOPT UNPACKING pc=0x0000028000026029 sp=0x000000bef4ff9170 mode 2
Event: 231.393 Thread 0x000002807a186800 Uncommon trap: trap_request=0xffffff4d fr.pc=0x0000028007c58660 relative=0x0000000000000220
Event: 231.393 Thread 0x000002807a186800 Uncommon trap: reason=unstable_if action=reinterpret pc=0x0000028007c58660 method=java.util.HashMap.getNode(ILjava/lang/Object;)Ljava/util/HashMap$Node; @ 84 c2
Event: 231.393 Thread 0x000002807a186800 DEOPT PACKING pc=0x0000028007c58660 sp=0x000000bef4ff9190
Event: 231.393 Thread 0x000002807a186800 DEOPT UNPACKING pc=0x0000028000026029 sp=0x000000bef4ff9098 mode 2
Event: 232.321 Thread 0x000002807a186800 DEOPT PACKING pc=0x0000028002b2eb89 sp=0x000000bef4ff9570
Event: 232.321 Thread 0x000002807a186800 DEOPT UNPACKING pc=0x000002800002643f sp=0x000000bef4ff8c70 mode 0
Event: 233.103 Thread 0x000002807a186800 Uncommon trap: trap_request=0xffffff76 fr.pc=0x000002800851d680 relative=0x0000000000001d40
Event: 233.103 Thread 0x000002807a186800 Uncommon trap: reason=loop_limit_check action=maybe_recompile pc=0x000002800851d680 method=com.android.tools.r8.internal.x.putAll(Ljava/util/Map;)V @ 31 c2
Event: 233.103 Thread 0x000002807a186800 DEOPT PACKING pc=0x000002800851d680 sp=0x000000bef4ff9570
Event: 233.103 Thread 0x000002807a186800 DEOPT UNPACKING pc=0x0000028000026029 sp=0x000000bef4ff9588 mode 2
Event: 233.730 Thread 0x000002807a186800 DEOPT PACKING pc=0x0000028002b529ea sp=0x000000bef4ff8f40
Event: 233.730 Thread 0x000002807a186800 DEOPT UNPACKING pc=0x000002800002643f sp=0x000000bef4ff8440 mode 0
Event: 233.942 Thread 0x000002807a186800 DEOPT PACKING pc=0x0000028002b51f6a sp=0x000000bef4ff8f40
Event: 233.942 Thread 0x000002807a186800 DEOPT UNPACKING pc=0x000002800002643f sp=0x000000bef4ff8440 mode 0
Event: 234.850 Thread 0x000002807a186800 DEOPT PACKING pc=0x0000028002b252e9 sp=0x000000bef4ff8e80
Event: 234.850 Thread 0x000002807a186800 DEOPT UNPACKING pc=0x000002800002643f sp=0x000000bef4ff83d8 mode 0

Classes redefined (0 events):
No events

Internal exceptions (20 events):
Event: 193.330 Thread 0x000002807a186800 Exception <a 'java/lang/IncompatibleClassChangeError'{0x00000000eab886b0}: Found class java.lang.Object, but interface was expected> (0x00000000eab886b0) thrown at [./src/hotspot/share/interpreter/linkResolver.cpp, line 839]
Event: 196.814 Thread 0x000002807a186800 Exception <a 'java/lang/NoSuchMethodError'{0x00000000ea61aa80}: 'java.lang.Object java.lang.invoke.DirectMethodHandle$Holder.invokeStatic(java.lang.Object, int, java.lang.Object, java.lang.Object)'> (0x00000000ea61aa80) thrown at [./src/hotspot/share/interpreter/linkResolver.cpp, line 773]
Event: 198.084 Thread 0x000002807a186800 Exception <a 'java/lang/NoSuchMethodError'{0x00000000ea492e78}: 'int java.lang.invoke.DirectMethodHandle$Holder.invokeVirtual(java.lang.Object, java.lang.Object, java.lang.Object)'> (0x00000000ea492e78) thrown at [./src/hotspot/share/interpreter/linkResolver.cpp, line 773]
Event: 198.177 Thread 0x000002807a186800 Exception <a 'java/lang/NoSuchMethodError'{0x00000000ea30e240}: 'java.lang.Object java.lang.invoke.Invokers$Holder.linkToTargetMethod(java.lang.Object, java.lang.Object, java.lang.Object, java.lang.Object, java.lang.Object, java.lang.Object, java.lang.Object)'> (0x00000000ea30e240) thrown at [./src/hotspot/share/interpreter/linkResolver.cpp, line 773]
Event: 198.408 Thread 0x000002807a186800 Exception <a 'java/lang/NoSuchMethodError'{0x00000000ea367ca8}: 'int java.lang.invoke.DirectMethodHandle$Holder.invokeSpecial(java.lang.Object, java.lang.Object, java.lang.Object, java.lang.Object, java.lang.Object)'> (0x00000000ea367ca8) thrown at [./src/hotspot/share/interpreter/linkResolver.cpp, line 773]
Event: 199.860 Thread 0x000002807a186800 Exception <a 'java/lang/NoSuchMethodError'{0x00000000ea1f48c0}: 'java.lang.Object java.lang.invoke.DirectMethodHandle$Holder.invokeVirtual(java.lang.Object, java.lang.Object, int, java.lang.Object)'> (0x00000000ea1f48c0) thrown at [./src/hotspot/share/interpreter/linkResolver.cpp, line 773]
Event: 200.052 Thread 0x000002807a186800 Exception <a 'java/lang/IncompatibleClassChangeError'{0x00000000ea0908a8}: Found class java.lang.Object, but interface was expected> (0x00000000ea0908a8) thrown at [./src/hotspot/share/interpreter/linkResolver.cpp, line 839]
Event: 200.054 Thread 0x000002807a186800 Exception <a 'java/lang/IncompatibleClassChangeError'{0x00000000ea09b118}: Found class java.lang.Object, but interface was expected> (0x00000000ea09b118) thrown at [./src/hotspot/share/interpreter/linkResolver.cpp, line 839]
Event: 200.493 Thread 0x000002807a186800 Exception <a 'java/lang/NoSuchMethodError'{0x00000000e9f6f4d0}: 'void java.lang.invoke.DirectMethodHandle$Holder.invokeVirtual(java.lang.Object, java.lang.Object, int, java.lang.Object)'> (0x00000000e9f6f4d0) thrown at [./src/hotspot/share/interpreter/linkResolver.cpp, line 773]
Event: 202.094 Thread 0x000002807a186800 Exception <a 'java/lang/NoSuchMethodError'{0x00000000ee1aebe0}: 'java.lang.Object java.lang.invoke.DirectMethodHandle$Holder.newInvokeSpecial(java.lang.Object, int)'> (0x00000000ee1aebe0) thrown at [./src/hotspot/share/interpreter/linkResolver.cpp, line 773]
Event: 204.155 Thread 0x000002807a186800 Exception <a 'java/lang/NoSuchMethodError'{0x00000000eddc62f8}: 'void java.lang.invoke.DirectMethodHandle$Holder.invokeSpecial(java.lang.Object, java.lang.Object, int, java.lang.Object, java.lang.Object, java.lang.Object, java.lang.Object)'> (0x00000000eddc62f8) thrown at [./src/hotspot/share/interpreter/linkResolver.cpp, line 773]
Event: 204.157 Thread 0x000002807a186800 Exception <a 'java/lang/NoSuchMethodError'{0x00000000eddd1ef8}: 'java.lang.Object java.lang.invoke.Invokers$Holder.linkToTargetMethod(java.lang.Object, int, java.lang.Object, java.lang.Object, java.lang.Object, java.lang.Object)'> (0x00000000eddd1ef8) thrown at [./src/hotspot/share/interpreter/linkResolver.cpp, line 773]
Event: 204.158 Thread 0x000002807a186800 Exception <a 'java/lang/NoSuchMethodError'{0x00000000eddd63a8}: 'void java.lang.invoke.DirectMethodHandle$Holder.invokeSpecial(java.lang.Object, java.lang.Object, java.lang.Object, java.lang.Object, java.lang.Object, java.lang.Object, java.lang.Object, java.lang.Object, java.lang.Object)'> (0x00000000eddd63a8) thrown at [./src/hotspot/share/interpreter/linkResolver.cpp, line 773]
Event: 204.168 Thread 0x000002807a186800 Exception <a 'java/lang/NoSuchMethodError'{0x00000000eddf1138}: 'void java.lang.invoke.DirectMethodHandle$Holder.invokeStatic(java.lang.Object, java.lang.Object, java.lang.Object, java.lang.Object, java.lang.Object, java.lang.Object, java.lang.Object, java.lang.Object)'> (0x00000000eddf1138) thrown at [./src/hotspot/share/interpreter/linkResolver.cpp, line 773]
Event: 205.033 Thread 0x000002807a186800 Exception <a 'java/lang/IncompatibleClassChangeError'{0x00000000edbdf638}: Found class java.lang.Object, but interface was expected> (0x00000000edbdf638) thrown at [./src/hotspot/share/interpreter/linkResolver.cpp, line 839]
Event: 205.616 Thread 0x000002807a186800 Exception <a 'java/lang/NoSuchMethodError'{0x00000000ed952618}: 'void java.lang.invoke.DirectMethodHandle$Holder.invokeVirtual(java.lang.Object, java.lang.Object, int)'> (0x00000000ed952618) thrown at [./src/hotspot/share/interpreter/linkResolver.cpp, line 773]
Event: 205.853 Thread 0x000002807a186800 Exception <a 'sun/nio/fs/WindowsException'{0x00000000ed9e21d8}> (0x00000000ed9e21d8) thrown at [./src/hotspot/share/prims/jni.cpp, line 615]
Event: 217.550 Thread 0x000002807a186800 Exception <a 'sun/nio/fs/WindowsException'{0x00000000ec09f780}> (0x00000000ec09f780) thrown at [./src/hotspot/share/prims/jni.cpp, line 615]
Event: 226.706 Thread 0x000002807a186800 Exception <a 'java/lang/NoSuchMethodError'{0x00000000eb3303b0}: 'java.lang.Object java.lang.invoke.DirectMethodHandle$Holder.invokeInterface(java.lang.Object, java.lang.Object, int)'> (0x00000000eb3303b0) thrown at [./src/hotspot/share/interpreter/linkResolver.cpp, line 773]
Event: 229.535 Thread 0x000002807a186800 Exception <a 'java/lang/NoSuchMethodError'{0x00000000ed89e1f0}: 'int java.lang.invoke.DirectMethodHandle$Holder.invokeInterface(java.lang.Object, java.lang.Object, int)'> (0x00000000ed89e1f0) thrown at [./src/hotspot/share/interpreter/linkResolver.cpp, line 773]

Events (20 events):
Event: 229.934 loading class com/android/tools/r8/internal/Nv
Event: 229.934 loading class com/android/tools/r8/internal/Nv done
Event: 229.979 loading class java/util/IdentityHashMap$ValueIterator
Event: 229.981 loading class java/util/IdentityHashMap$ValueIterator done
Event: 229.981 Executing VM operation: Deoptimize
Event: 229.984 Executing VM operation: Deoptimize done
Event: 229.987 loading class com/android/tools/r8/internal/ut
Event: 229.987 loading class com/android/tools/r8/internal/ut done
Event: 230.825 Executing VM operation: G1CollectForAllocation
Event: 230.838 Executing VM operation: G1CollectForAllocation done
Event: 231.773 loading class com/android/tools/r8/internal/Os
Event: 231.773 loading class com/android/tools/r8/internal/Os done
Event: 231.773 loading class com/android/tools/r8/internal/Os
Event: 231.773 loading class com/android/tools/r8/internal/Os done
Event: 232.502 Executing VM operation: G1CollectForAllocation
Event: 232.516 Executing VM operation: G1CollectForAllocation done
Event: 235.012 loading class com/android/tools/r8/internal/a5
Event: 235.012 loading class com/android/tools/r8/internal/a5 done
Event: 235.479 Executing VM operation: G1CollectForAllocation
Event: 235.541 Executing VM operation: G1CollectForAllocation done


Dynamic libraries:
0x00007ff7974b0000 - 0x00007ff7974ba000 	C:\Users\felip\OneDrive\Desktop\android-studio\jre\bin\java.exe
0x00007ff9eee70000 - 0x00007ff9ef065000 	C:\Windows\SYSTEM32\ntdll.dll
0x00007ff9e0a50000 - 0x00007ff9e0a66000 	C:\Program Files\Avast Software\Avast\aswhook.dll
0x00007ff9ecec0000 - 0x00007ff9ecf7e000 	C:\Windows\System32\KERNEL32.DLL
0x00007ff9ec870000 - 0x00007ff9ecb38000 	C:\Windows\System32\KERNELBASE.dll
0x00007ff9ec6d0000 - 0x00007ff9ec7d0000 	C:\Windows\System32\ucrtbase.dll
0x00007ff9e06b0000 - 0x00007ff9e06c7000 	C:\Users\felip\OneDrive\Desktop\android-studio\jre\bin\VCRUNTIME140.dll
0x00007ff9dec50000 - 0x00007ff9dec69000 	C:\Users\felip\OneDrive\Desktop\android-studio\jre\bin\jli.dll
0x00007ff9eec80000 - 0x00007ff9eee21000 	C:\Windows\System32\USER32.dll
0x00007ff9ece90000 - 0x00007ff9eceb2000 	C:\Windows\System32\win32u.dll
0x00007ff9ee350000 - 0x00007ff9ee37b000 	C:\Windows\System32\GDI32.dll
0x00007ff9e0400000 - 0x00007ff9e069a000 	C:\Windows\WinSxS\amd64_microsoft.windows.common-controls_6595b64144ccf1df_6.0.19041.1110_none_60b5254171f9507e\COMCTL32.dll
0x00007ff9ecd00000 - 0x00007ff9ece0b000 	C:\Windows\System32\gdi32full.dll
0x00007ff9ec7d0000 - 0x00007ff9ec86d000 	C:\Windows\System32\msvcp_win.dll
0x00007ff9ed270000 - 0x00007ff9ed30e000 	C:\Windows\System32\msvcrt.dll
0x00007ff9ed690000 - 0x00007ff9ed6c0000 	C:\Windows\System32\IMM32.DLL
0x00007ff9bd340000 - 0x00007ff9bd3dd000 	C:\Users\felip\OneDrive\Desktop\android-studio\jre\bin\msvcp140.dll
0x00007ff9b03c0000 - 0x00007ff9b0e95000 	C:\Users\felip\OneDrive\Desktop\android-studio\jre\bin\server\jvm.dll
0x00007ff9ee600000 - 0x00007ff9ee6ac000 	C:\Windows\System32\ADVAPI32.dll
0x00007ff9ed6c0000 - 0x00007ff9ed75b000 	C:\Windows\System32\sechost.dll
0x00007ff9edec0000 - 0x00007ff9edfea000 	C:\Windows\System32\RPCRT4.dll
0x00007ff9ee740000 - 0x00007ff9ee748000 	C:\Windows\System32\PSAPI.DLL
0x00007ff9d4c70000 - 0x00007ff9d4c97000 	C:\Windows\SYSTEM32\WINMM.dll
0x00007ff9e0a70000 - 0x00007ff9e0a7a000 	C:\Windows\SYSTEM32\VERSION.dll
0x00007ff9ddaf0000 - 0x00007ff9ddaf9000 	C:\Windows\SYSTEM32\WSOCK32.dll
0x00007ff9ee440000 - 0x00007ff9ee4ab000 	C:\Windows\System32\WS2_32.dll
0x00007ff9ea3b0000 - 0x00007ff9ea3c2000 	C:\Windows\SYSTEM32\kernel.appcore.dll
0x00007ff9e8050000 - 0x00007ff9e8061000 	C:\Users\felip\OneDrive\Desktop\android-studio\jre\bin\verify.dll
0x00007ff9e0860000 - 0x00007ff9e0a44000 	C:\Windows\SYSTEM32\DBGHELP.DLL
0x00007ff9e0830000 - 0x00007ff9e085c000 	C:\Windows\SYSTEM32\dbgcore.DLL
0x00007ff9ec590000 - 0x00007ff9ec613000 	C:\Windows\System32\bcryptPrimitives.dll
0x00007ff9e8000000 - 0x00007ff9e8029000 	C:\Users\felip\OneDrive\Desktop\android-studio\jre\bin\java.dll
0x00007ff9e71c0000 - 0x00007ff9e71cb000 	C:\Users\felip\OneDrive\Desktop\android-studio\jre\bin\jimage.dll
0x00007ff9e1bb0000 - 0x00007ff9e1bc8000 	C:\Users\felip\OneDrive\Desktop\android-studio\jre\bin\zip.dll
0x00007ff9ed760000 - 0x00007ff9ede9f000 	C:\Windows\System32\SHELL32.dll
0x00007ff9ea690000 - 0x00007ff9eae20000 	C:\Windows\SYSTEM32\windows.storage.dll
0x00007ff9edff0000 - 0x00007ff9ee345000 	C:\Windows\System32\combase.dll
0x00007ff9ebf10000 - 0x00007ff9ebf3e000 	C:\Windows\SYSTEM32\Wldp.dll
0x00007ff9ee750000 - 0x00007ff9ee7fd000 	C:\Windows\System32\SHCORE.dll
0x00007ff9ed130000 - 0x00007ff9ed185000 	C:\Windows\System32\shlwapi.dll
0x00007ff9ec4d0000 - 0x00007ff9ec4ef000 	C:\Windows\SYSTEM32\profapi.dll
0x00007ff9e1b20000 - 0x00007ff9e1b3a000 	C:\Users\felip\OneDrive\Desktop\android-studio\jre\bin\net.dll
0x00007ff9e37b0000 - 0x00007ff9e38bc000 	C:\Windows\SYSTEM32\WINHTTP.dll
0x00007ff9ebc70000 - 0x00007ff9ebcda000 	C:\Windows\system32\mswsock.dll
0x00007ff9e1640000 - 0x00007ff9e1654000 	C:\Users\felip\OneDrive\Desktop\android-studio\jre\bin\nio.dll
0x00007ff9dec70000 - 0x00007ff9dec97000 	C:\Users\felip\.gradle\native\8bec1ad78214c89d9ad589b4d07fe93259594b29d510b10fafb7a158f7737e5d\windows-amd64\native-platform.dll
0x00007ff9b72d0000 - 0x00007ff9b740d000 	C:\Users\felip\.gradle\native\53dbd7edfb1c66fb8903c78663c9afc45aea4f116125fa6feffd364cf09443e8\windows-amd64\native-platform-file-events.dll
0x00007ff9e6300000 - 0x00007ff9e630a000 	C:\Users\felip\OneDrive\Desktop\android-studio\jre\bin\management.dll
0x00007ff9e49a0000 - 0x00007ff9e49ad000 	C:\Users\felip\OneDrive\Desktop\android-studio\jre\bin\management_ext.dll
0x00007ff9ebe70000 - 0x00007ff9ebe88000 	C:\Windows\SYSTEM32\CRYPTSP.dll
0x00007ff9eb5f0000 - 0x00007ff9eb624000 	C:\Windows\system32\rsaenh.dll
0x00007ff9ece60000 - 0x00007ff9ece87000 	C:\Windows\System32\bcrypt.dll
0x00007ff9ec450000 - 0x00007ff9ec47e000 	C:\Windows\SYSTEM32\USERENV.dll
0x00007ff9ebe60000 - 0x00007ff9ebe6c000 	C:\Windows\SYSTEM32\CRYPTBASE.dll
0x00007ff9eb960000 - 0x00007ff9eb99b000 	C:\Windows\SYSTEM32\IPHLPAPI.DLL
0x00007ff9ee380000 - 0x00007ff9ee388000 	C:\Windows\System32\NSI.dll
0x00007ff9e6bc0000 - 0x00007ff9e6bd7000 	C:\Windows\SYSTEM32\dhcpcsvc6.DLL
0x00007ff9e5c80000 - 0x00007ff9e5c9d000 	C:\Windows\SYSTEM32\dhcpcsvc.DLL
0x00007ff9eb9a0000 - 0x00007ff9eba6b000 	C:\Windows\SYSTEM32\DNSAPI.dll
0x00007ff9eb280000 - 0x00007ff9eb2b3000 	C:\Windows\SYSTEM32\ntmarta.dll
0x00007ff9e00a0000 - 0x00007ff9e00c7000 	C:\Users\felip\OneDrive\Desktop\android-studio\jre\bin\sunec.dll
0x00007ff9df140000 - 0x00007ff9df14a000 	C:\Windows\System32\rasadhlp.dll
0x00007ff9e39c0000 - 0x00007ff9e3a3f000 	C:\Windows\System32\fwpuclnt.dll

dbghelp: loaded successfully - version: 4.0.5 - missing functions: none
symbol engine: initialized successfully - sym options: 0x614 - pdb path: .;C:\Users\felip\OneDrive\Desktop\android-studio\jre\bin;C:\Windows\SYSTEM32;C:\Program Files\Avast Software\Avast;C:\Windows\WinSxS\amd64_microsoft.windows.common-controls_6595b64144ccf1df_6.0.19041.1110_none_60b5254171f9507e;C:\Users\felip\OneDrive\Desktop\android-studio\jre\bin\server;C:\Users\felip\.gradle\native\8bec1ad78214c89d9ad589b4d07fe93259594b29d510b10fafb7a158f7737e5d\windows-amd64;C:\Users\felip\.gradle\native\53dbd7edfb1c66fb8903c78663c9afc45aea4f116125fa6feffd364cf09443e8\windows-amd64

VM Arguments:
jvm_args: --add-opens=java.base/java.util=ALL-UNNAMED --add-opens=java.base/java.lang=ALL-UNNAMED --add-opens=java.base/java.lang.invoke=ALL-UNNAMED --add-opens=java.base/java.util=ALL-UNNAMED --add-opens=java.prefs/java.util.prefs=ALL-UNNAMED --add-opens=java.prefs/java.util.prefs=ALL-UNNAMED --add-opens=java.base/java.nio.charset=ALL-UNNAMED --add-opens=java.base/java.net=ALL-UNNAMED --add-opens=java.base/java.util.concurrent.atomic=ALL-UNNAMED -Xmx512m -Dfile.encoding=UTF-8 -Duser.country=US -Duser.language=en -Duser.variant 
java_command: org.gradle.launcher.daemon.bootstrap.GradleDaemon 7.0.2
java_class_path (initial): C:\Users\felip\.gradle\wrapper\dists\gradle-7.0.2-bin\857tjihv64xamwrf0h14cai3r\gradle-7.0.2\lib\gradle-launcher-7.0.2.jar
Launcher Type: SUN_STANDARD

[Global flags]
     intx CICompilerCount                          = 2                                         {product} {ergonomic}
     uint ConcGCThreads                            = 1                                         {product} {ergonomic}
     uint G1ConcRefinementThreads                  = 2                                         {product} {ergonomic}
   size_t G1HeapRegionSize                         = 1048576                                   {product} {ergonomic}
    uintx GCDrainStackTargetSize                   = 64                                        {product} {ergonomic}
   size_t InitialHeapSize                          = 67108864                                  {product} {ergonomic}
   size_t MarkStackSize                            = 4194304                                   {product} {ergonomic}
   size_t MaxHeapSize                              = 536870912                                 {product} {command line}
   size_t MaxNewSize                               = 321912832                                 {product} {ergonomic}
   size_t MinHeapDeltaBytes                        = 1048576                                   {product} {ergonomic}
    uintx NonNMethodCodeHeapSize                   = 5825164                                {pd product} {ergonomic}
    uintx NonProfiledCodeHeapSize                  = 122916538                              {pd product} {ergonomic}
    uintx ProfiledCodeHeapSize                     = 122916538                              {pd product} {ergonomic}
    uintx ReservedCodeCacheSize                    = 251658240                              {pd product} {ergonomic}
     bool SegmentedCodeCache                       = true                                      {product} {ergonomic}
     bool UseCompressedClassPointers               = true                                 {lp64_product} {ergonomic}
     bool UseCompressedOops                        = true                                 {lp64_product} {ergonomic}
     bool UseG1GC                                  = true                                      {product} {ergonomic}
     bool UseLargePagesIndividualAllocation        = false                                  {pd product} {ergonomic}

Logging:
Log output configuration:
 #0: stdout all=warning uptime,level,tags
 #1: stderr all=off uptime,level,tags

Environment Variables:
PATH=C:\Program Files\Common Files\Oracle\Java\javapath;C:\Program Files (x86)\Common Files\Oracle\Java\javapath;C:\Windows\system32;C:\Windows;C:\Windows\System32\Wbem;C:\Windows\System32\WindowsPowerShell\v1.0\;C:\Windows\System32\OpenSSH\;C:\ProgramData\chocolatey\bin;C:\Program Files (x86)\Yarn\bin\;C:\Program Files\Git\cmd;C:\Program Files\nodejs\;C:\Users\felip\AppData\Local\Microsoft\WindowsApps;C:\Users\felip\AppData\Local\Programs\Microsoft VS Code\bin;C:\Users\felip\AppData\Local\Yarn\bin;C:\Users\felip\AppData\Local\GitHubDesktop\bin;C:\Users\felip\AppData\Roaming\npm
USERNAME=felip
OS=Windows_NT
PROCESSOR_IDENTIFIER=Intel64 Family 6 Model 23 Stepping 10, GenuineIntel



---------------  S Y S T E M  ---------------

OS: Windows 10 , 64 bit Build 19041 (10.0.19041.1348)
OS uptime: 0 days 13:35 hours

CPU:total 2 (initial active 2) (2 cores per cpu, 1 threads per core) family 6 model 23 stepping 10 microcode 0xa0c, cmov, cx8, fxsr, mmx, sse, sse2, sse3, ssse3, tsc

Memory: 4k page, system-wide physical 4061M (38M free)
TotalPageFile size 4061M (AvailPageFile size 1M)
current process WorkingSet (physical memory assigned to process): 201M, peak: 351M
current process commit charge ("private bytes"): 609M, peak: 609M

vm_info: OpenJDK 64-Bit Server VM (11.0.11+9-b60-7590822) for windows-amd64 JRE (11.0.11+9-b60-7590822), built on Jul 29 2021 21:43:44 by "builder" with MS VC++ 14.0 (VS2015)

END.
