#
# There is insufficient memory for the Java Runtime Environment to continue.
# Native memory allocation (malloc) failed to allocate 2135856 bytes for Chunk::new
# Possible reasons:
#   The system is out of physical RAM or swap space
#   The process is running with CompressedOops enabled, and the Java Heap may be blocking the growth of the native heap
# Possible solutions:
#   Reduce memory load on the system
#   Increase physical memory or swap space
#   Check if swap backing store is full
#   Decrease Java heap size (-Xmx/-Xms)
#   Decrease number of Java threads
#   Decrease Java thread stack sizes (-Xss)
#   Set larger code cache with -XX:ReservedCodeCacheSize=
#   JVM is running with Unscaled Compressed Oops mode in which the Java heap is
#     placed in the first 4GB address space. The Java Heap base address is the
#     maximum limit for the native heap growth. Please use -XX:HeapBaseMinAddress
#     to set the Java Heap base and to place the Java Heap above 4GB virtual address.
# This output file may be truncated or incomplete.
#
#  Out of Memory Error (./src/hotspot/share/memory/arena.cpp:197), pid=1572, tid=5328
#
# JRE version: OpenJDK Runtime Environment (11.0.11+9) (build 11.0.11+9-b60-7590822)
# Java VM: OpenJDK 64-Bit Server VM (11.0.11+9-b60-7590822, mixed mode, tiered, compressed oops, g1 gc, windows-amd64)
# No core dump will be written. Minidumps are not enabled by default on client versions of Windows
#

---------------  S U M M A R Y ------------

Command Line: --add-opens=java.base/java.util=ALL-UNNAMED --add-opens=java.base/java.lang=ALL-UNNAMED --add-opens=java.base/java.lang.invoke=ALL-UNNAMED --add-opens=java.base/java.util=ALL-UNNAMED --add-opens=java.prefs/java.util.prefs=ALL-UNNAMED --add-opens=java.prefs/java.util.prefs=ALL-UNNAMED --add-opens=java.base/java.nio.charset=ALL-UNNAMED --add-opens=java.base/java.net=ALL-UNNAMED --add-opens=java.base/java.util.concurrent.atomic=ALL-UNNAMED -Xmx2048m -Dfile.encoding=UTF-8 -Duser.country=US -Duser.language=en -Duser.variant org.gradle.launcher.daemon.bootstrap.GradleDaemon 7.0.2

Host: Celeron(R) Dual-Core CPU       T3500  @ 2.10GHz, 2 cores, 3G,  Windows 10 , 64 bit Build 19041 (10.0.19041.1202)
Time: Wed Nov  3 10:36:34 2021 E. South America Standard Time elapsed time: 55.286671 seconds (0d 0h 0m 55s)

---------------  T H R E A D  ---------------

Current thread (0x000001c741190000):  JavaThread "C2 CompilerThread0" daemon [_thread_in_native, id=5328, stack(0x000000756c700000,0x000000756c800000)]


Current CompileTask:
C2:  55287 5176       4       org.codehaus.groovy.runtime.metaclass.MetaMethodIndex::addMethodToList (131 bytes)

Stack: [0x000000756c700000,0x000000756c800000]
Native frames: (J=compiled Java code, j=interpreted, Vv=VM code, C=native code)
V  [jvm.dll+0x5f214a]
V  [jvm.dll+0x726fb5]
V  [jvm.dll+0x7285cd]
V  [jvm.dll+0x728c83]
V  [jvm.dll+0x243278]
V  [jvm.dll+0xbc53c]
V  [jvm.dll+0xbca3c]
V  [jvm.dll+0x353e7d]
V  [jvm.dll+0x321893]
V  [jvm.dll+0x320d8a]
V  [jvm.dll+0x1fc1e2]
V  [jvm.dll+0x1fb3d4]
V  [jvm.dll+0x183d6c]
V  [jvm.dll+0x209a57]
V  [jvm.dll+0x2082a1]
V  [jvm.dll+0x6ef58f]
V  [jvm.dll+0x6e80b5]
V  [jvm.dll+0x5f1036]
C  [ucrtbase.dll+0x21bb2]
C  [KERNEL32.DLL+0x17034]
C  [ntdll.dll+0x52651]


---------------  P R O C E S S  ---------------

Threads class SMR info:
_java_thread_list=0x000001c7439c15f0, length=33, elements={
0x000001c727a92000, 0x000001c741125800, 0x000001c74112f800, 0x000001c741182000,
0x000001c741186800, 0x000001c741188000, 0x000001c741190000, 0x000001c741192000,
0x000001c741194800, 0x000001c741bf6800, 0x000001c743880800, 0x000001c742c09800,
0x000001c742c0a800, 0x000001c742ddd000, 0x000001c742ff5800, 0x000001c742d1f800,
0x000001c742c31000, 0x000001c742df4000, 0x000001c742a71800, 0x000001c741f60000,
0x000001c741f5a000, 0x000001c741f5b800, 0x000001c741f60800, 0x000001c741f5b000,
0x000001c741f5c800, 0x000001c741f5d800, 0x000001c741f5e000, 0x000001c741f5f000,
0x000001c743cfe000, 0x000001c743cfd000, 0x000001c743cfc800, 0x000001c743cf8800,
0x000001c743cfa800
}

Java Threads: ( => current thread )
  0x000001c727a92000 JavaThread "main" [_thread_blocked, id=4292, stack(0x000000756bb00000,0x000000756bc00000)]
  0x000001c741125800 JavaThread "Reference Handler" daemon [_thread_blocked, id=9724, stack(0x000000756c200000,0x000000756c300000)]
  0x000001c74112f800 JavaThread "Finalizer" daemon [_thread_blocked, id=8300, stack(0x000000756c300000,0x000000756c400000)]
  0x000001c741182000 JavaThread "Signal Dispatcher" daemon [_thread_blocked, id=4152, stack(0x000000756c400000,0x000000756c500000)]
  0x000001c741186800 JavaThread "Attach Listener" daemon [_thread_blocked, id=7584, stack(0x000000756c500000,0x000000756c600000)]
  0x000001c741188000 JavaThread "Service Thread" daemon [_thread_blocked, id=9536, stack(0x000000756c600000,0x000000756c700000)]
=>0x000001c741190000 JavaThread "C2 CompilerThread0" daemon [_thread_in_native, id=5328, stack(0x000000756c700000,0x000000756c800000)]
  0x000001c741192000 JavaThread "C1 CompilerThread0" daemon [_thread_blocked, id=9792, stack(0x000000756c800000,0x000000756c900000)]
  0x000001c741194800 JavaThread "Sweeper thread" daemon [_thread_blocked, id=8188, stack(0x000000756c900000,0x000000756ca00000)]
  0x000001c741bf6800 JavaThread "Common-Cleaner" daemon [_thread_blocked, id=6640, stack(0x000000756ca00000,0x000000756cb00000)]
  0x000001c743880800 JavaThread "Daemon health stats" [_thread_blocked, id=4600, stack(0x000000756cd00000,0x000000756ce00000)]
  0x000001c742c09800 JavaThread "Incoming local TCP Connector on port 8866" [_thread_in_native, id=10220, stack(0x000000756ce00000,0x000000756cf00000)]
  0x000001c742c0a800 JavaThread "Daemon periodic checks" [_thread_blocked, id=10144, stack(0x000000756cf00000,0x000000756d000000)]
  0x000001c742ddd000 JavaThread "Daemon" [_thread_blocked, id=4516, stack(0x000000756d000000,0x000000756d100000)]
  0x000001c742ff5800 JavaThread "Handler for socket connection from /127.0.0.1:8866 to /127.0.0.1:8867" [_thread_in_native, id=9612, stack(0x000000756d100000,0x000000756d200000)]
  0x000001c742d1f800 JavaThread "Cancel handler" [_thread_blocked, id=4100, stack(0x000000756d200000,0x000000756d300000)]
  0x000001c742c31000 JavaThread "Daemon worker" [_thread_in_native, id=3056, stack(0x000000756d300000,0x000000756d400000)]
  0x000001c742df4000 JavaThread "Asynchronous log dispatcher for DefaultDaemonConnection: socket connection from /127.0.0.1:8866 to /127.0.0.1:8867" [_thread_blocked, id=9544, stack(0x000000756d400000,0x000000756d500000)]
  0x000001c742a71800 JavaThread "Stdin handler" [_thread_blocked, id=8532, stack(0x000000756d500000,0x000000756d600000)]
  0x000001c741f60000 JavaThread "Daemon client event forwarder" [_thread_blocked, id=5508, stack(0x000000756d600000,0x000000756d700000)]
  0x000001c741f5a000 JavaThread "Cache worker for file hash cache (C:\Users\felip\.gradle\caches\7.0.2\fileHashes)" [_thread_blocked, id=1280, stack(0x000000756d700000,0x000000756d800000)]
  0x000001c741f5b800 JavaThread "File lock request listener" [_thread_in_native, id=7420, stack(0x000000756d800000,0x000000756d900000)]
  0x000001c741f60800 JavaThread "Cache worker for journal cache (C:\Users\felip\.gradle\caches\journal-1)" [_thread_blocked, id=3224, stack(0x000000756d900000,0x000000756da00000)]
  0x000001c741f5b000 JavaThread "Cache worker for file hash cache (C:\Users\felip\AndroidStudioProjects\VideoApp\.gradle\7.0.2\fileHashes)" [_thread_blocked, id=10148, stack(0x000000756da00000,0x000000756db00000)]
  0x000001c741f5c800 JavaThread "File watcher server" daemon [_thread_in_native, id=9688, stack(0x000000756db00000,0x000000756dc00000)]
  0x000001c741f5d800 JavaThread "File watcher consumer" daemon [_thread_blocked, id=9916, stack(0x000000756dc00000,0x000000756dd00000)]
  0x000001c741f5e000 JavaThread "jar transforms" [_thread_blocked, id=9604, stack(0x000000756dd00000,0x000000756de00000)]
  0x000001c741f5f000 JavaThread "jar transforms Thread 2" [_thread_blocked, id=8116, stack(0x000000756de00000,0x000000756df00000)]
  0x000001c743cfe000 JavaThread "Cache worker for checksums cache (C:\Users\felip\AndroidStudioProjects\VideoApp\.gradle\checksums)" [_thread_blocked, id=3476, stack(0x000000756df00000,0x000000756e000000)]
  0x000001c743cfd000 JavaThread "Cache worker for cache directory md-supplier (C:\Users\felip\.gradle\caches\7.0.2\md-supplier)" [_thread_blocked, id=9556, stack(0x000000756e000000,0x000000756e100000)]
  0x000001c743cfc800 JavaThread "Cache worker for cache directory md-rule (C:\Users\felip\.gradle\caches\7.0.2\md-rule)" [_thread_blocked, id=8536, stack(0x000000756e100000,0x000000756e200000)]
  0x000001c743cf8800 JavaThread "Cache worker for execution history cache (C:\Users\felip\.gradle\caches\7.0.2\executionHistory)" [_thread_blocked, id=4968, stack(0x000000756e200000,0x000000756e300000)]
  0x000001c743cfa800 JavaThread "Cache worker for file content cache (C:\Users\felip\.gradle\caches\7.0.2\fileContent)" [_thread_blocked, id=5028, stack(0x000000756e300000,0x000000756e400000)]

Other Threads:
  0x000001c74111f800 VMThread "VM Thread" [stack: 0x000000756c100000,0x000000756c200000] [id=4944]
  0x000001c741bfc000 WatcherThread [stack: 0x000000756cb00000,0x000000756cc00000] [id=9992]
  0x000001c727aaa800 GCTaskThread "GC Thread#0" [stack: 0x000000756bc00000,0x000000756bd00000] [id=1484]
  0x000001c741b09000 GCTaskThread "GC Thread#1" [stack: 0x000000756cc00000,0x000000756cd00000] [id=4504]
  0x000001c727adb000 ConcurrentGCThread "G1 Main Marker" [stack: 0x000000756bd00000,0x000000756be00000] [id=1032]
  0x000001c727ade800 ConcurrentGCThread "G1 Conc#0" [stack: 0x000000756be00000,0x000000756bf00000] [id=4892]
  0x000001c727b30800 ConcurrentGCThread "G1 Refine#0" [stack: 0x000000756bf00000,0x000000756c000000] [id=9768]
  0x000001c727b31800 ConcurrentGCThread "G1 Young RemSet Sampling" [stack: 0x000000756c000000,0x000000756c100000] [id=928]

Threads with active compile tasks:
C2 CompilerThread0  55759 5176       4       org.codehaus.groovy.runtime.metaclass.MetaMethodIndex::addMethodToList (131 bytes)

VM state:not at safepoint (normal execution)

VM Mutex/Monitor currently owned by a thread: None

Heap address: 0x0000000080000000, size: 2048 MB, Compressed Oops mode: 32-bit
Narrow klass base: 0x0000000000000000, Narrow klass shift: 3
Compressed class space size: 1073741824 Address: 0x0000000100000000

Heap:
 garbage-first heap   total 95232K, used 59165K [0x0000000080000000, 0x0000000100000000)
  region size 1024K, 12 young (12288K), 3 survivors (3072K)
 Metaspace       used 48852K, capacity 50300K, committed 50432K, reserved 1093632K
  class space    used 6274K, capacity 6795K, committed 6912K, reserved 1048576K
Heap Regions: E=young(eden), S=young(survivor), O=old, HS=humongous(starts), HC=humongous(continues), CS=collection set, F=free, A=archive, TAMS=top-at-mark-start (previous, next)
|   0|0x0000000080000000, 0x0000000080100000, 0x0000000080100000|100%| O|  |TAMS 0x0000000080100000, 0x0000000080000000| Untracked 
|   1|0x0000000080100000, 0x0000000080200000, 0x0000000080200000|100%| O|  |TAMS 0x0000000080200000, 0x0000000080100000| Untracked 
|   2|0x0000000080200000, 0x0000000080300000, 0x0000000080300000|100%| O|  |TAMS 0x0000000080300000, 0x0000000080200000| Untracked 
|   3|0x0000000080300000, 0x0000000080400000, 0x0000000080400000|100%| O|  |TAMS 0x0000000080400000, 0x0000000080300000| Untracked 
|   4|0x0000000080400000, 0x0000000080500000, 0x0000000080500000|100%|HS|  |TAMS 0x0000000080500000, 0x0000000080400000| Complete 
|   5|0x0000000080500000, 0x0000000080600000, 0x0000000080600000|100%|HC|  |TAMS 0x0000000080600000, 0x0000000080500000| Complete 
|   6|0x0000000080600000, 0x0000000080700000, 0x0000000080700000|100%|HC|  |TAMS 0x0000000080700000, 0x0000000080600000| Complete 
|   7|0x0000000080700000, 0x0000000080800000, 0x0000000080800000|100%| O|  |TAMS 0x0000000080800000, 0x0000000080700000| Untracked 
|   8|0x0000000080800000, 0x0000000080900000, 0x0000000080900000|100%| O|  |TAMS 0x0000000080900000, 0x0000000080800000| Untracked 
|   9|0x0000000080900000, 0x0000000080a00000, 0x0000000080a00000|100%| O|  |TAMS 0x0000000080a00000, 0x0000000080900000| Untracked 
|  10|0x0000000080a00000, 0x0000000080b00000, 0x0000000080b00000|100%| O|  |TAMS 0x0000000080b00000, 0x0000000080a00000| Untracked 
|  11|0x0000000080b00000, 0x0000000080c00000, 0x0000000080c00000|100%| O|  |TAMS 0x0000000080c00000, 0x0000000080b00000| Untracked 
|  12|0x0000000080c00000, 0x0000000080d00000, 0x0000000080d00000|100%| O|  |TAMS 0x0000000080d00000, 0x0000000080c00000| Untracked 
|  13|0x0000000080d00000, 0x0000000080e00000, 0x0000000080e00000|100%| O|  |TAMS 0x0000000080e00000, 0x0000000080d00000| Untracked 
|  14|0x0000000080e00000, 0x0000000080f00000, 0x0000000080f00000|100%| O|  |TAMS 0x0000000080f00000, 0x0000000080e00000| Untracked 
|  15|0x0000000080f00000, 0x0000000081000000, 0x0000000081000000|100%| O|  |TAMS 0x0000000081000000, 0x0000000080f00000| Untracked 
|  16|0x0000000081000000, 0x0000000081100000, 0x0000000081100000|100%|HS|  |TAMS 0x0000000081100000, 0x0000000081000000| Complete 
|  17|0x0000000081100000, 0x0000000081200000, 0x0000000081200000|100%|HC|  |TAMS 0x0000000081200000, 0x0000000081100000| Complete 
|  18|0x0000000081200000, 0x0000000081300000, 0x0000000081300000|100%|HS|  |TAMS 0x0000000081300000, 0x0000000081200000| Complete 
|  19|0x0000000081300000, 0x0000000081400000, 0x0000000081400000|100%|HC|  |TAMS 0x0000000081400000, 0x0000000081300000| Complete 
|  20|0x0000000081400000, 0x0000000081500000, 0x0000000081500000|100%|HC|  |TAMS 0x0000000081500000, 0x0000000081400000| Complete 
|  21|0x0000000081500000, 0x0000000081600000, 0x0000000081600000|100%|HS|  |TAMS 0x0000000081600000, 0x0000000081500000| Complete 
|  22|0x0000000081600000, 0x0000000081700000, 0x0000000081700000|100%|HC|  |TAMS 0x0000000081700000, 0x0000000081600000| Complete 
|  23|0x0000000081700000, 0x0000000081800000, 0x0000000081800000|100%|HC|  |TAMS 0x0000000081800000, 0x0000000081700000| Complete 
|  24|0x0000000081800000, 0x0000000081900000, 0x0000000081900000|100%|HC|  |TAMS 0x0000000081900000, 0x0000000081800000| Complete 
|  25|0x0000000081900000, 0x0000000081a00000, 0x0000000081a00000|100%| O|  |TAMS 0x0000000081a00000, 0x0000000081900000| Untracked 
|  26|0x0000000081a00000, 0x0000000081b00000, 0x0000000081b00000|100%| O|  |TAMS 0x0000000081b00000, 0x0000000081a00000| Untracked 
|  27|0x0000000081b00000, 0x0000000081c00000, 0x0000000081c00000|100%| O|  |TAMS 0x0000000081c00000, 0x0000000081b00000| Untracked 
|  28|0x0000000081c00000, 0x0000000081d00000, 0x0000000081d00000|100%| O|  |TAMS 0x0000000081d00000, 0x0000000081c00000| Untracked 
|  29|0x0000000081d00000, 0x0000000081e00000, 0x0000000081e00000|100%| O|  |TAMS 0x0000000081e00000, 0x0000000081d00000| Untracked 
|  30|0x0000000081e00000, 0x0000000081f00000, 0x0000000081f00000|100%| O|  |TAMS 0x0000000081f00000, 0x0000000081e00000| Untracked 
|  31|0x0000000081f00000, 0x0000000082000000, 0x0000000082000000|100%| O|  |TAMS 0x0000000082000000, 0x0000000081f00000| Untracked 
|  32|0x0000000082000000, 0x0000000082100000, 0x0000000082100000|100%| O|  |TAMS 0x0000000082100000, 0x0000000082000000| Untracked 
|  33|0x0000000082100000, 0x0000000082200000, 0x0000000082200000|100%| O|  |TAMS 0x0000000082200000, 0x0000000082100000| Untracked 
|  34|0x0000000082200000, 0x0000000082300000, 0x0000000082300000|100%| O|  |TAMS 0x0000000082300000, 0x0000000082200000| Untracked 
|  35|0x0000000082300000, 0x0000000082400000, 0x0000000082400000|100%| O|  |TAMS 0x0000000082400000, 0x0000000082300000| Untracked 
|  36|0x0000000082400000, 0x0000000082500000, 0x0000000082500000|100%| O|  |TAMS 0x0000000082500000, 0x0000000082400000| Untracked 
|  37|0x0000000082500000, 0x0000000082600000, 0x0000000082600000|100%| O|  |TAMS 0x0000000082600000, 0x0000000082500000| Untracked 
|  38|0x0000000082600000, 0x0000000082700000, 0x0000000082700000|100%| O|  |TAMS 0x0000000082700000, 0x0000000082600000| Untracked 
|  39|0x0000000082700000, 0x0000000082800000, 0x0000000082800000|100%| O|  |TAMS 0x0000000082800000, 0x0000000082700000| Untracked 
|  40|0x0000000082800000, 0x0000000082900000, 0x0000000082900000|100%| O|  |TAMS 0x0000000082900000, 0x0000000082800000| Untracked 
|  41|0x0000000082900000, 0x0000000082a00000, 0x0000000082a00000|100%| O|  |TAMS 0x0000000082a00000, 0x0000000082900000| Untracked 
|  42|0x0000000082a00000, 0x0000000082b00000, 0x0000000082b00000|100%| O|  |TAMS 0x0000000082b00000, 0x0000000082a00000| Untracked 
|  43|0x0000000082b00000, 0x0000000082c00000, 0x0000000082c00000|100%|HS|  |TAMS 0x0000000082c00000, 0x0000000082b00000| Complete 
|  44|0x0000000082c00000, 0x0000000082d00000, 0x0000000082d00000|100%|HC|  |TAMS 0x0000000082d00000, 0x0000000082c00000| Complete 
|  45|0x0000000082d00000, 0x0000000082e00000, 0x0000000082e00000|100%|HC|  |TAMS 0x0000000082e00000, 0x0000000082d00000| Complete 
|  46|0x0000000082e00000, 0x0000000082f00000, 0x0000000082f00000|100%| O|  |TAMS 0x0000000082f00000, 0x0000000082e00000| Untracked 
|  47|0x0000000082f00000, 0x0000000082f5ea00, 0x0000000083000000| 36%| O|  |TAMS 0x0000000082f5ea00, 0x0000000082f00000| Untracked 
|  48|0x0000000083000000, 0x0000000083000000, 0x0000000083100000|  0%| F|  |TAMS 0x0000000083000000, 0x0000000083000000| Untracked 
|  49|0x0000000083100000, 0x0000000083100000, 0x0000000083200000|  0%| F|  |TAMS 0x0000000083100000, 0x0000000083100000| Untracked 
|  50|0x0000000083200000, 0x0000000083200000, 0x0000000083300000|  0%| F|  |TAMS 0x0000000083200000, 0x0000000083200000| Untracked 
|  51|0x0000000083300000, 0x0000000083300000, 0x0000000083400000|  0%| F|  |TAMS 0x0000000083300000, 0x0000000083300000| Untracked 
|  52|0x0000000083400000, 0x0000000083400000, 0x0000000083500000|  0%| F|  |TAMS 0x0000000083400000, 0x0000000083400000| Untracked 
|  53|0x0000000083500000, 0x0000000083500000, 0x0000000083600000|  0%| F|  |TAMS 0x0000000083500000, 0x0000000083500000| Untracked 
|  54|0x0000000083600000, 0x0000000083600000, 0x0000000083700000|  0%| F|  |TAMS 0x0000000083600000, 0x0000000083600000| Untracked 
|  55|0x0000000083700000, 0x0000000083700000, 0x0000000083800000|  0%| F|  |TAMS 0x0000000083700000, 0x0000000083700000| Untracked 
|  56|0x0000000083800000, 0x0000000083800000, 0x0000000083900000|  0%| F|  |TAMS 0x0000000083800000, 0x0000000083800000| Untracked 
|  57|0x0000000083900000, 0x0000000083900000, 0x0000000083a00000|  0%| F|  |TAMS 0x0000000083900000, 0x0000000083900000| Untracked 
|  58|0x0000000083a00000, 0x0000000083a00000, 0x0000000083b00000|  0%| F|  |TAMS 0x0000000083a00000, 0x0000000083a00000| Untracked 
|  59|0x0000000083b00000, 0x0000000083b00000, 0x0000000083c00000|  0%| F|  |TAMS 0x0000000083b00000, 0x0000000083b00000| Untracked 
|  60|0x0000000083c00000, 0x0000000083c00000, 0x0000000083d00000|  0%| F|  |TAMS 0x0000000083c00000, 0x0000000083c00000| Untracked 
|  61|0x0000000083d00000, 0x0000000083d00000, 0x0000000083e00000|  0%| F|  |TAMS 0x0000000083d00000, 0x0000000083d00000| Untracked 
|  62|0x0000000083e00000, 0x0000000083e00000, 0x0000000083f00000|  0%| F|  |TAMS 0x0000000083e00000, 0x0000000083e00000| Untracked 
|  63|0x0000000083f00000, 0x0000000083f00000, 0x0000000084000000|  0%| F|  |TAMS 0x0000000083f00000, 0x0000000083f00000| Untracked 
|  64|0x0000000084000000, 0x0000000084000000, 0x0000000084100000|  0%| F|  |TAMS 0x0000000084000000, 0x0000000084000000| Untracked 
|  65|0x0000000084100000, 0x0000000084100000, 0x0000000084200000|  0%| F|  |TAMS 0x0000000084100000, 0x0000000084100000| Untracked 
|  66|0x0000000084200000, 0x0000000084200000, 0x0000000084300000|  0%| F|  |TAMS 0x0000000084200000, 0x0000000084200000| Untracked 
|  67|0x0000000084300000, 0x0000000084300000, 0x0000000084400000|  0%| F|  |TAMS 0x0000000084300000, 0x0000000084300000| Untracked 
|  68|0x0000000084400000, 0x0000000084468b30, 0x0000000084500000| 40%| S|CS|TAMS 0x0000000084400000, 0x0000000084400000| Complete 
|  69|0x0000000084500000, 0x0000000084600000, 0x0000000084600000|100%| S|CS|TAMS 0x0000000084500000, 0x0000000084500000| Complete 
|  70|0x0000000084600000, 0x0000000084700000, 0x0000000084700000|100%| S|CS|TAMS 0x0000000084600000, 0x0000000084600000| Complete 
|  71|0x0000000084700000, 0x0000000084700000, 0x0000000084800000|  0%| F|  |TAMS 0x0000000084700000, 0x0000000084700000| Untracked 
|  72|0x0000000084800000, 0x0000000084800000, 0x0000000084900000|  0%| F|  |TAMS 0x0000000084800000, 0x0000000084800000| Untracked 
|  73|0x0000000084900000, 0x0000000084900000, 0x0000000084a00000|  0%| F|  |TAMS 0x0000000084900000, 0x0000000084900000| Untracked 
|  74|0x0000000084a00000, 0x0000000084a00000, 0x0000000084b00000|  0%| F|  |TAMS 0x0000000084a00000, 0x0000000084a00000| Untracked 
|  75|0x0000000084b00000, 0x0000000084b00000, 0x0000000084c00000|  0%| F|  |TAMS 0x0000000084b00000, 0x0000000084b00000| Untracked 
|  76|0x0000000084c00000, 0x0000000084c00000, 0x0000000084d00000|  0%| F|  |TAMS 0x0000000084c00000, 0x0000000084c00000| Untracked 
|  77|0x0000000084d00000, 0x0000000084d00000, 0x0000000084e00000|  0%| F|  |TAMS 0x0000000084d00000, 0x0000000084d00000| Untracked 
|  78|0x0000000084e00000, 0x0000000084e00000, 0x0000000084f00000|  0%| F|  |TAMS 0x0000000084e00000, 0x0000000084e00000| Untracked 
|  79|0x0000000084f00000, 0x0000000084f00000, 0x0000000085000000|  0%| F|  |TAMS 0x0000000084f00000, 0x0000000084f00000| Untracked 
|  80|0x0000000085000000, 0x0000000085000000, 0x0000000085100000|  0%| F|  |TAMS 0x0000000085000000, 0x0000000085000000| Untracked 
|  81|0x0000000085100000, 0x0000000085100000, 0x0000000085200000|  0%| F|  |TAMS 0x0000000085100000, 0x0000000085100000| Untracked 
|  82|0x0000000085200000, 0x0000000085200000, 0x0000000085300000|  0%| F|  |TAMS 0x0000000085200000, 0x0000000085200000| Untracked 
|  83|0x0000000085300000, 0x0000000085300000, 0x0000000085400000|  0%| F|  |TAMS 0x0000000085300000, 0x0000000085300000| Untracked 
|  84|0x0000000085400000, 0x00000000854cefe0, 0x0000000085500000| 80%| E|  |TAMS 0x0000000085400000, 0x0000000085400000| Complete 
|  85|0x0000000085500000, 0x0000000085600000, 0x0000000085600000|100%| E|CS|TAMS 0x0000000085500000, 0x0000000085500000| Complete 
|  86|0x0000000085600000, 0x0000000085700000, 0x0000000085700000|100%| E|CS|TAMS 0x0000000085600000, 0x0000000085600000| Complete 
|  87|0x0000000085700000, 0x0000000085800000, 0x0000000085800000|100%| E|CS|TAMS 0x0000000085700000, 0x0000000085700000| Complete 
|  88|0x0000000085800000, 0x0000000085900000, 0x0000000085900000|100%| E|CS|TAMS 0x0000000085800000, 0x0000000085800000| Complete 
|  89|0x0000000085900000, 0x0000000085a00000, 0x0000000085a00000|100%| E|CS|TAMS 0x0000000085900000, 0x0000000085900000| Complete 
|  90|0x0000000085a00000, 0x0000000085b00000, 0x0000000085b00000|100%| E|CS|TAMS 0x0000000085a00000, 0x0000000085a00000| Complete 
|  91|0x0000000085b00000, 0x0000000085c00000, 0x0000000085c00000|100%| E|CS|TAMS 0x0000000085b00000, 0x0000000085b00000| Complete 
|  92|0x0000000085c00000, 0x0000000085d00000, 0x0000000085d00000|100%| E|CS|TAMS 0x0000000085c00000, 0x0000000085c00000| Complete 

Card table byte_map: [0x000001c73a590000,0x000001c73a990000] _byte_map_base: 0x000001c73a190000

Marking Bits (Prev, Next): (CMBitMap*) 0x000001c727ad2470, (CMBitMap*) 0x000001c727ad2438
 Prev Bits: [0x000001c73cd90000, 0x000001c73ed90000)
 Next Bits: [0x000001c73ad90000, 0x000001c73cd90000)

Polling page: 0x000001c725a20000

Metaspace:

Usage:
  Non-class:     42.49 MB capacity,    41.58 MB ( 98%) used,   798.35 KB (  2%) free+waste,   128.94 KB ( <1%) overhead. 
      Class:      6.67 MB capacity,     6.13 MB ( 92%) used,   488.93 KB (  7%) free+waste,    62.06 KB ( <1%) overhead. 
       Both:     49.15 MB capacity,    47.71 MB ( 97%) used,     1.26 MB (  3%) free+waste,   191.00 KB ( <1%) overhead. 

Virtual space:
  Non-class space:       44.00 MB reserved,      42.50 MB ( 97%) committed 
      Class space:        1.00 GB reserved,       6.75 MB ( <1%) committed 
             Both:        1.04 GB reserved,      49.25 MB (  5%) committed 

Chunk freelists:
   Non-Class:  15.00 KB
       Class:  21.00 KB
        Both:  36.00 KB

MaxMetaspaceSize: 17179869184.00 GB
CompressedClassSpaceSize: 1.00 GB

CodeHeap 'non-profiled nmethods': size=120064Kb used=2599Kb max_used=2599Kb free=117464Kb
 bounds [0x000001c733050000, 0x000001c7332e0000, 0x000001c73a590000]
CodeHeap 'profiled nmethods': size=120000Kb used=10825Kb max_used=10825Kb free=109174Kb
 bounds [0x000001c72bb20000, 0x000001c72c5c0000, 0x000001c733050000]
CodeHeap 'non-nmethods': size=5696Kb used=2210Kb max_used=2249Kb free=3485Kb
 bounds [0x000001c72b590000, 0x000001c72b800000, 0x000001c72bb20000]
 total_blobs=5980 nmethods=5188 adapters=704
 compilation: enabled
              stopped_count=0, restarted_count=0
 full_count=0

Compilation events (20 events):
Event: 55.013 Thread 0x000001c741192000 5197   !   2       org.gradle.internal.classloader.FilteringClassLoader::loadClass (62 bytes)
Event: 55.014 Thread 0x000001c741192000 nmethod 5197 0x000001c72c5a6090 code [0x000001c72c5a62e0, 0x000001c72c5a68e8]
Event: 55.038 Thread 0x000001c741192000 5198       2       java.util.HashMap$ValueSpliterator::forEachRemaining (186 bytes)
Event: 55.040 Thread 0x000001c741192000 nmethod 5198 0x000001c72c5a6c90 code [0x000001c72c5a6e80, 0x000001c72c5a7368]
Event: 55.062 Thread 0x000001c741192000 5199       2       java.lang.Character::isJavaIdentifierPart (9 bytes)
Event: 55.062 Thread 0x000001c741192000 nmethod 5199 0x000001c72c5a7610 code [0x000001c72c5a77e0, 0x000001c72c5a7918]
Event: 55.095 Thread 0x000001c741192000 5200       1       org.codehaus.groovy.runtime.callsite.AbstractCallSite::getName (5 bytes)
Event: 55.096 Thread 0x000001c741192000 nmethod 5200 0x000001c7332d9990 code [0x000001c7332d9b40, 0x000001c7332d9bf8]
Event: 55.107 Thread 0x000001c741192000 5201   !   2       org.gradle.internal.classloader.CachingClassLoader::loadClass (85 bytes)
Event: 55.108 Thread 0x000001c741192000 nmethod 5201 0x000001c72c5a7a10 code [0x000001c72c5a7c00, 0x000001c72c5a7f28]
Event: 55.108 Thread 0x000001c741192000 5202       2       com.google.common.collect.MapMakerInternalMap::get (23 bytes)
Event: 55.108 Thread 0x000001c741192000 nmethod 5202 0x000001c72c5a8110 code [0x000001c72c5a82e0, 0x000001c72c5a84e8]
Event: 55.108 Thread 0x000001c741192000 5203       2       com.google.common.collect.MapMakerInternalMap$Segment::getLiveEntry (7 bytes)
Event: 55.109 Thread 0x000001c741192000 nmethod 5203 0x000001c72c5a8690 code [0x000001c72c5a8840, 0x000001c72c5a8948]
Event: 55.109 Thread 0x000001c741192000 5204       2       com.google.common.collect.MapMakerInternalMap$Segment::postReadCleanup (18 bytes)
Event: 55.109 Thread 0x000001c741192000 nmethod 5204 0x000001c72c5a8a10 code [0x000001c72c5a8bc0, 0x000001c72c5a8ce8]
Event: 55.136 Thread 0x000001c741192000 5205       2       org.codehaus.groovy.util.FastArray::get (7 bytes)
Event: 55.136 Thread 0x000001c741192000 nmethod 5205 0x000001c72c5a8e10 code [0x000001c72c5a8fc0, 0x000001c72c5a90d8]
Event: 55.137 Thread 0x000001c741192000 5206       2       org.codehaus.groovy.reflection.CachedClass$CachedMethodComparatorWithString::compare (37 bytes)
Event: 55.137 Thread 0x000001c741192000 nmethod 5206 0x000001c72c5a9190 code [0x000001c72c5a9380, 0x000001c72c5a9618]

GC Heap History (20 events):
Event: 46.910 GC heap before
{Heap before GC invocations=24 (full 0):
 garbage-first heap   total 65536K, used 54152K [0x0000000080000000, 0x0000000100000000)
  region size 1024K, 13 young (13312K), 1 survivors (1024K)
 Metaspace       used 45113K, capacity 46213K, committed 46336K, reserved 1089536K
  class space    used 5877K, capacity 6299K, committed 6400K, reserved 1048576K
}
Event: 46.918 GC heap after
{Heap after GC invocations=25 (full 0):
 garbage-first heap   total 65536K, used 42080K [0x0000000080000000, 0x0000000100000000)
  region size 1024K, 2 young (2048K), 2 survivors (2048K)
 Metaspace       used 45113K, capacity 46213K, committed 46336K, reserved 1089536K
  class space    used 5877K, capacity 6299K, committed 6400K, reserved 1048576K
}
Event: 47.353 GC heap before
{Heap before GC invocations=26 (full 0):
 garbage-first heap   total 65536K, used 54368K [0x0000000080000000, 0x0000000100000000)
  region size 1024K, 14 young (14336K), 2 survivors (2048K)
 Metaspace       used 45145K, capacity 46277K, committed 46592K, reserved 1089536K
  class space    used 5877K, capacity 6299K, committed 6400K, reserved 1048576K
}
Event: 47.362 GC heap after
{Heap after GC invocations=27 (full 0):
 garbage-first heap   total 65536K, used 42371K [0x0000000080000000, 0x0000000100000000)
  region size 1024K, 1 young (1024K), 1 survivors (1024K)
 Metaspace       used 45145K, capacity 46277K, committed 46592K, reserved 1089536K
  class space    used 5877K, capacity 6299K, committed 6400K, reserved 1048576K
}
Event: 47.504 GC heap before
{Heap before GC invocations=27 (full 0):
 garbage-first heap   total 65536K, used 54659K [0x0000000080000000, 0x0000000100000000)
  region size 1024K, 13 young (13312K), 1 survivors (1024K)
 Metaspace       used 45146K, capacity 46277K, committed 46592K, reserved 1089536K
  class space    used 5877K, capacity 6299K, committed 6400K, reserved 1048576K
}
Event: 47.514 GC heap after
{Heap after GC invocations=28 (full 0):
 garbage-first heap   total 65536K, used 42756K [0x0000000080000000, 0x0000000100000000)
  region size 1024K, 2 young (2048K), 2 survivors (2048K)
 Metaspace       used 45146K, capacity 46277K, committed 46592K, reserved 1089536K
  class space    used 5877K, capacity 6299K, committed 6400K, reserved 1048576K
}
Event: 47.813 GC heap before
{Heap before GC invocations=29 (full 0):
 garbage-first heap   total 65536K, used 54020K [0x0000000080000000, 0x0000000100000000)
  region size 1024K, 13 young (13312K), 2 survivors (2048K)
 Metaspace       used 45155K, capacity 46277K, committed 46592K, reserved 1089536K
  class space    used 5877K, capacity 6299K, committed 6400K, reserved 1048576K
}
Event: 47.853 GC heap after
{Heap after GC invocations=30 (full 0):
 garbage-first heap   total 78848K, used 42935K [0x0000000080000000, 0x0000000100000000)
  region size 1024K, 2 young (2048K), 2 survivors (2048K)
 Metaspace       used 45155K, capacity 46277K, committed 46592K, reserved 1089536K
  class space    used 5877K, capacity 6299K, committed 6400K, reserved 1048576K
}
Event: 48.515 GC heap before
{Heap before GC invocations=30 (full 0):
 garbage-first heap   total 78848K, used 60343K [0x0000000080000000, 0x0000000100000000)
  region size 1024K, 19 young (19456K), 2 survivors (2048K)
 Metaspace       used 45175K, capacity 46341K, committed 46592K, reserved 1089536K
  class space    used 5877K, capacity 6299K, committed 6400K, reserved 1048576K
}
Event: 48.524 GC heap after
{Heap after GC invocations=31 (full 0):
 garbage-first heap   total 78848K, used 43308K [0x0000000080000000, 0x0000000100000000)
  region size 1024K, 2 young (2048K), 2 survivors (2048K)
 Metaspace       used 45175K, capacity 46341K, committed 46592K, reserved 1089536K
  class space    used 5877K, capacity 6299K, committed 6400K, reserved 1048576K
}
Event: 50.822 GC heap before
{Heap before GC invocations=32 (full 0):
 garbage-first heap   total 78848K, used 61740K [0x0000000080000000, 0x0000000100000000)
  region size 1024K, 20 young (20480K), 2 survivors (2048K)
 Metaspace       used 47279K, capacity 48518K, committed 48640K, reserved 1091584K
  class space    used 6109K, capacity 6551K, committed 6656K, reserved 1048576K
}
Event: 50.837 GC heap after
{Heap after GC invocations=33 (full 0):
 garbage-first heap   total 78848K, used 44535K [0x0000000080000000, 0x0000000100000000)
  region size 1024K, 3 young (3072K), 3 survivors (3072K)
 Metaspace       used 47279K, capacity 48518K, committed 48640K, reserved 1091584K
  class space    used 6109K, capacity 6551K, committed 6656K, reserved 1048576K
}
Event: 52.001 GC heap before
{Heap before GC invocations=33 (full 0):
 garbage-first heap   total 78848K, used 47607K [0x0000000080000000, 0x0000000100000000)
  region size 1024K, 7 young (7168K), 3 survivors (3072K)
 Metaspace       used 47457K, capacity 48721K, committed 48896K, reserved 1091584K
  class space    used 6123K, capacity 6594K, committed 6656K, reserved 1048576K
}
Event: 52.018 GC heap after
{Heap after GC invocations=34 (full 0):
 garbage-first heap   total 78848K, used 45412K [0x0000000080000000, 0x0000000100000000)
  region size 1024K, 3 young (3072K), 3 survivors (3072K)
 Metaspace       used 47457K, capacity 48721K, committed 48896K, reserved 1091584K
  class space    used 6123K, capacity 6594K, committed 6656K, reserved 1048576K
}
Event: 52.648 GC heap before
{Heap before GC invocations=35 (full 0):
 garbage-first heap   total 78848K, used 61796K [0x0000000080000000, 0x0000000100000000)
  region size 1024K, 16 young (16384K), 3 survivors (3072K)
 Metaspace       used 47503K, capacity 48817K, committed 48896K, reserved 1091584K
  class space    used 6126K, capacity 6626K, committed 6656K, reserved 1048576K
}
Event: 52.662 GC heap after
{Heap after GC invocations=36 (full 0):
 garbage-first heap   total 95232K, used 49591K [0x0000000080000000, 0x0000000100000000)
  region size 1024K, 2 young (2048K), 2 survivors (2048K)
 Metaspace       used 47503K, capacity 48817K, committed 48896K, reserved 1091584K
  class space    used 6126K, capacity 6626K, committed 6656K, reserved 1048576K
}
Event: 52.837 GC heap before
{Heap before GC invocations=36 (full 0):
 garbage-first heap   total 95232K, used 70071K [0x0000000080000000, 0x0000000100000000)
  region size 1024K, 22 young (22528K), 2 survivors (2048K)
 Metaspace       used 47507K, capacity 48817K, committed 48896K, reserved 1091584K
  class space    used 6126K, capacity 6626K, committed 6656K, reserved 1048576K
}
Event: 52.846 GC heap after
{Heap after GC invocations=37 (full 0):
 garbage-first heap   total 95232K, used 49749K [0x0000000080000000, 0x0000000100000000)
  region size 1024K, 2 young (2048K), 2 survivors (2048K)
 Metaspace       used 47507K, capacity 48817K, committed 48896K, reserved 1091584K
  class space    used 6126K, capacity 6626K, committed 6656K, reserved 1048576K
}
Event: 54.771 GC heap before
{Heap before GC invocations=38 (full 0):
 garbage-first heap   total 95232K, used 70229K [0x0000000080000000, 0x0000000100000000)
  region size 1024K, 22 young (22528K), 2 survivors (2048K)
 Metaspace       used 48318K, capacity 49780K, committed 50048K, reserved 1093632K
  class space    used 6208K, capacity 6727K, committed 6784K, reserved 1048576K
}
Event: 54.780 GC heap after
{Heap after GC invocations=39 (full 0):
 garbage-first heap   total 95232K, used 50973K [0x0000000080000000, 0x0000000100000000)
  region size 1024K, 3 young (3072K), 3 survivors (3072K)
 Metaspace       used 48318K, capacity 49780K, committed 50048K, reserved 1093632K
  class space    used 6208K, capacity 6727K, committed 6784K, reserved 1048576K
}

Deoptimization events (20 events):
Event: 54.349 Thread 0x000001c741f5e000 Uncommon trap: trap_request=0xffffff4d fr.pc=0x000001c733185008 relative=0x00000000000000e8
Event: 54.349 Thread 0x000001c741f5e000 Uncommon trap: reason=unstable_if action=reinterpret pc=0x000001c733185008 method=org.objectweb.asm.ByteVector.putShort(I)Lorg/objectweb/asm/ByteVector; @ 13 c2
Event: 54.349 Thread 0x000001c741f5e000 DEOPT PACKING pc=0x000001c733185008 sp=0x000000756ddfe3c0
Event: 54.349 Thread 0x000001c741f5e000 DEOPT UNPACKING pc=0x000001c72b5b6029 sp=0x000000756ddfe348 mode 2
Event: 54.569 Thread 0x000001c742c31000 Uncommon trap: trap_request=0xffffff4d fr.pc=0x000001c7331e4f68 relative=0x00000000000010c8
Event: 54.570 Thread 0x000001c742c31000 Uncommon trap: reason=unstable_if action=reinterpret pc=0x000001c7331e4f68 method=java.lang.ClassValue.match(Ljava/lang/ClassValue$Entry;)Z @ 12 c2
Event: 54.570 Thread 0x000001c742c31000 DEOPT PACKING pc=0x000001c7331e4f68 sp=0x000000756d3f9a70
Event: 54.570 Thread 0x000001c742c31000 DEOPT UNPACKING pc=0x000001c72b5b6029 sp=0x000000756d3f9848 mode 2
Event: 54.639 Thread 0x000001c742c31000 Uncommon trap: trap_request=0xffffff4d fr.pc=0x000001c7330a40c0 relative=0x0000000000000560
Event: 54.639 Thread 0x000001c742c31000 Uncommon trap: reason=unstable_if action=reinterpret pc=0x000001c7330a40c0 method=java.util.jar.Manifest$FastInputStream.readLine([BII)I @ 130 c2
Event: 54.639 Thread 0x000001c742c31000 DEOPT PACKING pc=0x000001c7330a40c0 sp=0x000000756d3f6bf0
Event: 54.639 Thread 0x000001c742c31000 DEOPT UNPACKING pc=0x000001c72b5b6029 sp=0x000000756d3f6b80 mode 2
Event: 54.757 Thread 0x000001c742c31000 DEOPT PACKING pc=0x000001c72c25bbdb sp=0x000000756d3f71b0
Event: 54.758 Thread 0x000001c742c31000 DEOPT UNPACKING pc=0x000001c72b5b643f sp=0x000000756d3f6650 mode 0
Event: 54.866 Thread 0x000001c742c31000 Uncommon trap: trap_request=0xffffff4d fr.pc=0x000001c73321d718 relative=0x0000000000001238
Event: 54.866 Thread 0x000001c742c31000 Uncommon trap: reason=unstable_if action=reinterpret pc=0x000001c73321d718 method=java.lang.ClassLoader.postDefineClass(Ljava/lang/Class;Ljava/security/ProtectionDomain;)V @ 17 c2
Event: 54.867 Thread 0x000001c742c31000 DEOPT PACKING pc=0x000001c73321d718 sp=0x000000756d3f7530
Event: 54.867 Thread 0x000001c742c31000 DEOPT UNPACKING pc=0x000001c72b5b6029 sp=0x000000756d3f7520 mode 2
Event: 55.061 Thread 0x000001c742c31000 DEOPT PACKING pc=0x000001c72bd8de17 sp=0x000000756d3f7c60
Event: 55.061 Thread 0x000001c742c31000 DEOPT UNPACKING pc=0x000001c72b5b643f sp=0x000000756d3f71e8 mode 0

Classes redefined (0 events):
No events

Internal exceptions (20 events):
Event: 54.683 Thread 0x000001c742c31000 Exception <a 'java/lang/ClassNotFoundException'{0x0000000084a2acd0}: org/jetbrains/plugins/gradle/tooling/internal/ExtraModelBuilderCustomizer> (0x0000000084a2acd0) thrown at [./src/hotspot/share/classfile/systemDictionary.cpp, line 231]
Event: 54.706 Thread 0x000001c742c31000 Exception <a 'java/lang/ClassNotFoundException'{0x0000000084a6d848}: java/lang/ClassBeanInfo> (0x0000000084a6d848) thrown at [./src/hotspot/share/classfile/systemDictionary.cpp, line 231]
Event: 54.707 Thread 0x000001c742c31000 Exception <a 'java/lang/ClassNotFoundException'{0x0000000084a75330}: java/lang/ClassCustomizer> (0x0000000084a75330) thrown at [./src/hotspot/share/classfile/systemDictionary.cpp, line 231]
Event: 54.756 Thread 0x000001c742c31000 Exception <a 'java/lang/ClassNotFoundException'{0x00000000849c1e88}: java/lang/StringBeanInfo> (0x00000000849c1e88) thrown at [./src/hotspot/share/classfile/systemDictionary.cpp, line 231]
Event: 54.757 Thread 0x000001c742c31000 Exception <a 'java/lang/ClassNotFoundException'{0x00000000849c9f38}: java/lang/StringCustomizer> (0x00000000849c9f38) thrown at [./src/hotspot/share/classfile/systemDictionary.cpp, line 231]
Event: 54.838 Thread 0x000001c742c31000 Exception <a 'java/lang/ClassNotFoundException'{0x0000000085c62aa8}: org/gradle/internal/classloader/VisitableURLClassLoaderBeanInfo> (0x0000000085c62aa8) thrown at [./src/hotspot/share/classfile/systemDictionary.cpp, line 231]
Event: 54.840 Thread 0x000001c742c31000 Exception <a 'java/lang/ClassNotFoundException'{0x0000000085c6bbf0}: java/net/URLClassLoaderBeanInfo> (0x0000000085c6bbf0) thrown at [./src/hotspot/share/classfile/systemDictionary.cpp, line 231]
Event: 54.841 Thread 0x000001c742c31000 Exception <a 'java/lang/ClassNotFoundException'{0x0000000085c73f58}: java/security/SecureClassLoaderBeanInfo> (0x0000000085c73f58) thrown at [./src/hotspot/share/classfile/systemDictionary.cpp, line 231]
Event: 54.842 Thread 0x000001c742c31000 Exception <a 'java/lang/ClassNotFoundException'{0x0000000085c7c0e0}: java/lang/ClassLoaderBeanInfo> (0x0000000085c7c0e0) thrown at [./src/hotspot/share/classfile/systemDictionary.cpp, line 231]
Event: 54.843 Thread 0x000001c742c31000 Exception <a 'java/lang/ClassNotFoundException'{0x0000000085c84270}: java/lang/ClassLoaderCustomizer> (0x0000000085c84270) thrown at [./src/hotspot/share/classfile/systemDictionary.cpp, line 231]
Event: 54.846 Thread 0x000001c742c31000 Exception <a 'java/lang/ClassNotFoundException'{0x0000000085c99328}: java/security/SecureClassLoaderCustomizer> (0x0000000085c99328) thrown at [./src/hotspot/share/classfile/systemDictionary.cpp, line 231]
Event: 54.847 Thread 0x000001c742c31000 Exception <a 'java/lang/ClassNotFoundException'{0x0000000085ca35c8}: java/net/URLClassLoaderCustomizer> (0x0000000085ca35c8) thrown at [./src/hotspot/share/classfile/systemDictionary.cpp, line 231]
Event: 54.854 Thread 0x000001c742c31000 Exception <a 'java/lang/ClassNotFoundException'{0x0000000085cd4c48}: org/gradle/internal/classloader/VisitableURLClassLoaderCustomizer> (0x0000000085cd4c48) thrown at [./src/hotspot/share/classfile/systemDictionary.cpp, line 231]
Event: 54.866 Thread 0x000001c742c31000 Implicit null exception at 0x000001c73321cdae to 0x000001c73321d6fc
Event: 54.875 Thread 0x000001c742c31000 Exception <a 'java/lang/ClassNotFoundException'{0x0000000085b1beb0}: org/jetbrains/plugins/gradle/tooling/internal/ExtraModelBuilder$ForGradle44BeanInfo> (0x0000000085b1beb0) thrown at [./src/hotspot/share/classfile/systemDictionary.cpp, line 231]
Event: 54.877 Thread 0x000001c742c31000 Exception <a 'java/lang/ClassNotFoundException'{0x0000000085b28130}: org/jetbrains/plugins/gradle/tooling/internal/ExtraModelBuilder$ForGradle44Customizer> (0x0000000085b28130) thrown at [./src/hotspot/share/classfile/systemDictionary.cpp, line 231]
Event: 55.139 Thread 0x000001c742c31000 Exception <a 'java/lang/ClassNotFoundException'{0x00000000858ab170}: org/jetbrains/plugins/gradle/tooling/builder/WarModelBuilderImplBeanInfo> (0x00000000858ab170) thrown at [./src/hotspot/share/classfile/systemDictionary.cpp, line 231]
Event: 55.140 Thread 0x000001c742c31000 Exception <a 'java/lang/ClassNotFoundException'{0x00000000858b7678}: org/jetbrains/plugins/gradle/tooling/AbstractModelBuilderServiceBeanInfo> (0x00000000858b7678) thrown at [./src/hotspot/share/classfile/systemDictionary.cpp, line 231]
Event: 55.142 Thread 0x000001c742c31000 Exception <a 'java/lang/ClassNotFoundException'{0x00000000858c3a10}: org/jetbrains/plugins/gradle/tooling/AbstractModelBuilderServiceCustomizer> (0x00000000858c3a10) thrown at [./src/hotspot/share/classfile/systemDictionary.cpp, line 231]
Event: 55.144 Thread 0x000001c742c31000 Exception <a 'java/lang/ClassNotFoundException'{0x00000000858d2c40}: org/jetbrains/plugins/gradle/tooling/builder/WarModelBuilderImplCustomizer> (0x00000000858d2c40) thrown at [./src/hotspot/share/classfile/systemDictionary.cpp, line 231]

Events (20 events):
Event: 55.141 loading class org/jetbrains/plugins/gradle/tooling/AbstractModelBuilderServiceCustomizer
Event: 55.141 loading class org/jetbrains/plugins/gradle/tooling/AbstractModelBuilderServiceCustomizer done
Event: 55.142 loading class org/jetbrains/plugins/gradle/tooling/builder/WarModelBuilderImplCustomizer
Event: 55.142 loading class org/jetbrains/plugins/gradle/tooling/builder/WarModelBuilderImplCustomizer done
Event: 55.143 loading class org/jetbrains/plugins/gradle/tooling/builder/WarModelBuilderImplCustomizer
Event: 55.143 loading class org/jetbrains/plugins/gradle/tooling/builder/WarModelBuilderImplCustomizer done
Event: 55.145 loading class org/jetbrains/plugins/gradle/tooling/builder/EarModelBuilderImpl
Event: 55.145 loading class org/jetbrains/plugins/gradle/tooling/builder/EarModelBuilderImpl done
Event: 55.148 loading class org/gradle/api/plugins/PluginAware
Event: 55.148 loading class org/gradle/api/plugins/PluginAware done
Event: 55.148 loading class org/gradle/api/file/FileCollection
Event: 55.148 loading class org/gradle/api/file/FileCollection done
Event: 55.149 loading class org/gradle/api/NamedDomainObjectCollection
Event: 55.149 loading class org/gradle/api/NamedDomainObjectCollection done
Event: 55.149 loading class org/gradle/api/file/CopySpec
Event: 55.149 loading class org/gradle/api/file/CopySpec done
Event: 55.150 loading class org/jetbrains/plugins/gradle/tooling/builder/CopySpecWalker$Visitor
Event: 55.150 loading class org/jetbrains/plugins/gradle/tooling/builder/CopySpecWalker$Visitor done
Event: 55.152 loading class org/jetbrains/plugins/gradle/tooling/util/SourceSetCachedFinder
Event: 55.152 loading class org/jetbrains/plugins/gradle/tooling/util/SourceSetCachedFinder done


Dynamic libraries:
0x00007ff633b70000 - 0x00007ff633b7a000 	C:\Users\felip\OneDrive\Desktop\android-studio\jre\bin\java.exe
0x00007ff9d52b0000 - 0x00007ff9d54a5000 	C:\Windows\SYSTEM32\ntdll.dll
0x00007ff9b0f10000 - 0x00007ff9b0f25000 	C:\Program Files\Avast Software\Avast\aswhook.dll
0x00007ff9d3360000 - 0x00007ff9d341e000 	C:\Windows\System32\KERNEL32.DLL
0x00007ff9d29d0000 - 0x00007ff9d2c99000 	C:\Windows\System32\KERNELBASE.dll
0x00007ff9d2e80000 - 0x00007ff9d2f80000 	C:\Windows\System32\ucrtbase.dll
0x00007ff9cb640000 - 0x00007ff9cb659000 	C:\Users\felip\OneDrive\Desktop\android-studio\jre\bin\jli.dll
0x00007ff9d45b0000 - 0x00007ff9d4751000 	C:\Windows\System32\USER32.dll
0x00007ff9d3110000 - 0x00007ff9d3132000 	C:\Windows\System32\win32u.dll
0x00007ff9d4080000 - 0x00007ff9d40ab000 	C:\Windows\System32\GDI32.dll
0x00007ff9d2f80000 - 0x00007ff9d308b000 	C:\Windows\System32\gdi32full.dll
0x00007ff9d2d50000 - 0x00007ff9d2ded000 	C:\Windows\System32\msvcp_win.dll
0x00007ff9c2c60000 - 0x00007ff9c2efa000 	C:\Windows\WinSxS\amd64_microsoft.windows.common-controls_6595b64144ccf1df_6.0.19041.1110_none_60b5254171f9507e\COMCTL32.dll
0x00007ff9ca690000 - 0x00007ff9ca6a7000 	C:\Users\felip\OneDrive\Desktop\android-studio\jre\bin\VCRUNTIME140.dll
0x00007ff9d3d40000 - 0x00007ff9d3dde000 	C:\Windows\System32\msvcrt.dll
0x00007ff9d4930000 - 0x00007ff9d4960000 	C:\Windows\System32\IMM32.DLL
0x00007ff9c11c0000 - 0x00007ff9c125d000 	C:\Users\felip\OneDrive\Desktop\android-studio\jre\bin\msvcp140.dll
0x00007ff9a64c0000 - 0x00007ff9a6f95000 	C:\Users\felip\OneDrive\Desktop\android-studio\jre\bin\server\jvm.dll
0x00007ff9d3df0000 - 0x00007ff9d3e9c000 	C:\Windows\System32\ADVAPI32.dll
0x00007ff9d3c80000 - 0x00007ff9d3d1b000 	C:\Windows\System32\sechost.dll
0x00007ff9d4410000 - 0x00007ff9d453a000 	C:\Windows\System32\RPCRT4.dll
0x00007ff9bbe10000 - 0x00007ff9bbe37000 	C:\Windows\SYSTEM32\WINMM.dll
0x00007ff9c9c60000 - 0x00007ff9c9c6a000 	C:\Windows\SYSTEM32\VERSION.dll
0x00007ff9c66e0000 - 0x00007ff9c66e9000 	C:\Windows\SYSTEM32\WSOCK32.dll
0x00007ff9d3bf0000 - 0x00007ff9d3bf8000 	C:\Windows\System32\PSAPI.DLL
0x00007ff9d4540000 - 0x00007ff9d45ab000 	C:\Windows\System32\WS2_32.dll
0x00007ff9d07f0000 - 0x00007ff9d0802000 	C:\Windows\SYSTEM32\kernel.appcore.dll
0x00007ff9ccdf0000 - 0x00007ff9cce01000 	C:\Users\felip\OneDrive\Desktop\android-studio\jre\bin\verify.dll
0x00007ff9c7410000 - 0x00007ff9c75f4000 	C:\Windows\SYSTEM32\DBGHELP.DLL
0x00007ff9c73e0000 - 0x00007ff9c740c000 	C:\Windows\SYSTEM32\dbgcore.DLL
0x00007ff9d2df0000 - 0x00007ff9d2e73000 	C:\Windows\System32\bcryptPrimitives.dll
0x00007ff9cc660000 - 0x00007ff9cc689000 	C:\Users\felip\OneDrive\Desktop\android-studio\jre\bin\java.dll
0x00007ff9d02d0000 - 0x00007ff9d02db000 	C:\Users\felip\OneDrive\Desktop\android-studio\jre\bin\jimage.dll
0x00007ff9ccaa0000 - 0x00007ff9ccab8000 	C:\Users\felip\OneDrive\Desktop\android-studio\jre\bin\zip.dll
0x00007ff9d4960000 - 0x00007ff9d509f000 	C:\Windows\System32\SHELL32.dll
0x00007ff9d0ad0000 - 0x00007ff9d1260000 	C:\Windows\SYSTEM32\windows.storage.dll
0x00007ff9d40b0000 - 0x00007ff9d4405000 	C:\Windows\System32\combase.dll
0x00007ff9d2350000 - 0x00007ff9d237c000 	C:\Windows\SYSTEM32\Wldp.dll
0x00007ff9d3f70000 - 0x00007ff9d401d000 	C:\Windows\System32\SHCORE.dll
0x00007ff9d3710000 - 0x00007ff9d3765000 	C:\Windows\System32\shlwapi.dll
0x00007ff9d2910000 - 0x00007ff9d292f000 	C:\Windows\SYSTEM32\profapi.dll
0x00007ff9cc5f0000 - 0x00007ff9cc60a000 	C:\Users\felip\OneDrive\Desktop\android-studio\jre\bin\net.dll
0x00007ff9c7210000 - 0x00007ff9c7318000 	C:\Windows\SYSTEM32\WINHTTP.dll
0x00007ff9d20b0000 - 0x00007ff9d211a000 	C:\Windows\system32\mswsock.dll
0x00007ff9cc300000 - 0x00007ff9cc314000 	C:\Users\felip\OneDrive\Desktop\android-studio\jre\bin\nio.dll
0x00007ff9ca3e0000 - 0x00007ff9ca407000 	C:\Users\felip\.gradle\native\8bec1ad78214c89d9ad589b4d07fe93259594b29d510b10fafb7a158f7737e5d\windows-amd64\native-platform.dll
0x00007ff9b74f0000 - 0x00007ff9b762d000 	C:\Users\felip\.gradle\native\53dbd7edfb1c66fb8903c78663c9afc45aea4f116125fa6feffd364cf09443e8\windows-amd64\native-platform-file-events.dll
0x00007ff9d0290000 - 0x00007ff9d029a000 	C:\Users\felip\OneDrive\Desktop\android-studio\jre\bin\management.dll
0x00007ff9d0250000 - 0x00007ff9d025d000 	C:\Users\felip\OneDrive\Desktop\android-studio\jre\bin\management_ext.dll
0x00007ff9d22b0000 - 0x00007ff9d22c8000 	C:\Windows\SYSTEM32\CRYPTSP.dll
0x00007ff9d1a30000 - 0x00007ff9d1a64000 	C:\Windows\system32\rsaenh.dll
0x00007ff9d3090000 - 0x00007ff9d30b7000 	C:\Windows\System32\bcrypt.dll
0x00007ff9d28d0000 - 0x00007ff9d28fe000 	C:\Windows\SYSTEM32\USERENV.dll
0x00007ff9d22a0000 - 0x00007ff9d22ac000 	C:\Windows\SYSTEM32\CRYPTBASE.dll
0x00007ff9d1da0000 - 0x00007ff9d1ddb000 	C:\Windows\SYSTEM32\IPHLPAPI.DLL
0x00007ff9d4920000 - 0x00007ff9d4928000 	C:\Windows\System32\NSI.dll
0x00007ff9cabe0000 - 0x00007ff9cabf7000 	C:\Windows\SYSTEM32\dhcpcsvc6.DLL
0x00007ff9cc0b0000 - 0x00007ff9cc0cd000 	C:\Windows\SYSTEM32\dhcpcsvc.DLL
0x00007ff9d1de0000 - 0x00007ff9d1eac000 	C:\Windows\SYSTEM32\DNSAPI.dll

dbghelp: loaded successfully - version: 4.0.5 - missing functions: none
symbol engine: initialized successfully - sym options: 0x614 - pdb path: .;C:\Users\felip\OneDrive\Desktop\android-studio\jre\bin;C:\Windows\SYSTEM32;C:\Program Files\Avast Software\Avast;C:\Windows\WinSxS\amd64_microsoft.windows.common-controls_6595b64144ccf1df_6.0.19041.1110_none_60b5254171f9507e;C:\Users\felip\OneDrive\Desktop\android-studio\jre\bin\server;C:\Users\felip\.gradle\native\8bec1ad78214c89d9ad589b4d07fe93259594b29d510b10fafb7a158f7737e5d\windows-amd64;C:\Users\felip\.gradle\native\53dbd7edfb1c66fb8903c78663c9afc45aea4f116125fa6feffd364cf09443e8\windows-amd64

VM Arguments:
jvm_args: --add-opens=java.base/java.util=ALL-UNNAMED --add-opens=java.base/java.lang=ALL-UNNAMED --add-opens=java.base/java.lang.invoke=ALL-UNNAMED --add-opens=java.base/java.util=ALL-UNNAMED --add-opens=java.prefs/java.util.prefs=ALL-UNNAMED --add-opens=java.prefs/java.util.prefs=ALL-UNNAMED --add-opens=java.base/java.nio.charset=ALL-UNNAMED --add-opens=java.base/java.net=ALL-UNNAMED --add-opens=java.base/java.util.concurrent.atomic=ALL-UNNAMED -Xmx2048m -Dfile.encoding=UTF-8 -Duser.country=US -Duser.language=en -Duser.variant 
java_command: org.gradle.launcher.daemon.bootstrap.GradleDaemon 7.0.2
java_class_path (initial): C:\Users\felip\.gradle\wrapper\dists\gradle-7.0.2-bin\857tjihv64xamwrf0h14cai3r\gradle-7.0.2\lib\gradle-launcher-7.0.2.jar
Launcher Type: SUN_STANDARD

[Global flags]
     intx CICompilerCount                          = 2                                         {product} {ergonomic}
     uint ConcGCThreads                            = 1                                         {product} {ergonomic}
     uint G1ConcRefinementThreads                  = 2                                         {product} {ergonomic}
   size_t G1HeapRegionSize                         = 1048576                                   {product} {ergonomic}
    uintx GCDrainStackTargetSize                   = 64                                        {product} {ergonomic}
   size_t InitialHeapSize                          = 67108864                                  {product} {ergonomic}
   size_t MarkStackSize                            = 4194304                                   {product} {ergonomic}
   size_t MaxHeapSize                              = 2147483648                                {product} {command line}
   size_t MaxNewSize                               = 1287651328                                {product} {ergonomic}
   size_t MinHeapDeltaBytes                        = 1048576                                   {product} {ergonomic}
    uintx NonNMethodCodeHeapSize                   = 5825164                                {pd product} {ergonomic}
    uintx NonProfiledCodeHeapSize                  = 122916538                              {pd product} {ergonomic}
    uintx ProfiledCodeHeapSize                     = 122916538                              {pd product} {ergonomic}
    uintx ReservedCodeCacheSize                    = 251658240                              {pd product} {ergonomic}
     bool SegmentedCodeCache                       = true                                      {product} {ergonomic}
     bool UseCompressedClassPointers               = true                                 {lp64_product} {ergonomic}
     bool UseCompressedOops                        = true                                 {lp64_product} {ergonomic}
     bool UseG1GC                                  = true                                      {product} {ergonomic}
     bool UseLargePagesIndividualAllocation        = false                                  {pd product} {ergonomic}

Logging:
Log output configuration:
 #0: stdout all=warning uptime,level,tags
 #1: stderr all=off uptime,level,tags

Environment Variables:
PATH=C:\Program Files\Common Files\Oracle\Java\javapath;C:\Program Files (x86)\Common Files\Oracle\Java\javapath;C:\Windows\system32;C:\Windows;C:\Windows\System32\Wbem;C:\Windows\System32\WindowsPowerShell\v1.0\;C:\Windows\System32\OpenSSH\;C:\ProgramData\chocolatey\bin;C:\Program Files (x86)\Yarn\bin\;C:\Program Files\Git\cmd;C:\Program Files\nodejs\;C:\Users\felip\AppData\Local\Microsoft\WindowsApps;C:\Users\felip\AppData\Local\Programs\Microsoft VS Code\bin;C:\Users\felip\AppData\Local\Yarn\bin;C:\Users\felip\AppData\Local\GitHubDesktop\bin;C:\Users\felip\AppData\Roaming\npm
USERNAME=felip
OS=Windows_NT
PROCESSOR_IDENTIFIER=Intel64 Family 6 Model 23 Stepping 10, GenuineIntel



---------------  S Y S T E M  ---------------

OS: Windows 10 , 64 bit Build 19041 (10.0.19041.1202)
OS uptime: 13 days 23:17 hours

CPU:total 2 (initial active 2) (2 cores per cpu, 1 threads per core) family 6 model 23 stepping 10 microcode 0xa0c, cmov, cx8, fxsr, mmx, sse, sse2, sse3, ssse3, tsc

Memory: 4k page, system-wide physical 4061M (28M free)
TotalPageFile size 4061M (AvailPageFile size 5M)
current process WorkingSet (physical memory assigned to process): 201M, peak: 208M
current process commit charge ("private bytes"): 269M, peak: 271M

vm_info: OpenJDK 64-Bit Server VM (11.0.11+9-b60-7590822) for windows-amd64 JRE (11.0.11+9-b60-7590822), built on Jul 29 2021 21:43:44 by "builder" with MS VC++ 14.0 (VS2015)

END.
