#
# There is insufficient memory for the Java Runtime Environment to continue.
# Native memory allocation (mmap) failed to map 52428800 bytes for Failed to commit area from 0x00000000ecd00000 to 0x00000000eff00000 of length 52428800.
# Possible reasons:
#   The system is out of physical RAM or swap space
#   The process is running with CompressedOops enabled, and the Java Heap may be blocking the growth of the native heap
# Possible solutions:
#   Reduce memory load on the system
#   Increase physical memory or swap space
#   Check if swap backing store is full
#   Decrease Java heap size (-Xmx/-Xms)
#   Decrease number of Java threads
#   Decrease Java thread stack sizes (-Xss)
#   Set larger code cache with -XX:ReservedCodeCacheSize=
#   JVM is running with Unscaled Compressed Oops mode in which the Java heap is
#     placed in the first 4GB address space. The Java Heap base address is the
#     maximum limit for the native heap growth. Please use -XX:HeapBaseMinAddress
#     to set the Java Heap base and to place the Java Heap above 4GB virtual address.
# This output file may be truncated or incomplete.
#
#  Out of Memory Error (./src/hotspot/os/windows/os_windows.cpp:3301), pid=7016, tid=7780
#
# JRE version: OpenJDK Runtime Environment (11.0.11+9) (build 11.0.11+9-b60-7590822)
# Java VM: OpenJDK 64-Bit Server VM (11.0.11+9-b60-7590822, mixed mode, tiered, compressed oops, g1 gc, windows-amd64)
# No core dump will be written. Minidumps are not enabled by default on client versions of Windows
#

---------------  S U M M A R Y ------------

Command Line: --add-opens=java.base/java.util=ALL-UNNAMED --add-opens=java.base/java.lang=ALL-UNNAMED --add-opens=java.base/java.lang.invoke=ALL-UNNAMED --add-opens=java.base/java.util=ALL-UNNAMED --add-opens=java.prefs/java.util.prefs=ALL-UNNAMED --add-opens=java.prefs/java.util.prefs=ALL-UNNAMED --add-opens=java.base/java.nio.charset=ALL-UNNAMED --add-opens=java.base/java.net=ALL-UNNAMED --add-opens=java.base/java.util.concurrent.atomic=ALL-UNNAMED -Xmx512m -Dfile.encoding=UTF-8 -Duser.country=US -Duser.language=en -Duser.variant org.gradle.launcher.daemon.bootstrap.GradleDaemon 7.0.2

Host: Celeron(R) Dual-Core CPU       T3500  @ 2.10GHz, 2 cores, 3G,  Windows 10 , 64 bit Build 19041 (10.0.19041.1348)
Time: Fri Dec  3 14:40:22 2021 E. South America Standard Time elapsed time: 314.311740 seconds (0d 0h 5m 14s)

---------------  T H R E A D  ---------------

Current thread (0x000002d0488f3000):  VMThread "VM Thread" [stack: 0x000000f548f00000,0x000000f549000000] [id=7780]

Stack: [0x000000f548f00000,0x000000f549000000]
[error occurred during error reporting (printing stack bounds), id 0xc0000005, EXCEPTION_ACCESS_VIOLATION (0xc0000005) at pc=0x000002d035690f3d]

Native frames: (J=compiled Java code, j=interpreted, Vv=VM code, C=native code)
V  [jvm.dll+0x5f214a]
V  [jvm.dll+0x726fb5]
V  [jvm.dll+0x7285cd]
V  [jvm.dll+0x728be5]
V  [jvm.dll+0x728b9b]
V  [jvm.dll+0x5f14e8]
V  [jvm.dll+0x5f1c78]
C  [ntdll.dll+0xa20cf]
C  [ntdll.dll+0x51454]
C  [ntdll.dll+0xa0bfe]
C  0x000002d035690f3d

VM_Operation (0x000000f54b5f99b0): G1CollectForAllocation, mode: safepoint, requested by thread 0x000002d04ada1800


---------------  P R O C E S S  ---------------

Threads class SMR info:
_java_thread_list=0x000002d04d87d6e0, length=42, elements={
0x000002d030391000, 0x000002d04891a000, 0x000002d04891e000, 0x000002d048973800,
0x000002d048975800, 0x000002d048977000, 0x000002d04897e800, 0x000002d048989800,
0x000002d04898c000, 0x000002d048bf4800, 0x000002d04a262800, 0x000002d04a5e6000,
0x000002d04a2c7800, 0x000002d049ced800, 0x000002d04a6fd800, 0x000002d04a51f000,
0x000002d04a51f800, 0x000002d04a452000, 0x000002d048c09000, 0x000002d048c0c800,
0x000002d048c08800, 0x000002d048c07800, 0x000002d048c0a000, 0x000002d048c0b000,
0x000002d048c0b800, 0x000002d048c0d000, 0x000002d048c0e000, 0x000002d04ad9c000,
0x000002d04ad9c800, 0x000002d04ad97000, 0x000002d04ad9d800, 0x000002d04ad97800,
0x000002d04ad99800, 0x000002d04ad9e000, 0x000002d04ad98800, 0x000002d04ada1800,
0x000002d04ada2800, 0x000002d04ada0000, 0x000002d04ada3000, 0x000002d04ada4000,
0x000002d04ada5000, 0x000002d04ada5800
}

Java Threads: ( => current thread )
  0x000002d030391000 JavaThread "main" [_thread_blocked, id=6260, stack(0x000000f548900000,0x000000f548a00000)]
  0x000002d04891a000 JavaThread "Reference Handler" daemon [_thread_blocked, id=3308, stack(0x000000f549000000,0x000000f549100000)]
  0x000002d04891e000 JavaThread "Finalizer" daemon [_thread_blocked, id=940, stack(0x000000f549100000,0x000000f549200000)]
  0x000002d048973800 JavaThread "Signal Dispatcher" daemon [_thread_blocked, id=6968, stack(0x000000f549200000,0x000000f549300000)]
  0x000002d048975800 JavaThread "Attach Listener" daemon [_thread_blocked, id=2916, stack(0x000000f549300000,0x000000f549400000)]
  0x000002d048977000 JavaThread "Service Thread" daemon [_thread_blocked, id=5724, stack(0x000000f549400000,0x000000f549500000)]
  0x000002d04897e800 JavaThread "C2 CompilerThread0" daemon [_thread_blocked, id=1948, stack(0x000000f549500000,0x000000f549600000)]
  0x000002d048989800 JavaThread "C1 CompilerThread0" daemon [_thread_blocked, id=5372, stack(0x000000f549600000,0x000000f549700000)]
  0x000002d04898c000 JavaThread "Sweeper thread" daemon [_thread_blocked, id=6304, stack(0x000000f549700000,0x000000f549800000)]
  0x000002d048bf4800 JavaThread "Common-Cleaner" daemon [_thread_blocked, id=2944, stack(0x000000f549800000,0x000000f549900000)]
  0x000002d04a262800 JavaThread "Daemon health stats" [_thread_blocked, id=8400, stack(0x000000f549b00000,0x000000f549c00000)]
  0x000002d04a5e6000 JavaThread "Incoming local TCP Connector on port 1628" [_thread_in_native, id=8672, stack(0x000000f549c00000,0x000000f549d00000)]
  0x000002d04a2c7800 JavaThread "Daemon periodic checks" [_thread_blocked, id=7456, stack(0x000000f549d00000,0x000000f549e00000)]
  0x000002d049ced800 JavaThread "Daemon" [_thread_blocked, id=3180, stack(0x000000f549e00000,0x000000f549f00000)]
  0x000002d04a6fd800 JavaThread "Handler for socket connection from /127.0.0.1:1628 to /127.0.0.1:1629" [_thread_in_native, id=1076, stack(0x000000f549f00000,0x000000f54a000000)]
  0x000002d04a51f000 JavaThread "Cancel handler" [_thread_blocked, id=6464, stack(0x000000f54a000000,0x000000f54a100000)]
  0x000002d04a51f800 JavaThread "Daemon worker" [_thread_blocked, id=3324, stack(0x000000f54a100000,0x000000f54a200000)]
  0x000002d04a452000 JavaThread "Asynchronous log dispatcher for DefaultDaemonConnection: socket connection from /127.0.0.1:1628 to /127.0.0.1:1629" [_thread_blocked, id=5444, stack(0x000000f54a200000,0x000000f54a300000)]
  0x000002d048c09000 JavaThread "Daemon client event forwarder" [_thread_blocked, id=4928, stack(0x000000f54a400000,0x000000f54a500000)]
  0x000002d048c0c800 JavaThread "Cache worker for file hash cache (C:\Users\felip\.gradle\caches\7.0.2\fileHashes)" [_thread_blocked, id=7184, stack(0x000000f54a500000,0x000000f54a600000)]
  0x000002d048c08800 JavaThread "File lock request listener" [_thread_in_native, id=8308, stack(0x000000f54a600000,0x000000f54a700000)]
  0x000002d048c07800 JavaThread "Cache worker for journal cache (C:\Users\felip\.gradle\caches\journal-1)" [_thread_blocked, id=7760, stack(0x000000f54a700000,0x000000f54a800000)]
  0x000002d048c0a000 JavaThread "Cache worker for file hash cache (C:\Users\felip\AndroidStudioProjects\VideoApp\.gradle\7.0.2\fileHashes)" [_thread_blocked, id=2276, stack(0x000000f54a800000,0x000000f54a900000)]
  0x000002d048c0b000 JavaThread "File watcher server" daemon [_thread_blocked, id=4752, stack(0x000000f54a900000,0x000000f54aa00000)]
  0x000002d048c0b800 JavaThread "File watcher consumer" daemon [_thread_blocked, id=3976, stack(0x000000f54aa00000,0x000000f54ab00000)]
  0x000002d048c0d000 JavaThread "Cache worker for checksums cache (C:\Users\felip\AndroidStudioProjects\VideoApp\.gradle\checksums)" [_thread_blocked, id=5456, stack(0x000000f54ab00000,0x000000f54ac00000)]
  0x000002d048c0e000 JavaThread "Cache worker for cache directory md-supplier (C:\Users\felip\.gradle\caches\7.0.2\md-supplier)" [_thread_blocked, id=8352, stack(0x000000f54ac00000,0x000000f54ad00000)]
  0x000002d04ad9c000 JavaThread "Cache worker for cache directory md-rule (C:\Users\felip\.gradle\caches\7.0.2\md-rule)" [_thread_blocked, id=2908, stack(0x000000f54ad00000,0x000000f54ae00000)]
  0x000002d04ad9c800 JavaThread "Cache worker for execution history cache (C:\Users\felip\.gradle\caches\7.0.2\executionHistory)" [_thread_blocked, id=3912, stack(0x000000f54ae00000,0x000000f54af00000)]
  0x000002d04ad97000 JavaThread "jar transforms" [_thread_blocked, id=5164, stack(0x000000f54af00000,0x000000f54b000000)]
  0x000002d04ad9d800 JavaThread "jar transforms Thread 2" [_thread_blocked, id=2532, stack(0x000000f54b000000,0x000000f54b100000)]
  0x000002d04ad97800 JavaThread "Cache worker for file content cache (C:\Users\felip\.gradle\caches\7.0.2\fileContent)" [_thread_blocked, id=7948, stack(0x000000f54b100000,0x000000f54b200000)]
  0x000002d04ad99800 JavaThread "Cache worker for dependencies-accessors (C:\Users\felip\AndroidStudioProjects\VideoApp\.gradle\7.0.2\dependencies-accessors)" [_thread_blocked, id=6392, stack(0x000000f54b200000,0x000000f54b300000)]
  0x000002d04ad9e000 JavaThread "Cache worker for Build Output Cleanup Cache (C:\Users\felip\AndroidStudioProjects\VideoApp\.gradle\buildOutputCleanup)" [_thread_blocked, id=1968, stack(0x000000f54b300000,0x000000f54b400000)]
  0x000002d04ad98800 JavaThread "Build operations" [_thread_blocked, id=4156, stack(0x000000f54b400000,0x000000f54b500000)]
  0x000002d04ada1800 JavaThread "Build operations Thread 2" [_thread_blocked, id=2652, stack(0x000000f54b500000,0x000000f54b600000)]
  0x000002d04ada2800 JavaThread "Memory manager" [_thread_blocked, id=1112, stack(0x000000f54b800000,0x000000f54b900000)]
  0x000002d04ada0000 JavaThread "build event listener" [_thread_blocked, id=6660, stack(0x000000f54b900000,0x000000f54ba00000)]
  0x000002d04ada3000 JavaThread "build event listener" [_thread_blocked, id=3624, stack(0x000000f548600000,0x000000f548700000)]
  0x000002d04ada4000 JavaThread "Execution worker for ':'" [_thread_blocked, id=6256, stack(0x000000f548700000,0x000000f548800000)]
  0x000002d04ada5000 JavaThread "Cache worker for execution history cache (C:\Users\felip\AndroidStudioProjects\VideoApp\.gradle\7.0.2\executionHistory)" [_thread_blocked, id=5924, stack(0x000000f548800000,0x000000f548900000)]
  0x000002d04ada5800 JavaThread "WorkerExecutor Queue" [_thread_blocked, id=8636, stack(0x000000f54a300000,0x000000f54a400000)]

Other Threads:
=>0x000002d0488f3000 VMThread "VM Thread" [stack: 0x000000f548f00000,0x000000f549000000] [id=7780]
  0x000002d048bfa800 WatcherThread [stack: 0x000000f549900000,0x000000f549a00000] [id=6740]
  0x000002d0303aa000 GCTaskThread "GC Thread#0" [stack: 0x000000f548a00000,0x000000f548b00000] [id=5324]
  0x000002d048dc8000 GCTaskThread "GC Thread#1" [stack: 0x000000f549a00000,0x000000f549b00000] [id=2804]
  0x000002d0303bb000 ConcurrentGCThread "G1 Main Marker" [stack: 0x000000f548b00000,0x000000f548c00000] [id=5832]
  0x000002d0303bc800 ConcurrentGCThread "G1 Conc#0" [stack: 0x000000f548c00000,0x000000f548d00000] [id=5356]
  0x000002d03040e800 ConcurrentGCThread "G1 Refine#0" [stack: 0x000000f548d00000,0x000000f548e00000] [id=2644]
  0x000002d03040f800 ConcurrentGCThread "G1 Young RemSet Sampling" [stack: 0x000000f548e00000,0x000000f548f00000] [id=8612]

Threads with active compile tasks:
C2 CompilerThread0 314513 15615       4       com.android.tools.r8.ir.regalloc.b::x (28 bytes)

VM state:at safepoint (normal execution)

VM Mutex/Monitor currently owned by a thread:  ([mutex/lock_event])
[0x000002d03038ecc0] Threads_lock - owner thread: 0x000002d0488f3000
[0x000002d03038ea80] Heap_lock - owner thread: 0x000002d04ada1800

Heap address: 0x00000000e0000000, size: 512 MB, Compressed Oops mode: 32-bit
Narrow klass base: 0x0000000000000000, Narrow klass shift: 3
Compressed class space size: 1073741824 Address: 0x0000000100000000

Heap:
 garbage-first heap   total 261120K, used 167270K [0x00000000e0000000, 0x0000000100000000)
  region size 1024K, 3 young (3072K), 3 survivors (3072K)
 Metaspace       used 102766K, capacity 105313K, committed 105468K, reserved 1140736K
  class space    used 13188K, capacity 14171K, committed 14208K, reserved 1048576K
Heap Regions: E=young(eden), S=young(survivor), O=old, HS=humongous(starts), HC=humongous(continues), CS=collection set, F=free, A=archive, TAMS=top-at-mark-start (previous, next)
|   0|0x00000000e0000000, 0x00000000e0100000, 0x00000000e0100000|100%| O|  |TAMS 0x00000000e0100000, 0x00000000e0000000| Untracked 
|   1|0x00000000e0100000, 0x00000000e0200000, 0x00000000e0200000|100%| O|  |TAMS 0x00000000e0200000, 0x00000000e0100000| Untracked 
|   2|0x00000000e0200000, 0x00000000e0300000, 0x00000000e0300000|100%| O|  |TAMS 0x00000000e0300000, 0x00000000e0200000| Untracked 
|   3|0x00000000e0300000, 0x00000000e0400000, 0x00000000e0400000|100%| O|  |TAMS 0x00000000e0400000, 0x00000000e0300000| Untracked 
|   4|0x00000000e0400000, 0x00000000e0500000, 0x00000000e0500000|100%|HS|  |TAMS 0x00000000e0500000, 0x00000000e0400000| Complete 
|   5|0x00000000e0500000, 0x00000000e0600000, 0x00000000e0600000|100%|HC|  |TAMS 0x00000000e0600000, 0x00000000e0500000| Complete 
|   6|0x00000000e0600000, 0x00000000e0700000, 0x00000000e0700000|100%|HC|  |TAMS 0x00000000e0700000, 0x00000000e0600000| Complete 
|   7|0x00000000e0700000, 0x00000000e0800000, 0x00000000e0800000|100%| O|  |TAMS 0x00000000e0800000, 0x00000000e0700000| Untracked 
|   8|0x00000000e0800000, 0x00000000e0900000, 0x00000000e0900000|100%| O|  |TAMS 0x00000000e0900000, 0x00000000e0800000| Untracked 
|   9|0x00000000e0900000, 0x00000000e0a00000, 0x00000000e0a00000|100%| O|  |TAMS 0x00000000e0a00000, 0x00000000e0900000| Untracked 
|  10|0x00000000e0a00000, 0x00000000e0b00000, 0x00000000e0b00000|100%| O|  |TAMS 0x00000000e0b00000, 0x00000000e0a00000| Untracked 
|  11|0x00000000e0b00000, 0x00000000e0c00000, 0x00000000e0c00000|100%| O|  |TAMS 0x00000000e0c00000, 0x00000000e0b00000| Untracked 
|  12|0x00000000e0c00000, 0x00000000e0d00000, 0x00000000e0d00000|100%| O|  |TAMS 0x00000000e0d00000, 0x00000000e0c00000| Untracked 
|  13|0x00000000e0d00000, 0x00000000e0e00000, 0x00000000e0e00000|100%| O|  |TAMS 0x00000000e0e00000, 0x00000000e0d00000| Untracked 
|  14|0x00000000e0e00000, 0x00000000e0f00000, 0x00000000e0f00000|100%| O|  |TAMS 0x00000000e0f00000, 0x00000000e0e00000| Untracked 
|  15|0x00000000e0f00000, 0x00000000e1000000, 0x00000000e1000000|100%| O|  |TAMS 0x00000000e1000000, 0x00000000e0f00000| Untracked 
|  16|0x00000000e1000000, 0x00000000e1100000, 0x00000000e1100000|100%| O|  |TAMS 0x00000000e1100000, 0x00000000e1000000| Untracked 
|  17|0x00000000e1100000, 0x00000000e1200000, 0x00000000e1200000|100%| O|  |TAMS 0x00000000e1200000, 0x00000000e1100000| Untracked 
|  18|0x00000000e1200000, 0x00000000e1300000, 0x00000000e1300000|100%| O|  |TAMS 0x00000000e1300000, 0x00000000e1200000| Untracked 
|  19|0x00000000e1300000, 0x00000000e1400000, 0x00000000e1400000|100%| O|  |TAMS 0x00000000e1400000, 0x00000000e1300000| Untracked 
|  20|0x00000000e1400000, 0x00000000e1500000, 0x00000000e1500000|100%| O|  |TAMS 0x00000000e1500000, 0x00000000e1400000| Untracked 
|  21|0x00000000e1500000, 0x00000000e1600000, 0x00000000e1600000|100%| O|  |TAMS 0x00000000e1600000, 0x00000000e1500000| Untracked 
|  22|0x00000000e1600000, 0x00000000e1700000, 0x00000000e1700000|100%| O|  |TAMS 0x00000000e1700000, 0x00000000e1600000| Untracked 
|  23|0x00000000e1700000, 0x00000000e1800000, 0x00000000e1800000|100%| O|  |TAMS 0x00000000e1800000, 0x00000000e1700000| Untracked 
|  24|0x00000000e1800000, 0x00000000e1900000, 0x00000000e1900000|100%| O|  |TAMS 0x00000000e1900000, 0x00000000e1800000| Untracked 
|  25|0x00000000e1900000, 0x00000000e1a00000, 0x00000000e1a00000|100%| O|  |TAMS 0x00000000e1a00000, 0x00000000e1900000| Untracked 
|  26|0x00000000e1a00000, 0x00000000e1b00000, 0x00000000e1b00000|100%| O|  |TAMS 0x00000000e1b00000, 0x00000000e1a00000| Untracked 
|  27|0x00000000e1b00000, 0x00000000e1c00000, 0x00000000e1c00000|100%|HS|  |TAMS 0x00000000e1c00000, 0x00000000e1b00000| Complete 
|  28|0x00000000e1c00000, 0x00000000e1d00000, 0x00000000e1d00000|100%|HS|  |TAMS 0x00000000e1d00000, 0x00000000e1c00000| Complete 
|  29|0x00000000e1d00000, 0x00000000e1e00000, 0x00000000e1e00000|100%| O|  |TAMS 0x00000000e1e00000, 0x00000000e1d00000| Untracked 
|  30|0x00000000e1e00000, 0x00000000e1f00000, 0x00000000e1f00000|100%|HS|  |TAMS 0x00000000e1f00000, 0x00000000e1e00000| Complete 
|  31|0x00000000e1f00000, 0x00000000e2000000, 0x00000000e2000000|100%| O|  |TAMS 0x00000000e2000000, 0x00000000e1f00000| Untracked 
|  32|0x00000000e2000000, 0x00000000e2100000, 0x00000000e2100000|100%| O|  |TAMS 0x00000000e2100000, 0x00000000e2000000| Untracked 
|  33|0x00000000e2100000, 0x00000000e2200000, 0x00000000e2200000|100%| O|  |TAMS 0x00000000e2200000, 0x00000000e2100000| Untracked 
|  34|0x00000000e2200000, 0x00000000e2300000, 0x00000000e2300000|100%| O|  |TAMS 0x00000000e2300000, 0x00000000e2200000| Untracked 
|  35|0x00000000e2300000, 0x00000000e2400000, 0x00000000e2400000|100%| O|  |TAMS 0x00000000e2400000, 0x00000000e2300000| Untracked 
|  36|0x00000000e2400000, 0x00000000e2500000, 0x00000000e2500000|100%|HS|  |TAMS 0x00000000e2500000, 0x00000000e2400000| Complete 
|  37|0x00000000e2500000, 0x00000000e2600000, 0x00000000e2600000|100%|HC|  |TAMS 0x00000000e2600000, 0x00000000e2500000| Complete 
|  38|0x00000000e2600000, 0x00000000e2700000, 0x00000000e2700000|100%|HC|  |TAMS 0x00000000e2700000, 0x00000000e2600000| Complete 
|  39|0x00000000e2700000, 0x00000000e2800000, 0x00000000e2800000|100%| O|  |TAMS 0x00000000e2800000, 0x00000000e2700000| Untracked 
|  40|0x00000000e2800000, 0x00000000e2900000, 0x00000000e2900000|100%| O|  |TAMS 0x00000000e2900000, 0x00000000e2800000| Untracked 
|  41|0x00000000e2900000, 0x00000000e2a00000, 0x00000000e2a00000|100%|HS|  |TAMS 0x00000000e2a00000, 0x00000000e2900000| Complete 
|  42|0x00000000e2a00000, 0x00000000e2b00000, 0x00000000e2b00000|100%|HC|  |TAMS 0x00000000e2b00000, 0x00000000e2a00000| Complete 
|  43|0x00000000e2b00000, 0x00000000e2c00000, 0x00000000e2c00000|100%| O|  |TAMS 0x00000000e2b00000, 0x00000000e2b00000| Untracked 
|  44|0x00000000e2c00000, 0x00000000e2d00000, 0x00000000e2d00000|100%| O|  |TAMS 0x00000000e2d00000, 0x00000000e2c00000| Untracked 
|  45|0x00000000e2d00000, 0x00000000e2e00000, 0x00000000e2e00000|100%| O|  |TAMS 0x00000000e2d00000, 0x00000000e2d00000| Untracked 
|  46|0x00000000e2e00000, 0x00000000e2f00000, 0x00000000e2f00000|100%| O|  |TAMS 0x00000000e2f00000, 0x00000000e2e00000| Untracked 
|  47|0x00000000e2f00000, 0x00000000e3000000, 0x00000000e3000000|100%| O|  |TAMS 0x00000000e3000000, 0x00000000e2f00000| Untracked 
|  48|0x00000000e3000000, 0x00000000e3100000, 0x00000000e3100000|100%| O|  |TAMS 0x00000000e3100000, 0x00000000e3000000| Untracked 
|  49|0x00000000e3100000, 0x00000000e3200000, 0x00000000e3200000|100%| O|  |TAMS 0x00000000e3200000, 0x00000000e3100000| Untracked 
|  50|0x00000000e3200000, 0x00000000e3300000, 0x00000000e3300000|100%| O|  |TAMS 0x00000000e3300000, 0x00000000e3200000| Untracked 
|  51|0x00000000e3300000, 0x00000000e3400000, 0x00000000e3400000|100%| O|  |TAMS 0x00000000e3400000, 0x00000000e3300000| Untracked 
|  52|0x00000000e3400000, 0x00000000e3500000, 0x00000000e3500000|100%| O|  |TAMS 0x00000000e3500000, 0x00000000e3400000| Untracked 
|  53|0x00000000e3500000, 0x00000000e3600000, 0x00000000e3600000|100%| O|  |TAMS 0x00000000e3600000, 0x00000000e3500000| Untracked 
|  54|0x00000000e3600000, 0x00000000e3700000, 0x00000000e3700000|100%| O|  |TAMS 0x00000000e3600000, 0x00000000e3600000| Untracked 
|  55|0x00000000e3700000, 0x00000000e3800000, 0x00000000e3800000|100%| O|  |TAMS 0x00000000e3800000, 0x00000000e3700000| Untracked 
|  56|0x00000000e3800000, 0x00000000e3900000, 0x00000000e3900000|100%| O|  |TAMS 0x00000000e3900000, 0x00000000e3800000| Untracked 
|  57|0x00000000e3900000, 0x00000000e3a00000, 0x00000000e3a00000|100%| O|  |TAMS 0x00000000e3a00000, 0x00000000e3900000| Untracked 
|  58|0x00000000e3a00000, 0x00000000e3b00000, 0x00000000e3b00000|100%| O|  |TAMS 0x00000000e3b00000, 0x00000000e3a00000| Untracked 
|  59|0x00000000e3b00000, 0x00000000e3c00000, 0x00000000e3c00000|100%| O|  |TAMS 0x00000000e3c00000, 0x00000000e3b00000| Untracked 
|  60|0x00000000e3c00000, 0x00000000e3d00000, 0x00000000e3d00000|100%| O|  |TAMS 0x00000000e3d00000, 0x00000000e3c00000| Untracked 
|  61|0x00000000e3d00000, 0x00000000e3e00000, 0x00000000e3e00000|100%| O|  |TAMS 0x00000000e3e00000, 0x00000000e3d00000| Untracked 
|  62|0x00000000e3e00000, 0x00000000e3f00000, 0x00000000e3f00000|100%| O|  |TAMS 0x00000000e3f00000, 0x00000000e3e00000| Untracked 
|  63|0x00000000e3f00000, 0x00000000e4000000, 0x00000000e4000000|100%| O|  |TAMS 0x00000000e4000000, 0x00000000e3f00000| Untracked 
|  64|0x00000000e4000000, 0x00000000e4100000, 0x00000000e4100000|100%| O|  |TAMS 0x00000000e4100000, 0x00000000e4000000| Untracked 
|  65|0x00000000e4100000, 0x00000000e4200000, 0x00000000e4200000|100%| O|  |TAMS 0x00000000e4200000, 0x00000000e4100000| Untracked 
|  66|0x00000000e4200000, 0x00000000e4300000, 0x00000000e4300000|100%| O|  |TAMS 0x00000000e4300000, 0x00000000e4200000| Untracked 
|  67|0x00000000e4300000, 0x00000000e4400000, 0x00000000e4400000|100%| O|  |TAMS 0x00000000e4400000, 0x00000000e4300000| Untracked 
|  68|0x00000000e4400000, 0x00000000e4500000, 0x00000000e4500000|100%| O|  |TAMS 0x00000000e4500000, 0x00000000e4400000| Untracked 
|  69|0x00000000e4500000, 0x00000000e4600000, 0x00000000e4600000|100%| O|  |TAMS 0x00000000e4600000, 0x00000000e4500000| Untracked 
|  70|0x00000000e4600000, 0x00000000e4700000, 0x00000000e4700000|100%| O|  |TAMS 0x00000000e4700000, 0x00000000e4600000| Untracked 
|  71|0x00000000e4700000, 0x00000000e4800000, 0x00000000e4800000|100%| O|  |TAMS 0x00000000e4800000, 0x00000000e4700000| Untracked 
|  72|0x00000000e4800000, 0x00000000e4900000, 0x00000000e4900000|100%| O|  |TAMS 0x00000000e4900000, 0x00000000e4800000| Untracked 
|  73|0x00000000e4900000, 0x00000000e4a00000, 0x00000000e4a00000|100%| O|  |TAMS 0x00000000e4a00000, 0x00000000e4900000| Untracked 
|  74|0x00000000e4a00000, 0x00000000e4b00000, 0x00000000e4b00000|100%| O|  |TAMS 0x00000000e4b00000, 0x00000000e4a00000| Untracked 
|  75|0x00000000e4b00000, 0x00000000e4c00000, 0x00000000e4c00000|100%| O|  |TAMS 0x00000000e4c00000, 0x00000000e4b00000| Untracked 
|  76|0x00000000e4c00000, 0x00000000e4d00000, 0x00000000e4d00000|100%| O|  |TAMS 0x00000000e4d00000, 0x00000000e4c00000| Untracked 
|  77|0x00000000e4d00000, 0x00000000e4e00000, 0x00000000e4e00000|100%| O|  |TAMS 0x00000000e4e00000, 0x00000000e4d00000| Untracked 
|  78|0x00000000e4e00000, 0x00000000e4f00000, 0x00000000e4f00000|100%| O|  |TAMS 0x00000000e4f00000, 0x00000000e4e00000| Untracked 
|  79|0x00000000e4f00000, 0x00000000e5000000, 0x00000000e5000000|100%| O|  |TAMS 0x00000000e5000000, 0x00000000e4f00000| Untracked 
|  80|0x00000000e5000000, 0x00000000e5100000, 0x00000000e5100000|100%| O|  |TAMS 0x00000000e5100000, 0x00000000e5000000| Untracked 
|  81|0x00000000e5100000, 0x00000000e5200000, 0x00000000e5200000|100%| O|  |TAMS 0x00000000e5200000, 0x00000000e5100000| Untracked 
|  82|0x00000000e5200000, 0x00000000e5300000, 0x00000000e5300000|100%| O|  |TAMS 0x00000000e5300000, 0x00000000e5200000| Untracked 
|  83|0x00000000e5300000, 0x00000000e5400000, 0x00000000e5400000|100%| O|  |TAMS 0x00000000e5400000, 0x00000000e5300000| Untracked 
|  84|0x00000000e5400000, 0x00000000e5500000, 0x00000000e5500000|100%| O|  |TAMS 0x00000000e5500000, 0x00000000e5400000| Untracked 
|  85|0x00000000e5500000, 0x00000000e5600000, 0x00000000e5600000|100%| O|  |TAMS 0x00000000e5600000, 0x00000000e5500000| Untracked 
|  86|0x00000000e5600000, 0x00000000e5700000, 0x00000000e5700000|100%| O|  |TAMS 0x00000000e5700000, 0x00000000e5600000| Untracked 
|  87|0x00000000e5700000, 0x00000000e5800000, 0x00000000e5800000|100%|HS|  |TAMS 0x00000000e5800000, 0x00000000e5700000| Complete 
|  88|0x00000000e5800000, 0x00000000e5900000, 0x00000000e5900000|100%| O|  |TAMS 0x00000000e5900000, 0x00000000e5800000| Untracked 
|  89|0x00000000e5900000, 0x00000000e5a00000, 0x00000000e5a00000|100%| O|  |TAMS 0x00000000e5a00000, 0x00000000e5900000| Untracked 
|  90|0x00000000e5a00000, 0x00000000e5b00000, 0x00000000e5b00000|100%| O|  |TAMS 0x00000000e5b00000, 0x00000000e5a00000| Untracked 
|  91|0x00000000e5b00000, 0x00000000e5c00000, 0x00000000e5c00000|100%| O|  |TAMS 0x00000000e5c00000, 0x00000000e5b00000| Untracked 
|  92|0x00000000e5c00000, 0x00000000e5d00000, 0x00000000e5d00000|100%| O|  |TAMS 0x00000000e5d00000, 0x00000000e5c00000| Untracked 
|  93|0x00000000e5d00000, 0x00000000e5e00000, 0x00000000e5e00000|100%| O|  |TAMS 0x00000000e5e00000, 0x00000000e5d00000| Untracked 
|  94|0x00000000e5e00000, 0x00000000e5f00000, 0x00000000e5f00000|100%| O|  |TAMS 0x00000000e5f00000, 0x00000000e5e00000| Untracked 
|  95|0x00000000e5f00000, 0x00000000e6000000, 0x00000000e6000000|100%| O|  |TAMS 0x00000000e6000000, 0x00000000e5f00000| Untracked 
|  96|0x00000000e6000000, 0x00000000e6100000, 0x00000000e6100000|100%| O|  |TAMS 0x00000000e6100000, 0x00000000e6000000| Untracked 
|  97|0x00000000e6100000, 0x00000000e6200000, 0x00000000e6200000|100%| O|  |TAMS 0x00000000e6200000, 0x00000000e6100000| Untracked 
|  98|0x00000000e6200000, 0x00000000e6300000, 0x00000000e6300000|100%| O|  |TAMS 0x00000000e6300000, 0x00000000e6200000| Untracked 
|  99|0x00000000e6300000, 0x00000000e6400000, 0x00000000e6400000|100%| O|  |TAMS 0x00000000e6400000, 0x00000000e6300000| Untracked 
| 100|0x00000000e6400000, 0x00000000e6500000, 0x00000000e6500000|100%| O|  |TAMS 0x00000000e6500000, 0x00000000e6400000| Untracked 
| 101|0x00000000e6500000, 0x00000000e6600000, 0x00000000e6600000|100%| O|  |TAMS 0x00000000e6600000, 0x00000000e6500000| Untracked 
| 102|0x00000000e6600000, 0x00000000e6700000, 0x00000000e6700000|100%| O|  |TAMS 0x00000000e6700000, 0x00000000e6600000| Untracked 
| 103|0x00000000e6700000, 0x00000000e6800000, 0x00000000e6800000|100%| O|  |TAMS 0x00000000e6800000, 0x00000000e6700000| Untracked 
| 104|0x00000000e6800000, 0x00000000e6900000, 0x00000000e6900000|100%| O|  |TAMS 0x00000000e6900000, 0x00000000e6800000| Untracked 
| 105|0x00000000e6900000, 0x00000000e6a00000, 0x00000000e6a00000|100%| O|  |TAMS 0x00000000e6982400, 0x00000000e6900000| Untracked 
| 106|0x00000000e6a00000, 0x00000000e6b00000, 0x00000000e6b00000|100%| O|  |TAMS 0x00000000e6a00000, 0x00000000e6a00000| Untracked 
| 107|0x00000000e6b00000, 0x00000000e6c00000, 0x00000000e6c00000|100%| O|  |TAMS 0x00000000e6c00000, 0x00000000e6b00000| Untracked 
| 108|0x00000000e6c00000, 0x00000000e6d00000, 0x00000000e6d00000|100%| O|  |TAMS 0x00000000e6d00000, 0x00000000e6c00000| Untracked 
| 109|0x00000000e6d00000, 0x00000000e6e00000, 0x00000000e6e00000|100%| O|  |TAMS 0x00000000e6e00000, 0x00000000e6d00000| Untracked 
| 110|0x00000000e6e00000, 0x00000000e6f00000, 0x00000000e6f00000|100%| O|  |TAMS 0x00000000e6f00000, 0x00000000e6e00000| Untracked 
| 111|0x00000000e6f00000, 0x00000000e7000000, 0x00000000e7000000|100%| O|  |TAMS 0x00000000e6f00000, 0x00000000e6f00000| Untracked 
| 112|0x00000000e7000000, 0x00000000e7100000, 0x00000000e7100000|100%| O|  |TAMS 0x00000000e7100000, 0x00000000e7000000| Untracked 
| 113|0x00000000e7100000, 0x00000000e7200000, 0x00000000e7200000|100%| O|  |TAMS 0x00000000e7100000, 0x00000000e7100000| Untracked 
| 114|0x00000000e7200000, 0x00000000e7300000, 0x00000000e7300000|100%| O|  |TAMS 0x00000000e7300000, 0x00000000e7200000| Untracked 
| 115|0x00000000e7300000, 0x00000000e7400000, 0x00000000e7400000|100%| O|  |TAMS 0x00000000e7300000, 0x00000000e7300000| Untracked 
| 116|0x00000000e7400000, 0x00000000e7500000, 0x00000000e7500000|100%| O|  |TAMS 0x00000000e7500000, 0x00000000e7400000| Untracked 
| 117|0x00000000e7500000, 0x00000000e7600000, 0x00000000e7600000|100%| O|  |TAMS 0x00000000e7600000, 0x00000000e7500000| Untracked 
| 118|0x00000000e7600000, 0x00000000e7700000, 0x00000000e7700000|100%| O|  |TAMS 0x00000000e7700000, 0x00000000e7600000| Untracked 
| 119|0x00000000e7700000, 0x00000000e7800000, 0x00000000e7800000|100%| O|  |TAMS 0x00000000e7800000, 0x00000000e7700000| Untracked 
| 120|0x00000000e7800000, 0x00000000e7900000, 0x00000000e7900000|100%| O|  |TAMS 0x00000000e7800000, 0x00000000e7800000| Untracked 
| 121|0x00000000e7900000, 0x00000000e7a00000, 0x00000000e7a00000|100%| O|  |TAMS 0x00000000e7a00000, 0x00000000e7900000| Untracked 
| 122|0x00000000e7a00000, 0x00000000e7b00000, 0x00000000e7b00000|100%| O|  |TAMS 0x00000000e7b00000, 0x00000000e7a00000| Untracked 
| 123|0x00000000e7b00000, 0x00000000e7c00000, 0x00000000e7c00000|100%| O|  |TAMS 0x00000000e7b00000, 0x00000000e7b00000| Untracked 
| 124|0x00000000e7c00000, 0x00000000e7d00000, 0x00000000e7d00000|100%| O|  |TAMS 0x00000000e7c00000, 0x00000000e7c00000| Untracked 
| 125|0x00000000e7d00000, 0x00000000e7e00000, 0x00000000e7e00000|100%| O|  |TAMS 0x00000000e7d00000, 0x00000000e7d00000| Untracked 
| 126|0x00000000e7e00000, 0x00000000e7f00000, 0x00000000e7f00000|100%| O|  |TAMS 0x00000000e7e00000, 0x00000000e7e00000| Untracked 
| 127|0x00000000e7f00000, 0x00000000e8000000, 0x00000000e8000000|100%| O|  |TAMS 0x00000000e7f00000, 0x00000000e7f00000| Untracked 
| 128|0x00000000e8000000, 0x00000000e8100000, 0x00000000e8100000|100%| O|  |TAMS 0x00000000e8100000, 0x00000000e8000000| Untracked 
| 129|0x00000000e8100000, 0x00000000e8200000, 0x00000000e8200000|100%| O|  |TAMS 0x00000000e8200000, 0x00000000e8100000| Untracked 
| 130|0x00000000e8200000, 0x00000000e8300000, 0x00000000e8300000|100%| O|  |TAMS 0x00000000e8300000, 0x00000000e8200000| Untracked 
| 131|0x00000000e8300000, 0x00000000e8400000, 0x00000000e8400000|100%| O|  |TAMS 0x00000000e8400000, 0x00000000e8300000| Untracked 
| 132|0x00000000e8400000, 0x00000000e8500000, 0x00000000e8500000|100%| O|  |TAMS 0x00000000e8500000, 0x00000000e8400000| Untracked 
| 133|0x00000000e8500000, 0x00000000e8600000, 0x00000000e8600000|100%| O|  |TAMS 0x00000000e8600000, 0x00000000e8500000| Untracked 
| 134|0x00000000e8600000, 0x00000000e8700000, 0x00000000e8700000|100%| O|  |TAMS 0x00000000e8700000, 0x00000000e8600000| Untracked 
| 135|0x00000000e8700000, 0x00000000e8800000, 0x00000000e8800000|100%| O|  |TAMS 0x00000000e8800000, 0x00000000e8700000| Untracked 
| 136|0x00000000e8800000, 0x00000000e8900000, 0x00000000e8900000|100%| O|  |TAMS 0x00000000e8900000, 0x00000000e8800000| Untracked 
| 137|0x00000000e8900000, 0x00000000e8a00000, 0x00000000e8a00000|100%| O|  |TAMS 0x00000000e8a00000, 0x00000000e8900000| Untracked 
| 138|0x00000000e8a00000, 0x00000000e8b00000, 0x00000000e8b00000|100%| O|  |TAMS 0x00000000e8b00000, 0x00000000e8a00000| Untracked 
| 139|0x00000000e8b00000, 0x00000000e8c00000, 0x00000000e8c00000|100%| O|  |TAMS 0x00000000e8c00000, 0x00000000e8b00000| Untracked 
| 140|0x00000000e8c00000, 0x00000000e8d00000, 0x00000000e8d00000|100%| O|  |TAMS 0x00000000e8c00000, 0x00000000e8c00000| Untracked 
| 141|0x00000000e8d00000, 0x00000000e8e00000, 0x00000000e8e00000|100%| O|  |TAMS 0x00000000e8e00000, 0x00000000e8d00000| Untracked 
| 142|0x00000000e8e00000, 0x00000000e8f00000, 0x00000000e8f00000|100%| O|  |TAMS 0x00000000e8f00000, 0x00000000e8e00000| Untracked 
| 143|0x00000000e8f00000, 0x00000000e9000000, 0x00000000e9000000|100%| O|  |TAMS 0x00000000e9000000, 0x00000000e8f00000| Untracked 
| 144|0x00000000e9000000, 0x00000000e9100000, 0x00000000e9100000|100%| O|  |TAMS 0x00000000e9100000, 0x00000000e9000000| Untracked 
| 145|0x00000000e9100000, 0x00000000e9200000, 0x00000000e9200000|100%| O|  |TAMS 0x00000000e9200000, 0x00000000e9100000| Untracked 
| 146|0x00000000e9200000, 0x00000000e9300000, 0x00000000e9300000|100%| O|  |TAMS 0x00000000e9200000, 0x00000000e9200000| Untracked 
| 147|0x00000000e9300000, 0x00000000e9400000, 0x00000000e9400000|100%| O|  |TAMS 0x00000000e9300000, 0x00000000e9300000| Untracked 
| 148|0x00000000e9400000, 0x00000000e9500000, 0x00000000e9500000|100%| O|  |TAMS 0x00000000e9400000, 0x00000000e9400000| Untracked 
| 149|0x00000000e9500000, 0x00000000e9600000, 0x00000000e9600000|100%| O|  |TAMS 0x00000000e9500000, 0x00000000e9500000| Untracked 
| 150|0x00000000e9600000, 0x00000000e9700000, 0x00000000e9700000|100%| O|  |TAMS 0x00000000e9600000, 0x00000000e9600000| Untracked 
| 151|0x00000000e9700000, 0x00000000e9800000, 0x00000000e9800000|100%| O|  |TAMS 0x00000000e9700000, 0x00000000e9700000| Untracked 
| 152|0x00000000e9800000, 0x00000000e9900000, 0x00000000e9900000|100%| O|  |TAMS 0x00000000e9800000, 0x00000000e9800000| Untracked 
| 153|0x00000000e9900000, 0x00000000e9a00000, 0x00000000e9a00000|100%| O|  |TAMS 0x00000000e9900000, 0x00000000e9900000| Untracked 
| 154|0x00000000e9a00000, 0x00000000e9a59a00, 0x00000000e9b00000| 35%| O|  |TAMS 0x00000000e9a00000, 0x00000000e9a00000| Untracked 
| 155|0x00000000e9b00000, 0x00000000e9b00000, 0x00000000e9c00000|  0%| F|  |TAMS 0x00000000e9b00000, 0x00000000e9b00000| Untracked 
| 156|0x00000000e9c00000, 0x00000000e9c00000, 0x00000000e9d00000|  0%| F|  |TAMS 0x00000000e9c00000, 0x00000000e9c00000| Untracked 
| 157|0x00000000e9d00000, 0x00000000e9e00000, 0x00000000e9e00000|100%| O|  |TAMS 0x00000000e9e00000, 0x00000000e9d00000| Untracked 
| 158|0x00000000e9e00000, 0x00000000e9f00000, 0x00000000e9f00000|100%| O|  |TAMS 0x00000000e9f00000, 0x00000000e9e00000| Untracked 
| 159|0x00000000e9f00000, 0x00000000ea000000, 0x00000000ea000000|100%| O|  |TAMS 0x00000000ea000000, 0x00000000e9f00000| Untracked 
| 160|0x00000000ea000000, 0x00000000ea000000, 0x00000000ea100000|  0%| F|  |TAMS 0x00000000ea000000, 0x00000000ea000000| Untracked 
| 161|0x00000000ea100000, 0x00000000ea200000, 0x00000000ea200000|100%| O|  |TAMS 0x00000000ea200000, 0x00000000ea100000| Untracked 
| 162|0x00000000ea200000, 0x00000000ea300000, 0x00000000ea300000|100%| O|  |TAMS 0x00000000ea300000, 0x00000000ea200000| Untracked 
| 163|0x00000000ea300000, 0x00000000ea400000, 0x00000000ea400000|100%| O|  |TAMS 0x00000000ea400000, 0x00000000ea300000| Untracked 
| 164|0x00000000ea400000, 0x00000000ea400000, 0x00000000ea500000|  0%| F|  |TAMS 0x00000000ea400000, 0x00000000ea400000| Untracked 
| 165|0x00000000ea500000, 0x00000000ea500000, 0x00000000ea600000|  0%| F|  |TAMS 0x00000000ea500000, 0x00000000ea500000| Untracked 
| 166|0x00000000ea600000, 0x00000000ea600000, 0x00000000ea700000|  0%| F|  |TAMS 0x00000000ea600000, 0x00000000ea600000| Untracked 
| 167|0x00000000ea700000, 0x00000000ea700000, 0x00000000ea800000|  0%| F|  |TAMS 0x00000000ea700000, 0x00000000ea700000| Untracked 
| 168|0x00000000ea800000, 0x00000000ea800000, 0x00000000ea900000|  0%| F|  |TAMS 0x00000000ea800000, 0x00000000ea800000| Untracked 
| 169|0x00000000ea900000, 0x00000000ea900000, 0x00000000eaa00000|  0%| F|  |TAMS 0x00000000ea900000, 0x00000000ea900000| Untracked 
| 170|0x00000000eaa00000, 0x00000000eaa00000, 0x00000000eab00000|  0%| F|  |TAMS 0x00000000eaa00000, 0x00000000eaa00000| Untracked 
| 171|0x00000000eab00000, 0x00000000eab00000, 0x00000000eac00000|  0%| F|  |TAMS 0x00000000eab00000, 0x00000000eab00000| Untracked 
| 172|0x00000000eac00000, 0x00000000eac00000, 0x00000000ead00000|  0%| F|  |TAMS 0x00000000eac00000, 0x00000000eac00000| Untracked 
| 173|0x00000000ead00000, 0x00000000ead00000, 0x00000000eae00000|  0%| F|  |TAMS 0x00000000ead00000, 0x00000000ead00000| Untracked 
| 174|0x00000000eae00000, 0x00000000eae00000, 0x00000000eaf00000|  0%| F|  |TAMS 0x00000000eae00000, 0x00000000eae00000| Untracked 
| 175|0x00000000eaf00000, 0x00000000eaf00000, 0x00000000eb000000|  0%| F|  |TAMS 0x00000000eaf00000, 0x00000000eaf00000| Untracked 
| 176|0x00000000eb000000, 0x00000000eb000000, 0x00000000eb100000|  0%| F|  |TAMS 0x00000000eb000000, 0x00000000eb000000| Untracked 
| 177|0x00000000eb100000, 0x00000000eb100000, 0x00000000eb200000|  0%| F|  |TAMS 0x00000000eb100000, 0x00000000eb100000| Untracked 
| 178|0x00000000eb200000, 0x00000000eb200000, 0x00000000eb300000|  0%| F|  |TAMS 0x00000000eb200000, 0x00000000eb200000| Untracked 
| 179|0x00000000eb300000, 0x00000000eb300000, 0x00000000eb400000|  0%| F|  |TAMS 0x00000000eb300000, 0x00000000eb300000| Untracked 
| 180|0x00000000eb400000, 0x00000000eb400000, 0x00000000eb500000|  0%| F|  |TAMS 0x00000000eb400000, 0x00000000eb400000| Untracked 
| 181|0x00000000eb500000, 0x00000000eb500000, 0x00000000eb600000|  0%| F|  |TAMS 0x00000000eb500000, 0x00000000eb500000| Untracked 
| 182|0x00000000eb600000, 0x00000000eb600000, 0x00000000eb700000|  0%| F|  |TAMS 0x00000000eb600000, 0x00000000eb600000| Untracked 
| 183|0x00000000eb700000, 0x00000000eb700000, 0x00000000eb800000|  0%| F|  |TAMS 0x00000000eb700000, 0x00000000eb700000| Untracked 
| 184|0x00000000eb800000, 0x00000000eb800000, 0x00000000eb900000|  0%| F|  |TAMS 0x00000000eb800000, 0x00000000eb800000| Untracked 
| 185|0x00000000eb900000, 0x00000000eba00000, 0x00000000eba00000|100%| S|CS|TAMS 0x00000000eb900000, 0x00000000eb900000| Complete 
| 186|0x00000000eba00000, 0x00000000ebb00000, 0x00000000ebb00000|100%| S|CS|TAMS 0x00000000eba00000, 0x00000000eba00000| Complete 
| 187|0x00000000ebb00000, 0x00000000ebc00000, 0x00000000ebc00000|100%| S|CS|TAMS 0x00000000ebb00000, 0x00000000ebb00000| Complete 
| 188|0x00000000ebc00000, 0x00000000ebc00000, 0x00000000ebd00000|  0%| F|  |TAMS 0x00000000ebc00000, 0x00000000ebc00000| Untracked 
| 189|0x00000000ebd00000, 0x00000000ebd00000, 0x00000000ebe00000|  0%| F|  |TAMS 0x00000000ebd00000, 0x00000000ebd00000| Untracked 
| 190|0x00000000ebe00000, 0x00000000ebe00000, 0x00000000ebf00000|  0%| F|  |TAMS 0x00000000ebe00000, 0x00000000ebe00000| Untracked 
| 191|0x00000000ebf00000, 0x00000000ebf00000, 0x00000000ec000000|  0%| F|  |TAMS 0x00000000ebf00000, 0x00000000ebf00000| Untracked 
| 192|0x00000000ec000000, 0x00000000ec000000, 0x00000000ec100000|  0%| F|  |TAMS 0x00000000ec000000, 0x00000000ec000000| Untracked 
| 193|0x00000000ec100000, 0x00000000ec100000, 0x00000000ec200000|  0%| F|  |TAMS 0x00000000ec100000, 0x00000000ec100000| Untracked 
| 194|0x00000000ec200000, 0x00000000ec200000, 0x00000000ec300000|  0%| F|  |TAMS 0x00000000ec200000, 0x00000000ec200000| Untracked 
| 195|0x00000000ec300000, 0x00000000ec300000, 0x00000000ec400000|  0%| F|  |TAMS 0x00000000ec300000, 0x00000000ec300000| Untracked 
| 196|0x00000000ec400000, 0x00000000ec400000, 0x00000000ec500000|  0%| F|  |TAMS 0x00000000ec400000, 0x00000000ec400000| Untracked 
| 197|0x00000000ec500000, 0x00000000ec500000, 0x00000000ec600000|  0%| F|  |TAMS 0x00000000ec500000, 0x00000000ec500000| Untracked 
| 198|0x00000000ec600000, 0x00000000ec600000, 0x00000000ec700000|  0%| F|  |TAMS 0x00000000ec600000, 0x00000000ec600000| Untracked 
| 199|0x00000000ec700000, 0x00000000ec700000, 0x00000000ec800000|  0%| F|  |TAMS 0x00000000ec700000, 0x00000000ec700000| Untracked 
| 200|0x00000000ec800000, 0x00000000ec800000, 0x00000000ec900000|  0%| F|  |TAMS 0x00000000ec800000, 0x00000000ec800000| Untracked 
| 201|0x00000000ec900000, 0x00000000ec900000, 0x00000000eca00000|  0%| F|  |TAMS 0x00000000ec900000, 0x00000000ec900000| Untracked 
| 202|0x00000000eca00000, 0x00000000eca00000, 0x00000000ecb00000|  0%| F|  |TAMS 0x00000000eca00000, 0x00000000eca00000| Untracked 
| 203|0x00000000ecb00000, 0x00000000ecb00000, 0x00000000ecc00000|  0%| F|  |TAMS 0x00000000ecb00000, 0x00000000ecb00000| Untracked 
| 204|0x00000000ecc00000, 0x00000000ecc00000, 0x00000000ecd00000|  0%| F|  |TAMS 0x00000000ecc00000, 0x00000000ecc00000| Untracked 

Card table byte_map: [0x000002d044b90000,0x000002d044c90000] _byte_map_base: 0x000002d044490000

Marking Bits (Prev, Next): (CMBitMap*) 0x000002d0303b8568, (CMBitMap*) 0x000002d0303b85a0
 Prev Bits: [0x000002d044d90000, 0x000002d045590000)
 Next Bits: [0x000002d045590000, 0x000002d045d90000)

Polling page: 0x000002d030470000

Metaspace:

Usage:
  Non-class:     89.01 MB capacity,    87.48 MB ( 98%) used,     1.22 MB (  1%) free+waste,   320.00 KB ( <1%) overhead. 
      Class:     13.84 MB capacity,    12.88 MB ( 93%) used,   842.03 KB (  6%) free+waste,   140.00 KB ( <1%) overhead. 
       Both:    102.84 MB capacity,   100.36 MB ( 98%) used,     2.04 MB (  2%) free+waste,   460.00 KB ( <1%) overhead. 

Virtual space:
  Non-class space:       90.00 MB reserved,      89.12 MB (>99%) committed 
      Class space:        1.00 GB reserved,      13.88 MB (  1%) committed 
             Both:        1.09 GB reserved,     103.00 MB (  9%) committed 

Chunk freelists:
   Non-Class:  54.00 KB
       Class:  5.00 KB
        Both:  59.00 KB

MaxMetaspaceSize: 17179869184.00 GB
CompressedClassSpaceSize: 1.00 GB

CodeHeap 'non-profiled nmethods': size=120064Kb used=13606Kb max_used=13606Kb free=106457Kb
 bounds [0x000002d03d150000, 0x000002d03ded0000, 0x000002d044690000]
CodeHeap 'profiled nmethods': size=120000Kb used=32335Kb max_used=33808Kb free=87664Kb
 bounds [0x000002d035c20000, 0x000002d037e10000, 0x000002d03d150000]
CodeHeap 'non-nmethods': size=5696Kb used=2297Kb max_used=2383Kb free=3398Kb
 bounds [0x000002d035690000, 0x000002d035910000, 0x000002d035c20000]
 total_blobs=14937 nmethods=14024 adapters=823
 compilation: enabled
              stopped_count=0, restarted_count=0
 full_count=0

Compilation events (20 events):
Event: 314.115 Thread 0x000002d048989800 16252       2       com.android.tools.r8.dex.m::a (310 bytes)
Event: 314.122 Thread 0x000002d048989800 nmethod 16252 0x000002d036173490 code [0x000002d036173820, 0x000002d036174a88]
Event: 314.123 Thread 0x000002d048989800 16253       2       com.android.tools.r8.graph.z::c0 (8 bytes)
Event: 314.123 Thread 0x000002d048989800 nmethod 16253 0x000002d036173090 code [0x000002d036173240, 0x000002d036173368]
Event: 314.124 Thread 0x000002d048989800 16254       2       com.android.tools.r8.graph.z::S0 (8 bytes)
Event: 314.124 Thread 0x000002d048989800 nmethod 16254 0x000002d036172c90 code [0x000002d036172e40, 0x000002d036172f68]
Event: 314.124 Thread 0x000002d048989800 16255       2       com.android.tools.r8.internal.gr::i (32 bytes)
Event: 314.125 Thread 0x000002d048989800 nmethod 16255 0x000002d036172710 code [0x000002d0361728e0, 0x000002d036172b48]
Event: 314.134 Thread 0x000002d048989800 16256 %     3       com.android.tools.r8.naming.w$b::a @ 22 (88 bytes)
Event: 314.138 Thread 0x000002d048989800 nmethod 16256% 0x000002d03618c190 code [0x000002d03618c540, 0x000002d03618dc38]
Event: 314.138 Thread 0x000002d048989800 16257       3       com.android.tools.r8.naming.w$b::a (88 bytes)
Event: 314.142 Thread 0x000002d048989800 nmethod 16257 0x000002d036181810 code [0x000002d036181ba0, 0x000002d036183178]
Event: 314.145 Thread 0x000002d04897e800 nmethod 15971 0x000002d03d4f5890 code [0x000002d03d4f5ac0, 0x000002d03d4f6f28]
Event: 314.146 Thread 0x000002d04897e800 15969       4       java.util.stream.Nodes$SpinedNodeBuilder::accept (29 bytes)
Event: 314.147 Thread 0x000002d04897e800 nmethod 15969 0x000002d03d3aa110 code [0x000002d03d3aa2a0, 0x000002d03d3aa328]
Event: 314.147 Thread 0x000002d04897e800 16214       4       com.android.tools.r8.internal.hr$$Lambda$1071/0x0000000100cb9440::accept (16 bytes)
Event: 314.152 Thread 0x000002d04897e800 nmethod 16214 0x000002d03d3a9c90 code [0x000002d03d3a9e40, 0x000002d03d3a9f58]
Event: 314.152 Thread 0x000002d04897e800 15698       4       com.android.tools.r8.internal.Ne::j (11 bytes)
Event: 314.155 Thread 0x000002d04897e800 nmethod 15698 0x000002d03d3a9910 code [0x000002d03d3a9aa0, 0x000002d03d3a9b58]
Event: 314.155 Thread 0x000002d04897e800 15615       4       com.android.tools.r8.ir.regalloc.b::x (28 bytes)

GC Heap History (20 events):
Event: 306.887 GC heap after
{Heap after GC invocations=609 (full 0):
 garbage-first heap   total 209920K, used 149741K [0x00000000e0000000, 0x0000000100000000)
  region size 1024K, 2 young (2048K), 2 survivors (2048K)
 Metaspace       used 102446K, capacity 104983K, committed 105212K, reserved 1140736K
  class space    used 13182K, capacity 14164K, committed 14208K, reserved 1048576K
}
Event: 307.544 GC heap before
{Heap before GC invocations=609 (full 0):
 garbage-first heap   total 209920K, used 182509K [0x00000000e0000000, 0x0000000100000000)
  region size 1024K, 34 young (34816K), 2 survivors (2048K)
 Metaspace       used 102449K, capacity 104983K, committed 105212K, reserved 1140736K
  class space    used 13182K, capacity 14164K, committed 14208K, reserved 1048576K
}
Event: 307.568 GC heap after
{Heap after GC invocations=610 (full 0):
 garbage-first heap   total 209920K, used 149864K [0x00000000e0000000, 0x0000000100000000)
  region size 1024K, 2 young (2048K), 2 survivors (2048K)
 Metaspace       used 102449K, capacity 104983K, committed 105212K, reserved 1140736K
  class space    used 13182K, capacity 14164K, committed 14208K, reserved 1048576K
}
Event: 308.148 GC heap before
{Heap before GC invocations=610 (full 0):
 garbage-first heap   total 209920K, used 182632K [0x00000000e0000000, 0x0000000100000000)
  region size 1024K, 34 young (34816K), 2 survivors (2048K)
 Metaspace       used 102450K, capacity 104983K, committed 105212K, reserved 1140736K
  class space    used 13182K, capacity 14164K, committed 14208K, reserved 1048576K
}
Event: 308.175 GC heap after
{Heap after GC invocations=611 (full 0):
 garbage-first heap   total 209920K, used 150127K [0x00000000e0000000, 0x0000000100000000)
  region size 1024K, 3 young (3072K), 3 survivors (3072K)
 Metaspace       used 102450K, capacity 104983K, committed 105212K, reserved 1140736K
  class space    used 13182K, capacity 14164K, committed 14208K, reserved 1048576K
}
Event: 308.802 GC heap before
{Heap before GC invocations=611 (full 0):
 garbage-first heap   total 209920K, used 182895K [0x00000000e0000000, 0x0000000100000000)
  region size 1024K, 35 young (35840K), 3 survivors (3072K)
 Metaspace       used 102450K, capacity 104983K, committed 105212K, reserved 1140736K
  class space    used 13182K, capacity 14164K, committed 14208K, reserved 1048576K
}
Event: 308.830 GC heap after
{Heap after GC invocations=612 (full 0):
 garbage-first heap   total 209920K, used 150415K [0x00000000e0000000, 0x0000000100000000)
  region size 1024K, 3 young (3072K), 3 survivors (3072K)
 Metaspace       used 102450K, capacity 104983K, committed 105212K, reserved 1140736K
  class space    used 13182K, capacity 14164K, committed 14208K, reserved 1048576K
}
Event: 309.563 GC heap before
{Heap before GC invocations=612 (full 0):
 garbage-first heap   total 209920K, used 183183K [0x00000000e0000000, 0x0000000100000000)
  region size 1024K, 35 young (35840K), 3 survivors (3072K)
 Metaspace       used 102461K, capacity 104983K, committed 105212K, reserved 1140736K
  class space    used 13184K, capacity 14164K, committed 14208K, reserved 1048576K
}
Event: 309.591 GC heap after
{Heap after GC invocations=613 (full 0):
 garbage-first heap   total 209920K, used 150526K [0x00000000e0000000, 0x0000000100000000)
  region size 1024K, 3 young (3072K), 3 survivors (3072K)
 Metaspace       used 102461K, capacity 104983K, committed 105212K, reserved 1140736K
  class space    used 13184K, capacity 14164K, committed 14208K, reserved 1048576K
}
Event: 310.168 GC heap before
{Heap before GC invocations=613 (full 0):
 garbage-first heap   total 209920K, used 183294K [0x00000000e0000000, 0x0000000100000000)
  region size 1024K, 35 young (35840K), 3 survivors (3072K)
 Metaspace       used 102461K, capacity 104983K, committed 105212K, reserved 1140736K
  class space    used 13184K, capacity 14164K, committed 14208K, reserved 1048576K
}
Event: 310.203 GC heap after
{Heap after GC invocations=614 (full 0):
 garbage-first heap   total 209920K, used 150848K [0x00000000e0000000, 0x0000000100000000)
  region size 1024K, 3 young (3072K), 3 survivors (3072K)
 Metaspace       used 102461K, capacity 104983K, committed 105212K, reserved 1140736K
  class space    used 13184K, capacity 14164K, committed 14208K, reserved 1048576K
}
Event: 310.862 GC heap before
{Heap before GC invocations=614 (full 0):
 garbage-first heap   total 209920K, used 183616K [0x00000000e0000000, 0x0000000100000000)
  region size 1024K, 35 young (35840K), 3 survivors (3072K)
 Metaspace       used 102518K, capacity 105064K, committed 105212K, reserved 1140736K
  class space    used 13184K, capacity 14164K, committed 14208K, reserved 1048576K
}
Event: 310.918 GC heap after
{Heap after GC invocations=615 (full 0):
 garbage-first heap   total 209920K, used 152023K [0x00000000e0000000, 0x0000000100000000)
  region size 1024K, 4 young (4096K), 4 survivors (4096K)
 Metaspace       used 102518K, capacity 105064K, committed 105212K, reserved 1140736K
  class space    used 13184K, capacity 14164K, committed 14208K, reserved 1048576K
}
Event: 311.580 GC heap before
{Heap before GC invocations=615 (full 0):
 garbage-first heap   total 209920K, used 183767K [0x00000000e0000000, 0x0000000100000000)
  region size 1024K, 35 young (35840K), 4 survivors (4096K)
 Metaspace       used 102570K, capacity 105074K, committed 105212K, reserved 1140736K
  class space    used 13184K, capacity 14164K, committed 14208K, reserved 1048576K
}
Event: 311.688 GC heap after
{Heap after GC invocations=616 (full 0):
 garbage-first heap   total 209920K, used 154837K [0x00000000e0000000, 0x0000000100000000)
  region size 1024K, 5 young (5120K), 5 survivors (5120K)
 Metaspace       used 102570K, capacity 105074K, committed 105212K, reserved 1140736K
  class space    used 13184K, capacity 14164K, committed 14208K, reserved 1048576K
}
Event: 312.782 GC heap before
{Heap before GC invocations=616 (full 0):
 garbage-first heap   total 209920K, used 181461K [0x00000000e0000000, 0x0000000100000000)
  region size 1024K, 32 young (32768K), 5 survivors (5120K)
 Metaspace       used 102685K, capacity 105217K, committed 105468K, reserved 1140736K
  class space    used 13184K, capacity 14164K, committed 14208K, reserved 1048576K
}
Event: 312.895 GC heap after
{Heap after GC invocations=617 (full 0):
 garbage-first heap   total 209920K, used 159403K [0x00000000e0000000, 0x0000000100000000)
  region size 1024K, 4 young (4096K), 4 survivors (4096K)
 Metaspace       used 102685K, capacity 105217K, committed 105468K, reserved 1140736K
  class space    used 13184K, capacity 14164K, committed 14208K, reserved 1048576K
}
Event: 313.903 GC heap before
{Heap before GC invocations=617 (full 0):
 garbage-first heap   total 209920K, used 180907K [0x00000000e0000000, 0x0000000100000000)
  region size 1024K, 26 young (26624K), 4 survivors (4096K)
 Metaspace       used 102741K, capacity 105241K, committed 105468K, reserved 1140736K
  class space    used 13188K, capacity 14170K, committed 14208K, reserved 1048576K
}
Event: 313.962 GC heap after
{Heap after GC invocations=618 (full 0):
 garbage-first heap   total 209920K, used 163634K [0x00000000e0000000, 0x0000000100000000)
  region size 1024K, 4 young (4096K), 4 survivors (4096K)
 Metaspace       used 102741K, capacity 105241K, committed 105468K, reserved 1140736K
  class space    used 13188K, capacity 14170K, committed 14208K, reserved 1048576K
}
Event: 314.158 GC heap before
{Heap before GC invocations=618 (full 0):
 garbage-first heap   total 209920K, used 181042K [0x00000000e0000000, 0x0000000100000000)
  region size 1024K, 21 young (21504K), 4 survivors (4096K)
 Metaspace       used 102766K, capacity 105313K, committed 105468K, reserved 1140736K
  class space    used 13188K, capacity 14171K, committed 14208K, reserved 1048576K
}

Deoptimization events (20 events):
Event: 313.719 Thread 0x000002d04ada1800 DEOPT PACKING pc=0x000002d03d592464 sp=0x000000f54b5f9d00
Event: 313.719 Thread 0x000002d04ada1800 DEOPT UNPACKING pc=0x000002d0356b6029 sp=0x000000f54b5f9bd0 mode 2
Event: 313.719 Thread 0x000002d04ada1800 Uncommon trap: trap_request=0xffffffc6 fr.pc=0x000002d03d592464 relative=0x0000000000001084
Event: 313.719 Thread 0x000002d04ada1800 Uncommon trap: reason=bimorphic_or_optimized_type_check action=maybe_recompile pc=0x000002d03d592464 method=com.android.tools.r8.internal.GE$$Lambda$1125/0x0000000100cd1440.a(Ljava/lang/Object;Ljava/lang/Object;Lcom/android/tools/r8/internal/f8;)I @ 9 c2
Event: 313.719 Thread 0x000002d04ada1800 DEOPT PACKING pc=0x000002d03d592464 sp=0x000000f54b5f9cb0
Event: 313.719 Thread 0x000002d04ada1800 DEOPT UNPACKING pc=0x000002d0356b6029 sp=0x000000f54b5f9b80 mode 2
Event: 313.726 Thread 0x000002d04ada1800 Uncommon trap: trap_request=0xfffffff4 fr.pc=0x000002d03d5926c0 relative=0x00000000000012e0
Event: 313.726 Thread 0x000002d04ada1800 Uncommon trap: reason=null_check action=make_not_entrant pc=0x000002d03d5926c0 method=com.android.tools.r8.internal.GE$$Lambda$1283/0x0000000100d91440.a(Ljava/lang/Object;Ljava/lang/Object;Lcom/android/tools/r8/internal/f8;)I @ 1 c2
Event: 313.726 Thread 0x000002d04ada1800 DEOPT PACKING pc=0x000002d03d5926c0 sp=0x000000f54b5f9d00
Event: 313.726 Thread 0x000002d04ada1800 DEOPT UNPACKING pc=0x000002d0356b6029 sp=0x000000f54b5f9be0 mode 2
Event: 313.978 Thread 0x000002d04ada1800 Uncommon trap: trap_request=0xffffff6e fr.pc=0x000002d03d359b68 relative=0x00000000000000a8
Event: 313.978 Thread 0x000002d04ada1800 Uncommon trap: reason=speculate_class_check action=maybe_recompile pc=0x000002d03d359b68 method=com.android.tools.r8.graph.S.a(Lcom/android/tools/r8/dex/w;Lcom/android/tools/r8/graph/S;)V @ 2 c2
Event: 313.978 Thread 0x000002d04ada1800 DEOPT PACKING pc=0x000002d03d359b68 sp=0x000000f54b5fa5b0
Event: 313.978 Thread 0x000002d04ada1800 DEOPT UNPACKING pc=0x000002d0356b6029 sp=0x000000f54b5fa470 mode 2
Event: 314.015 Thread 0x000002d04ad98800 Uncommon trap: trap_request=0xffffff6e fr.pc=0x000002d03d359b68 relative=0x00000000000000a8
Event: 314.015 Thread 0x000002d04ad98800 Uncommon trap: reason=speculate_class_check action=maybe_recompile pc=0x000002d03d359b68 method=com.android.tools.r8.graph.S.a(Lcom/android/tools/r8/dex/w;Lcom/android/tools/r8/graph/S;)V @ 2 c2
Event: 314.015 Thread 0x000002d04ad98800 DEOPT PACKING pc=0x000002d03d359b68 sp=0x000000f54b4fa1a0
Event: 314.015 Thread 0x000002d04ad98800 DEOPT UNPACKING pc=0x000002d0356b6029 sp=0x000000f54b4fa060 mode 2
Event: 314.143 Thread 0x000002d04ada1800 DEOPT PACKING pc=0x000002d03616af57 sp=0x000000f54b5f9ef0
Event: 314.143 Thread 0x000002d04ada1800 DEOPT UNPACKING pc=0x000002d0356b643f sp=0x000000f54b5f94a0 mode 0

Classes redefined (0 events):
No events

Internal exceptions (20 events):
Event: 116.939 Thread 0x000002d04ada1800 Exception <a 'java/lang/NoSuchMethodError'{0x00000000e7c21fa0}: 'java.lang.Object java.lang.invoke.Invokers$Holder.linkToTargetMethod(java.lang.Object, java.lang.Object, java.lang.Object, java.lang.Object, java.lang.Object, java.lang.Object, java.lang.Object)'> (0x00000000e7c21fa0) thrown at [./src/hotspot/share/interpreter/linkResolver.cpp, line 773]
Event: 117.137 Thread 0x000002d04ada1800 Exception <a 'java/lang/NoSuchMethodError'{0x00000000e7effbc8}: 'int java.lang.invoke.DirectMethodHandle$Holder.invokeSpecial(java.lang.Object, java.lang.Object, java.lang.Object, java.lang.Object, java.lang.Object)'> (0x00000000e7effbc8) thrown at [./src/hotspot/share/interpreter/linkResolver.cpp, line 773]
Event: 120.778 Thread 0x000002d04ada1800 Exception <a 'java/lang/NoSuchMethodError'{0x00000000e7d5b828}: 'java.lang.Object java.lang.invoke.DirectMethodHandle$Holder.invokeVirtual(java.lang.Object, java.lang.Object, int, java.lang.Object)'> (0x00000000e7d5b828) thrown at [./src/hotspot/share/interpreter/linkResolver.cpp, line 773]
Event: 122.472 Thread 0x000002d04ada1800 Exception <a 'java/lang/IncompatibleClassChangeError'{0x00000000e7ce1908}: Found class java.lang.Object, but interface was expected> (0x00000000e7ce1908) thrown at [./src/hotspot/share/interpreter/linkResolver.cpp, line 839]
Event: 122.511 Thread 0x000002d04ada1800 Exception <a 'java/lang/IncompatibleClassChangeError'{0x00000000e7cec888}: Found class java.lang.Object, but interface was expected> (0x00000000e7cec888) thrown at [./src/hotspot/share/interpreter/linkResolver.cpp, line 839]
Event: 122.807 Thread 0x000002d04ada1800 Exception <a 'java/lang/NoSuchMethodError'{0x00000000e7a8efb0}: 'void java.lang.invoke.DirectMethodHandle$Holder.invokeVirtual(java.lang.Object, java.lang.Object, int, java.lang.Object)'> (0x00000000e7a8efb0) thrown at [./src/hotspot/share/interpreter/linkResolver.cpp, line 773]
Event: 129.825 Thread 0x000002d04ad98800 Exception <a 'java/lang/NoSuchMethodError'{0x00000000e7a57b98}: 'java.lang.Object java.lang.invoke.DirectMethodHandle$Holder.newInvokeSpecial(java.lang.Object, int)'> (0x00000000e7a57b98) thrown at [./src/hotspot/share/interpreter/linkResolver.cpp, line 773]
Event: 132.264 Thread 0x000002d04ada1800 Exception <a 'java/lang/NoSuchMethodError'{0x00000000e7a8f640}: 'void java.lang.invoke.DirectMethodHandle$Holder.invokeSpecial(java.lang.Object, java.lang.Object, int, java.lang.Object, java.lang.Object, java.lang.Object, java.lang.Object)'> (0x00000000e7a8f640) thrown at [./src/hotspot/share/interpreter/linkResolver.cpp, line 773]
Event: 132.267 Thread 0x000002d04ada1800 Exception <a 'java/lang/NoSuchMethodError'{0x00000000e7a9b6f0}: 'java.lang.Object java.lang.invoke.Invokers$Holder.linkToTargetMethod(java.lang.Object, int, java.lang.Object, java.lang.Object, java.lang.Object, java.lang.Object)'> (0x00000000e7a9b6f0) thrown at [./src/hotspot/share/interpreter/linkResolver.cpp, line 773]
Event: 132.269 Thread 0x000002d04ada1800 Exception <a 'java/lang/NoSuchMethodError'{0x00000000e7a9fe08}: 'void java.lang.invoke.DirectMethodHandle$Holder.invokeSpecial(java.lang.Object, java.lang.Object, java.lang.Object, java.lang.Object, java.lang.Object, java.lang.Object, java.lang.Object, java.lang.Object, java.lang.Object)'> (0x00000000e7a9fe08) thrown at [./src/hotspot/share/interpreter/linkResolver.cpp, line 773]
Event: 132.384 Thread 0x000002d04ada1800 Exception <a 'java/lang/NoSuchMethodError'{0x00000000e7e7b088}: 'void java.lang.invoke.DirectMethodHandle$Holder.invokeStatic(java.lang.Object, java.lang.Object, java.lang.Object, java.lang.Object, java.lang.Object, java.lang.Object, java.lang.Object, java.lang.Object)'> (0x00000000e7e7b088) thrown at [./src/hotspot/share/interpreter/linkResolver.cpp, line 773]
Event: 132.740 Thread 0x000002d04ad98800 Implicit null exception at 0x000002d03d2b746b to 0x000002d03d2b748c
Event: 132.894 Thread 0x000002d04ada1800 Exception <a 'java/lang/IncompatibleClassChangeError'{0x00000000e7a15ff0}: Found class java.lang.Object, but interface was expected> (0x00000000e7a15ff0) thrown at [./src/hotspot/share/interpreter/linkResolver.cpp, line 839]
Event: 134.082 Thread 0x000002d04ada1800 Exception <a 'java/lang/NoSuchMethodError'{0x00000000e7c78978}: 'void java.lang.invoke.DirectMethodHandle$Holder.invokeVirtual(java.lang.Object, java.lang.Object, int)'> (0x00000000e7c78978) thrown at [./src/hotspot/share/interpreter/linkResolver.cpp, line 773]
Event: 134.569 Thread 0x000002d04ada1800 Exception <a 'sun/nio/fs/WindowsException'{0x00000000e7a3eea8}> (0x00000000e7a3eea8) thrown at [./src/hotspot/share/prims/jni.cpp, line 615]
Event: 135.670 Thread 0x000002d04ad98800 Exception <a 'java/lang/NoSuchMethodError'{0x00000000e7a74528}: 'java.lang.Object java.lang.invoke.DirectMethodHandle$Holder.invokeInterface(java.lang.Object, java.lang.Object, int)'> (0x00000000e7a74528) thrown at [./src/hotspot/share/interpreter/linkResolver.cpp, line 773]
Event: 143.640 Thread 0x000002d04ada1800 Exception <a 'sun/nio/fs/WindowsException'{0x00000000e7e02f48}> (0x00000000e7e02f48) thrown at [./src/hotspot/share/prims/jni.cpp, line 615]
Event: 162.574 Thread 0x000002d04ad98800 Implicit null exception at 0x000002d03da21824 to 0x000002d03da21ce0
Event: 165.279 Thread 0x000002d04ad98800 Exception <a 'java/lang/NoSuchMethodError'{0x00000000e95f7e58}: 'int java.lang.invoke.DirectMethodHandle$Holder.invokeInterface(java.lang.Object, java.lang.Object, int)'> (0x00000000e95f7e58) thrown at [./src/hotspot/share/interpreter/linkResolver.cpp, line 773]
Event: 313.726 Thread 0x000002d04ada1800 Implicit null exception at 0x000002d03d591c98 to 0x000002d03d5926b0

Events (20 events):
Event: 313.585 loading class com/android/tools/r8/graph/G$j done
Event: 313.585 loading class com/android/tools/r8/graph/G$j
Event: 313.585 loading class com/android/tools/r8/graph/G$j done
Event: 313.586 loading class com/android/tools/r8/graph/G$j
Event: 313.586 loading class com/android/tools/r8/graph/G$j done
Event: 313.586 loading class com/android/tools/r8/graph/G$j
Event: 313.586 loading class com/android/tools/r8/graph/G$j done
Event: 313.588 loading class com/android/tools/r8/graph/G$j
Event: 313.588 loading class com/android/tools/r8/graph/G$j done
Event: 313.828 loading class com/android/tools/r8/naming/K
Event: 313.828 loading class com/android/tools/r8/naming/K done
Event: 313.828 loading class com/android/tools/r8/graph/O
Event: 313.828 loading class com/android/tools/r8/graph/O done
Event: 313.828 loading class com/android/tools/r8/naming/K
Event: 313.828 loading class com/android/tools/r8/naming/K done
Event: 313.900 Executing VM operation: G1CollectForAllocation
Event: 313.962 Executing VM operation: G1CollectForAllocation done
Event: 313.981 loading class com/android/tools/r8/graph/O
Event: 313.981 loading class com/android/tools/r8/graph/O done
Event: 314.155 Executing VM operation: G1CollectForAllocation


Dynamic libraries:
0x00007ff7b9860000 - 0x00007ff7b986a000 	C:\Users\felip\OneDrive\Desktop\android-studio\jre\bin\java.exe
0x00007ff9eee70000 - 0x00007ff9ef065000 	C:\Windows\SYSTEM32\ntdll.dll
0x00007ff9e0a50000 - 0x00007ff9e0a66000 	C:\Program Files\Avast Software\Avast\aswhook.dll
0x00007ff9ecec0000 - 0x00007ff9ecf7e000 	C:\Windows\System32\KERNEL32.DLL
0x00007ff9ec870000 - 0x00007ff9ecb38000 	C:\Windows\System32\KERNELBASE.dll
0x00007ff9ec6d0000 - 0x00007ff9ec7d0000 	C:\Windows\System32\ucrtbase.dll
0x00007ff9e0300000 - 0x00007ff9e0317000 	C:\Users\felip\OneDrive\Desktop\android-studio\jre\bin\VCRUNTIME140.dll
0x00007ff9d7fb0000 - 0x00007ff9d7fc9000 	C:\Users\felip\OneDrive\Desktop\android-studio\jre\bin\jli.dll
0x00007ff9eec80000 - 0x00007ff9eee21000 	C:\Windows\System32\USER32.dll
0x00007ff9e0400000 - 0x00007ff9e069a000 	C:\Windows\WinSxS\amd64_microsoft.windows.common-controls_6595b64144ccf1df_6.0.19041.1110_none_60b5254171f9507e\COMCTL32.dll
0x00007ff9ece90000 - 0x00007ff9eceb2000 	C:\Windows\System32\win32u.dll
0x00007ff9ee350000 - 0x00007ff9ee37b000 	C:\Windows\System32\GDI32.dll
0x00007ff9ecd00000 - 0x00007ff9ece0b000 	C:\Windows\System32\gdi32full.dll
0x00007ff9ec7d0000 - 0x00007ff9ec86d000 	C:\Windows\System32\msvcp_win.dll
0x00007ff9ed270000 - 0x00007ff9ed30e000 	C:\Windows\System32\msvcrt.dll
0x00007ff9ed690000 - 0x00007ff9ed6c0000 	C:\Windows\System32\IMM32.DLL
0x00007ff9c7060000 - 0x00007ff9c70fd000 	C:\Users\felip\OneDrive\Desktop\android-studio\jre\bin\msvcp140.dll
0x00007ff9c5130000 - 0x00007ff9c5c05000 	C:\Users\felip\OneDrive\Desktop\android-studio\jre\bin\server\jvm.dll
0x00007ff9ee600000 - 0x00007ff9ee6ac000 	C:\Windows\System32\ADVAPI32.dll
0x00007ff9ed6c0000 - 0x00007ff9ed75b000 	C:\Windows\System32\sechost.dll
0x00007ff9edec0000 - 0x00007ff9edfea000 	C:\Windows\System32\RPCRT4.dll
0x00007ff9ee740000 - 0x00007ff9ee748000 	C:\Windows\System32\PSAPI.DLL
0x00007ff9ddaf0000 - 0x00007ff9ddaf9000 	C:\Windows\SYSTEM32\WSOCK32.dll
0x00007ff9d4c70000 - 0x00007ff9d4c97000 	C:\Windows\SYSTEM32\WINMM.dll
0x00007ff9e0a70000 - 0x00007ff9e0a7a000 	C:\Windows\SYSTEM32\VERSION.dll
0x00007ff9ee440000 - 0x00007ff9ee4ab000 	C:\Windows\System32\WS2_32.dll
0x00007ff9ea3b0000 - 0x00007ff9ea3c2000 	C:\Windows\SYSTEM32\kernel.appcore.dll
0x00007ff9e5f50000 - 0x00007ff9e5f61000 	C:\Users\felip\OneDrive\Desktop\android-studio\jre\bin\verify.dll
0x00007ff9e0860000 - 0x00007ff9e0a44000 	C:\Windows\SYSTEM32\DBGHELP.DLL
0x00007ff9e0830000 - 0x00007ff9e085c000 	C:\Windows\SYSTEM32\dbgcore.DLL
0x00007ff9ec590000 - 0x00007ff9ec613000 	C:\Windows\System32\bcryptPrimitives.dll
0x00007ff9e5f20000 - 0x00007ff9e5f49000 	C:\Users\felip\OneDrive\Desktop\android-studio\jre\bin\java.dll
0x00007ff9e9ea0000 - 0x00007ff9e9eab000 	C:\Users\felip\OneDrive\Desktop\android-studio\jre\bin\jimage.dll
0x00007ff9e5ea0000 - 0x00007ff9e5eb8000 	C:\Users\felip\OneDrive\Desktop\android-studio\jre\bin\zip.dll
0x00007ff9ed760000 - 0x00007ff9ede9f000 	C:\Windows\System32\SHELL32.dll
0x00007ff9ea690000 - 0x00007ff9eae20000 	C:\Windows\SYSTEM32\windows.storage.dll
0x00007ff9edff0000 - 0x00007ff9ee345000 	C:\Windows\System32\combase.dll
0x00007ff9ebf10000 - 0x00007ff9ebf3e000 	C:\Windows\SYSTEM32\Wldp.dll
0x00007ff9ee750000 - 0x00007ff9ee7fd000 	C:\Windows\System32\SHCORE.dll
0x00007ff9ed130000 - 0x00007ff9ed185000 	C:\Windows\System32\shlwapi.dll
0x00007ff9ec4d0000 - 0x00007ff9ec4ef000 	C:\Windows\SYSTEM32\profapi.dll
0x00007ff9e5e80000 - 0x00007ff9e5e9a000 	C:\Users\felip\OneDrive\Desktop\android-studio\jre\bin\net.dll
0x00007ff9e37b0000 - 0x00007ff9e38bc000 	C:\Windows\SYSTEM32\WINHTTP.dll
0x00007ff9ebc70000 - 0x00007ff9ebcda000 	C:\Windows\system32\mswsock.dll
0x00007ff9e5870000 - 0x00007ff9e5884000 	C:\Users\felip\OneDrive\Desktop\android-studio\jre\bin\nio.dll
0x00007ff9deff0000 - 0x00007ff9df017000 	C:\Users\felip\.gradle\native\8bec1ad78214c89d9ad589b4d07fe93259594b29d510b10fafb7a158f7737e5d\windows-amd64\native-platform.dll
0x00007ff9c7250000 - 0x00007ff9c738d000 	C:\Users\felip\.gradle\native\53dbd7edfb1c66fb8903c78663c9afc45aea4f116125fa6feffd364cf09443e8\windows-amd64\native-platform-file-events.dll
0x00007ff9e7f80000 - 0x00007ff9e7f8a000 	C:\Users\felip\OneDrive\Desktop\android-studio\jre\bin\management.dll
0x00007ff9e75f0000 - 0x00007ff9e75fd000 	C:\Users\felip\OneDrive\Desktop\android-studio\jre\bin\management_ext.dll
0x00007ff9ebe70000 - 0x00007ff9ebe88000 	C:\Windows\SYSTEM32\CRYPTSP.dll
0x00007ff9eb5f0000 - 0x00007ff9eb624000 	C:\Windows\system32\rsaenh.dll
0x00007ff9ece60000 - 0x00007ff9ece87000 	C:\Windows\System32\bcrypt.dll
0x00007ff9ec450000 - 0x00007ff9ec47e000 	C:\Windows\SYSTEM32\USERENV.dll
0x00007ff9ebe60000 - 0x00007ff9ebe6c000 	C:\Windows\SYSTEM32\CRYPTBASE.dll
0x00007ff9eb960000 - 0x00007ff9eb99b000 	C:\Windows\SYSTEM32\IPHLPAPI.DLL
0x00007ff9ee380000 - 0x00007ff9ee388000 	C:\Windows\System32\NSI.dll
0x00007ff9e6bc0000 - 0x00007ff9e6bd7000 	C:\Windows\SYSTEM32\dhcpcsvc6.DLL
0x00007ff9e5c80000 - 0x00007ff9e5c9d000 	C:\Windows\SYSTEM32\dhcpcsvc.DLL
0x00007ff9eb9a0000 - 0x00007ff9eba6b000 	C:\Windows\SYSTEM32\DNSAPI.dll

dbghelp: loaded successfully - version: 4.0.5 - missing functions: none
symbol engine: initialized successfully - sym options: 0x614 - pdb path: .;C:\Users\felip\OneDrive\Desktop\android-studio\jre\bin;C:\Windows\SYSTEM32;C:\Program Files\Avast Software\Avast;C:\Windows\WinSxS\amd64_microsoft.windows.common-controls_6595b64144ccf1df_6.0.19041.1110_none_60b5254171f9507e;C:\Users\felip\OneDrive\Desktop\android-studio\jre\bin\server;C:\Users\felip\.gradle\native\8bec1ad78214c89d9ad589b4d07fe93259594b29d510b10fafb7a158f7737e5d\windows-amd64;C:\Users\felip\.gradle\native\53dbd7edfb1c66fb8903c78663c9afc45aea4f116125fa6feffd364cf09443e8\windows-amd64

VM Arguments:
jvm_args: --add-opens=java.base/java.util=ALL-UNNAMED --add-opens=java.base/java.lang=ALL-UNNAMED --add-opens=java.base/java.lang.invoke=ALL-UNNAMED --add-opens=java.base/java.util=ALL-UNNAMED --add-opens=java.prefs/java.util.prefs=ALL-UNNAMED --add-opens=java.prefs/java.util.prefs=ALL-UNNAMED --add-opens=java.base/java.nio.charset=ALL-UNNAMED --add-opens=java.base/java.net=ALL-UNNAMED --add-opens=java.base/java.util.concurrent.atomic=ALL-UNNAMED -Xmx512m -Dfile.encoding=UTF-8 -Duser.country=US -Duser.language=en -Duser.variant 
java_command: org.gradle.launcher.daemon.bootstrap.GradleDaemon 7.0.2
java_class_path (initial): C:\Users\felip\.gradle\wrapper\dists\gradle-7.0.2-bin\857tjihv64xamwrf0h14cai3r\gradle-7.0.2\lib\gradle-launcher-7.0.2.jar
Launcher Type: SUN_STANDARD

[Global flags]
     intx CICompilerCount                          = 2                                         {product} {ergonomic}
     uint ConcGCThreads                            = 1                                         {product} {ergonomic}
     uint G1ConcRefinementThreads                  = 2                                         {product} {ergonomic}
   size_t G1HeapRegionSize                         = 1048576                                   {product} {ergonomic}
    uintx GCDrainStackTargetSize                   = 64                                        {product} {ergonomic}
   size_t InitialHeapSize                          = 67108864                                  {product} {ergonomic}
   size_t MarkStackSize                            = 4194304                                   {product} {ergonomic}
   size_t MaxHeapSize                              = 536870912                                 {product} {command line}
   size_t MaxNewSize                               = 321912832                                 {product} {ergonomic}
   size_t MinHeapDeltaBytes                        = 1048576                                   {product} {ergonomic}
    uintx NonNMethodCodeHeapSize                   = 5825164                                {pd product} {ergonomic}
    uintx NonProfiledCodeHeapSize                  = 122916538                              {pd product} {ergonomic}
    uintx ProfiledCodeHeapSize                     = 122916538                              {pd product} {ergonomic}
    uintx ReservedCodeCacheSize                    = 251658240                              {pd product} {ergonomic}
     bool SegmentedCodeCache                       = true                                      {product} {ergonomic}
     bool UseCompressedClassPointers               = true                                 {lp64_product} {ergonomic}
     bool UseCompressedOops                        = true                                 {lp64_product} {ergonomic}
     bool UseG1GC                                  = true                                      {product} {ergonomic}
     bool UseLargePagesIndividualAllocation        = false                                  {pd product} {ergonomic}

Logging:
Log output configuration:
 #0: stdout all=warning uptime,level,tags
 #1: stderr all=off uptime,level,tags

Environment Variables:
PATH=C:\Program Files\Common Files\Oracle\Java\javapath;C:\Program Files (x86)\Common Files\Oracle\Java\javapath;C:\Windows\system32;C:\Windows;C:\Windows\System32\Wbem;C:\Windows\System32\WindowsPowerShell\v1.0\;C:\Windows\System32\OpenSSH\;C:\ProgramData\chocolatey\bin;C:\Program Files (x86)\Yarn\bin\;C:\Program Files\Git\cmd;C:\Program Files\nodejs\;C:\Users\felip\AppData\Local\Microsoft\WindowsApps;C:\Users\felip\AppData\Local\Programs\Microsoft VS Code\bin;C:\Users\felip\AppData\Local\Yarn\bin;C:\Users\felip\AppData\Local\GitHubDesktop\bin;C:\Users\felip\AppData\Roaming\npm
USERNAME=felip
OS=Windows_NT
PROCESSOR_IDENTIFIER=Intel64 Family 6 Model 23 Stepping 10, GenuineIntel



---------------  S Y S T E M  ---------------

OS: Windows 10 , 64 bit Build 19041 (10.0.19041.1348)
OS uptime: 1 days 19:08 hours

CPU:total 2 (initial active 2) (2 cores per cpu, 1 threads per core) family 6 model 23 stepping 10 microcode 0xa0c, cmov, cx8, fxsr, mmx, sse, sse2, sse3, ssse3, tsc

Memory: 4k page, system-wide physical 4061M (85M free)
TotalPageFile size 4061M (AvailPageFile size 35M)
current process WorkingSet (physical memory assigned to process): 497M, peak: 503M
current process commit charge ("private bytes"): 549M, peak: 599M

vm_info: OpenJDK 64-Bit Server VM (11.0.11+9-b60-7590822) for windows-amd64 JRE (11.0.11+9-b60-7590822), built on Jul 29 2021 21:43:44 by "builder" with MS VC++ 14.0 (VS2015)

END.
