#
# There is insufficient memory for the Java Runtime Environment to continue.
# Native memory allocation (mmap) failed to map 3145728 bytes for Failed to commit area from 0x00000000e5d00000 to 0x00000000e6000000 of length 3145728.
# Possible reasons:
#   The system is out of physical RAM or swap space
#   The process is running with CompressedOops enabled, and the Java Heap may be blocking the growth of the native heap
# Possible solutions:
#   Reduce memory load on the system
#   Increase physical memory or swap space
#   Check if swap backing store is full
#   Decrease Java heap size (-Xmx/-Xms)
#   Decrease number of Java threads
#   Decrease Java thread stack sizes (-Xss)
#   Set larger code cache with -XX:ReservedCodeCacheSize=
#   JVM is running with Unscaled Compressed Oops mode in which the Java heap is
#     placed in the first 4GB address space. The Java Heap base address is the
#     maximum limit for the native heap growth. Please use -XX:HeapBaseMinAddress
#     to set the Java Heap base and to place the Java Heap above 4GB virtual address.
# This output file may be truncated or incomplete.
#
#  Out of Memory Error (./src/hotspot/os/windows/os_windows.cpp:3301), pid=5912, tid=6392
#
# JRE version: OpenJDK Runtime Environment (11.0.11+9) (build 11.0.11+9-b60-7590822)
# Java VM: OpenJDK 64-Bit Server VM (11.0.11+9-b60-7590822, mixed mode, tiered, compressed oops, g1 gc, windows-amd64)
# No core dump will be written. Minidumps are not enabled by default on client versions of Windows
#

---------------  S U M M A R Y ------------

Command Line: --add-opens=java.base/java.util=ALL-UNNAMED --add-opens=java.base/java.lang=ALL-UNNAMED --add-opens=java.base/java.lang.invoke=ALL-UNNAMED --add-opens=java.base/java.util=ALL-UNNAMED --add-opens=java.prefs/java.util.prefs=ALL-UNNAMED --add-opens=java.prefs/java.util.prefs=ALL-UNNAMED --add-opens=java.base/java.nio.charset=ALL-UNNAMED --add-opens=java.base/java.net=ALL-UNNAMED --add-opens=java.base/java.util.concurrent.atomic=ALL-UNNAMED -Xmx512m -Dfile.encoding=UTF-8 -Duser.country=US -Duser.language=en -Duser.variant org.gradle.launcher.daemon.bootstrap.GradleDaemon 7.0.2

Host: Celeron(R) Dual-Core CPU       T3500  @ 2.10GHz, 2 cores, 3G,  Windows 10 , 64 bit Build 19041 (10.0.19041.1202)
Time: Mon Nov  8 09:50:36 2021 E. South America Standard Time elapsed time: 96.042304 seconds (0d 0h 1m 36s)

---------------  T H R E A D  ---------------

Current thread (0x0000019b492e3000):  JavaThread "Daemon worker" [_thread_in_vm, id=6392, stack(0x0000006c53b00000,0x0000006c53c00000)]

Stack: [0x0000006c53b00000,0x0000006c53c00000]
Native frames: (J=compiled Java code, j=interpreted, Vv=VM code, C=native code)
V  [jvm.dll+0x5f214a]
V  [jvm.dll+0x726fb5]
V  [jvm.dll+0x7285cd]
V  [jvm.dll+0x728c83]
V  [jvm.dll+0x243278]
V  [jvm.dll+0x5ef544]
V  [jvm.dll+0x5e4495]
V  [jvm.dll+0x2fec5b]
V  [jvm.dll+0x2febca]
V  [jvm.dll+0x2feaa2]
V  [jvm.dll+0x303986]
V  [jvm.dll+0x34c3a3]
V  [jvm.dll+0x34caa6]
V  [jvm.dll+0x34c4a3]
V  [jvm.dll+0x2d9e65]
V  [jvm.dll+0x2d628f]
V  [jvm.dll+0x58b1b2]
V  [jvm.dll+0x58aa3c]
V  [jvm.dll+0x1e947d]
V  [jvm.dll+0x7043ff]
V  [jvm.dll+0x653387]
C  0x0000019b3492da29

Java frames: (J=compiled Java code, j=interpreted, Vv=VM code)
v  ~RuntimeStub::_new_array_Java
J 5697 c2 java.util.zip.ZipFile$Source.initCEN(ILjava/util/zip/ZipCoder;)V java.base@11.0.11 (658 bytes) @ 0x0000019b3c5e4c54 [0x0000019b3c5e3360+0x00000000000018f4]
J 1164 c1 java.util.zip.ZipFile$Source.<init>(Ljava/util/zip/ZipFile$Source$Key;ZLjava/util/zip/ZipCoder;)V java.base@11.0.11 (153 bytes) @ 0x0000019b350585ec [0x0000019b350578e0+0x0000000000000d0c]
J 956 c1 java.util.zip.ZipFile$Source.get(Ljava/io/File;ZLjava/util/zip/ZipCoder;)Ljava/util/zip/ZipFile$Source; java.base@11.0.11 (179 bytes) @ 0x0000019b34f9242c [0x0000019b34f91aa0+0x000000000000098c]
J 1115 c1 java.util.zip.ZipFile$CleanableResource.<init>(Ljava/util/zip/ZipFile;Ljava/io/File;I)V java.base@11.0.11 (65 bytes) @ 0x0000019b35014c9c [0x0000019b35014540+0x000000000000075c]
J 954 c1 java.util.zip.ZipFile$CleanableResource.get(Ljava/util/zip/ZipFile;Ljava/io/File;I)Ljava/util/zip/ZipFile$CleanableResource; java.base@11.0.11 (70 bytes) @ 0x0000019b34f90d24 [0x0000019b34f90940+0x00000000000003e4]
J 1103 c1 java.util.zip.ZipFile.<init>(Ljava/io/File;ILjava/nio/charset/Charset;)V java.base@11.0.11 (134 bytes) @ 0x0000019b35007ca4 [0x0000019b35007100+0x0000000000000ba4]
J 1154 c1 java.util.jar.JarFile.<init>(Ljava/io/File;ZILjava/lang/Runtime$Version;)V java.base@11.0.11 (95 bytes) @ 0x0000019b3504a754 [0x0000019b3504a680+0x00000000000000d4]
J 1159 c1 jdk.internal.loader.URLClassPath$JarLoader.getJarFile(Ljava/net/URL;)Ljava/util/jar/JarFile; java.base@11.0.11 (102 bytes) @ 0x0000019b3504e144 [0x0000019b3504dc20+0x0000000000000524]
J 5702 c1 jdk.internal.loader.URLClassPath$JarLoader$1.run()Ljava/lang/Void; java.base@11.0.11 (175 bytes) @ 0x0000019b359b7224 [0x0000019b359b7180+0x00000000000000a4]
J 1158 c1 jdk.internal.loader.URLClassPath$JarLoader$1.run()Ljava/lang/Object; java.base@11.0.11 (5 bytes) @ 0x0000019b3504d7c4 [0x0000019b3504d740+0x0000000000000084]
v  ~StubRoutines::call_stub
J 559  java.security.AccessController.doPrivileged(Ljava/security/PrivilegedExceptionAction;Ljava/security/AccessControlContext;)Ljava/lang/Object; java.base@11.0.11 (0 bytes) @ 0x0000019b3c32d6a6 [0x0000019b3c32d640+0x0000000000000066]
J 3046 c1 jdk.internal.loader.URLClassPath$JarLoader.ensureOpen()V java.base@11.0.11 (36 bytes) @ 0x0000019b3542b09c [0x0000019b3542af00+0x000000000000019c]
J 1157 c1 jdk.internal.loader.URLClassPath$JarLoader.<init>(Ljava/net/URL;Ljava/net/URLStreamHandler;Ljava/util/HashMap;Ljava/security/AccessControlContext;)V java.base@11.0.11 (67 bytes) @ 0x0000019b3504cc44 [0x0000019b3504c2e0+0x0000000000000964]
J 5701 c1 jdk.internal.loader.URLClassPath$3.run()Ljdk/internal/loader/URLClassPath$Loader; java.base@11.0.11 (172 bytes) @ 0x0000019b359b638c [0x0000019b359b56c0+0x0000000000000ccc]
J 1156 c1 jdk.internal.loader.URLClassPath$3.run()Ljava/lang/Object; java.base@11.0.11 (5 bytes) @ 0x0000019b3504bec4 [0x0000019b3504be40+0x0000000000000084]
v  ~StubRoutines::call_stub
J 559  java.security.AccessController.doPrivileged(Ljava/security/PrivilegedExceptionAction;Ljava/security/AccessControlContext;)Ljava/lang/Object; java.base@11.0.11 (0 bytes) @ 0x0000019b3c32d6a6 [0x0000019b3c32d640+0x0000000000000066]
J 2778 c2 jdk.internal.loader.URLClassPath.getLoader(I)Ljdk/internal/loader/URLClassPath$Loader; java.base@11.0.11 (194 bytes) @ 0x0000019b3c442340 [0x0000019b3c440d00+0x0000000000001640]
J 7324 c1 jdk.internal.loader.URLClassPath$1.next()Z java.base@11.0.11 (59 bytes) @ 0x0000019b35d95f44 [0x0000019b35d95d00+0x0000000000000244]
j  jdk.internal.loader.URLClassPath$1.hasMoreElements()Z+1 java.base@11.0.11
j  java.net.URLClassLoader$3$1.run()Ljava/net/URL;+7 java.base@11.0.11
j  java.net.URLClassLoader$3$1.run()Ljava/lang/Object;+1 java.base@11.0.11
v  ~StubRoutines::call_stub
J 6780  java.security.AccessController.doPrivileged(Ljava/security/PrivilegedAction;Ljava/security/AccessControlContext;)Ljava/lang/Object; java.base@11.0.11 (0 bytes) @ 0x0000019b3c6d31a6 [0x0000019b3c6d3140+0x0000000000000066]
j  java.net.URLClassLoader$3.next()Z+24 java.base@11.0.11
j  java.net.URLClassLoader$3.hasMoreElements()Z+1 java.base@11.0.11
j  java.lang.CompoundEnumeration.next()Z+33 java.base@11.0.11
j  java.lang.CompoundEnumeration.hasMoreElements()Z+1 java.base@11.0.11
j  java.util.ServiceLoader$LazyClassPathLookupIterator.nextProviderClass()Ljava/lang/Class;+152 java.base@11.0.11
j  java.util.ServiceLoader$LazyClassPathLookupIterator.hasNextService()Z+15 java.base@11.0.11
j  java.util.ServiceLoader$LazyClassPathLookupIterator.hasNext()Z+11 java.base@11.0.11
j  java.util.ServiceLoader$2.hasNext()Z+16 java.base@11.0.11
j  java.util.ServiceLoader$3.hasNext()Z+32 java.base@11.0.11
j  org.jetbrains.plugins.gradle.tooling.serialization.ToolingSerializer.<init>(Ljava/lang/ClassLoader;)V+157
j  org.jetbrains.plugins.gradle.model.ProjectImportActionWithCustomSerializer$ToolingSerializerConverter.<init>(Lorg/gradle/tooling/BuildController;)V+37
j  org.jetbrains.plugins.gradle.model.ProjectImportActionWithCustomSerializer$ToolingSerializerConverter.<init>(Lorg/gradle/tooling/BuildController;Lorg/jetbrains/plugins/gradle/model/ProjectImportActionWithCustomSerializer$1;)V+2
j  org.jetbrains.plugins.gradle.model.ProjectImportActionWithCustomSerializer.getToolingModelConverter(Lorg/gradle/tooling/BuildController;)Lorg/jetbrains/plugins/gradle/model/ProjectImportAction$ModelConverter;+6
j  org.jetbrains.plugins.gradle.model.ProjectImportAction.execute(Lorg/gradle/tooling/BuildController;)Lorg/jetbrains/plugins/gradle/model/ProjectImportAction$AllModels;+132
j  org.jetbrains.plugins.gradle.model.ProjectImportAction.execute(Lorg/gradle/tooling/BuildController;)Ljava/lang/Object;+2
j  org.gradle.tooling.internal.consumer.connection.InternalBuildActionAdapter.execute(Lorg/gradle/tooling/internal/protocol/InternalBuildControllerVersion2;)Ljava/lang/Object;+11
j  org.gradle.tooling.internal.provider.runner.AbstractClientProvidedBuildActionRunner$ActionRunningListener.runAction(Ljava/lang/Object;Lorg/gradle/tooling/internal/protocol/PhasedActionResult$Phase;)V+93
j  org.gradle.tooling.internal.provider.runner.AbstractClientProvidedBuildActionRunner$ActionRunningListener.projectsEvaluated(Lorg/gradle/api/invocation/Gradle;)V+31
v  ~StubRoutines::call_stub
J 2128  jdk.internal.reflect.NativeMethodAccessorImpl.invoke0(Ljava/lang/reflect/Method;Ljava/lang/Object;[Ljava/lang/Object;)Ljava/lang/Object; java.base@11.0.11 (0 bytes) @ 0x0000019b3c3e35bf [0x0000019b3c3e3540+0x000000000000007f]
J 2127 c1 jdk.internal.reflect.NativeMethodAccessorImpl.invoke(Ljava/lang/Object;[Ljava/lang/Object;)Ljava/lang/Object; java.base@11.0.11 (104 bytes) @ 0x0000019b352598a4 [0x0000019b35258cc0+0x0000000000000be4]
J 1695 c1 jdk.internal.reflect.DelegatingMethodAccessorImpl.invoke(Ljava/lang/Object;[Ljava/lang/Object;)Ljava/lang/Object; java.base@11.0.11 (10 bytes) @ 0x0000019b3516f3bc [0x0000019b3516f2c0+0x00000000000000fc]
J 1694 c1 java.lang.reflect.Method.invoke(Ljava/lang/Object;[Ljava/lang/Object;)Ljava/lang/Object; java.base@11.0.11 (65 bytes) @ 0x0000019b3516dfcc [0x0000019b3516dca0+0x000000000000032c]
j  org.gradle.internal.dispatch.ReflectionDispatch.dispatch(Lorg/gradle/internal/dispatch/MethodInvocation;)V+19
J 4234 c1 org.gradle.internal.dispatch.ReflectionDispatch.dispatch(Ljava/lang/Object;)V (9 bytes) @ 0x0000019b356c3fc4 [0x0000019b356c3e60+0x0000000000000164]
j  org.gradle.internal.event.DefaultListenerManager$ListenerDetails.dispatch(Lorg/gradle/internal/dispatch/MethodInvocation;)V+15
j  org.gradle.internal.event.DefaultListenerManager$ListenerDetails.dispatch(Ljava/lang/Object;)V+5
J 4400 c1 org.gradle.internal.event.AbstractBroadcastDispatch.dispatch(Lorg/gradle/internal/dispatch/MethodInvocation;Ljava/util/Iterator;)V (191 bytes) @ 0x0000019b35756fd4 [0x0000019b35756c20+0x00000000000003b4]
J 5804 c1 org.gradle.internal.event.DefaultListenerManager$EventBroadcast$ListenerDispatch.dispatch(Lorg/gradle/internal/dispatch/MethodInvocation;)V (55 bytes) @ 0x0000019b359eecac [0x0000019b359ee8e0+0x00000000000003cc]
J 5822 c1 org.gradle.internal.event.DefaultListenerManager$EventBroadcast$ListenerDispatch.dispatch(Ljava/lang/Object;)V (9 bytes) @ 0x0000019b359fe944 [0x0000019b359fe7e0+0x0000000000000164]
J 5442 c1 org.gradle.internal.event.AbstractBroadcastDispatch.dispatch(Lorg/gradle/internal/dispatch/MethodInvocation;Lorg/gradle/internal/dispatch/Dispatch;)V (74 bytes) @ 0x0000019b358ffd94 [0x0000019b358ffc80+0x0000000000000114]
J 1785 c1 org.gradle.internal.event.BroadcastDispatch$SingletonDispatch.dispatch(Ljava/lang/Object;)V (9 bytes) @ 0x0000019b35190a04 [0x0000019b351907e0+0x0000000000000224]
J 4400 c1 org.gradle.internal.event.AbstractBroadcastDispatch.dispatch(Lorg/gradle/internal/dispatch/MethodInvocation;Ljava/util/Iterator;)V (191 bytes) @ 0x0000019b35756fd4 [0x0000019b35756c20+0x00000000000003b4]
j  org.gradle.internal.event.BroadcastDispatch$CompositeDispatch.dispatch(Lorg/gradle/internal/dispatch/MethodInvocation;)V+11
j  org.gradle.internal.event.BroadcastDispatch$CompositeDispatch.dispatch(Ljava/lang/Object;)V+5
J 6105 c1 org.gradle.internal.event.ListenerBroadcast.dispatch(Ljava/lang/Object;)V (9 bytes) @ 0x0000019b35ab1bf4 [0x0000019b35ab1960+0x0000000000000294]
J 6064 c1 org.gradle.internal.dispatch.ProxyDispatchAdapter$DispatchingInvocationHandler.invoke(Ljava/lang/Object;Ljava/lang/reflect/Method;[Ljava/lang/Object;)Ljava/lang/Object; (184 bytes) @ 0x0000019b35a9ba9c [0x0000019b35a99d80+0x0000000000001d1c]
j  com.sun.proxy.$Proxy19.projectsEvaluated(Lorg/gradle/api/invocation/Gradle;)V+16
j  org.gradle.initialization.ProjectsEvaluatedNotifier$NotifyProjectsEvaluatedListeners.run(Lorg/gradle/internal/operations/BuildOperationContext;)V+13
J 6828 c1 org.gradle.internal.operations.DefaultBuildOperationRunner$1.execute(Lorg/gradle/internal/operations/BuildOperation;Lorg/gradle/internal/operations/BuildOperationContext;)V (10 bytes) @ 0x0000019b35c5bb2c [0x0000019b35c5b8e0+0x000000000000024c]
J 6766 c1 org.gradle.internal.operations.DefaultBuildOperationRunner$3.execute(Lorg/gradle/internal/operations/BuildOperationDescriptor;Lorg/gradle/internal/operations/BuildOperationState;Lorg/gradle/internal/operations/BuildOperationState;Lorg/gradle/internal/operations/DefaultBuildOperationRunner$ReadableBuildOperationContext;Lorg/gradle/internal/operations/DefaultBuildOperationRunner$BuildOperationExecutionListener;)Lorg/gradle/internal/operations/BuildOperation; (110 bytes) @ 0x0000019b35c38624 [0x0000019b35c38440+0x00000000000001e4]
J 6764 c1 org.gradle.internal.operations.DefaultBuildOperationRunner.execute(Lorg/gradle/internal/operations/BuildOperationDescriptor$Builder;Lorg/gradle/internal/operations/BuildOperationState;Lorg/gradle/internal/operations/DefaultBuildOperationRunner$BuildOperationExecution;)Ljava/lang/Object; (140 bytes) @ 0x0000019b35c36c14 [0x0000019b35c35f20+0x0000000000000cf4]
J 6827 c1 org.gradle.internal.operations.DefaultBuildOperationRunner.run(Lorg/gradle/internal/operations/RunnableBuildOperation;)V (13 bytes) @ 0x0000019b35c5b1c4 [0x0000019b35c5abc0+0x0000000000000604]
J 6826 c1 org.gradle.internal.operations.DefaultBuildOperationExecutor.run(Lorg/gradle/internal/operations/RunnableBuildOperation;)V (19 bytes) @ 0x0000019b35c5a13c [0x0000019b35c598a0+0x000000000000089c]
j  org.gradle.initialization.ProjectsEvaluatedNotifier.notify(Lorg/gradle/api/internal/GradleInternal;)V+12
j  org.gradle.configuration.DefaultProjectsPreparer.prepareProjects(Lorg/gradle/api/internal/GradleInternal;)V+62
j  org.gradle.configuration.BuildTreePreparingProjectsPreparer.prepareProjects(Lorg/gradle/api/internal/GradleInternal;)V+118
j  org.gradle.configuration.BuildOperationFiringProjectsPreparer$ConfigureBuild.run(Lorg/gradle/internal/operations/BuildOperationContext;)V+11
j  org.gradle.internal.operations.DefaultBuildOperationRunner$1.execute(Lorg/gradle/internal/operations/RunnableBuildOperation;Lorg/gradle/internal/operations/BuildOperationContext;)V+2
j  org.gradle.internal.operations.DefaultBuildOperationRunner$1.execute(Lorg/gradle/internal/operations/BuildOperation;Lorg/gradle/internal/operations/BuildOperationContext;)V+6
j  org.gradle.internal.operations.DefaultBuildOperationRunner$3.execute(Lorg/gradle/internal/operations/BuildOperationDescriptor;Lorg/gradle/internal/operations/BuildOperationState;Lorg/gradle/internal/operations/BuildOperationState;Lorg/gradle/internal/operations/DefaultBuildOperationRunner$ReadableBuildOperationContext;Lorg/gradle/internal/operations/DefaultBuildOperationRunner$BuildOperationExecutionListener;)Lorg/gradle/internal/operations/BuildOperation;+22
j  org.gradle.internal.operations.DefaultBuildOperationRunner$3.execute(Lorg/gradle/internal/operations/BuildOperationDescriptor;Lorg/gradle/internal/operations/BuildOperationState;Lorg/gradle/internal/operations/BuildOperationState;Lorg/gradle/internal/operations/DefaultBuildOperationRunner$ReadableBuildOperationContext;Lorg/gradle/internal/operations/DefaultBuildOperationRunner$BuildOperationExecutionListener;)Ljava/lang/Object;+8
j  org.gradle.internal.operations.DefaultBuildOperationRunner.execute(Lorg/gradle/internal/operations/BuildOperationDescriptor$Builder;Lorg/gradle/internal/operations/BuildOperationState;Lorg/gradle/internal/operations/DefaultBuildOperationRunner$BuildOperationExecution;)Ljava/lang/Object;+134
j  org.gradle.internal.operations.DefaultBuildOperationRunner.execute(Lorg/gradle/internal/operations/BuildOperation;Lorg/gradle/internal/operations/BuildOperationWorker;Lorg/gradle/internal/operations/BuildOperationState;)V+18
j  org.gradle.internal.operations.DefaultBuildOperationRunner.run(Lorg/gradle/internal/operations/RunnableBuildOperation;)V+9
j  org.gradle.internal.operations.DefaultBuildOperationExecutor.lambda$run$1(Lorg/gradle/internal/operations/RunnableBuildOperation;Lorg/gradle/internal/operations/BuildOperationState;)V+5
j  org.gradle.internal.operations.DefaultBuildOperationExecutor$$Lambda$201.accept(Ljava/lang/Object;)V+12
j  org.gradle.internal.operations.UnmanagedBuildOperationWrapper.runWithUnmanagedSupport(Lorg/gradle/internal/operations/BuildOperationState;Ljava/util/function/Consumer;)V+8
j  org.gradle.internal.operations.DefaultBuildOperationExecutor.run(Lorg/gradle/internal/operations/RunnableBuildOperation;)V+15
j  org.gradle.configuration.BuildOperationFiringProjectsPreparer.prepareProjects(Lorg/gradle/api/internal/GradleInternal;)V+13
j  org.gradle.initialization.DefaultGradleLauncher.prepareProjects()V+18
j  org.gradle.initialization.DefaultGradleLauncher.doClassicBuildStages(Lorg/gradle/initialization/DefaultGradleLauncher$Stage;)V+29
j  org.gradle.initialization.DefaultGradleLauncher.doBuildStages(Lorg/gradle/initialization/DefaultGradleLauncher$Stage;)V+80
j  org.gradle.initialization.DefaultGradleLauncher.executeTasks()Lorg/gradle/api/internal/GradleInternal;+4
j  org.gradle.internal.invocation.GradleBuildController$$Lambda$200.transform(Ljava/lang/Object;)Ljava/lang/Object;+4
j  org.gradle.internal.invocation.GradleBuildController$1.create()Ljava/lang/Object;+13
j  org.gradle.internal.work.DefaultWorkerLeaseService.withLocks(Ljava/lang/Iterable;Lorg/gradle/internal/Factory;)Ljava/lang/Object;+26
j  org.gradle.internal.invocation.GradleBuildController.doBuild(Lorg/gradle/api/Transformer;)Ljava/lang/Object;+25
j  org.gradle.internal.invocation.GradleBuildController.run()Lorg/gradle/api/internal/GradleInternal;+6
j  org.gradle.tooling.internal.provider.runner.AbstractClientProvidedBuildActionRunner.runClientAction(Lorg/gradle/tooling/internal/provider/runner/AbstractClientProvidedBuildActionRunner$ClientAction;Lorg/gradle/internal/invocation/BuildController;)Lorg/gradle/internal/invocation/BuildActionRunner$Result;+53
j  org.gradle.tooling.internal.provider.runner.ClientProvidedPhasedActionRunner.run(Lorg/gradle/internal/invocation/BuildAction;Lorg/gradle/internal/invocation/BuildController;)Lorg/gradle/internal/invocation/BuildActionRunner$Result;+70
j  org.gradle.launcher.exec.ChainingBuildActionRunner.run(Lorg/gradle/internal/invocation/BuildAction;Lorg/gradle/internal/invocation/BuildController;)Lorg/gradle/internal/invocation/BuildActionRunner$Result;+34
j  org.gradle.launcher.exec.ChainingBuildActionRunner.run(Lorg/gradle/internal/invocation/BuildAction;Lorg/gradle/internal/invocation/BuildController;)Lorg/gradle/internal/invocation/BuildActionRunner$Result;+34
j  org.gradle.launcher.exec.BuildOutcomeReportingBuildActionRunner.run(Lorg/gradle/internal/invocation/BuildAction;Lorg/gradle/internal/invocation/BuildController;)Lorg/gradle/internal/invocation/BuildActionRunner$Result;+147
j  org.gradle.tooling.internal.provider.ValidatingBuildActionRunner.run(Lorg/gradle/internal/invocation/BuildAction;Lorg/gradle/internal/invocation/BuildController;)Lorg/gradle/internal/invocation/BuildActionRunner$Result;+6
j  org.gradle.tooling.internal.provider.FileSystemWatchingBuildActionRunner.run(Lorg/gradle/internal/invocation/BuildAction;Lorg/gradle/internal/invocation/BuildController;)Lorg/gradle/internal/invocation/BuildActionRunner$Result;+227
j  org.gradle.launcher.exec.BuildCompletionNotifyingBuildActionRunner.run(Lorg/gradle/internal/invocation/BuildAction;Lorg/gradle/internal/invocation/BuildController;)Lorg/gradle/internal/invocation/BuildActionRunner$Result;+28
j  org.gradle.launcher.exec.RunAsBuildOperationBuildActionRunner$3.call(Lorg/gradle/internal/operations/BuildOperationContext;)Lorg/gradle/internal/invocation/BuildActionRunner$Result;+71
j  org.gradle.launcher.exec.RunAsBuildOperationBuildActionRunner$3.call(Lorg/gradle/internal/operations/BuildOperationContext;)Ljava/lang/Object;+2
j  org.gradle.internal.operations.DefaultBuildOperationRunner$CallableBuildOperationWorker.execute(Lorg/gradle/internal/operations/CallableBuildOperation;Lorg/gradle/internal/operations/BuildOperationContext;)V+3
j  org.gradle.internal.operations.DefaultBuildOperationRunner$CallableBuildOperationWorker.execute(Lorg/gradle/internal/operations/BuildOperation;Lorg/gradle/internal/operations/BuildOperationContext;)V+6
j  org.gradle.internal.operations.DefaultBuildOperationRunner$3.execute(Lorg/gradle/internal/operations/BuildOperationDescriptor;Lorg/gradle/internal/operations/BuildOperationState;Lorg/gradle/internal/operations/BuildOperationState;Lorg/gradle/internal/operations/DefaultBuildOperationRunner$ReadableBuildOperationContext;Lorg/gradle/internal/operations/DefaultBuildOperationRunner$BuildOperationExecutionListener;)Lorg/gradle/internal/operations/BuildOperation;+22
j  org.gradle.internal.operations.DefaultBuildOperationRunner$3.execute(Lorg/gradle/internal/operations/BuildOperationDescriptor;Lorg/gradle/internal/operations/BuildOperationState;Lorg/gradle/internal/operations/BuildOperationState;Lorg/gradle/internal/operations/DefaultBuildOperationRunner$ReadableBuildOperationContext;Lorg/gradle/internal/operations/DefaultBuildOperationRunner$BuildOperationExecutionListener;)Ljava/lang/Object;+8
j  org.gradle.internal.operations.DefaultBuildOperationRunner.execute(Lorg/gradle/internal/operations/BuildOperationDescriptor$Builder;Lorg/gradle/internal/operations/BuildOperationState;Lorg/gradle/internal/operations/DefaultBuildOperationRunner$BuildOperationExecution;)Ljava/lang/Object;+134
j  org.gradle.internal.operations.DefaultBuildOperationRunner.execute(Lorg/gradle/internal/operations/BuildOperation;Lorg/gradle/internal/operations/BuildOperationWorker;Lorg/gradle/internal/operations/BuildOperationState;)V+18
j  org.gradle.internal.operations.DefaultBuildOperationRunner.call(Lorg/gradle/internal/operations/CallableBuildOperation;)Ljava/lang/Object;+16
j  org.gradle.internal.operations.DefaultBuildOperationExecutor.lambda$call$2(Lorg/gradle/internal/operations/CallableBuildOperation;Lorg/gradle/internal/operations/BuildOperationState;)Ljava/lang/Object;+5
j  org.gradle.internal.operations.DefaultBuildOperationExecutor$$Lambda$153.apply(Ljava/lang/Object;)Ljava/lang/Object;+12
j  org.gradle.internal.operations.UnmanagedBuildOperationWrapper.callWithUnmanagedSupport(Lorg/gradle/internal/operations/BuildOperationState;Ljava/util/function/Function;)Ljava/lang/Object;+8
j  org.gradle.internal.operations.DefaultBuildOperationExecutor.call(Lorg/gradle/internal/operations/CallableBuildOperation;)Ljava/lang/Object;+15
j  org.gradle.launcher.exec.RunAsBuildOperationBuildActionRunner.run(Lorg/gradle/internal/invocation/BuildAction;Lorg/gradle/internal/invocation/BuildController;)Lorg/gradle/internal/invocation/BuildActionRunner$Result;+33
j  org.gradle.launcher.exec.InProcessBuildActionExecuter.lambda$execute$0(Lorg/gradle/internal/invocation/BuildAction;Lorg/gradle/internal/invocation/BuildController;)Lorg/gradle/launcher/exec/BuildActionResult;+6
j  org.gradle.launcher.exec.InProcessBuildActionExecuter$$Lambda$152.transform(Ljava/lang/Object;)Ljava/lang/Object;+12
j  org.gradle.composite.internal.DefaultRootBuildState.run(Lorg/gradle/api/Transformer;)Ljava/lang/Object;+43
j  org.gradle.launcher.exec.InProcessBuildActionExecuter.execute(Lorg/gradle/internal/invocation/BuildAction;Lorg/gradle/launcher/exec/BuildActionParameters;Lorg/gradle/internal/buildtree/BuildTreeContext;)Lorg/gradle/launcher/exec/BuildActionResult;+44
j  org.gradle.launcher.exec.InProcessBuildActionExecuter.execute(Lorg/gradle/internal/invocation/BuildAction;Ljava/lang/Object;Ljava/lang/Object;)Lorg/gradle/launcher/exec/BuildActionResult;+10
j  org.gradle.launcher.exec.BuildTreeScopeLifecycleBuildActionExecuter.lambda$execute$0(Lorg/gradle/internal/invocation/BuildAction;Lorg/gradle/launcher/exec/BuildActionParameters;Lorg/gradle/internal/buildtree/BuildTreeContext;)Lorg/gradle/launcher/exec/BuildActionResult;+19
j  org.gradle.launcher.exec.BuildTreeScopeLifecycleBuildActionExecuter$$Lambda$99.apply(Ljava/lang/Object;)Ljava/lang/Object;+12
j  org.gradle.internal.buildtree.BuildTreeState.run(Ljava/util/function/Function;)Ljava/lang/Object;+7
j  org.gradle.launcher.exec.BuildTreeScopeLifecycleBuildActionExecuter.execute(Lorg/gradle/internal/invocation/BuildAction;Lorg/gradle/launcher/exec/BuildActionParameters;Lorg/gradle/internal/session/BuildSessionContext;)Lorg/gradle/launcher/exec/BuildActionResult;+49
j  org.gradle.launcher.exec.BuildTreeScopeLifecycleBuildActionExecuter.execute(Lorg/gradle/internal/invocation/BuildAction;Ljava/lang/Object;Ljava/lang/Object;)Lorg/gradle/launcher/exec/BuildActionResult;+10
j  org.gradle.tooling.internal.provider.ContinuousBuildActionExecuter.execute(Lorg/gradle/internal/invocation/BuildAction;Lorg/gradle/launcher/exec/BuildActionParameters;Lorg/gradle/internal/session/BuildSessionContext;)Lorg/gradle/launcher/exec/BuildActionResult;+59
j  org.gradle.tooling.internal.provider.ContinuousBuildActionExecuter.execute(Lorg/gradle/internal/invocation/BuildAction;Ljava/lang/Object;Ljava/lang/Object;)Lorg/gradle/launcher/exec/BuildActionResult;+10
j  org.gradle.tooling.internal.provider.SubscribableBuildActionExecuter.execute(Lorg/gradle/internal/invocation/BuildAction;Lorg/gradle/launcher/exec/BuildActionParameters;Lorg/gradle/internal/session/BuildSessionContext;)Lorg/gradle/launcher/exec/BuildActionResult;+33
j  org.gradle.tooling.internal.provider.SubscribableBuildActionExecuter.execute(Lorg/gradle/internal/invocation/BuildAction;Ljava/lang/Object;Ljava/lang/Object;)Lorg/gradle/launcher/exec/BuildActionResult;+10
j  org.gradle.tooling.internal.provider.SessionScopeLifecycleBuildActionExecuter.lambda$execute$0(Lorg/gradle/internal/invocation/BuildAction;Lorg/gradle/launcher/exec/BuildActionParameters;Lorg/gradle/internal/session/BuildSessionContext;)Lorg/gradle/launcher/exec/BuildActionResult;+52
j  org.gradle.tooling.internal.provider.SessionScopeLifecycleBuildActionExecuter$$Lambda$91.apply(Ljava/lang/Object;)Ljava/lang/Object;+12
j  org.gradle.internal.session.BuildSessionState.run(Ljava/util/function/Function;)Ljava/lang/Object;+9
j  org.gradle.tooling.internal.provider.SessionScopeLifecycleBuildActionExecuter.execute(Lorg/gradle/internal/invocation/BuildAction;Lorg/gradle/launcher/exec/BuildActionParameters;Lorg/gradle/initialization/BuildRequestContext;)Lorg/gradle/launcher/exec/BuildActionResult;+74
j  org.gradle.tooling.internal.provider.SessionScopeLifecycleBuildActionExecuter.execute(Lorg/gradle/internal/invocation/BuildAction;Ljava/lang/Object;Ljava/lang/Object;)Lorg/gradle/launcher/exec/BuildActionResult;+10
j  org.gradle.tooling.internal.provider.GradleThreadBuildActionExecuter.execute(Lorg/gradle/internal/invocation/BuildAction;Lorg/gradle/launcher/exec/BuildActionParameters;Lorg/gradle/initialization/BuildRequestContext;)Lorg/gradle/launcher/exec/BuildActionResult;+10
j  org.gradle.tooling.internal.provider.GradleThreadBuildActionExecuter.execute(Lorg/gradle/internal/invocation/BuildAction;Ljava/lang/Object;Ljava/lang/Object;)Lorg/gradle/launcher/exec/BuildActionResult;+10
j  org.gradle.tooling.internal.provider.StartParamsValidatingActionExecuter.execute(Lorg/gradle/internal/invocation/BuildAction;Lorg/gradle/launcher/exec/BuildActionParameters;Lorg/gradle/initialization/BuildRequestContext;)Lorg/gradle/launcher/exec/BuildActionResult;+175
j  org.gradle.tooling.internal.provider.StartParamsValidatingActionExecuter.execute(Lorg/gradle/internal/invocation/BuildAction;Ljava/lang/Object;Ljava/lang/Object;)Lorg/gradle/launcher/exec/BuildActionResult;+10
j  org.gradle.tooling.internal.provider.SessionFailureReportingActionExecuter.execute(Lorg/gradle/internal/invocation/BuildAction;Lorg/gradle/launcher/exec/BuildActionParameters;Lorg/gradle/initialization/BuildRequestContext;)Lorg/gradle/launcher/exec/BuildActionResult;+7
j  org.gradle.tooling.internal.provider.SessionFailureReportingActionExecuter.execute(Lorg/gradle/internal/invocation/BuildAction;Ljava/lang/Object;Ljava/lang/Object;)Lorg/gradle/launcher/exec/BuildActionResult;+10
j  org.gradle.tooling.internal.provider.SetupLoggingActionExecuter.execute(Lorg/gradle/internal/invocation/BuildAction;Lorg/gradle/launcher/exec/BuildActionParameters;Lorg/gradle/initialization/BuildRequestContext;)Lorg/gradle/launcher/exec/BuildActionResult;+50
j  org.gradle.tooling.internal.provider.SetupLoggingActionExecuter.execute(Lorg/gradle/internal/invocation/BuildAction;Ljava/lang/Object;Ljava/lang/Object;)Lorg/gradle/launcher/exec/BuildActionResult;+10
j  org.gradle.launcher.daemon.server.exec.ExecuteBuild.doBuild(Lorg/gradle/launcher/daemon/server/api/DaemonCommandExecution;Lorg/gradle/launcher/daemon/protocol/Build;)V+114
j  org.gradle.launcher.daemon.server.exec.BuildCommandOnly.execute(Lorg/gradle/launcher/daemon/server/api/DaemonCommandExecution;)V+49
j  org.gradle.launcher.daemon.server.api.DaemonCommandExecution.proceed()Z+23
j  org.gradle.launcher.daemon.server.exec.WatchForDisconnection.execute(Lorg/gradle/launcher/daemon/server/api/DaemonCommandExecution;)V+19
j  org.gradle.launcher.daemon.server.api.DaemonCommandExecution.proceed()Z+23
j  org.gradle.launcher.daemon.server.exec.ResetDeprecationLogger.execute(Lorg/gradle/launcher/daemon/server/api/DaemonCommandExecution;)V+7
j  org.gradle.launcher.daemon.server.api.DaemonCommandExecution.proceed()Z+23
j  org.gradle.launcher.daemon.server.exec.RequestStopIfSingleUsedDaemon.execute(Lorg/gradle/launcher/daemon/server/api/DaemonCommandExecution;)V+33
j  org.gradle.launcher.daemon.server.api.DaemonCommandExecution.proceed()Z+23
j  org.gradle.launcher.daemon.server.exec.ForwardClientInput$2.create()Ljava/lang/Void;+4
j  org.gradle.launcher.daemon.server.exec.ForwardClientInput$2.create()Ljava/lang/Object;+1
j  org.gradle.util.Swapper.swap(Ljava/lang/Object;Lorg/gradle/internal/Factory;)Ljava/lang/Object;+21
j  org.gradle.launcher.daemon.server.exec.ForwardClientInput.execute(Lorg/gradle/launcher/daemon/server/api/DaemonCommandExecution;)V+63
j  org.gradle.launcher.daemon.server.api.DaemonCommandExecution.proceed()Z+23
j  org.gradle.launcher.daemon.server.exec.LogAndCheckHealth.execute(Lorg/gradle/launcher/daemon/server/api/DaemonCommandExecution;)V+28
j  org.gradle.launcher.daemon.server.api.DaemonCommandExecution.proceed()Z+23
j  org.gradle.launcher.daemon.server.exec.LogToClient.doBuild(Lorg/gradle/launcher/daemon/server/api/DaemonCommandExecution;Lorg/gradle/launcher/daemon/protocol/Build;)V+87
j  org.gradle.launcher.daemon.server.exec.BuildCommandOnly.execute(Lorg/gradle/launcher/daemon/server/api/DaemonCommandExecution;)V+49
j  org.gradle.launcher.daemon.server.api.DaemonCommandExecution.proceed()Z+23
j  org.gradle.launcher.daemon.server.exec.EstablishBuildEnvironment.doBuild(Lorg/gradle/launcher/daemon/server/api/DaemonCommandExecution;Lorg/gradle/launcher/daemon/protocol/Build;)V+356
j  org.gradle.launcher.daemon.server.exec.BuildCommandOnly.execute(Lorg/gradle/launcher/daemon/server/api/DaemonCommandExecution;)V+49
j  org.gradle.launcher.daemon.server.api.DaemonCommandExecution.proceed()Z+23
j  org.gradle.launcher.daemon.server.exec.StartBuildOrRespondWithBusy$1.run()V+44
j  org.gradle.launcher.daemon.server.DaemonStateCoordinator$1.run()V+4
j  org.gradle.internal.concurrent.ExecutorPolicy$CatchAndRecordFailures.onExecute(Ljava/lang/Runnable;)V+1
j  org.gradle.internal.concurrent.ManagedExecutorImpl$1.run()V+25
j  java.util.concurrent.ThreadPoolExecutor.runWorker(Ljava/util/concurrent/ThreadPoolExecutor$Worker;)V+92 java.base@11.0.11
j  java.util.concurrent.ThreadPoolExecutor$Worker.run()V+5 java.base@11.0.11
j  org.gradle.internal.concurrent.ThreadFactoryImpl$ManagedThreadRunnable.run()V+7
j  java.lang.Thread.run()V+11 java.base@11.0.11
v  ~StubRoutines::call_stub

---------------  P R O C E S S  ---------------

Threads class SMR info:
_java_thread_list=0x0000019b4c388380, length=37, elements={
0x0000019b30d41800, 0x0000019b473b8000, 0x0000019b473c1800, 0x0000019b47413800,
0x0000019b47414800, 0x0000019b47417800, 0x0000019b4741f800, 0x0000019b47421800,
0x0000019b4745b000, 0x0000019b47581000, 0x0000019b48775800, 0x0000019b484c6000,
0x0000019b4901e800, 0x0000019b48463000, 0x0000019b49010800, 0x0000019b48ce9000,
0x0000019b492e3000, 0x0000019b48e0c800, 0x0000019b48e62800, 0x0000019b48e66800,
0x0000019b48e61800, 0x0000019b48e61000, 0x0000019b48e67800, 0x0000019b48e63800,
0x0000019b48e64000, 0x0000019b48e65000, 0x0000019b48e65800, 0x0000019b49854800,
0x0000019b49851000, 0x0000019b49852000, 0x0000019b49852800, 0x0000019b49853800,
0x0000019b4985a000, 0x0000019b4985b000, 0x0000019b4985b800, 0x0000019b49856000,
0x0000019b49858800
}

Java Threads: ( => current thread )
  0x0000019b30d41800 JavaThread "main" [_thread_blocked, id=2324, stack(0x0000006c52300000,0x0000006c52400000)]
  0x0000019b473b8000 JavaThread "Reference Handler" daemon [_thread_blocked, id=8416, stack(0x0000006c52a00000,0x0000006c52b00000)]
  0x0000019b473c1800 JavaThread "Finalizer" daemon [_thread_blocked, id=9008, stack(0x0000006c52b00000,0x0000006c52c00000)]
  0x0000019b47413800 JavaThread "Signal Dispatcher" daemon [_thread_blocked, id=7000, stack(0x0000006c52c00000,0x0000006c52d00000)]
  0x0000019b47414800 JavaThread "Attach Listener" daemon [_thread_blocked, id=8684, stack(0x0000006c52d00000,0x0000006c52e00000)]
  0x0000019b47417800 JavaThread "Service Thread" daemon [_thread_blocked, id=3396, stack(0x0000006c52e00000,0x0000006c52f00000)]
  0x0000019b4741f800 JavaThread "C2 CompilerThread0" daemon [_thread_blocked, id=7088, stack(0x0000006c52f00000,0x0000006c53000000)]
  0x0000019b47421800 JavaThread "C1 CompilerThread0" daemon [_thread_blocked, id=5636, stack(0x0000006c53000000,0x0000006c53100000)]
  0x0000019b4745b000 JavaThread "Sweeper thread" daemon [_thread_blocked, id=2212, stack(0x0000006c53100000,0x0000006c53200000)]
  0x0000019b47581000 JavaThread "Common-Cleaner" daemon [_thread_blocked, id=2376, stack(0x0000006c53200000,0x0000006c53300000)]
  0x0000019b48775800 JavaThread "Daemon health stats" [_thread_blocked, id=8160, stack(0x0000006c53500000,0x0000006c53600000)]
  0x0000019b484c6000 JavaThread "Incoming local TCP Connector on port 4871" [_thread_in_native, id=8864, stack(0x0000006c53600000,0x0000006c53700000)]
  0x0000019b4901e800 JavaThread "Daemon periodic checks" [_thread_blocked, id=9196, stack(0x0000006c53700000,0x0000006c53800000)]
  0x0000019b48463000 JavaThread "Daemon" [_thread_blocked, id=7652, stack(0x0000006c53800000,0x0000006c53900000)]
  0x0000019b49010800 JavaThread "Handler for socket connection from /127.0.0.1:4871 to /127.0.0.1:4872" [_thread_in_native, id=2456, stack(0x0000006c53900000,0x0000006c53a00000)]
  0x0000019b48ce9000 JavaThread "Cancel handler" [_thread_blocked, id=5608, stack(0x0000006c53a00000,0x0000006c53b00000)]
=>0x0000019b492e3000 JavaThread "Daemon worker" [_thread_in_vm, id=6392, stack(0x0000006c53b00000,0x0000006c53c00000)]
  0x0000019b48e0c800 JavaThread "Asynchronous log dispatcher for DefaultDaemonConnection: socket connection from /127.0.0.1:4871 to /127.0.0.1:4872" [_thread_blocked, id=5016, stack(0x0000006c53c00000,0x0000006c53d00000)]
  0x0000019b48e62800 JavaThread "Daemon client event forwarder" [_thread_blocked, id=3404, stack(0x0000006c53e00000,0x0000006c53f00000)]
  0x0000019b48e66800 JavaThread "Cache worker for file hash cache (C:\Users\felip\.gradle\caches\7.0.2\fileHashes)" [_thread_blocked, id=4276, stack(0x0000006c53f00000,0x0000006c54000000)]
  0x0000019b48e61800 JavaThread "File lock request listener" [_thread_in_native, id=268, stack(0x0000006c54000000,0x0000006c54100000)]
  0x0000019b48e61000 JavaThread "Cache worker for journal cache (C:\Users\felip\.gradle\caches\journal-1)" [_thread_blocked, id=7468, stack(0x0000006c54100000,0x0000006c54200000)]
  0x0000019b48e67800 JavaThread "Cache worker for file hash cache (C:\Users\felip\AndroidStudioProjects\VideoApp\.gradle\7.0.2\fileHashes)" [_thread_blocked, id=3500, stack(0x0000006c54200000,0x0000006c54300000)]
  0x0000019b48e63800 JavaThread "File watcher server" daemon [_thread_in_native, id=8372, stack(0x0000006c54300000,0x0000006c54400000)]
  0x0000019b48e64000 JavaThread "File watcher consumer" daemon [_thread_blocked, id=4428, stack(0x0000006c54400000,0x0000006c54500000)]
  0x0000019b48e65000 JavaThread "jar transforms" [_thread_blocked, id=8752, stack(0x0000006c54500000,0x0000006c54600000)]
  0x0000019b48e65800 JavaThread "jar transforms Thread 2" [_thread_blocked, id=7744, stack(0x0000006c54600000,0x0000006c54700000)]
  0x0000019b49854800 JavaThread "Cache worker for checksums cache (C:\Users\felip\AndroidStudioProjects\VideoApp\.gradle\checksums)" [_thread_blocked, id=9000, stack(0x0000006c54700000,0x0000006c54800000)]
  0x0000019b49851000 JavaThread "Cache worker for cache directory md-supplier (C:\Users\felip\.gradle\caches\7.0.2\md-supplier)" [_thread_blocked, id=7480, stack(0x0000006c54800000,0x0000006c54900000)]
  0x0000019b49852000 JavaThread "Cache worker for cache directory md-rule (C:\Users\felip\.gradle\caches\7.0.2\md-rule)" [_thread_blocked, id=7752, stack(0x0000006c54900000,0x0000006c54a00000)]
  0x0000019b49852800 JavaThread "Cache worker for execution history cache (C:\Users\felip\.gradle\caches\7.0.2\executionHistory)" [_thread_blocked, id=2028, stack(0x0000006c54a00000,0x0000006c54b00000)]
  0x0000019b49853800 JavaThread "Cache worker for file content cache (C:\Users\felip\.gradle\caches\7.0.2\fileContent)" [_thread_blocked, id=2664, stack(0x0000006c54b00000,0x0000006c54c00000)]
  0x0000019b4985a000 JavaThread "Cache worker for dependencies-accessors (C:\Users\felip\AndroidStudioProjects\VideoApp\.gradle\7.0.2\dependencies-accessors)" [_thread_blocked, id=4360, stack(0x0000006c54c00000,0x0000006c54d00000)]
  0x0000019b4985b000 JavaThread "Cache worker for Build Output Cleanup Cache (C:\Users\felip\AndroidStudioProjects\VideoApp\.gradle\buildOutputCleanup)" [_thread_blocked, id=9152, stack(0x0000006c54d00000,0x0000006c54e00000)]
  0x0000019b4985b800 JavaThread "Build operations" [_thread_blocked, id=6596, stack(0x0000006c55000000,0x0000006c55100000)]
  0x0000019b49856000 JavaThread "Build operations Thread 2" [_thread_blocked, id=2520, stack(0x0000006c55100000,0x0000006c55200000)]
  0x0000019b49858800 JavaThread "Memory manager" [_thread_blocked, id=4888, stack(0x0000006c52000000,0x0000006c52100000)]

Other Threads:
  0x0000019b4738f800 VMThread "VM Thread" [stack: 0x0000006c52900000,0x0000006c52a00000] [id=5536]
  0x0000019b4759e800 WatcherThread [stack: 0x0000006c53300000,0x0000006c53400000] [id=6680]
  0x0000019b30d5a000 GCTaskThread "GC Thread#0" [stack: 0x0000006c52400000,0x0000006c52500000] [id=8560]
  0x0000019b476a1000 GCTaskThread "GC Thread#1" [stack: 0x0000006c53400000,0x0000006c53500000] [id=6440]
  0x0000019b30d6b800 ConcurrentGCThread "G1 Main Marker" [stack: 0x0000006c52500000,0x0000006c52600000] [id=6116]
  0x0000019b30d6d000 ConcurrentGCThread "G1 Conc#0" [stack: 0x0000006c52600000,0x0000006c52700000] [id=3012]
  0x0000019b30db9800 ConcurrentGCThread "G1 Refine#0" [stack: 0x0000006c52700000,0x0000006c52800000] [id=1232]
  0x0000019b30dba800 ConcurrentGCThread "G1 Young RemSet Sampling" [stack: 0x0000006c52800000,0x0000006c52900000] [id=5044]

Threads with active compile tasks:

VM state:not at safepoint (normal execution)

VM Mutex/Monitor currently owned by a thread:  ([mutex/lock_event])
[0x0000019b30d3e460] Heap_lock - owner thread: 0x0000019b492e3000

Heap address: 0x00000000e0000000, size: 512 MB, Compressed Oops mode: 32-bit
Narrow klass base: 0x0000000000000000, Narrow klass shift: 3
Compressed class space size: 1073741824 Address: 0x0000000100000000

Heap:
 garbage-first heap   total 98304K, used 91359K [0x00000000e0000000, 0x0000000100000000)
  region size 1024K, 2 young (2048K), 1 survivors (1024K)
 Metaspace       used 75222K, capacity 77136K, committed 77184K, reserved 1116160K
  class space    used 9699K, capacity 10349K, committed 10368K, reserved 1048576K
Heap Regions: E=young(eden), S=young(survivor), O=old, HS=humongous(starts), HC=humongous(continues), CS=collection set, F=free, A=archive, TAMS=top-at-mark-start (previous, next)
|   0|0x00000000e0000000, 0x00000000e0100000, 0x00000000e0100000|100%| O|  |TAMS 0x00000000e0100000, 0x00000000e0100000| Untracked 
|   1|0x00000000e0100000, 0x00000000e0200000, 0x00000000e0200000|100%| O|  |TAMS 0x00000000e0200000, 0x00000000e0200000| Untracked 
|   2|0x00000000e0200000, 0x00000000e0300000, 0x00000000e0300000|100%| O|  |TAMS 0x00000000e0300000, 0x00000000e0300000| Untracked 
|   3|0x00000000e0300000, 0x00000000e0400000, 0x00000000e0400000|100%| O|  |TAMS 0x00000000e0400000, 0x00000000e0400000| Untracked 
|   4|0x00000000e0400000, 0x00000000e0500000, 0x00000000e0500000|100%|HS|  |TAMS 0x00000000e0500000, 0x00000000e0500000| Complete 
|   5|0x00000000e0500000, 0x00000000e0600000, 0x00000000e0600000|100%|HC|  |TAMS 0x00000000e0600000, 0x00000000e0600000| Complete 
|   6|0x00000000e0600000, 0x00000000e0700000, 0x00000000e0700000|100%|HC|  |TAMS 0x00000000e0700000, 0x00000000e0700000| Complete 
|   7|0x00000000e0700000, 0x00000000e0800000, 0x00000000e0800000|100%| O|  |TAMS 0x00000000e0800000, 0x00000000e0800000| Untracked 
|   8|0x00000000e0800000, 0x00000000e0900000, 0x00000000e0900000|100%| O|  |TAMS 0x00000000e0900000, 0x00000000e0900000| Untracked 
|   9|0x00000000e0900000, 0x00000000e0a00000, 0x00000000e0a00000|100%| O|  |TAMS 0x00000000e0a00000, 0x00000000e0a00000| Untracked 
|  10|0x00000000e0a00000, 0x00000000e0b00000, 0x00000000e0b00000|100%| O|  |TAMS 0x00000000e0b00000, 0x00000000e0b00000| Untracked 
|  11|0x00000000e0b00000, 0x00000000e0c00000, 0x00000000e0c00000|100%| O|  |TAMS 0x00000000e0c00000, 0x00000000e0c00000| Untracked 
|  12|0x00000000e0c00000, 0x00000000e0d00000, 0x00000000e0d00000|100%| O|  |TAMS 0x00000000e0d00000, 0x00000000e0d00000| Untracked 
|  13|0x00000000e0d00000, 0x00000000e0e00000, 0x00000000e0e00000|100%| O|  |TAMS 0x00000000e0e00000, 0x00000000e0e00000| Untracked 
|  14|0x00000000e0e00000, 0x00000000e0f00000, 0x00000000e0f00000|100%| O|  |TAMS 0x00000000e0f00000, 0x00000000e0f00000| Untracked 
|  15|0x00000000e0f00000, 0x00000000e1000000, 0x00000000e1000000|100%| O|  |TAMS 0x00000000e1000000, 0x00000000e1000000| Untracked 
|  16|0x00000000e1000000, 0x00000000e1100000, 0x00000000e1100000|100%| O|  |TAMS 0x00000000e1100000, 0x00000000e1100000| Untracked 
|  17|0x00000000e1100000, 0x00000000e1200000, 0x00000000e1200000|100%|HS|  |TAMS 0x00000000e1200000, 0x00000000e1200000| Complete 
|  18|0x00000000e1200000, 0x00000000e1300000, 0x00000000e1300000|100%|HC|  |TAMS 0x00000000e1300000, 0x00000000e1300000| Complete 
|  19|0x00000000e1300000, 0x00000000e1400000, 0x00000000e1400000|100%|HS|  |TAMS 0x00000000e1400000, 0x00000000e1400000| Complete 
|  20|0x00000000e1400000, 0x00000000e1500000, 0x00000000e1500000|100%|HC|  |TAMS 0x00000000e1500000, 0x00000000e1500000| Complete 
|  21|0x00000000e1500000, 0x00000000e1600000, 0x00000000e1600000|100%|HC|  |TAMS 0x00000000e1600000, 0x00000000e1600000| Complete 
|  22|0x00000000e1600000, 0x00000000e1700000, 0x00000000e1700000|100%|HS|  |TAMS 0x00000000e1700000, 0x00000000e1700000| Complete 
|  23|0x00000000e1700000, 0x00000000e1800000, 0x00000000e1800000|100%|HC|  |TAMS 0x00000000e1800000, 0x00000000e1800000| Complete 
|  24|0x00000000e1800000, 0x00000000e1900000, 0x00000000e1900000|100%|HC|  |TAMS 0x00000000e1900000, 0x00000000e1900000| Complete 
|  25|0x00000000e1900000, 0x00000000e1a00000, 0x00000000e1a00000|100%|HC|  |TAMS 0x00000000e1a00000, 0x00000000e1a00000| Complete 
|  26|0x00000000e1a00000, 0x00000000e1b00000, 0x00000000e1b00000|100%| O|  |TAMS 0x00000000e1b00000, 0x00000000e1b00000| Untracked 
|  27|0x00000000e1b00000, 0x00000000e1c00000, 0x00000000e1c00000|100%| O|  |TAMS 0x00000000e1c00000, 0x00000000e1c00000| Untracked 
|  28|0x00000000e1c00000, 0x00000000e1d00000, 0x00000000e1d00000|100%| O|  |TAMS 0x00000000e1d00000, 0x00000000e1d00000| Untracked 
|  29|0x00000000e1d00000, 0x00000000e1e00000, 0x00000000e1e00000|100%| O|  |TAMS 0x00000000e1e00000, 0x00000000e1e00000| Untracked 
|  30|0x00000000e1e00000, 0x00000000e1f00000, 0x00000000e1f00000|100%| O|  |TAMS 0x00000000e1f00000, 0x00000000e1f00000| Untracked 
|  31|0x00000000e1f00000, 0x00000000e2000000, 0x00000000e2000000|100%| O|  |TAMS 0x00000000e2000000, 0x00000000e2000000| Untracked 
|  32|0x00000000e2000000, 0x00000000e2100000, 0x00000000e2100000|100%| O|  |TAMS 0x00000000e2100000, 0x00000000e2100000| Untracked 
|  33|0x00000000e2100000, 0x00000000e2200000, 0x00000000e2200000|100%| O|  |TAMS 0x00000000e2200000, 0x00000000e2200000| Untracked 
|  34|0x00000000e2200000, 0x00000000e2300000, 0x00000000e2300000|100%| O|  |TAMS 0x00000000e2300000, 0x00000000e2300000| Untracked 
|  35|0x00000000e2300000, 0x00000000e2400000, 0x00000000e2400000|100%| O|  |TAMS 0x00000000e2400000, 0x00000000e2400000| Untracked 
|  36|0x00000000e2400000, 0x00000000e2500000, 0x00000000e2500000|100%| O|  |TAMS 0x00000000e2500000, 0x00000000e2500000| Untracked 
|  37|0x00000000e2500000, 0x00000000e2600000, 0x00000000e2600000|100%| O|  |TAMS 0x00000000e2600000, 0x00000000e2600000| Untracked 
|  38|0x00000000e2600000, 0x00000000e2700000, 0x00000000e2700000|100%| O|  |TAMS 0x00000000e2700000, 0x00000000e2700000| Untracked 
|  39|0x00000000e2700000, 0x00000000e2800000, 0x00000000e2800000|100%| O|  |TAMS 0x00000000e2800000, 0x00000000e2800000| Untracked 
|  40|0x00000000e2800000, 0x00000000e2900000, 0x00000000e2900000|100%| O|  |TAMS 0x00000000e2900000, 0x00000000e2900000| Untracked 
|  41|0x00000000e2900000, 0x00000000e2a00000, 0x00000000e2a00000|100%| O|  |TAMS 0x00000000e2a00000, 0x00000000e2a00000| Untracked 
|  42|0x00000000e2a00000, 0x00000000e2b00000, 0x00000000e2b00000|100%|HS|  |TAMS 0x00000000e2b00000, 0x00000000e2b00000| Complete 
|  43|0x00000000e2b00000, 0x00000000e2c00000, 0x00000000e2c00000|100%|HC|  |TAMS 0x00000000e2c00000, 0x00000000e2c00000| Complete 
|  44|0x00000000e2c00000, 0x00000000e2d00000, 0x00000000e2d00000|100%|HC|  |TAMS 0x00000000e2d00000, 0x00000000e2d00000| Complete 
|  45|0x00000000e2d00000, 0x00000000e2e00000, 0x00000000e2e00000|100%| O|  |TAMS 0x00000000e2e00000, 0x00000000e2e00000| Untracked 
|  46|0x00000000e2e00000, 0x00000000e2f00000, 0x00000000e2f00000|100%| O|  |TAMS 0x00000000e2f00000, 0x00000000e2f00000| Untracked 
|  47|0x00000000e2f00000, 0x00000000e3000000, 0x00000000e3000000|100%| O|  |TAMS 0x00000000e3000000, 0x00000000e3000000| Untracked 
|  48|0x00000000e3000000, 0x00000000e3100000, 0x00000000e3100000|100%| O|  |TAMS 0x00000000e3100000, 0x00000000e3100000| Untracked 
|  49|0x00000000e3100000, 0x00000000e3200000, 0x00000000e3200000|100%|HS|  |TAMS 0x00000000e3200000, 0x00000000e3200000| Complete 
|  50|0x00000000e3200000, 0x00000000e3300000, 0x00000000e3300000|100%|HC|  |TAMS 0x00000000e3300000, 0x00000000e3300000| Complete 
|  51|0x00000000e3300000, 0x00000000e3400000, 0x00000000e3400000|100%|HC|  |TAMS 0x00000000e3400000, 0x00000000e3400000| Complete 
|  52|0x00000000e3400000, 0x00000000e3500000, 0x00000000e3500000|100%|HC|  |TAMS 0x00000000e3500000, 0x00000000e3500000| Complete 
|  53|0x00000000e3500000, 0x00000000e3600000, 0x00000000e3600000|100%| O|  |TAMS 0x00000000e3600000, 0x00000000e3600000| Untracked 
|  54|0x00000000e3600000, 0x00000000e3700000, 0x00000000e3700000|100%| O|  |TAMS 0x00000000e3700000, 0x00000000e3700000| Untracked 
|  55|0x00000000e3700000, 0x00000000e3800000, 0x00000000e3800000|100%| O|  |TAMS 0x00000000e3800000, 0x00000000e3800000| Untracked 
|  56|0x00000000e3800000, 0x00000000e3900000, 0x00000000e3900000|100%| O|  |TAMS 0x00000000e3900000, 0x00000000e3900000| Untracked 
|  57|0x00000000e3900000, 0x00000000e3a00000, 0x00000000e3a00000|100%| O|  |TAMS 0x00000000e3a00000, 0x00000000e3a00000| Untracked 
|  58|0x00000000e3a00000, 0x00000000e3b00000, 0x00000000e3b00000|100%|HS|  |TAMS 0x00000000e3b00000, 0x00000000e3b00000| Complete 
|  59|0x00000000e3b00000, 0x00000000e3c00000, 0x00000000e3c00000|100%|HS|  |TAMS 0x00000000e3c00000, 0x00000000e3c00000| Complete 
|  60|0x00000000e3c00000, 0x00000000e3d00000, 0x00000000e3d00000|100%|HS|  |TAMS 0x00000000e3d00000, 0x00000000e3d00000| Complete 
|  61|0x00000000e3d00000, 0x00000000e3e00000, 0x00000000e3e00000|100%| O|  |TAMS 0x00000000e3e00000, 0x00000000e3e00000| Untracked 
|  62|0x00000000e3e00000, 0x00000000e3f00000, 0x00000000e3f00000|100%| O|  |TAMS 0x00000000e3f00000, 0x00000000e3f00000| Untracked 
|  63|0x00000000e3f00000, 0x00000000e4000000, 0x00000000e4000000|100%|HS|  |TAMS 0x00000000e4000000, 0x00000000e4000000| Complete 
|  64|0x00000000e4000000, 0x00000000e4100000, 0x00000000e4100000|100%|HC|  |TAMS 0x00000000e4100000, 0x00000000e4100000| Complete 
|  65|0x00000000e4100000, 0x00000000e4200000, 0x00000000e4200000|100%|HC|  |TAMS 0x00000000e4200000, 0x00000000e4200000| Complete 
|  66|0x00000000e4200000, 0x00000000e4300000, 0x00000000e4300000|100%| O|  |TAMS 0x00000000e4300000, 0x00000000e4300000| Untracked 
|  67|0x00000000e4300000, 0x00000000e4400000, 0x00000000e4400000|100%|HS|  |TAMS 0x00000000e4400000, 0x00000000e4400000| Complete 
|  68|0x00000000e4400000, 0x00000000e4500000, 0x00000000e4500000|100%|HC|  |TAMS 0x00000000e4500000, 0x00000000e4500000| Complete 
|  69|0x00000000e4500000, 0x00000000e4600000, 0x00000000e4600000|100%| O|  |TAMS 0x00000000e4600000, 0x00000000e4600000| Untracked 
|  70|0x00000000e4600000, 0x00000000e4700000, 0x00000000e4700000|100%| O|  |TAMS 0x00000000e4700000, 0x00000000e4700000| Untracked 
|  71|0x00000000e4700000, 0x00000000e4800000, 0x00000000e4800000|100%| O|  |TAMS 0x00000000e4800000, 0x00000000e4800000| Untracked 
|  72|0x00000000e4800000, 0x00000000e4900000, 0x00000000e4900000|100%| O|  |TAMS 0x00000000e4900000, 0x00000000e4900000| Untracked 
|  73|0x00000000e4900000, 0x00000000e4a00000, 0x00000000e4a00000|100%| O|  |TAMS 0x00000000e4a00000, 0x00000000e4a00000| Untracked 
|  74|0x00000000e4a00000, 0x00000000e4b00000, 0x00000000e4b00000|100%| O|  |TAMS 0x00000000e4b00000, 0x00000000e4b00000| Untracked 
|  75|0x00000000e4b00000, 0x00000000e4c00000, 0x00000000e4c00000|100%| O|  |TAMS 0x00000000e4c00000, 0x00000000e4c00000| Untracked 
|  76|0x00000000e4c00000, 0x00000000e4d00000, 0x00000000e4d00000|100%| O|  |TAMS 0x00000000e4d00000, 0x00000000e4d00000| Untracked 
|  77|0x00000000e4d00000, 0x00000000e4e00000, 0x00000000e4e00000|100%| O|  |TAMS 0x00000000e4e00000, 0x00000000e4e00000| Untracked 
|  78|0x00000000e4e00000, 0x00000000e4f00000, 0x00000000e4f00000|100%| O|  |TAMS 0x00000000e4f00000, 0x00000000e4f00000| Untracked 
|  79|0x00000000e4f00000, 0x00000000e5000000, 0x00000000e5000000|100%| O|  |TAMS 0x00000000e5000000, 0x00000000e5000000| Untracked 
|  80|0x00000000e5000000, 0x00000000e5100000, 0x00000000e5100000|100%| O|  |TAMS 0x00000000e5100000, 0x00000000e5100000| Untracked 
|  81|0x00000000e5100000, 0x00000000e5200000, 0x00000000e5200000|100%| O|  |TAMS 0x00000000e5200000, 0x00000000e5200000| Untracked 
|  82|0x00000000e5200000, 0x00000000e5300000, 0x00000000e5300000|100%| O|  |TAMS 0x00000000e5300000, 0x00000000e5300000| Untracked 
|  83|0x00000000e5300000, 0x00000000e5400000, 0x00000000e5400000|100%| O|  |TAMS 0x00000000e5400000, 0x00000000e5400000| Untracked 
|  84|0x00000000e5400000, 0x00000000e5500000, 0x00000000e5500000|100%| O|  |TAMS 0x00000000e5500000, 0x00000000e5500000| Untracked 
|  85|0x00000000e5500000, 0x00000000e5600000, 0x00000000e5600000|100%| O|  |TAMS 0x00000000e5600000, 0x00000000e5600000| Untracked 
|  86|0x00000000e5600000, 0x00000000e56a2200, 0x00000000e5700000| 63%| O|  |TAMS 0x00000000e5647c00, 0x00000000e56a2200| Untracked 
|  87|0x00000000e5700000, 0x00000000e5800000, 0x00000000e5800000|100%|HS|  |TAMS 0x00000000e5700000, 0x00000000e5700000| Complete 
|  88|0x00000000e5800000, 0x00000000e5900000, 0x00000000e5900000|100%|HC|  |TAMS 0x00000000e5800000, 0x00000000e5800000| Complete 
|  89|0x00000000e5900000, 0x00000000e5995b00, 0x00000000e5a00000| 58%| S|CS|TAMS 0x00000000e5900000, 0x00000000e5900000| Complete 
|  90|0x00000000e5a00000, 0x00000000e5a00000, 0x00000000e5b00000|  0%| F|  |TAMS 0x00000000e5a00000, 0x00000000e5a00000| Untracked 
|  91|0x00000000e5b00000, 0x00000000e5b00000, 0x00000000e5c00000|  0%| F|  |TAMS 0x00000000e5b00000, 0x00000000e5b00000| Untracked 
|  92|0x00000000e5c00000, 0x00000000e5c691f0, 0x00000000e5d00000| 41%| E|  |TAMS 0x00000000e5c00000, 0x00000000e5c00000| Complete 

Card table byte_map: [0x0000019b30a20000,0x0000019b30b20000] _byte_map_base: 0x0000019b30320000

Marking Bits (Prev, Next): (CMBitMap*) 0x0000019b30d689c0, (CMBitMap*) 0x0000019b30d68988
 Prev Bits: [0x0000019b44040000, 0x0000019b44840000)
 Next Bits: [0x0000019b43840000, 0x0000019b44040000)

Polling page: 0x0000019b2eb30000

Metaspace:

Usage:
  Non-class:     65.22 MB capacity,    63.99 MB ( 98%) used,     1.05 MB (  2%) free+waste,   186.06 KB ( <1%) overhead. 
      Class:     10.11 MB capacity,     9.47 MB ( 94%) used,   562.59 KB (  5%) free+waste,    86.81 KB ( <1%) overhead. 
       Both:     75.33 MB capacity,    73.46 MB ( 98%) used,     1.60 MB (  2%) free+waste,   272.88 KB ( <1%) overhead. 

Virtual space:
  Non-class space:       66.00 MB reserved,      65.25 MB ( 99%) committed 
      Class space:        1.00 GB reserved,      10.13 MB ( <1%) committed 
             Both:        1.06 GB reserved,      75.38 MB (  7%) committed 

Chunk freelists:
   Non-Class:  29.00 KB
       Class:  19.00 KB
        Both:  48.00 KB

MaxMetaspaceSize: 17179869184.00 GB
CompressedClassSpaceSize: 1.00 GB

CodeHeap 'non-profiled nmethods': size=120064Kb used=4502Kb max_used=4502Kb free=115561Kb
 bounds [0x0000019b3c300000, 0x0000019b3c770000, 0x0000019b43840000]
CodeHeap 'profiled nmethods': size=120000Kb used=16222Kb max_used=16222Kb free=103777Kb
 bounds [0x0000019b34dd0000, 0x0000019b35db0000, 0x0000019b3c300000]
CodeHeap 'non-nmethods': size=5696Kb used=2258Kb max_used=2295Kb free=3437Kb
 bounds [0x0000019b34840000, 0x0000019b34ab0000, 0x0000019b34dd0000]
 total_blobs=8197 nmethods=7331 adapters=778
 compilation: enabled
              stopped_count=0, restarted_count=0
 full_count=0

Compilation events (20 events):
Event: 94.753 Thread 0x0000019b47421800 7351       3       java.util.concurrent.locks.ReentrantReadWriteLock$Sync::sharedCount (5 bytes)
Event: 94.753 Thread 0x0000019b47421800 nmethod 7351 0x0000019b35da4210 code [0x0000019b35da43c0, 0x0000019b35da4498]
Event: 94.753 Thread 0x0000019b47421800 7352       3       java.util.concurrent.locks.ReentrantReadWriteLock$ReadLock::unlock (10 bytes)
Event: 94.754 Thread 0x0000019b47421800 nmethod 7352 0x0000019b35da4510 code [0x0000019b35da46e0, 0x0000019b35da4998]
Event: 94.758 Thread 0x0000019b47421800 7353       3       kotlin.reflect.jvm.internal.ReflectProperties$Val::<init> (5 bytes)
Event: 94.758 Thread 0x0000019b47421800 nmethod 7353 0x0000019b35da4a90 code [0x0000019b35da4c40, 0x0000019b35da4d98]
Event: 94.758 Thread 0x0000019b47421800 7354       1       groovy.lang.MetaClassImpl::isInitialized (5 bytes)
Event: 94.759 Thread 0x0000019b47421800 nmethod 7354 0x0000019b3c762b10 code [0x0000019b3c762cc0, 0x0000019b3c762d78]
Event: 94.759 Thread 0x0000019b47421800 7355   !   3       org.codehaus.groovy.reflection.ClassInfo::getMetaClass (33 bytes)
Event: 94.798 Thread 0x0000019b47421800 nmethod 7355 0x0000019b35da4e90 code [0x0000019b35da5200, 0x0000019b35da65f8]
Event: 94.864 Thread 0x0000019b47421800 7356       3       org.gradle.internal.serialize.kryo.KryoBackedEncoder::writeSmallInt (11 bytes)
Event: 94.865 Thread 0x0000019b47421800 nmethod 7356 0x0000019b35da6e10 code [0x0000019b35da6fe0, 0x0000019b35da7188]
Event: 94.968 Thread 0x0000019b47421800 7357       3       java.util.concurrent.locks.ReentrantReadWriteLock$NonfairSync::readerShouldBlock (5 bytes)
Event: 94.969 Thread 0x0000019b47421800 nmethod 7357 0x0000019b35da7290 code [0x0000019b35da7440, 0x0000019b35da7568]
Event: 94.969 Thread 0x0000019b47421800 7358       3       java.util.concurrent.locks.AbstractQueuedSynchronizer::apparentlyFirstQueuedIsExclusive (38 bytes)
Event: 94.969 Thread 0x0000019b47421800 nmethod 7358 0x0000019b35da7610 code [0x0000019b35da77e0, 0x0000019b35da7ab8]
Event: 94.969 Thread 0x0000019b47421800 7359       1       java.util.concurrent.locks.ReentrantReadWriteLock::writeLock (5 bytes)
Event: 94.970 Thread 0x0000019b47421800 nmethod 7359 0x0000019b3c762e10 code [0x0000019b3c762fc0, 0x0000019b3c763078]
Event: 95.722 Thread 0x0000019b4741f800 7360       4       java.util.concurrent.locks.AbstractQueuedSynchronizer$ConditionObject::awaitNanos (181 bytes)
Event: 95.845 Thread 0x0000019b4741f800 nmethod 7360 0x0000019b3c763110 code [0x0000019b3c763340, 0x0000019b3c764d40]

GC Heap History (20 events):
Event: 91.788 GC heap before
{Heap before GC invocations=158 (full 0):
 garbage-first heap   total 95232K, used 90829K [0x00000000e0000000, 0x0000000100000000)
  region size 1024K, 4 young (4096K), 1 survivors (1024K)
 Metaspace       used 72649K, capacity 74518K, committed 74752K, reserved 1114112K
  class space    used 9338K, capacity 9971K, committed 9984K, reserved 1048576K
}
Event: 91.795 GC heap after
{Heap after GC invocations=159 (full 0):
 garbage-first heap   total 95232K, used 87902K [0x00000000e0000000, 0x0000000100000000)
  region size 1024K, 1 young (1024K), 1 survivors (1024K)
 Metaspace       used 72649K, capacity 74518K, committed 74752K, reserved 1114112K
  class space    used 9338K, capacity 9971K, committed 9984K, reserved 1048576K
}
Event: 92.225 GC heap before
{Heap before GC invocations=160 (full 0):
 garbage-first heap   total 95232K, used 90974K [0x00000000e0000000, 0x0000000100000000)
  region size 1024K, 4 young (4096K), 1 survivors (1024K)
 Metaspace       used 72906K, capacity 74815K, committed 75136K, reserved 1114112K
  class space    used 9377K, capacity 10005K, committed 10112K, reserved 1048576K
}
Event: 92.232 GC heap after
{Heap after GC invocations=161 (full 0):
 garbage-first heap   total 95232K, used 88031K [0x00000000e0000000, 0x0000000100000000)
  region size 1024K, 1 young (1024K), 1 survivors (1024K)
 Metaspace       used 72906K, capacity 74815K, committed 75136K, reserved 1114112K
  class space    used 9377K, capacity 10005K, committed 10112K, reserved 1048576K
}
Event: 92.462 GC heap before
{Heap before GC invocations=161 (full 0):
 garbage-first heap   total 95232K, used 91103K [0x00000000e0000000, 0x0000000100000000)
  region size 1024K, 4 young (4096K), 1 survivors (1024K)
 Metaspace       used 73071K, capacity 74943K, committed 75136K, reserved 1114112K
  class space    used 9395K, capacity 10005K, committed 10112K, reserved 1048576K
}
Event: 92.469 GC heap after
{Heap after GC invocations=162 (full 0):
 garbage-first heap   total 95232K, used 88397K [0x00000000e0000000, 0x0000000100000000)
  region size 1024K, 1 young (1024K), 1 survivors (1024K)
 Metaspace       used 73071K, capacity 74943K, committed 75136K, reserved 1114112K
  class space    used 9395K, capacity 10005K, committed 10112K, reserved 1048576K
}
Event: 93.386 GC heap before
{Heap before GC invocations=163 (full 0):
 garbage-first heap   total 95232K, used 91469K [0x00000000e0000000, 0x0000000100000000)
  region size 1024K, 4 young (4096K), 1 survivors (1024K)
 Metaspace       used 73328K, capacity 75246K, committed 75392K, reserved 1114112K
  class space    used 9425K, capacity 10040K, committed 10112K, reserved 1048576K
}
Event: 93.394 GC heap after
{Heap after GC invocations=164 (full 0):
 garbage-first heap   total 95232K, used 88563K [0x00000000e0000000, 0x0000000100000000)
  region size 1024K, 1 young (1024K), 1 survivors (1024K)
 Metaspace       used 73328K, capacity 75246K, committed 75392K, reserved 1114112K
  class space    used 9425K, capacity 10040K, committed 10112K, reserved 1048576K
}
Event: 93.749 GC heap before
{Heap before GC invocations=164 (full 0):
 garbage-first heap   total 95232K, used 91635K [0x00000000e0000000, 0x0000000100000000)
  region size 1024K, 4 young (4096K), 1 survivors (1024K)
 Metaspace       used 73708K, capacity 75551K, committed 75776K, reserved 1114112K
  class space    used 9478K, capacity 10119K, committed 10240K, reserved 1048576K
}
Event: 93.757 GC heap after
{Heap after GC invocations=165 (full 0):
 garbage-first heap   total 95232K, used 88824K [0x00000000e0000000, 0x0000000100000000)
  region size 1024K, 1 young (1024K), 1 survivors (1024K)
 Metaspace       used 73708K, capacity 75551K, committed 75776K, reserved 1114112K
  class space    used 9478K, capacity 10119K, committed 10240K, reserved 1048576K
}
Event: 94.057 GC heap before
{Heap before GC invocations=165 (full 0):
 garbage-first heap   total 95232K, used 91896K [0x00000000e0000000, 0x0000000100000000)
  region size 1024K, 4 young (4096K), 1 survivors (1024K)
 Metaspace       used 73902K, capacity 75743K, committed 76032K, reserved 1116160K
  class space    used 9511K, capacity 10119K, committed 10240K, reserved 1048576K
}
Event: 94.063 GC heap after
{Heap after GC invocations=166 (full 0):
 garbage-first heap   total 95232K, used 88849K [0x00000000e0000000, 0x0000000100000000)
  region size 1024K, 1 young (1024K), 1 survivors (1024K)
 Metaspace       used 73902K, capacity 75743K, committed 76032K, reserved 1116160K
  class space    used 9511K, capacity 10119K, committed 10240K, reserved 1048576K
}
Event: 94.242 GC heap before
{Heap before GC invocations=167 (full 0):
 garbage-first heap   total 95232K, used 91921K [0x00000000e0000000, 0x0000000100000000)
  region size 1024K, 4 young (4096K), 1 survivors (1024K)
 Metaspace       used 74138K, capacity 75937K, committed 76032K, reserved 1116160K
  class space    used 9551K, capacity 10185K, committed 10240K, reserved 1048576K
}
Event: 94.248 GC heap after
{Heap after GC invocations=168 (full 0):
 garbage-first heap   total 95232K, used 88898K [0x00000000e0000000, 0x0000000100000000)
  region size 1024K, 1 young (1024K), 1 survivors (1024K)
 Metaspace       used 74138K, capacity 75937K, committed 76032K, reserved 1116160K
  class space    used 9551K, capacity 10185K, committed 10240K, reserved 1048576K
}
Event: 94.531 GC heap before
{Heap before GC invocations=168 (full 0):
 garbage-first heap   total 95232K, used 91970K [0x00000000e0000000, 0x0000000100000000)
  region size 1024K, 4 young (4096K), 1 survivors (1024K)
 Metaspace       used 74332K, capacity 76234K, committed 76288K, reserved 1116160K
  class space    used 9591K, capacity 10220K, committed 10240K, reserved 1048576K
}
Event: 94.537 GC heap after
{Heap after GC invocations=169 (full 0):
 garbage-first heap   total 95232K, used 89065K [0x00000000e0000000, 0x0000000100000000)
  region size 1024K, 1 young (1024K), 1 survivors (1024K)
 Metaspace       used 74332K, capacity 76234K, committed 76288K, reserved 1116160K
  class space    used 9591K, capacity 10220K, committed 10240K, reserved 1048576K
}
Event: 95.435 GC heap before
{Heap before GC invocations=170 (full 0):
 garbage-first heap   total 95232K, used 92137K [0x00000000e0000000, 0x0000000100000000)
  region size 1024K, 4 young (4096K), 1 survivors (1024K)
 Metaspace       used 74702K, capacity 76624K, committed 76928K, reserved 1116160K
  class space    used 9637K, capacity 10285K, committed 10368K, reserved 1048576K
}
Event: 95.443 GC heap after
{Heap after GC invocations=171 (full 0):
 garbage-first heap   total 95232K, used 89218K [0x00000000e0000000, 0x0000000100000000)
  region size 1024K, 1 young (1024K), 1 survivors (1024K)
 Metaspace       used 74702K, capacity 76624K, committed 76928K, reserved 1116160K
  class space    used 9637K, capacity 10285K, committed 10368K, reserved 1048576K
}
Event: 95.816 GC heap before
{Heap before GC invocations=171 (full 0):
 garbage-first heap   total 95232K, used 91266K [0x00000000e0000000, 0x0000000100000000)
  region size 1024K, 4 young (4096K), 1 survivors (1024K)
 Metaspace       used 75200K, capacity 77072K, committed 77184K, reserved 1116160K
  class space    used 9697K, capacity 10349K, committed 10368K, reserved 1048576K
}
Event: 95.822 GC heap after
{Heap after GC invocations=172 (full 0):
 garbage-first heap   total 95232K, used 89311K [0x00000000e0000000, 0x0000000100000000)
  region size 1024K, 1 young (1024K), 1 survivors (1024K)
 Metaspace       used 75200K, capacity 77072K, committed 77184K, reserved 1116160K
  class space    used 9697K, capacity 10349K, committed 10368K, reserved 1048576K
}

Deoptimization events (20 events):
Event: 93.795 Thread 0x0000019b492e3000 Uncommon trap: trap_request=0xffffffbe fr.pc=0x0000019b3c6d7b1c relative=0x00000000000009fc
Event: 93.795 Thread 0x0000019b492e3000 Uncommon trap: reason=profile_predicate action=maybe_recompile pc=0x0000019b3c6d7b1c method=com.google.common.collect.ImmutableSet.construct(I[Ljava/lang/Object;)Lcom/google/common/collect/ImmutableSet; @ 68 c2
Event: 93.795 Thread 0x0000019b492e3000 DEOPT PACKING pc=0x0000019b3c6d7b1c sp=0x0000006c53bf9510
Event: 93.795 Thread 0x0000019b492e3000 DEOPT UNPACKING pc=0x0000019b34866029 sp=0x0000006c53bf94b0 mode 2
Event: 93.946 Thread 0x0000019b492e3000 Uncommon trap: trap_request=0xffffff4d fr.pc=0x0000019b3c6ac044 relative=0x0000000000001464
Event: 93.946 Thread 0x0000019b492e3000 Uncommon trap: reason=unstable_if action=reinterpret pc=0x0000019b3c6ac044 method=java.util.regex.Pattern.sequence(Ljava/util/regex/Pattern$Node;)Ljava/util/regex/Pattern$Node; @ 144 c2
Event: 93.946 Thread 0x0000019b492e3000 DEOPT PACKING pc=0x0000019b3c6ac044 sp=0x0000006c53bf9e90
Event: 93.946 Thread 0x0000019b492e3000 DEOPT UNPACKING pc=0x0000019b34866029 sp=0x0000006c53bf9e50 mode 2
Event: 94.829 Thread 0x0000019b492e3000 Uncommon trap: trap_request=0xffffff4d fr.pc=0x0000019b3c64b7e8 relative=0x0000000000001548
Event: 94.829 Thread 0x0000019b492e3000 Uncommon trap: reason=unstable_if action=reinterpret pc=0x0000019b3c64b7e8 method=java.util.TreeMap.put(Ljava/lang/Object;Ljava/lang/Object;)Ljava/lang/Object; @ 163 c2
Event: 94.829 Thread 0x0000019b492e3000 DEOPT PACKING pc=0x0000019b3c64b7e8 sp=0x0000006c53bf97b0
Event: 94.829 Thread 0x0000019b492e3000 DEOPT UNPACKING pc=0x0000019b34866029 sp=0x0000006c53bf9778 mode 2
Event: 94.970 Thread 0x0000019b492e3000 Uncommon trap: trap_request=0xffffff4d fr.pc=0x0000019b3c3c619c relative=0x00000000000006bc
Event: 94.970 Thread 0x0000019b492e3000 Uncommon trap: reason=unstable_if action=reinterpret pc=0x0000019b3c3c619c method=java.lang.Integer.stringSize(I)I @ 3 c2
Event: 94.970 Thread 0x0000019b492e3000 DEOPT PACKING pc=0x0000019b3c3c619c sp=0x0000006c53bfa5d0
Event: 94.970 Thread 0x0000019b492e3000 DEOPT UNPACKING pc=0x0000019b34866029 sp=0x0000006c53bfa530 mode 2
Event: 94.970 Thread 0x0000019b492e3000 Uncommon trap: trap_request=0xffffff4d fr.pc=0x0000019b3c7622c8 relative=0x0000000000000208
Event: 94.970 Thread 0x0000019b492e3000 Uncommon trap: reason=unstable_if action=reinterpret pc=0x0000019b3c7622c8 method=java.lang.Integer.getChars(II[B)I @ 4 c2
Event: 94.970 Thread 0x0000019b492e3000 DEOPT PACKING pc=0x0000019b3c7622c8 sp=0x0000006c53bfa580
Event: 94.970 Thread 0x0000019b492e3000 DEOPT UNPACKING pc=0x0000019b34866029 sp=0x0000006c53bfa510 mode 2

Classes redefined (0 events):
No events

Internal exceptions (20 events):
Event: 84.956 Thread 0x0000019b492e3000 Exception <a 'java/lang/ClassNotFoundException'{0x00000000e5c84740}: com/android/build/gradle/internal/dsl/ApplicationBuildFeaturesImplBeanInfo> (0x00000000e5c84740) thrown at [./src/hotspot/share/classfile/systemDictionary.cpp, line 231]
Event: 84.957 Thread 0x0000019b492e3000 Exception <a 'java/lang/ClassNotFoundException'{0x00000000e5c9f500}: com/android/build/gradle/internal/dsl/BuildFeaturesImplBeanInfo> (0x00000000e5c9f500) thrown at [./src/hotspot/share/classfile/systemDictionary.cpp, line 231]
Event: 84.958 Thread 0x0000019b492e3000 Exception <a 'java/lang/ClassNotFoundException'{0x00000000e5cba2f8}: com/android/build/gradle/internal/dsl/BuildFeaturesImplCustomizer> (0x00000000e5cba2f8) thrown at [./src/hotspot/share/classfile/systemDictionary.cpp, line 231]
Event: 84.961 Thread 0x0000019b492e3000 Exception <a 'java/lang/ClassNotFoundException'{0x00000000e5ce2828}: com/android/build/gradle/internal/dsl/ApplicationBuildFeaturesImplCustomizer> (0x00000000e5ce2828) thrown at [./src/hotspot/share/classfile/systemDictionary.cpp, line 231]
Event: 84.962 Thread 0x0000019b492e3000 Exception <a 'java/lang/ClassNotFoundException'{0x00000000e5b07598}: com/android/build/gradle/internal/dsl/ApplicationBuildFeaturesImpl_DecoratedCustomizer> (0x00000000e5b07598) thrown at [./src/hotspot/share/classfile/systemDictionary.cpp, line 231]
Event: 85.082 Thread 0x0000019b492e3000 Implicit null exception at 0x0000019b3c5829b0 to 0x0000019b3c582fe9
Event: 92.237 Thread 0x0000019b492e3000 Exception <a 'java/lang/ClassNotFoundException'{0x00000000e5c40a40}: com/android/build/gradle/internal/api/ApkVariantOutputImpl_DecoratedBeanInfo> (0x00000000e5c40a40) thrown at [./src/hotspot/share/classfile/systemDictionary.cpp, line 231]
Event: 92.239 Thread 0x0000019b492e3000 Exception <a 'java/lang/ClassNotFoundException'{0x00000000e5c5bbd8}: com/android/build/gradle/internal/api/ApkVariantOutputImplBeanInfo> (0x00000000e5c5bbd8) thrown at [./src/hotspot/share/classfile/systemDictionary.cpp, line 231]
Event: 92.240 Thread 0x0000019b492e3000 Exception <a 'java/lang/ClassNotFoundException'{0x00000000e5c77370}: com/android/build/gradle/internal/api/BaseVariantOutputImplBeanInfo> (0x00000000e5c77370) thrown at [./src/hotspot/share/classfile/systemDictionary.cpp, line 231]
Event: 92.242 Thread 0x0000019b492e3000 Exception <a 'java/lang/ClassNotFoundException'{0x00000000e5c92d30}: com/android/build/gradle/internal/api/BaseVariantOutputImplCustomizer> (0x00000000e5c92d30) thrown at [./src/hotspot/share/classfile/systemDictionary.cpp, line 231]
Event: 92.257 Thread 0x0000019b492e3000 Exception <a 'java/lang/ClassNotFoundException'{0x00000000e5cc1ac8}: com/android/build/gradle/internal/api/ApkVariantOutputImplCustomizer> (0x00000000e5cc1ac8) thrown at [./src/hotspot/share/classfile/systemDictionary.cpp, line 231]
Event: 92.262 Thread 0x0000019b492e3000 Exception <a 'java/lang/ClassNotFoundException'{0x00000000e5cec338}: com/android/build/gradle/internal/api/ApkVariantOutputImpl_DecoratedCustomizer> (0x00000000e5cec338) thrown at [./src/hotspot/share/classfile/systemDictionary.cpp, line 231]
Event: 92.433 Thread 0x0000019b492e3000 Exception <a 'java/lang/ClassNotFoundException'{0x00000000e5a66820}: com/android/build/gradle/internal/api/ReadOnlyBuildTypeBeanInfo> (0x00000000e5a66820) thrown at [./src/hotspot/share/classfile/systemDictionary.cpp, line 231]
Event: 92.435 Thread 0x0000019b492e3000 Exception <a 'java/lang/ClassNotFoundException'{0x00000000e5a81060}: com/android/build/gradle/internal/api/ReadOnlyBaseConfigBeanInfo> (0x00000000e5a81060) thrown at [./src/hotspot/share/classfile/systemDictionary.cpp, line 231]
Event: 92.437 Thread 0x0000019b492e3000 Exception <a 'java/lang/ClassNotFoundException'{0x00000000e5a9c0f0}: com/android/build/gradle/internal/api/ReadOnlyBaseConfigCustomizer> (0x00000000e5a9c0f0) thrown at [./src/hotspot/share/classfile/systemDictionary.cpp, line 231]
Event: 92.439 Thread 0x0000019b492e3000 Exception <a 'java/lang/ClassNotFoundException'{0x00000000e5ac72a8}: com/android/build/gradle/internal/api/ReadOnlyBuildTypeCustomizer> (0x00000000e5ac72a8) thrown at [./src/hotspot/share/classfile/systemDictionary.cpp, line 231]
Event: 94.368 Thread 0x0000019b492e3000 Exception <a 'java/lang/ClassNotFoundException'{0x00000000e5b15750}: org/jetbrains/plugins/gradle/model/web/WebConfigurationBeanInfo> (0x00000000e5b15750) thrown at [./src/hotspot/share/classfile/systemDictionary.cpp, line 231]
Event: 94.369 Thread 0x0000019b492e3000 Exception <a 'java/lang/ClassNotFoundException'{0x00000000e5b271e0}: org/jetbrains/plugins/gradle/model/web/WebConfigurationCustomizer> (0x00000000e5b271e0) thrown at [./src/hotspot/share/classfile/systemDictionary.cpp, line 231]
Event: 94.375 Thread 0x0000019b492e3000 Exception <a 'java/lang/ClassNotFoundException'{0x00000000e5b5ecb0}: org/jetbrains/plugins/gradle/model/scala/ScalaModelBeanInfo> (0x00000000e5b5ecb0) thrown at [./src/hotspot/share/classfile/systemDictionary.cpp, line 231]
Event: 94.376 Thread 0x0000019b492e3000 Exception <a 'java/lang/ClassNotFoundException'{0x00000000e5b70598}: org/jetbrains/plugins/gradle/model/scala/ScalaModelCustomizer> (0x00000000e5b70598) thrown at [./src/hotspot/share/classfile/systemDictionary.cpp, line 231]

Events (20 events):
Event: 95.808 loading class org/jetbrains/plugins/gradle/tooling/serialization/ExternalTestsSerializationService$WriteContext
Event: 95.808 loading class org/jetbrains/plugins/gradle/tooling/serialization/ExternalTestsSerializationService$WriteContext done
Event: 95.809 loading class org/jetbrains/plugins/gradle/tooling/serialization/ExternalTestsSerializationService$ReadContext
Event: 95.809 loading class org/jetbrains/plugins/gradle/tooling/serialization/ExternalTestsSerializationService$ReadContext done
Event: 95.810 loading class org/jetbrains/plugins/gradle/tooling/serialization/AnnotationProcessingModelSerializationService
Event: 95.810 loading class org/jetbrains/plugins/gradle/tooling/serialization/AnnotationProcessingModelSerializationService done
Event: 95.813 loading class org/jetbrains/plugins/gradle/tooling/serialization/AnnotationProcessingModelSerializationService$WriteContext
Event: 95.813 loading class org/jetbrains/plugins/gradle/tooling/serialization/AnnotationProcessingModelSerializationService$WriteContext done
Event: 95.814 loading class org/jetbrains/plugins/gradle/tooling/serialization/AnnotationProcessingModelSerializationService$ReadContext
Event: 95.814 loading class org/jetbrains/plugins/gradle/tooling/serialization/AnnotationProcessingModelSerializationService$ReadContext done
Event: 95.815 loading class org/jetbrains/plugins/gradle/tooling/serialization/ProjectDependenciesSerializationService
Event: 95.815 loading class org/jetbrains/plugins/gradle/tooling/serialization/ProjectDependenciesSerializationService done
Event: 95.815 Executing VM operation: G1CollectForAllocation
Event: 95.822 Executing VM operation: G1CollectForAllocation done
Event: 95.849 loading class org/jetbrains/plugins/gradle/tooling/serialization/ProjectDependenciesSerializationService$WriteContext
Event: 95.849 loading class org/jetbrains/plugins/gradle/tooling/serialization/ProjectDependenciesSerializationService$WriteContext done
Event: 95.851 loading class org/jetbrains/plugins/gradle/tooling/serialization/ProjectDependenciesSerializationService$ReadContext
Event: 95.851 loading class org/jetbrains/plugins/gradle/tooling/serialization/ProjectDependenciesSerializationService$ReadContext done
Event: 95.852 loading class org/jetbrains/plugins/gradle/tooling/serialization/KotlinDslScriptsModelSerializationService
Event: 95.852 loading class org/jetbrains/plugins/gradle/tooling/serialization/KotlinDslScriptsModelSerializationService done


Dynamic libraries:
0x00007ff6402a0000 - 0x00007ff6402aa000 	C:\Users\felip\OneDrive\Desktop\android-studio\jre\bin\java.exe
0x00007ffe72f10000 - 0x00007ffe73105000 	C:\Windows\SYSTEM32\ntdll.dll
0x00007ffe51290000 - 0x00007ffe512a6000 	C:\Program Files\Avast Software\Avast\aswhook.dll
0x00007ffe70f60000 - 0x00007ffe7101e000 	C:\Windows\System32\KERNEL32.DLL
0x00007ffe70c90000 - 0x00007ffe70f59000 	C:\Windows\System32\KERNELBASE.dll
0x00007ffe70a30000 - 0x00007ffe70b30000 	C:\Windows\System32\ucrtbase.dll
0x00007ffe6b870000 - 0x00007ffe6b889000 	C:\Users\felip\OneDrive\Desktop\android-studio\jre\bin\jli.dll
0x00007ffe6b890000 - 0x00007ffe6b8a7000 	C:\Users\felip\OneDrive\Desktop\android-studio\jre\bin\VCRUNTIME140.dll
0x00007ffe72ae0000 - 0x00007ffe72c81000 	C:\Windows\System32\USER32.dll
0x00007ffe70a00000 - 0x00007ffe70a22000 	C:\Windows\System32\win32u.dll
0x00007ffe71400000 - 0x00007ffe7142b000 	C:\Windows\System32\GDI32.dll
0x00007ffe70630000 - 0x00007ffe7073b000 	C:\Windows\System32\gdi32full.dll
0x00007ffe60850000 - 0x00007ffe60aea000 	C:\Windows\WinSxS\amd64_microsoft.windows.common-controls_6595b64144ccf1df_6.0.19041.1110_none_60b5254171f9507e\COMCTL32.dll
0x00007ffe70740000 - 0x00007ffe707dd000 	C:\Windows\System32\msvcp_win.dll
0x00007ffe72260000 - 0x00007ffe722fe000 	C:\Windows\System32\msvcrt.dll
0x00007ffe72730000 - 0x00007ffe72760000 	C:\Windows\System32\IMM32.DLL
0x00007ffe5ecb0000 - 0x00007ffe5ed4d000 	C:\Users\felip\OneDrive\Desktop\android-studio\jre\bin\msvcp140.dll
0x00007ffe2d5d0000 - 0x00007ffe2e0a5000 	C:\Users\felip\OneDrive\Desktop\android-studio\jre\bin\server\jvm.dll
0x00007ffe71430000 - 0x00007ffe714dc000 	C:\Windows\System32\ADVAPI32.dll
0x00007ffe711a0000 - 0x00007ffe7123b000 	C:\Windows\System32\sechost.dll
0x00007ffe712d0000 - 0x00007ffe713fa000 	C:\Windows\System32\RPCRT4.dll
0x00007ffe71970000 - 0x00007ffe71978000 	C:\Windows\System32\PSAPI.DLL
0x00007ffe594e0000 - 0x00007ffe59507000 	C:\Windows\SYSTEM32\WINMM.dll
0x00007ffe63c60000 - 0x00007ffe63c69000 	C:\Windows\SYSTEM32\WSOCK32.dll
0x00007ffe65210000 - 0x00007ffe6521a000 	C:\Windows\SYSTEM32\VERSION.dll
0x00007ffe721f0000 - 0x00007ffe7225b000 	C:\Windows\System32\WS2_32.dll
0x00007ffe6e450000 - 0x00007ffe6e462000 	C:\Windows\SYSTEM32\kernel.appcore.dll
0x00007ffe6d890000 - 0x00007ffe6d8a1000 	C:\Users\felip\OneDrive\Desktop\android-studio\jre\bin\verify.dll
0x00007ffe65020000 - 0x00007ffe65204000 	C:\Windows\SYSTEM32\DBGHELP.DLL
0x00007ffe64ff0000 - 0x00007ffe6501c000 	C:\Windows\SYSTEM32\dbgcore.DLL
0x00007ffe707e0000 - 0x00007ffe70863000 	C:\Windows\System32\bcryptPrimitives.dll
0x00007ffe6d720000 - 0x00007ffe6d749000 	C:\Users\felip\OneDrive\Desktop\android-studio\jre\bin\java.dll
0x00007ffe6df20000 - 0x00007ffe6df2b000 	C:\Users\felip\OneDrive\Desktop\android-studio\jre\bin\jimage.dll
0x00007ffe6d870000 - 0x00007ffe6d888000 	C:\Users\felip\OneDrive\Desktop\android-studio\jre\bin\zip.dll
0x00007ffe71ab0000 - 0x00007ffe721ef000 	C:\Windows\System32\SHELL32.dll
0x00007ffe6e730000 - 0x00007ffe6eec0000 	C:\Windows\SYSTEM32\windows.storage.dll
0x00007ffe72780000 - 0x00007ffe72ad5000 	C:\Windows\System32\combase.dll
0x00007ffe6ffb0000 - 0x00007ffe6ffdc000 	C:\Windows\SYSTEM32\Wldp.dll
0x00007ffe71980000 - 0x00007ffe71a2d000 	C:\Windows\System32\SHCORE.dll
0x00007ffe72d60000 - 0x00007ffe72db5000 	C:\Windows\System32\shlwapi.dll
0x00007ffe70570000 - 0x00007ffe7058f000 	C:\Windows\SYSTEM32\profapi.dll
0x00007ffe6d700000 - 0x00007ffe6d71a000 	C:\Users\felip\OneDrive\Desktop\android-studio\jre\bin\net.dll
0x00007ffe64e40000 - 0x00007ffe64f48000 	C:\Windows\SYSTEM32\WINHTTP.dll
0x00007ffe6fd10000 - 0x00007ffe6fd7a000 	C:\Windows\system32\mswsock.dll
0x00007ffe6b6a0000 - 0x00007ffe6b6b4000 	C:\Users\felip\OneDrive\Desktop\android-studio\jre\bin\nio.dll
0x00007ffe5f120000 - 0x00007ffe5f147000 	C:\Users\felip\.gradle\native\8bec1ad78214c89d9ad589b4d07fe93259594b29d510b10fafb7a158f7737e5d\windows-amd64\native-platform.dll
0x00007ffe50470000 - 0x00007ffe505ad000 	C:\Users\felip\.gradle\native\53dbd7edfb1c66fb8903c78663c9afc45aea4f116125fa6feffd364cf09443e8\windows-amd64\native-platform-file-events.dll
0x00007ffe6dec0000 - 0x00007ffe6deca000 	C:\Users\felip\OneDrive\Desktop\android-studio\jre\bin\management.dll
0x00007ffe6dd60000 - 0x00007ffe6dd6d000 	C:\Users\felip\OneDrive\Desktop\android-studio\jre\bin\management_ext.dll
0x00007ffe6ff10000 - 0x00007ffe6ff28000 	C:\Windows\SYSTEM32\CRYPTSP.dll
0x00007ffe6f690000 - 0x00007ffe6f6c4000 	C:\Windows\system32\rsaenh.dll
0x00007ffe70980000 - 0x00007ffe709a7000 	C:\Windows\System32\bcrypt.dll
0x00007ffe704f0000 - 0x00007ffe7051e000 	C:\Windows\SYSTEM32\USERENV.dll
0x00007ffe6ff00000 - 0x00007ffe6ff0c000 	C:\Windows\SYSTEM32\CRYPTBASE.dll
0x00007ffe6fa00000 - 0x00007ffe6fa3b000 	C:\Windows\SYSTEM32\IPHLPAPI.DLL
0x00007ffe71960000 - 0x00007ffe71968000 	C:\Windows\System32\NSI.dll
0x00007ffe698d0000 - 0x00007ffe698e7000 	C:\Windows\SYSTEM32\dhcpcsvc6.DLL
0x00007ffe69bc0000 - 0x00007ffe69bdd000 	C:\Windows\SYSTEM32\dhcpcsvc.DLL
0x00007ffe6fa40000 - 0x00007ffe6fb0c000 	C:\Windows\SYSTEM32\DNSAPI.dll

dbghelp: loaded successfully - version: 4.0.5 - missing functions: none
symbol engine: initialized successfully - sym options: 0x614 - pdb path: .;C:\Users\felip\OneDrive\Desktop\android-studio\jre\bin;C:\Windows\SYSTEM32;C:\Program Files\Avast Software\Avast;C:\Windows\WinSxS\amd64_microsoft.windows.common-controls_6595b64144ccf1df_6.0.19041.1110_none_60b5254171f9507e;C:\Users\felip\OneDrive\Desktop\android-studio\jre\bin\server;C:\Users\felip\.gradle\native\8bec1ad78214c89d9ad589b4d07fe93259594b29d510b10fafb7a158f7737e5d\windows-amd64;C:\Users\felip\.gradle\native\53dbd7edfb1c66fb8903c78663c9afc45aea4f116125fa6feffd364cf09443e8\windows-amd64

VM Arguments:
jvm_args: --add-opens=java.base/java.util=ALL-UNNAMED --add-opens=java.base/java.lang=ALL-UNNAMED --add-opens=java.base/java.lang.invoke=ALL-UNNAMED --add-opens=java.base/java.util=ALL-UNNAMED --add-opens=java.prefs/java.util.prefs=ALL-UNNAMED --add-opens=java.prefs/java.util.prefs=ALL-UNNAMED --add-opens=java.base/java.nio.charset=ALL-UNNAMED --add-opens=java.base/java.net=ALL-UNNAMED --add-opens=java.base/java.util.concurrent.atomic=ALL-UNNAMED -Xmx512m -Dfile.encoding=UTF-8 -Duser.country=US -Duser.language=en -Duser.variant 
java_command: org.gradle.launcher.daemon.bootstrap.GradleDaemon 7.0.2
java_class_path (initial): C:\Users\felip\.gradle\wrapper\dists\gradle-7.0.2-bin\857tjihv64xamwrf0h14cai3r\gradle-7.0.2\lib\gradle-launcher-7.0.2.jar
Launcher Type: SUN_STANDARD

[Global flags]
     intx CICompilerCount                          = 2                                         {product} {ergonomic}
     uint ConcGCThreads                            = 1                                         {product} {ergonomic}
     uint G1ConcRefinementThreads                  = 2                                         {product} {ergonomic}
   size_t G1HeapRegionSize                         = 1048576                                   {product} {ergonomic}
    uintx GCDrainStackTargetSize                   = 64                                        {product} {ergonomic}
   size_t InitialHeapSize                          = 67108864                                  {product} {ergonomic}
   size_t MarkStackSize                            = 4194304                                   {product} {ergonomic}
   size_t MaxHeapSize                              = 536870912                                 {product} {command line}
   size_t MaxNewSize                               = 321912832                                 {product} {ergonomic}
   size_t MinHeapDeltaBytes                        = 1048576                                   {product} {ergonomic}
    uintx NonNMethodCodeHeapSize                   = 5825164                                {pd product} {ergonomic}
    uintx NonProfiledCodeHeapSize                  = 122916538                              {pd product} {ergonomic}
    uintx ProfiledCodeHeapSize                     = 122916538                              {pd product} {ergonomic}
    uintx ReservedCodeCacheSize                    = 251658240                              {pd product} {ergonomic}
     bool SegmentedCodeCache                       = true                                      {product} {ergonomic}
     bool UseCompressedClassPointers               = true                                 {lp64_product} {ergonomic}
     bool UseCompressedOops                        = true                                 {lp64_product} {ergonomic}
     bool UseG1GC                                  = true                                      {product} {ergonomic}
     bool UseLargePagesIndividualAllocation        = false                                  {pd product} {ergonomic}

Logging:
Log output configuration:
 #0: stdout all=warning uptime,level,tags
 #1: stderr all=off uptime,level,tags

Environment Variables:
PATH=C:\Program Files\Common Files\Oracle\Java\javapath;C:\Program Files (x86)\Common Files\Oracle\Java\javapath;C:\Windows\system32;C:\Windows;C:\Windows\System32\Wbem;C:\Windows\System32\WindowsPowerShell\v1.0\;C:\Windows\System32\OpenSSH\;C:\ProgramData\chocolatey\bin;C:\Program Files (x86)\Yarn\bin\;C:\Program Files\Git\cmd;C:\Program Files\nodejs\;C:\Users\felip\AppData\Local\Microsoft\WindowsApps;C:\Users\felip\AppData\Local\Programs\Microsoft VS Code\bin;C:\Users\felip\AppData\Local\Yarn\bin;C:\Users\felip\AppData\Local\GitHubDesktop\bin;C:\Users\felip\AppData\Roaming\npm
USERNAME=felip
OS=Windows_NT
PROCESSOR_IDENTIFIER=Intel64 Family 6 Model 23 Stepping 10, GenuineIntel



---------------  S Y S T E M  ---------------

OS: Windows 10 , 64 bit Build 19041 (10.0.19041.1202)
OS uptime: 4 days 1:02 hours

CPU:total 2 (initial active 2) (2 cores per cpu, 1 threads per core) family 6 model 23 stepping 10 microcode 0xa0c, cmov, cx8, fxsr, mmx, sse, sse2, sse3, ssse3, tsc

Memory: 4k page, system-wide physical 4061M (35M free)
TotalPageFile size 4061M (AvailPageFile size 6M)
current process WorkingSet (physical memory assigned to process): 204M, peak: 233M
current process commit charge ("private bytes"): 317M, peak: 320M

vm_info: OpenJDK 64-Bit Server VM (11.0.11+9-b60-7590822) for windows-amd64 JRE (11.0.11+9-b60-7590822), built on Jul 29 2021 21:43:44 by "builder" with MS VC++ 14.0 (VS2015)

END.
