#
# There is insufficient memory for the Java Runtime Environment to continue.
# Native memory allocation (mmap) failed to map 155189248 bytes for Failed to commit area from 0x00000000d1e00000 to 0x00000000db200000 of length 155189248.
# Possible reasons:
#   The system is out of physical RAM or swap space
#   The process is running with CompressedOops enabled, and the Java Heap may be blocking the growth of the native heap
# Possible solutions:
#   Reduce memory load on the system
#   Increase physical memory or swap space
#   Check if swap backing store is full
#   Decrease Java heap size (-Xmx/-Xms)
#   Decrease number of Java threads
#   Decrease Java thread stack sizes (-Xss)
#   Set larger code cache with -XX:ReservedCodeCacheSize=
#   JVM is running with Unscaled Compressed Oops mode in which the Java heap is
#     placed in the first 4GB address space. The Java Heap base address is the
#     maximum limit for the native heap growth. Please use -XX:HeapBaseMinAddress
#     to set the Java Heap base and to place the Java Heap above 4GB virtual address.
# This output file may be truncated or incomplete.
#
#  Out of Memory Error (./src/hotspot/os/windows/os_windows.cpp:3301), pid=9108, tid=1056
#
# JRE version: OpenJDK Runtime Environment (11.0.11+9) (build 11.0.11+9-b60-7590822)
# Java VM: OpenJDK 64-Bit Server VM (11.0.11+9-b60-7590822, mixed mode, tiered, compressed oops, g1 gc, windows-amd64)
# No core dump will be written. Minidumps are not enabled by default on client versions of Windows
#

---------------  S U M M A R Y ------------

Command Line: --add-opens=java.base/java.util=ALL-UNNAMED --add-opens=java.base/java.lang=ALL-UNNAMED --add-opens=java.base/java.lang.invoke=ALL-UNNAMED --add-opens=java.base/java.util=ALL-UNNAMED --add-opens=java.prefs/java.util.prefs=ALL-UNNAMED --add-opens=java.prefs/java.util.prefs=ALL-UNNAMED --add-opens=java.base/java.nio.charset=ALL-UNNAMED --add-opens=java.base/java.net=ALL-UNNAMED --add-opens=java.base/java.util.concurrent.atomic=ALL-UNNAMED -Xmx1024m -Dfile.encoding=UTF-8 -Duser.country=US -Duser.language=en -Duser.variant org.gradle.launcher.daemon.bootstrap.GradleDaemon 7.0.2

Host: Celeron(R) Dual-Core CPU       T3500  @ 2.10GHz, 2 cores, 3G,  Windows 10 , 64 bit Build 19041 (10.0.19041.1348)
Time: Tue Dec 14 16:28:03 2021 E. South America Standard Time elapsed time: 352.111797 seconds (0d 0h 5m 52s)

---------------  T H R E A D  ---------------

Current thread (0x000001feb2173800):  VMThread "VM Thread" [stack: 0x000000fdbe900000,0x000000fdbea00000] [id=1056]

Stack: [0x000000fdbe900000,0x000000fdbea00000]
[error occurred during error reporting (printing stack bounds), id 0xc0000005, EXCEPTION_ACCESS_VIOLATION (0xc0000005) at pc=0x000001fe9e3d0f3d]

Native frames: (J=compiled Java code, j=interpreted, Vv=VM code, C=native code)
V  [jvm.dll+0x5f214a]
V  [jvm.dll+0x726fb5]
V  [jvm.dll+0x7285cd]
V  [jvm.dll+0x728be5]
V  [jvm.dll+0x728b9b]
V  [jvm.dll+0x5f14e8]
V  [jvm.dll+0x5f1c78]
C  [ntdll.dll+0xa20cf]
C  [ntdll.dll+0x51454]
C  [ntdll.dll+0xa0bfe]
C  0x000001fe9e3d0f3d

VM_Operation (0x000000fdbfbf4020): G1CollectForAllocation, mode: safepoint, requested by thread 0x000001feb27ee000


---------------  P R O C E S S  ---------------

Threads class SMR info:
_java_thread_list=0x000001feb8b812f0, length=46, elements={
0x000001fe9a8d1000, 0x000001feb2179800, 0x000001feb2183800, 0x000001feb2194800,
0x000001feb2195800, 0x000001feb21da800, 0x000001feb21e4000, 0x000001feb21e5800,
0x000001feb221e000, 0x000001feb244b000, 0x000001feb3b19800, 0x000001feb2f5e800,
0x000001feb4154800, 0x000001feb38e4800, 0x000001feb3290800, 0x000001feb32ef000,
0x000001feb27ee000, 0x000001feb2fd5800, 0x000001feb3032800, 0x000001feb3032000,
0x000001feb3030000, 0x000001feb302f800, 0x000001feb302d000, 0x000001feb302d800,
0x000001feb3033800, 0x000001feb302e800, 0x000001feb3031000, 0x000001feb4ecb000,
0x000001feb4ecc000, 0x000001feb4ec6800, 0x000001feb4eca800, 0x000001feb4ec8000,
0x000001feb4ec7000, 0x000001feb4ecd800, 0x000001feb4ece800, 0x000001feb4ec8800,
0x000001feb4ed1000, 0x000001feb4ed1800, 0x000001feb4ecf800, 0x000001feb4ed3800,
0x000001feb4ed2800, 0x000001feb4ed4000, 0x000001feb4ed5000, 0x000001feb97e8800,
0x000001feb97e9800, 0x000001feb97e6000
}

Java Threads: ( => current thread )
  0x000001fe9a8d1000 JavaThread "main" [_thread_blocked, id=2588, stack(0x000000fdbe300000,0x000000fdbe400000)]
  0x000001feb2179800 JavaThread "Reference Handler" daemon [_thread_blocked, id=5716, stack(0x000000fdbea00000,0x000000fdbeb00000)]
  0x000001feb2183800 JavaThread "Finalizer" daemon [_thread_blocked, id=900, stack(0x000000fdbeb00000,0x000000fdbec00000)]
  0x000001feb2194800 JavaThread "Signal Dispatcher" daemon [_thread_blocked, id=5116, stack(0x000000fdbec00000,0x000000fdbed00000)]
  0x000001feb2195800 JavaThread "Attach Listener" daemon [_thread_blocked, id=7900, stack(0x000000fdbed00000,0x000000fdbee00000)]
  0x000001feb21da800 JavaThread "Service Thread" daemon [_thread_blocked, id=5376, stack(0x000000fdbee00000,0x000000fdbef00000)]
  0x000001feb21e4000 JavaThread "C2 CompilerThread0" daemon [_thread_blocked, id=8708, stack(0x000000fdbef00000,0x000000fdbf000000)]
  0x000001feb21e5800 JavaThread "C1 CompilerThread0" daemon [_thread_blocked, id=496, stack(0x000000fdbf000000,0x000000fdbf100000)]
  0x000001feb221e000 JavaThread "Sweeper thread" daemon [_thread_blocked, id=5144, stack(0x000000fdbf100000,0x000000fdbf200000)]
  0x000001feb244b000 JavaThread "Common-Cleaner" daemon [_thread_blocked, id=4596, stack(0x000000fdbf200000,0x000000fdbf300000)]
  0x000001feb3b19800 JavaThread "Daemon health stats" [_thread_blocked, id=6880, stack(0x000000fdbf500000,0x000000fdbf600000)]
  0x000001feb2f5e800 JavaThread "Incoming local TCP Connector on port 1060" [_thread_in_native, id=7328, stack(0x000000fdbf600000,0x000000fdbf700000)]
  0x000001feb4154800 JavaThread "Daemon periodic checks" [_thread_blocked, id=8296, stack(0x000000fdbf700000,0x000000fdbf800000)]
  0x000001feb38e4800 JavaThread "Daemon" [_thread_blocked, id=7492, stack(0x000000fdbf800000,0x000000fdbf900000)]
  0x000001feb3290800 JavaThread "Handler for socket connection from /127.0.0.1:1060 to /127.0.0.1:1061" [_thread_in_native, id=6692, stack(0x000000fdbf900000,0x000000fdbfa00000)]
  0x000001feb32ef000 JavaThread "Cancel handler" [_thread_blocked, id=6748, stack(0x000000fdbfa00000,0x000000fdbfb00000)]
  0x000001feb27ee000 JavaThread "Daemon worker" [_thread_blocked, id=3856, stack(0x000000fdbfb00000,0x000000fdbfc00000)]
  0x000001feb2fd5800 JavaThread "Asynchronous log dispatcher for DefaultDaemonConnection: socket connection from /127.0.0.1:1060 to /127.0.0.1:1061" [_thread_blocked, id=864, stack(0x000000fdbfc00000,0x000000fdbfd00000)]
  0x000001feb3032800 JavaThread "Daemon client event forwarder" [_thread_blocked, id=7316, stack(0x000000fdbfe00000,0x000000fdbff00000)]
  0x000001feb3032000 JavaThread "Cache worker for file hash cache (C:\Users\felip\.gradle\caches\7.0.2\fileHashes)" [_thread_blocked, id=1676, stack(0x000000fdbff00000,0x000000fdc0000000)]
  0x000001feb3030000 JavaThread "File lock request listener" [_thread_in_native, id=7668, stack(0x000000fdc0000000,0x000000fdc0100000)]
  0x000001feb302f800 JavaThread "Cache worker for journal cache (C:\Users\felip\.gradle\caches\journal-1)" [_thread_blocked, id=7672, stack(0x000000fdc0100000,0x000000fdc0200000)]
  0x000001feb302d000 JavaThread "Cache worker for file hash cache (C:\Users\felip\AndroidStudioProjects\VideoApp\.gradle\7.0.2\fileHashes)" [_thread_blocked, id=4260, stack(0x000000fdc0200000,0x000000fdc0300000)]
  0x000001feb302d800 JavaThread "File watcher server" daemon [_thread_blocked, id=1720, stack(0x000000fdc0300000,0x000000fdc0400000)]
  0x000001feb3033800 JavaThread "File watcher consumer" daemon [_thread_blocked, id=8452, stack(0x000000fdc0400000,0x000000fdc0500000)]
  0x000001feb302e800 JavaThread "Cache worker for checksums cache (C:\Users\felip\AndroidStudioProjects\VideoApp\.gradle\checksums)" [_thread_blocked, id=5792, stack(0x000000fdc0500000,0x000000fdc0600000)]
  0x000001feb3031000 JavaThread "Cache worker for cache directory md-supplier (C:\Users\felip\.gradle\caches\7.0.2\md-supplier)" [_thread_blocked, id=6068, stack(0x000000fdc0600000,0x000000fdc0700000)]
  0x000001feb4ecb000 JavaThread "Cache worker for cache directory md-rule (C:\Users\felip\.gradle\caches\7.0.2\md-rule)" [_thread_blocked, id=5416, stack(0x000000fdc0700000,0x000000fdc0800000)]
  0x000001feb4ecc000 JavaThread "Cache worker for execution history cache (C:\Users\felip\.gradle\caches\7.0.2\executionHistory)" [_thread_blocked, id=6848, stack(0x000000fdc0800000,0x000000fdc0900000)]
  0x000001feb4ec6800 JavaThread "jar transforms" [_thread_blocked, id=8340, stack(0x000000fdc0900000,0x000000fdc0a00000)]
  0x000001feb4eca800 JavaThread "jar transforms Thread 2" [_thread_blocked, id=7664, stack(0x000000fdc0a00000,0x000000fdc0b00000)]
  0x000001feb4ec8000 JavaThread "Cache worker for file content cache (C:\Users\felip\.gradle\caches\7.0.2\fileContent)" [_thread_blocked, id=5548, stack(0x000000fdc0b00000,0x000000fdc0c00000)]
  0x000001feb4ec7000 JavaThread "Cache worker for dependencies-accessors (C:\Users\felip\AndroidStudioProjects\VideoApp\.gradle\7.0.2\dependencies-accessors)" [_thread_blocked, id=6572, stack(0x000000fdc0c00000,0x000000fdc0d00000)]
  0x000001feb4ecd800 JavaThread "Cache worker for Build Output Cleanup Cache (C:\Users\felip\AndroidStudioProjects\VideoApp\.gradle\buildOutputCleanup)" [_thread_blocked, id=9008, stack(0x000000fdc0d00000,0x000000fdc0e00000)]
  0x000001feb4ece800 JavaThread "Build operations" [_thread_blocked, id=756, stack(0x000000fdc0e00000,0x000000fdc0f00000)]
  0x000001feb4ec8800 JavaThread "Build operations Thread 2" [_thread_blocked, id=1264, stack(0x000000fdc0f00000,0x000000fdc1000000)]
  0x000001feb4ed1000 JavaThread "Memory manager" [_thread_blocked, id=4364, stack(0x000000fdc1200000,0x000000fdc1300000)]
  0x000001feb4ed1800 JavaThread "build event listener" [_thread_blocked, id=8484, stack(0x000000fdc1300000,0x000000fdc1400000)]
  0x000001feb4ecf800 JavaThread "build event listener" [_thread_blocked, id=8148, stack(0x000000fdbe000000,0x000000fdbe100000)]
  0x000001feb4ed3800 JavaThread "Execution worker for ':'" [_thread_blocked, id=7156, stack(0x000000fdbe100000,0x000000fdbe200000)]
  0x000001feb4ed2800 JavaThread "Cache worker for execution history cache (C:\Users\felip\AndroidStudioProjects\VideoApp\.gradle\7.0.2\executionHistory)" [_thread_blocked, id=576, stack(0x000000fdbe200000,0x000000fdbe300000)]
  0x000001feb4ed4000 JavaThread "WorkerExecutor Queue" [_thread_blocked, id=6432, stack(0x000000fdbfd00000,0x000000fdbfe00000)]
  0x000001feb4ed5000 JavaThread "WorkerExecutor Queue Thread 2" [_thread_blocked, id=688, stack(0x000000fdc1400000,0x000000fdc1500000)]
  0x000001feb97e8800 JavaThread "pool-3-thread-1" [_thread_blocked, id=4988, stack(0x000000fdc1500000,0x000000fdc1600000)]
  0x000001feb97e9800 JavaThread "stderr" [_thread_in_native, id=5492, stack(0x000000fdc1600000,0x000000fdc1700000)]
  0x000001feb97e6000 JavaThread "stdout" [_thread_in_native, id=8104, stack(0x000000fdc1700000,0x000000fdc1800000)]

Other Threads:
=>0x000001feb2173800 VMThread "VM Thread" [stack: 0x000000fdbe900000,0x000000fdbea00000] [id=1056]
  0x000001feb2458800 WatcherThread [stack: 0x000000fdbf300000,0x000000fdbf400000] [id=7044]
  0x000001fe9a8ea800 GCTaskThread "GC Thread#0" [stack: 0x000000fdbe400000,0x000000fdbe500000] [id=6344]
  0x000001feb2533000 GCTaskThread "GC Thread#1" [stack: 0x000000fdbf400000,0x000000fdbf500000] [id=7340]
  0x000001fe9a904800 ConcurrentGCThread "G1 Main Marker" [stack: 0x000000fdbe500000,0x000000fdbe600000] [id=4300]
  0x000001fe9a906000 ConcurrentGCThread "G1 Conc#0" [stack: 0x000000fdbe600000,0x000000fdbe700000] [id=6680]
  0x000001fe9a954000 ConcurrentGCThread "G1 Refine#0" [stack: 0x000000fdbe700000,0x000000fdbe800000] [id=7112]
  0x000001fe9a955800 ConcurrentGCThread "G1 Young RemSet Sampling" [stack: 0x000000fdbe800000,0x000000fdbe900000] [id=9172]

Threads with active compile tasks:
C2 CompilerThread0 352483 22362       4       com.android.tools.r8.internal.Me::a (3140 bytes)

VM state:at safepoint (normal execution)

VM Mutex/Monitor currently owned by a thread:  ([mutex/lock_event])
[0x000001fe9a8ce9d0] Threads_lock - owner thread: 0x000001feb2173800
[0x000001fe9a8cced0] Heap_lock - owner thread: 0x000001feb27ee000

Heap address: 0x00000000c0000000, size: 1024 MB, Compressed Oops mode: 32-bit
Narrow klass base: 0x0000000000000000, Narrow klass shift: 3
Compressed class space size: 1073741824 Address: 0x0000000100000000

Heap:
 garbage-first heap   total 444416K, used 190812K [0x00000000c0000000, 0x0000000100000000)
  region size 1024K, 6 young (6144K), 6 survivors (6144K)
 Metaspace       used 123639K, capacity 126540K, committed 126588K, reserved 1159168K
  class space    used 15231K, capacity 16336K, committed 16384K, reserved 1048576K
Heap Regions: E=young(eden), S=young(survivor), O=old, HS=humongous(starts), HC=humongous(continues), CS=collection set, F=free, A=archive, TAMS=top-at-mark-start (previous, next)
|   0|0x00000000c0000000, 0x00000000c0100000, 0x00000000c0100000|100%| O|  |TAMS 0x00000000c0100000, 0x00000000c0000000| Untracked 
|   1|0x00000000c0100000, 0x00000000c0200000, 0x00000000c0200000|100%| O|  |TAMS 0x00000000c0200000, 0x00000000c0100000| Untracked 
|   2|0x00000000c0200000, 0x00000000c0300000, 0x00000000c0300000|100%| O|  |TAMS 0x00000000c0300000, 0x00000000c0200000| Untracked 
|   3|0x00000000c0300000, 0x00000000c0400000, 0x00000000c0400000|100%| O|  |TAMS 0x00000000c0400000, 0x00000000c0300000| Untracked 
|   4|0x00000000c0400000, 0x00000000c0500000, 0x00000000c0500000|100%|HS|  |TAMS 0x00000000c0500000, 0x00000000c0400000| Complete 
|   5|0x00000000c0500000, 0x00000000c0600000, 0x00000000c0600000|100%|HC|  |TAMS 0x00000000c0600000, 0x00000000c0500000| Complete 
|   6|0x00000000c0600000, 0x00000000c0700000, 0x00000000c0700000|100%|HC|  |TAMS 0x00000000c0700000, 0x00000000c0600000| Complete 
|   7|0x00000000c0700000, 0x00000000c0800000, 0x00000000c0800000|100%| O|  |TAMS 0x00000000c0800000, 0x00000000c0700000| Untracked 
|   8|0x00000000c0800000, 0x00000000c0900000, 0x00000000c0900000|100%| O|  |TAMS 0x00000000c0900000, 0x00000000c0800000| Untracked 
|   9|0x00000000c0900000, 0x00000000c0a00000, 0x00000000c0a00000|100%| O|  |TAMS 0x00000000c0a00000, 0x00000000c0900000| Untracked 
|  10|0x00000000c0a00000, 0x00000000c0b00000, 0x00000000c0b00000|100%| O|  |TAMS 0x00000000c0b00000, 0x00000000c0a00000| Untracked 
|  11|0x00000000c0b00000, 0x00000000c0c00000, 0x00000000c0c00000|100%| O|  |TAMS 0x00000000c0c00000, 0x00000000c0b00000| Untracked 
|  12|0x00000000c0c00000, 0x00000000c0d00000, 0x00000000c0d00000|100%| O|  |TAMS 0x00000000c0d00000, 0x00000000c0c00000| Untracked 
|  13|0x00000000c0d00000, 0x00000000c0e00000, 0x00000000c0e00000|100%| O|  |TAMS 0x00000000c0e00000, 0x00000000c0d00000| Untracked 
|  14|0x00000000c0e00000, 0x00000000c0f00000, 0x00000000c0f00000|100%| O|  |TAMS 0x00000000c0f00000, 0x00000000c0e00000| Untracked 
|  15|0x00000000c0f00000, 0x00000000c1000000, 0x00000000c1000000|100%| O|  |TAMS 0x00000000c1000000, 0x00000000c0f00000| Untracked 
|  16|0x00000000c1000000, 0x00000000c1100000, 0x00000000c1100000|100%| O|  |TAMS 0x00000000c1100000, 0x00000000c1000000| Untracked 
|  17|0x00000000c1100000, 0x00000000c1200000, 0x00000000c1200000|100%| O|  |TAMS 0x00000000c1200000, 0x00000000c1100000| Untracked 
|  18|0x00000000c1200000, 0x00000000c1300000, 0x00000000c1300000|100%| O|  |TAMS 0x00000000c1300000, 0x00000000c1200000| Untracked 
|  19|0x00000000c1300000, 0x00000000c1400000, 0x00000000c1400000|100%| O|  |TAMS 0x00000000c1400000, 0x00000000c1300000| Untracked 
|  20|0x00000000c1400000, 0x00000000c1500000, 0x00000000c1500000|100%| O|  |TAMS 0x00000000c1500000, 0x00000000c1400000| Untracked 
|  21|0x00000000c1500000, 0x00000000c1600000, 0x00000000c1600000|100%| O|  |TAMS 0x00000000c1600000, 0x00000000c1500000| Untracked 
|  22|0x00000000c1600000, 0x00000000c1700000, 0x00000000c1700000|100%|HS|  |TAMS 0x00000000c1700000, 0x00000000c1600000| Complete 
|  23|0x00000000c1700000, 0x00000000c1800000, 0x00000000c1800000|100%| O|  |TAMS 0x00000000c1800000, 0x00000000c1700000| Untracked 
|  24|0x00000000c1800000, 0x00000000c1900000, 0x00000000c1900000|100%| O|  |TAMS 0x00000000c1900000, 0x00000000c1800000| Untracked 
|  25|0x00000000c1900000, 0x00000000c1a00000, 0x00000000c1a00000|100%| O|  |TAMS 0x00000000c1a00000, 0x00000000c1900000| Untracked 
|  26|0x00000000c1a00000, 0x00000000c1b00000, 0x00000000c1b00000|100%| O|  |TAMS 0x00000000c1b00000, 0x00000000c1a00000| Untracked 
|  27|0x00000000c1b00000, 0x00000000c1c00000, 0x00000000c1c00000|100%|HS|  |TAMS 0x00000000c1c00000, 0x00000000c1b00000| Complete 
|  28|0x00000000c1c00000, 0x00000000c1d00000, 0x00000000c1d00000|100%|HS|  |TAMS 0x00000000c1d00000, 0x00000000c1c00000| Complete 
|  29|0x00000000c1d00000, 0x00000000c1e00000, 0x00000000c1e00000|100%|HS|  |TAMS 0x00000000c1e00000, 0x00000000c1d00000| Complete 
|  30|0x00000000c1e00000, 0x00000000c1f00000, 0x00000000c1f00000|100%|HC|  |TAMS 0x00000000c1f00000, 0x00000000c1e00000| Complete 
|  31|0x00000000c1f00000, 0x00000000c2000000, 0x00000000c2000000|100%|HC|  |TAMS 0x00000000c2000000, 0x00000000c1f00000| Complete 
|  32|0x00000000c2000000, 0x00000000c2100000, 0x00000000c2100000|100%|HS|  |TAMS 0x00000000c2100000, 0x00000000c2000000| Complete 
|  33|0x00000000c2100000, 0x00000000c2200000, 0x00000000c2200000|100%|HC|  |TAMS 0x00000000c2200000, 0x00000000c2100000| Complete 
|  34|0x00000000c2200000, 0x00000000c2300000, 0x00000000c2300000|100%| O|  |TAMS 0x00000000c2300000, 0x00000000c2200000| Untracked 
|  35|0x00000000c2300000, 0x00000000c2400000, 0x00000000c2400000|100%| O|  |TAMS 0x00000000c2400000, 0x00000000c2300000| Untracked 
|  36|0x00000000c2400000, 0x00000000c2500000, 0x00000000c2500000|100%| O|  |TAMS 0x00000000c2500000, 0x00000000c2400000| Untracked 
|  37|0x00000000c2500000, 0x00000000c2600000, 0x00000000c2600000|100%| O|  |TAMS 0x00000000c2600000, 0x00000000c2500000| Untracked 
|  38|0x00000000c2600000, 0x00000000c2700000, 0x00000000c2700000|100%| O|  |TAMS 0x00000000c2700000, 0x00000000c2600000| Untracked 
|  39|0x00000000c2700000, 0x00000000c2800000, 0x00000000c2800000|100%| O|  |TAMS 0x00000000c2800000, 0x00000000c2700000| Untracked 
|  40|0x00000000c2800000, 0x00000000c2900000, 0x00000000c2900000|100%| O|  |TAMS 0x00000000c2900000, 0x00000000c2800000| Untracked 
|  41|0x00000000c2900000, 0x00000000c2a00000, 0x00000000c2a00000|100%| O|  |TAMS 0x00000000c2a00000, 0x00000000c2900000| Untracked 
|  42|0x00000000c2a00000, 0x00000000c2b00000, 0x00000000c2b00000|100%| O|  |TAMS 0x00000000c2b00000, 0x00000000c2a00000| Untracked 
|  43|0x00000000c2b00000, 0x00000000c2c00000, 0x00000000c2c00000|100%| O|  |TAMS 0x00000000c2c00000, 0x00000000c2b00000| Untracked 
|  44|0x00000000c2c00000, 0x00000000c2d00000, 0x00000000c2d00000|100%| O|  |TAMS 0x00000000c2d00000, 0x00000000c2c00000| Untracked 
|  45|0x00000000c2d00000, 0x00000000c2e00000, 0x00000000c2e00000|100%| O|  |TAMS 0x00000000c2e00000, 0x00000000c2d00000| Untracked 
|  46|0x00000000c2e00000, 0x00000000c2f00000, 0x00000000c2f00000|100%| O|  |TAMS 0x00000000c2f00000, 0x00000000c2e00000| Untracked 
|  47|0x00000000c2f00000, 0x00000000c3000000, 0x00000000c3000000|100%| O|  |TAMS 0x00000000c3000000, 0x00000000c2f00000| Untracked 
|  48|0x00000000c3000000, 0x00000000c3100000, 0x00000000c3100000|100%| O|  |TAMS 0x00000000c3100000, 0x00000000c3000000| Untracked 
|  49|0x00000000c3100000, 0x00000000c3200000, 0x00000000c3200000|100%| O|  |TAMS 0x00000000c3200000, 0x00000000c3100000| Untracked 
|  50|0x00000000c3200000, 0x00000000c3300000, 0x00000000c3300000|100%| O|  |TAMS 0x00000000c3300000, 0x00000000c3200000| Untracked 
|  51|0x00000000c3300000, 0x00000000c3400000, 0x00000000c3400000|100%| O|  |TAMS 0x00000000c3400000, 0x00000000c3300000| Untracked 
|  52|0x00000000c3400000, 0x00000000c3500000, 0x00000000c3500000|100%| O|  |TAMS 0x00000000c3500000, 0x00000000c3400000| Untracked 
|  53|0x00000000c3500000, 0x00000000c3600000, 0x00000000c3600000|100%| O|  |TAMS 0x00000000c3600000, 0x00000000c3500000| Untracked 
|  54|0x00000000c3600000, 0x00000000c3700000, 0x00000000c3700000|100%| O|  |TAMS 0x00000000c3700000, 0x00000000c3600000| Untracked 
|  55|0x00000000c3700000, 0x00000000c3800000, 0x00000000c3800000|100%| O|  |TAMS 0x00000000c3800000, 0x00000000c3700000| Untracked 
|  56|0x00000000c3800000, 0x00000000c3900000, 0x00000000c3900000|100%| O|  |TAMS 0x00000000c3900000, 0x00000000c3800000| Untracked 
|  57|0x00000000c3900000, 0x00000000c3a00000, 0x00000000c3a00000|100%| O|  |TAMS 0x00000000c3a00000, 0x00000000c3900000| Untracked 
|  58|0x00000000c3a00000, 0x00000000c3b00000, 0x00000000c3b00000|100%| O|  |TAMS 0x00000000c3b00000, 0x00000000c3a00000| Untracked 
|  59|0x00000000c3b00000, 0x00000000c3c00000, 0x00000000c3c00000|100%| O|  |TAMS 0x00000000c3c00000, 0x00000000c3b00000| Untracked 
|  60|0x00000000c3c00000, 0x00000000c3d00000, 0x00000000c3d00000|100%| O|  |TAMS 0x00000000c3d00000, 0x00000000c3c00000| Untracked 
|  61|0x00000000c3d00000, 0x00000000c3e00000, 0x00000000c3e00000|100%| O|  |TAMS 0x00000000c3e00000, 0x00000000c3d00000| Untracked 
|  62|0x00000000c3e00000, 0x00000000c3f00000, 0x00000000c3f00000|100%| O|  |TAMS 0x00000000c3f00000, 0x00000000c3e00000| Untracked 
|  63|0x00000000c3f00000, 0x00000000c4000000, 0x00000000c4000000|100%| O|  |TAMS 0x00000000c4000000, 0x00000000c3f00000| Untracked 
|  64|0x00000000c4000000, 0x00000000c4100000, 0x00000000c4100000|100%| O|  |TAMS 0x00000000c4100000, 0x00000000c4000000| Untracked 
|  65|0x00000000c4100000, 0x00000000c4200000, 0x00000000c4200000|100%| O|  |TAMS 0x00000000c4200000, 0x00000000c4100000| Untracked 
|  66|0x00000000c4200000, 0x00000000c4300000, 0x00000000c4300000|100%| O|  |TAMS 0x00000000c4300000, 0x00000000c4200000| Untracked 
|  67|0x00000000c4300000, 0x00000000c4400000, 0x00000000c4400000|100%| O|  |TAMS 0x00000000c4400000, 0x00000000c4300000| Untracked 
|  68|0x00000000c4400000, 0x00000000c4500000, 0x00000000c4500000|100%| O|  |TAMS 0x00000000c4500000, 0x00000000c4400000| Untracked 
|  69|0x00000000c4500000, 0x00000000c4600000, 0x00000000c4600000|100%| O|  |TAMS 0x00000000c4600000, 0x00000000c4500000| Untracked 
|  70|0x00000000c4600000, 0x00000000c4700000, 0x00000000c4700000|100%| O|  |TAMS 0x00000000c4700000, 0x00000000c4600000| Untracked 
|  71|0x00000000c4700000, 0x00000000c4800000, 0x00000000c4800000|100%| O|  |TAMS 0x00000000c4800000, 0x00000000c4700000| Untracked 
|  72|0x00000000c4800000, 0x00000000c4900000, 0x00000000c4900000|100%| O|  |TAMS 0x00000000c4900000, 0x00000000c4800000| Untracked 
|  73|0x00000000c4900000, 0x00000000c4a00000, 0x00000000c4a00000|100%| O|  |TAMS 0x00000000c4a00000, 0x00000000c4900000| Untracked 
|  74|0x00000000c4a00000, 0x00000000c4b00000, 0x00000000c4b00000|100%| O|  |TAMS 0x00000000c4b00000, 0x00000000c4a00000| Untracked 
|  75|0x00000000c4b00000, 0x00000000c4c00000, 0x00000000c4c00000|100%| O|  |TAMS 0x00000000c4b00000, 0x00000000c4b00000| Untracked 
|  76|0x00000000c4c00000, 0x00000000c4d00000, 0x00000000c4d00000|100%| O|  |TAMS 0x00000000c4c00000, 0x00000000c4c00000| Untracked 
|  77|0x00000000c4d00000, 0x00000000c4e00000, 0x00000000c4e00000|100%| O|  |TAMS 0x00000000c4e00000, 0x00000000c4d00000| Untracked 
|  78|0x00000000c4e00000, 0x00000000c4f00000, 0x00000000c4f00000|100%| O|  |TAMS 0x00000000c4f00000, 0x00000000c4e00000| Untracked 
|  79|0x00000000c4f00000, 0x00000000c5000000, 0x00000000c5000000|100%| O|  |TAMS 0x00000000c5000000, 0x00000000c4f00000| Untracked 
|  80|0x00000000c5000000, 0x00000000c5100000, 0x00000000c5100000|100%| O|  |TAMS 0x00000000c5100000, 0x00000000c5000000| Untracked 
|  81|0x00000000c5100000, 0x00000000c5200000, 0x00000000c5200000|100%| O|  |TAMS 0x00000000c5200000, 0x00000000c5100000| Untracked 
|  82|0x00000000c5200000, 0x00000000c5300000, 0x00000000c5300000|100%| O|  |TAMS 0x00000000c5200000, 0x00000000c5200000| Untracked 
|  83|0x00000000c5300000, 0x00000000c5400000, 0x00000000c5400000|100%| O|  |TAMS 0x00000000c5300000, 0x00000000c5300000| Untracked 
|  84|0x00000000c5400000, 0x00000000c5500000, 0x00000000c5500000|100%| O|  |TAMS 0x00000000c5500000, 0x00000000c5400000| Untracked 
|  85|0x00000000c5500000, 0x00000000c5600000, 0x00000000c5600000|100%| O|  |TAMS 0x00000000c5600000, 0x00000000c5500000| Untracked 
|  86|0x00000000c5600000, 0x00000000c5700000, 0x00000000c5700000|100%| O|  |TAMS 0x00000000c5600000, 0x00000000c5600000| Untracked 
|  87|0x00000000c5700000, 0x00000000c5800000, 0x00000000c5800000|100%| O|  |TAMS 0x00000000c5700000, 0x00000000c5700000| Untracked 
|  88|0x00000000c5800000, 0x00000000c5900000, 0x00000000c5900000|100%| O|  |TAMS 0x00000000c5800000, 0x00000000c5800000| Untracked 
|  89|0x00000000c5900000, 0x00000000c5a00000, 0x00000000c5a00000|100%| O|  |TAMS 0x00000000c5900000, 0x00000000c5900000| Untracked 
|  90|0x00000000c5a00000, 0x00000000c5b00000, 0x00000000c5b00000|100%| O|  |TAMS 0x00000000c5a00000, 0x00000000c5a00000| Untracked 
|  91|0x00000000c5b00000, 0x00000000c5c00000, 0x00000000c5c00000|100%| O|  |TAMS 0x00000000c5b00000, 0x00000000c5b00000| Untracked 
|  92|0x00000000c5c00000, 0x00000000c5d00000, 0x00000000c5d00000|100%| O|  |TAMS 0x00000000c5c00000, 0x00000000c5c00000| Untracked 
|  93|0x00000000c5d00000, 0x00000000c5e00000, 0x00000000c5e00000|100%| O|  |TAMS 0x00000000c5d00000, 0x00000000c5d00000| Untracked 
|  94|0x00000000c5e00000, 0x00000000c5f00000, 0x00000000c5f00000|100%| O|  |TAMS 0x00000000c5e00000, 0x00000000c5e00000| Untracked 
|  95|0x00000000c5f00000, 0x00000000c6000000, 0x00000000c6000000|100%| O|  |TAMS 0x00000000c5f00000, 0x00000000c5f00000| Untracked 
|  96|0x00000000c6000000, 0x00000000c6100000, 0x00000000c6100000|100%| O|  |TAMS 0x00000000c6000000, 0x00000000c6000000| Untracked 
|  97|0x00000000c6100000, 0x00000000c6200000, 0x00000000c6200000|100%| O|  |TAMS 0x00000000c6100000, 0x00000000c6100000| Untracked 
|  98|0x00000000c6200000, 0x00000000c6300000, 0x00000000c6300000|100%| O|  |TAMS 0x00000000c6200000, 0x00000000c6200000| Untracked 
|  99|0x00000000c6300000, 0x00000000c6400000, 0x00000000c6400000|100%| O|  |TAMS 0x00000000c6300000, 0x00000000c6300000| Untracked 
| 100|0x00000000c6400000, 0x00000000c6500000, 0x00000000c6500000|100%| O|  |TAMS 0x00000000c6400000, 0x00000000c6400000| Untracked 
| 101|0x00000000c6500000, 0x00000000c6600000, 0x00000000c6600000|100%| O|  |TAMS 0x00000000c6500000, 0x00000000c6500000| Untracked 
| 102|0x00000000c6600000, 0x00000000c6700000, 0x00000000c6700000|100%| O|  |TAMS 0x00000000c6600000, 0x00000000c6600000| Untracked 
| 103|0x00000000c6700000, 0x00000000c6800000, 0x00000000c6800000|100%| O|  |TAMS 0x00000000c6800000, 0x00000000c6700000| Untracked 
| 104|0x00000000c6800000, 0x00000000c6900000, 0x00000000c6900000|100%| O|  |TAMS 0x00000000c6800000, 0x00000000c6800000| Untracked 
| 105|0x00000000c6900000, 0x00000000c6a00000, 0x00000000c6a00000|100%| O|  |TAMS 0x00000000c6900000, 0x00000000c6900000| Untracked 
| 106|0x00000000c6a00000, 0x00000000c6b00000, 0x00000000c6b00000|100%| O|  |TAMS 0x00000000c6a00000, 0x00000000c6a00000| Untracked 
| 107|0x00000000c6b00000, 0x00000000c6c00000, 0x00000000c6c00000|100%| O|  |TAMS 0x00000000c6b00000, 0x00000000c6b00000| Untracked 
| 108|0x00000000c6c00000, 0x00000000c6d00000, 0x00000000c6d00000|100%| O|  |TAMS 0x00000000c6c00000, 0x00000000c6c00000| Untracked 
| 109|0x00000000c6d00000, 0x00000000c6e00000, 0x00000000c6e00000|100%| O|  |TAMS 0x00000000c6d00000, 0x00000000c6d00000| Untracked 
| 110|0x00000000c6e00000, 0x00000000c6f00000, 0x00000000c6f00000|100%| O|  |TAMS 0x00000000c6e00000, 0x00000000c6e00000| Untracked 
| 111|0x00000000c6f00000, 0x00000000c7000000, 0x00000000c7000000|100%| O|  |TAMS 0x00000000c7000000, 0x00000000c6f00000| Untracked 
| 112|0x00000000c7000000, 0x00000000c7100000, 0x00000000c7100000|100%| O|  |TAMS 0x00000000c7000000, 0x00000000c7000000| Untracked 
| 113|0x00000000c7100000, 0x00000000c7200000, 0x00000000c7200000|100%| O|  |TAMS 0x00000000c7100000, 0x00000000c7100000| Untracked 
| 114|0x00000000c7200000, 0x00000000c7300000, 0x00000000c7300000|100%| O|  |TAMS 0x00000000c7200000, 0x00000000c7200000| Untracked 
| 115|0x00000000c7300000, 0x00000000c7400000, 0x00000000c7400000|100%| O|  |TAMS 0x00000000c7300000, 0x00000000c7300000| Untracked 
| 116|0x00000000c7400000, 0x00000000c7500000, 0x00000000c7500000|100%| O|  |TAMS 0x00000000c7400000, 0x00000000c7400000| Untracked 
| 117|0x00000000c7500000, 0x00000000c7600000, 0x00000000c7600000|100%| O|  |TAMS 0x00000000c7500000, 0x00000000c7500000| Untracked 
| 118|0x00000000c7600000, 0x00000000c7700000, 0x00000000c7700000|100%| O|  |TAMS 0x00000000c7600000, 0x00000000c7600000| Untracked 
| 119|0x00000000c7700000, 0x00000000c7800000, 0x00000000c7800000|100%| O|  |TAMS 0x00000000c7700000, 0x00000000c7700000| Untracked 
| 120|0x00000000c7800000, 0x00000000c7900000, 0x00000000c7900000|100%| O|  |TAMS 0x00000000c7800000, 0x00000000c7800000| Untracked 
| 121|0x00000000c7900000, 0x00000000c7a00000, 0x00000000c7a00000|100%| O|  |TAMS 0x00000000c7900000, 0x00000000c7900000| Untracked 
| 122|0x00000000c7a00000, 0x00000000c7b00000, 0x00000000c7b00000|100%| O|  |TAMS 0x00000000c7a00000, 0x00000000c7a00000| Untracked 
| 123|0x00000000c7b00000, 0x00000000c7c00000, 0x00000000c7c00000|100%| O|  |TAMS 0x00000000c7b00000, 0x00000000c7b00000| Untracked 
| 124|0x00000000c7c00000, 0x00000000c7d00000, 0x00000000c7d00000|100%| O|  |TAMS 0x00000000c7c00000, 0x00000000c7c00000| Untracked 
| 125|0x00000000c7d00000, 0x00000000c7e00000, 0x00000000c7e00000|100%| O|  |TAMS 0x00000000c7d00000, 0x00000000c7d00000| Untracked 
| 126|0x00000000c7e00000, 0x00000000c7f00000, 0x00000000c7f00000|100%| O|  |TAMS 0x00000000c7e00000, 0x00000000c7e00000| Untracked 
| 127|0x00000000c7f00000, 0x00000000c8000000, 0x00000000c8000000|100%| O|  |TAMS 0x00000000c7f00000, 0x00000000c7f00000| Untracked 
| 128|0x00000000c8000000, 0x00000000c8100000, 0x00000000c8100000|100%| O|  |TAMS 0x00000000c8000000, 0x00000000c8000000| Untracked 
| 129|0x00000000c8100000, 0x00000000c8200000, 0x00000000c8200000|100%| O|  |TAMS 0x00000000c8100000, 0x00000000c8100000| Untracked 
| 130|0x00000000c8200000, 0x00000000c8300000, 0x00000000c8300000|100%| O|  |TAMS 0x00000000c8200000, 0x00000000c8200000| Untracked 
| 131|0x00000000c8300000, 0x00000000c8400000, 0x00000000c8400000|100%| O|  |TAMS 0x00000000c8300000, 0x00000000c8300000| Untracked 
| 132|0x00000000c8400000, 0x00000000c8500000, 0x00000000c8500000|100%| O|  |TAMS 0x00000000c8400000, 0x00000000c8400000| Untracked 
| 133|0x00000000c8500000, 0x00000000c8600000, 0x00000000c8600000|100%| O|  |TAMS 0x00000000c8500000, 0x00000000c8500000| Untracked 
| 134|0x00000000c8600000, 0x00000000c8700000, 0x00000000c8700000|100%| O|  |TAMS 0x00000000c8600000, 0x00000000c8600000| Untracked 
| 135|0x00000000c8700000, 0x00000000c8800000, 0x00000000c8800000|100%| O|  |TAMS 0x00000000c8700000, 0x00000000c8700000| Untracked 
| 136|0x00000000c8800000, 0x00000000c8900000, 0x00000000c8900000|100%|HS|  |TAMS 0x00000000c8800000, 0x00000000c8800000| Complete 
| 137|0x00000000c8900000, 0x00000000c8a00000, 0x00000000c8a00000|100%|HC|  |TAMS 0x00000000c8900000, 0x00000000c8900000| Complete 
| 138|0x00000000c8a00000, 0x00000000c8b00000, 0x00000000c8b00000|100%|HC|  |TAMS 0x00000000c8a00000, 0x00000000c8a00000| Complete 
| 139|0x00000000c8b00000, 0x00000000c8c00000, 0x00000000c8c00000|100%| O|  |TAMS 0x00000000c8b00000, 0x00000000c8b00000| Untracked 
| 140|0x00000000c8c00000, 0x00000000c8d00000, 0x00000000c8d00000|100%| O|  |TAMS 0x00000000c8c00000, 0x00000000c8c00000| Untracked 
| 141|0x00000000c8d00000, 0x00000000c8e00000, 0x00000000c8e00000|100%| O|  |TAMS 0x00000000c8d00000, 0x00000000c8d00000| Untracked 
| 142|0x00000000c8e00000, 0x00000000c8f00000, 0x00000000c8f00000|100%| O|  |TAMS 0x00000000c8e00000, 0x00000000c8e00000| Untracked 
| 143|0x00000000c8f00000, 0x00000000c9000000, 0x00000000c9000000|100%| O|  |TAMS 0x00000000c8f00000, 0x00000000c8f00000| Untracked 
| 144|0x00000000c9000000, 0x00000000c9100000, 0x00000000c9100000|100%| O|  |TAMS 0x00000000c9000000, 0x00000000c9000000| Untracked 
| 145|0x00000000c9100000, 0x00000000c9200000, 0x00000000c9200000|100%| O|  |TAMS 0x00000000c9100000, 0x00000000c9100000| Untracked 
| 146|0x00000000c9200000, 0x00000000c9300000, 0x00000000c9300000|100%| O|  |TAMS 0x00000000c9200000, 0x00000000c9200000| Untracked 
| 147|0x00000000c9300000, 0x00000000c9400000, 0x00000000c9400000|100%| O|  |TAMS 0x00000000c9300000, 0x00000000c9300000| Untracked 
| 148|0x00000000c9400000, 0x00000000c9500000, 0x00000000c9500000|100%| O|  |TAMS 0x00000000c9400000, 0x00000000c9400000| Untracked 
| 149|0x00000000c9500000, 0x00000000c9600000, 0x00000000c9600000|100%| O|  |TAMS 0x00000000c9500000, 0x00000000c9500000| Untracked 
| 150|0x00000000c9600000, 0x00000000c9700000, 0x00000000c9700000|100%| O|  |TAMS 0x00000000c9600000, 0x00000000c9600000| Untracked 
| 151|0x00000000c9700000, 0x00000000c9800000, 0x00000000c9800000|100%| O|  |TAMS 0x00000000c9700000, 0x00000000c9700000| Untracked 
| 152|0x00000000c9800000, 0x00000000c9900000, 0x00000000c9900000|100%| O|  |TAMS 0x00000000c9800000, 0x00000000c9800000| Untracked 
| 153|0x00000000c9900000, 0x00000000c9a00000, 0x00000000c9a00000|100%| O|  |TAMS 0x00000000c9900000, 0x00000000c9900000| Untracked 
| 154|0x00000000c9a00000, 0x00000000c9b00000, 0x00000000c9b00000|100%| O|  |TAMS 0x00000000c9a00000, 0x00000000c9a00000| Untracked 
| 155|0x00000000c9b00000, 0x00000000c9c00000, 0x00000000c9c00000|100%| O|  |TAMS 0x00000000c9b00000, 0x00000000c9b00000| Untracked 
| 156|0x00000000c9c00000, 0x00000000c9d00000, 0x00000000c9d00000|100%| O|  |TAMS 0x00000000c9c00000, 0x00000000c9c00000| Untracked 
| 157|0x00000000c9d00000, 0x00000000c9e00000, 0x00000000c9e00000|100%| O|  |TAMS 0x00000000c9d00000, 0x00000000c9d00000| Untracked 
| 158|0x00000000c9e00000, 0x00000000c9f00000, 0x00000000c9f00000|100%| O|  |TAMS 0x00000000c9e00000, 0x00000000c9e00000| Untracked 
| 159|0x00000000c9f00000, 0x00000000ca000000, 0x00000000ca000000|100%| O|  |TAMS 0x00000000c9f00000, 0x00000000c9f00000| Untracked 
| 160|0x00000000ca000000, 0x00000000ca100000, 0x00000000ca100000|100%| O|  |TAMS 0x00000000ca000000, 0x00000000ca000000| Untracked 
| 161|0x00000000ca100000, 0x00000000ca200000, 0x00000000ca200000|100%| O|  |TAMS 0x00000000ca100000, 0x00000000ca100000| Untracked 
| 162|0x00000000ca200000, 0x00000000ca300000, 0x00000000ca300000|100%| O|  |TAMS 0x00000000ca200000, 0x00000000ca200000| Untracked 
| 163|0x00000000ca300000, 0x00000000ca400000, 0x00000000ca400000|100%| O|  |TAMS 0x00000000ca300000, 0x00000000ca300000| Untracked 
| 164|0x00000000ca400000, 0x00000000ca500000, 0x00000000ca500000|100%| O|  |TAMS 0x00000000ca400000, 0x00000000ca400000| Untracked 
| 165|0x00000000ca500000, 0x00000000ca600000, 0x00000000ca600000|100%| O|  |TAMS 0x00000000ca500000, 0x00000000ca500000| Untracked 
| 166|0x00000000ca600000, 0x00000000ca700000, 0x00000000ca700000|100%| O|  |TAMS 0x00000000ca600000, 0x00000000ca600000| Untracked 
| 167|0x00000000ca700000, 0x00000000ca800000, 0x00000000ca800000|100%| O|  |TAMS 0x00000000ca700000, 0x00000000ca700000| Untracked 
| 168|0x00000000ca800000, 0x00000000ca900000, 0x00000000ca900000|100%| O|  |TAMS 0x00000000ca800000, 0x00000000ca800000| Untracked 
| 169|0x00000000ca900000, 0x00000000caa00000, 0x00000000caa00000|100%| O|  |TAMS 0x00000000ca900000, 0x00000000ca900000| Untracked 
| 170|0x00000000caa00000, 0x00000000cab00000, 0x00000000cab00000|100%| O|  |TAMS 0x00000000caa00000, 0x00000000caa00000| Untracked 
| 171|0x00000000cab00000, 0x00000000cac00000, 0x00000000cac00000|100%| O|  |TAMS 0x00000000cab00000, 0x00000000cab00000| Untracked 
| 172|0x00000000cac00000, 0x00000000cad00000, 0x00000000cad00000|100%| O|  |TAMS 0x00000000cac00000, 0x00000000cac00000| Untracked 
| 173|0x00000000cad00000, 0x00000000cae00000, 0x00000000cae00000|100%| O|  |TAMS 0x00000000cad00000, 0x00000000cad00000| Untracked 
| 174|0x00000000cae00000, 0x00000000caf00000, 0x00000000caf00000|100%| O|  |TAMS 0x00000000cae00000, 0x00000000cae00000| Untracked 
| 175|0x00000000caf00000, 0x00000000cb000000, 0x00000000cb000000|100%| O|  |TAMS 0x00000000caf00000, 0x00000000caf00000| Untracked 
| 176|0x00000000cb000000, 0x00000000cb100000, 0x00000000cb100000|100%| O|  |TAMS 0x00000000cb000000, 0x00000000cb000000| Untracked 
| 177|0x00000000cb100000, 0x00000000cb200000, 0x00000000cb200000|100%| O|  |TAMS 0x00000000cb100000, 0x00000000cb100000| Untracked 
| 178|0x00000000cb200000, 0x00000000cb300000, 0x00000000cb300000|100%| O|  |TAMS 0x00000000cb200000, 0x00000000cb200000| Untracked 
| 179|0x00000000cb300000, 0x00000000cb400000, 0x00000000cb400000|100%| O|  |TAMS 0x00000000cb300000, 0x00000000cb300000| Untracked 
| 180|0x00000000cb400000, 0x00000000cb480000, 0x00000000cb500000| 50%| O|  |TAMS 0x00000000cb400000, 0x00000000cb400000| Untracked 
| 181|0x00000000cb500000, 0x00000000cb500000, 0x00000000cb600000|  0%| F|  |TAMS 0x00000000cb500000, 0x00000000cb500000| Untracked 
| 182|0x00000000cb600000, 0x00000000cb600000, 0x00000000cb700000|  0%| F|  |TAMS 0x00000000cb600000, 0x00000000cb600000| Untracked 
| 183|0x00000000cb700000, 0x00000000cb700000, 0x00000000cb800000|  0%| F|  |TAMS 0x00000000cb700000, 0x00000000cb700000| Untracked 
| 184|0x00000000cb800000, 0x00000000cb800000, 0x00000000cb900000|  0%| F|  |TAMS 0x00000000cb800000, 0x00000000cb800000| Untracked 
| 185|0x00000000cb900000, 0x00000000cb900000, 0x00000000cba00000|  0%| F|  |TAMS 0x00000000cb900000, 0x00000000cb900000| Untracked 
| 186|0x00000000cba00000, 0x00000000cba00000, 0x00000000cbb00000|  0%| F|  |TAMS 0x00000000cba00000, 0x00000000cba00000| Untracked 
| 187|0x00000000cbb00000, 0x00000000cbb00000, 0x00000000cbc00000|  0%| F|  |TAMS 0x00000000cbb00000, 0x00000000cbb00000| Untracked 
| 188|0x00000000cbc00000, 0x00000000cbc00000, 0x00000000cbd00000|  0%| F|  |TAMS 0x00000000cbc00000, 0x00000000cbc00000| Untracked 
| 189|0x00000000cbd00000, 0x00000000cbd00000, 0x00000000cbe00000|  0%| F|  |TAMS 0x00000000cbd00000, 0x00000000cbd00000| Untracked 
| 190|0x00000000cbe00000, 0x00000000cbe00000, 0x00000000cbf00000|  0%| F|  |TAMS 0x00000000cbe00000, 0x00000000cbe00000| Untracked 
| 191|0x00000000cbf00000, 0x00000000cbf00000, 0x00000000cc000000|  0%| F|  |TAMS 0x00000000cbf00000, 0x00000000cbf00000| Untracked 
| 192|0x00000000cc000000, 0x00000000cc000000, 0x00000000cc100000|  0%| F|  |TAMS 0x00000000cc000000, 0x00000000cc000000| Untracked 
| 193|0x00000000cc100000, 0x00000000cc100000, 0x00000000cc200000|  0%| F|  |TAMS 0x00000000cc100000, 0x00000000cc100000| Untracked 
| 194|0x00000000cc200000, 0x00000000cc200000, 0x00000000cc300000|  0%| F|  |TAMS 0x00000000cc200000, 0x00000000cc200000| Untracked 
| 195|0x00000000cc300000, 0x00000000cc300000, 0x00000000cc400000|  0%| F|  |TAMS 0x00000000cc300000, 0x00000000cc300000| Untracked 
| 196|0x00000000cc400000, 0x00000000cc400000, 0x00000000cc500000|  0%| F|  |TAMS 0x00000000cc400000, 0x00000000cc400000| Untracked 
| 197|0x00000000cc500000, 0x00000000cc500000, 0x00000000cc600000|  0%| F|  |TAMS 0x00000000cc500000, 0x00000000cc500000| Untracked 
| 198|0x00000000cc600000, 0x00000000cc600000, 0x00000000cc700000|  0%| F|  |TAMS 0x00000000cc600000, 0x00000000cc600000| Untracked 
| 199|0x00000000cc700000, 0x00000000cc700000, 0x00000000cc800000|  0%| F|  |TAMS 0x00000000cc700000, 0x00000000cc700000| Untracked 
| 200|0x00000000cc800000, 0x00000000cc800000, 0x00000000cc900000|  0%| F|  |TAMS 0x00000000cc800000, 0x00000000cc800000| Untracked 
| 201|0x00000000cc900000, 0x00000000cc900000, 0x00000000cca00000|  0%| F|  |TAMS 0x00000000cc900000, 0x00000000cc900000| Untracked 
| 202|0x00000000cca00000, 0x00000000cca00000, 0x00000000ccb00000|  0%| F|  |TAMS 0x00000000cca00000, 0x00000000cca00000| Untracked 
| 203|0x00000000ccb00000, 0x00000000ccb00000, 0x00000000ccc00000|  0%| F|  |TAMS 0x00000000ccb00000, 0x00000000ccb00000| Untracked 
| 204|0x00000000ccc00000, 0x00000000ccc00000, 0x00000000ccd00000|  0%| F|  |TAMS 0x00000000ccc00000, 0x00000000ccc00000| Untracked 
| 205|0x00000000ccd00000, 0x00000000ccd00000, 0x00000000cce00000|  0%| F|  |TAMS 0x00000000ccd00000, 0x00000000ccd00000| Untracked 
| 206|0x00000000cce00000, 0x00000000cce00000, 0x00000000ccf00000|  0%| F|  |TAMS 0x00000000cce00000, 0x00000000cce00000| Untracked 
| 207|0x00000000ccf00000, 0x00000000ccf00000, 0x00000000cd000000|  0%| F|  |TAMS 0x00000000ccf00000, 0x00000000ccf00000| Untracked 
| 208|0x00000000cd000000, 0x00000000cd000000, 0x00000000cd100000|  0%| F|  |TAMS 0x00000000cd000000, 0x00000000cd000000| Untracked 
| 209|0x00000000cd100000, 0x00000000cd100000, 0x00000000cd200000|  0%| F|  |TAMS 0x00000000cd100000, 0x00000000cd100000| Untracked 
| 210|0x00000000cd200000, 0x00000000cd200000, 0x00000000cd300000|  0%| F|  |TAMS 0x00000000cd200000, 0x00000000cd200000| Untracked 
| 211|0x00000000cd300000, 0x00000000cd300000, 0x00000000cd400000|  0%| F|  |TAMS 0x00000000cd300000, 0x00000000cd300000| Untracked 
| 212|0x00000000cd400000, 0x00000000cd400000, 0x00000000cd500000|  0%| F|  |TAMS 0x00000000cd400000, 0x00000000cd400000| Untracked 
| 213|0x00000000cd500000, 0x00000000cd500000, 0x00000000cd600000|  0%| F|  |TAMS 0x00000000cd500000, 0x00000000cd500000| Untracked 
| 214|0x00000000cd600000, 0x00000000cd600000, 0x00000000cd700000|  0%| F|  |TAMS 0x00000000cd600000, 0x00000000cd600000| Untracked 
| 215|0x00000000cd700000, 0x00000000cd700000, 0x00000000cd800000|  0%| F|  |TAMS 0x00000000cd700000, 0x00000000cd700000| Untracked 
| 216|0x00000000cd800000, 0x00000000cd800000, 0x00000000cd900000|  0%| F|  |TAMS 0x00000000cd800000, 0x00000000cd800000| Untracked 
| 217|0x00000000cd900000, 0x00000000cd900000, 0x00000000cda00000|  0%| F|  |TAMS 0x00000000cd900000, 0x00000000cd900000| Untracked 
| 218|0x00000000cda00000, 0x00000000cda00000, 0x00000000cdb00000|  0%| F|  |TAMS 0x00000000cda00000, 0x00000000cda00000| Untracked 
| 219|0x00000000cdb00000, 0x00000000cdb00000, 0x00000000cdc00000|  0%| F|  |TAMS 0x00000000cdb00000, 0x00000000cdb00000| Untracked 
| 220|0x00000000cdc00000, 0x00000000cdc00000, 0x00000000cdd00000|  0%| F|  |TAMS 0x00000000cdc00000, 0x00000000cdc00000| Untracked 
| 221|0x00000000cdd00000, 0x00000000cddd7000, 0x00000000cde00000| 83%| S|CS|TAMS 0x00000000cdd00000, 0x00000000cdd00000| Complete 
| 222|0x00000000cde00000, 0x00000000cdf00000, 0x00000000cdf00000|100%| S|CS|TAMS 0x00000000cde00000, 0x00000000cde00000| Complete 
| 223|0x00000000cdf00000, 0x00000000ce000000, 0x00000000ce000000|100%| S|CS|TAMS 0x00000000cdf00000, 0x00000000cdf00000| Complete 
| 224|0x00000000ce000000, 0x00000000ce100000, 0x00000000ce100000|100%| S|CS|TAMS 0x00000000ce000000, 0x00000000ce000000| Complete 
| 225|0x00000000ce100000, 0x00000000ce200000, 0x00000000ce200000|100%| S|CS|TAMS 0x00000000ce100000, 0x00000000ce100000| Complete 
| 226|0x00000000ce200000, 0x00000000ce300000, 0x00000000ce300000|100%| S|CS|TAMS 0x00000000ce200000, 0x00000000ce200000| Complete 
| 227|0x00000000ce300000, 0x00000000ce300000, 0x00000000ce400000|  0%| F|  |TAMS 0x00000000ce300000, 0x00000000ce300000| Untracked 
| 228|0x00000000ce400000, 0x00000000ce400000, 0x00000000ce500000|  0%| F|  |TAMS 0x00000000ce400000, 0x00000000ce400000| Untracked 
| 229|0x00000000ce500000, 0x00000000ce500000, 0x00000000ce600000|  0%| F|  |TAMS 0x00000000ce500000, 0x00000000ce500000| Untracked 
| 230|0x00000000ce600000, 0x00000000ce600000, 0x00000000ce700000|  0%| F|  |TAMS 0x00000000ce600000, 0x00000000ce600000| Untracked 
| 231|0x00000000ce700000, 0x00000000ce700000, 0x00000000ce800000|  0%| F|  |TAMS 0x00000000ce700000, 0x00000000ce700000| Untracked 
| 232|0x00000000ce800000, 0x00000000ce800000, 0x00000000ce900000|  0%| F|  |TAMS 0x00000000ce800000, 0x00000000ce800000| Untracked 
| 233|0x00000000ce900000, 0x00000000ce900000, 0x00000000cea00000|  0%| F|  |TAMS 0x00000000ce900000, 0x00000000ce900000| Untracked 
| 234|0x00000000cea00000, 0x00000000cea00000, 0x00000000ceb00000|  0%| F|  |TAMS 0x00000000cea00000, 0x00000000cea00000| Untracked 
| 235|0x00000000ceb00000, 0x00000000ceb00000, 0x00000000cec00000|  0%| F|  |TAMS 0x00000000ceb00000, 0x00000000ceb00000| Untracked 
| 236|0x00000000cec00000, 0x00000000cec00000, 0x00000000ced00000|  0%| F|  |TAMS 0x00000000cec00000, 0x00000000cec00000| Untracked 
| 237|0x00000000ced00000, 0x00000000ced00000, 0x00000000cee00000|  0%| F|  |TAMS 0x00000000ced00000, 0x00000000ced00000| Untracked 
| 238|0x00000000cee00000, 0x00000000cee00000, 0x00000000cef00000|  0%| F|  |TAMS 0x00000000cee00000, 0x00000000cee00000| Untracked 
| 239|0x00000000cef00000, 0x00000000cef00000, 0x00000000cf000000|  0%| F|  |TAMS 0x00000000cef00000, 0x00000000cef00000| Untracked 
| 240|0x00000000cf000000, 0x00000000cf000000, 0x00000000cf100000|  0%| F|  |TAMS 0x00000000cf000000, 0x00000000cf000000| Untracked 
| 241|0x00000000cf100000, 0x00000000cf100000, 0x00000000cf200000|  0%| F|  |TAMS 0x00000000cf100000, 0x00000000cf100000| Untracked 
| 242|0x00000000cf200000, 0x00000000cf200000, 0x00000000cf300000|  0%| F|  |TAMS 0x00000000cf200000, 0x00000000cf200000| Untracked 
| 243|0x00000000cf300000, 0x00000000cf300000, 0x00000000cf400000|  0%| F|  |TAMS 0x00000000cf300000, 0x00000000cf300000| Untracked 
| 244|0x00000000cf400000, 0x00000000cf400000, 0x00000000cf500000|  0%| F|  |TAMS 0x00000000cf400000, 0x00000000cf400000| Untracked 
| 245|0x00000000cf500000, 0x00000000cf500000, 0x00000000cf600000|  0%| F|  |TAMS 0x00000000cf500000, 0x00000000cf500000| Untracked 
| 246|0x00000000cf600000, 0x00000000cf600000, 0x00000000cf700000|  0%| F|  |TAMS 0x00000000cf600000, 0x00000000cf600000| Untracked 
| 247|0x00000000cf700000, 0x00000000cf700000, 0x00000000cf800000|  0%| F|  |TAMS 0x00000000cf700000, 0x00000000cf700000| Untracked 
| 248|0x00000000cf800000, 0x00000000cf800000, 0x00000000cf900000|  0%| F|  |TAMS 0x00000000cf800000, 0x00000000cf800000| Untracked 
| 249|0x00000000cf900000, 0x00000000cf900000, 0x00000000cfa00000|  0%| F|  |TAMS 0x00000000cf900000, 0x00000000cf900000| Untracked 
| 250|0x00000000cfa00000, 0x00000000cfa00000, 0x00000000cfb00000|  0%| F|  |TAMS 0x00000000cfa00000, 0x00000000cfa00000| Untracked 
| 251|0x00000000cfb00000, 0x00000000cfb00000, 0x00000000cfc00000|  0%| F|  |TAMS 0x00000000cfb00000, 0x00000000cfb00000| Untracked 
| 252|0x00000000cfc00000, 0x00000000cfc00000, 0x00000000cfd00000|  0%| F|  |TAMS 0x00000000cfc00000, 0x00000000cfc00000| Untracked 
| 253|0x00000000cfd00000, 0x00000000cfd00000, 0x00000000cfe00000|  0%| F|  |TAMS 0x00000000cfd00000, 0x00000000cfd00000| Untracked 
| 254|0x00000000cfe00000, 0x00000000cfe00000, 0x00000000cff00000|  0%| F|  |TAMS 0x00000000cfe00000, 0x00000000cfe00000| Untracked 
| 255|0x00000000cff00000, 0x00000000cff00000, 0x00000000d0000000|  0%| F|  |TAMS 0x00000000cff00000, 0x00000000cff00000| Untracked 
| 256|0x00000000d0000000, 0x00000000d0000000, 0x00000000d0100000|  0%| F|  |TAMS 0x00000000d0000000, 0x00000000d0000000| Untracked 
| 257|0x00000000d0100000, 0x00000000d0100000, 0x00000000d0200000|  0%| F|  |TAMS 0x00000000d0100000, 0x00000000d0100000| Untracked 
| 258|0x00000000d0200000, 0x00000000d0200000, 0x00000000d0300000|  0%| F|  |TAMS 0x00000000d0200000, 0x00000000d0200000| Untracked 
| 259|0x00000000d0300000, 0x00000000d0300000, 0x00000000d0400000|  0%| F|  |TAMS 0x00000000d0300000, 0x00000000d0300000| Untracked 
| 260|0x00000000d0400000, 0x00000000d0400000, 0x00000000d0500000|  0%| F|  |TAMS 0x00000000d0400000, 0x00000000d0400000| Untracked 
| 261|0x00000000d0500000, 0x00000000d0500000, 0x00000000d0600000|  0%| F|  |TAMS 0x00000000d0500000, 0x00000000d0500000| Untracked 
| 262|0x00000000d0600000, 0x00000000d0600000, 0x00000000d0700000|  0%| F|  |TAMS 0x00000000d0600000, 0x00000000d0600000| Untracked 
| 263|0x00000000d0700000, 0x00000000d0700000, 0x00000000d0800000|  0%| F|  |TAMS 0x00000000d0700000, 0x00000000d0700000| Untracked 
| 264|0x00000000d0800000, 0x00000000d0800000, 0x00000000d0900000|  0%| F|  |TAMS 0x00000000d0800000, 0x00000000d0800000| Untracked 
| 265|0x00000000d0900000, 0x00000000d0900000, 0x00000000d0a00000|  0%| F|  |TAMS 0x00000000d0900000, 0x00000000d0900000| Untracked 
| 266|0x00000000d0a00000, 0x00000000d0a00000, 0x00000000d0b00000|  0%| F|  |TAMS 0x00000000d0a00000, 0x00000000d0a00000| Untracked 
| 267|0x00000000d0b00000, 0x00000000d0b00000, 0x00000000d0c00000|  0%| F|  |TAMS 0x00000000d0b00000, 0x00000000d0b00000| Untracked 
| 268|0x00000000d0c00000, 0x00000000d0c00000, 0x00000000d0d00000|  0%| F|  |TAMS 0x00000000d0c00000, 0x00000000d0c00000| Untracked 
| 269|0x00000000d0d00000, 0x00000000d0d00000, 0x00000000d0e00000|  0%| F|  |TAMS 0x00000000d0d00000, 0x00000000d0d00000| Untracked 
| 270|0x00000000d0e00000, 0x00000000d0e00000, 0x00000000d0f00000|  0%| F|  |TAMS 0x00000000d0e00000, 0x00000000d0e00000| Untracked 
| 271|0x00000000d0f00000, 0x00000000d0f00000, 0x00000000d1000000|  0%| F|  |TAMS 0x00000000d0f00000, 0x00000000d0f00000| Untracked 
| 272|0x00000000d1000000, 0x00000000d1000000, 0x00000000d1100000|  0%| F|  |TAMS 0x00000000d1000000, 0x00000000d1000000| Untracked 
| 273|0x00000000d1100000, 0x00000000d1100000, 0x00000000d1200000|  0%| F|  |TAMS 0x00000000d1100000, 0x00000000d1100000| Untracked 
| 274|0x00000000d1200000, 0x00000000d1200000, 0x00000000d1300000|  0%| F|  |TAMS 0x00000000d1200000, 0x00000000d1200000| Untracked 
| 275|0x00000000d1300000, 0x00000000d1300000, 0x00000000d1400000|  0%| F|  |TAMS 0x00000000d1300000, 0x00000000d1300000| Untracked 
| 276|0x00000000d1400000, 0x00000000d1400000, 0x00000000d1500000|  0%| F|  |TAMS 0x00000000d1400000, 0x00000000d1400000| Untracked 
| 277|0x00000000d1500000, 0x00000000d1500000, 0x00000000d1600000|  0%| F|  |TAMS 0x00000000d1500000, 0x00000000d1500000| Untracked 
| 278|0x00000000d1600000, 0x00000000d1600000, 0x00000000d1700000|  0%| F|  |TAMS 0x00000000d1600000, 0x00000000d1600000| Untracked 
| 279|0x00000000d1700000, 0x00000000d1700000, 0x00000000d1800000|  0%| F|  |TAMS 0x00000000d1700000, 0x00000000d1700000| Untracked 
| 280|0x00000000d1800000, 0x00000000d1800000, 0x00000000d1900000|  0%| F|  |TAMS 0x00000000d1800000, 0x00000000d1800000| Untracked 
| 281|0x00000000d1900000, 0x00000000d1900000, 0x00000000d1a00000|  0%| F|  |TAMS 0x00000000d1900000, 0x00000000d1900000| Untracked 
| 282|0x00000000d1a00000, 0x00000000d1a00000, 0x00000000d1b00000|  0%| F|  |TAMS 0x00000000d1a00000, 0x00000000d1a00000| Untracked 
| 283|0x00000000d1b00000, 0x00000000d1b00000, 0x00000000d1c00000|  0%| F|  |TAMS 0x00000000d1b00000, 0x00000000d1b00000| Untracked 
| 284|0x00000000d1c00000, 0x00000000d1c00000, 0x00000000d1d00000|  0%| F|  |TAMS 0x00000000d1c00000, 0x00000000d1c00000| Untracked 
| 285|0x00000000d1d00000, 0x00000000d1d00000, 0x00000000d1e00000|  0%| F|  |TAMS 0x00000000d1d00000, 0x00000000d1d00000| Untracked 

Card table byte_map: [0x000001fe9a6b0000,0x000001fe9a8b0000] _byte_map_base: 0x000001fe9a0b0000

Marking Bits (Prev, Next): (CMBitMap*) 0x000001fe9a8ff808, (CMBitMap*) 0x000001fe9a8ff840
 Prev Bits: [0x000001fead5d0000, 0x000001feae5d0000)
 Next Bits: [0x000001feae5d0000, 0x000001feaf5d0000)

Polling page: 0x000001fe98710000

Metaspace:

Usage:
  Non-class:    107.62 MB capacity,   105.87 MB ( 98%) used,     1.38 MB (  1%) free+waste,   378.56 KB ( <1%) overhead. 
      Class:     15.95 MB capacity,    14.87 MB ( 93%) used,   943.81 KB (  6%) free+waste,   161.00 KB ( <1%) overhead. 
       Both:    123.57 MB capacity,   120.74 MB ( 98%) used,     2.31 MB (  2%) free+waste,   539.56 KB ( <1%) overhead. 

Virtual space:
  Non-class space:      108.00 MB reserved,     107.62 MB (>99%) committed 
      Class space:        1.00 GB reserved,      16.00 MB (  2%) committed 
             Both:        1.11 GB reserved,     123.62 MB ( 11%) committed 

Chunk freelists:
   Non-Class:  0 bytes
       Class:  0 bytes
        Both:  0 bytes

MaxMetaspaceSize: 17179869184.00 GB
CompressedClassSpaceSize: 1.00 GB

CodeHeap 'non-profiled nmethods': size=120064Kb used=13749Kb max_used=13749Kb free=106314Kb
 bounds [0x000001fea5e90000, 0x000001fea6c40000, 0x000001fead3d0000]
CodeHeap 'profiled nmethods': size=120000Kb used=47988Kb max_used=47988Kb free=72011Kb
 bounds [0x000001fe9e960000, 0x000001fea1930000, 0x000001fea5e90000]
CodeHeap 'non-nmethods': size=5696Kb used=2337Kb max_used=2403Kb free=3358Kb
 bounds [0x000001fe9e3d0000, 0x000001fe9e640000, 0x000001fe9e960000]
 total_blobs=20578 nmethods=19601 adapters=887
 compilation: enabled
              stopped_count=0, restarted_count=0
 full_count=0

Compilation events (20 events):
Event: 350.952 Thread 0x000001feb21e5800 22374       1       com.android.tools.r8.code.V0::b (5 bytes)
Event: 350.956 Thread 0x000001feb21e5800 nmethod 22374 0x000001fea639f190 code [0x000001fea639f340, 0x000001fea639f3d8]
Event: 350.956 Thread 0x000001feb21e5800 22375       1       com.android.tools.r8.code.V0::c (5 bytes)
Event: 350.957 Thread 0x000001feb21e5800 nmethod 22375 0x000001fea63ca990 code [0x000001fea63cab40, 0x000001fea63cabd8]
Event: 350.957 Thread 0x000001feb21e5800 22376       1       com.android.tools.r8.code.V0::d (5 bytes)
Event: 350.957 Thread 0x000001feb21e5800 nmethod 22376 0x000001fea63f9310 code [0x000001fea63f94c0, 0x000001fea63f9558]
Event: 350.957 Thread 0x000001feb21e5800 22377       1       com.android.tools.r8.code.V0::e (5 bytes)
Event: 350.957 Thread 0x000001feb21e5800 nmethod 22377 0x000001fea63f9010 code [0x000001fea63f91c0, 0x000001fea63f9258]
Event: 350.957 Thread 0x000001feb21e5800 22378       1       com.android.tools.r8.code.V0::f (5 bytes)
Event: 350.958 Thread 0x000001feb21e5800 nmethod 22378 0x000001fea63f8d10 code [0x000001fea63f8ec0, 0x000001fea63f8f58]
Event: 350.958 Thread 0x000001feb21e5800 22379       1       com.android.tools.r8.code.V0::g (5 bytes)
Event: 350.958 Thread 0x000001feb21e5800 nmethod 22379 0x000001fea63f8910 code [0x000001fea63f8ac0, 0x000001fea63f8b58]
Event: 351.291 Thread 0x000001feb21e5800 22383 %     3       com.android.tools.r8.internal.m4::a @ 9 (34 bytes)
Event: 351.299 Thread 0x000001feb21e5800 nmethod 22383% 0x000001fea01d4590 code [0x000001fea01d4780, 0x000001fea01d4b48]
Event: 351.435 Thread 0x000001feb21e5800 22384 %     3       com.android.tools.r8.internal.F7::b @ 70 (158 bytes)
Event: 351.445 Thread 0x000001feb21e5800 nmethod 22384% 0x000001fea01ea390 code [0x000001fea01ea880, 0x000001fea01ed668]
Event: 351.449 Thread 0x000001feb21e5800 22385       3       com.android.tools.r8.internal.F7::b (158 bytes)
Event: 351.456 Thread 0x000001feb21e5800 nmethod 22385 0x000001fea0202f90 code [0x000001fea0203480, 0x000001fea02061a8]
Event: 351.827 Thread 0x000001feb21e5800 22388       3       com.android.tools.r8.internal.X4::a (1165 bytes)
Event: 351.862 Thread 0x000001feb21e5800 nmethod 22388 0x000001fea1921610 code [0x000001fea19221a0, 0x000001fea1929ce8]

GC Heap History (20 events):
Event: 337.345 GC heap after
{Heap after GC invocations=210 (full 0):
 garbage-first heap   total 261120K, used 168810K [0x00000000c0000000, 0x0000000100000000)
  region size 1024K, 2 young (2048K), 2 survivors (2048K)
 Metaspace       used 123106K, capacity 125887K, committed 126204K, reserved 1159168K
  class space    used 15136K, capacity 16179K, committed 16256K, reserved 1048576K
}
Event: 338.601 GC heap before
{Heap before GC invocations=210 (full 0):
 garbage-first heap   total 261120K, used 212842K [0x00000000c0000000, 0x0000000100000000)
  region size 1024K, 45 young (46080K), 2 survivors (2048K)
 Metaspace       used 123177K, capacity 125983K, committed 126204K, reserved 1159168K
  class space    used 15144K, capacity 16211K, committed 16256K, reserved 1048576K
}
Event: 338.630 GC heap after
{Heap after GC invocations=211 (full 0):
 garbage-first heap   total 261120K, used 169218K [0x00000000c0000000, 0x0000000100000000)
  region size 1024K, 2 young (2048K), 2 survivors (2048K)
 Metaspace       used 123177K, capacity 125983K, committed 126204K, reserved 1159168K
  class space    used 15144K, capacity 16211K, committed 16256K, reserved 1048576K
}
Event: 340.459 GC heap before
{Heap before GC invocations=211 (full 0):
 garbage-first heap   total 261120K, used 214274K [0x00000000c0000000, 0x0000000100000000)
  region size 1024K, 46 young (47104K), 2 survivors (2048K)
 Metaspace       used 123385K, capacity 126249K, committed 126588K, reserved 1159168K
  class space    used 15179K, capacity 16257K, committed 16384K, reserved 1048576K
}
Event: 340.493 GC heap after
{Heap after GC invocations=212 (full 0):
 garbage-first heap   total 261120K, used 169664K [0x00000000c0000000, 0x0000000100000000)
  region size 1024K, 2 young (2048K), 2 survivors (2048K)
 Metaspace       used 123385K, capacity 126249K, committed 126588K, reserved 1159168K
  class space    used 15179K, capacity 16257K, committed 16384K, reserved 1048576K
}
Event: 342.639 GC heap before
{Heap before GC invocations=212 (full 0):
 garbage-first heap   total 261120K, used 216768K [0x00000000c0000000, 0x0000000100000000)
  region size 1024K, 48 young (49152K), 2 survivors (2048K)
 Metaspace       used 123606K, capacity 126538K, committed 126588K, reserved 1159168K
  class space    used 15230K, capacity 16336K, committed 16384K, reserved 1048576K
}
Event: 342.656 GC heap after
{Heap after GC invocations=213 (full 0):
 garbage-first heap   total 261120K, used 169918K [0x00000000c0000000, 0x0000000100000000)
  region size 1024K, 3 young (3072K), 3 survivors (3072K)
 Metaspace       used 123606K, capacity 126538K, committed 126588K, reserved 1159168K
  class space    used 15230K, capacity 16336K, committed 16384K, reserved 1048576K
}
Event: 343.901 GC heap before
{Heap before GC invocations=213 (full 0):
 garbage-first heap   total 261120K, used 218046K [0x00000000c0000000, 0x0000000100000000)
  region size 1024K, 50 young (51200K), 3 survivors (3072K)
 Metaspace       used 123611K, capacity 126538K, committed 126588K, reserved 1159168K
  class space    used 15230K, capacity 16336K, committed 16384K, reserved 1048576K
}
Event: 343.918 GC heap after
{Heap after GC invocations=214 (full 0):
 garbage-first heap   total 261120K, used 169751K [0x00000000c0000000, 0x0000000100000000)
  region size 1024K, 2 young (2048K), 2 survivors (2048K)
 Metaspace       used 123611K, capacity 126538K, committed 126588K, reserved 1159168K
  class space    used 15230K, capacity 16336K, committed 16384K, reserved 1048576K
}
Event: 344.646 GC heap before
{Heap before GC invocations=214 (full 0):
 garbage-first heap   total 261120K, used 219927K [0x00000000c0000000, 0x0000000100000000)
  region size 1024K, 51 young (52224K), 2 survivors (2048K)
 Metaspace       used 123616K, capacity 126539K, committed 126588K, reserved 1159168K
  class space    used 15230K, capacity 16336K, committed 16384K, reserved 1048576K
}
Event: 344.692 GC heap after
{Heap after GC invocations=215 (full 0):
 garbage-first heap   total 261120K, used 169751K [0x00000000c0000000, 0x0000000100000000)
  region size 1024K, 2 young (2048K), 2 survivors (2048K)
 Metaspace       used 123616K, capacity 126539K, committed 126588K, reserved 1159168K
  class space    used 15230K, capacity 16336K, committed 16384K, reserved 1048576K
}
Event: 345.752 GC heap before
{Heap before GC invocations=215 (full 0):
 garbage-first heap   total 261120K, used 218903K [0x00000000c0000000, 0x0000000100000000)
  region size 1024K, 51 young (52224K), 2 survivors (2048K)
 Metaspace       used 123625K, capacity 126540K, committed 126588K, reserved 1159168K
  class space    used 15230K, capacity 16336K, committed 16384K, reserved 1048576K
}
Event: 345.881 GC heap after
{Heap after GC invocations=216 (full 0):
 garbage-first heap   total 292864K, used 173406K [0x00000000c0000000, 0x0000000100000000)
  region size 1024K, 6 young (6144K), 6 survivors (6144K)
 Metaspace       used 123625K, capacity 126540K, committed 126588K, reserved 1159168K
  class space    used 15230K, capacity 16336K, committed 16384K, reserved 1048576K
}
Event: 347.486 GC heap before
{Heap before GC invocations=216 (full 0):
 garbage-first heap   total 292864K, used 229726K [0x00000000c0000000, 0x0000000100000000)
  region size 1024K, 62 young (63488K), 6 survivors (6144K)
 Metaspace       used 123629K, capacity 126540K, committed 126588K, reserved 1159168K
  class space    used 15230K, capacity 16336K, committed 16384K, reserved 1048576K
}
Event: 347.781 GC heap after
{Heap after GC invocations=217 (full 0):
 garbage-first heap   total 292864K, used 179103K [0x00000000c0000000, 0x0000000100000000)
  region size 1024K, 8 young (8192K), 8 survivors (8192K)
 Metaspace       used 123629K, capacity 126540K, committed 126588K, reserved 1159168K
  class space    used 15230K, capacity 16336K, committed 16384K, reserved 1048576K
}
Event: 349.328 GC heap before
{Heap before GC invocations=217 (full 0):
 garbage-first heap   total 292864K, used 238495K [0x00000000c0000000, 0x0000000100000000)
  region size 1024K, 67 young (68608K), 8 survivors (8192K)
 Metaspace       used 123634K, capacity 126540K, committed 126588K, reserved 1159168K
  class space    used 15230K, capacity 16336K, committed 16384K, reserved 1048576K
}
Event: 349.696 GC heap after
{Heap after GC invocations=218 (full 0):
 garbage-first heap   total 292864K, used 185558K [0x00000000c0000000, 0x0000000100000000)
  region size 1024K, 8 young (8192K), 8 survivors (8192K)
 Metaspace       used 123634K, capacity 126540K, committed 126588K, reserved 1159168K
  class space    used 15230K, capacity 16336K, committed 16384K, reserved 1048576K
}
Event: 350.492 GC heap before
{Heap before GC invocations=218 (full 0):
 garbage-first heap   total 292864K, used 230614K [0x00000000c0000000, 0x0000000100000000)
  region size 1024K, 52 young (53248K), 8 survivors (8192K)
 Metaspace       used 123637K, capacity 126540K, committed 126588K, reserved 1159168K
  class space    used 15230K, capacity 16336K, committed 16384K, reserved 1048576K
}
Event: 350.556 GC heap after
{Heap after GC invocations=219 (full 0):
 garbage-first heap   total 292864K, used 188928K [0x00000000c0000000, 0x0000000100000000)
  region size 1024K, 4 young (4096K), 4 survivors (4096K)
 Metaspace       used 123637K, capacity 126540K, committed 126588K, reserved 1159168K
  class space    used 15230K, capacity 16336K, committed 16384K, reserved 1048576K
}
Event: 351.893 GC heap before
{Heap before GC invocations=219 (full 0):
 garbage-first heap   total 292864K, used 245248K [0x00000000c0000000, 0x0000000100000000)
  region size 1024K, 59 young (60416K), 4 survivors (4096K)
 Metaspace       used 123639K, capacity 126540K, committed 126588K, reserved 1159168K
  class space    used 15231K, capacity 16336K, committed 16384K, reserved 1048576K
}

Deoptimization events (20 events):
Event: 350.011 Thread 0x000001feb27ee000 DEOPT PACKING pc=0x000001fea182a941 sp=0x000000fdbfbf36d0
Event: 350.011 Thread 0x000001feb27ee000 DEOPT UNPACKING pc=0x000001fe9e3f643f sp=0x000000fdbfbf2e90 mode 0
Event: 350.164 Thread 0x000001feb27ee000 DEOPT PACKING pc=0x000001fea11b25df sp=0x000000fdbfbf3f20
Event: 350.164 Thread 0x000001feb27ee000 DEOPT UNPACKING pc=0x000001fe9e3f643f sp=0x000000fdbfbf37c8 mode 0
Event: 350.571 Thread 0x000001feb4ece800 DEOPT PACKING pc=0x000001fea191325c sp=0x000000fdc0ef9ce0
Event: 350.571 Thread 0x000001feb4ece800 DEOPT UNPACKING pc=0x000001fe9e3f643f sp=0x000000fdc0ef95c8 mode 0
Event: 351.142 Thread 0x000001feb27ee000 DEOPT PACKING pc=0x000001fea11b2f47 sp=0x000000fdbfbf3f20
Event: 351.145 Thread 0x000001feb27ee000 DEOPT UNPACKING pc=0x000001fe9e3f643f sp=0x000000fdbfbf37c0 mode 0
Event: 351.303 Thread 0x000001feb27ee000 DEOPT PACKING pc=0x000001fea15b48ca sp=0x000000fdbfbf41c0
Event: 351.303 Thread 0x000001feb27ee000 DEOPT UNPACKING pc=0x000001fe9e3f643f sp=0x000000fdbfbf3640 mode 0
Event: 351.350 Thread 0x000001feb4ece800 DEOPT PACKING pc=0x000001fea182a941 sp=0x000000fdc0ef96b0
Event: 351.350 Thread 0x000001feb4ece800 DEOPT UNPACKING pc=0x000001fe9e3f643f sp=0x000000fdc0ef8e70 mode 0
Event: 351.383 Thread 0x000001feb27ee000 DEOPT PACKING pc=0x000001fea11b25df sp=0x000000fdbfbf3f20
Event: 351.383 Thread 0x000001feb27ee000 DEOPT UNPACKING pc=0x000001fe9e3f643f sp=0x000000fdbfbf37c8 mode 0
Event: 351.457 Thread 0x000001feb4ece800 DEOPT PACKING pc=0x000001fea14eca26 sp=0x000000fdc0ef98f0
Event: 351.457 Thread 0x000001feb4ece800 DEOPT UNPACKING pc=0x000001fe9e3f643f sp=0x000000fdc0ef8e90 mode 0
Event: 351.796 Thread 0x000001feb4ece800 Uncommon trap: trap_request=0xffffff4d fr.pc=0x000001fea6b5efc0 relative=0x0000000000004b20
Event: 351.799 Thread 0x000001feb4ece800 Uncommon trap: reason=unstable_if action=reinterpret pc=0x000001fea6b5efc0 method=com.android.tools.r8.internal.X4.a(Lcom/android/tools/r8/internal/Me;IZ)V @ 996 c2
Event: 351.799 Thread 0x000001feb4ece800 DEOPT PACKING pc=0x000001fea6b5efc0 sp=0x000000fdc0ef9a40
Event: 351.799 Thread 0x000001feb4ece800 DEOPT UNPACKING pc=0x000001fe9e3f6029 sp=0x000000fdc0ef9a48 mode 2

Classes redefined (0 events):
No events

Internal exceptions (20 events):
Event: 321.130 Thread 0x000001feb4ece800 Exception <a 'sun/nio/fs/WindowsException'{0x00000000ccb22d08}> (0x00000000ccb22d08) thrown at [./src/hotspot/share/prims/jni.cpp, line 615]
Event: 321.904 Thread 0x000001feb4ece800 Exception <a 'sun/nio/fs/WindowsException'{0x00000000cc7422f8}> (0x00000000cc7422f8) thrown at [./src/hotspot/share/prims/jni.cpp, line 615]
Event: 323.618 Thread 0x000001feb4ece800 Exception <a 'sun/nio/fs/WindowsException'{0x00000000cab62410}> (0x00000000cab62410) thrown at [./src/hotspot/share/prims/jni.cpp, line 615]
Event: 323.997 Thread 0x000001feb27ee000 Exception <a 'sun/nio/fs/WindowsException'{0x00000000ccae8b50}> (0x00000000ccae8b50) thrown at [./src/hotspot/share/prims/jni.cpp, line 615]
Event: 324.209 Thread 0x000001feb27ee000 Implicit null exception at 0x000001fea65b51ce to 0x000001fea65b558c
Event: 325.484 Thread 0x000001feb27ee000 Exception <a 'sun/nio/fs/WindowsException'{0x00000000cb9ec400}> (0x00000000cb9ec400) thrown at [./src/hotspot/share/prims/jni.cpp, line 615]
Event: 327.432 Thread 0x000001feb27ee000 Exception <a 'sun/nio/fs/WindowsException'{0x00000000cb780bf8}> (0x00000000cb780bf8) thrown at [./src/hotspot/share/prims/jni.cpp, line 615]
Event: 328.660 Thread 0x000001feb27ee000 Exception <a 'sun/nio/fs/WindowsException'{0x00000000cafc8ce0}> (0x00000000cafc8ce0) thrown at [./src/hotspot/share/prims/jni.cpp, line 615]
Event: 330.114 Thread 0x000001feb27ee000 Exception <a 'sun/nio/fs/WindowsException'{0x00000000cc9c9140}> (0x00000000cc9c9140) thrown at [./src/hotspot/share/prims/jni.cpp, line 615]
Event: 332.042 Thread 0x000001feb27ee000 Exception <a 'sun/nio/fs/WindowsException'{0x00000000cb59a4a8}> (0x00000000cb59a4a8) thrown at [./src/hotspot/share/prims/jni.cpp, line 615]
Event: 332.250 Thread 0x000001feb4ece800 Implicit null exception at 0x000001fea5fc4f8f to 0x000001fea5fc5488
Event: 332.451 Thread 0x000001feb4ece800 Exception <a 'sun/nio/fs/WindowsException'{0x00000000cb778bf8}> (0x00000000cb778bf8) thrown at [./src/hotspot/share/prims/jni.cpp, line 615]
Event: 333.859 Thread 0x000001feb4ece800 Exception <a 'sun/nio/fs/WindowsException'{0x00000000cec59310}> (0x00000000cec59310) thrown at [./src/hotspot/share/prims/jni.cpp, line 615]
Event: 334.490 Thread 0x000001feb4ece800 Exception <a 'sun/nio/fs/WindowsException'{0x00000000cf7ee538}> (0x00000000cf7ee538) thrown at [./src/hotspot/share/prims/jni.cpp, line 615]
Event: 337.992 Thread 0x000001feb4ece800 Exception <a 'sun/nio/fs/WindowsException'{0x00000000ce78a3b8}> (0x00000000ce78a3b8) thrown at [./src/hotspot/share/prims/jni.cpp, line 615]
Event: 339.015 Thread 0x000001feb4ece800 Exception <a 'java/lang/NoSuchMethodError'{0x00000000cf119170}: 'java.lang.Object java.lang.invoke.DirectMethodHandle$Holder.invokeSpecial(java.lang.Object, java.lang.Object, java.lang.Object, java.lang.Object, java.lang.Object, java.lang.Object, java.lang.Object, java.lang.Object, java.lang.Object, java.lang.Object, java.lang.Object)'> (0x00000000cf119170) thrown at [./src/hotspot/share/interpreter/linkResolver.cpp, line 773]
Event: 339.021 Thread 0x000001feb4ece800 Exception <a 'java/lang/NoSuchMethodError'{0x00000000cf0832a8}: 'java.lang.Object java.lang.invoke.Invokers$Holder.linkToTargetMethod(java.lang.Object, java.lang.Object, java.lang.Object, java.lang.Object, java.lang.Object, java.lang.Object, java.lang.Object, java.lang.Object, java.lang.Object, java.lang.Object)'> (0x00000000cf0832a8) thrown at [./src/hotspot/share/interpreter/linkResolver.cpp, line 773]
Event: 339.480 Thread 0x000001feb4ece800 Exception <a 'java/lang/IncompatibleClassChangeError'{0x00000000ce895e90}: Found class java.lang.Object, but interface was expected> (0x00000000ce895e90) thrown at [./src/hotspot/share/interpreter/linkResolver.cpp, line 839]
Event: 342.298 Thread 0x000001feb4ece800 Exception <a 'sun/nio/fs/WindowsException'{0x00000000ce602d10}> (0x00000000ce602d10) thrown at [./src/hotspot/share/prims/jni.cpp, line 615]
Event: 346.742 Thread 0x000001feb4ece800 Exception <a 'sun/nio/fs/WindowsException'{0x00000000d0222df0}> (0x00000000d0222df0) thrown at [./src/hotspot/share/prims/jni.cpp, line 615]

Events (20 events):
Event: 342.258 loading class com/android/tools/r8/graph/d0 done
Event: 342.258 loading class com/android/tools/r8/graph/S0
Event: 342.258 loading class com/android/tools/r8/graph/S0 done
Event: 342.638 Executing VM operation: G1CollectForAllocation
Event: 342.656 Executing VM operation: G1CollectForAllocation done
Event: 343.900 Executing VM operation: G1CollectForAllocation
Event: 343.918 Executing VM operation: G1CollectForAllocation done
Event: 344.646 Executing VM operation: G1CollectForAllocation
Event: 344.692 Executing VM operation: G1CollectForAllocation done
Event: 345.751 Executing VM operation: G1CollectForAllocation
Event: 345.881 Executing VM operation: G1CollectForAllocation done
Event: 347.478 Executing VM operation: G1CollectForAllocation
Event: 347.783 Executing VM operation: G1CollectForAllocation done
Event: 349.307 Executing VM operation: G1CollectForAllocation
Event: 349.710 Executing VM operation: G1CollectForAllocation done
Event: 350.491 Executing VM operation: G1CollectForAllocation
Event: 350.557 Executing VM operation: G1CollectForAllocation done
Event: 351.818 loading class com/android/tools/r8/internal/U4
Event: 351.818 loading class com/android/tools/r8/internal/U4 done
Event: 351.863 Executing VM operation: G1CollectForAllocation


Dynamic libraries:
0x00007ff70e4a0000 - 0x00007ff70e4aa000 	C:\Users\felip\OneDrive\Desktop\android-studio\jre\bin\java.exe
0x00007ffac7d10000 - 0x00007ffac7f05000 	C:\Windows\SYSTEM32\ntdll.dll
0x00007ffaacf30000 - 0x00007ffaacf46000 	C:\Program Files\Avast Software\Avast\aswhook.dll
0x00007ffac6e80000 - 0x00007ffac6f3e000 	C:\Windows\System32\KERNEL32.DLL
0x00007ffac5960000 - 0x00007ffac5c28000 	C:\Windows\System32\KERNELBASE.dll
0x00007ffac5780000 - 0x00007ffac5880000 	C:\Windows\System32\ucrtbase.dll
0x00007ffaae890000 - 0x00007ffaae8a9000 	C:\Users\felip\OneDrive\Desktop\android-studio\jre\bin\jli.dll
0x00007ffac6cd0000 - 0x00007ffac6e71000 	C:\Windows\System32\USER32.dll
0x00007ffac56a0000 - 0x00007ffac56c2000 	C:\Windows\System32\win32u.dll
0x00007ffac6bf0000 - 0x00007ffac6c1b000 	C:\Windows\System32\GDI32.dll
0x00007ffac5590000 - 0x00007ffac569b000 	C:\Windows\System32\gdi32full.dll
0x00007ffac5c30000 - 0x00007ffac5ccd000 	C:\Windows\System32\msvcp_win.dll
0x00007ffab52a0000 - 0x00007ffab553a000 	C:\Windows\WinSxS\amd64_microsoft.windows.common-controls_6595b64144ccf1df_6.0.19041.1110_none_60b5254171f9507e\COMCTL32.dll
0x00007ffaae0b0000 - 0x00007ffaae0c7000 	C:\Users\felip\OneDrive\Desktop\android-studio\jre\bin\VCRUNTIME140.dll
0x00007ffac70d0000 - 0x00007ffac716e000 	C:\Windows\System32\msvcrt.dll
0x00007ffac6ca0000 - 0x00007ffac6cd0000 	C:\Windows\System32\IMM32.DLL
0x00007ffa9c4a0000 - 0x00007ffa9c53d000 	C:\Users\felip\OneDrive\Desktop\android-studio\jre\bin\msvcp140.dll
0x00007ffa951b0000 - 0x00007ffa95c85000 	C:\Users\felip\OneDrive\Desktop\android-studio\jre\bin\server\jvm.dll
0x00007ffac7350000 - 0x00007ffac73fc000 	C:\Windows\System32\ADVAPI32.dll
0x00007ffac7400000 - 0x00007ffac749b000 	C:\Windows\System32\sechost.dll
0x00007ffac7170000 - 0x00007ffac729a000 	C:\Windows\System32\RPCRT4.dll
0x00007ffac75d0000 - 0x00007ffac75d8000 	C:\Windows\System32\PSAPI.DLL
0x00007ffaaddf0000 - 0x00007ffaade17000 	C:\Windows\SYSTEM32\WINMM.dll
0x00007ffaba6c0000 - 0x00007ffaba6ca000 	C:\Windows\SYSTEM32\VERSION.dll
0x00007ffab85c0000 - 0x00007ffab85c9000 	C:\Windows\SYSTEM32\WSOCK32.dll
0x00007ffac5e30000 - 0x00007ffac5e9b000 	C:\Windows\System32\WS2_32.dll
0x00007ffac3250000 - 0x00007ffac3262000 	C:\Windows\SYSTEM32\kernel.appcore.dll
0x00007ffabec50000 - 0x00007ffabec61000 	C:\Users\felip\OneDrive\Desktop\android-studio\jre\bin\verify.dll
0x00007ffab9b40000 - 0x00007ffab9d24000 	C:\Windows\SYSTEM32\DBGHELP.DLL
0x00007ffab9df0000 - 0x00007ffab9e1c000 	C:\Windows\SYSTEM32\dbgcore.DLL
0x00007ffac5cd0000 - 0x00007ffac5d53000 	C:\Windows\System32\bcryptPrimitives.dll
0x00007ffabead0000 - 0x00007ffabeaf9000 	C:\Users\felip\OneDrive\Desktop\android-studio\jre\bin\java.dll
0x00007ffac2cc0000 - 0x00007ffac2ccb000 	C:\Users\felip\OneDrive\Desktop\android-studio\jre\bin\jimage.dll
0x00007ffabeab0000 - 0x00007ffabeac8000 	C:\Users\felip\OneDrive\Desktop\android-studio\jre\bin\zip.dll
0x00007ffac5ea0000 - 0x00007ffac65df000 	C:\Windows\System32\SHELL32.dll
0x00007ffac3530000 - 0x00007ffac3cc0000 	C:\Windows\SYSTEM32\windows.storage.dll
0x00007ffac7750000 - 0x00007ffac7aa5000 	C:\Windows\System32\combase.dll
0x00007ffac4db0000 - 0x00007ffac4dde000 	C:\Windows\SYSTEM32\Wldp.dll
0x00007ffac72a0000 - 0x00007ffac734d000 	C:\Windows\System32\SHCORE.dll
0x00007ffac6b80000 - 0x00007ffac6bd5000 	C:\Windows\System32\shlwapi.dll
0x00007ffac5370000 - 0x00007ffac538f000 	C:\Windows\SYSTEM32\profapi.dll
0x00007ffabea90000 - 0x00007ffabeaaa000 	C:\Users\felip\OneDrive\Desktop\android-studio\jre\bin\net.dll
0x00007ffabab30000 - 0x00007ffabac3c000 	C:\Windows\SYSTEM32\WINHTTP.dll
0x00007ffac4b10000 - 0x00007ffac4b7a000 	C:\Windows\system32\mswsock.dll
0x00007ffabea70000 - 0x00007ffabea84000 	C:\Users\felip\OneDrive\Desktop\android-studio\jre\bin\nio.dll
0x00007ffaa3fa0000 - 0x00007ffaa3fc7000 	C:\Users\felip\.gradle\native\8bec1ad78214c89d9ad589b4d07fe93259594b29d510b10fafb7a158f7737e5d\windows-amd64\native-platform.dll
0x00007ffa8c5a0000 - 0x00007ffa8c6dd000 	C:\Users\felip\.gradle\native\53dbd7edfb1c66fb8903c78663c9afc45aea4f116125fa6feffd364cf09443e8\windows-amd64\native-platform-file-events.dll
0x00007ffac1150000 - 0x00007ffac115a000 	C:\Users\felip\OneDrive\Desktop\android-studio\jre\bin\management.dll
0x00007ffac0fc0000 - 0x00007ffac0fcd000 	C:\Users\felip\OneDrive\Desktop\android-studio\jre\bin\management_ext.dll
0x00007ffac4d10000 - 0x00007ffac4d28000 	C:\Windows\SYSTEM32\CRYPTSP.dll
0x00007ffac4490000 - 0x00007ffac44c4000 	C:\Windows\system32\rsaenh.dll
0x00007ffac5880000 - 0x00007ffac58a7000 	C:\Windows\System32\bcrypt.dll
0x00007ffac52f0000 - 0x00007ffac531e000 	C:\Windows\SYSTEM32\USERENV.dll
0x00007ffac4d00000 - 0x00007ffac4d0c000 	C:\Windows\SYSTEM32\CRYPTBASE.dll
0x00007ffac4800000 - 0x00007ffac483b000 	C:\Windows\SYSTEM32\IPHLPAPI.DLL
0x00007ffac7cc0000 - 0x00007ffac7cc8000 	C:\Windows\System32\NSI.dll
0x00007ffabd770000 - 0x00007ffabd787000 	C:\Windows\SYSTEM32\dhcpcsvc6.DLL
0x00007ffabda60000 - 0x00007ffabda7d000 	C:\Windows\SYSTEM32\dhcpcsvc.DLL
0x00007ffac4840000 - 0x00007ffac490b000 	C:\Windows\SYSTEM32\DNSAPI.dll
0x00007ffabe9f0000 - 0x00007ffabea17000 	C:\Users\felip\OneDrive\Desktop\android-studio\jre\bin\sunec.dll
0x00007ffab8f80000 - 0x00007ffab8f8a000 	C:\Windows\System32\rasadhlp.dll
0x00007ffabb160000 - 0x00007ffabb1df000 	C:\Windows\System32\fwpuclnt.dll
0x00007ffac2d80000 - 0x00007ffac2e10000 	C:\Windows\system32\apphelp.dll

dbghelp: loaded successfully - version: 4.0.5 - missing functions: none
symbol engine: initialized successfully - sym options: 0x614 - pdb path: .;C:\Users\felip\OneDrive\Desktop\android-studio\jre\bin;C:\Windows\SYSTEM32;C:\Program Files\Avast Software\Avast;C:\Windows\WinSxS\amd64_microsoft.windows.common-controls_6595b64144ccf1df_6.0.19041.1110_none_60b5254171f9507e;C:\Users\felip\OneDrive\Desktop\android-studio\jre\bin\server;C:\Users\felip\.gradle\native\8bec1ad78214c89d9ad589b4d07fe93259594b29d510b10fafb7a158f7737e5d\windows-amd64;C:\Users\felip\.gradle\native\53dbd7edfb1c66fb8903c78663c9afc45aea4f116125fa6feffd364cf09443e8\windows-amd64

VM Arguments:
jvm_args: --add-opens=java.base/java.util=ALL-UNNAMED --add-opens=java.base/java.lang=ALL-UNNAMED --add-opens=java.base/java.lang.invoke=ALL-UNNAMED --add-opens=java.base/java.util=ALL-UNNAMED --add-opens=java.prefs/java.util.prefs=ALL-UNNAMED --add-opens=java.prefs/java.util.prefs=ALL-UNNAMED --add-opens=java.base/java.nio.charset=ALL-UNNAMED --add-opens=java.base/java.net=ALL-UNNAMED --add-opens=java.base/java.util.concurrent.atomic=ALL-UNNAMED -Xmx1024m -Dfile.encoding=UTF-8 -Duser.country=US -Duser.language=en -Duser.variant 
java_command: org.gradle.launcher.daemon.bootstrap.GradleDaemon 7.0.2
java_class_path (initial): C:\Users\felip\.gradle\wrapper\dists\gradle-7.0.2-bin\857tjihv64xamwrf0h14cai3r\gradle-7.0.2\lib\gradle-launcher-7.0.2.jar
Launcher Type: SUN_STANDARD

[Global flags]
     intx CICompilerCount                          = 2                                         {product} {ergonomic}
     uint ConcGCThreads                            = 1                                         {product} {ergonomic}
     uint G1ConcRefinementThreads                  = 2                                         {product} {ergonomic}
   size_t G1HeapRegionSize                         = 1048576                                   {product} {ergonomic}
    uintx GCDrainStackTargetSize                   = 64                                        {product} {ergonomic}
   size_t InitialHeapSize                          = 67108864                                  {product} {ergonomic}
   size_t MarkStackSize                            = 4194304                                   {product} {ergonomic}
   size_t MaxHeapSize                              = 1073741824                                {product} {command line}
   size_t MaxNewSize                               = 643825664                                 {product} {ergonomic}
   size_t MinHeapDeltaBytes                        = 1048576                                   {product} {ergonomic}
    uintx NonNMethodCodeHeapSize                   = 5825164                                {pd product} {ergonomic}
    uintx NonProfiledCodeHeapSize                  = 122916538                              {pd product} {ergonomic}
    uintx ProfiledCodeHeapSize                     = 122916538                              {pd product} {ergonomic}
    uintx ReservedCodeCacheSize                    = 251658240                              {pd product} {ergonomic}
     bool SegmentedCodeCache                       = true                                      {product} {ergonomic}
     bool UseCompressedClassPointers               = true                                 {lp64_product} {ergonomic}
     bool UseCompressedOops                        = true                                 {lp64_product} {ergonomic}
     bool UseG1GC                                  = true                                      {product} {ergonomic}
     bool UseLargePagesIndividualAllocation        = false                                  {pd product} {ergonomic}

Logging:
Log output configuration:
 #0: stdout all=warning uptime,level,tags
 #1: stderr all=off uptime,level,tags

Environment Variables:
PATH=C:\Program Files\Common Files\Oracle\Java\javapath;C:\Program Files (x86)\Common Files\Oracle\Java\javapath;C:\Windows\system32;C:\Windows;C:\Windows\System32\Wbem;C:\Windows\System32\WindowsPowerShell\v1.0\;C:\Windows\System32\OpenSSH\;C:\ProgramData\chocolatey\bin;C:\Program Files (x86)\Yarn\bin\;C:\Program Files\Git\cmd;C:\Program Files\nodejs\;C:\Users\felip\AppData\Local\Microsoft\WindowsApps;C:\Users\felip\AppData\Local\Programs\Microsoft VS Code\bin;C:\Users\felip\AppData\Local\Yarn\bin;C:\Users\felip\AppData\Local\GitHubDesktop\bin;C:\Users\felip\AppData\Roaming\npm
USERNAME=felip
OS=Windows_NT
PROCESSOR_IDENTIFIER=Intel64 Family 6 Model 23 Stepping 10, GenuineIntel



---------------  S Y S T E M  ---------------

OS: Windows 10 , 64 bit Build 19041 (10.0.19041.1348)
OS uptime: 0 days 6:49 hours

CPU:total 2 (initial active 2) (2 cores per cpu, 1 threads per core) family 6 model 23 stepping 10 microcode 0xa0c, cmov, cx8, fxsr, mmx, sse, sse2, sse3, ssse3, tsc

Memory: 4k page, system-wide physical 4061M (30M free)
TotalPageFile size 4061M (AvailPageFile size 91M)
current process WorkingSet (physical memory assigned to process): 200M, peak: 473M
current process commit charge ("private bytes"): 678M, peak: 828M

vm_info: OpenJDK 64-Bit Server VM (11.0.11+9-b60-7590822) for windows-amd64 JRE (11.0.11+9-b60-7590822), built on Jul 29 2021 21:43:44 by "builder" with MS VC++ 14.0 (VS2015)

END.
