#
# There is insufficient memory for the Java Runtime Environment to continue.
# Native memory allocation (malloc) failed to allocate 1843216 bytes for Chunk::new
# Possible reasons:
#   The system is out of physical RAM or swap space
#   The process is running with CompressedOops enabled, and the Java Heap may be blocking the growth of the native heap
# Possible solutions:
#   Reduce memory load on the system
#   Increase physical memory or swap space
#   Check if swap backing store is full
#   Decrease Java heap size (-Xmx/-Xms)
#   Decrease number of Java threads
#   Decrease Java thread stack sizes (-Xss)
#   Set larger code cache with -XX:ReservedCodeCacheSize=
#   JVM is running with Unscaled Compressed Oops mode in which the Java heap is
#     placed in the first 4GB address space. The Java Heap base address is the
#     maximum limit for the native heap growth. Please use -XX:HeapBaseMinAddress
#     to set the Java Heap base and to place the Java Heap above 4GB virtual address.
# This output file may be truncated or incomplete.
#
#  Out of Memory Error (./src/hotspot/share/memory/arena.cpp:197), pid=8628, tid=10088
#
# JRE version: OpenJDK Runtime Environment (11.0.10) (build 11.0.10+0-b96-7249189)
# Java VM: OpenJDK 64-Bit Server VM (11.0.10+0-b96-7249189, mixed mode, tiered, compressed oops, g1 gc, windows-amd64)
# No core dump will be written. Minidumps are not enabled by default on client versions of Windows
#

---------------  S U M M A R Y ------------

Command Line: --add-opens=java.base/java.util=ALL-UNNAMED --add-opens=java.base/java.lang=ALL-UNNAMED --add-opens=java.base/java.lang.invoke=ALL-UNNAMED --add-opens=java.base/java.util=ALL-UNNAMED --add-opens=java.prefs/java.util.prefs=ALL-UNNAMED --add-opens=java.prefs/java.util.prefs=ALL-UNNAMED --add-opens=java.base/java.nio.charset=ALL-UNNAMED --add-opens=java.base/java.net=ALL-UNNAMED --add-opens=java.base/java.util.concurrent.atomic=ALL-UNNAMED -Xmx2048m -Dfile.encoding=UTF-8 -Duser.country=US -Duser.language=en -Duser.variant org.gradle.launcher.daemon.bootstrap.GradleDaemon 7.0.2

Host: Celeron(R) Dual-Core CPU       T3500  @ 2.10GHz, 2 cores, 3G,  Windows 10 , 64 bit Build 19041 (10.0.19041.1202)
Time: Mon Nov  1 09:04:03 2021 E. South America Standard Time elapsed time: 41.381046 seconds (0d 0h 0m 41s)

---------------  T H R E A D  ---------------

Current thread (0x000001919a000800):  JavaThread "C2 CompilerThread0" daemon [_thread_in_native, id=10088, stack(0x0000002b07f00000,0x0000002b08000000)]


Current CompileTask:
C2:  41381 4172       4       java.lang.invoke.MethodType::makeImpl (108 bytes)

Stack: [0x0000002b07f00000,0x0000002b08000000]
Native frames: (J=compiled Java code, j=interpreted, Vv=VM code, C=native code)
V  [jvm.dll+0x5ecfaa]
V  [jvm.dll+0x722bd5]
V  [jvm.dll+0x72412d]
V  [jvm.dll+0x7247e3]
V  [jvm.dll+0x242928]
V  [jvm.dll+0xbc4fc]
V  [jvm.dll+0xbca0c]
V  [jvm.dll+0x352d3b]
V  [jvm.dll+0x320ad3]
V  [jvm.dll+0x31ffca]
V  [jvm.dll+0x1fb602]
V  [jvm.dll+0x1fa7f4]
V  [jvm.dll+0x18354c]
V  [jvm.dll+0x208ee7]
V  [jvm.dll+0x207731]
V  [jvm.dll+0x6eb1cf]
V  [jvm.dll+0x6e3d45]
V  [jvm.dll+0x5ebe96]
C  [ucrtbase.dll+0x21bb2]
C  [KERNEL32.DLL+0x17034]
C  [ntdll.dll+0x52651]


---------------  P R O C E S S  ---------------

Threads class SMR info:
_java_thread_list=0x000001919f2d4ee0, length=34, elements={
0x00000191ff481000, 0x0000019199f95800, 0x0000019199f9f800, 0x0000019199ff1800,
0x0000019199ff4000, 0x0000019199ff6800, 0x000001919a000800, 0x000001919a002800,
0x000001919a920800, 0x000001919aa61000, 0x000001919bee2000, 0x000001919b603800,
0x000001919bcf7800, 0x000001919b4fd000, 0x000001919b863000, 0x000001919bb27000,
0x000001919bb27800, 0x000001919bb17800, 0x000001919aedc000, 0x000001919b2f3800,
0x000001919b2f2800, 0x000001919b2f9000, 0x000001919b2f7800, 0x000001919b2f6800,
0x000001919b2f4000, 0x000001919b2f8800, 0x000001919b2f5000, 0x000001919b2f6000,
0x000001919cc08800, 0x000001919cc0b000, 0x000001919cc05000, 0x000001919cc06000,
0x000001919cc0a000, 0x000001919cc0d000
}

Java Threads: ( => current thread )
  0x00000191ff481000 JavaThread "main" [_thread_blocked, id=5620, stack(0x0000002b07300000,0x0000002b07400000)]
  0x0000019199f95800 JavaThread "Reference Handler" daemon [_thread_blocked, id=8708, stack(0x0000002b07a00000,0x0000002b07b00000)]
  0x0000019199f9f800 JavaThread "Finalizer" daemon [_thread_blocked, id=3516, stack(0x0000002b07b00000,0x0000002b07c00000)]
  0x0000019199ff1800 JavaThread "Signal Dispatcher" daemon [_thread_blocked, id=1904, stack(0x0000002b07c00000,0x0000002b07d00000)]
  0x0000019199ff4000 JavaThread "Attach Listener" daemon [_thread_blocked, id=2384, stack(0x0000002b07d00000,0x0000002b07e00000)]
  0x0000019199ff6800 JavaThread "Service Thread" daemon [_thread_blocked, id=8488, stack(0x0000002b07e00000,0x0000002b07f00000)]
=>0x000001919a000800 JavaThread "C2 CompilerThread0" daemon [_thread_in_native, id=10088, stack(0x0000002b07f00000,0x0000002b08000000)]
  0x000001919a002800 JavaThread "C1 CompilerThread0" daemon [_thread_blocked, id=9032, stack(0x0000002b08000000,0x0000002b08100000)]
  0x000001919a920800 JavaThread "Sweeper thread" daemon [_thread_blocked, id=4636, stack(0x0000002b08100000,0x0000002b08200000)]
  0x000001919aa61000 JavaThread "Common-Cleaner" daemon [_thread_blocked, id=6884, stack(0x0000002b08200000,0x0000002b08300000)]
  0x000001919bee2000 JavaThread "Daemon health stats" [_thread_blocked, id=820, stack(0x0000002b08500000,0x0000002b08600000)]
  0x000001919b603800 JavaThread "Incoming local TCP Connector on port 6080" [_thread_in_native, id=688, stack(0x0000002b08600000,0x0000002b08700000)]
  0x000001919bcf7800 JavaThread "Daemon periodic checks" [_thread_blocked, id=6484, stack(0x0000002b08700000,0x0000002b08800000)]
  0x000001919b4fd000 JavaThread "Daemon" [_thread_blocked, id=6396, stack(0x0000002b08800000,0x0000002b08900000)]
  0x000001919b863000 JavaThread "Handler for socket connection from /127.0.0.1:6080 to /127.0.0.1:6081" [_thread_in_native, id=4092, stack(0x0000002b08900000,0x0000002b08a00000)]
  0x000001919bb27000 JavaThread "Cancel handler" [_thread_blocked, id=8220, stack(0x0000002b08a00000,0x0000002b08b00000)]
  0x000001919bb27800 JavaThread "Daemon worker" [_thread_in_Java, id=7152, stack(0x0000002b08b00000,0x0000002b08c00000)]
  0x000001919bb17800 JavaThread "Asynchronous log dispatcher for DefaultDaemonConnection: socket connection from /127.0.0.1:6080 to /127.0.0.1:6081" [_thread_blocked, id=7904, stack(0x0000002b08c00000,0x0000002b08d00000)]
  0x000001919aedc000 JavaThread "Stdin handler" [_thread_blocked, id=9024, stack(0x0000002b08d00000,0x0000002b08e00000)]
  0x000001919b2f3800 JavaThread "Daemon client event forwarder" [_thread_blocked, id=3736, stack(0x0000002b08e00000,0x0000002b08f00000)]
  0x000001919b2f2800 JavaThread "Cache worker for file hash cache (C:\Users\felip\.gradle\caches\7.0.2\fileHashes)" [_thread_blocked, id=10104, stack(0x0000002b08f00000,0x0000002b09000000)]
  0x000001919b2f9000 JavaThread "File lock request listener" [_thread_in_native, id=764, stack(0x0000002b09000000,0x0000002b09100000)]
  0x000001919b2f7800 JavaThread "Cache worker for journal cache (C:\Users\felip\.gradle\caches\journal-1)" [_thread_blocked, id=9988, stack(0x0000002b09100000,0x0000002b09200000)]
  0x000001919b2f6800 JavaThread "Cache worker for file hash cache (C:\Users\felip\AndroidStudioProjects\VideoApp\.gradle\7.0.2\fileHashes)" [_thread_blocked, id=7116, stack(0x0000002b09200000,0x0000002b09300000)]
  0x000001919b2f4000 JavaThread "File watcher server" daemon [_thread_in_native, id=8736, stack(0x0000002b09300000,0x0000002b09400000)]
  0x000001919b2f8800 JavaThread "File watcher consumer" daemon [_thread_blocked, id=2652, stack(0x0000002b09400000,0x0000002b09500000)]
  0x000001919b2f5000 JavaThread "jar transforms" [_thread_blocked, id=7284, stack(0x0000002b09500000,0x0000002b09600000)]
  0x000001919b2f6000 JavaThread "jar transforms Thread 2" [_thread_blocked, id=5084, stack(0x0000002b09600000,0x0000002b09700000)]
  0x000001919cc08800 JavaThread "Cache worker for checksums cache (C:\Users\felip\AndroidStudioProjects\VideoApp\.gradle\checksums)" [_thread_blocked, id=5928, stack(0x0000002b09700000,0x0000002b09800000)]
  0x000001919cc0b000 JavaThread "Cache worker for cache directory md-supplier (C:\Users\felip\.gradle\caches\7.0.2\md-supplier)" [_thread_blocked, id=6936, stack(0x0000002b09800000,0x0000002b09900000)]
  0x000001919cc05000 JavaThread "Cache worker for cache directory md-rule (C:\Users\felip\.gradle\caches\7.0.2\md-rule)" [_thread_blocked, id=5528, stack(0x0000002b09900000,0x0000002b09a00000)]
  0x000001919cc06000 JavaThread "Cache worker for execution history cache (C:\Users\felip\.gradle\caches\7.0.2\executionHistory)" [_thread_blocked, id=684, stack(0x0000002b09a00000,0x0000002b09b00000)]
  0x000001919cc0a000 JavaThread "Cache worker for file content cache (C:\Users\felip\.gradle\caches\7.0.2\fileContent)" [_thread_blocked, id=7272, stack(0x0000002b09b00000,0x0000002b09c00000)]
  0x000001919cc0d000 JavaThread "Cache worker for dependencies-accessors (C:\Users\felip\AndroidStudioProjects\VideoApp\.gradle\7.0.2\dependencies-accessors)" [_thread_blocked, id=4088, stack(0x0000002b09e00000,0x0000002b09f00000)]

Other Threads:
  0x0000019199f8e000 VMThread "VM Thread" [stack: 0x0000002b07900000,0x0000002b07a00000] [id=5140]
  0x000001919aaab000 WatcherThread [stack: 0x0000002b08300000,0x0000002b08400000] [id=228]
  0x00000191ff49b800 GCTaskThread "GC Thread#0" [stack: 0x0000002b07400000,0x0000002b07500000] [id=10020]
  0x000001919ab3d000 GCTaskThread "GC Thread#1" [stack: 0x0000002b08400000,0x0000002b08500000] [id=508]
  0x00000191ff4cd000 ConcurrentGCThread "G1 Main Marker" [stack: 0x0000002b07500000,0x0000002b07600000] [id=9212]
  0x00000191ff4ce800 ConcurrentGCThread "G1 Conc#0" [stack: 0x0000002b07600000,0x0000002b07700000] [id=1556]
  0x00000191ff51e800 ConcurrentGCThread "G1 Refine#0" [stack: 0x0000002b07700000,0x0000002b07800000] [id=7396]
  0x00000191ff520800 ConcurrentGCThread "G1 Young RemSet Sampling" [stack: 0x0000002b07800000,0x0000002b07900000] [id=7280]

Threads with active compile tasks:
C2 CompilerThread0  41782 4172       4       java.lang.invoke.MethodType::makeImpl (108 bytes)

VM state:not at safepoint (normal execution)

VM Mutex/Monitor currently owned by a thread: None

Heap address: 0x0000000080000000, size: 2048 MB, Compressed Oops mode: 32-bit
Narrow klass base: 0x0000000000000000, Narrow klass shift: 3
Compressed class space size: 1073741824 Address: 0x0000000100000000

Heap:
 garbage-first heap   total 78848K, used 59283K [0x0000000080000000, 0x0000000100000000)
  region size 1024K, 8 young (8192K), 1 survivors (1024K)
 Metaspace       used 45401K, capacity 46651K, committed 46976K, reserved 1089536K
  class space    used 5745K, capacity 6160K, committed 6272K, reserved 1048576K
Heap Regions: E=young(eden), S=young(survivor), O=old, HS=humongous(starts), HC=humongous(continues), CS=collection set, F=free, A=archive, TAMS=top-at-mark-start (previous, next)
|   0|0x0000000080000000, 0x0000000080100000, 0x0000000080100000|100%| O|  |TAMS 0x0000000080100000, 0x0000000080000000| Untracked 
|   1|0x0000000080100000, 0x0000000080200000, 0x0000000080200000|100%| O|  |TAMS 0x0000000080200000, 0x0000000080100000| Untracked 
|   2|0x0000000080200000, 0x0000000080300000, 0x0000000080300000|100%| O|  |TAMS 0x0000000080300000, 0x0000000080200000| Untracked 
|   3|0x0000000080300000, 0x0000000080400000, 0x0000000080400000|100%| O|  |TAMS 0x0000000080400000, 0x0000000080300000| Untracked 
|   4|0x0000000080400000, 0x0000000080500000, 0x0000000080500000|100%|HS|  |TAMS 0x0000000080500000, 0x0000000080400000| Complete 
|   5|0x0000000080500000, 0x0000000080600000, 0x0000000080600000|100%|HC|  |TAMS 0x0000000080600000, 0x0000000080500000| Complete 
|   6|0x0000000080600000, 0x0000000080700000, 0x0000000080700000|100%|HC|  |TAMS 0x0000000080700000, 0x0000000080600000| Complete 
|   7|0x0000000080700000, 0x0000000080800000, 0x0000000080800000|100%| O|  |TAMS 0x0000000080800000, 0x0000000080700000| Untracked 
|   8|0x0000000080800000, 0x0000000080900000, 0x0000000080900000|100%| O|  |TAMS 0x0000000080900000, 0x0000000080800000| Untracked 
|   9|0x0000000080900000, 0x0000000080a00000, 0x0000000080a00000|100%| O|  |TAMS 0x0000000080a00000, 0x0000000080900000| Untracked 
|  10|0x0000000080a00000, 0x0000000080b00000, 0x0000000080b00000|100%| O|  |TAMS 0x0000000080b00000, 0x0000000080a00000| Untracked 
|  11|0x0000000080b00000, 0x0000000080c00000, 0x0000000080c00000|100%| O|  |TAMS 0x0000000080c00000, 0x0000000080b00000| Untracked 
|  12|0x0000000080c00000, 0x0000000080d00000, 0x0000000080d00000|100%| O|  |TAMS 0x0000000080d00000, 0x0000000080c00000| Untracked 
|  13|0x0000000080d00000, 0x0000000080e00000, 0x0000000080e00000|100%| O|  |TAMS 0x0000000080e00000, 0x0000000080d00000| Untracked 
|  14|0x0000000080e00000, 0x0000000080f00000, 0x0000000080f00000|100%| O|  |TAMS 0x0000000080f00000, 0x0000000080e00000| Untracked 
|  15|0x0000000080f00000, 0x0000000081000000, 0x0000000081000000|100%| O|  |TAMS 0x0000000081000000, 0x0000000080f00000| Untracked 
|  16|0x0000000081000000, 0x0000000081100000, 0x0000000081100000|100%|HS|  |TAMS 0x0000000081100000, 0x0000000081000000| Complete 
|  17|0x0000000081100000, 0x0000000081200000, 0x0000000081200000|100%|HC|  |TAMS 0x0000000081200000, 0x0000000081100000| Complete 
|  18|0x0000000081200000, 0x0000000081300000, 0x0000000081300000|100%|HS|  |TAMS 0x0000000081300000, 0x0000000081200000| Complete 
|  19|0x0000000081300000, 0x0000000081400000, 0x0000000081400000|100%|HC|  |TAMS 0x0000000081400000, 0x0000000081300000| Complete 
|  20|0x0000000081400000, 0x0000000081500000, 0x0000000081500000|100%|HC|  |TAMS 0x0000000081500000, 0x0000000081400000| Complete 
|  21|0x0000000081500000, 0x0000000081600000, 0x0000000081600000|100%|HS|  |TAMS 0x0000000081600000, 0x0000000081500000| Complete 
|  22|0x0000000081600000, 0x0000000081700000, 0x0000000081700000|100%|HC|  |TAMS 0x0000000081700000, 0x0000000081600000| Complete 
|  23|0x0000000081700000, 0x0000000081800000, 0x0000000081800000|100%|HC|  |TAMS 0x0000000081800000, 0x0000000081700000| Complete 
|  24|0x0000000081800000, 0x0000000081900000, 0x0000000081900000|100%|HC|  |TAMS 0x0000000081900000, 0x0000000081800000| Complete 
|  25|0x0000000081900000, 0x0000000081a00000, 0x0000000081a00000|100%|HC|  |TAMS 0x0000000081a00000, 0x0000000081900000| Complete 
|  26|0x0000000081a00000, 0x0000000081b00000, 0x0000000081b00000|100%| O|  |TAMS 0x0000000081b00000, 0x0000000081a00000| Untracked 
|  27|0x0000000081b00000, 0x0000000081c00000, 0x0000000081c00000|100%| O|  |TAMS 0x0000000081c00000, 0x0000000081b00000| Untracked 
|  28|0x0000000081c00000, 0x0000000081d00000, 0x0000000081d00000|100%| O|  |TAMS 0x0000000081d00000, 0x0000000081c00000| Untracked 
|  29|0x0000000081d00000, 0x0000000081e00000, 0x0000000081e00000|100%| O|  |TAMS 0x0000000081e00000, 0x0000000081d00000| Untracked 
|  30|0x0000000081e00000, 0x0000000081f00000, 0x0000000081f00000|100%| O|  |TAMS 0x0000000081f00000, 0x0000000081e00000| Untracked 
|  31|0x0000000081f00000, 0x0000000082000000, 0x0000000082000000|100%| O|  |TAMS 0x0000000082000000, 0x0000000081f00000| Untracked 
|  32|0x0000000082000000, 0x0000000082100000, 0x0000000082100000|100%| O|  |TAMS 0x0000000082100000, 0x0000000082000000| Untracked 
|  33|0x0000000082100000, 0x0000000082200000, 0x0000000082200000|100%| O|  |TAMS 0x0000000082200000, 0x0000000082100000| Untracked 
|  34|0x0000000082200000, 0x0000000082300000, 0x0000000082300000|100%| O|  |TAMS 0x0000000082300000, 0x0000000082200000| Untracked 
|  35|0x0000000082300000, 0x0000000082400000, 0x0000000082400000|100%| O|  |TAMS 0x0000000082400000, 0x0000000082300000| Untracked 
|  36|0x0000000082400000, 0x0000000082500000, 0x0000000082500000|100%| O|  |TAMS 0x0000000082500000, 0x0000000082400000| Untracked 
|  37|0x0000000082500000, 0x0000000082600000, 0x0000000082600000|100%| O|  |TAMS 0x0000000082600000, 0x0000000082500000| Untracked 
|  38|0x0000000082600000, 0x0000000082700000, 0x0000000082700000|100%|HS|  |TAMS 0x0000000082700000, 0x0000000082600000| Complete 
|  39|0x0000000082700000, 0x0000000082800000, 0x0000000082800000|100%|HC|  |TAMS 0x0000000082800000, 0x0000000082700000| Complete 
|  40|0x0000000082800000, 0x0000000082900000, 0x0000000082900000|100%|HC|  |TAMS 0x0000000082900000, 0x0000000082800000| Complete 
|  41|0x0000000082900000, 0x0000000082a00000, 0x0000000082a00000|100%|HC|  |TAMS 0x0000000082a00000, 0x0000000082900000| Complete 
|  42|0x0000000082a00000, 0x0000000082b00000, 0x0000000082b00000|100%|HC|  |TAMS 0x0000000082b00000, 0x0000000082a00000| Complete 
|  43|0x0000000082b00000, 0x0000000082c00000, 0x0000000082c00000|100%| O|  |TAMS 0x0000000082c00000, 0x0000000082b00000| Untracked 
|  44|0x0000000082c00000, 0x0000000082d00000, 0x0000000082d00000|100%|HS|  |TAMS 0x0000000082d00000, 0x0000000082c00000| Complete 
|  45|0x0000000082d00000, 0x0000000082e00000, 0x0000000082e00000|100%|HC|  |TAMS 0x0000000082e00000, 0x0000000082d00000| Complete 
|  46|0x0000000082e00000, 0x0000000082f00000, 0x0000000082f00000|100%|HC|  |TAMS 0x0000000082f00000, 0x0000000082e00000| Complete 
|  47|0x0000000082f00000, 0x0000000083000000, 0x0000000083000000|100%| O|  |TAMS 0x0000000083000000, 0x0000000082f00000| Untracked 
|  48|0x0000000083000000, 0x0000000083100000, 0x0000000083100000|100%| O|  |TAMS 0x0000000083100000, 0x0000000083000000| Untracked 
|  49|0x0000000083100000, 0x0000000083200000, 0x0000000083200000|100%| O|  |TAMS 0x0000000083200000, 0x0000000083100000| Untracked 
|  50|0x0000000083200000, 0x00000000832f3200, 0x0000000083300000| 94%| O|  |TAMS 0x00000000832f3200, 0x0000000083200000| Untracked 
|  51|0x0000000083300000, 0x0000000083300000, 0x0000000083400000|  0%| F|  |TAMS 0x0000000083300000, 0x0000000083300000| Untracked 
|  52|0x0000000083400000, 0x0000000083400000, 0x0000000083500000|  0%| F|  |TAMS 0x0000000083400000, 0x0000000083400000| Untracked 
|  53|0x0000000083500000, 0x0000000083500000, 0x0000000083600000|  0%| F|  |TAMS 0x0000000083500000, 0x0000000083500000| Untracked 
|  54|0x0000000083600000, 0x0000000083600000, 0x0000000083700000|  0%| F|  |TAMS 0x0000000083600000, 0x0000000083600000| Untracked 
|  55|0x0000000083700000, 0x0000000083700000, 0x0000000083800000|  0%| F|  |TAMS 0x0000000083700000, 0x0000000083700000| Untracked 
|  56|0x0000000083800000, 0x0000000083800000, 0x0000000083900000|  0%| F|  |TAMS 0x0000000083800000, 0x0000000083800000| Untracked 
|  57|0x0000000083900000, 0x0000000083900000, 0x0000000083a00000|  0%| F|  |TAMS 0x0000000083900000, 0x0000000083900000| Untracked 
|  58|0x0000000083a00000, 0x0000000083a00000, 0x0000000083b00000|  0%| F|  |TAMS 0x0000000083a00000, 0x0000000083a00000| Untracked 
|  59|0x0000000083b00000, 0x0000000083b00000, 0x0000000083c00000|  0%| F|  |TAMS 0x0000000083b00000, 0x0000000083b00000| Untracked 
|  60|0x0000000083c00000, 0x0000000083c00000, 0x0000000083d00000|  0%| F|  |TAMS 0x0000000083c00000, 0x0000000083c00000| Untracked 
|  61|0x0000000083d00000, 0x0000000083d00000, 0x0000000083e00000|  0%| F|  |TAMS 0x0000000083d00000, 0x0000000083d00000| Untracked 
|  62|0x0000000083e00000, 0x0000000083e00000, 0x0000000083f00000|  0%| F|  |TAMS 0x0000000083e00000, 0x0000000083e00000| Untracked 
|  63|0x0000000083f00000, 0x0000000083f00000, 0x0000000084000000|  0%| F|  |TAMS 0x0000000083f00000, 0x0000000083f00000| Untracked 
|  64|0x0000000084000000, 0x0000000084000000, 0x0000000084100000|  0%| F|  |TAMS 0x0000000084000000, 0x0000000084000000| Untracked 
|  65|0x0000000084100000, 0x0000000084100000, 0x0000000084200000|  0%| F|  |TAMS 0x0000000084100000, 0x0000000084100000| Untracked 
|  66|0x0000000084200000, 0x0000000084200000, 0x0000000084300000|  0%| F|  |TAMS 0x0000000084200000, 0x0000000084200000| Untracked 
|  67|0x0000000084300000, 0x0000000084300000, 0x0000000084400000|  0%| F|  |TAMS 0x0000000084300000, 0x0000000084300000| Untracked 
|  68|0x0000000084400000, 0x00000000844f1c50, 0x0000000084500000| 94%| S|CS|TAMS 0x0000000084400000, 0x0000000084400000| Complete 
|  69|0x0000000084500000, 0x000000008452bf08, 0x0000000084600000| 17%| E|  |TAMS 0x0000000084500000, 0x0000000084500000| Complete 
|  70|0x0000000084600000, 0x0000000084700000, 0x0000000084700000|100%| E|  |TAMS 0x0000000084600000, 0x0000000084600000| Complete 
|  71|0x0000000084700000, 0x0000000084800000, 0x0000000084800000|100%| E|CS|TAMS 0x0000000084700000, 0x0000000084700000| Complete 
|  72|0x0000000084800000, 0x0000000084900000, 0x0000000084900000|100%| E|CS|TAMS 0x0000000084800000, 0x0000000084800000| Complete 
|  73|0x0000000084900000, 0x0000000084a00000, 0x0000000084a00000|100%| E|CS|TAMS 0x0000000084900000, 0x0000000084900000| Complete 
|  74|0x0000000084a00000, 0x0000000084b00000, 0x0000000084b00000|100%| E|CS|TAMS 0x0000000084a00000, 0x0000000084a00000| Complete 
|  75|0x0000000084b00000, 0x0000000084c00000, 0x0000000084c00000|100%| E|CS|TAMS 0x0000000084b00000, 0x0000000084b00000| Complete 
|  76|0x0000000084c00000, 0x0000000084d00000, 0x0000000084d00000|100%| E|CS|TAMS 0x0000000084c00000, 0x0000000084c00000| Complete 

Card table byte_map: [0x00000191ff560000,0x00000191ff960000] _byte_map_base: 0x00000191ff160000

Marking Bits (Prev, Next): (CMBitMap*) 0x00000191ff4c4428, (CMBitMap*) 0x00000191ff4c4460
 Prev Bits: [0x0000019193e20000, 0x0000019195e20000)
 Next Bits: [0x0000019195e20000, 0x0000019197e20000)

Polling page: 0x00000191fe760000

Metaspace:

Usage:
  Non-class:     39.60 MB capacity,    38.78 MB ( 98%) used,   731.16 KB (  2%) free+waste,   111.63 KB ( <1%) overhead. 
      Class:      6.05 MB capacity,     5.62 MB ( 93%) used,   381.59 KB (  6%) free+waste,    53.63 KB ( <1%) overhead. 
       Both:     45.65 MB capacity,    44.40 MB ( 97%) used,     1.09 MB (  2%) free+waste,   165.25 KB ( <1%) overhead. 

Virtual space:
  Non-class space:       40.00 MB reserved,      39.75 MB (>99%) committed 
      Class space:        1.00 GB reserved,       6.13 MB ( <1%) committed 
             Both:        1.04 GB reserved,      45.88 MB (  4%) committed 

Chunk freelists:
   Non-Class:  21.00 KB
       Class:  16.00 KB
        Both:  37.00 KB

MaxMetaspaceSize: 17179869184.00 GB
CompressedClassSpaceSize: 1.00 GB

CodeHeap 'non-profiled nmethods': size=120064Kb used=2073Kb max_used=2073Kb free=117991Kb
 bounds [0x000001918c8e0000, 0x000001918cb50000, 0x0000019193e20000]
CodeHeap 'profiled nmethods': size=120000Kb used=9233Kb max_used=9233Kb free=110766Kb
 bounds [0x00000191853b0000, 0x0000019185cc0000, 0x000001918c8e0000]
CodeHeap 'non-nmethods': size=5696Kb used=2203Kb max_used=2235Kb free=3492Kb
 bounds [0x0000019184e20000, 0x0000019185090000, 0x00000191853b0000]
 total_blobs=4972 nmethods=4190 adapters=694
 compilation: enabled
              stopped_count=0, restarted_count=0
 full_count=0

Compilation events (20 events):
Event: 41.222 Thread 0x000001919a002800 4184       3       javax.management.ObjectName::<init> (15 bytes)
Event: 41.223 Thread 0x000001919a002800 nmethod 4184 0x0000019185c99090 code [0x0000019185c99260, 0x0000019185c993e8]
Event: 41.223 Thread 0x000001919a002800 4185       3       sun.management.Util::newObjectName (11 bytes)
Event: 41.229 Thread 0x000001919a002800 nmethod 4185 0x0000019185c99490 code [0x0000019185c999c0, 0x0000019185c9ca08]
Event: 41.232 Thread 0x000001919a002800 4186       3       sun.management.MemoryPoolImpl::getObjectName (10 bytes)
Event: 41.237 Thread 0x000001919a002800 nmethod 4186 0x0000019185c9dc90 code [0x0000019185c9e1c0, 0x0000019185ca0ae8]
Event: 41.238 Thread 0x000001919a002800 4187       3       sun.management.spi.PlatformMBeanProvider$PlatformComponent$$Lambda$65/0x0000000100184840::test (9 bytes)
Event: 41.238 Thread 0x000001919a002800 nmethod 4187 0x0000019185ca1c10 code [0x0000019185ca1dc0, 0x0000019185ca1ef8]
Event: 41.238 Thread 0x000001919a002800 4188       3       sun.management.spi.PlatformMBeanProvider$PlatformComponent$$Lambda$66/0x0000000100184c40::apply (9 bytes)
Event: 41.239 Thread 0x000001919a002800 nmethod 4188 0x0000019185ca1f90 code [0x0000019185ca2180, 0x0000019185ca2498]
Event: 41.242 Thread 0x000001919a002800 4189       3       org.gradle.internal.instantiation.generator.AbstractClassGenerator$ClassGenerationHandler::<init> (5 bytes)
Event: 41.242 Thread 0x000001919a002800 nmethod 4189 0x0000019185ca2610 code [0x0000019185ca27c0, 0x0000019185ca2978]
Event: 41.244 Thread 0x000001919a002800 4190       3       org.gradle.internal.instantiation.generator.AsmBackedClassGenerator$ClassBuilderImpl::applyConventionMappingToGetter (480 bytes)
Event: 41.249 Thread 0x000001919a002800 nmethod 4190 0x0000019185ca2a90 code [0x0000019185ca3080, 0x0000019185ca5c68]
Event: 41.250 Thread 0x000001919a002800 4191       3       org.gradle.internal.instantiation.generator.AsmBackedClassGenerator$ClassBuilderImpl::applyConventionMappingToProperty (35 bytes)
Event: 41.251 Thread 0x000001919a002800 nmethod 4191 0x0000019185ca6d10 code [0x0000019185ca6f60, 0x0000019185ca7508]
Event: 41.255 Thread 0x000001919a002800 4192       3       com.google.common.collect.ImmutableList::asImmutableList (18 bytes)
Event: 41.255 Thread 0x000001919a002800 nmethod 4192 0x0000019185ca7790 code [0x0000019185ca7980, 0x0000019185ca7db8]
Event: 41.257 Thread 0x000001919a002800 4193       1       org.gradle.internal.instantiation.generator.AbstractClassGenerator$PropertyMetadata::field (6 bytes)
Event: 41.257 Thread 0x000001919a002800 nmethod 4193 0x000001918cae6110 code [0x000001918cae62c0, 0x000001918cae63b8]

GC Heap History (20 events):
Event: 37.543 GC heap before
{Heap before GC invocations=24 (full 0):
 garbage-first heap   total 65536K, used 48773K [0x0000000080000000, 0x0000000100000000)
  region size 1024K, 8 young (8192K), 2 survivors (2048K)
 Metaspace       used 42191K, capacity 43227K, committed 43264K, reserved 1087488K
  class space    used 5423K, capacity 5855K, committed 5888K, reserved 1048576K
}
Event: 37.556 GC heap after
{Heap after GC invocations=25 (full 0):
 garbage-first heap   total 65536K, used 46538K [0x0000000080000000, 0x0000000100000000)
  region size 1024K, 2 young (2048K), 2 survivors (2048K)
 Metaspace       used 42191K, capacity 43227K, committed 43264K, reserved 1087488K
  class space    used 5423K, capacity 5855K, committed 5888K, reserved 1048576K
}
Event: 38.704 GC heap before
{Heap before GC invocations=26 (full 0):
 garbage-first heap   total 65536K, used 56778K [0x0000000080000000, 0x0000000100000000)
  region size 1024K, 9 young (9216K), 2 survivors (2048K)
 Metaspace       used 42522K, capacity 43752K, committed 43776K, reserved 1087488K
  class space    used 5469K, capacity 5877K, committed 5888K, reserved 1048576K
}
Event: 38.714 GC heap after
{Heap after GC invocations=27 (full 0):
 garbage-first heap   total 65536K, used 50678K [0x0000000080000000, 0x0000000100000000)
  region size 1024K, 2 young (2048K), 2 survivors (2048K)
 Metaspace       used 42522K, capacity 43752K, committed 43776K, reserved 1087488K
  class space    used 5469K, capacity 5877K, committed 5888K, reserved 1048576K
}
Event: 39.025 GC heap before
{Heap before GC invocations=27 (full 0):
 garbage-first heap   total 65536K, used 54774K [0x0000000080000000, 0x0000000100000000)
  region size 1024K, 6 young (6144K), 2 survivors (2048K)
 Metaspace       used 42734K, capacity 43978K, committed 44160K, reserved 1087488K
  class space    used 5494K, capacity 5911K, committed 6016K, reserved 1048576K
}
Event: 39.032 GC heap after
{Heap after GC invocations=28 (full 0):
 garbage-first heap   total 65536K, used 50873K [0x0000000080000000, 0x0000000100000000)
  region size 1024K, 1 young (1024K), 1 survivors (1024K)
 Metaspace       used 42734K, capacity 43978K, committed 44160K, reserved 1087488K
  class space    used 5494K, capacity 5911K, committed 6016K, reserved 1048576K
}
Event: 39.395 GC heap before
{Heap before GC invocations=29 (full 0):
 garbage-first heap   total 65536K, used 54969K [0x0000000080000000, 0x0000000100000000)
  region size 1024K, 5 young (5120K), 1 survivors (1024K)
 Metaspace       used 43050K, capacity 44298K, committed 44416K, reserved 1087488K
  class space    used 5534K, capacity 5975K, committed 6016K, reserved 1048576K
}
Event: 39.400 GC heap after
{Heap after GC invocations=30 (full 0):
 garbage-first heap   total 65536K, used 51164K [0x0000000080000000, 0x0000000100000000)
  region size 1024K, 1 young (1024K), 1 survivors (1024K)
 Metaspace       used 43050K, capacity 44298K, committed 44416K, reserved 1087488K
  class space    used 5534K, capacity 5975K, committed 6016K, reserved 1048576K
}
Event: 39.659 GC heap before
{Heap before GC invocations=30 (full 0):
 garbage-first heap   total 65536K, used 54236K [0x0000000080000000, 0x0000000100000000)
  region size 1024K, 5 young (5120K), 1 survivors (1024K)
 Metaspace       used 43357K, capacity 44491K, committed 44672K, reserved 1087488K
  class space    used 5559K, capacity 5975K, committed 6016K, reserved 1048576K
}
Event: 39.663 GC heap after
{Heap after GC invocations=31 (full 0):
 garbage-first heap   total 65536K, used 51660K [0x0000000080000000, 0x0000000100000000)
  region size 1024K, 1 young (1024K), 1 survivors (1024K)
 Metaspace       used 43357K, capacity 44491K, committed 44672K, reserved 1087488K
  class space    used 5559K, capacity 5975K, committed 6016K, reserved 1048576K
}
Event: 40.060 GC heap before
{Heap before GC invocations=32 (full 0):
 garbage-first heap   total 65536K, used 55756K [0x0000000080000000, 0x0000000100000000)
  region size 1024K, 5 young (5120K), 1 survivors (1024K)
 Metaspace       used 44359K, capacity 45463K, committed 45696K, reserved 1089536K
  class space    used 5584K, capacity 5980K, committed 6016K, reserved 1048576K
}
Event: 40.066 GC heap after
{Heap after GC invocations=33 (full 0):
 garbage-first heap   total 65536K, used 51701K [0x0000000080000000, 0x0000000100000000)
  region size 1024K, 1 young (1024K), 1 survivors (1024K)
 Metaspace       used 44359K, capacity 45463K, committed 45696K, reserved 1089536K
  class space    used 5584K, capacity 5980K, committed 6016K, reserved 1048576K
}
Event: 40.304 GC heap before
{Heap before GC invocations=33 (full 0):
 garbage-first heap   total 65536K, used 55797K [0x0000000080000000, 0x0000000100000000)
  region size 1024K, 5 young (5120K), 1 survivors (1024K)
 Metaspace       used 44526K, capacity 45739K, committed 46080K, reserved 1089536K
  class space    used 5605K, capacity 6049K, committed 6144K, reserved 1048576K
}
Event: 40.312 GC heap after
{Heap after GC invocations=34 (full 0):
 garbage-first heap   total 65536K, used 52175K [0x0000000080000000, 0x0000000100000000)
  region size 1024K, 1 young (1024K), 1 survivors (1024K)
 Metaspace       used 44526K, capacity 45739K, committed 46080K, reserved 1089536K
  class space    used 5605K, capacity 6049K, committed 6144K, reserved 1048576K
}
Event: 40.576 GC heap before
{Heap before GC invocations=35 (full 0):
 garbage-first heap   total 65536K, used 56271K [0x0000000080000000, 0x0000000100000000)
  region size 1024K, 5 young (5120K), 1 survivors (1024K)
 Metaspace       used 44575K, capacity 45816K, committed 46080K, reserved 1089536K
  class space    used 5611K, capacity 6053K, committed 6144K, reserved 1048576K
}
Event: 40.585 GC heap after
{Heap after GC invocations=36 (full 0):
 garbage-first heap   total 65536K, used 52671K [0x0000000080000000, 0x0000000100000000)
  region size 1024K, 1 young (1024K), 1 survivors (1024K)
 Metaspace       used 44575K, capacity 45816K, committed 46080K, reserved 1089536K
  class space    used 5611K, capacity 6053K, committed 6144K, reserved 1048576K
}
Event: 40.597 GC heap before
{Heap before GC invocations=36 (full 0):
 garbage-first heap   total 65536K, used 55743K [0x0000000080000000, 0x0000000100000000)
  region size 1024K, 4 young (4096K), 1 survivors (1024K)
 Metaspace       used 44575K, capacity 45816K, committed 46080K, reserved 1089536K
  class space    used 5611K, capacity 6053K, committed 6144K, reserved 1048576K
}
Event: 40.602 GC heap after
{Heap after GC invocations=37 (full 0):
 garbage-first heap   total 78848K, used 52750K [0x0000000080000000, 0x0000000100000000)
  region size 1024K, 1 young (1024K), 1 survivors (1024K)
 Metaspace       used 44575K, capacity 45816K, committed 46080K, reserved 1089536K
  class space    used 5611K, capacity 6053K, committed 6144K, reserved 1048576K
}
Event: 41.153 GC heap before
{Heap before GC invocations=38 (full 0):
 garbage-first heap   total 78848K, used 60942K [0x0000000080000000, 0x0000000100000000)
  region size 1024K, 9 young (9216K), 1 survivors (1024K)
 Metaspace       used 44892K, capacity 46115K, committed 46336K, reserved 1089536K
  class space    used 5667K, capacity 6089K, committed 6144K, reserved 1048576K
}
Event: 41.160 GC heap after
{Heap after GC invocations=39 (full 0):
 garbage-first heap   total 78848K, used 53139K [0x0000000080000000, 0x0000000100000000)
  region size 1024K, 1 young (1024K), 1 survivors (1024K)
 Metaspace       used 44892K, capacity 46115K, committed 46336K, reserved 1089536K
  class space    used 5667K, capacity 6089K, committed 6144K, reserved 1048576K
}

Deoptimization events (20 events):
Event: 39.962 Thread 0x000001919bb27800 DEOPT PACKING pc=0x000001918ca9c814 sp=0x0000002b08bf9310
Event: 39.962 Thread 0x000001919bb27800 DEOPT UNPACKING pc=0x0000019184e46a29 sp=0x0000002b08bf92a8 mode 2
Event: 40.078 Thread 0x000001919bb27800 Uncommon trap: trap_request=0xffffff4d fr.pc=0x000001918c9bceb4 relative=0x0000000000000234
Event: 40.078 Thread 0x000001919bb27800 Uncommon trap: reason=unstable_if action=reinterpret pc=0x000001918c9bceb4 method=java.util.HashMap.putVal(ILjava/lang/Object;Ljava/lang/Object;ZZ)Ljava/lang/Object; @ 162 c2
Event: 40.078 Thread 0x000001919bb27800 DEOPT PACKING pc=0x000001918c9bceb4 sp=0x0000002b08bfaf70
Event: 40.078 Thread 0x000001919bb27800 DEOPT UNPACKING pc=0x0000019184e46a29 sp=0x0000002b08bfae80 mode 2
Event: 40.165 Thread 0x000001919bb27800 DEOPT PACKING pc=0x0000019185b61774 sp=0x0000002b08bfa350
Event: 40.165 Thread 0x000001919bb27800 DEOPT UNPACKING pc=0x0000019184e4683f sp=0x0000002b08bf98f0 mode 0
Event: 40.573 Thread 0x000001919bb27800 Uncommon trap: trap_request=0xffffffc6 fr.pc=0x000001918cab7e20 relative=0x0000000000001100
Event: 40.573 Thread 0x000001919bb27800 Uncommon trap: reason=bimorphic_or_optimized_type_check action=maybe_recompile pc=0x000001918cab7e20 method=org.codehaus.groovy.runtime.metaclass.MetaMethodIndex.isOverridden(Lgroovy/lang/MetaMethod;Lgroovy/lang/MetaMethod;)Z @ 15 c2
Event: 40.573 Thread 0x000001919bb27800 DEOPT PACKING pc=0x000001918cab7e20 sp=0x0000002b08bf60a0
Event: 40.573 Thread 0x000001919bb27800 DEOPT UNPACKING pc=0x0000019184e46a29 sp=0x0000002b08bf5ff8 mode 2
Event: 40.780 Thread 0x000001919bb27800 Uncommon trap: trap_request=0xffffffc6 fr.pc=0x000001918cab7e20 relative=0x0000000000001100
Event: 40.780 Thread 0x000001919bb27800 Uncommon trap: reason=bimorphic_or_optimized_type_check action=maybe_recompile pc=0x000001918cab7e20 method=org.codehaus.groovy.runtime.metaclass.MetaMethodIndex.isOverridden(Lgroovy/lang/MetaMethod;Lgroovy/lang/MetaMethod;)Z @ 15 c2
Event: 40.781 Thread 0x000001919bb27800 DEOPT PACKING pc=0x000001918cab7e20 sp=0x0000002b08bf6160
Event: 40.781 Thread 0x000001919bb27800 DEOPT UNPACKING pc=0x0000019184e46a29 sp=0x0000002b08bf60b8 mode 2
Event: 41.177 Thread 0x000001919bb27800 Uncommon trap: trap_request=0xffffff4d fr.pc=0x000001918ca183b0 relative=0x0000000000000110
Event: 41.177 Thread 0x000001919bb27800 Uncommon trap: reason=unstable_if action=reinterpret pc=0x000001918ca183b0 method=java.util.Arrays.hashCode([Ljava/lang/Object;)I @ 34 c2
Event: 41.177 Thread 0x000001919bb27800 DEOPT PACKING pc=0x000001918ca183b0 sp=0x0000002b08bf97d0
Event: 41.177 Thread 0x000001919bb27800 DEOPT UNPACKING pc=0x0000019184e46a29 sp=0x0000002b08bf9748 mode 2

Classes redefined (0 events):
No events

Internal exceptions (20 events):
Event: 40.527 Thread 0x000001919bb27800 Exception <a 'java/lang/ClassNotFoundException'{0x0000000083da3050}: org/gradle/api/internal/provider/AbstractMinimalProviderCustomizer> (0x0000000083da3050) thrown at [./src/hotspot/share/classfile/systemDictionary.cpp, line 231]
Event: 40.534 Thread 0x000001919bb27800 Exception <a 'java/lang/ClassNotFoundException'{0x0000000083c04220}: org/gradle/api/internal/provider/AbstractPropertyCustomizer> (0x0000000083c04220) thrown at [./src/hotspot/share/classfile/systemDictionary.cpp, line 231]
Event: 40.538 Thread 0x000001919bb27800 Exception <a 'java/lang/ClassNotFoundException'{0x0000000083c36ec8}: org/gradle/api/internal/provider/DefaultPropertyCustomizer> (0x0000000083c36ec8) thrown at [./src/hotspot/share/classfile/systemDictionary.cpp, line 231]
Event: 40.787 Thread 0x000001919bb27800 Exception <a 'java/lang/ClassNotFoundException'{0x0000000084c9cc70}: org/gradle/api/internal/artifacts/dsl/DefaultRepositoryHandler_DecoratedBeanInfo> (0x0000000084c9cc70) thrown at [./src/hotspot/share/classfile/systemDictionary.cpp, line 231]
Event: 40.791 Thread 0x000001919bb27800 Exception <a 'java/lang/ClassNotFoundException'{0x0000000084cd5d80}: org/gradle/api/internal/artifacts/dsl/DefaultRepositoryHandlerBeanInfo> (0x0000000084cd5d80) thrown at [./src/hotspot/share/classfile/systemDictionary.cpp, line 231]
Event: 40.794 Thread 0x000001919bb27800 Exception <a 'java/lang/ClassNotFoundException'{0x0000000084b116f8}: org/gradle/api/internal/artifacts/DefaultArtifactRepositoryContainerBeanInfo> (0x0000000084b116f8) thrown at [./src/hotspot/share/classfile/systemDictionary.cpp, line 231]
Event: 40.798 Thread 0x000001919bb27800 Exception <a 'java/lang/ClassNotFoundException'{0x0000000084b3b9d8}: org/gradle/api/internal/DefaultNamedDomainObjectListBeanInfo> (0x0000000084b3b9d8) thrown at [./src/hotspot/share/classfile/systemDictionary.cpp, line 231]
Event: 40.801 Thread 0x000001919bb27800 Exception <a 'java/lang/ClassNotFoundException'{0x0000000084b677a8}: org/gradle/api/internal/DefaultNamedDomainObjectCollectionBeanInfo> (0x0000000084b677a8) thrown at [./src/hotspot/share/classfile/systemDictionary.cpp, line 231]
Event: 40.809 Thread 0x000001919bb27800 Exception <a 'java/lang/ClassNotFoundException'{0x0000000084b92bd0}: org/gradle/api/internal/DefaultDomainObjectCollectionBeanInfo> (0x0000000084b92bd0) thrown at [./src/hotspot/share/classfile/systemDictionary.cpp, line 231]
Event: 40.809 Thread 0x000001919bb27800 Exception <a 'java/lang/ClassNotFoundException'{0x0000000084b98e08}: java/util/AbstractCollectionBeanInfo> (0x0000000084b98e08) thrown at [./src/hotspot/share/classfile/systemDictionary.cpp, line 231]
Event: 40.810 Thread 0x000001919bb27800 Exception <a 'java/lang/ClassNotFoundException'{0x0000000084b9f2b8}: java/util/AbstractCollectionCustomizer> (0x0000000084b9f2b8) thrown at [./src/hotspot/share/classfile/systemDictionary.cpp, line 231]
Event: 40.822 Thread 0x000001919bb27800 Exception <a 'java/lang/ClassNotFoundException'{0x0000000084bd4518}: org/gradle/api/internal/DefaultDomainObjectCollectionCustomizer> (0x0000000084bd4518) thrown at [./src/hotspot/share/classfile/systemDictionary.cpp, line 231]
Event: 40.831 Thread 0x000001919bb27800 Exception <a 'java/lang/ClassNotFoundException'{0x0000000084a1dab0}: org/gradle/api/internal/DefaultNamedDomainObjectCollectionCustomizer> (0x0000000084a1dab0) thrown at [./src/hotspot/share/classfile/systemDictionary.cpp, line 231]
Event: 40.886 Thread 0x000001919bb27800 Exception <a 'java/lang/ClassNotFoundException'{0x0000000084a8d078}: org/gradle/api/internal/DefaultNamedDomainObjectListCustomizer> (0x0000000084a8d078) thrown at [./src/hotspot/share/classfile/systemDictionary.cpp, line 231]
Event: 40.893 Thread 0x000001919bb27800 Exception <a 'java/lang/ClassNotFoundException'{0x0000000084ae1a80}: org/gradle/api/internal/artifacts/DefaultArtifactRepositoryContainerCustomizer> (0x0000000084ae1a80) thrown at [./src/hotspot/share/classfile/systemDictionary.cpp, line 231]
Event: 40.909 Thread 0x000001919bb27800 Exception <a 'java/lang/ClassNotFoundException'{0x000000008492cc28}: org/gradle/api/internal/artifacts/dsl/DefaultRepositoryHandlerCustomizer> (0x000000008492cc28) thrown at [./src/hotspot/share/classfile/systemDictionary.cpp, line 231]
Event: 40.917 Thread 0x000001919bb27800 Exception <a 'java/lang/ClassNotFoundException'{0x000000008498a510}: org/gradle/api/internal/artifacts/dsl/DefaultRepositoryHandler_DecoratedCustomizer> (0x000000008498a510) thrown at [./src/hotspot/share/classfile/systemDictionary.cpp, line 231]
Event: 41.168 Thread 0x000001919bb27800 Exception <a 'java/lang/ClassNotFoundException'{0x0000000084c42e48}: org/gradle/initialization/DefaultProjectDescriptorBeanInfo> (0x0000000084c42e48) thrown at [./src/hotspot/share/classfile/systemDictionary.cpp, line 231]
Event: 41.170 Thread 0x000001919bb27800 Exception <a 'java/lang/ClassNotFoundException'{0x0000000084c68338}: org/gradle/initialization/DefaultProjectDescriptorCustomizer> (0x0000000084c68338) thrown at [./src/hotspot/share/classfile/systemDictionary.cpp, line 231]
Event: 41.176 Thread 0x000001919bb27800 Implicit null exception at 0x000001918ca182ec to 0x000001918ca18394

Events (20 events):
Event: 41.295 loading class org/gradle/caching/internal/controller/RootBuildCacheControllerRef$CloseShieldBuildCacheController
Event: 41.295 loading class org/gradle/caching/internal/controller/RootBuildCacheControllerRef$CloseShieldBuildCacheController done
Event: 41.297 loading class org/gradle/api/internal/SettingsInternal
Event: 41.297 loading class org/gradle/api/internal/SettingsInternal done
Event: 41.297 loading class org/gradle/initialization/DefaultProjectDescriptor
Event: 41.297 loading class org/gradle/initialization/DefaultProjectDescriptor done
Event: 41.297 loading class org/gradle/api/internal/SettingsInternal
Event: 41.297 loading class org/gradle/api/internal/SettingsInternal done
Event: 41.298 loading class org/gradle/initialization/ProjectSpecs
Event: 41.298 loading class org/gradle/initialization/ProjectSpecs done
Event: 41.314 loading class org/gradle/initialization/ProjectSpec
Event: 41.314 loading class org/gradle/initialization/ProjectSpec done
Event: 41.317 loading class org/gradle/initialization/ProjectDirectoryProjectSpec
Event: 41.317 loading class org/gradle/initialization/ProjectDirectoryProjectSpec done
Event: 41.318 loading class org/gradle/initialization/AbstractProjectSpec
Event: 41.318 loading class org/gradle/initialization/AbstractProjectSpec done
Event: 41.327 loading class org/gradle/api/internal/artifacts/DefaultProjectComponentIdentifier
Event: 41.327 loading class org/gradle/api/internal/artifacts/DefaultProjectComponentIdentifier done
Event: 41.328 loading class org/gradle/api/internal/project/DefaultProjectStateRegistry$ProjectStateImpl
Event: 41.328 loading class org/gradle/api/internal/project/DefaultProjectStateRegistry$ProjectStateImpl done


Dynamic libraries:
0x00007ff732390000 - 0x00007ff73239a000 	C:\Users\felip\OneDrive\Desktop\android-studio-ide-202.6987402-windows\android-studio\jre\bin\java.exe
0x00007ff9d52b0000 - 0x00007ff9d54a5000 	C:\Windows\SYSTEM32\ntdll.dll
0x00007ff9b0f10000 - 0x00007ff9b0f25000 	C:\Program Files\Avast Software\Avast\aswhook.dll
0x00007ff9d3360000 - 0x00007ff9d341e000 	C:\Windows\System32\KERNEL32.DLL
0x00007ff9d29d0000 - 0x00007ff9d2c99000 	C:\Windows\System32\KERNELBASE.dll
0x00007ff9d2e80000 - 0x00007ff9d2f80000 	C:\Windows\System32\ucrtbase.dll
0x00007ff9cb740000 - 0x00007ff9cb759000 	C:\Users\felip\OneDrive\Desktop\android-studio-ide-202.6987402-windows\android-studio\jre\bin\jli.dll
0x00007ff9d45b0000 - 0x00007ff9d4751000 	C:\Windows\System32\USER32.dll
0x00007ff9d3110000 - 0x00007ff9d3132000 	C:\Windows\System32\win32u.dll
0x00007ff9d4080000 - 0x00007ff9d40ab000 	C:\Windows\System32\GDI32.dll
0x00007ff9d2f80000 - 0x00007ff9d308b000 	C:\Windows\System32\gdi32full.dll
0x00007ff9d2d50000 - 0x00007ff9d2ded000 	C:\Windows\System32\msvcp_win.dll
0x00007ff9c2c60000 - 0x00007ff9c2efa000 	C:\Windows\WinSxS\amd64_microsoft.windows.common-controls_6595b64144ccf1df_6.0.19041.1110_none_60b5254171f9507e\COMCTL32.dll
0x00007ff9cb470000 - 0x00007ff9cb487000 	C:\Users\felip\OneDrive\Desktop\android-studio-ide-202.6987402-windows\android-studio\jre\bin\VCRUNTIME140.dll
0x00007ff9d3d40000 - 0x00007ff9d3dde000 	C:\Windows\System32\msvcrt.dll
0x00007ff9d4930000 - 0x00007ff9d4960000 	C:\Windows\System32\IMM32.DLL
0x00007ff9b1620000 - 0x00007ff9b16bd000 	C:\Users\felip\OneDrive\Desktop\android-studio-ide-202.6987402-windows\android-studio\jre\bin\msvcp140.dll
0x00007ff998b00000 - 0x00007ff9995cf000 	C:\Users\felip\OneDrive\Desktop\android-studio-ide-202.6987402-windows\android-studio\jre\bin\server\jvm.dll
0x00007ff9d3df0000 - 0x00007ff9d3e9c000 	C:\Windows\System32\ADVAPI32.dll
0x00007ff9d3c80000 - 0x00007ff9d3d1b000 	C:\Windows\System32\sechost.dll
0x00007ff9d4410000 - 0x00007ff9d453a000 	C:\Windows\System32\RPCRT4.dll
0x00007ff9d3bf0000 - 0x00007ff9d3bf8000 	C:\Windows\System32\PSAPI.DLL
0x00007ff9c66e0000 - 0x00007ff9c66e9000 	C:\Windows\SYSTEM32\WSOCK32.dll
0x00007ff9bbe10000 - 0x00007ff9bbe37000 	C:\Windows\SYSTEM32\WINMM.dll
0x00007ff9c9c60000 - 0x00007ff9c9c6a000 	C:\Windows\SYSTEM32\VERSION.dll
0x00007ff9d4540000 - 0x00007ff9d45ab000 	C:\Windows\System32\WS2_32.dll
0x00007ff9d07f0000 - 0x00007ff9d0802000 	C:\Windows\SYSTEM32\kernel.appcore.dll
0x00007ff9cb010000 - 0x00007ff9cb021000 	C:\Users\felip\OneDrive\Desktop\android-studio-ide-202.6987402-windows\android-studio\jre\bin\verify.dll
0x00007ff9c7410000 - 0x00007ff9c75f4000 	C:\Windows\SYSTEM32\DBGHELP.DLL
0x00007ff9c73e0000 - 0x00007ff9c740c000 	C:\Windows\SYSTEM32\dbgcore.DLL
0x00007ff9d2df0000 - 0x00007ff9d2e73000 	C:\Windows\System32\bcryptPrimitives.dll
0x00007ff9c8cc0000 - 0x00007ff9c8ce9000 	C:\Users\felip\OneDrive\Desktop\android-studio-ide-202.6987402-windows\android-studio\jre\bin\java.dll
0x00007ff9ce600000 - 0x00007ff9ce60b000 	C:\Users\felip\OneDrive\Desktop\android-studio-ide-202.6987402-windows\android-studio\jre\bin\jimage.dll
0x00007ff9caff0000 - 0x00007ff9cb008000 	C:\Users\felip\OneDrive\Desktop\android-studio-ide-202.6987402-windows\android-studio\jre\bin\zip.dll
0x00007ff9d4960000 - 0x00007ff9d509f000 	C:\Windows\System32\SHELL32.dll
0x00007ff9d0ad0000 - 0x00007ff9d1260000 	C:\Windows\SYSTEM32\windows.storage.dll
0x00007ff9d40b0000 - 0x00007ff9d4405000 	C:\Windows\System32\combase.dll
0x00007ff9d2350000 - 0x00007ff9d237c000 	C:\Windows\SYSTEM32\Wldp.dll
0x00007ff9d3f70000 - 0x00007ff9d401d000 	C:\Windows\System32\SHCORE.dll
0x00007ff9d3710000 - 0x00007ff9d3765000 	C:\Windows\System32\shlwapi.dll
0x00007ff9d2910000 - 0x00007ff9d292f000 	C:\Windows\SYSTEM32\profapi.dll
0x00007ff9c7b90000 - 0x00007ff9c7baa000 	C:\Users\felip\OneDrive\Desktop\android-studio-ide-202.6987402-windows\android-studio\jre\bin\net.dll
0x00007ff9c7210000 - 0x00007ff9c7318000 	C:\Windows\SYSTEM32\WINHTTP.dll
0x00007ff9d20b0000 - 0x00007ff9d211a000 	C:\Windows\system32\mswsock.dll
0x00007ff9c2360000 - 0x00007ff9c2374000 	C:\Users\felip\OneDrive\Desktop\android-studio-ide-202.6987402-windows\android-studio\jre\bin\nio.dll
0x00007ff9bf5c0000 - 0x00007ff9bf5e7000 	C:\Users\felip\.gradle\native\8bec1ad78214c89d9ad589b4d07fe93259594b29d510b10fafb7a158f7737e5d\windows-amd64\native-platform.dll
0x00007ff9b77a0000 - 0x00007ff9b78dd000 	C:\Users\felip\.gradle\native\53dbd7edfb1c66fb8903c78663c9afc45aea4f116125fa6feffd364cf09443e8\windows-amd64\native-platform-file-events.dll
0x00007ff9cc7e0000 - 0x00007ff9cc7ea000 	C:\Users\felip\OneDrive\Desktop\android-studio-ide-202.6987402-windows\android-studio\jre\bin\management.dll
0x00007ff9cb9d0000 - 0x00007ff9cb9dc000 	C:\Users\felip\OneDrive\Desktop\android-studio-ide-202.6987402-windows\android-studio\jre\bin\management_ext.dll
0x00007ff9d22b0000 - 0x00007ff9d22c8000 	C:\Windows\SYSTEM32\CRYPTSP.dll
0x00007ff9d1a30000 - 0x00007ff9d1a64000 	C:\Windows\system32\rsaenh.dll
0x00007ff9d3090000 - 0x00007ff9d30b7000 	C:\Windows\System32\bcrypt.dll
0x00007ff9d28d0000 - 0x00007ff9d28fe000 	C:\Windows\SYSTEM32\USERENV.dll
0x00007ff9d22a0000 - 0x00007ff9d22ac000 	C:\Windows\SYSTEM32\CRYPTBASE.dll
0x00007ff9d1da0000 - 0x00007ff9d1ddb000 	C:\Windows\SYSTEM32\IPHLPAPI.DLL
0x00007ff9d4920000 - 0x00007ff9d4928000 	C:\Windows\System32\NSI.dll
0x00007ff9cabe0000 - 0x00007ff9cabf7000 	C:\Windows\SYSTEM32\dhcpcsvc6.DLL
0x00007ff9cc0b0000 - 0x00007ff9cc0cd000 	C:\Windows\SYSTEM32\dhcpcsvc.DLL
0x00007ff9d1de0000 - 0x00007ff9d1eac000 	C:\Windows\SYSTEM32\DNSAPI.dll

dbghelp: loaded successfully - version: 4.0.5 - missing functions: none
symbol engine: initialized successfully - sym options: 0x614 - pdb path: .;C:\Users\felip\OneDrive\Desktop\android-studio-ide-202.6987402-windows\android-studio\jre\bin;C:\Windows\SYSTEM32;C:\Program Files\Avast Software\Avast;C:\Windows\WinSxS\amd64_microsoft.windows.common-controls_6595b64144ccf1df_6.0.19041.1110_none_60b5254171f9507e;C:\Users\felip\OneDrive\Desktop\android-studio-ide-202.6987402-windows\android-studio\jre\bin\server;C:\Users\felip\.gradle\native\8bec1ad78214c89d9ad589b4d07fe93259594b29d510b10fafb7a158f7737e5d\windows-amd64;C:\Users\felip\.gradle\native\53dbd7edfb1c66fb8903c78663c9afc45aea4f116125fa6feffd364cf09443e8\windows-amd64

VM Arguments:
jvm_args: --add-opens=java.base/java.util=ALL-UNNAMED --add-opens=java.base/java.lang=ALL-UNNAMED --add-opens=java.base/java.lang.invoke=ALL-UNNAMED --add-opens=java.base/java.util=ALL-UNNAMED --add-opens=java.prefs/java.util.prefs=ALL-UNNAMED --add-opens=java.prefs/java.util.prefs=ALL-UNNAMED --add-opens=java.base/java.nio.charset=ALL-UNNAMED --add-opens=java.base/java.net=ALL-UNNAMED --add-opens=java.base/java.util.concurrent.atomic=ALL-UNNAMED -Xmx2048m -Dfile.encoding=UTF-8 -Duser.country=US -Duser.language=en -Duser.variant 
java_command: org.gradle.launcher.daemon.bootstrap.GradleDaemon 7.0.2
java_class_path (initial): C:\Users\felip\.gradle\wrapper\dists\gradle-7.0.2-bin\857tjihv64xamwrf0h14cai3r\gradle-7.0.2\lib\gradle-launcher-7.0.2.jar
Launcher Type: SUN_STANDARD

[Global flags]
     intx CICompilerCount                          = 2                                         {product} {ergonomic}
     uint ConcGCThreads                            = 1                                         {product} {ergonomic}
     uint G1ConcRefinementThreads                  = 2                                         {product} {ergonomic}
   size_t G1HeapRegionSize                         = 1048576                                   {product} {ergonomic}
    uintx GCDrainStackTargetSize                   = 64                                        {product} {ergonomic}
   size_t InitialHeapSize                          = 67108864                                  {product} {ergonomic}
   size_t MarkStackSize                            = 4194304                                   {product} {ergonomic}
   size_t MaxHeapSize                              = 2147483648                                {product} {command line}
   size_t MaxNewSize                               = 1287651328                                {product} {ergonomic}
   size_t MinHeapDeltaBytes                        = 1048576                                   {product} {ergonomic}
    uintx NonNMethodCodeHeapSize                   = 5825164                                {pd product} {ergonomic}
    uintx NonProfiledCodeHeapSize                  = 122916538                              {pd product} {ergonomic}
    uintx ProfiledCodeHeapSize                     = 122916538                              {pd product} {ergonomic}
    uintx ReservedCodeCacheSize                    = 251658240                              {pd product} {ergonomic}
     bool SegmentedCodeCache                       = true                                      {product} {ergonomic}
     bool UseCompressedClassPointers               = true                                 {lp64_product} {ergonomic}
     bool UseCompressedOops                        = true                                 {lp64_product} {ergonomic}
     bool UseG1GC                                  = true                                      {product} {ergonomic}
     bool UseLargePagesIndividualAllocation        = false                                  {pd product} {ergonomic}

Logging:
Log output configuration:
 #0: stdout all=warning uptime,level,tags
 #1: stderr all=off uptime,level,tags

Environment Variables:
PATH=C:\Program Files\Common Files\Oracle\Java\javapath;C:\Program Files (x86)\Common Files\Oracle\Java\javapath;C:\Windows\system32;C:\Windows;C:\Windows\System32\Wbem;C:\Windows\System32\WindowsPowerShell\v1.0\;C:\Windows\System32\OpenSSH\;C:\ProgramData\chocolatey\bin;C:\Program Files (x86)\Yarn\bin\;C:\Program Files\Git\cmd;C:\Program Files\nodejs\;C:\Users\felip\AppData\Local\Microsoft\WindowsApps;C:\Users\felip\AppData\Local\Programs\Microsoft VS Code\bin;C:\Users\felip\AppData\Local\Yarn\bin;C:\Users\felip\AppData\Local\GitHubDesktop\bin;C:\Users\felip\AppData\Roaming\npm
USERNAME=felip
OS=Windows_NT
PROCESSOR_IDENTIFIER=Intel64 Family 6 Model 23 Stepping 10, GenuineIntel



---------------  S Y S T E M  ---------------

OS: Windows 10 , 64 bit Build 19041 (10.0.19041.1202)
OS uptime: 11 days 21:44 hours

CPU:total 2 (initial active 2) (2 cores per cpu, 1 threads per core) family 6 model 23 stepping 10 microcode 0xa0c, cmov, cx8, fxsr, mmx, sse, sse2, sse3, ssse3, tsc

Memory: 4k page, system-wide physical 4061M (32M free)
TotalPageFile size 4061M (AvailPageFile size 5M)
current process WorkingSet (physical memory assigned to process): 214M, peak: 214M
current process commit charge ("private bytes"): 241M, peak: 242M

vm_info: OpenJDK 64-Bit Server VM (11.0.10+0-b96-7249189) for windows-amd64 JRE (11.0.10+0-b96-7249189), built on Mar 31 2021 21:44:00 by "builder" with MS VC++ 14.0 (VS2015)

END.
