#
# There is insufficient memory for the Java Runtime Environment to continue.
# Native memory allocation (malloc) failed to allocate 1293776 bytes for Chunk::new
# Possible reasons:
#   The system is out of physical RAM or swap space
#   The process is running with CompressedOops enabled, and the Java Heap may be blocking the growth of the native heap
# Possible solutions:
#   Reduce memory load on the system
#   Increase physical memory or swap space
#   Check if swap backing store is full
#   Decrease Java heap size (-Xmx/-Xms)
#   Decrease number of Java threads
#   Decrease Java thread stack sizes (-Xss)
#   Set larger code cache with -XX:ReservedCodeCacheSize=
#   JVM is running with Unscaled Compressed Oops mode in which the Java heap is
#     placed in the first 4GB address space. The Java Heap base address is the
#     maximum limit for the native heap growth. Please use -XX:HeapBaseMinAddress
#     to set the Java Heap base and to place the Java Heap above 4GB virtual address.
# This output file may be truncated or incomplete.
#
#  Out of Memory Error (./src/hotspot/share/memory/arena.cpp:197), pid=4008, tid=5616
#
# JRE version: OpenJDK Runtime Environment (11.0.11+9) (build 11.0.11+9-b60-7590822)
# Java VM: OpenJDK 64-Bit Server VM (11.0.11+9-b60-7590822, mixed mode, tiered, compressed oops, g1 gc, windows-amd64)
# No core dump will be written. Minidumps are not enabled by default on client versions of Windows
#

---------------  S U M M A R Y ------------

Command Line: --add-opens=java.base/java.util=ALL-UNNAMED --add-opens=java.base/java.lang=ALL-UNNAMED --add-opens=java.base/java.lang.invoke=ALL-UNNAMED --add-opens=java.base/java.util=ALL-UNNAMED --add-opens=java.prefs/java.util.prefs=ALL-UNNAMED --add-opens=java.prefs/java.util.prefs=ALL-UNNAMED --add-opens=java.base/java.nio.charset=ALL-UNNAMED --add-opens=java.base/java.net=ALL-UNNAMED --add-opens=java.base/java.util.concurrent.atomic=ALL-UNNAMED -Xmx512m -Dfile.encoding=UTF-8 -Duser.country=US -Duser.language=en -Duser.variant org.gradle.launcher.daemon.bootstrap.GradleDaemon 7.0.2

Host: Celeron(R) Dual-Core CPU       T3500  @ 2.10GHz, 2 cores, 3G,  Windows 10 , 64 bit Build 19041 (10.0.19041.1348)
Time: Mon Nov 29 11:45:21 2021 E. South America Standard Time elapsed time: 505.259997 seconds (0d 0h 8m 25s)

---------------  T H R E A D  ---------------

Current thread (0x000001d4fc75c800):  JavaThread "C2 CompilerThread0" daemon [_thread_in_native, id=5616, stack(0x000000a8d9f00000,0x000000a8da000000)]


Current CompileTask:
C2: 505260 13348   !   4       org.gradle.internal.instantiation.generator.AsmBackedClassGenerator$InvokeConstructorStrategy::newInstance (66 bytes)

Stack: [0x000000a8d9f00000,0x000000a8da000000]
Native frames: (J=compiled Java code, j=interpreted, Vv=VM code, C=native code)
V  [jvm.dll+0x5f214a]
V  [jvm.dll+0x726fb5]
V  [jvm.dll+0x7285cd]
V  [jvm.dll+0x728c83]
V  [jvm.dll+0x243278]
V  [jvm.dll+0xbc53c]
V  [jvm.dll+0xbca3c]
V  [jvm.dll+0x353e7d]
V  [jvm.dll+0x19895c]
V  [jvm.dll+0x1fc2ee]
V  [jvm.dll+0x1fb3d4]
V  [jvm.dll+0x183d6c]
V  [jvm.dll+0x209a57]
V  [jvm.dll+0x2082a1]
V  [jvm.dll+0x6ef58f]
V  [jvm.dll+0x6e80b5]
V  [jvm.dll+0x5f1036]
C  [ucrtbase.dll+0x21bb2]
C  [KERNEL32.DLL+0x17034]
C  [ntdll.dll+0x52651]


---------------  P R O C E S S  ---------------

Threads class SMR info:
_java_thread_list=0x000001d4ff1b5580, length=37, elements={
0x000001d4e4182000, 0x000001d4fc6f7800, 0x000001d4fc701000, 0x000001d4fc755800,
0x000001d4fc756800, 0x000001d4fc759800, 0x000001d4fc75c800, 0x000001d4fc8c3000,
0x000001d4fc8c5800, 0x000001d4fc9c1800, 0x000001d4fe30e000, 0x000001d4fda3d800,
0x000001d4fdc3a000, 0x000001d4fe40c000, 0x000001d4fe06b000, 0x000001d4fdf6a800,
0x000001d4fda97800, 0x000001d4fcd38800, 0x000001d4fcc89800, 0x000001d4fcc88800,
0x000001d4fcc8a800, 0x000001d4fcc86800, 0x000001d4fcc8b000, 0x000001d4fcc85800,
0x000001d4fcc8c000, 0x000001d4fcc87000, 0x000001d4fcc88000, 0x000001d4fcde7000,
0x000001d4fcde6000, 0x000001d4fcde7800, 0x000001d4fcde8800, 0x000001d4fcde2800,
0x000001d4fcde4800, 0x000001d4fcdeb000, 0x000001d4fcdf0000, 0x000001d4fcdef000,
0x000001d4fcdee000
}

Java Threads: ( => current thread )
  0x000001d4e4182000 JavaThread "main" [_thread_blocked, id=3592, stack(0x000000a8d9300000,0x000000a8d9400000)]
  0x000001d4fc6f7800 JavaThread "Reference Handler" daemon [_thread_blocked, id=8528, stack(0x000000a8d9a00000,0x000000a8d9b00000)]
  0x000001d4fc701000 JavaThread "Finalizer" daemon [_thread_blocked, id=7856, stack(0x000000a8d9b00000,0x000000a8d9c00000)]
  0x000001d4fc755800 JavaThread "Signal Dispatcher" daemon [_thread_blocked, id=7148, stack(0x000000a8d9c00000,0x000000a8d9d00000)]
  0x000001d4fc756800 JavaThread "Attach Listener" daemon [_thread_blocked, id=6220, stack(0x000000a8d9d00000,0x000000a8d9e00000)]
  0x000001d4fc759800 JavaThread "Service Thread" daemon [_thread_blocked, id=3956, stack(0x000000a8d9e00000,0x000000a8d9f00000)]
=>0x000001d4fc75c800 JavaThread "C2 CompilerThread0" daemon [_thread_in_native, id=5616, stack(0x000000a8d9f00000,0x000000a8da000000)]
  0x000001d4fc8c3000 JavaThread "C1 CompilerThread0" daemon [_thread_blocked, id=6820, stack(0x000000a8da000000,0x000000a8da100000)]
  0x000001d4fc8c5800 JavaThread "Sweeper thread" daemon [_thread_blocked, id=7820, stack(0x000000a8da100000,0x000000a8da200000)]
  0x000001d4fc9c1800 JavaThread "Common-Cleaner" daemon [_thread_blocked, id=2536, stack(0x000000a8da200000,0x000000a8da300000)]
  0x000001d4fe30e000 JavaThread "Daemon health stats" [_thread_blocked, id=8036, stack(0x000000a8da500000,0x000000a8da600000)]
  0x000001d4fda3d800 JavaThread "Incoming local TCP Connector on port 12345" [_thread_in_native, id=1044, stack(0x000000a8da600000,0x000000a8da700000)]
  0x000001d4fdc3a000 JavaThread "Daemon periodic checks" [_thread_blocked, id=5284, stack(0x000000a8da700000,0x000000a8da800000)]
  0x000001d4fe40c000 JavaThread "Daemon" [_thread_blocked, id=9112, stack(0x000000a8da800000,0x000000a8da900000)]
  0x000001d4fe06b000 JavaThread "Handler for socket connection from /127.0.0.1:12345 to /127.0.0.1:12346" [_thread_in_native, id=6868, stack(0x000000a8da900000,0x000000a8daa00000)]
  0x000001d4fdf6a800 JavaThread "Cancel handler" [_thread_blocked, id=5080, stack(0x000000a8daa00000,0x000000a8dab00000)]
  0x000001d4fda97800 JavaThread "Daemon worker" [_thread_in_vm, id=1252, stack(0x000000a8dab00000,0x000000a8dac00000)]
  0x000001d4fcd38800 JavaThread "Asynchronous log dispatcher for DefaultDaemonConnection: socket connection from /127.0.0.1:12345 to /127.0.0.1:12346" [_thread_blocked, id=8208, stack(0x000000a8dac00000,0x000000a8dad00000)]
  0x000001d4fcc89800 JavaThread "Daemon client event forwarder" [_thread_blocked, id=5948, stack(0x000000a8dae00000,0x000000a8daf00000)]
  0x000001d4fcc88800 JavaThread "Cache worker for file hash cache (C:\Users\felip\.gradle\caches\7.0.2\fileHashes)" [_thread_blocked, id=6360, stack(0x000000a8daf00000,0x000000a8db000000)]
  0x000001d4fcc8a800 JavaThread "File lock request listener" [_thread_in_native, id=5528, stack(0x000000a8db000000,0x000000a8db100000)]
  0x000001d4fcc86800 JavaThread "Cache worker for journal cache (C:\Users\felip\.gradle\caches\journal-1)" [_thread_blocked, id=1724, stack(0x000000a8db100000,0x000000a8db200000)]
  0x000001d4fcc8b000 JavaThread "Cache worker for file hash cache (C:\Users\felip\AndroidStudioProjects\VideoApp\.gradle\7.0.2\fileHashes)" [_thread_blocked, id=5084, stack(0x000000a8db200000,0x000000a8db300000)]
  0x000001d4fcc85800 JavaThread "File watcher server" daemon [_thread_in_native, id=8416, stack(0x000000a8db300000,0x000000a8db400000)]
  0x000001d4fcc8c000 JavaThread "File watcher consumer" daemon [_thread_blocked, id=2408, stack(0x000000a8db400000,0x000000a8db500000)]
  0x000001d4fcc87000 JavaThread "jar transforms" [_thread_blocked, id=6324, stack(0x000000a8db500000,0x000000a8db600000)]
  0x000001d4fcc88000 JavaThread "jar transforms Thread 2" [_thread_blocked, id=5428, stack(0x000000a8db600000,0x000000a8db700000)]
  0x000001d4fcde7000 JavaThread "Cache worker for checksums cache (C:\Users\felip\AndroidStudioProjects\VideoApp\.gradle\checksums)" [_thread_blocked, id=2616, stack(0x000000a8db900000,0x000000a8dba00000)]
  0x000001d4fcde6000 JavaThread "Cache worker for cache directory md-supplier (C:\Users\felip\.gradle\caches\7.0.2\md-supplier)" [_thread_blocked, id=5944, stack(0x000000a8dba00000,0x000000a8dbb00000)]
  0x000001d4fcde7800 JavaThread "Cache worker for cache directory md-rule (C:\Users\felip\.gradle\caches\7.0.2\md-rule)" [_thread_blocked, id=6972, stack(0x000000a8dbb00000,0x000000a8dbc00000)]
  0x000001d4fcde8800 JavaThread "Cache worker for execution history cache (C:\Users\felip\.gradle\caches\7.0.2\executionHistory)" [_thread_blocked, id=4872, stack(0x000000a8dbc00000,0x000000a8dbd00000)]
  0x000001d4fcde2800 JavaThread "Cache worker for file content cache (C:\Users\felip\.gradle\caches\7.0.2\fileContent)" [_thread_blocked, id=2168, stack(0x000000a8dbd00000,0x000000a8dbe00000)]
  0x000001d4fcde4800 JavaThread "Cache worker for dependencies-accessors (C:\Users\felip\AndroidStudioProjects\VideoApp\.gradle\7.0.2\dependencies-accessors)" [_thread_blocked, id=1104, stack(0x000000a8d9000000,0x000000a8d9100000)]
  0x000001d4fcdeb000 JavaThread "Cache worker for Build Output Cleanup Cache (C:\Users\felip\AndroidStudioProjects\VideoApp\.gradle\buildOutputCleanup)" [_thread_blocked, id=3020, stack(0x000000a8d9100000,0x000000a8d9200000)]
  0x000001d4fcdf0000 JavaThread "Build operations" [_thread_blocked, id=3044, stack(0x000000a8dad00000,0x000000a8dae00000)]
  0x000001d4fcdef000 JavaThread "Build operations Thread 2" [_thread_in_native, id=3756, stack(0x000000a8dbe00000,0x000000a8dbf00000)]
  0x000001d4fcdee000 JavaThread "Memory manager" [_thread_blocked, id=4832, stack(0x000000a8db700000,0x000000a8db800000)]

Other Threads:
  0x000001d4fc6d2000 VMThread "VM Thread" [stack: 0x000000a8d9900000,0x000000a8d9a00000] [id=1752]
  0x000001d4fc9cf800 WatcherThread [stack: 0x000000a8da300000,0x000000a8da400000] [id=3536]
  0x000001d4e419b000 GCTaskThread "GC Thread#0" [stack: 0x000000a8d9400000,0x000000a8d9500000] [id=8496]
  0x000001d4fcb2d800 GCTaskThread "GC Thread#1" [stack: 0x000000a8da400000,0x000000a8da500000] [id=7624]
  0x000001d4e41ab800 ConcurrentGCThread "G1 Main Marker" [stack: 0x000000a8d9500000,0x000000a8d9600000] [id=6304]
  0x000001d4e41ad000 ConcurrentGCThread "G1 Conc#0" [stack: 0x000000a8d9600000,0x000000a8d9700000] [id=5432]
  0x000001d4e41fa000 ConcurrentGCThread "G1 Refine#0" [stack: 0x000000a8d9700000,0x000000a8d9800000] [id=564]
  0x000001d4e41fb800 ConcurrentGCThread "G1 Young RemSet Sampling" [stack: 0x000000a8d9800000,0x000000a8d9900000] [id=8588]

Threads with active compile tasks:
C2 CompilerThread0 506374 13348   !   4       org.gradle.internal.instantiation.generator.AsmBackedClassGenerator$InvokeConstructorStrategy::newInstance (66 bytes)

VM state:not at safepoint (normal execution)

VM Mutex/Monitor currently owned by a thread:  ([mutex/lock_event])
[0x000001d4e417f790] Compile_lock - owner thread: 0x0000000000000000

Heap address: 0x00000000e0000000, size: 512 MB, Compressed Oops mode: 32-bit
Narrow klass base: 0x0000000000000000, Narrow klass shift: 3
Compressed class space size: 1073741824 Address: 0x0000000100000000

Heap:
 garbage-first heap   total 130048K, used 124325K [0x00000000e0000000, 0x0000000100000000)
  region size 1024K, 4 young (4096K), 1 survivors (1024K)
 Metaspace       used 105288K, capacity 107584K, committed 107776K, reserved 1142784K
  class space    used 13238K, capacity 14027K, committed 14080K, reserved 1048576K
Heap Regions: E=young(eden), S=young(survivor), O=old, HS=humongous(starts), HC=humongous(continues), CS=collection set, F=free, A=archive, TAMS=top-at-mark-start (previous, next)
|   0|0x00000000e0000000, 0x00000000e0100000, 0x00000000e0100000|100%| O|  |TAMS 0x00000000e0100000, 0x00000000e0100000| Untracked 
|   1|0x00000000e0100000, 0x00000000e0200000, 0x00000000e0200000|100%| O|  |TAMS 0x00000000e0200000, 0x00000000e0200000| Untracked 
|   2|0x00000000e0200000, 0x00000000e0300000, 0x00000000e0300000|100%| O|  |TAMS 0x00000000e0300000, 0x00000000e0300000| Untracked 
|   3|0x00000000e0300000, 0x00000000e0400000, 0x00000000e0400000|100%| O|  |TAMS 0x00000000e0400000, 0x00000000e0400000| Untracked 
|   4|0x00000000e0400000, 0x00000000e0500000, 0x00000000e0500000|100%|HS|  |TAMS 0x00000000e0500000, 0x00000000e0500000| Complete 
|   5|0x00000000e0500000, 0x00000000e0600000, 0x00000000e0600000|100%|HC|  |TAMS 0x00000000e0600000, 0x00000000e0600000| Complete 
|   6|0x00000000e0600000, 0x00000000e0700000, 0x00000000e0700000|100%|HC|  |TAMS 0x00000000e0700000, 0x00000000e0700000| Complete 
|   7|0x00000000e0700000, 0x00000000e0800000, 0x00000000e0800000|100%| O|  |TAMS 0x00000000e0800000, 0x00000000e0800000| Untracked 
|   8|0x00000000e0800000, 0x00000000e0900000, 0x00000000e0900000|100%| O|  |TAMS 0x00000000e0900000, 0x00000000e0900000| Untracked 
|   9|0x00000000e0900000, 0x00000000e0a00000, 0x00000000e0a00000|100%| O|  |TAMS 0x00000000e0a00000, 0x00000000e0a00000| Untracked 
|  10|0x00000000e0a00000, 0x00000000e0b00000, 0x00000000e0b00000|100%| O|  |TAMS 0x00000000e0b00000, 0x00000000e0b00000| Untracked 
|  11|0x00000000e0b00000, 0x00000000e0c00000, 0x00000000e0c00000|100%| O|  |TAMS 0x00000000e0c00000, 0x00000000e0c00000| Untracked 
|  12|0x00000000e0c00000, 0x00000000e0d00000, 0x00000000e0d00000|100%| O|  |TAMS 0x00000000e0d00000, 0x00000000e0d00000| Untracked 
|  13|0x00000000e0d00000, 0x00000000e0e00000, 0x00000000e0e00000|100%| O|  |TAMS 0x00000000e0e00000, 0x00000000e0e00000| Untracked 
|  14|0x00000000e0e00000, 0x00000000e0f00000, 0x00000000e0f00000|100%| O|  |TAMS 0x00000000e0f00000, 0x00000000e0f00000| Untracked 
|  15|0x00000000e0f00000, 0x00000000e1000000, 0x00000000e1000000|100%| O|  |TAMS 0x00000000e1000000, 0x00000000e1000000| Untracked 
|  16|0x00000000e1000000, 0x00000000e1100000, 0x00000000e1100000|100%|HS|  |TAMS 0x00000000e1100000, 0x00000000e1100000| Complete 
|  17|0x00000000e1100000, 0x00000000e1200000, 0x00000000e1200000|100%|HC|  |TAMS 0x00000000e1200000, 0x00000000e1200000| Complete 
|  18|0x00000000e1200000, 0x00000000e1300000, 0x00000000e1300000|100%|HS|  |TAMS 0x00000000e1300000, 0x00000000e1300000| Complete 
|  19|0x00000000e1300000, 0x00000000e1400000, 0x00000000e1400000|100%|HC|  |TAMS 0x00000000e1400000, 0x00000000e1400000| Complete 
|  20|0x00000000e1400000, 0x00000000e1500000, 0x00000000e1500000|100%|HC|  |TAMS 0x00000000e1500000, 0x00000000e1500000| Complete 
|  21|0x00000000e1500000, 0x00000000e1600000, 0x00000000e1600000|100%|HS|  |TAMS 0x00000000e1600000, 0x00000000e1600000| Complete 
|  22|0x00000000e1600000, 0x00000000e1700000, 0x00000000e1700000|100%|HC|  |TAMS 0x00000000e1700000, 0x00000000e1700000| Complete 
|  23|0x00000000e1700000, 0x00000000e1800000, 0x00000000e1800000|100%|HC|  |TAMS 0x00000000e1800000, 0x00000000e1800000| Complete 
|  24|0x00000000e1800000, 0x00000000e1900000, 0x00000000e1900000|100%|HC|  |TAMS 0x00000000e1900000, 0x00000000e1900000| Complete 
|  25|0x00000000e1900000, 0x00000000e1a00000, 0x00000000e1a00000|100%| O|  |TAMS 0x00000000e1a00000, 0x00000000e1a00000| Untracked 
|  26|0x00000000e1a00000, 0x00000000e1b00000, 0x00000000e1b00000|100%| O|  |TAMS 0x00000000e1b00000, 0x00000000e1b00000| Untracked 
|  27|0x00000000e1b00000, 0x00000000e1c00000, 0x00000000e1c00000|100%| O|  |TAMS 0x00000000e1c00000, 0x00000000e1c00000| Untracked 
|  28|0x00000000e1c00000, 0x00000000e1d00000, 0x00000000e1d00000|100%| O|  |TAMS 0x00000000e1d00000, 0x00000000e1d00000| Untracked 
|  29|0x00000000e1d00000, 0x00000000e1e00000, 0x00000000e1e00000|100%| O|  |TAMS 0x00000000e1e00000, 0x00000000e1e00000| Untracked 
|  30|0x00000000e1e00000, 0x00000000e1f00000, 0x00000000e1f00000|100%| O|  |TAMS 0x00000000e1f00000, 0x00000000e1f00000| Untracked 
|  31|0x00000000e1f00000, 0x00000000e2000000, 0x00000000e2000000|100%| O|  |TAMS 0x00000000e2000000, 0x00000000e2000000| Untracked 
|  32|0x00000000e2000000, 0x00000000e2100000, 0x00000000e2100000|100%| O|  |TAMS 0x00000000e2100000, 0x00000000e2100000| Untracked 
|  33|0x00000000e2100000, 0x00000000e2200000, 0x00000000e2200000|100%| O|  |TAMS 0x00000000e2200000, 0x00000000e2200000| Untracked 
|  34|0x00000000e2200000, 0x00000000e2300000, 0x00000000e2300000|100%|HS|  |TAMS 0x00000000e2300000, 0x00000000e2300000| Complete 
|  35|0x00000000e2300000, 0x00000000e2400000, 0x00000000e2400000|100%|HC|  |TAMS 0x00000000e2400000, 0x00000000e2400000| Complete 
|  36|0x00000000e2400000, 0x00000000e2500000, 0x00000000e2500000|100%|HC|  |TAMS 0x00000000e2500000, 0x00000000e2500000| Complete 
|  37|0x00000000e2500000, 0x00000000e2600000, 0x00000000e2600000|100%| O|  |TAMS 0x00000000e2600000, 0x00000000e2600000| Untracked 
|  38|0x00000000e2600000, 0x00000000e2700000, 0x00000000e2700000|100%| O|  |TAMS 0x00000000e2700000, 0x00000000e2700000| Untracked 
|  39|0x00000000e2700000, 0x00000000e2800000, 0x00000000e2800000|100%| O|  |TAMS 0x00000000e2800000, 0x00000000e2800000| Untracked 
|  40|0x00000000e2800000, 0x00000000e2900000, 0x00000000e2900000|100%| O|  |TAMS 0x00000000e2900000, 0x00000000e2900000| Untracked 
|  41|0x00000000e2900000, 0x00000000e2a00000, 0x00000000e2a00000|100%| O|  |TAMS 0x00000000e2a00000, 0x00000000e2a00000| Untracked 
|  42|0x00000000e2a00000, 0x00000000e2b00000, 0x00000000e2b00000|100%| O|  |TAMS 0x00000000e2b00000, 0x00000000e2b00000| Untracked 
|  43|0x00000000e2b00000, 0x00000000e2c00000, 0x00000000e2c00000|100%| O|  |TAMS 0x00000000e2c00000, 0x00000000e2c00000| Untracked 
|  44|0x00000000e2c00000, 0x00000000e2d00000, 0x00000000e2d00000|100%| O|  |TAMS 0x00000000e2d00000, 0x00000000e2d00000| Untracked 
|  45|0x00000000e2d00000, 0x00000000e2e00000, 0x00000000e2e00000|100%| O|  |TAMS 0x00000000e2e00000, 0x00000000e2e00000| Untracked 
|  46|0x00000000e2e00000, 0x00000000e2f00000, 0x00000000e2f00000|100%| O|  |TAMS 0x00000000e2f00000, 0x00000000e2f00000| Untracked 
|  47|0x00000000e2f00000, 0x00000000e3000000, 0x00000000e3000000|100%| O|  |TAMS 0x00000000e3000000, 0x00000000e3000000| Untracked 
|  48|0x00000000e3000000, 0x00000000e3100000, 0x00000000e3100000|100%| O|  |TAMS 0x00000000e3100000, 0x00000000e3100000| Untracked 
|  49|0x00000000e3100000, 0x00000000e3200000, 0x00000000e3200000|100%| O|  |TAMS 0x00000000e3200000, 0x00000000e3200000| Untracked 
|  50|0x00000000e3200000, 0x00000000e3300000, 0x00000000e3300000|100%|HS|  |TAMS 0x00000000e3300000, 0x00000000e3300000| Complete 
|  51|0x00000000e3300000, 0x00000000e3400000, 0x00000000e3400000|100%|HC|  |TAMS 0x00000000e3400000, 0x00000000e3400000| Complete 
|  52|0x00000000e3400000, 0x00000000e3500000, 0x00000000e3500000|100%|HC|  |TAMS 0x00000000e3500000, 0x00000000e3500000| Complete 
|  53|0x00000000e3500000, 0x00000000e3600000, 0x00000000e3600000|100%|HC|  |TAMS 0x00000000e3600000, 0x00000000e3600000| Complete 
|  54|0x00000000e3600000, 0x00000000e3700000, 0x00000000e3700000|100%| O|  |TAMS 0x00000000e3700000, 0x00000000e3700000| Untracked 
|  55|0x00000000e3700000, 0x00000000e3800000, 0x00000000e3800000|100%| O|  |TAMS 0x00000000e3800000, 0x00000000e3800000| Untracked 
|  56|0x00000000e3800000, 0x00000000e3900000, 0x00000000e3900000|100%| O|  |TAMS 0x00000000e3900000, 0x00000000e3900000| Untracked 
|  57|0x00000000e3900000, 0x00000000e3a00000, 0x00000000e3a00000|100%| O|  |TAMS 0x00000000e3a00000, 0x00000000e3a00000| Untracked 
|  58|0x00000000e3a00000, 0x00000000e3b00000, 0x00000000e3b00000|100%| O|  |TAMS 0x00000000e3b00000, 0x00000000e3b00000| Untracked 
|  59|0x00000000e3b00000, 0x00000000e3c00000, 0x00000000e3c00000|100%| O|  |TAMS 0x00000000e3c00000, 0x00000000e3c00000| Untracked 
|  60|0x00000000e3c00000, 0x00000000e3d00000, 0x00000000e3d00000|100%| O|  |TAMS 0x00000000e3d00000, 0x00000000e3d00000| Untracked 
|  61|0x00000000e3d00000, 0x00000000e3e00000, 0x00000000e3e00000|100%| O|  |TAMS 0x00000000e3e00000, 0x00000000e3e00000| Untracked 
|  62|0x00000000e3e00000, 0x00000000e3e00000, 0x00000000e3f00000|  0%| F|  |TAMS 0x00000000e3e00000, 0x00000000e3e00000| Untracked 
|  63|0x00000000e3f00000, 0x00000000e4000000, 0x00000000e4000000|100%| O|  |TAMS 0x00000000e4000000, 0x00000000e4000000| Untracked 
|  64|0x00000000e4000000, 0x00000000e4100000, 0x00000000e4100000|100%|HS|  |TAMS 0x00000000e4100000, 0x00000000e4100000| Complete 
|  65|0x00000000e4100000, 0x00000000e4200000, 0x00000000e4200000|100%| O|  |TAMS 0x00000000e4200000, 0x00000000e4200000| Untracked 
|  66|0x00000000e4200000, 0x00000000e4300000, 0x00000000e4300000|100%| O|  |TAMS 0x00000000e4300000, 0x00000000e4300000| Untracked 
|  67|0x00000000e4300000, 0x00000000e4400000, 0x00000000e4400000|100%|HS|  |TAMS 0x00000000e4400000, 0x00000000e4400000| Complete 
|  68|0x00000000e4400000, 0x00000000e4500000, 0x00000000e4500000|100%| O|  |TAMS 0x00000000e4500000, 0x00000000e4500000| Untracked 
|  69|0x00000000e4500000, 0x00000000e4600000, 0x00000000e4600000|100%|HS|  |TAMS 0x00000000e4600000, 0x00000000e4600000| Complete 
|  70|0x00000000e4600000, 0x00000000e4700000, 0x00000000e4700000|100%|HS|  |TAMS 0x00000000e4700000, 0x00000000e4700000| Complete 
|  71|0x00000000e4700000, 0x00000000e4800000, 0x00000000e4800000|100%|HC|  |TAMS 0x00000000e4800000, 0x00000000e4800000| Complete 
|  72|0x00000000e4800000, 0x00000000e4900000, 0x00000000e4900000|100%|HC|  |TAMS 0x00000000e4900000, 0x00000000e4900000| Complete 
|  73|0x00000000e4900000, 0x00000000e4a00000, 0x00000000e4a00000|100%|HS|  |TAMS 0x00000000e4a00000, 0x00000000e4a00000| Complete 
|  74|0x00000000e4a00000, 0x00000000e4b00000, 0x00000000e4b00000|100%|HC|  |TAMS 0x00000000e4b00000, 0x00000000e4b00000| Complete 
|  75|0x00000000e4b00000, 0x00000000e4c00000, 0x00000000e4c00000|100%| O|  |TAMS 0x00000000e4c00000, 0x00000000e4c00000| Untracked 
|  76|0x00000000e4c00000, 0x00000000e4d00000, 0x00000000e4d00000|100%| O|  |TAMS 0x00000000e4d00000, 0x00000000e4d00000| Untracked 
|  77|0x00000000e4d00000, 0x00000000e4e00000, 0x00000000e4e00000|100%| O|  |TAMS 0x00000000e4e00000, 0x00000000e4e00000| Untracked 
|  78|0x00000000e4e00000, 0x00000000e4f00000, 0x00000000e4f00000|100%| O|  |TAMS 0x00000000e4f00000, 0x00000000e4f00000| Untracked 
|  79|0x00000000e4f00000, 0x00000000e5000000, 0x00000000e5000000|100%| O|  |TAMS 0x00000000e5000000, 0x00000000e5000000| Untracked 
|  80|0x00000000e5000000, 0x00000000e5100000, 0x00000000e5100000|100%| O|  |TAMS 0x00000000e5100000, 0x00000000e5100000| Untracked 
|  81|0x00000000e5100000, 0x00000000e5200000, 0x00000000e5200000|100%| O|  |TAMS 0x00000000e5200000, 0x00000000e5200000| Untracked 
|  82|0x00000000e5200000, 0x00000000e5300000, 0x00000000e5300000|100%| O|  |TAMS 0x00000000e5300000, 0x00000000e5300000| Untracked 
|  83|0x00000000e5300000, 0x00000000e5400000, 0x00000000e5400000|100%| O|  |TAMS 0x00000000e5400000, 0x00000000e5400000| Untracked 
|  84|0x00000000e5400000, 0x00000000e5500000, 0x00000000e5500000|100%| O|  |TAMS 0x00000000e5500000, 0x00000000e5500000| Untracked 
|  85|0x00000000e5500000, 0x00000000e5600000, 0x00000000e5600000|100%| O|  |TAMS 0x00000000e5600000, 0x00000000e5600000| Untracked 
|  86|0x00000000e5600000, 0x00000000e5700000, 0x00000000e5700000|100%| O|  |TAMS 0x00000000e5700000, 0x00000000e5700000| Untracked 
|  87|0x00000000e5700000, 0x00000000e5800000, 0x00000000e5800000|100%| O|  |TAMS 0x00000000e5800000, 0x00000000e5800000| Untracked 
|  88|0x00000000e5800000, 0x00000000e5900000, 0x00000000e5900000|100%| O|  |TAMS 0x00000000e5900000, 0x00000000e5900000| Untracked 
|  89|0x00000000e5900000, 0x00000000e5a00000, 0x00000000e5a00000|100%| O|  |TAMS 0x00000000e5a00000, 0x00000000e5a00000| Untracked 
|  90|0x00000000e5a00000, 0x00000000e5b00000, 0x00000000e5b00000|100%| O|  |TAMS 0x00000000e5b00000, 0x00000000e5b00000| Untracked 
|  91|0x00000000e5b00000, 0x00000000e5c00000, 0x00000000e5c00000|100%| O|  |TAMS 0x00000000e5c00000, 0x00000000e5c00000| Untracked 
|  92|0x00000000e5c00000, 0x00000000e5d00000, 0x00000000e5d00000|100%| O|  |TAMS 0x00000000e5d00000, 0x00000000e5d00000| Untracked 
|  93|0x00000000e5d00000, 0x00000000e5e00000, 0x00000000e5e00000|100%| O|  |TAMS 0x00000000e5e00000, 0x00000000e5e00000| Untracked 
|  94|0x00000000e5e00000, 0x00000000e5f00000, 0x00000000e5f00000|100%| O|  |TAMS 0x00000000e5f00000, 0x00000000e5f00000| Untracked 
|  95|0x00000000e5f00000, 0x00000000e6000000, 0x00000000e6000000|100%| O|  |TAMS 0x00000000e6000000, 0x00000000e6000000| Untracked 
|  96|0x00000000e6000000, 0x00000000e6100000, 0x00000000e6100000|100%|HS|  |TAMS 0x00000000e6100000, 0x00000000e6100000| Complete 
|  97|0x00000000e6100000, 0x00000000e6200000, 0x00000000e6200000|100%|HC|  |TAMS 0x00000000e6200000, 0x00000000e6200000| Complete 
|  98|0x00000000e6200000, 0x00000000e6300000, 0x00000000e6300000|100%| O|  |TAMS 0x00000000e6300000, 0x00000000e6300000| Untracked 
|  99|0x00000000e6300000, 0x00000000e6400000, 0x00000000e6400000|100%|HS|  |TAMS 0x00000000e6400000, 0x00000000e6400000| Complete 
| 100|0x00000000e6400000, 0x00000000e6500000, 0x00000000e6500000|100%|HC|  |TAMS 0x00000000e6500000, 0x00000000e6500000| Complete 
| 101|0x00000000e6500000, 0x00000000e6600000, 0x00000000e6600000|100%|HC|  |TAMS 0x00000000e6600000, 0x00000000e6600000| Complete 
| 102|0x00000000e6600000, 0x00000000e6700000, 0x00000000e6700000|100%|HS|  |TAMS 0x00000000e6700000, 0x00000000e6700000| Complete 
| 103|0x00000000e6700000, 0x00000000e6800000, 0x00000000e6800000|100%|HC|  |TAMS 0x00000000e6800000, 0x00000000e6800000| Complete 
| 104|0x00000000e6800000, 0x00000000e6900000, 0x00000000e6900000|100%|HC|  |TAMS 0x00000000e6900000, 0x00000000e6900000| Complete 
| 105|0x00000000e6900000, 0x00000000e6a00000, 0x00000000e6a00000|100%|HC|  |TAMS 0x00000000e6a00000, 0x00000000e6a00000| Complete 
| 106|0x00000000e6a00000, 0x00000000e6b00000, 0x00000000e6b00000|100%| O|  |TAMS 0x00000000e6b00000, 0x00000000e6b00000| Untracked 
| 107|0x00000000e6b00000, 0x00000000e6c00000, 0x00000000e6c00000|100%| O|  |TAMS 0x00000000e6bd9200, 0x00000000e6c00000| Untracked 
| 108|0x00000000e6c00000, 0x00000000e6cca5d0, 0x00000000e6d00000| 79%| S|CS|TAMS 0x00000000e6c00000, 0x00000000e6c00000| Complete 
| 109|0x00000000e6d00000, 0x00000000e6d00000, 0x00000000e6e00000|  0%| F|  |TAMS 0x00000000e6d00000, 0x00000000e6d00000| Untracked 
| 110|0x00000000e6e00000, 0x00000000e6e00000, 0x00000000e6f00000|  0%| F|  |TAMS 0x00000000e6e00000, 0x00000000e6e00000| Untracked 
| 111|0x00000000e6f00000, 0x00000000e7000000, 0x00000000e7000000|100%| O|  |TAMS 0x00000000e7000000, 0x00000000e7000000| Untracked 
| 112|0x00000000e7000000, 0x00000000e7100000, 0x00000000e7100000|100%| O|  |TAMS 0x00000000e7100000, 0x00000000e7100000| Untracked 
| 113|0x00000000e7100000, 0x00000000e7200000, 0x00000000e7200000|100%| O|  |TAMS 0x00000000e7200000, 0x00000000e7200000| Untracked 
| 114|0x00000000e7200000, 0x00000000e7200000, 0x00000000e7300000|  0%| F|  |TAMS 0x00000000e7200000, 0x00000000e7200000| Untracked 
| 115|0x00000000e7300000, 0x00000000e7400000, 0x00000000e7400000|100%| O|  |TAMS 0x00000000e7400000, 0x00000000e7400000| Untracked 
| 116|0x00000000e7400000, 0x00000000e7500000, 0x00000000e7500000|100%| O|  |TAMS 0x00000000e7500000, 0x00000000e7500000| Untracked 
| 117|0x00000000e7500000, 0x00000000e7600000, 0x00000000e7600000|100%| O|  |TAMS 0x00000000e7600000, 0x00000000e7600000| Untracked 
| 118|0x00000000e7600000, 0x00000000e7700000, 0x00000000e7700000|100%| O|  |TAMS 0x00000000e7700000, 0x00000000e7700000| Untracked 
| 119|0x00000000e7700000, 0x00000000e7800000, 0x00000000e7800000|100%| O|  |TAMS 0x00000000e7800000, 0x00000000e7800000| Untracked 
| 120|0x00000000e7800000, 0x00000000e78f8250, 0x00000000e7900000| 96%| E|  |TAMS 0x00000000e7800000, 0x00000000e7800000| Complete 
| 121|0x00000000e7900000, 0x00000000e7a00000, 0x00000000e7a00000|100%| E|CS|TAMS 0x00000000e7900000, 0x00000000e7900000| Complete 
| 122|0x00000000e7a00000, 0x00000000e7b00000, 0x00000000e7b00000|100%| O|  |TAMS 0x00000000e7b00000, 0x00000000e7b00000| Untracked 
| 123|0x00000000e7b00000, 0x00000000e7c00000, 0x00000000e7c00000|100%| O|  |TAMS 0x00000000e7c00000, 0x00000000e7c00000| Untracked 
| 124|0x00000000e7c00000, 0x00000000e7d00000, 0x00000000e7d00000|100%| E|CS|TAMS 0x00000000e7c00000, 0x00000000e7c00000| Complete 
| 125|0x00000000e7d00000, 0x00000000e7e00000, 0x00000000e7e00000|100%| O|  |TAMS 0x00000000e7e00000, 0x00000000e7e00000| Untracked 
| 126|0x00000000e7e00000, 0x00000000e7e9f200, 0x00000000e7f00000| 62%| O|  |TAMS 0x00000000e7e00000, 0x00000000e7e9f200| Untracked 

Card table byte_map: [0x000001d4f8980000,0x000001d4f8a80000] _byte_map_base: 0x000001d4f8280000

Marking Bits (Prev, Next): (CMBitMap*) 0x000001d4e41a8a40, (CMBitMap*) 0x000001d4e41a8a08
 Prev Bits: [0x000001d4f9380000, 0x000001d4f9b80000)
 Next Bits: [0x000001d4f8b80000, 0x000001d4f9380000)

Polling page: 0x000001d4e4020000

Metaspace:

Usage:
  Non-class:     91.36 MB capacity,    89.89 MB ( 98%) used,     1.22 MB (  1%) free+waste,   260.38 KB ( <1%) overhead. 
      Class:     13.70 MB capacity,    12.93 MB ( 94%) used,   673.09 KB (  5%) free+waste,   115.06 KB ( <1%) overhead. 
       Both:    105.06 MB capacity,   102.82 MB ( 98%) used,     1.87 MB (  2%) free+waste,   375.44 KB ( <1%) overhead. 

Virtual space:
  Non-class space:       92.00 MB reserved,      91.50 MB (>99%) committed 
      Class space:        1.00 GB reserved,      13.75 MB (  1%) committed 
             Both:        1.09 GB reserved,     105.25 MB (  9%) committed 

Chunk freelists:
   Non-Class:  75.00 KB
       Class:  21.00 KB
        Both:  96.00 KB

MaxMetaspaceSize: 17179869184.00 GB
CompressedClassSpaceSize: 1.00 GB

CodeHeap 'non-profiled nmethods': size=120064Kb used=10363Kb max_used=10363Kb free=109700Kb
 bounds [0x000001d4f0f40000, 0x000001d4f1960000, 0x000001d4f8480000]
CodeHeap 'profiled nmethods': size=120000Kb used=30295Kb max_used=30295Kb free=89704Kb
 bounds [0x000001d4e9a10000, 0x000001d4eb7c0000, 0x000001d4f0f40000]
CodeHeap 'non-nmethods': size=5696Kb used=2312Kb max_used=2360Kb free=3383Kb
 bounds [0x000001d4e9480000, 0x000001d4e96f0000, 0x000001d4e9a10000]
 total_blobs=13495 nmethods=12554 adapters=853
 compilation: enabled
              stopped_count=0, restarted_count=0
 full_count=0

Compilation events (20 events):
Event: 504.661 Thread 0x000001d4fc8c3000 13423       3       org.objectweb.asm.signature.SignatureVisitor::<init> (42 bytes)
Event: 504.662 Thread 0x000001d4fc8c3000 nmethod 13423 0x000001d4eb75d410 code [0x000001d4eb75d5e0, 0x000001d4eb75d8e8]
Event: 504.664 Thread 0x000001d4fc8c3000 13424       1       com.android.tools.build.jetifier.processor.AndroidXRefScanner$AndroidXTrackingRemapper::getAndroidXRefExample (5 bytes)
Event: 504.664 Thread 0x000001d4fc8c3000 nmethod 13424 0x000001d4f195cc90 code [0x000001d4f195ce40, 0x000001d4f195cef8]
Event: 504.699 Thread 0x000001d4fc8c3000 13425       3       org.gradle.internal.snapshot.RelativePathTracker::isRoot (10 bytes)
Event: 504.700 Thread 0x000001d4fc8c3000 nmethod 13425 0x000001d4eb75da10 code [0x000001d4eb75dbc0, 0x000001d4eb75dd88]
Event: 504.700 Thread 0x000001d4fc8c3000 13426       3       org.gradle.internal.snapshot.impl.DirectorySnapshotter$DefaultExcludes$StartMatcher::test (9 bytes)
Event: 504.701 Thread 0x000001d4fc8c3000 nmethod 13426 0x000001d4eb75de90 code [0x000001d4eb75e060, 0x000001d4eb75e368]
Event: 504.736 Thread 0x000001d4fc8c3000 13427   !   3       org.gradle.cache.internal.CacheAccessWorker::flushOperations (109 bytes)
Event: 504.738 Thread 0x000001d4fc8c3000 nmethod 13427 0x000001d4eb75e490 code [0x000001d4eb75e760, 0x000001d4eb75fb48]
Event: 504.740 Thread 0x000001d4fc8c3000 13428   !   3       org.gradle.cache.internal.CacheAccessWorker$2::run (153 bytes)
Event: 504.749 Thread 0x000001d4fc8c3000 nmethod 13428 0x000001d4eb760110 code [0x000001d4eb760880, 0x000001d4eb764998]
Event: 504.795 Thread 0x000001d4fc8c3000 13430       3       java.util.Collections::binarySearch (43 bytes)
Event: 504.796 Thread 0x000001d4fc8c3000 nmethod 13430 0x000001d4eb766490 code [0x000001d4eb7666c0, 0x000001d4eb766dd8]
Event: 504.864 Thread 0x000001d4fc8c3000 13431       1       org.gradle.internal.snapshot.AbstractListChildMap::isEmpty (2 bytes)
Event: 504.864 Thread 0x000001d4fc8c3000 nmethod 13431 0x000001d4f195cf90 code [0x000001d4f195d140, 0x000001d4f195d1f8]
Event: 504.871 Thread 0x000001d4fc8c3000 13432       1       org.gradle.internal.execution.steps.AssignWorkspaceStep$1::getWorkspace (5 bytes)
Event: 504.872 Thread 0x000001d4fc8c3000 nmethod 13432 0x000001d4f195d290 code [0x000001d4f195d440, 0x000001d4f195d4f8]
Event: 504.898 Thread 0x000001d4fc8c3000 13433       3       org.gradle.internal.instantiation.generator.DefaultInstantiatorFactory$ClassGeneratorBackedManagedFactory::fromState (30 bytes)
Event: 504.899 Thread 0x000001d4fc8c3000 nmethod 13433 0x000001d4eb766f90 code [0x000001d4eb767180, 0x000001d4eb767528]

GC Heap History (20 events):
Event: 483.666 GC heap before
{Heap before GC invocations=728 (full 0):
 garbage-first heap   total 124928K, used 123895K [0x00000000e0000000, 0x0000000100000000)
  region size 1024K, 6 young (6144K), 1 survivors (1024K)
 Metaspace       used 103208K, capacity 105405K, committed 105728K, reserved 1140736K
  class space    used 13027K, capacity 13795K, committed 13824K, reserved 1048576K
}
Event: 483.729 GC heap after
{Heap after GC invocations=729 (full 0):
 garbage-first heap   total 126976K, used 118354K [0x00000000e0000000, 0x0000000100000000)
  region size 1024K, 1 young (1024K), 1 survivors (1024K)
 Metaspace       used 103208K, capacity 105405K, committed 105728K, reserved 1140736K
  class space    used 13027K, capacity 13795K, committed 13824K, reserved 1048576K
}
Event: 489.555 GC heap before
{Heap before GC invocations=729 (full 0):
 garbage-first heap   total 126976K, used 122450K [0x00000000e0000000, 0x0000000100000000)
  region size 1024K, 6 young (6144K), 1 survivors (1024K)
 Metaspace       used 103356K, capacity 105564K, committed 105728K, reserved 1140736K
  class space    used 13044K, capacity 13801K, committed 13824K, reserved 1048576K
}
Event: 489.563 GC heap after
{Heap after GC invocations=730 (full 0):
 garbage-first heap   total 126976K, used 118553K [0x00000000e0000000, 0x0000000100000000)
  region size 1024K, 1 young (1024K), 1 survivors (1024K)
 Metaspace       used 103356K, capacity 105564K, committed 105728K, reserved 1140736K
  class space    used 13044K, capacity 13801K, committed 13824K, reserved 1048576K
}
Event: 492.942 GC heap before
{Heap before GC invocations=731 (full 0):
 garbage-first heap   total 126976K, used 122649K [0x00000000e0000000, 0x0000000100000000)
  region size 1024K, 6 young (6144K), 1 survivors (1024K)
 Metaspace       used 103465K, capacity 105651K, committed 105984K, reserved 1140736K
  class space    used 13041K, capacity 13781K, committed 13824K, reserved 1048576K
}
Event: 492.951 GC heap after
{Heap after GC invocations=732 (full 0):
 garbage-first heap   total 126976K, used 118950K [0x00000000e0000000, 0x0000000100000000)
  region size 1024K, 1 young (1024K), 1 survivors (1024K)
 Metaspace       used 103465K, capacity 105651K, committed 105984K, reserved 1140736K
  class space    used 13041K, capacity 13781K, committed 13824K, reserved 1048576K
}
Event: 495.684 GC heap before
{Heap before GC invocations=732 (full 0):
 garbage-first heap   total 126976K, used 124070K [0x00000000e0000000, 0x0000000100000000)
  region size 1024K, 6 young (6144K), 1 survivors (1024K)
 Metaspace       used 103610K, capacity 105795K, committed 105984K, reserved 1140736K
  class space    used 13045K, capacity 13783K, committed 13824K, reserved 1048576K
}
Event: 495.695 GC heap after
{Heap after GC invocations=733 (full 0):
 garbage-first heap   total 126976K, used 119693K [0x00000000e0000000, 0x0000000100000000)
  region size 1024K, 1 young (1024K), 1 survivors (1024K)
 Metaspace       used 103610K, capacity 105795K, committed 105984K, reserved 1140736K
  class space    used 13045K, capacity 13783K, committed 13824K, reserved 1048576K
}
Event: 496.938 GC heap before
{Heap before GC invocations=734 (full 0):
 garbage-first heap   total 126976K, used 123789K [0x00000000e0000000, 0x0000000100000000)
  region size 1024K, 6 young (6144K), 1 survivors (1024K)
 Metaspace       used 103980K, capacity 106122K, committed 106368K, reserved 1142784K
  class space    used 13058K, capacity 13819K, committed 13952K, reserved 1048576K
}
Event: 496.954 GC heap after
{Heap after GC invocations=735 (full 0):
 garbage-first heap   total 126976K, used 120286K [0x00000000e0000000, 0x0000000100000000)
  region size 1024K, 1 young (1024K), 1 survivors (1024K)
 Metaspace       used 103980K, capacity 106122K, committed 106368K, reserved 1142784K
  class space    used 13058K, capacity 13819K, committed 13952K, reserved 1048576K
}
Event: 498.153 GC heap before
{Heap before GC invocations=735 (full 0):
 garbage-first heap   total 126976K, used 125406K [0x00000000e0000000, 0x0000000100000000)
  region size 1024K, 6 young (6144K), 1 survivors (1024K)
 Metaspace       used 104375K, capacity 106723K, committed 106880K, reserved 1142784K
  class space    used 13142K, capacity 13936K, committed 13952K, reserved 1048576K
}
Event: 498.169 GC heap after
{Heap after GC invocations=736 (full 0):
 garbage-first heap   total 126976K, used 120422K [0x00000000e0000000, 0x0000000100000000)
  region size 1024K, 1 young (1024K), 1 survivors (1024K)
 Metaspace       used 104375K, capacity 106723K, committed 106880K, reserved 1142784K
  class space    used 13142K, capacity 13936K, committed 13952K, reserved 1048576K
}
Event: 498.994 GC heap before
{Heap before GC invocations=737 (full 0):
 garbage-first heap   total 126976K, used 125542K [0x00000000e0000000, 0x0000000100000000)
  region size 1024K, 6 young (6144K), 1 survivors (1024K)
 Metaspace       used 104566K, capacity 106851K, committed 107008K, reserved 1142784K
  class space    used 13179K, capacity 13958K, committed 14080K, reserved 1048576K
}
Event: 499.012 GC heap after
{Heap after GC invocations=738 (full 0):
 garbage-first heap   total 129024K, used 121674K [0x00000000e0000000, 0x0000000100000000)
  region size 1024K, 1 young (1024K), 1 survivors (1024K)
 Metaspace       used 104566K, capacity 106851K, committed 107008K, reserved 1142784K
  class space    used 13179K, capacity 13958K, committed 14080K, reserved 1048576K
}
Event: 501.384 GC heap before
{Heap before GC invocations=738 (full 0):
 garbage-first heap   total 129024K, used 126794K [0x00000000e0000000, 0x0000000100000000)
  region size 1024K, 6 young (6144K), 1 survivors (1024K)
 Metaspace       used 105040K, capacity 107305K, committed 107520K, reserved 1142784K
  class space    used 13247K, capacity 14045K, committed 14080K, reserved 1048576K
}
Event: 501.395 GC heap after
{Heap after GC invocations=739 (full 0):
 garbage-first heap   total 129024K, used 122162K [0x00000000e0000000, 0x0000000100000000)
  region size 1024K, 1 young (1024K), 1 survivors (1024K)
 Metaspace       used 105040K, capacity 107305K, committed 107520K, reserved 1142784K
  class space    used 13247K, capacity 14045K, committed 14080K, reserved 1048576K
}
Event: 503.807 GC heap before
{Heap before GC invocations=739 (full 0):
 garbage-first heap   total 129024K, used 126258K [0x00000000e0000000, 0x0000000100000000)
  region size 1024K, 6 young (6144K), 1 survivors (1024K)
 Metaspace       used 105119K, capacity 107380K, committed 107520K, reserved 1142784K
  class space    used 13248K, capacity 14046K, committed 14080K, reserved 1048576K
}
Event: 503.814 GC heap after
{Heap after GC invocations=740 (full 0):
 garbage-first heap   total 129024K, used 122350K [0x00000000e0000000, 0x0000000100000000)
  region size 1024K, 1 young (1024K), 1 survivors (1024K)
 Metaspace       used 105119K, capacity 107380K, committed 107520K, reserved 1142784K
  class space    used 13248K, capacity 14046K, committed 14080K, reserved 1048576K
}
Event: 504.798 GC heap before
{Heap before GC invocations=741 (full 0):
 garbage-first heap   total 129024K, used 126446K [0x00000000e0000000, 0x0000000100000000)
  region size 1024K, 6 young (6144K), 1 survivors (1024K)
 Metaspace       used 105206K, capacity 107454K, committed 107776K, reserved 1142784K
  class space    used 13238K, capacity 14027K, committed 14080K, reserved 1048576K
}
Event: 504.827 GC heap after
{Heap after GC invocations=742 (full 0):
 garbage-first heap   total 130048K, used 122300K [0x00000000e0000000, 0x0000000100000000)
  region size 1024K, 1 young (1024K), 1 survivors (1024K)
 Metaspace       used 105206K, capacity 107454K, committed 107776K, reserved 1142784K
  class space    used 13238K, capacity 14027K, committed 14080K, reserved 1048576K
}

Deoptimization events (20 events):
Event: 502.031 Thread 0x000001d4fda97800 DEOPT PACKING pc=0x000001d4f12871fc sp=0x000000a8dabf4cb0
Event: 502.032 Thread 0x000001d4fda97800 DEOPT UNPACKING pc=0x000001d4e94a6029 sp=0x000000a8dabf4c68 mode 2
Event: 502.032 Thread 0x000001d4fda97800 Uncommon trap: trap_request=0xffffff4d fr.pc=0x000001d4f10e28c4 relative=0x0000000000000224
Event: 502.032 Thread 0x000001d4fda97800 Uncommon trap: reason=unstable_if action=reinterpret pc=0x000001d4f10e28c4 method=java.util.concurrent.ConcurrentLinkedQueue.updateHead(Ljava/util/concurrent/ConcurrentLinkedQueue$Node;Ljava/util/concurrent/ConcurrentLinkedQueue$Node;)V @ 14 c2
Event: 502.032 Thread 0x000001d4fda97800 DEOPT PACKING pc=0x000001d4f10e28c4 sp=0x000000a8dabf4c30
Event: 502.032 Thread 0x000001d4fda97800 DEOPT UNPACKING pc=0x000001d4e94a6029 sp=0x000000a8dabf4bf0 mode 2
Event: 502.520 Thread 0x000001d4fda97800 Uncommon trap: trap_request=0xffffff4d fr.pc=0x000001d4f18a2c9c relative=0x0000000000001fbc
Event: 502.520 Thread 0x000001d4fda97800 Uncommon trap: reason=unstable_if action=reinterpret pc=0x000001d4f18a2c9c method=java.util.concurrent.ConcurrentHashMap.computeIfAbsent(Ljava/lang/Object;Ljava/util/function/Function;)Ljava/lang/Object; @ 279 c2
Event: 502.520 Thread 0x000001d4fda97800 DEOPT PACKING pc=0x000001d4f18a2c9c sp=0x000000a8dabf7e80
Event: 502.520 Thread 0x000001d4fda97800 DEOPT UNPACKING pc=0x000001d4e94a6029 sp=0x000000a8dabf7e38 mode 2
Event: 502.718 Thread 0x000001d4fda97800 Uncommon trap: trap_request=0xffffff4d fr.pc=0x000001d4f1227c88 relative=0x0000000000000248
Event: 502.718 Thread 0x000001d4fda97800 Uncommon trap: reason=unstable_if action=reinterpret pc=0x000001d4f1227c88 method=java.util.concurrent.ConcurrentHashMap.get(Ljava/lang/Object;)Ljava/lang/Object; @ 86 c2
Event: 502.718 Thread 0x000001d4fda97800 DEOPT PACKING pc=0x000001d4f1227c88 sp=0x000000a8dabf7e50
Event: 502.718 Thread 0x000001d4fda97800 DEOPT UNPACKING pc=0x000001d4e94a6029 sp=0x000000a8dabf7dc8 mode 2
Event: 503.560 Thread 0x000001d4fcdef000 Uncommon trap: trap_request=0xffffff4d fr.pc=0x000001d4f17aec48 relative=0x0000000000000508
Event: 503.560 Thread 0x000001d4fcdef000 Uncommon trap: reason=unstable_if action=reinterpret pc=0x000001d4f17aec48 method=java.lang.StringLatin1.compareToCI([B[B)I @ 68 c2
Event: 503.560 Thread 0x000001d4fcdef000 DEOPT PACKING pc=0x000001d4f17aec48 sp=0x000000a8dbefad70
Event: 503.560 Thread 0x000001d4fcdef000 DEOPT UNPACKING pc=0x000001d4e94a6029 sp=0x000000a8dbefaba0 mode 2
Event: 503.816 Thread 0x000001d4fda97800 DEOPT PACKING pc=0x000001d4eb3812c4 sp=0x000000a8dabf4cd0
Event: 503.817 Thread 0x000001d4fda97800 DEOPT UNPACKING pc=0x000001d4e94a643f sp=0x000000a8dabf4270 mode 0

Classes redefined (0 events):
No events

Internal exceptions (20 events):
Event: 468.993 Thread 0x000001d4fda97800 Exception <a 'sun/nio/fs/WindowsException'{0x00000000e7954228}> (0x00000000e7954228) thrown at [./src/hotspot/share/prims/jni.cpp, line 615]
Event: 471.432 Thread 0x000001d4fc701000 Implicit null exception at 0x000001d4f182480d to 0x000001d4f1824fc0
Event: 476.692 Thread 0x000001d4fda97800 Exception <a 'java/lang/reflect/InvocationTargetException'{0x00000000e6e3dc08}> (0x00000000e6e3dc08) thrown at [./src/hotspot/share/runtime/reflection.cpp, line 1247]
Event: 480.804 Thread 0x000001d4fda97800 Implicit null exception at 0x000001d4f121ee56 to 0x000001d4f121f298
Event: 482.465 Thread 0x000001d4fda97800 Implicit null exception at 0x000001d4f18d3358 to 0x000001d4f18d3ccc
Event: 486.859 Thread 0x000001d4fda97800 Implicit null exception at 0x000001d4f18d5355 to 0x000001d4f18d5e54
Event: 487.037 Thread 0x000001d4fcdef000 Exception <a 'java/net/SocketTimeoutException'{0x00000000e78b5d38}: Read timed out> (0x00000000e78b5d38) thrown at [./src/hotspot/share/prims/jni.cpp, line 636]
Event: 487.416 Thread 0x000001d4fcdef000 Exception <a 'java/net/SocketTimeoutException'{0x00000000e78c77e8}: Read timed out> (0x00000000e78c77e8) thrown at [./src/hotspot/share/prims/jni.cpp, line 636]
Event: 489.699 Thread 0x000001d4fcdf0000 Exception <a 'java/net/SocketTimeoutException'{0x00000000e79b22f0}: Read timed out> (0x00000000e79b22f0) thrown at [./src/hotspot/share/prims/jni.cpp, line 636]
Event: 489.840 Thread 0x000001d4fcdf0000 Exception <a 'java/net/SocketTimeoutException'{0x00000000e79cff98}: Read timed out> (0x00000000e79cff98) thrown at [./src/hotspot/share/prims/jni.cpp, line 636]
Event: 496.424 Thread 0x000001d4fda97800 Implicit null exception at 0x000001d4f0fd8773 to 0x000001d4f0fd8898
Event: 497.611 Thread 0x000001d4fcdef000 Exception <a 'java/lang/NoSuchMethodError'{0x00000000e72a1220}: 'java.lang.Object java.lang.invoke.DirectMethodHandle$Holder.invokeSpecialIFC(java.lang.Object, java.lang.Object, java.lang.Object)'> (0x00000000e72a1220) thrown at [./src/hotspot/share/interpreter/linkResolver.cpp, line 773]
Event: 497.611 Thread 0x000001d4fda97800 Exception <a 'java/lang/NoSuchMethodError'{0x00000000e72f56c0}: 'java.lang.Object java.lang.invoke.DirectMethodHandle$Holder.invokeSpecialIFC(java.lang.Object, java.lang.Object, java.lang.Object)'> (0x00000000e72f56c0) thrown at [./src/hotspot/share/interpreter/linkResolver.cpp, line 773]
Event: 499.345 Thread 0x000001d4fda97800 Exception <a 'java/lang/NoSuchMethodError'{0x00000000e7836e08}: 'void java.lang.invoke.DirectMethodHandle$Holder.invokeStatic(java.lang.Object, java.lang.Object, java.lang.Object, java.lang.Object, java.lang.Object, java.lang.Object, java.lang.Object)'> (0x00000000e7836e08) thrown at [./src/hotspot/share/interpreter/linkResolver.cpp, line 773]
Event: 500.169 Thread 0x000001d4fcdef000 Exception <a 'sun/nio/fs/WindowsException'{0x00000000e6e16e50}> (0x00000000e6e16e50) thrown at [./src/hotspot/share/prims/jni.cpp, line 615]
Event: 501.796 Thread 0x000001d4fcdef000 Exception <a 'sun/nio/fs/WindowsException'{0x00000000e7977d10}> (0x00000000e7977d10) thrown at [./src/hotspot/share/prims/jni.cpp, line 615]
Event: 502.480 Thread 0x000001d4fcdef000 Exception <a 'sun/nio/fs/WindowsException'{0x00000000e78ebdf8}> (0x00000000e78ebdf8) thrown at [./src/hotspot/share/prims/jni.cpp, line 615]
Event: 503.012 Thread 0x000001d4fcdef000 Exception <a 'sun/nio/fs/WindowsException'{0x00000000e72da610}> (0x00000000e72da610) thrown at [./src/hotspot/share/prims/jni.cpp, line 615]
Event: 504.401 Thread 0x000001d4fda97800 Exception <a 'sun/nio/fs/WindowsException'{0x00000000e79ed828}> (0x00000000e79ed828) thrown at [./src/hotspot/share/prims/jni.cpp, line 615]
Event: 504.666 Thread 0x000001d4fcdef000 Exception <a 'sun/nio/fs/WindowsException'{0x00000000e6ebdeb8}> (0x00000000e6ebdeb8) thrown at [./src/hotspot/share/prims/jni.cpp, line 615]

Events (20 events):
Event: 503.634 Executing VM operation: RevokeBias
Event: 503.635 Executing VM operation: RevokeBias done
Event: 503.636 loading class org/gradle/api/internal/artifacts/transform/CacheableInvocation$2
Event: 503.636 loading class org/gradle/api/internal/artifacts/transform/CacheableInvocation$2 done
Event: 503.638 loading class org/gradle/internal/Try$Success$1
Event: 503.638 loading class org/gradle/internal/Try$Success$1 done
Event: 503.681 loading class org/gradle/api/internal/artifacts/transform/CacheableInvocation
Event: 503.681 loading class org/gradle/api/internal/artifacts/transform/CacheableInvocation done
Event: 503.681 loading class org/gradle/api/internal/artifacts/transform/CacheableInvocation
Event: 503.681 loading class org/gradle/api/internal/artifacts/transform/CacheableInvocation done
Event: 503.682 Executing VM operation: RevokeBias
Event: 503.683 Executing VM operation: RevokeBias done
Event: 503.807 Executing VM operation: G1CollectForAllocation
Event: 503.814 Executing VM operation: G1CollectForAllocation done
Event: 504.228 Executing VM operation: CGC_Operation
Event: 504.384 Executing VM operation: CGC_Operation done
Event: 504.557 Executing VM operation: CGC_Operation
Event: 504.559 Executing VM operation: CGC_Operation done
Event: 504.798 Executing VM operation: G1CollectForAllocation
Event: 504.827 Executing VM operation: G1CollectForAllocation done


Dynamic libraries:
0x00007ff6aeaa0000 - 0x00007ff6aeaaa000 	C:\Users\felip\OneDrive\Desktop\android-studio\jre\bin\java.exe
0x00007ffa0ca10000 - 0x00007ffa0cc05000 	C:\Windows\SYSTEM32\ntdll.dll
0x00007ff9eb7a0000 - 0x00007ff9eb7b6000 	C:\Program Files\Avast Software\Avast\aswhook.dll
0x00007ffa0be00000 - 0x00007ffa0bebe000 	C:\Windows\System32\KERNEL32.DLL
0x00007ffa0a2f0000 - 0x00007ffa0a5b8000 	C:\Windows\System32\KERNELBASE.dll
0x00007ffa0a770000 - 0x00007ffa0a870000 	C:\Windows\System32\ucrtbase.dll
0x00007ffa06e90000 - 0x00007ffa06ea7000 	C:\Users\felip\OneDrive\Desktop\android-studio\jre\bin\VCRUNTIME140.dll
0x00007ffa06cf0000 - 0x00007ffa06d09000 	C:\Users\felip\OneDrive\Desktop\android-studio\jre\bin\jli.dll
0x00007ffa0ade0000 - 0x00007ffa0af81000 	C:\Windows\System32\USER32.dll
0x00007ff9fa3a0000 - 0x00007ff9fa63a000 	C:\Windows\WinSxS\amd64_microsoft.windows.common-controls_6595b64144ccf1df_6.0.19041.1110_none_60b5254171f9507e\COMCTL32.dll
0x00007ffa0a610000 - 0x00007ffa0a632000 	C:\Windows\System32\win32u.dll
0x00007ffa0ab80000 - 0x00007ffa0abab000 	C:\Windows\System32\GDI32.dll
0x00007ffa0a1e0000 - 0x00007ffa0a2eb000 	C:\Windows\System32\gdi32full.dll
0x00007ffa0a640000 - 0x00007ffa0a6dd000 	C:\Windows\System32\msvcp_win.dll
0x00007ffa0abb0000 - 0x00007ffa0ac4e000 	C:\Windows\System32\msvcrt.dll
0x00007ffa0bdd0000 - 0x00007ffa0be00000 	C:\Windows\System32\IMM32.DLL
0x00007ff9f1810000 - 0x00007ff9f18ad000 	C:\Users\felip\OneDrive\Desktop\android-studio\jre\bin\msvcp140.dll
0x00007ff9de210000 - 0x00007ff9dece5000 	C:\Users\felip\OneDrive\Desktop\android-studio\jre\bin\server\jvm.dll
0x00007ffa0aad0000 - 0x00007ffa0ab7c000 	C:\Windows\System32\ADVAPI32.dll
0x00007ffa0bec0000 - 0x00007ffa0bf5b000 	C:\Windows\System32\sechost.dll
0x00007ffa0bfe0000 - 0x00007ffa0c10a000 	C:\Windows\System32\RPCRT4.dll
0x00007ffa0bf60000 - 0x00007ffa0bf68000 	C:\Windows\System32\PSAPI.DLL
0x00007ff9fd5d0000 - 0x00007ff9fd5d9000 	C:\Windows\SYSTEM32\WSOCK32.dll
0x00007ff9fed50000 - 0x00007ff9fed5a000 	C:\Windows\SYSTEM32\VERSION.dll
0x00007ffa0bf70000 - 0x00007ffa0bfdb000 	C:\Windows\System32\WS2_32.dll
0x00007ff9f32b0000 - 0x00007ff9f32d7000 	C:\Windows\SYSTEM32\WINMM.dll
0x00007ffa07f50000 - 0x00007ffa07f62000 	C:\Windows\SYSTEM32\kernel.appcore.dll
0x00007ff9ffb90000 - 0x00007ff9ffba1000 	C:\Users\felip\OneDrive\Desktop\android-studio\jre\bin\verify.dll
0x00007ff9feb60000 - 0x00007ff9fed44000 	C:\Windows\SYSTEM32\DBGHELP.DLL
0x00007ff9fea90000 - 0x00007ff9feabc000 	C:\Windows\SYSTEM32\dbgcore.DLL
0x00007ffa0a6e0000 - 0x00007ffa0a763000 	C:\Windows\System32\bcryptPrimitives.dll
0x00007ff9ffb60000 - 0x00007ff9ffb89000 	C:\Users\felip\OneDrive\Desktop\android-studio\jre\bin\java.dll
0x00007ffa078e0000 - 0x00007ffa078eb000 	C:\Users\felip\OneDrive\Desktop\android-studio\jre\bin\jimage.dll
0x00007ff9ffb40000 - 0x00007ff9ffb58000 	C:\Users\felip\OneDrive\Desktop\android-studio\jre\bin\zip.dll
0x00007ffa0af90000 - 0x00007ffa0b6cf000 	C:\Windows\System32\SHELL32.dll
0x00007ffa08230000 - 0x00007ffa089c0000 	C:\Windows\SYSTEM32\windows.storage.dll
0x00007ffa0c670000 - 0x00007ffa0c9c5000 	C:\Windows\System32\combase.dll
0x00007ffa09ab0000 - 0x00007ffa09ade000 	C:\Windows\SYSTEM32\Wldp.dll
0x00007ffa0ac50000 - 0x00007ffa0acfd000 	C:\Windows\System32\SHCORE.dll
0x00007ffa0c110000 - 0x00007ffa0c165000 	C:\Windows\System32\shlwapi.dll
0x00007ffa0a070000 - 0x00007ffa0a08f000 	C:\Windows\SYSTEM32\profapi.dll
0x00007ff9ffb20000 - 0x00007ff9ffb3a000 	C:\Users\felip\OneDrive\Desktop\android-studio\jre\bin\net.dll
0x00007ff9fe960000 - 0x00007ff9fea6c000 	C:\Windows\SYSTEM32\WINHTTP.dll
0x00007ffa09810000 - 0x00007ffa0987a000 	C:\Windows\system32\mswsock.dll
0x00007ff9ffb00000 - 0x00007ff9ffb14000 	C:\Users\felip\OneDrive\Desktop\android-studio\jre\bin\nio.dll
0x00007ffa03740000 - 0x00007ffa03767000 	C:\Users\felip\.gradle\native\8bec1ad78214c89d9ad589b4d07fe93259594b29d510b10fafb7a158f7737e5d\windows-amd64\native-platform.dll
0x00007ff9ee6c0000 - 0x00007ff9ee7fd000 	C:\Users\felip\.gradle\native\53dbd7edfb1c66fb8903c78663c9afc45aea4f116125fa6feffd364cf09443e8\windows-amd64\native-platform-file-events.dll
0x00007ffa070b0000 - 0x00007ffa070ba000 	C:\Users\felip\OneDrive\Desktop\android-studio\jre\bin\management.dll
0x00007ffa06e80000 - 0x00007ffa06e8d000 	C:\Users\felip\OneDrive\Desktop\android-studio\jre\bin\management_ext.dll
0x00007ffa09a10000 - 0x00007ffa09a28000 	C:\Windows\SYSTEM32\CRYPTSP.dll
0x00007ffa09190000 - 0x00007ffa091c4000 	C:\Windows\system32\rsaenh.dll
0x00007ffa0aa30000 - 0x00007ffa0aa57000 	C:\Windows\System32\bcrypt.dll
0x00007ffa0a030000 - 0x00007ffa0a05e000 	C:\Windows\SYSTEM32\USERENV.dll
0x00007ffa09a00000 - 0x00007ffa09a0c000 	C:\Windows\SYSTEM32\CRYPTBASE.dll
0x00007ffa09500000 - 0x00007ffa0953b000 	C:\Windows\SYSTEM32\IPHLPAPI.DLL
0x00007ffa0aac0000 - 0x00007ffa0aac8000 	C:\Windows\System32\NSI.dll
0x00007ffa026b0000 - 0x00007ffa026c7000 	C:\Windows\SYSTEM32\dhcpcsvc6.DLL
0x00007ffa03d40000 - 0x00007ffa03d5d000 	C:\Windows\SYSTEM32\dhcpcsvc.DLL
0x00007ffa09540000 - 0x00007ffa0960b000 	C:\Windows\SYSTEM32\DNSAPI.dll
0x00007ff9ffad0000 - 0x00007ff9ffaf7000 	C:\Users\felip\OneDrive\Desktop\android-studio\jre\bin\sunec.dll
0x00007ff9ff4d0000 - 0x00007ff9ff4da000 	C:\Windows\System32\rasadhlp.dll
0x00007ff9ff3b0000 - 0x00007ff9ff42f000 	C:\Windows\System32\fwpuclnt.dll
0x00007ffa08e60000 - 0x00007ffa08e93000 	C:\Windows\SYSTEM32\ntmarta.dll

dbghelp: loaded successfully - version: 4.0.5 - missing functions: none
symbol engine: initialized successfully - sym options: 0x614 - pdb path: .;C:\Users\felip\OneDrive\Desktop\android-studio\jre\bin;C:\Windows\SYSTEM32;C:\Program Files\Avast Software\Avast;C:\Windows\WinSxS\amd64_microsoft.windows.common-controls_6595b64144ccf1df_6.0.19041.1110_none_60b5254171f9507e;C:\Users\felip\OneDrive\Desktop\android-studio\jre\bin\server;C:\Users\felip\.gradle\native\8bec1ad78214c89d9ad589b4d07fe93259594b29d510b10fafb7a158f7737e5d\windows-amd64;C:\Users\felip\.gradle\native\53dbd7edfb1c66fb8903c78663c9afc45aea4f116125fa6feffd364cf09443e8\windows-amd64

VM Arguments:
jvm_args: --add-opens=java.base/java.util=ALL-UNNAMED --add-opens=java.base/java.lang=ALL-UNNAMED --add-opens=java.base/java.lang.invoke=ALL-UNNAMED --add-opens=java.base/java.util=ALL-UNNAMED --add-opens=java.prefs/java.util.prefs=ALL-UNNAMED --add-opens=java.prefs/java.util.prefs=ALL-UNNAMED --add-opens=java.base/java.nio.charset=ALL-UNNAMED --add-opens=java.base/java.net=ALL-UNNAMED --add-opens=java.base/java.util.concurrent.atomic=ALL-UNNAMED -Xmx512m -Dfile.encoding=UTF-8 -Duser.country=US -Duser.language=en -Duser.variant 
java_command: org.gradle.launcher.daemon.bootstrap.GradleDaemon 7.0.2
java_class_path (initial): C:\Users\felip\.gradle\wrapper\dists\gradle-7.0.2-bin\857tjihv64xamwrf0h14cai3r\gradle-7.0.2\lib\gradle-launcher-7.0.2.jar
Launcher Type: SUN_STANDARD

[Global flags]
     intx CICompilerCount                          = 2                                         {product} {ergonomic}
     uint ConcGCThreads                            = 1                                         {product} {ergonomic}
     uint G1ConcRefinementThreads                  = 2                                         {product} {ergonomic}
   size_t G1HeapRegionSize                         = 1048576                                   {product} {ergonomic}
    uintx GCDrainStackTargetSize                   = 64                                        {product} {ergonomic}
   size_t InitialHeapSize                          = 67108864                                  {product} {ergonomic}
   size_t MarkStackSize                            = 4194304                                   {product} {ergonomic}
   size_t MaxHeapSize                              = 536870912                                 {product} {command line}
   size_t MaxNewSize                               = 321912832                                 {product} {ergonomic}
   size_t MinHeapDeltaBytes                        = 1048576                                   {product} {ergonomic}
    uintx NonNMethodCodeHeapSize                   = 5825164                                {pd product} {ergonomic}
    uintx NonProfiledCodeHeapSize                  = 122916538                              {pd product} {ergonomic}
    uintx ProfiledCodeHeapSize                     = 122916538                              {pd product} {ergonomic}
    uintx ReservedCodeCacheSize                    = 251658240                              {pd product} {ergonomic}
     bool SegmentedCodeCache                       = true                                      {product} {ergonomic}
     bool UseCompressedClassPointers               = true                                 {lp64_product} {ergonomic}
     bool UseCompressedOops                        = true                                 {lp64_product} {ergonomic}
     bool UseG1GC                                  = true                                      {product} {ergonomic}
     bool UseLargePagesIndividualAllocation        = false                                  {pd product} {ergonomic}

Logging:
Log output configuration:
 #0: stdout all=warning uptime,level,tags
 #1: stderr all=off uptime,level,tags

Environment Variables:
PATH=C:\Program Files\Common Files\Oracle\Java\javapath;C:\Program Files (x86)\Common Files\Oracle\Java\javapath;C:\Windows\system32;C:\Windows;C:\Windows\System32\Wbem;C:\Windows\System32\WindowsPowerShell\v1.0\;C:\Windows\System32\OpenSSH\;C:\ProgramData\chocolatey\bin;C:\Program Files (x86)\Yarn\bin\;C:\Program Files\nodejs\;C:\Program Files\Git\cmd;C:\Users\felip\AppData\Local\Microsoft\WindowsApps;C:\Users\felip\AppData\Local\Programs\Microsoft VS Code\bin;C:\Users\felip\AppData\Local\Yarn\bin;C:\Users\felip\AppData\Local\GitHubDesktop\bin;C:\Users\felip\AppData\Roaming\npm
USERNAME=felip
OS=Windows_NT
PROCESSOR_IDENTIFIER=Intel64 Family 6 Model 23 Stepping 10, GenuineIntel



---------------  S Y S T E M  ---------------

OS: Windows 10 , 64 bit Build 19041 (10.0.19041.1348)
OS uptime: 3 days 20:24 hours

CPU:total 2 (initial active 2) (2 cores per cpu, 1 threads per core) family 6 model 23 stepping 10 microcode 0xa0c, cmov, cx8, fxsr, mmx, sse, sse2, sse3, ssse3, tsc

Memory: 4k page, system-wide physical 4061M (35M free)
TotalPageFile size 4061M (AvailPageFile size 6M)
current process WorkingSet (physical memory assigned to process): 271M, peak: 286M
current process commit charge ("private bytes"): 421M, peak: 421M

vm_info: OpenJDK 64-Bit Server VM (11.0.11+9-b60-7590822) for windows-amd64 JRE (11.0.11+9-b60-7590822), built on Jul 29 2021 21:43:44 by "builder" with MS VC++ 14.0 (VS2015)

END.
