#
# There is insufficient memory for the Java Runtime Environment to continue.
# Native memory allocation (malloc) failed to allocate 32744 bytes for ChunkPool::allocate
# Possible reasons:
#   The system is out of physical RAM or swap space
#   The process is running with CompressedOops enabled, and the Java Heap may be blocking the growth of the native heap
# Possible solutions:
#   Reduce memory load on the system
#   Increase physical memory or swap space
#   Check if swap backing store is full
#   Decrease Java heap size (-Xmx/-Xms)
#   Decrease number of Java threads
#   Decrease Java thread stack sizes (-Xss)
#   Set larger code cache with -XX:ReservedCodeCacheSize=
#   JVM is running with Unscaled Compressed Oops mode in which the Java heap is
#     placed in the first 4GB address space. The Java Heap base address is the
#     maximum limit for the native heap growth. Please use -XX:HeapBaseMinAddress
#     to set the Java Heap base and to place the Java Heap above 4GB virtual address.
# This output file may be truncated or incomplete.
#
#  Out of Memory Error (./src/hotspot/share/memory/arena.cpp:81), pid=648, tid=4564
#
# JRE version: OpenJDK Runtime Environment (11.0.11+9) (build 11.0.11+9-b60-7590822)
# Java VM: OpenJDK 64-Bit Server VM (11.0.11+9-b60-7590822, mixed mode, tiered, compressed oops, g1 gc, windows-amd64)
# No core dump will be written. Minidumps are not enabled by default on client versions of Windows
#

---------------  S U M M A R Y ------------

Command Line: --add-opens=java.base/java.util=ALL-UNNAMED --add-opens=java.base/java.lang=ALL-UNNAMED --add-opens=java.base/java.lang.invoke=ALL-UNNAMED --add-opens=java.base/java.util=ALL-UNNAMED --add-opens=java.prefs/java.util.prefs=ALL-UNNAMED --add-opens=java.prefs/java.util.prefs=ALL-UNNAMED --add-opens=java.base/java.nio.charset=ALL-UNNAMED --add-opens=java.base/java.net=ALL-UNNAMED --add-opens=java.base/java.util.concurrent.atomic=ALL-UNNAMED -Xmx512m -Dfile.encoding=UTF-8 -Duser.country=US -Duser.language=en -Duser.variant org.gradle.launcher.daemon.bootstrap.GradleDaemon 7.0.2

Host: Celeron(R) Dual-Core CPU       T3500  @ 2.10GHz, 2 cores, 3G,  Windows 10 , 64 bit Build 19041 (10.0.19041.1202)
Time: Fri Nov  5 14:18:31 2021 E. South America Standard Time elapsed time: 437.453793 seconds (0d 0h 7m 17s)

---------------  T H R E A D  ---------------

Current thread (0x00000215dbf80800):  JavaThread "C2 CompilerThread0" daemon [_thread_in_native, id=4564, stack(0x0000005be9f00000,0x0000005bea000000)]


Current CompileTask:
C2: 437454 13790       4       org.gradle.tooling.internal.adapter.ProtocolToModelAdapter$SupportedPropertyInvoker::invoke (154 bytes)

Stack: [0x0000005be9f00000,0x0000005bea000000]
Native frames: (J=compiled Java code, j=interpreted, Vv=VM code, C=native code)
V  [jvm.dll+0x5f214a]
V  [jvm.dll+0x726fb5]
V  [jvm.dll+0x7285cd]
V  [jvm.dll+0x728c83]
V  [jvm.dll+0x243278]
V  [jvm.dll+0xbc78b]
V  [jvm.dll+0xbca3c]
V  [jvm.dll+0xbc638]
V  [jvm.dll+0x5d14e0]
V  [jvm.dll+0x62214e]
V  [jvm.dll+0x198a28]
V  [jvm.dll+0x1fc2ee]
V  [jvm.dll+0x1fb3d4]
V  [jvm.dll+0x183d6c]
V  [jvm.dll+0x209a57]
V  [jvm.dll+0x2082a1]
V  [jvm.dll+0x6ef58f]
V  [jvm.dll+0x6e80b5]
V  [jvm.dll+0x5f1036]
C  [ucrtbase.dll+0x21bb2]
C  [KERNEL32.DLL+0x17034]
C  [ntdll.dll+0x52651]


---------------  P R O C E S S  ---------------

Threads class SMR info:
_java_thread_list=0x00000215e2d276e0, length=38, elements={
0x00000215c58a2000, 0x00000215dbf16800, 0x00000215dbf18000, 0x00000215dbf72800,
0x00000215dbf73800, 0x00000215dbf76800, 0x00000215dbf80800, 0x00000215dbf82000,
0x00000215dbfbe000, 0x00000215dc0dd800, 0x00000215dde24800, 0x00000215dd273000,
0x00000215dd1ec800, 0x00000215dcdf8000, 0x00000215dcdf6800, 0x00000215dcdfa800,
0x00000215dcdfc000, 0x00000215dcdf8800, 0x00000215dcdfb000, 0x00000215dcdfd000,
0x00000215de658000, 0x00000215de654000, 0x00000215de662000, 0x00000215de659000,
0x00000215de656000, 0x00000215de655000, 0x00000215de65c800, 0x00000215de65a000,
0x00000215de65b800, 0x00000215de656800, 0x00000215de65f800, 0x00000215de661000,
0x00000215de663000, 0x00000215de65d000, 0x00000215de65f000, 0x00000215de660800,
0x00000215dcdf7000, 0x00000215dcdf9800
}

Java Threads: ( => current thread )
  0x00000215c58a2000 JavaThread "main" [_thread_blocked, id=5480, stack(0x0000005be9300000,0x0000005be9400000)]
  0x00000215dbf16800 JavaThread "Reference Handler" daemon [_thread_blocked, id=6256, stack(0x0000005be9a00000,0x0000005be9b00000)]
  0x00000215dbf18000 JavaThread "Finalizer" daemon [_thread_blocked, id=5656, stack(0x0000005be9b00000,0x0000005be9c00000)]
  0x00000215dbf72800 JavaThread "Signal Dispatcher" daemon [_thread_blocked, id=5308, stack(0x0000005be9c00000,0x0000005be9d00000)]
  0x00000215dbf73800 JavaThread "Attach Listener" daemon [_thread_blocked, id=2852, stack(0x0000005be9d00000,0x0000005be9e00000)]
  0x00000215dbf76800 JavaThread "Service Thread" daemon [_thread_blocked, id=6104, stack(0x0000005be9e00000,0x0000005be9f00000)]
=>0x00000215dbf80800 JavaThread "C2 CompilerThread0" daemon [_thread_in_native, id=4564, stack(0x0000005be9f00000,0x0000005bea000000)]
  0x00000215dbf82000 JavaThread "C1 CompilerThread0" daemon [_thread_blocked, id=8012, stack(0x0000005bea000000,0x0000005bea100000)]
  0x00000215dbfbe000 JavaThread "Sweeper thread" daemon [_thread_blocked, id=1600, stack(0x0000005bea100000,0x0000005bea200000)]
  0x00000215dc0dd800 JavaThread "Common-Cleaner" daemon [_thread_blocked, id=7732, stack(0x0000005bea200000,0x0000005bea300000)]
  0x00000215dde24800 JavaThread "Daemon health stats" [_thread_blocked, id=6820, stack(0x0000005bea500000,0x0000005bea600000)]
  0x00000215dd273000 JavaThread "Incoming local TCP Connector on port 9475" [_thread_in_native, id=7668, stack(0x0000005bea600000,0x0000005bea700000)]
  0x00000215dd1ec800 JavaThread "Daemon periodic checks" [_thread_blocked, id=5636, stack(0x0000005bea700000,0x0000005bea800000)]
  0x00000215dcdf8000 JavaThread "Cache worker for file hash cache (C:\Users\felip\.gradle\caches\7.0.2\fileHashes)" [_thread_blocked, id=7556, stack(0x0000005beaf00000,0x0000005beb000000)]
  0x00000215dcdf6800 JavaThread "File lock request listener" [_thread_in_native, id=7724, stack(0x0000005beb000000,0x0000005beb100000)]
  0x00000215dcdfa800 JavaThread "Cache worker for journal cache (C:\Users\felip\.gradle\caches\journal-1)" [_thread_blocked, id=1840, stack(0x0000005beb100000,0x0000005beb200000)]
  0x00000215dcdfc000 JavaThread "File watcher server" daemon [_thread_in_native, id=6568, stack(0x0000005beb300000,0x0000005beb400000)]
  0x00000215dcdf8800 JavaThread "File watcher consumer" daemon [_thread_blocked, id=8024, stack(0x0000005beb400000,0x0000005beb500000)]
  0x00000215dcdfb000 JavaThread "jar transforms" [_thread_blocked, id=7740, stack(0x0000005beb500000,0x0000005beb600000)]
  0x00000215dcdfd000 JavaThread "jar transforms Thread 2" [_thread_blocked, id=6272, stack(0x0000005beb600000,0x0000005beb700000)]
  0x00000215de658000 JavaThread "Cache worker for execution history cache (C:\Users\felip\.gradle\caches\7.0.2\executionHistory)" [_thread_blocked, id=892, stack(0x0000005beba00000,0x0000005bebb00000)]
  0x00000215de654000 JavaThread "Cache worker for file content cache (C:\Users\felip\.gradle\caches\7.0.2\fileContent)" [_thread_blocked, id=7308, stack(0x0000005bebb00000,0x0000005bebc00000)]
  0x00000215de662000 JavaThread "Memory manager" [_thread_blocked, id=4864, stack(0x0000005be9000000,0x0000005be9100000)]
  0x00000215de659000 JavaThread "Daemon Thread 2" [_thread_blocked, id=5356, stack(0x0000005be9100000,0x0000005be9200000)]
  0x00000215de656000 JavaThread "Handler for socket connection from /127.0.0.1:9475 to /127.0.0.1:9484" [_thread_in_native, id=7992, stack(0x0000005be9200000,0x0000005be9300000)]
  0x00000215de655000 JavaThread "Cancel handler" [_thread_blocked, id=2916, stack(0x0000005bea800000,0x0000005bea900000)]
  0x00000215de65c800 JavaThread "Daemon worker Thread 2" [_thread_in_Java, id=8168, stack(0x0000005bea900000,0x0000005beaa00000)]
  0x00000215de65a000 JavaThread "Asynchronous log dispatcher for DefaultDaemonConnection: socket connection from /127.0.0.1:9475 to /127.0.0.1:9484" [_thread_blocked, id=4312, stack(0x0000005beaa00000,0x0000005beab00000)]
  0x00000215de65b800 JavaThread "Stdin handler" [_thread_blocked, id=6564, stack(0x0000005beab00000,0x0000005beac00000)]
  0x00000215de656800 JavaThread "Daemon client event forwarder" [_thread_blocked, id=1256, stack(0x0000005beac00000,0x0000005bead00000)]
  0x00000215de65f800 JavaThread "Cache worker for file hash cache (C:\Users\felip\AndroidStudioProjects\VideoApp\.gradle\7.0.2\fileHashes)" [_thread_blocked, id=7284, stack(0x0000005bead00000,0x0000005beae00000)]
  0x00000215de661000 JavaThread "Cache worker for checksums cache (C:\Users\felip\AndroidStudioProjects\VideoApp\.gradle\checksums)" [_thread_blocked, id=6736, stack(0x0000005beae00000,0x0000005beaf00000)]
  0x00000215de663000 JavaThread "Cache worker for cache directory md-supplier (C:\Users\felip\.gradle\caches\7.0.2\md-supplier)" [_thread_blocked, id=7100, stack(0x0000005beb200000,0x0000005beb300000)]
  0x00000215de65d000 JavaThread "Cache worker for cache directory md-rule (C:\Users\felip\.gradle\caches\7.0.2\md-rule)" [_thread_blocked, id=5600, stack(0x0000005beb700000,0x0000005beb800000)]
  0x00000215de65f000 JavaThread "Cache worker for dependencies-accessors (C:\Users\felip\AndroidStudioProjects\VideoApp\.gradle\7.0.2\dependencies-accessors)" [_thread_blocked, id=1488, stack(0x0000005beb800000,0x0000005beb900000)]
  0x00000215de660800 JavaThread "Cache worker for Build Output Cleanup Cache (C:\Users\felip\AndroidStudioProjects\VideoApp\.gradle\buildOutputCleanup)" [_thread_blocked, id=7416, stack(0x0000005beb900000,0x0000005beba00000)]
  0x00000215dcdf7000 JavaThread "Build operations" [_thread_blocked, id=7720, stack(0x0000005bebc00000,0x0000005bebd00000)]
  0x00000215dcdf9800 JavaThread "Build operations Thread 2" [_thread_blocked, id=1908, stack(0x0000005bebd00000,0x0000005bebe00000)]

Other Threads:
  0x00000215dbf11800 VMThread "VM Thread" [stack: 0x0000005be9900000,0x0000005be9a00000] [id=7376]
  0x00000215dc103000 WatcherThread [stack: 0x0000005bea300000,0x0000005bea400000] [id=7692]
  0x00000215c58bb800 GCTaskThread "GC Thread#0" [stack: 0x0000005be9400000,0x0000005be9500000] [id=976]
  0x00000215dc164000 GCTaskThread "GC Thread#1" [stack: 0x0000005bea400000,0x0000005bea500000] [id=100]
  0x00000215c58cb800 ConcurrentGCThread "G1 Main Marker" [stack: 0x0000005be9500000,0x0000005be9600000] [id=4160]
  0x00000215c58cd000 ConcurrentGCThread "G1 Conc#0" [stack: 0x0000005be9600000,0x0000005be9700000] [id=6892]
  0x00000215c591a000 ConcurrentGCThread "G1 Refine#0" [stack: 0x0000005be9700000,0x0000005be9800000] [id=6532]
  0x00000215c591b000 ConcurrentGCThread "G1 Young RemSet Sampling" [stack: 0x0000005be9800000,0x0000005be9900000] [id=6116]

Threads with active compile tasks:
C2 CompilerThread0 437866 13790       4       org.gradle.tooling.internal.adapter.ProtocolToModelAdapter$SupportedPropertyInvoker::invoke (154 bytes)

VM state:not at safepoint (normal execution)

VM Mutex/Monitor currently owned by a thread:  ([mutex/lock_event])
[0x00000215c589e780] SystemDictionary_lock - owner thread: 0x00000215de65c800

Heap address: 0x00000000e0000000, size: 512 MB, Compressed Oops mode: 32-bit
Narrow klass base: 0x0000000000000000, Narrow klass shift: 3
Compressed class space size: 1073741824 Address: 0x0000000100000000

Heap:
 garbage-first heap   total 210944K, used 144773K [0x00000000e0000000, 0x0000000100000000)
  region size 1024K, 19 young (19456K), 6 survivors (6144K)
 Metaspace       used 109241K, capacity 112188K, committed 112560K, reserved 1146880K
  class space    used 13898K, capacity 14977K, committed 15104K, reserved 1048576K
Heap Regions: E=young(eden), S=young(survivor), O=old, HS=humongous(starts), HC=humongous(continues), CS=collection set, F=free, A=archive, TAMS=top-at-mark-start (previous, next)
|   0|0x00000000e0000000, 0x00000000e0100000, 0x00000000e0100000|100%| O|  |TAMS 0x00000000e0100000, 0x00000000e0000000| Untracked 
|   1|0x00000000e0100000, 0x00000000e0200000, 0x00000000e0200000|100%| O|  |TAMS 0x00000000e0200000, 0x00000000e0100000| Untracked 
|   2|0x00000000e0200000, 0x00000000e0300000, 0x00000000e0300000|100%| O|  |TAMS 0x00000000e0300000, 0x00000000e0200000| Untracked 
|   3|0x00000000e0300000, 0x00000000e0400000, 0x00000000e0400000|100%| O|  |TAMS 0x00000000e0400000, 0x00000000e0300000| Untracked 
|   4|0x00000000e0400000, 0x00000000e0500000, 0x00000000e0500000|100%|HS|  |TAMS 0x00000000e0500000, 0x00000000e0400000| Complete 
|   5|0x00000000e0500000, 0x00000000e0600000, 0x00000000e0600000|100%|HC|  |TAMS 0x00000000e0600000, 0x00000000e0500000| Complete 
|   6|0x00000000e0600000, 0x00000000e0700000, 0x00000000e0700000|100%|HC|  |TAMS 0x00000000e0700000, 0x00000000e0600000| Complete 
|   7|0x00000000e0700000, 0x00000000e0800000, 0x00000000e0800000|100%| O|  |TAMS 0x00000000e0800000, 0x00000000e0700000| Untracked 
|   8|0x00000000e0800000, 0x00000000e0900000, 0x00000000e0900000|100%| O|  |TAMS 0x00000000e0900000, 0x00000000e0800000| Untracked 
|   9|0x00000000e0900000, 0x00000000e0a00000, 0x00000000e0a00000|100%| O|  |TAMS 0x00000000e0a00000, 0x00000000e0900000| Untracked 
|  10|0x00000000e0a00000, 0x00000000e0b00000, 0x00000000e0b00000|100%| O|  |TAMS 0x00000000e0b00000, 0x00000000e0a00000| Untracked 
|  11|0x00000000e0b00000, 0x00000000e0c00000, 0x00000000e0c00000|100%|HS|  |TAMS 0x00000000e0c00000, 0x00000000e0b00000| Complete 
|  12|0x00000000e0c00000, 0x00000000e0d00000, 0x00000000e0d00000|100%| O|  |TAMS 0x00000000e0d00000, 0x00000000e0c00000| Untracked 
|  13|0x00000000e0d00000, 0x00000000e0e00000, 0x00000000e0e00000|100%| O|  |TAMS 0x00000000e0e00000, 0x00000000e0d00000| Untracked 
|  14|0x00000000e0e00000, 0x00000000e0f00000, 0x00000000e0f00000|100%| O|  |TAMS 0x00000000e0f00000, 0x00000000e0e00000| Untracked 
|  15|0x00000000e0f00000, 0x00000000e1000000, 0x00000000e1000000|100%| O|  |TAMS 0x00000000e1000000, 0x00000000e0f00000| Untracked 
|  16|0x00000000e1000000, 0x00000000e1100000, 0x00000000e1100000|100%|HS|  |TAMS 0x00000000e1100000, 0x00000000e1000000| Complete 
|  17|0x00000000e1100000, 0x00000000e1200000, 0x00000000e1200000|100%|HC|  |TAMS 0x00000000e1200000, 0x00000000e1100000| Complete 
|  18|0x00000000e1200000, 0x00000000e1300000, 0x00000000e1300000|100%|HS|  |TAMS 0x00000000e1300000, 0x00000000e1200000| Complete 
|  19|0x00000000e1300000, 0x00000000e1400000, 0x00000000e1400000|100%|HC|  |TAMS 0x00000000e1400000, 0x00000000e1300000| Complete 
|  20|0x00000000e1400000, 0x00000000e1500000, 0x00000000e1500000|100%|HC|  |TAMS 0x00000000e1500000, 0x00000000e1400000| Complete 
|  21|0x00000000e1500000, 0x00000000e1600000, 0x00000000e1600000|100%|HS|  |TAMS 0x00000000e1600000, 0x00000000e1500000| Complete 
|  22|0x00000000e1600000, 0x00000000e1700000, 0x00000000e1700000|100%|HC|  |TAMS 0x00000000e1700000, 0x00000000e1600000| Complete 
|  23|0x00000000e1700000, 0x00000000e1800000, 0x00000000e1800000|100%|HC|  |TAMS 0x00000000e1800000, 0x00000000e1700000| Complete 
|  24|0x00000000e1800000, 0x00000000e1900000, 0x00000000e1900000|100%|HC|  |TAMS 0x00000000e1900000, 0x00000000e1800000| Complete 
|  25|0x00000000e1900000, 0x00000000e1a00000, 0x00000000e1a00000|100%| O|  |TAMS 0x00000000e1a00000, 0x00000000e1900000| Untracked 
|  26|0x00000000e1a00000, 0x00000000e1b00000, 0x00000000e1b00000|100%| O|  |TAMS 0x00000000e1b00000, 0x00000000e1a00000| Untracked 
|  27|0x00000000e1b00000, 0x00000000e1c00000, 0x00000000e1c00000|100%| O|  |TAMS 0x00000000e1c00000, 0x00000000e1b00000| Untracked 
|  28|0x00000000e1c00000, 0x00000000e1d00000, 0x00000000e1d00000|100%| O|  |TAMS 0x00000000e1d00000, 0x00000000e1c00000| Untracked 
|  29|0x00000000e1d00000, 0x00000000e1e00000, 0x00000000e1e00000|100%| O|  |TAMS 0x00000000e1e00000, 0x00000000e1d00000| Untracked 
|  30|0x00000000e1e00000, 0x00000000e1f00000, 0x00000000e1f00000|100%| O|  |TAMS 0x00000000e1f00000, 0x00000000e1e00000| Untracked 
|  31|0x00000000e1f00000, 0x00000000e2000000, 0x00000000e2000000|100%| O|  |TAMS 0x00000000e2000000, 0x00000000e1f00000| Untracked 
|  32|0x00000000e2000000, 0x00000000e2100000, 0x00000000e2100000|100%| O|  |TAMS 0x00000000e2100000, 0x00000000e2000000| Untracked 
|  33|0x00000000e2100000, 0x00000000e2200000, 0x00000000e2200000|100%| O|  |TAMS 0x00000000e2200000, 0x00000000e2100000| Untracked 
|  34|0x00000000e2200000, 0x00000000e2300000, 0x00000000e2300000|100%| O|  |TAMS 0x00000000e2300000, 0x00000000e2200000| Untracked 
|  35|0x00000000e2300000, 0x00000000e2400000, 0x00000000e2400000|100%| O|  |TAMS 0x00000000e2400000, 0x00000000e2300000| Untracked 
|  36|0x00000000e2400000, 0x00000000e2500000, 0x00000000e2500000|100%| O|  |TAMS 0x00000000e2500000, 0x00000000e2400000| Untracked 
|  37|0x00000000e2500000, 0x00000000e2600000, 0x00000000e2600000|100%| O|  |TAMS 0x00000000e2600000, 0x00000000e2500000| Untracked 
|  38|0x00000000e2600000, 0x00000000e2700000, 0x00000000e2700000|100%| O|  |TAMS 0x00000000e2700000, 0x00000000e2600000| Untracked 
|  39|0x00000000e2700000, 0x00000000e2800000, 0x00000000e2800000|100%| O|  |TAMS 0x00000000e2800000, 0x00000000e2700000| Untracked 
|  40|0x00000000e2800000, 0x00000000e2900000, 0x00000000e2900000|100%| O|  |TAMS 0x00000000e2900000, 0x00000000e2800000| Untracked 
|  41|0x00000000e2900000, 0x00000000e2a00000, 0x00000000e2a00000|100%| O|  |TAMS 0x00000000e2a00000, 0x00000000e2900000| Untracked 
|  42|0x00000000e2a00000, 0x00000000e2b00000, 0x00000000e2b00000|100%| O|  |TAMS 0x00000000e2b00000, 0x00000000e2a00000| Untracked 
|  43|0x00000000e2b00000, 0x00000000e2c00000, 0x00000000e2c00000|100%| O|  |TAMS 0x00000000e2c00000, 0x00000000e2b00000| Untracked 
|  44|0x00000000e2c00000, 0x00000000e2d00000, 0x00000000e2d00000|100%|HS|  |TAMS 0x00000000e2d00000, 0x00000000e2c00000| Complete 
|  45|0x00000000e2d00000, 0x00000000e2e00000, 0x00000000e2e00000|100%|HC|  |TAMS 0x00000000e2e00000, 0x00000000e2d00000| Complete 
|  46|0x00000000e2e00000, 0x00000000e2f00000, 0x00000000e2f00000|100%|HC|  |TAMS 0x00000000e2f00000, 0x00000000e2e00000| Complete 
|  47|0x00000000e2f00000, 0x00000000e3000000, 0x00000000e3000000|100%| O|  |TAMS 0x00000000e3000000, 0x00000000e2f00000| Untracked 
|  48|0x00000000e3000000, 0x00000000e3100000, 0x00000000e3100000|100%| O|  |TAMS 0x00000000e3100000, 0x00000000e3000000| Untracked 
|  49|0x00000000e3100000, 0x00000000e3200000, 0x00000000e3200000|100%| O|  |TAMS 0x00000000e3200000, 0x00000000e3100000| Untracked 
|  50|0x00000000e3200000, 0x00000000e3300000, 0x00000000e3300000|100%| O|  |TAMS 0x00000000e3300000, 0x00000000e3200000| Untracked 
|  51|0x00000000e3300000, 0x00000000e3400000, 0x00000000e3400000|100%| O|  |TAMS 0x00000000e3400000, 0x00000000e3300000| Untracked 
|  52|0x00000000e3400000, 0x00000000e3500000, 0x00000000e3500000|100%| O|  |TAMS 0x00000000e3500000, 0x00000000e3400000| Untracked 
|  53|0x00000000e3500000, 0x00000000e3600000, 0x00000000e3600000|100%| O|  |TAMS 0x00000000e3600000, 0x00000000e3500000| Untracked 
|  54|0x00000000e3600000, 0x00000000e3700000, 0x00000000e3700000|100%| O|  |TAMS 0x00000000e3700000, 0x00000000e3600000| Untracked 
|  55|0x00000000e3700000, 0x00000000e3800000, 0x00000000e3800000|100%|HS|  |TAMS 0x00000000e3800000, 0x00000000e3700000| Complete 
|  56|0x00000000e3800000, 0x00000000e3900000, 0x00000000e3900000|100%|HC|  |TAMS 0x00000000e3900000, 0x00000000e3800000| Complete 
|  57|0x00000000e3900000, 0x00000000e3a00000, 0x00000000e3a00000|100%|HC|  |TAMS 0x00000000e3a00000, 0x00000000e3900000| Complete 
|  58|0x00000000e3a00000, 0x00000000e3b00000, 0x00000000e3b00000|100%|HC|  |TAMS 0x00000000e3b00000, 0x00000000e3a00000| Complete 
|  59|0x00000000e3b00000, 0x00000000e3c00000, 0x00000000e3c00000|100%| O|  |TAMS 0x00000000e3c00000, 0x00000000e3b00000| Untracked 
|  60|0x00000000e3c00000, 0x00000000e3d00000, 0x00000000e3d00000|100%| O|  |TAMS 0x00000000e3d00000, 0x00000000e3c00000| Untracked 
|  61|0x00000000e3d00000, 0x00000000e3e00000, 0x00000000e3e00000|100%|HS|  |TAMS 0x00000000e3e00000, 0x00000000e3d00000| Complete 
|  62|0x00000000e3e00000, 0x00000000e3f00000, 0x00000000e3f00000|100%| O|  |TAMS 0x00000000e3f00000, 0x00000000e3e00000| Untracked 
|  63|0x00000000e3f00000, 0x00000000e4000000, 0x00000000e4000000|100%| O|  |TAMS 0x00000000e4000000, 0x00000000e3f00000| Untracked 
|  64|0x00000000e4000000, 0x00000000e4100000, 0x00000000e4100000|100%|HS|  |TAMS 0x00000000e4100000, 0x00000000e4000000| Complete 
|  65|0x00000000e4100000, 0x00000000e4200000, 0x00000000e4200000|100%| O|  |TAMS 0x00000000e4200000, 0x00000000e4100000| Untracked 
|  66|0x00000000e4200000, 0x00000000e4300000, 0x00000000e4300000|100%| O|  |TAMS 0x00000000e4300000, 0x00000000e4200000| Untracked 
|  67|0x00000000e4300000, 0x00000000e4400000, 0x00000000e4400000|100%| O|  |TAMS 0x00000000e4400000, 0x00000000e4300000| Untracked 
|  68|0x00000000e4400000, 0x00000000e4500000, 0x00000000e4500000|100%|HS|  |TAMS 0x00000000e4500000, 0x00000000e4400000| Complete 
|  69|0x00000000e4500000, 0x00000000e4600000, 0x00000000e4600000|100%|HC|  |TAMS 0x00000000e4600000, 0x00000000e4500000| Complete 
|  70|0x00000000e4600000, 0x00000000e4700000, 0x00000000e4700000|100%|HC|  |TAMS 0x00000000e4700000, 0x00000000e4600000| Complete 
|  71|0x00000000e4700000, 0x00000000e4800000, 0x00000000e4800000|100%| O|  |TAMS 0x00000000e4800000, 0x00000000e4700000| Untracked 
|  72|0x00000000e4800000, 0x00000000e4900000, 0x00000000e4900000|100%| O|  |TAMS 0x00000000e4900000, 0x00000000e4800000| Untracked 
|  73|0x00000000e4900000, 0x00000000e4a00000, 0x00000000e4a00000|100%| O|  |TAMS 0x00000000e4a00000, 0x00000000e4900000| Untracked 
|  74|0x00000000e4a00000, 0x00000000e4b00000, 0x00000000e4b00000|100%| O|  |TAMS 0x00000000e4b00000, 0x00000000e4a00000| Untracked 
|  75|0x00000000e4b00000, 0x00000000e4c00000, 0x00000000e4c00000|100%|HS|  |TAMS 0x00000000e4c00000, 0x00000000e4b00000| Complete 
|  76|0x00000000e4c00000, 0x00000000e4d00000, 0x00000000e4d00000|100%|HC|  |TAMS 0x00000000e4d00000, 0x00000000e4c00000| Complete 
|  77|0x00000000e4d00000, 0x00000000e4e00000, 0x00000000e4e00000|100%| O|  |TAMS 0x00000000e4e00000, 0x00000000e4d00000| Untracked 
|  78|0x00000000e4e00000, 0x00000000e4f00000, 0x00000000e4f00000|100%| O|  |TAMS 0x00000000e4f00000, 0x00000000e4e00000| Untracked 
|  79|0x00000000e4f00000, 0x00000000e5000000, 0x00000000e5000000|100%| O|  |TAMS 0x00000000e5000000, 0x00000000e4f00000| Untracked 
|  80|0x00000000e5000000, 0x00000000e5100000, 0x00000000e5100000|100%| O|  |TAMS 0x00000000e5100000, 0x00000000e5000000| Untracked 
|  81|0x00000000e5100000, 0x00000000e5200000, 0x00000000e5200000|100%| O|  |TAMS 0x00000000e5200000, 0x00000000e5100000| Untracked 
|  82|0x00000000e5200000, 0x00000000e5300000, 0x00000000e5300000|100%| O|  |TAMS 0x00000000e5300000, 0x00000000e5200000| Untracked 
|  83|0x00000000e5300000, 0x00000000e5400000, 0x00000000e5400000|100%| O|  |TAMS 0x00000000e5400000, 0x00000000e5300000| Untracked 
|  84|0x00000000e5400000, 0x00000000e5500000, 0x00000000e5500000|100%| O|  |TAMS 0x00000000e5500000, 0x00000000e5400000| Untracked 
|  85|0x00000000e5500000, 0x00000000e5600000, 0x00000000e5600000|100%| O|  |TAMS 0x00000000e5548c00, 0x00000000e5500000| Untracked 
|  86|0x00000000e5600000, 0x00000000e5700000, 0x00000000e5700000|100%|HS|  |TAMS 0x00000000e5700000, 0x00000000e5600000| Complete 
|  87|0x00000000e5700000, 0x00000000e5800000, 0x00000000e5800000|100%|HC|  |TAMS 0x00000000e5800000, 0x00000000e5700000| Complete 
|  88|0x00000000e5800000, 0x00000000e5900000, 0x00000000e5900000|100%| O|  |TAMS 0x00000000e5800000, 0x00000000e5800000| Untracked 
|  89|0x00000000e5900000, 0x00000000e5a00000, 0x00000000e5a00000|100%| O|  |TAMS 0x00000000e5900000, 0x00000000e5900000| Untracked 
|  90|0x00000000e5a00000, 0x00000000e5b00000, 0x00000000e5b00000|100%| O|  |TAMS 0x00000000e5b00000, 0x00000000e5a00000| Untracked 
|  91|0x00000000e5b00000, 0x00000000e5c00000, 0x00000000e5c00000|100%| O|  |TAMS 0x00000000e5c00000, 0x00000000e5b00000| Untracked 
|  92|0x00000000e5c00000, 0x00000000e5d00000, 0x00000000e5d00000|100%| O|  |TAMS 0x00000000e5d00000, 0x00000000e5c00000| Untracked 
|  93|0x00000000e5d00000, 0x00000000e5e00000, 0x00000000e5e00000|100%| O|  |TAMS 0x00000000e5e00000, 0x00000000e5d00000| Untracked 
|  94|0x00000000e5e00000, 0x00000000e5f00000, 0x00000000e5f00000|100%| O|  |TAMS 0x00000000e5f00000, 0x00000000e5e00000| Untracked 
|  95|0x00000000e5f00000, 0x00000000e6000000, 0x00000000e6000000|100%| O|  |TAMS 0x00000000e6000000, 0x00000000e5f00000| Untracked 
|  96|0x00000000e6000000, 0x00000000e6100000, 0x00000000e6100000|100%|HS|  |TAMS 0x00000000e6100000, 0x00000000e6000000| Complete 
|  97|0x00000000e6100000, 0x00000000e6200000, 0x00000000e6200000|100%|HC|  |TAMS 0x00000000e6200000, 0x00000000e6100000| Complete 
|  98|0x00000000e6200000, 0x00000000e6300000, 0x00000000e6300000|100%|HC|  |TAMS 0x00000000e6300000, 0x00000000e6200000| Complete 
|  99|0x00000000e6300000, 0x00000000e6400000, 0x00000000e6400000|100%|HS|  |TAMS 0x00000000e6400000, 0x00000000e6300000| Complete 
| 100|0x00000000e6400000, 0x00000000e6500000, 0x00000000e6500000|100%|HC|  |TAMS 0x00000000e6500000, 0x00000000e6400000| Complete 
| 101|0x00000000e6500000, 0x00000000e6600000, 0x00000000e6600000|100%|HC|  |TAMS 0x00000000e6600000, 0x00000000e6500000| Complete 
| 102|0x00000000e6600000, 0x00000000e6700000, 0x00000000e6700000|100%|HC|  |TAMS 0x00000000e6700000, 0x00000000e6600000| Complete 
| 103|0x00000000e6700000, 0x00000000e6800000, 0x00000000e6800000|100%| O|  |TAMS 0x00000000e6700000, 0x00000000e6700000| Untracked 
| 104|0x00000000e6800000, 0x00000000e6900000, 0x00000000e6900000|100%| O|  |TAMS 0x00000000e6900000, 0x00000000e6800000| Untracked 
| 105|0x00000000e6900000, 0x00000000e6a00000, 0x00000000e6a00000|100%| O|  |TAMS 0x00000000e6a00000, 0x00000000e6900000| Untracked 
| 106|0x00000000e6a00000, 0x00000000e6b00000, 0x00000000e6b00000|100%| O|  |TAMS 0x00000000e6a00000, 0x00000000e6a00000| Untracked 
| 107|0x00000000e6b00000, 0x00000000e6c00000, 0x00000000e6c00000|100%| O|  |TAMS 0x00000000e6c00000, 0x00000000e6b00000| Untracked 
| 108|0x00000000e6c00000, 0x00000000e6d00000, 0x00000000e6d00000|100%| O|  |TAMS 0x00000000e6c00000, 0x00000000e6c00000| Untracked 
| 109|0x00000000e6d00000, 0x00000000e6e00000, 0x00000000e6e00000|100%| O|  |TAMS 0x00000000e6e00000, 0x00000000e6d00000| Untracked 
| 110|0x00000000e6e00000, 0x00000000e6f00000, 0x00000000e6f00000|100%| O|  |TAMS 0x00000000e6f00000, 0x00000000e6e00000| Untracked 
| 111|0x00000000e6f00000, 0x00000000e7000000, 0x00000000e7000000|100%| O|  |TAMS 0x00000000e7000000, 0x00000000e6f00000| Untracked 
| 112|0x00000000e7000000, 0x00000000e7100000, 0x00000000e7100000|100%| O|  |TAMS 0x00000000e7100000, 0x00000000e7000000| Untracked 
| 113|0x00000000e7100000, 0x00000000e7200000, 0x00000000e7200000|100%| O|  |TAMS 0x00000000e7200000, 0x00000000e7100000| Untracked 
| 114|0x00000000e7200000, 0x00000000e7300000, 0x00000000e7300000|100%| O|  |TAMS 0x00000000e7200000, 0x00000000e7200000| Untracked 
| 115|0x00000000e7300000, 0x00000000e7400000, 0x00000000e7400000|100%| O|  |TAMS 0x00000000e7400000, 0x00000000e7300000| Untracked 
| 116|0x00000000e7400000, 0x00000000e7500000, 0x00000000e7500000|100%| O|  |TAMS 0x00000000e7400000, 0x00000000e7400000| Untracked 
| 117|0x00000000e7500000, 0x00000000e7600000, 0x00000000e7600000|100%| O|  |TAMS 0x00000000e7500000, 0x00000000e7500000| Untracked 
| 118|0x00000000e7600000, 0x00000000e7700000, 0x00000000e7700000|100%| O|  |TAMS 0x00000000e7600000, 0x00000000e7600000| Untracked 
| 119|0x00000000e7700000, 0x00000000e7800000, 0x00000000e7800000|100%| O|  |TAMS 0x00000000e7700000, 0x00000000e7700000| Untracked 
| 120|0x00000000e7800000, 0x00000000e7900000, 0x00000000e7900000|100%| O|  |TAMS 0x00000000e7800000, 0x00000000e7800000| Untracked 
| 121|0x00000000e7900000, 0x00000000e7a00000, 0x00000000e7a00000|100%| O|  |TAMS 0x00000000e7900000, 0x00000000e7900000| Untracked 
| 122|0x00000000e7a00000, 0x00000000e7b00000, 0x00000000e7b00000|100%| O|  |TAMS 0x00000000e7a00000, 0x00000000e7a00000| Untracked 
| 123|0x00000000e7b00000, 0x00000000e7b9bc00, 0x00000000e7c00000| 60%| O|  |TAMS 0x00000000e7b00000, 0x00000000e7b00000| Untracked 
| 124|0x00000000e7c00000, 0x00000000e7c00000, 0x00000000e7d00000|  0%| F|  |TAMS 0x00000000e7c00000, 0x00000000e7c00000| Untracked 
| 125|0x00000000e7d00000, 0x00000000e7d00000, 0x00000000e7e00000|  0%| F|  |TAMS 0x00000000e7d00000, 0x00000000e7d00000| Untracked 
| 126|0x00000000e7e00000, 0x00000000e7e00000, 0x00000000e7f00000|  0%| F|  |TAMS 0x00000000e7e00000, 0x00000000e7e00000| Untracked 
| 127|0x00000000e7f00000, 0x00000000e7f00000, 0x00000000e8000000|  0%| F|  |TAMS 0x00000000e7f00000, 0x00000000e7f00000| Untracked 
| 128|0x00000000e8000000, 0x00000000e8000000, 0x00000000e8100000|  0%| F|  |TAMS 0x00000000e8000000, 0x00000000e8000000| Untracked 
| 129|0x00000000e8100000, 0x00000000e8100000, 0x00000000e8200000|  0%| F|  |TAMS 0x00000000e8100000, 0x00000000e8100000| Untracked 
| 130|0x00000000e8200000, 0x00000000e8200000, 0x00000000e8300000|  0%| F|  |TAMS 0x00000000e8200000, 0x00000000e8200000| Untracked 
| 131|0x00000000e8300000, 0x00000000e8300000, 0x00000000e8400000|  0%| F|  |TAMS 0x00000000e8300000, 0x00000000e8300000| Untracked 
| 132|0x00000000e8400000, 0x00000000e8400000, 0x00000000e8500000|  0%| F|  |TAMS 0x00000000e8400000, 0x00000000e8400000| Untracked 
| 133|0x00000000e8500000, 0x00000000e8500000, 0x00000000e8600000|  0%| F|  |TAMS 0x00000000e8500000, 0x00000000e8500000| Untracked 
| 134|0x00000000e8600000, 0x00000000e8600000, 0x00000000e8700000|  0%| F|  |TAMS 0x00000000e8600000, 0x00000000e8600000| Untracked 
| 135|0x00000000e8700000, 0x00000000e8700000, 0x00000000e8800000|  0%| F|  |TAMS 0x00000000e8700000, 0x00000000e8700000| Untracked 
| 136|0x00000000e8800000, 0x00000000e8800000, 0x00000000e8900000|  0%| F|  |TAMS 0x00000000e8800000, 0x00000000e8800000| Untracked 
| 137|0x00000000e8900000, 0x00000000e8900000, 0x00000000e8a00000|  0%| F|  |TAMS 0x00000000e8900000, 0x00000000e8900000| Untracked 
| 138|0x00000000e8a00000, 0x00000000e8a00000, 0x00000000e8b00000|  0%| F|  |TAMS 0x00000000e8a00000, 0x00000000e8a00000| Untracked 
| 139|0x00000000e8b00000, 0x00000000e8b00000, 0x00000000e8c00000|  0%| F|  |TAMS 0x00000000e8b00000, 0x00000000e8b00000| Untracked 
| 140|0x00000000e8c00000, 0x00000000e8c00000, 0x00000000e8d00000|  0%| F|  |TAMS 0x00000000e8c00000, 0x00000000e8c00000| Untracked 
| 141|0x00000000e8d00000, 0x00000000e8d00000, 0x00000000e8e00000|  0%| F|  |TAMS 0x00000000e8d00000, 0x00000000e8d00000| Untracked 
| 142|0x00000000e8e00000, 0x00000000e8e00000, 0x00000000e8f00000|  0%| F|  |TAMS 0x00000000e8e00000, 0x00000000e8e00000| Untracked 
| 143|0x00000000e8f00000, 0x00000000e8f00000, 0x00000000e9000000|  0%| F|  |TAMS 0x00000000e8f00000, 0x00000000e8f00000| Untracked 
| 144|0x00000000e9000000, 0x00000000e9000000, 0x00000000e9100000|  0%| F|  |TAMS 0x00000000e9000000, 0x00000000e9000000| Untracked 
| 145|0x00000000e9100000, 0x00000000e9100000, 0x00000000e9200000|  0%| F|  |TAMS 0x00000000e9100000, 0x00000000e9100000| Untracked 
| 146|0x00000000e9200000, 0x00000000e9200000, 0x00000000e9300000|  0%| F|  |TAMS 0x00000000e9200000, 0x00000000e9200000| Untracked 
| 147|0x00000000e9300000, 0x00000000e9300000, 0x00000000e9400000|  0%| F|  |TAMS 0x00000000e9300000, 0x00000000e9300000| Untracked 
| 148|0x00000000e9400000, 0x00000000e9400000, 0x00000000e9500000|  0%| F|  |TAMS 0x00000000e9400000, 0x00000000e9400000| Untracked 
| 149|0x00000000e9500000, 0x00000000e9500000, 0x00000000e9600000|  0%| F|  |TAMS 0x00000000e9500000, 0x00000000e9500000| Untracked 
| 150|0x00000000e9600000, 0x00000000e9600000, 0x00000000e9700000|  0%| F|  |TAMS 0x00000000e9600000, 0x00000000e9600000| Untracked 
| 151|0x00000000e9700000, 0x00000000e9700000, 0x00000000e9800000|  0%| F|  |TAMS 0x00000000e9700000, 0x00000000e9700000| Untracked 
| 152|0x00000000e9800000, 0x00000000e9800000, 0x00000000e9900000|  0%| F|  |TAMS 0x00000000e9800000, 0x00000000e9800000| Untracked 
| 153|0x00000000e9900000, 0x00000000e9900000, 0x00000000e9a00000|  0%| F|  |TAMS 0x00000000e9900000, 0x00000000e9900000| Untracked 
| 154|0x00000000e9a00000, 0x00000000e9a00000, 0x00000000e9b00000|  0%| F|  |TAMS 0x00000000e9a00000, 0x00000000e9a00000| Untracked 
| 155|0x00000000e9b00000, 0x00000000e9b00000, 0x00000000e9c00000|  0%| F|  |TAMS 0x00000000e9b00000, 0x00000000e9b00000| Untracked 
| 156|0x00000000e9c00000, 0x00000000e9c00000, 0x00000000e9d00000|  0%| F|  |TAMS 0x00000000e9c00000, 0x00000000e9c00000| Untracked 
| 157|0x00000000e9d00000, 0x00000000e9dc5ac0, 0x00000000e9e00000| 77%| S|CS|TAMS 0x00000000e9d00000, 0x00000000e9d00000| Complete 
| 158|0x00000000e9e00000, 0x00000000e9f00000, 0x00000000e9f00000|100%| S|CS|TAMS 0x00000000e9e00000, 0x00000000e9e00000| Complete 
| 159|0x00000000e9f00000, 0x00000000ea000000, 0x00000000ea000000|100%| S|CS|TAMS 0x00000000e9f00000, 0x00000000e9f00000| Complete 
| 160|0x00000000ea000000, 0x00000000ea100000, 0x00000000ea100000|100%| S|CS|TAMS 0x00000000ea000000, 0x00000000ea000000| Complete 
| 161|0x00000000ea100000, 0x00000000ea200000, 0x00000000ea200000|100%| S|CS|TAMS 0x00000000ea100000, 0x00000000ea100000| Complete 
| 162|0x00000000ea200000, 0x00000000ea300000, 0x00000000ea300000|100%| S|CS|TAMS 0x00000000ea200000, 0x00000000ea200000| Complete 
| 163|0x00000000ea300000, 0x00000000ea300000, 0x00000000ea400000|  0%| F|  |TAMS 0x00000000ea300000, 0x00000000ea300000| Untracked 
| 164|0x00000000ea400000, 0x00000000ea400000, 0x00000000ea500000|  0%| F|  |TAMS 0x00000000ea400000, 0x00000000ea400000| Untracked 
| 165|0x00000000ea500000, 0x00000000ea500000, 0x00000000ea600000|  0%| F|  |TAMS 0x00000000ea500000, 0x00000000ea500000| Untracked 
| 166|0x00000000ea600000, 0x00000000ea600000, 0x00000000ea700000|  0%| F|  |TAMS 0x00000000ea600000, 0x00000000ea600000| Untracked 
| 167|0x00000000ea700000, 0x00000000ea700000, 0x00000000ea800000|  0%| F|  |TAMS 0x00000000ea700000, 0x00000000ea700000| Untracked 
| 168|0x00000000ea800000, 0x00000000ea800000, 0x00000000ea900000|  0%| F|  |TAMS 0x00000000ea800000, 0x00000000ea800000| Untracked 
| 169|0x00000000ea900000, 0x00000000ea900000, 0x00000000eaa00000|  0%| F|  |TAMS 0x00000000ea900000, 0x00000000ea900000| Untracked 
| 170|0x00000000eaa00000, 0x00000000eaa00000, 0x00000000eab00000|  0%| F|  |TAMS 0x00000000eaa00000, 0x00000000eaa00000| Untracked 
| 171|0x00000000eab00000, 0x00000000eab00000, 0x00000000eac00000|  0%| F|  |TAMS 0x00000000eab00000, 0x00000000eab00000| Untracked 
| 172|0x00000000eac00000, 0x00000000eac00000, 0x00000000ead00000|  0%| F|  |TAMS 0x00000000eac00000, 0x00000000eac00000| Untracked 
| 173|0x00000000ead00000, 0x00000000ead00000, 0x00000000eae00000|  0%| F|  |TAMS 0x00000000ead00000, 0x00000000ead00000| Untracked 
| 174|0x00000000eae00000, 0x00000000eae00000, 0x00000000eaf00000|  0%| F|  |TAMS 0x00000000eae00000, 0x00000000eae00000| Untracked 
| 175|0x00000000eaf00000, 0x00000000eaf00000, 0x00000000eb000000|  0%| F|  |TAMS 0x00000000eaf00000, 0x00000000eaf00000| Untracked 
| 176|0x00000000eb000000, 0x00000000eb000000, 0x00000000eb100000|  0%| F|  |TAMS 0x00000000eb000000, 0x00000000eb000000| Untracked 
| 177|0x00000000eb100000, 0x00000000eb100000, 0x00000000eb200000|  0%| F|  |TAMS 0x00000000eb100000, 0x00000000eb100000| Untracked 
| 178|0x00000000eb200000, 0x00000000eb200000, 0x00000000eb300000|  0%| F|  |TAMS 0x00000000eb200000, 0x00000000eb200000| Untracked 
| 179|0x00000000eb300000, 0x00000000eb300000, 0x00000000eb400000|  0%| F|  |TAMS 0x00000000eb300000, 0x00000000eb300000| Untracked 
| 180|0x00000000eb400000, 0x00000000eb400000, 0x00000000eb500000|  0%| F|  |TAMS 0x00000000eb400000, 0x00000000eb400000| Untracked 
| 181|0x00000000eb500000, 0x00000000eb500000, 0x00000000eb600000|  0%| F|  |TAMS 0x00000000eb500000, 0x00000000eb500000| Untracked 
| 182|0x00000000eb600000, 0x00000000eb600000, 0x00000000eb700000|  0%| F|  |TAMS 0x00000000eb600000, 0x00000000eb600000| Untracked 
| 183|0x00000000eb700000, 0x00000000eb700000, 0x00000000eb800000|  0%| F|  |TAMS 0x00000000eb700000, 0x00000000eb700000| Untracked 
| 184|0x00000000eb800000, 0x00000000eb800000, 0x00000000eb900000|  0%| F|  |TAMS 0x00000000eb800000, 0x00000000eb800000| Untracked 
| 185|0x00000000eb900000, 0x00000000eb900000, 0x00000000eba00000|  0%| F|  |TAMS 0x00000000eb900000, 0x00000000eb900000| Untracked 
| 186|0x00000000eba00000, 0x00000000eba00000, 0x00000000ebb00000|  0%| F|  |TAMS 0x00000000eba00000, 0x00000000eba00000| Untracked 
| 187|0x00000000ebb00000, 0x00000000ebb00000, 0x00000000ebc00000|  0%| F|  |TAMS 0x00000000ebb00000, 0x00000000ebb00000| Untracked 
| 188|0x00000000ebc00000, 0x00000000ebc00000, 0x00000000ebd00000|  0%| F|  |TAMS 0x00000000ebc00000, 0x00000000ebc00000| Untracked 
| 189|0x00000000ebd00000, 0x00000000ebd00000, 0x00000000ebe00000|  0%| F|  |TAMS 0x00000000ebd00000, 0x00000000ebd00000| Untracked 
| 190|0x00000000ebe00000, 0x00000000ebe00000, 0x00000000ebf00000|  0%| F|  |TAMS 0x00000000ebe00000, 0x00000000ebe00000| Untracked 
| 191|0x00000000ebf00000, 0x00000000ebf00000, 0x00000000ec000000|  0%| F|  |TAMS 0x00000000ebf00000, 0x00000000ebf00000| Untracked 
| 192|0x00000000ec000000, 0x00000000ec000000, 0x00000000ec100000|  0%| F|  |TAMS 0x00000000ec000000, 0x00000000ec000000| Untracked 
| 193|0x00000000ec100000, 0x00000000ec1fa968, 0x00000000ec200000| 97%| E|  |TAMS 0x00000000ec100000, 0x00000000ec100000| Complete 
| 194|0x00000000ec200000, 0x00000000ec300000, 0x00000000ec300000|100%| E|CS|TAMS 0x00000000ec200000, 0x00000000ec200000| Complete 
| 195|0x00000000ec300000, 0x00000000ec400000, 0x00000000ec400000|100%| E|CS|TAMS 0x00000000ec300000, 0x00000000ec300000| Complete 
| 196|0x00000000ec400000, 0x00000000ec500000, 0x00000000ec500000|100%| E|CS|TAMS 0x00000000ec400000, 0x00000000ec400000| Complete 
| 197|0x00000000ec500000, 0x00000000ec600000, 0x00000000ec600000|100%| E|CS|TAMS 0x00000000ec500000, 0x00000000ec500000| Complete 
| 198|0x00000000ec600000, 0x00000000ec700000, 0x00000000ec700000|100%| E|CS|TAMS 0x00000000ec600000, 0x00000000ec600000| Complete 
| 199|0x00000000ec700000, 0x00000000ec800000, 0x00000000ec800000|100%| E|CS|TAMS 0x00000000ec700000, 0x00000000ec700000| Complete 
| 200|0x00000000ec800000, 0x00000000ec900000, 0x00000000ec900000|100%| E|CS|TAMS 0x00000000ec800000, 0x00000000ec800000| Complete 
| 201|0x00000000ec900000, 0x00000000eca00000, 0x00000000eca00000|100%| E|CS|TAMS 0x00000000ec900000, 0x00000000ec900000| Complete 
| 202|0x00000000eca00000, 0x00000000ecb00000, 0x00000000ecb00000|100%| E|CS|TAMS 0x00000000eca00000, 0x00000000eca00000| Complete 
| 203|0x00000000ecb00000, 0x00000000ecc00000, 0x00000000ecc00000|100%| E|CS|TAMS 0x00000000ecb00000, 0x00000000ecb00000| Complete 
| 204|0x00000000ecc00000, 0x00000000ecd00000, 0x00000000ecd00000|100%| E|CS|TAMS 0x00000000ecc00000, 0x00000000ecc00000| Complete 
| 205|0x00000000ecd00000, 0x00000000ece00000, 0x00000000ece00000|100%| E|CS|TAMS 0x00000000ecd00000, 0x00000000ecd00000| Complete 

Card table byte_map: [0x00000215c5580000,0x00000215c5680000] _byte_map_base: 0x00000215c4e80000

Marking Bits (Prev, Next): (CMBitMap*) 0x00000215c58c8e10, (CMBitMap*) 0x00000215c58c8dd8
 Prev Bits: [0x00000215d8ba0000, 0x00000215d93a0000)
 Next Bits: [0x00000215d83a0000, 0x00000215d8ba0000)

Polling page: 0x00000215c3760000

Metaspace:

Usage:
  Non-class:     94.93 MB capacity,    93.11 MB ( 98%) used,     1.51 MB (  2%) free+waste,   316.63 KB ( <1%) overhead. 
      Class:     14.63 MB capacity,    13.57 MB ( 93%) used,   934.46 KB (  6%) free+waste,   144.75 KB ( <1%) overhead. 
       Both:    109.56 MB capacity,   106.68 MB ( 97%) used,     2.42 MB (  2%) free+waste,   461.38 KB ( <1%) overhead. 

Virtual space:
  Non-class space:       96.00 MB reserved,      95.17 MB (>99%) committed 
      Class space:        1.00 GB reserved,      14.75 MB (  1%) committed 
             Both:        1.09 GB reserved,     109.92 MB ( 10%) committed 

Chunk freelists:
   Non-Class:  0 bytes
       Class:  0 bytes
        Both:  0 bytes

MaxMetaspaceSize: 17179869184.00 GB
CompressedClassSpaceSize: 1.00 GB

CodeHeap 'non-profiled nmethods': size=120064Kb used=8221Kb max_used=8221Kb free=111842Kb
 bounds [0x00000215d0e60000, 0x00000215d1670000, 0x00000215d83a0000]
CodeHeap 'profiled nmethods': size=120000Kb used=31252Kb max_used=31252Kb free=88747Kb
 bounds [0x00000215c9930000, 0x00000215cb7c0000, 0x00000215d0e60000]
CodeHeap 'non-nmethods': size=5696Kb used=2320Kb max_used=2376Kb free=3375Kb
 bounds [0x00000215c93a0000, 0x00000215c9610000, 0x00000215c9930000]
 total_blobs=14733 nmethods=13787 adapters=858
 compilation: enabled
              stopped_count=0, restarted_count=0
 full_count=0

Compilation events (20 events):
Event: 435.605 Thread 0x00000215dbf82000 13840       3       org.gradle.api.internal.artifacts.ivyservice.ivyresolve.ErrorHandlingModuleComponentRepository$ErrorHandlingModuleComponentRepositoryAccess$$Lambda$810/0x0000000100afc840::<init> (26 bytes)
Event: 435.606 Thread 0x00000215dbf82000 nmethod 13840 0x00000215cb7a4d90 code [0x00000215cb7a4f60, 0x00000215cb7a5238]
Event: 436.041 Thread 0x00000215dbf82000 13841       3       org.gradle.internal.snapshot.impl.IntegerValueSnapshot::equals (6 bytes)
Event: 436.041 Thread 0x00000215dbf82000 nmethod 13841 0x00000215cb7a5310 code [0x00000215cb7a54c0, 0x00000215cb7a55e8]
Event: 436.435 Thread 0x00000215dbf82000 13842       3       org.gradle.api.internal.artifacts.ivyservice.resolutionstrategy.DefaultCachePolicy::moduleArtifactsExpiry (36 bytes)
Event: 436.436 Thread 0x00000215dbf82000 nmethod 13842 0x00000215cb7a5690 code [0x00000215cb7a5880, 0x00000215cb7a5d08]
Event: 436.743 Thread 0x00000215dbf82000 13843       3       org.gradle.api.internal.artifacts.repositories.resolver.MavenResolver$MavenLocalRepositoryAccess::resolveSourceArtifacts (10 bytes)
Event: 436.744 Thread 0x00000215dbf82000 nmethod 13843 0x00000215cb7a5f10 code [0x00000215cb7a60e0, 0x00000215cb7a6358]
Event: 436.816 Thread 0x00000215dbf82000 13845       3       org.gradle.internal.serialize.AbstractCollectionSerializer::read (47 bytes)
Event: 436.816 Thread 0x00000215dbf82000 nmethod 13845 0x00000215cb7a6410 code [0x00000215cb7a6600, 0x00000215cb7a6ad8]
Event: 436.865 Thread 0x00000215dbf82000 13846       3       org.gradle.api.internal.artifacts.ivyservice.modulecache.artifacts.DefaultModuleArtifactsCache$ModuleArtifactsCacheEntrySerializer::read (6 bytes)
Event: 436.865 Thread 0x00000215dbf82000 nmethod 13846 0x00000215cb7a6c90 code [0x00000215cb7a6e40, 0x00000215cb7a6f88]
Event: 436.865 Thread 0x00000215dbf82000 13847       3       org.gradle.internal.serialize.SetSerializer::createCollection (6 bytes)
Event: 436.867 Thread 0x00000215dbf82000 nmethod 13847 0x00000215cb7a7010 code [0x00000215cb7a72c0, 0x00000215cb7a7d78]
Event: 436.867 Thread 0x00000215dbf82000 13848       3       org.gradle.api.internal.artifacts.ivyservice.modulecache.artifacts.AbstractArtifactsCache$ModuleArtifactsCacheEntry::<init> (28 bytes)
Event: 436.868 Thread 0x00000215dbf82000 nmethod 13848 0x00000215cb7a8190 code [0x00000215cb7a83e0, 0x00000215cb7a8c08]
Event: 437.003 Thread 0x00000215dbf82000 13849       3       org.gradle.internal.snapshot.impl.DefaultValueSnapshotter$IsolatableVisitor::integerValue (6 bytes)
Event: 437.004 Thread 0x00000215dbf82000 nmethod 13849 0x00000215cb7a8f10 code [0x00000215cb7a90e0, 0x00000215cb7a9478]
Event: 437.030 Thread 0x00000215dbf82000 13851       3       org.gradle.api.internal.artifacts.ivyservice.modulecache.StringDeduplicatingDecoder::readInt (10 bytes)
Event: 437.031 Thread 0x00000215dbf82000 nmethod 13851 0x00000215cb7a9610 code [0x00000215cb7a97c0, 0x00000215cb7a9988]

GC Heap History (20 events):
Event: 180.758 GC heap before
{Heap before GC invocations=259 (full 0):
 garbage-first heap   total 210944K, used 155985K [0x00000000e0000000, 0x0000000100000000)
  region size 1024K, 40 young (40960K), 4 survivors (4096K)
 Metaspace       used 100334K, capacity 102877K, committed 102960K, reserved 1138688K
  class space    used 12804K, capacity 13682K, committed 13696K, reserved 1048576K
}
Event: 180.799 GC heap after
{Heap after GC invocations=260 (full 0):
 garbage-first heap   total 210944K, used 122234K [0x00000000e0000000, 0x0000000100000000)
  region size 1024K, 4 young (4096K), 4 survivors (4096K)
 Metaspace       used 100334K, capacity 102877K, committed 102960K, reserved 1138688K
  class space    used 12804K, capacity 13682K, committed 13696K, reserved 1048576K
}
Event: 186.342 GC heap before
{Heap before GC invocations=260 (full 0):
 garbage-first heap   total 210944K, used 161146K [0x00000000e0000000, 0x0000000100000000)
  region size 1024K, 43 young (44032K), 4 survivors (4096K)
 Metaspace       used 102572K, capacity 105235K, committed 105520K, reserved 1140736K
  class space    used 13134K, capacity 14134K, committed 14208K, reserved 1048576K
}
Event: 187.215 GC heap after
{Heap after GC invocations=261 (full 0):
 garbage-first heap   total 210944K, used 124372K [0x00000000e0000000, 0x0000000100000000)
  region size 1024K, 5 young (5120K), 5 survivors (5120K)
 Metaspace       used 102572K, capacity 105235K, committed 105520K, reserved 1140736K
  class space    used 13134K, capacity 14134K, committed 14208K, reserved 1048576K
}
Event: 191.968 GC heap before
{Heap before GC invocations=261 (full 0):
 garbage-first heap   total 210944K, used 129492K [0x00000000e0000000, 0x0000000100000000)
  region size 1024K, 10 young (10240K), 5 survivors (5120K)
 Metaspace       used 102855K, capacity 105523K, committed 105776K, reserved 1140736K
  class space    used 13175K, capacity 14166K, committed 14208K, reserved 1048576K
}
Event: 193.748 GC heap after
{Heap after GC invocations=262 (full 0):
 garbage-first heap   total 210944K, used 124643K [0x00000000e0000000, 0x0000000100000000)
  region size 1024K, 1 young (1024K), 1 survivors (1024K)
 Metaspace       used 102855K, capacity 105523K, committed 105776K, reserved 1140736K
  class space    used 13175K, capacity 14166K, committed 14208K, reserved 1048576K
}
Event: 198.212 GC heap before
{Heap before GC invocations=262 (full 0):
 garbage-first heap   total 210944K, used 133859K [0x00000000e0000000, 0x0000000100000000)
  region size 1024K, 10 young (10240K), 1 survivors (1024K)
 Metaspace       used 103468K, capacity 106131K, committed 106416K, reserved 1140736K
  class space    used 13263K, capacity 14262K, committed 14336K, reserved 1048576K
}
Event: 198.276 GC heap after
{Heap after GC invocations=263 (full 0):
 garbage-first heap   total 210944K, used 124187K [0x00000000e0000000, 0x0000000100000000)
  region size 1024K, 1 young (1024K), 1 survivors (1024K)
 Metaspace       used 103468K, capacity 106131K, committed 106416K, reserved 1140736K
  class space    used 13263K, capacity 14262K, committed 14336K, reserved 1048576K
}
Event: 201.293 GC heap before
{Heap before GC invocations=263 (full 0):
 garbage-first heap   total 210944K, used 133403K [0x00000000e0000000, 0x0000000100000000)
  region size 1024K, 10 young (10240K), 1 survivors (1024K)
 Metaspace       used 104167K, capacity 106835K, committed 106928K, reserved 1142784K
  class space    used 13356K, capacity 14326K, committed 14336K, reserved 1048576K
}
Event: 201.298 GC heap after
{Heap after GC invocations=264 (full 0):
 garbage-first heap   total 210944K, used 124173K [0x00000000e0000000, 0x0000000100000000)
  region size 1024K, 1 young (1024K), 1 survivors (1024K)
 Metaspace       used 104167K, capacity 106835K, committed 106928K, reserved 1142784K
  class space    used 13356K, capacity 14326K, committed 14336K, reserved 1048576K
}
Event: 203.059 GC heap before
{Heap before GC invocations=264 (full 0):
 garbage-first heap   total 210944K, used 133389K [0x00000000e0000000, 0x0000000100000000)
  region size 1024K, 10 young (10240K), 1 survivors (1024K)
 Metaspace       used 104878K, capacity 107507K, committed 107568K, reserved 1142784K
  class space    used 13437K, capacity 14422K, committed 14464K, reserved 1048576K
}
Event: 203.064 GC heap after
{Heap after GC invocations=265 (full 0):
 garbage-first heap   total 210944K, used 124398K [0x00000000e0000000, 0x0000000100000000)
  region size 1024K, 1 young (1024K), 1 survivors (1024K)
 Metaspace       used 104878K, capacity 107507K, committed 107568K, reserved 1142784K
  class space    used 13437K, capacity 14422K, committed 14464K, reserved 1048576K
}
Event: 204.259 GC heap before
{Heap before GC invocations=265 (full 0):
 garbage-first heap   total 210944K, used 133614K [0x00000000e0000000, 0x0000000100000000)
  region size 1024K, 10 young (10240K), 1 survivors (1024K)
 Metaspace       used 105568K, capacity 108211K, committed 108464K, reserved 1142784K
  class space    used 13510K, capacity 14486K, committed 14592K, reserved 1048576K
}
Event: 204.267 GC heap after
{Heap after GC invocations=266 (full 0):
 garbage-first heap   total 210944K, used 125001K [0x00000000e0000000, 0x0000000100000000)
  region size 1024K, 2 young (2048K), 2 survivors (2048K)
 Metaspace       used 105568K, capacity 108211K, committed 108464K, reserved 1142784K
  class space    used 13510K, capacity 14486K, committed 14592K, reserved 1048576K
}
Event: 206.966 GC heap before
{Heap before GC invocations=266 (full 0):
 garbage-first heap   total 210944K, used 145481K [0x00000000e0000000, 0x0000000100000000)
  region size 1024K, 22 young (22528K), 2 survivors (2048K)
 Metaspace       used 106950K, capacity 109651K, committed 109872K, reserved 1144832K
  class space    used 13661K, capacity 14646K, committed 14720K, reserved 1048576K
}
Event: 206.983 GC heap after
{Heap after GC invocations=267 (full 0):
 garbage-first heap   total 210944K, used 126647K [0x00000000e0000000, 0x0000000100000000)
  region size 1024K, 3 young (3072K), 3 survivors (3072K)
 Metaspace       used 106950K, capacity 109651K, committed 109872K, reserved 1144832K
  class space    used 13661K, capacity 14646K, committed 14720K, reserved 1048576K
}
Event: 231.805 GC heap before
{Heap before GC invocations=267 (full 0):
 garbage-first heap   total 210944K, used 158391K [0x00000000e0000000, 0x0000000100000000)
  region size 1024K, 34 young (34816K), 3 survivors (3072K)
 Metaspace       used 108596K, capacity 111548K, committed 111664K, reserved 1146880K
  class space    used 13867K, capacity 14924K, committed 14976K, reserved 1048576K
}
Event: 231.830 GC heap after
{Heap after GC invocations=268 (full 0):
 garbage-first heap   total 210944K, used 128799K [0x00000000e0000000, 0x0000000100000000)
  region size 1024K, 5 young (5120K), 5 survivors (5120K)
 Metaspace       used 108596K, capacity 111548K, committed 111664K, reserved 1146880K
  class space    used 13867K, capacity 14924K, committed 14976K, reserved 1048576K
}
Event: 432.279 GC heap before
{Heap before GC invocations=268 (full 0):
 garbage-first heap   total 210944K, used 166687K [0x00000000e0000000, 0x0000000100000000)
  region size 1024K, 43 young (44032K), 5 survivors (5120K)
 Metaspace       used 109187K, capacity 112181K, committed 112432K, reserved 1146880K
  class space    used 13897K, capacity 14976K, committed 14976K, reserved 1048576K
}
Event: 432.332 GC heap after
{Heap after GC invocations=269 (full 0):
 garbage-first heap   total 210944K, used 132485K [0x00000000e0000000, 0x0000000100000000)
  region size 1024K, 6 young (6144K), 6 survivors (6144K)
 Metaspace       used 109187K, capacity 112181K, committed 112432K, reserved 1146880K
  class space    used 13897K, capacity 14976K, committed 14976K, reserved 1048576K
}

Deoptimization events (20 events):
Event: 431.460 Thread 0x00000215de65c800 DEOPT PACKING pc=0x00000215ca9582a4 sp=0x0000005bea9f8280
Event: 431.460 Thread 0x00000215de65c800 DEOPT UNPACKING pc=0x00000215c93c643f sp=0x0000005bea9f77a0 mode 0
Event: 431.639 Thread 0x00000215de65c800 Uncommon trap: trap_request=0xffffff4d fr.pc=0x00000215d151c88c relative=0x000000000000156c
Event: 431.639 Thread 0x00000215de65c800 Uncommon trap: reason=unstable_if action=reinterpret pc=0x00000215d151c88c method=org.gradle.api.internal.artifacts.dsl.ParsedModuleStringNotation.assignValue(ILjava/lang/String;)V @ 68 c2
Event: 431.639 Thread 0x00000215de65c800 DEOPT PACKING pc=0x00000215d151c88c sp=0x0000005bea9f8350
Event: 431.639 Thread 0x00000215de65c800 DEOPT UNPACKING pc=0x00000215c93c6029 sp=0x0000005bea9f82b8 mode 2
Event: 432.224 Thread 0x00000215de65c800 Uncommon trap: trap_request=0xfffffff4 fr.pc=0x00000215d16484b4 relative=0x0000000000000b54
Event: 432.224 Thread 0x00000215de65c800 Uncommon trap: reason=null_check action=make_not_entrant pc=0x00000215d16484b4 method=org.gradle.tooling.internal.provider.runner.SubtreeFilteringBuildOperationListener.finished(Lorg/gradle/internal/operations/BuildOperationDescriptor;Lorg/gradle/internal
Event: 432.224 Thread 0x00000215de65c800 DEOPT PACKING pc=0x00000215d16484b4 sp=0x0000005bea9fad90
Event: 432.224 Thread 0x00000215de65c800 DEOPT UNPACKING pc=0x00000215c93c6029 sp=0x0000005bea9fad98 mode 2
Event: 433.478 Thread 0x00000215de65c800 Uncommon trap: trap_request=0xfffffff4 fr.pc=0x00000215d126db10 relative=0x0000000000000990
Event: 433.478 Thread 0x00000215de65c800 Uncommon trap: reason=null_check action=make_not_entrant pc=0x00000215d126db10 method=java.lang.ThreadLocal$ThreadLocalMap.set(Ljava/lang/ThreadLocal;Ljava/lang/Object;)V @ 36 c2
Event: 433.478 Thread 0x00000215de65c800 DEOPT PACKING pc=0x00000215d126db10 sp=0x0000005bea9fafd0
Event: 433.478 Thread 0x00000215de65c800 DEOPT UNPACKING pc=0x00000215c93c6029 sp=0x0000005bea9faf28 mode 2
Event: 433.733 Thread 0x00000215dde24800 DEOPT PACKING pc=0x00000215ca406c62 sp=0x0000005bea5fec30
Event: 433.733 Thread 0x00000215dde24800 DEOPT UNPACKING pc=0x00000215c93c643f sp=0x0000005bea5fe0c8 mode 0
Event: 435.456 Thread 0x00000215de65c800 Uncommon trap: trap_request=0xffffffbe fr.pc=0x00000215d12468a0 relative=0x0000000000000a00
Event: 435.456 Thread 0x00000215de65c800 Uncommon trap: reason=profile_predicate action=maybe_recompile pc=0x00000215d12468a0 method=java.util.TreeMap.getEntryUsingComparator(Ljava/lang/Object;)Ljava/util/TreeMap$Entry; @ 19 c2
Event: 435.456 Thread 0x00000215de65c800 DEOPT PACKING pc=0x00000215d12468a0 sp=0x0000005bea9fadd0
Event: 435.456 Thread 0x00000215de65c800 DEOPT UNPACKING pc=0x00000215c93c6029 sp=0x0000005bea9fad00 mode 2

Classes redefined (0 events):
No events

Internal exceptions (20 events):
Event: 212.332 Thread 0x00000215dcdf9800 Exception <a 'java/lang/NoSuchMethodError'{0x00000000eb0df480}: <clinit>> (0x00000000eb0df480) thrown at [./src/hotspot/share/prims/jni.cpp, line 1362]
Event: 212.615 Thread 0x00000215dd65d800 Exception <a 'java/lang/NoSuchMethodError'{0x00000000eaf285b8}: 'java.lang.Object java.lang.invoke.Invokers$Holder.linkToTargetMethod(java.lang.Object, java.lang.Object, java.lang.Object, int, java.lang.Object, java.lang.Object)'> (0x00000000eaf285b8) thrown at [./src/hotspot/share/interpreter/linkResolver.cpp, line 773]
Event: 212.665 Thread 0x00000215dd65d800 Exception <a 'java/lang/NoSuchMethodError'{0x00000000eaf67fc8}: 'int java.lang.invoke.DirectMethodHandle$Holder.invokeVirtual(java.lang.Object, java.lang.Object, java.lang.Object)'> (0x00000000eaf67fc8) thrown at [./src/hotspot/share/interpreter/linkResolver.cpp, line 773]
Event: 212.672 Thread 0x00000215dd65d800 Exception <a 'java/lang/IncompatibleClassChangeError'{0x00000000eaf71408}: Found class java.lang.Object, but interface was expected> (0x00000000eaf71408) thrown at [./src/hotspot/share/interpreter/linkResolver.cpp, line 839]
Event: 221.791 Thread 0x00000215dd1ec800 Implicit null exception at 0x00000215d0eae0f4 to 0x00000215d0eae5ac
Event: 221.792 Thread 0x00000215dd1ec800 Implicit null exception at 0x00000215d12b5494 to 0x00000215d12b599c
Event: 412.244 Thread 0x00000215de65c800 Implicit null exception at 0x00000215d15dd3e4 to 0x00000215d15de9f8
Event: 413.068 Thread 0x00000215dcdfd000 Exception <a 'sun/nio/fs/WindowsException'{0x00000000ec5079e8}> (0x00000000ec5079e8) thrown at [./src/hotspot/share/prims/jni.cpp, line 615]
Event: 413.243 Thread 0x00000215dcdfd000 Exception <a 'sun/nio/fs/WindowsException'{0x00000000ec595d80}> (0x00000000ec595d80) thrown at [./src/hotspot/share/prims/jni.cpp, line 615]
Event: 413.246 Thread 0x00000215dcdfd000 Exception <a 'sun/nio/fs/WindowsException'{0x00000000ec595ef8}> (0x00000000ec595ef8) thrown at [./src/hotspot/share/prims/jni.cpp, line 615]
Event: 413.264 Thread 0x00000215de65c800 Exception <a 'java/lang/ClassNotFoundException'{0x00000000ec40a5a8}: sync_studio_tooling179_9il0yktma8dcr77frqqya8cghBeanInfo> (0x00000000ec40a5a8) thrown at [./src/hotspot/share/classfile/systemDictionary.cpp, line 231]
Event: 413.266 Thread 0x00000215de65c800 Exception <a 'java/lang/ClassNotFoundException'{0x00000000ec416b58}: sync_studio_tooling179_9il0yktma8dcr77frqqya8cghCustomizer> (0x00000000ec416b58) thrown at [./src/hotspot/share/classfile/systemDictionary.cpp, line 231]
Event: 413.712 Thread 0x00000215dcdfb000 Exception <a 'sun/nio/fs/WindowsException'{0x00000000ec4a4f40}> (0x00000000ec4a4f40) thrown at [./src/hotspot/share/prims/jni.cpp, line 615]
Event: 413.902 Thread 0x00000215dcdfb000 Exception <a 'sun/nio/fs/WindowsException'{0x00000000ec3153b8}> (0x00000000ec3153b8) thrown at [./src/hotspot/share/prims/jni.cpp, line 615]
Event: 413.906 Thread 0x00000215dcdfb000 Exception <a 'sun/nio/fs/WindowsException'{0x00000000ec315520}> (0x00000000ec315520) thrown at [./src/hotspot/share/prims/jni.cpp, line 615]
Event: 413.965 Thread 0x00000215de65c800 Exception <a 'java/lang/ClassNotFoundException'{0x00000000ec362c30}: sync_studio_tooling179_9il0yktma8dcr77frqqya8cghBeanInfo> (0x00000000ec362c30) thrown at [./src/hotspot/share/classfile/systemDictionary.cpp, line 231]
Event: 413.966 Thread 0x00000215de65c800 Exception <a 'java/lang/ClassNotFoundException'{0x00000000ec36f3f0}: sync_studio_tooling179_9il0yktma8dcr77frqqya8cghCustomizer> (0x00000000ec36f3f0) thrown at [./src/hotspot/share/classfile/systemDictionary.cpp, line 231]
Event: 431.158 Thread 0x00000215de65c800 Exception <a 'sun/nio/fs/WindowsException'{0x00000000eb0a2cd0}> (0x00000000eb0a2cd0) thrown at [./src/hotspot/share/prims/jni.cpp, line 615]
Event: 432.224 Thread 0x00000215de65c800 Implicit null exception at 0x00000215d1647a9a to 0x00000215d1648490
Event: 433.478 Thread 0x00000215de65c800 Implicit null exception at 0x00000215d126d252 to 0x00000215d126dafc

Events (20 events):
Event: 432.229 Executing VM operation: RevokeBias
Event: 432.229 Executing VM operation: RevokeBias done
Event: 432.246 Executing VM operation: RevokeBias
Event: 432.246 Executing VM operation: RevokeBias done
Event: 432.248 Executing VM operation: RevokeBias
Event: 432.249 Executing VM operation: RevokeBias done
Event: 432.263 Executing VM operation: RevokeBias
Event: 432.264 Executing VM operation: RevokeBias done
Event: 432.279 Executing VM operation: G1CollectForAllocation
Event: 432.332 Executing VM operation: G1CollectForAllocation done
Event: 432.360 Executing VM operation: RevokeBias
Event: 432.360 Executing VM operation: RevokeBias done
Event: 432.405 Executing VM operation: RevokeBias
Event: 432.405 Executing VM operation: RevokeBias done
Event: 433.491 Thread 0x00000215e0a16800 Thread added: 0x00000215e0a16800
Event: 433.934 Executing VM operation: RevokeBias
Event: 433.935 Executing VM operation: RevokeBias done
Event: 433.935 Thread 0x00000215e0a16800 Thread exited: 0x00000215e0a16800
Event: 435.481 Executing VM operation: RevokeBias
Event: 435.481 Executing VM operation: RevokeBias done


Dynamic libraries:
0x00007ff7dd890000 - 0x00007ff7dd89a000 	C:\Users\felip\OneDrive\Desktop\android-studio\jre\bin\java.exe
0x00007ffe72f10000 - 0x00007ffe73105000 	C:\Windows\SYSTEM32\ntdll.dll
0x00007ffe51290000 - 0x00007ffe512a6000 	C:\Program Files\Avast Software\Avast\aswhook.dll
0x00007ffe70f60000 - 0x00007ffe7101e000 	C:\Windows\System32\KERNEL32.DLL
0x00007ffe70c90000 - 0x00007ffe70f59000 	C:\Windows\System32\KERNELBASE.dll
0x00007ffe70a30000 - 0x00007ffe70b30000 	C:\Windows\System32\ucrtbase.dll
0x00007ffe6d8e0000 - 0x00007ffe6d8f9000 	C:\Users\felip\OneDrive\Desktop\android-studio\jre\bin\jli.dll
0x00007ffe72ae0000 - 0x00007ffe72c81000 	C:\Windows\System32\USER32.dll
0x00007ffe70a00000 - 0x00007ffe70a22000 	C:\Windows\System32\win32u.dll
0x00007ffe71400000 - 0x00007ffe7142b000 	C:\Windows\System32\GDI32.dll
0x00007ffe70630000 - 0x00007ffe7073b000 	C:\Windows\System32\gdi32full.dll
0x00007ffe70740000 - 0x00007ffe707dd000 	C:\Windows\System32\msvcp_win.dll
0x00007ffe60850000 - 0x00007ffe60aea000 	C:\Windows\WinSxS\amd64_microsoft.windows.common-controls_6595b64144ccf1df_6.0.19041.1110_none_60b5254171f9507e\COMCTL32.dll
0x00007ffe72260000 - 0x00007ffe722fe000 	C:\Windows\System32\msvcrt.dll
0x00007ffe6d8c0000 - 0x00007ffe6d8d7000 	C:\Users\felip\OneDrive\Desktop\android-studio\jre\bin\VCRUNTIME140.dll
0x00007ffe72730000 - 0x00007ffe72760000 	C:\Windows\System32\IMM32.DLL
0x00007ffe67da0000 - 0x00007ffe67e3d000 	C:\Users\felip\OneDrive\Desktop\android-studio\jre\bin\msvcp140.dll
0x00007ffe2b550000 - 0x00007ffe2c025000 	C:\Users\felip\OneDrive\Desktop\android-studio\jre\bin\server\jvm.dll
0x00007ffe71430000 - 0x00007ffe714dc000 	C:\Windows\System32\ADVAPI32.dll
0x00007ffe711a0000 - 0x00007ffe7123b000 	C:\Windows\System32\sechost.dll
0x00007ffe712d0000 - 0x00007ffe713fa000 	C:\Windows\System32\RPCRT4.dll
0x00007ffe71970000 - 0x00007ffe71978000 	C:\Windows\System32\PSAPI.DLL
0x00007ffe594e0000 - 0x00007ffe59507000 	C:\Windows\SYSTEM32\WINMM.dll
0x00007ffe63c60000 - 0x00007ffe63c69000 	C:\Windows\SYSTEM32\WSOCK32.dll
0x00007ffe65210000 - 0x00007ffe6521a000 	C:\Windows\SYSTEM32\VERSION.dll
0x00007ffe721f0000 - 0x00007ffe7225b000 	C:\Windows\System32\WS2_32.dll
0x00007ffe6e450000 - 0x00007ffe6e462000 	C:\Windows\SYSTEM32\kernel.appcore.dll
0x00007ffe6c020000 - 0x00007ffe6c031000 	C:\Users\felip\OneDrive\Desktop\android-studio\jre\bin\verify.dll
0x00007ffe65020000 - 0x00007ffe65204000 	C:\Windows\SYSTEM32\DBGHELP.DLL
0x00007ffe64ff0000 - 0x00007ffe6501c000 	C:\Windows\SYSTEM32\dbgcore.DLL
0x00007ffe707e0000 - 0x00007ffe70863000 	C:\Windows\System32\bcryptPrimitives.dll
0x00007ffe67b90000 - 0x00007ffe67bb9000 	C:\Users\felip\OneDrive\Desktop\android-studio\jre\bin\java.dll
0x00007ffe6a140000 - 0x00007ffe6a14b000 	C:\Users\felip\OneDrive\Desktop\android-studio\jre\bin\jimage.dll
0x00007ffe69ad0000 - 0x00007ffe69ae8000 	C:\Users\felip\OneDrive\Desktop\android-studio\jre\bin\zip.dll
0x00007ffe71ab0000 - 0x00007ffe721ef000 	C:\Windows\System32\SHELL32.dll
0x00007ffe6e730000 - 0x00007ffe6eec0000 	C:\Windows\SYSTEM32\windows.storage.dll
0x00007ffe72780000 - 0x00007ffe72ad5000 	C:\Windows\System32\combase.dll
0x00007ffe6ffb0000 - 0x00007ffe6ffdc000 	C:\Windows\SYSTEM32\Wldp.dll
0x00007ffe71980000 - 0x00007ffe71a2d000 	C:\Windows\System32\SHCORE.dll
0x00007ffe72d60000 - 0x00007ffe72db5000 	C:\Windows\System32\shlwapi.dll
0x00007ffe70570000 - 0x00007ffe7058f000 	C:\Windows\SYSTEM32\profapi.dll
0x00007ffe6d880000 - 0x00007ffe6d89a000 	C:\Users\felip\OneDrive\Desktop\android-studio\jre\bin\net.dll
0x00007ffe64e40000 - 0x00007ffe64f48000 	C:\Windows\SYSTEM32\WINHTTP.dll
0x00007ffe6fd10000 - 0x00007ffe6fd7a000 	C:\Windows\system32\mswsock.dll
0x00007ffe6d860000 - 0x00007ffe6d874000 	C:\Users\felip\OneDrive\Desktop\android-studio\jre\bin\nio.dll
0x00007ffe67f30000 - 0x00007ffe67f57000 	C:\Users\felip\.gradle\native\8bec1ad78214c89d9ad589b4d07fe93259594b29d510b10fafb7a158f7737e5d\windows-amd64\native-platform.dll
0x00007ffe53b00000 - 0x00007ffe53c3d000 	C:\Users\felip\.gradle\native\53dbd7edfb1c66fb8903c78663c9afc45aea4f116125fa6feffd364cf09443e8\windows-amd64\native-platform-file-events.dll
0x00007ffe6ded0000 - 0x00007ffe6deda000 	C:\Users\felip\OneDrive\Desktop\android-studio\jre\bin\management.dll
0x00007ffe6d850000 - 0x00007ffe6d85d000 	C:\Users\felip\OneDrive\Desktop\android-studio\jre\bin\management_ext.dll
0x00007ffe6ff10000 - 0x00007ffe6ff28000 	C:\Windows\SYSTEM32\CRYPTSP.dll
0x00007ffe6f690000 - 0x00007ffe6f6c4000 	C:\Windows\system32\rsaenh.dll
0x00007ffe70980000 - 0x00007ffe709a7000 	C:\Windows\System32\bcrypt.dll
0x00007ffe704f0000 - 0x00007ffe7051e000 	C:\Windows\SYSTEM32\USERENV.dll
0x00007ffe6ff00000 - 0x00007ffe6ff0c000 	C:\Windows\SYSTEM32\CRYPTBASE.dll
0x00007ffe6fa00000 - 0x00007ffe6fa3b000 	C:\Windows\SYSTEM32\IPHLPAPI.DLL
0x00007ffe71960000 - 0x00007ffe71968000 	C:\Windows\System32\NSI.dll
0x00007ffe698d0000 - 0x00007ffe698e7000 	C:\Windows\SYSTEM32\dhcpcsvc6.DLL
0x00007ffe69bc0000 - 0x00007ffe69bdd000 	C:\Windows\SYSTEM32\dhcpcsvc.DLL
0x00007ffe6fa40000 - 0x00007ffe6fb0c000 	C:\Windows\SYSTEM32\DNSAPI.dll

dbghelp: loaded successfully - version: 4.0.5 - missing functions: none
symbol engine: initialized successfully - sym options: 0x614 - pdb path: .;C:\Users\felip\OneDrive\Desktop\android-studio\jre\bin;C:\Windows\SYSTEM32;C:\Program Files\Avast Software\Avast;C:\Windows\WinSxS\amd64_microsoft.windows.common-controls_6595b64144ccf1df_6.0.19041.1110_none_60b5254171f9507e;C:\Users\felip\OneDrive\Desktop\android-studio\jre\bin\server;C:\Users\felip\.gradle\native\8bec1ad78214c89d9ad589b4d07fe93259594b29d510b10fafb7a158f7737e5d\windows-amd64;C:\Users\felip\.gradle\native\53dbd7edfb1c66fb8903c78663c9afc45aea4f116125fa6feffd364cf09443e8\windows-amd64

VM Arguments:
jvm_args: --add-opens=java.base/java.util=ALL-UNNAMED --add-opens=java.base/java.lang=ALL-UNNAMED --add-opens=java.base/java.lang.invoke=ALL-UNNAMED --add-opens=java.base/java.util=ALL-UNNAMED --add-opens=java.prefs/java.util.prefs=ALL-UNNAMED --add-opens=java.prefs/java.util.prefs=ALL-UNNAMED --add-opens=java.base/java.nio.charset=ALL-UNNAMED --add-opens=java.base/java.net=ALL-UNNAMED --add-opens=java.base/java.util.concurrent.atomic=ALL-UNNAMED -Xmx512m -Dfile.encoding=UTF-8 -Duser.country=US -Duser.language=en -Duser.variant 
java_command: org.gradle.launcher.daemon.bootstrap.GradleDaemon 7.0.2
java_class_path (initial): C:\Users\felip\.gradle\wrapper\dists\gradle-7.0.2-bin\857tjihv64xamwrf0h14cai3r\gradle-7.0.2\lib\gradle-launcher-7.0.2.jar
Launcher Type: SUN_STANDARD

[Global flags]
     intx CICompilerCount                          = 2                                         {product} {ergonomic}
     uint ConcGCThreads                            = 1                                         {product} {ergonomic}
     uint G1ConcRefinementThreads                  = 2                                         {product} {ergonomic}
   size_t G1HeapRegionSize                         = 1048576                                   {product} {ergonomic}
    uintx GCDrainStackTargetSize                   = 64                                        {product} {ergonomic}
   size_t InitialHeapSize                          = 67108864                                  {product} {ergonomic}
   size_t MarkStackSize                            = 4194304                                   {product} {ergonomic}
   size_t MaxHeapSize                              = 536870912                                 {product} {command line}
   size_t MaxNewSize                               = 321912832                                 {product} {ergonomic}
   size_t MinHeapDeltaBytes                        = 1048576                                   {product} {ergonomic}
    uintx NonNMethodCodeHeapSize                   = 5825164                                {pd product} {ergonomic}
    uintx NonProfiledCodeHeapSize                  = 122916538                              {pd product} {ergonomic}
    uintx ProfiledCodeHeapSize                     = 122916538                              {pd product} {ergonomic}
    uintx ReservedCodeCacheSize                    = 251658240                              {pd product} {ergonomic}
     bool SegmentedCodeCache                       = true                                      {product} {ergonomic}
     bool UseCompressedClassPointers               = true                                 {lp64_product} {ergonomic}
     bool UseCompressedOops                        = true                                 {lp64_product} {ergonomic}
     bool UseG1GC                                  = true                                      {product} {ergonomic}
     bool UseLargePagesIndividualAllocation        = false                                  {pd product} {ergonomic}

Logging:
Log output configuration:
 #0: stdout all=warning uptime,level,tags
 #1: stderr all=off uptime,level,tags

Environment Variables:
PATH=C:\Program Files\Common Files\Oracle\Java\javapath;C:\Program Files (x86)\Common Files\Oracle\Java\javapath;C:\Windows\system32;C:\Windows;C:\Windows\System32\Wbem;C:\Windows\System32\WindowsPowerShell\v1.0\;C:\Windows\System32\OpenSSH\;C:\ProgramData\chocolatey\bin;C:\Program Files (x86)\Yarn\bin\;C:\Program Files\Git\cmd;C:\Program Files\nodejs\;C:\Users\felip\AppData\Local\Microsoft\WindowsApps;C:\Users\felip\AppData\Local\Programs\Microsoft VS Code\bin;C:\Users\felip\AppData\Local\Yarn\bin;C:\Users\felip\AppData\Local\GitHubDesktop\bin;C:\Users\felip\AppData\Roaming\npm
USERNAME=felip
OS=Windows_NT
PROCESSOR_IDENTIFIER=Intel64 Family 6 Model 23 Stepping 10, GenuineIntel



---------------  S Y S T E M  ---------------

OS: Windows 10 , 64 bit Build 19041 (10.0.19041.1202)
OS uptime: 1 days 5:30 hours

CPU:total 2 (initial active 2) (2 cores per cpu, 1 threads per core) family 6 model 23 stepping 10 microcode 0xa0c, cmov, cx8, fxsr, mmx, sse, sse2, sse3, ssse3, tsc

Memory: 4k page, system-wide physical 4061M (137M free)
TotalPageFile size 4061M (AvailPageFile size 5M)
current process WorkingSet (physical memory assigned to process): 246M, peak: 280M
current process commit charge ("private bytes"): 528M, peak: 528M

vm_info: OpenJDK 64-Bit Server VM (11.0.11+9-b60-7590822) for windows-amd64 JRE (11.0.11+9-b60-7590822), built on Jul 29 2021 21:43:44 by "builder" with MS VC++ 14.0 (VS2015)

END.
