#
# There is insufficient memory for the Java Runtime Environment to continue.
# Native memory allocation (malloc) failed to allocate 1121936 bytes for Chunk::new
# Possible reasons:
#   The system is out of physical RAM or swap space
#   The process is running with CompressedOops enabled, and the Java Heap may be blocking the growth of the native heap
# Possible solutions:
#   Reduce memory load on the system
#   Increase physical memory or swap space
#   Check if swap backing store is full
#   Decrease Java heap size (-Xmx/-Xms)
#   Decrease number of Java threads
#   Decrease Java thread stack sizes (-Xss)
#   Set larger code cache with -XX:ReservedCodeCacheSize=
#   JVM is running with Unscaled Compressed Oops mode in which the Java heap is
#     placed in the first 4GB address space. The Java Heap base address is the
#     maximum limit for the native heap growth. Please use -XX:HeapBaseMinAddress
#     to set the Java Heap base and to place the Java Heap above 4GB virtual address.
# This output file may be truncated or incomplete.
#
#  Out of Memory Error (./src/hotspot/share/memory/arena.cpp:197), pid=5704, tid=8088
#
# JRE version: OpenJDK Runtime Environment (11.0.11+9) (build 11.0.11+9-b60-7590822)
# Java VM: OpenJDK 64-Bit Server VM (11.0.11+9-b60-7590822, mixed mode, tiered, compressed oops, g1 gc, windows-amd64)
# No core dump will be written. Minidumps are not enabled by default on client versions of Windows
#

---------------  S U M M A R Y ------------

Command Line: --add-opens=java.base/java.util=ALL-UNNAMED --add-opens=java.base/java.lang=ALL-UNNAMED --add-opens=java.base/java.lang.invoke=ALL-UNNAMED --add-opens=java.base/java.util=ALL-UNNAMED --add-opens=java.prefs/java.util.prefs=ALL-UNNAMED --add-opens=java.prefs/java.util.prefs=ALL-UNNAMED --add-opens=java.base/java.nio.charset=ALL-UNNAMED --add-opens=java.base/java.net=ALL-UNNAMED --add-opens=java.base/java.util.concurrent.atomic=ALL-UNNAMED -Xmx1024m -Dfile.encoding=UTF-8 -Duser.country=US -Duser.language=en -Duser.variant org.gradle.launcher.daemon.bootstrap.GradleDaemon 7.0.2

Host: Celeron(R) Dual-Core CPU       T3500  @ 2.10GHz, 2 cores, 3G,  Windows 10 , 64 bit Build 19041 (10.0.19041.1202)
Time: Fri Nov  5 10:14:50 2021 E. South America Standard Time elapsed time: 679.208610 seconds (0d 0h 11m 19s)

---------------  T H R E A D  ---------------

Current thread (0x000001df673b6000):  JavaThread "C2 CompilerThread0" daemon [_thread_in_native, id=8088, stack(0x0000006435800000,0x0000006435900000)]


Current CompileTask:
C2: 679208 13635       4       org.gradle.internal.component.model.ComponentAttributeMatcher::match (259 bytes)

Stack: [0x0000006435800000,0x0000006435900000]
Native frames: (J=compiled Java code, j=interpreted, Vv=VM code, C=native code)
V  [jvm.dll+0x5f214a]
V  [jvm.dll+0x726fb5]
V  [jvm.dll+0x7285cd]
V  [jvm.dll+0x728c83]
V  [jvm.dll+0x243278]
V  [jvm.dll+0xbc53c]
V  [jvm.dll+0xbca3c]
V  [jvm.dll+0x353e7d]
V  [jvm.dll+0x19895c]
V  [jvm.dll+0x1fc2ee]
V  [jvm.dll+0x1fb3d4]
V  [jvm.dll+0x183d6c]
V  [jvm.dll+0x209a57]
V  [jvm.dll+0x2082a1]
V  [jvm.dll+0x6ef58f]
V  [jvm.dll+0x6e80b5]
V  [jvm.dll+0x5f1036]
C  [ucrtbase.dll+0x21bb2]
C  [KERNEL32.DLL+0x17034]
C  [ntdll.dll+0x52651]


---------------  P R O C E S S  ---------------

Threads class SMR info:
_java_thread_list=0x000001df7178b700, length=38, elements={
0x000001df4dab1000, 0x000001df67348800, 0x000001df67352800, 0x000001df67363000,
0x000001df67365000, 0x000001df673a9800, 0x000001df673b6000, 0x000001df673b8000,
0x000001df67533000, 0x000001df6762b800, 0x000001df68d95000, 0x000001df6891b000,
0x000001df68d92800, 0x000001df686cc000, 0x000001df686ce800, 0x000001df686d0000,
0x000001df686cc800, 0x000001df686ca800, 0x000001df686d1000, 0x000001df686cb000,
0x000001df69837000, 0x000001df69834800, 0x000001df6b710800, 0x000001df6b713000,
0x000001df6b714800, 0x000001df6b717000, 0x000001df6b715800, 0x000001df6b714000,
0x000001df6b716800, 0x000001df6b711800, 0x000001df6b718000, 0x000001df6b712800,
0x000001df6b71c000, 0x000001df6b71d000, 0x000001df6b719000, 0x000001df6b719800,
0x000001df6b71a800, 0x000001df6b71b800
}

Java Threads: ( => current thread )
  0x000001df4dab1000 JavaThread "main" [_thread_blocked, id=6148, stack(0x0000006434c00000,0x0000006434d00000)]
  0x000001df67348800 JavaThread "Reference Handler" daemon [_thread_blocked, id=4936, stack(0x0000006435300000,0x0000006435400000)]
  0x000001df67352800 JavaThread "Finalizer" daemon [_thread_blocked, id=1140, stack(0x0000006435400000,0x0000006435500000)]
  0x000001df67363000 JavaThread "Signal Dispatcher" daemon [_thread_blocked, id=4180, stack(0x0000006435500000,0x0000006435600000)]
  0x000001df67365000 JavaThread "Attach Listener" daemon [_thread_blocked, id=1824, stack(0x0000006435600000,0x0000006435700000)]
  0x000001df673a9800 JavaThread "Service Thread" daemon [_thread_blocked, id=3456, stack(0x0000006435700000,0x0000006435800000)]
=>0x000001df673b6000 JavaThread "C2 CompilerThread0" daemon [_thread_in_native, id=8088, stack(0x0000006435800000,0x0000006435900000)]
  0x000001df673b8000 JavaThread "C1 CompilerThread0" daemon [_thread_blocked, id=1220, stack(0x0000006435900000,0x0000006435a00000)]
  0x000001df67533000 JavaThread "Sweeper thread" daemon [_thread_blocked, id=3280, stack(0x0000006435a00000,0x0000006435b00000)]
  0x000001df6762b800 JavaThread "Common-Cleaner" daemon [_thread_blocked, id=172, stack(0x0000006435b00000,0x0000006435c00000)]
  0x000001df68d95000 JavaThread "Daemon health stats" [_thread_blocked, id=7628, stack(0x0000006435e00000,0x0000006435f00000)]
  0x000001df6891b000 JavaThread "Incoming local TCP Connector on port 7046" [_thread_in_native, id=6000, stack(0x0000006435f00000,0x0000006436000000)]
  0x000001df68d92800 JavaThread "Daemon periodic checks" [_thread_blocked, id=7656, stack(0x0000006436000000,0x0000006436100000)]
  0x000001df686cc000 JavaThread "Cache worker for file hash cache (C:\Users\felip\.gradle\caches\7.0.2\fileHashes)" [_thread_blocked, id=7476, stack(0x0000006436800000,0x0000006436900000)]
  0x000001df686ce800 JavaThread "File lock request listener" [_thread_in_native, id=5496, stack(0x0000006436900000,0x0000006436a00000)]
  0x000001df686d0000 JavaThread "Cache worker for journal cache (C:\Users\felip\.gradle\caches\journal-1)" [_thread_blocked, id=3852, stack(0x0000006436a00000,0x0000006436b00000)]
  0x000001df686cc800 JavaThread "File watcher server" daemon [_thread_in_native, id=224, stack(0x0000006436c00000,0x0000006436d00000)]
  0x000001df686ca800 JavaThread "File watcher consumer" daemon [_thread_blocked, id=2596, stack(0x0000006436d00000,0x0000006436e00000)]
  0x000001df686d1000 JavaThread "jar transforms" [_thread_blocked, id=6440, stack(0x0000006436e00000,0x0000006436f00000)]
  0x000001df686cb000 JavaThread "jar transforms Thread 2" [_thread_blocked, id=320, stack(0x0000006436f00000,0x0000006437000000)]
  0x000001df69837000 JavaThread "Cache worker for execution history cache (C:\Users\felip\.gradle\caches\7.0.2\executionHistory)" [_thread_blocked, id=8080, stack(0x0000006437300000,0x0000006437400000)]
  0x000001df69834800 JavaThread "Cache worker for file content cache (C:\Users\felip\.gradle\caches\7.0.2\fileContent)" [_thread_blocked, id=8072, stack(0x0000006437400000,0x0000006437500000)]
  0x000001df6b710800 JavaThread "Memory manager" [_thread_blocked, id=1496, stack(0x0000006437b00000,0x0000006437c00000)]
  0x000001df6b713000 JavaThread "Daemon Thread 2" [_thread_blocked, id=3240, stack(0x0000006434900000,0x0000006434a00000)]
  0x000001df6b714800 JavaThread "Handler for socket connection from /127.0.0.1:7046 to /127.0.0.1:7061" [_thread_in_native, id=8124, stack(0x0000006434a00000,0x0000006434b00000)]
  0x000001df6b717000 JavaThread "Cancel handler" [_thread_blocked, id=6300, stack(0x0000006434b00000,0x0000006434c00000)]
  0x000001df6b715800 JavaThread "Daemon worker Thread 2" [_thread_in_native, id=4288, stack(0x0000006436100000,0x0000006436200000)]
  0x000001df6b714000 JavaThread "Asynchronous log dispatcher for DefaultDaemonConnection: socket connection from /127.0.0.1:7046 to /127.0.0.1:7061" [_thread_blocked, id=2024, stack(0x0000006436200000,0x0000006436300000)]
  0x000001df6b716800 JavaThread "Stdin handler" [_thread_blocked, id=908, stack(0x0000006436300000,0x0000006436400000)]
  0x000001df6b711800 JavaThread "Daemon client event forwarder" [_thread_blocked, id=7772, stack(0x0000006436400000,0x0000006436500000)]
  0x000001df6b718000 JavaThread "Cache worker for file hash cache (C:\Users\felip\AndroidStudioProjects\VideoApp\.gradle\7.0.2\fileHashes)" [_thread_blocked, id=3128, stack(0x0000006436500000,0x0000006436600000)]
  0x000001df6b712800 JavaThread "Cache worker for checksums cache (C:\Users\felip\AndroidStudioProjects\VideoApp\.gradle\checksums)" [_thread_blocked, id=1460, stack(0x0000006436600000,0x0000006436700000)]
  0x000001df6b71c000 JavaThread "Cache worker for cache directory md-supplier (C:\Users\felip\.gradle\caches\7.0.2\md-supplier)" [_thread_blocked, id=992, stack(0x0000006436700000,0x0000006436800000)]
  0x000001df6b71d000 JavaThread "Cache worker for cache directory md-rule (C:\Users\felip\.gradle\caches\7.0.2\md-rule)" [_thread_blocked, id=5152, stack(0x0000006436b00000,0x0000006436c00000)]
  0x000001df6b719000 JavaThread "Cache worker for dependencies-accessors (C:\Users\felip\AndroidStudioProjects\VideoApp\.gradle\7.0.2\dependencies-accessors)" [_thread_blocked, id=3104, stack(0x0000006437000000,0x0000006437100000)]
  0x000001df6b719800 JavaThread "Cache worker for Build Output Cleanup Cache (C:\Users\felip\AndroidStudioProjects\VideoApp\.gradle\buildOutputCleanup)" [_thread_blocked, id=3136, stack(0x0000006437100000,0x0000006437200000)]
  0x000001df6b71a800 JavaThread "Build operations" [_thread_blocked, id=188, stack(0x0000006437200000,0x0000006437300000)]
  0x000001df6b71b800 JavaThread "Build operations Thread 2" [_thread_blocked, id=1108, stack(0x0000006437500000,0x0000006437600000)]

Other Threads:
  0x000001df67345000 VMThread "VM Thread" [stack: 0x0000006435200000,0x0000006435300000] [id=7760]
  0x000001df6766e800 WatcherThread [stack: 0x0000006435c00000,0x0000006435d00000] [id=7992]
  0x000001df4dac9800 GCTaskThread "GC Thread#0" [stack: 0x0000006434d00000,0x0000006434e00000] [id=7512]
  0x000001df6774b800 GCTaskThread "GC Thread#1" [stack: 0x0000006435d00000,0x0000006435e00000] [id=7592]
  0x000001df4dae5800 ConcurrentGCThread "G1 Main Marker" [stack: 0x0000006434e00000,0x0000006434f00000] [id=1488]
  0x000001df4dae7000 ConcurrentGCThread "G1 Conc#0" [stack: 0x0000006434f00000,0x0000006435000000] [id=4876]
  0x000001df4db36800 ConcurrentGCThread "G1 Refine#0" [stack: 0x0000006435000000,0x0000006435100000] [id=4760]
  0x000001df4db37800 ConcurrentGCThread "G1 Young RemSet Sampling" [stack: 0x0000006435100000,0x0000006435200000] [id=1088]

Threads with active compile tasks:
C2 CompilerThread0 680246 13635       4       org.gradle.internal.component.model.ComponentAttributeMatcher::match (259 bytes)

VM state:not at safepoint (normal execution)

VM Mutex/Monitor currently owned by a thread: None

Heap address: 0x00000000c0000000, size: 1024 MB, Compressed Oops mode: 32-bit
Narrow klass base: 0x0000000000000000, Narrow klass shift: 3
Compressed class space size: 1073741824 Address: 0x0000000100000000

Heap:
 garbage-first heap   total 199680K, used 152055K [0x00000000c0000000, 0x0000000100000000)
  region size 1024K, 28 young (28672K), 6 survivors (6144K)
 Metaspace       used 109749K, capacity 112510K, committed 112584K, reserved 1146880K
  class space    used 13888K, capacity 14921K, committed 14976K, reserved 1048576K
Heap Regions: E=young(eden), S=young(survivor), O=old, HS=humongous(starts), HC=humongous(continues), CS=collection set, F=free, A=archive, TAMS=top-at-mark-start (previous, next)
|   0|0x00000000c0000000, 0x00000000c0100000, 0x00000000c0100000|100%| O|  |TAMS 0x00000000c0100000, 0x00000000c0000000| Untracked 
|   1|0x00000000c0100000, 0x00000000c0200000, 0x00000000c0200000|100%| O|  |TAMS 0x00000000c0200000, 0x00000000c0100000| Untracked 
|   2|0x00000000c0200000, 0x00000000c0300000, 0x00000000c0300000|100%| O|  |TAMS 0x00000000c0300000, 0x00000000c0200000| Untracked 
|   3|0x00000000c0300000, 0x00000000c0400000, 0x00000000c0400000|100%| O|  |TAMS 0x00000000c0400000, 0x00000000c0300000| Untracked 
|   4|0x00000000c0400000, 0x00000000c0500000, 0x00000000c0500000|100%|HS|  |TAMS 0x00000000c0500000, 0x00000000c0400000| Complete 
|   5|0x00000000c0500000, 0x00000000c0600000, 0x00000000c0600000|100%|HC|  |TAMS 0x00000000c0600000, 0x00000000c0500000| Complete 
|   6|0x00000000c0600000, 0x00000000c0700000, 0x00000000c0700000|100%|HC|  |TAMS 0x00000000c0700000, 0x00000000c0600000| Complete 
|   7|0x00000000c0700000, 0x00000000c0800000, 0x00000000c0800000|100%| O|  |TAMS 0x00000000c0800000, 0x00000000c0700000| Untracked 
|   8|0x00000000c0800000, 0x00000000c0900000, 0x00000000c0900000|100%| O|  |TAMS 0x00000000c0900000, 0x00000000c0800000| Untracked 
|   9|0x00000000c0900000, 0x00000000c0a00000, 0x00000000c0a00000|100%| O|  |TAMS 0x00000000c0a00000, 0x00000000c0900000| Untracked 
|  10|0x00000000c0a00000, 0x00000000c0b00000, 0x00000000c0b00000|100%| O|  |TAMS 0x00000000c0b00000, 0x00000000c0a00000| Untracked 
|  11|0x00000000c0b00000, 0x00000000c0c00000, 0x00000000c0c00000|100%| O|  |TAMS 0x00000000c0c00000, 0x00000000c0b00000| Untracked 
|  12|0x00000000c0c00000, 0x00000000c0d00000, 0x00000000c0d00000|100%| O|  |TAMS 0x00000000c0d00000, 0x00000000c0c00000| Untracked 
|  13|0x00000000c0d00000, 0x00000000c0e00000, 0x00000000c0e00000|100%| O|  |TAMS 0x00000000c0e00000, 0x00000000c0d00000| Untracked 
|  14|0x00000000c0e00000, 0x00000000c0f00000, 0x00000000c0f00000|100%| O|  |TAMS 0x00000000c0f00000, 0x00000000c0e00000| Untracked 
|  15|0x00000000c0f00000, 0x00000000c1000000, 0x00000000c1000000|100%|HS|  |TAMS 0x00000000c1000000, 0x00000000c0f00000| Complete 
|  16|0x00000000c1000000, 0x00000000c1100000, 0x00000000c1100000|100%|HC|  |TAMS 0x00000000c1100000, 0x00000000c1000000| Complete 
|  17|0x00000000c1100000, 0x00000000c1200000, 0x00000000c1200000|100%|HS|  |TAMS 0x00000000c1200000, 0x00000000c1100000| Complete 
|  18|0x00000000c1200000, 0x00000000c1300000, 0x00000000c1300000|100%|HC|  |TAMS 0x00000000c1300000, 0x00000000c1200000| Complete 
|  19|0x00000000c1300000, 0x00000000c1400000, 0x00000000c1400000|100%|HC|  |TAMS 0x00000000c1400000, 0x00000000c1300000| Complete 
|  20|0x00000000c1400000, 0x00000000c1500000, 0x00000000c1500000|100%|HS|  |TAMS 0x00000000c1500000, 0x00000000c1400000| Complete 
|  21|0x00000000c1500000, 0x00000000c1600000, 0x00000000c1600000|100%|HC|  |TAMS 0x00000000c1600000, 0x00000000c1500000| Complete 
|  22|0x00000000c1600000, 0x00000000c1700000, 0x00000000c1700000|100%|HC|  |TAMS 0x00000000c1700000, 0x00000000c1600000| Complete 
|  23|0x00000000c1700000, 0x00000000c1800000, 0x00000000c1800000|100%|HC|  |TAMS 0x00000000c1800000, 0x00000000c1700000| Complete 
|  24|0x00000000c1800000, 0x00000000c1900000, 0x00000000c1900000|100%| O|  |TAMS 0x00000000c1900000, 0x00000000c1800000| Untracked 
|  25|0x00000000c1900000, 0x00000000c1a00000, 0x00000000c1a00000|100%| O|  |TAMS 0x00000000c1a00000, 0x00000000c1900000| Untracked 
|  26|0x00000000c1a00000, 0x00000000c1b00000, 0x00000000c1b00000|100%| O|  |TAMS 0x00000000c1b00000, 0x00000000c1a00000| Untracked 
|  27|0x00000000c1b00000, 0x00000000c1c00000, 0x00000000c1c00000|100%| O|  |TAMS 0x00000000c1c00000, 0x00000000c1b00000| Untracked 
|  28|0x00000000c1c00000, 0x00000000c1d00000, 0x00000000c1d00000|100%| O|  |TAMS 0x00000000c1d00000, 0x00000000c1c00000| Untracked 
|  29|0x00000000c1d00000, 0x00000000c1e00000, 0x00000000c1e00000|100%| O|  |TAMS 0x00000000c1e00000, 0x00000000c1d00000| Untracked 
|  30|0x00000000c1e00000, 0x00000000c1f00000, 0x00000000c1f00000|100%| O|  |TAMS 0x00000000c1f00000, 0x00000000c1e00000| Untracked 
|  31|0x00000000c1f00000, 0x00000000c2000000, 0x00000000c2000000|100%| O|  |TAMS 0x00000000c2000000, 0x00000000c1f00000| Untracked 
|  32|0x00000000c2000000, 0x00000000c2100000, 0x00000000c2100000|100%| O|  |TAMS 0x00000000c2100000, 0x00000000c2000000| Untracked 
|  33|0x00000000c2100000, 0x00000000c2200000, 0x00000000c2200000|100%| O|  |TAMS 0x00000000c2200000, 0x00000000c2100000| Untracked 
|  34|0x00000000c2200000, 0x00000000c2300000, 0x00000000c2300000|100%| O|  |TAMS 0x00000000c2300000, 0x00000000c2200000| Untracked 
|  35|0x00000000c2300000, 0x00000000c2400000, 0x00000000c2400000|100%| O|  |TAMS 0x00000000c2400000, 0x00000000c2300000| Untracked 
|  36|0x00000000c2400000, 0x00000000c2500000, 0x00000000c2500000|100%| O|  |TAMS 0x00000000c2500000, 0x00000000c2400000| Untracked 
|  37|0x00000000c2500000, 0x00000000c2600000, 0x00000000c2600000|100%| O|  |TAMS 0x00000000c2600000, 0x00000000c2500000| Untracked 
|  38|0x00000000c2600000, 0x00000000c2700000, 0x00000000c2700000|100%|HS|  |TAMS 0x00000000c2700000, 0x00000000c2600000| Complete 
|  39|0x00000000c2700000, 0x00000000c2800000, 0x00000000c2800000|100%|HC|  |TAMS 0x00000000c2800000, 0x00000000c2700000| Complete 
|  40|0x00000000c2800000, 0x00000000c2900000, 0x00000000c2900000|100%|HC|  |TAMS 0x00000000c2900000, 0x00000000c2800000| Complete 
|  41|0x00000000c2900000, 0x00000000c2a00000, 0x00000000c2a00000|100%| O|  |TAMS 0x00000000c2a00000, 0x00000000c2900000| Untracked 
|  42|0x00000000c2a00000, 0x00000000c2b00000, 0x00000000c2b00000|100%| O|  |TAMS 0x00000000c2b00000, 0x00000000c2a00000| Untracked 
|  43|0x00000000c2b00000, 0x00000000c2c00000, 0x00000000c2c00000|100%| O|  |TAMS 0x00000000c2c00000, 0x00000000c2b00000| Untracked 
|  44|0x00000000c2c00000, 0x00000000c2d00000, 0x00000000c2d00000|100%| O|  |TAMS 0x00000000c2d00000, 0x00000000c2c00000| Untracked 
|  45|0x00000000c2d00000, 0x00000000c2e00000, 0x00000000c2e00000|100%| O|  |TAMS 0x00000000c2e00000, 0x00000000c2d00000| Untracked 
|  46|0x00000000c2e00000, 0x00000000c2f00000, 0x00000000c2f00000|100%|HS|  |TAMS 0x00000000c2f00000, 0x00000000c2e00000| Complete 
|  47|0x00000000c2f00000, 0x00000000c3000000, 0x00000000c3000000|100%|HC|  |TAMS 0x00000000c3000000, 0x00000000c2f00000| Complete 
|  48|0x00000000c3000000, 0x00000000c3100000, 0x00000000c3100000|100%|HC|  |TAMS 0x00000000c3100000, 0x00000000c3000000| Complete 
|  49|0x00000000c3100000, 0x00000000c3200000, 0x00000000c3200000|100%|HC|  |TAMS 0x00000000c3200000, 0x00000000c3100000| Complete 
|  50|0x00000000c3200000, 0x00000000c3300000, 0x00000000c3300000|100%| O|  |TAMS 0x00000000c3300000, 0x00000000c3200000| Untracked 
|  51|0x00000000c3300000, 0x00000000c3400000, 0x00000000c3400000|100%| O|  |TAMS 0x00000000c3400000, 0x00000000c3300000| Untracked 
|  52|0x00000000c3400000, 0x00000000c3500000, 0x00000000c3500000|100%| O|  |TAMS 0x00000000c3500000, 0x00000000c3400000| Untracked 
|  53|0x00000000c3500000, 0x00000000c3600000, 0x00000000c3600000|100%| O|  |TAMS 0x00000000c3600000, 0x00000000c3500000| Untracked 
|  54|0x00000000c3600000, 0x00000000c3700000, 0x00000000c3700000|100%|HS|  |TAMS 0x00000000c3700000, 0x00000000c3600000| Complete 
|  55|0x00000000c3700000, 0x00000000c3800000, 0x00000000c3800000|100%|HS|  |TAMS 0x00000000c3800000, 0x00000000c3700000| Complete 
|  56|0x00000000c3800000, 0x00000000c3900000, 0x00000000c3900000|100%|HS|  |TAMS 0x00000000c3900000, 0x00000000c3800000| Complete 
|  57|0x00000000c3900000, 0x00000000c3a00000, 0x00000000c3a00000|100%| O|  |TAMS 0x00000000c3a00000, 0x00000000c3900000| Untracked 
|  58|0x00000000c3a00000, 0x00000000c3b00000, 0x00000000c3b00000|100%|HS|  |TAMS 0x00000000c3b00000, 0x00000000c3a00000| Complete 
|  59|0x00000000c3b00000, 0x00000000c3c00000, 0x00000000c3c00000|100%|HC|  |TAMS 0x00000000c3c00000, 0x00000000c3b00000| Complete 
|  60|0x00000000c3c00000, 0x00000000c3d00000, 0x00000000c3d00000|100%|HC|  |TAMS 0x00000000c3d00000, 0x00000000c3c00000| Complete 
|  61|0x00000000c3d00000, 0x00000000c3e00000, 0x00000000c3e00000|100%| O|  |TAMS 0x00000000c3e00000, 0x00000000c3d00000| Untracked 
|  62|0x00000000c3e00000, 0x00000000c3f00000, 0x00000000c3f00000|100%| O|  |TAMS 0x00000000c3f00000, 0x00000000c3e00000| Untracked 
|  63|0x00000000c3f00000, 0x00000000c4000000, 0x00000000c4000000|100%| O|  |TAMS 0x00000000c4000000, 0x00000000c3f00000| Untracked 
|  64|0x00000000c4000000, 0x00000000c4100000, 0x00000000c4100000|100%|HS|  |TAMS 0x00000000c4100000, 0x00000000c4000000| Complete 
|  65|0x00000000c4100000, 0x00000000c4200000, 0x00000000c4200000|100%|HC|  |TAMS 0x00000000c4200000, 0x00000000c4100000| Complete 
|  66|0x00000000c4200000, 0x00000000c4300000, 0x00000000c4300000|100%| O|  |TAMS 0x00000000c4300000, 0x00000000c4200000| Untracked 
|  67|0x00000000c4300000, 0x00000000c4400000, 0x00000000c4400000|100%| O|  |TAMS 0x00000000c4400000, 0x00000000c4300000| Untracked 
|  68|0x00000000c4400000, 0x00000000c4500000, 0x00000000c4500000|100%| O|  |TAMS 0x00000000c4500000, 0x00000000c4400000| Untracked 
|  69|0x00000000c4500000, 0x00000000c4600000, 0x00000000c4600000|100%| O|  |TAMS 0x00000000c4600000, 0x00000000c4500000| Untracked 
|  70|0x00000000c4600000, 0x00000000c4700000, 0x00000000c4700000|100%| O|  |TAMS 0x00000000c4700000, 0x00000000c4600000| Untracked 
|  71|0x00000000c4700000, 0x00000000c4800000, 0x00000000c4800000|100%| O|  |TAMS 0x00000000c4800000, 0x00000000c4700000| Untracked 
|  72|0x00000000c4800000, 0x00000000c4900000, 0x00000000c4900000|100%| O|  |TAMS 0x00000000c4900000, 0x00000000c4800000| Untracked 
|  73|0x00000000c4900000, 0x00000000c4a00000, 0x00000000c4a00000|100%| O|  |TAMS 0x00000000c4a00000, 0x00000000c4900000| Untracked 
|  74|0x00000000c4a00000, 0x00000000c4b00000, 0x00000000c4b00000|100%| O|  |TAMS 0x00000000c4b00000, 0x00000000c4a00000| Untracked 
|  75|0x00000000c4b00000, 0x00000000c4c00000, 0x00000000c4c00000|100%| O|  |TAMS 0x00000000c4c00000, 0x00000000c4b00000| Untracked 
|  76|0x00000000c4c00000, 0x00000000c4d00000, 0x00000000c4d00000|100%| O|  |TAMS 0x00000000c4d00000, 0x00000000c4c00000| Untracked 
|  77|0x00000000c4d00000, 0x00000000c4e00000, 0x00000000c4e00000|100%| O|  |TAMS 0x00000000c4e00000, 0x00000000c4d00000| Untracked 
|  78|0x00000000c4e00000, 0x00000000c4f00000, 0x00000000c4f00000|100%| O|  |TAMS 0x00000000c4f00000, 0x00000000c4e00000| Untracked 
|  79|0x00000000c4f00000, 0x00000000c5000000, 0x00000000c5000000|100%| O|  |TAMS 0x00000000c5000000, 0x00000000c4f00000| Untracked 
|  80|0x00000000c5000000, 0x00000000c5100000, 0x00000000c5100000|100%| O|  |TAMS 0x00000000c5100000, 0x00000000c5000000| Untracked 
|  81|0x00000000c5100000, 0x00000000c5200000, 0x00000000c5200000|100%| O|  |TAMS 0x00000000c5200000, 0x00000000c5100000| Untracked 
|  82|0x00000000c5200000, 0x00000000c5300000, 0x00000000c5300000|100%| O|  |TAMS 0x00000000c5300000, 0x00000000c5200000| Untracked 
|  83|0x00000000c5300000, 0x00000000c5400000, 0x00000000c5400000|100%| O|  |TAMS 0x00000000c5400000, 0x00000000c5300000| Untracked 
|  84|0x00000000c5400000, 0x00000000c5500000, 0x00000000c5500000|100%| O|  |TAMS 0x00000000c5500000, 0x00000000c5400000| Untracked 
|  85|0x00000000c5500000, 0x00000000c5600000, 0x00000000c5600000|100%| O|  |TAMS 0x00000000c5600000, 0x00000000c5500000| Untracked 
|  86|0x00000000c5600000, 0x00000000c5700000, 0x00000000c5700000|100%| O|  |TAMS 0x00000000c5700000, 0x00000000c5600000| Untracked 
|  87|0x00000000c5700000, 0x00000000c5800000, 0x00000000c5800000|100%|HS|  |TAMS 0x00000000c5800000, 0x00000000c5700000| Complete 
|  88|0x00000000c5800000, 0x00000000c5900000, 0x00000000c5900000|100%|HC|  |TAMS 0x00000000c5900000, 0x00000000c5800000| Complete 
|  89|0x00000000c5900000, 0x00000000c5a00000, 0x00000000c5a00000|100%|HS|  |TAMS 0x00000000c5a00000, 0x00000000c5900000| Complete 
|  90|0x00000000c5a00000, 0x00000000c5b00000, 0x00000000c5b00000|100%|HC|  |TAMS 0x00000000c5b00000, 0x00000000c5a00000| Complete 
|  91|0x00000000c5b00000, 0x00000000c5c00000, 0x00000000c5c00000|100%|HC|  |TAMS 0x00000000c5c00000, 0x00000000c5b00000| Complete 
|  92|0x00000000c5c00000, 0x00000000c5d00000, 0x00000000c5d00000|100%|HS|  |TAMS 0x00000000c5d00000, 0x00000000c5c00000| Complete 
|  93|0x00000000c5d00000, 0x00000000c5e00000, 0x00000000c5e00000|100%|HC|  |TAMS 0x00000000c5e00000, 0x00000000c5d00000| Complete 
|  94|0x00000000c5e00000, 0x00000000c5f00000, 0x00000000c5f00000|100%|HC|  |TAMS 0x00000000c5f00000, 0x00000000c5e00000| Complete 
|  95|0x00000000c5f00000, 0x00000000c6000000, 0x00000000c6000000|100%|HC|  |TAMS 0x00000000c6000000, 0x00000000c5f00000| Complete 
|  96|0x00000000c6000000, 0x00000000c6100000, 0x00000000c6100000|100%| O|  |TAMS 0x00000000c6100000, 0x00000000c6000000| Untracked 
|  97|0x00000000c6100000, 0x00000000c6200000, 0x00000000c6200000|100%| O|  |TAMS 0x00000000c6200000, 0x00000000c6100000| Untracked 
|  98|0x00000000c6200000, 0x00000000c6300000, 0x00000000c6300000|100%| O|  |TAMS 0x00000000c6300000, 0x00000000c6200000| Untracked 
|  99|0x00000000c6300000, 0x00000000c6400000, 0x00000000c6400000|100%| O|  |TAMS 0x00000000c6400000, 0x00000000c6300000| Untracked 
| 100|0x00000000c6400000, 0x00000000c6500000, 0x00000000c6500000|100%| O|  |TAMS 0x00000000c6500000, 0x00000000c6400000| Untracked 
| 101|0x00000000c6500000, 0x00000000c6600000, 0x00000000c6600000|100%| O|  |TAMS 0x00000000c6600000, 0x00000000c6500000| Untracked 
| 102|0x00000000c6600000, 0x00000000c6700000, 0x00000000c6700000|100%| O|  |TAMS 0x00000000c6700000, 0x00000000c6600000| Untracked 
| 103|0x00000000c6700000, 0x00000000c6800000, 0x00000000c6800000|100%| O|  |TAMS 0x00000000c6800000, 0x00000000c6700000| Untracked 
| 104|0x00000000c6800000, 0x00000000c6900000, 0x00000000c6900000|100%| O|  |TAMS 0x00000000c6900000, 0x00000000c6800000| Untracked 
| 105|0x00000000c6900000, 0x00000000c6a00000, 0x00000000c6a00000|100%| O|  |TAMS 0x00000000c6a00000, 0x00000000c6900000| Untracked 
| 106|0x00000000c6a00000, 0x00000000c6b00000, 0x00000000c6b00000|100%| O|  |TAMS 0x00000000c6b00000, 0x00000000c6a00000| Untracked 
| 107|0x00000000c6b00000, 0x00000000c6c00000, 0x00000000c6c00000|100%| O|  |TAMS 0x00000000c6c00000, 0x00000000c6b00000| Untracked 
| 108|0x00000000c6c00000, 0x00000000c6d00000, 0x00000000c6d00000|100%| O|  |TAMS 0x00000000c6d00000, 0x00000000c6c00000| Untracked 
| 109|0x00000000c6d00000, 0x00000000c6e00000, 0x00000000c6e00000|100%| O|  |TAMS 0x00000000c6e00000, 0x00000000c6d00000| Untracked 
| 110|0x00000000c6e00000, 0x00000000c6f00000, 0x00000000c6f00000|100%| O|  |TAMS 0x00000000c6f00000, 0x00000000c6e00000| Untracked 
| 111|0x00000000c6f00000, 0x00000000c7000000, 0x00000000c7000000|100%| O|  |TAMS 0x00000000c7000000, 0x00000000c6f00000| Untracked 
| 112|0x00000000c7000000, 0x00000000c7100000, 0x00000000c7100000|100%| O|  |TAMS 0x00000000c7100000, 0x00000000c7000000| Untracked 
| 113|0x00000000c7100000, 0x00000000c7200000, 0x00000000c7200000|100%| O|  |TAMS 0x00000000c7200000, 0x00000000c7100000| Untracked 
| 114|0x00000000c7200000, 0x00000000c7300000, 0x00000000c7300000|100%| O|  |TAMS 0x00000000c7300000, 0x00000000c7200000| Untracked 
| 115|0x00000000c7300000, 0x00000000c7400000, 0x00000000c7400000|100%| O|  |TAMS 0x00000000c7400000, 0x00000000c7300000| Untracked 
| 116|0x00000000c7400000, 0x00000000c7500000, 0x00000000c7500000|100%| O|  |TAMS 0x00000000c7500000, 0x00000000c7400000| Untracked 
| 117|0x00000000c7500000, 0x00000000c7600000, 0x00000000c7600000|100%| O|  |TAMS 0x00000000c7600000, 0x00000000c7500000| Untracked 
| 118|0x00000000c7600000, 0x00000000c7700000, 0x00000000c7700000|100%| O|  |TAMS 0x00000000c7700000, 0x00000000c7600000| Untracked 
| 119|0x00000000c7700000, 0x00000000c7800000, 0x00000000c7800000|100%| O|  |TAMS 0x00000000c7800000, 0x00000000c7700000| Untracked 
| 120|0x00000000c7800000, 0x00000000c7900000, 0x00000000c7900000|100%| O|  |TAMS 0x00000000c7900000, 0x00000000c7800000| Untracked 
| 121|0x00000000c7900000, 0x00000000c7a00000, 0x00000000c7a00000|100%| O|  |TAMS 0x00000000c7a00000, 0x00000000c7900000| Untracked 
| 122|0x00000000c7a00000, 0x00000000c7ad1800, 0x00000000c7b00000| 81%| O|  |TAMS 0x00000000c7ad1800, 0x00000000c7a00000| Untracked 
| 123|0x00000000c7b00000, 0x00000000c7b00000, 0x00000000c7c00000|  0%| F|  |TAMS 0x00000000c7b00000, 0x00000000c7b00000| Untracked 
| 124|0x00000000c7c00000, 0x00000000c7c00000, 0x00000000c7d00000|  0%| F|  |TAMS 0x00000000c7c00000, 0x00000000c7c00000| Untracked 
| 125|0x00000000c7d00000, 0x00000000c7d00000, 0x00000000c7e00000|  0%| F|  |TAMS 0x00000000c7d00000, 0x00000000c7d00000| Untracked 
| 126|0x00000000c7e00000, 0x00000000c7e00000, 0x00000000c7f00000|  0%| F|  |TAMS 0x00000000c7e00000, 0x00000000c7e00000| Untracked 
| 127|0x00000000c7f00000, 0x00000000c7f00000, 0x00000000c8000000|  0%| F|  |TAMS 0x00000000c7f00000, 0x00000000c7f00000| Untracked 
| 128|0x00000000c8000000, 0x00000000c8000000, 0x00000000c8100000|  0%| F|  |TAMS 0x00000000c8000000, 0x00000000c8000000| Untracked 
| 129|0x00000000c8100000, 0x00000000c8100000, 0x00000000c8200000|  0%| F|  |TAMS 0x00000000c8100000, 0x00000000c8100000| Untracked 
| 130|0x00000000c8200000, 0x00000000c8200000, 0x00000000c8300000|  0%| F|  |TAMS 0x00000000c8200000, 0x00000000c8200000| Untracked 
| 131|0x00000000c8300000, 0x00000000c8300000, 0x00000000c8400000|  0%| F|  |TAMS 0x00000000c8300000, 0x00000000c8300000| Untracked 
| 132|0x00000000c8400000, 0x00000000c8400000, 0x00000000c8500000|  0%| F|  |TAMS 0x00000000c8400000, 0x00000000c8400000| Untracked 
| 133|0x00000000c8500000, 0x00000000c8500000, 0x00000000c8600000|  0%| F|  |TAMS 0x00000000c8500000, 0x00000000c8500000| Untracked 
| 134|0x00000000c8600000, 0x00000000c8600000, 0x00000000c8700000|  0%| F|  |TAMS 0x00000000c8600000, 0x00000000c8600000| Untracked 
| 135|0x00000000c8700000, 0x00000000c8700000, 0x00000000c8800000|  0%| F|  |TAMS 0x00000000c8700000, 0x00000000c8700000| Untracked 
| 136|0x00000000c8800000, 0x00000000c8800000, 0x00000000c8900000|  0%| F|  |TAMS 0x00000000c8800000, 0x00000000c8800000| Untracked 
| 137|0x00000000c8900000, 0x00000000c8900000, 0x00000000c8a00000|  0%| F|  |TAMS 0x00000000c8900000, 0x00000000c8900000| Untracked 
| 138|0x00000000c8a00000, 0x00000000c8a00000, 0x00000000c8b00000|  0%| F|  |TAMS 0x00000000c8a00000, 0x00000000c8a00000| Untracked 
| 139|0x00000000c8b00000, 0x00000000c8b00000, 0x00000000c8c00000|  0%| F|  |TAMS 0x00000000c8b00000, 0x00000000c8b00000| Untracked 
| 140|0x00000000c8c00000, 0x00000000c8c00000, 0x00000000c8d00000|  0%| F|  |TAMS 0x00000000c8c00000, 0x00000000c8c00000| Untracked 
| 141|0x00000000c8d00000, 0x00000000c8d00000, 0x00000000c8e00000|  0%| F|  |TAMS 0x00000000c8d00000, 0x00000000c8d00000| Untracked 
| 142|0x00000000c8e00000, 0x00000000c8e00000, 0x00000000c8f00000|  0%| F|  |TAMS 0x00000000c8e00000, 0x00000000c8e00000| Untracked 
| 143|0x00000000c8f00000, 0x00000000c8f00000, 0x00000000c9000000|  0%| F|  |TAMS 0x00000000c8f00000, 0x00000000c8f00000| Untracked 
| 144|0x00000000c9000000, 0x00000000c9000000, 0x00000000c9100000|  0%| F|  |TAMS 0x00000000c9000000, 0x00000000c9000000| Untracked 
| 145|0x00000000c9100000, 0x00000000c9100000, 0x00000000c9200000|  0%| F|  |TAMS 0x00000000c9100000, 0x00000000c9100000| Untracked 
| 146|0x00000000c9200000, 0x00000000c92ac4e0, 0x00000000c9300000| 67%| S|CS|TAMS 0x00000000c9200000, 0x00000000c9200000| Complete 
| 147|0x00000000c9300000, 0x00000000c9400000, 0x00000000c9400000|100%| S|CS|TAMS 0x00000000c9300000, 0x00000000c9300000| Complete 
| 148|0x00000000c9400000, 0x00000000c9500000, 0x00000000c9500000|100%| S|CS|TAMS 0x00000000c9400000, 0x00000000c9400000| Complete 
| 149|0x00000000c9500000, 0x00000000c9600000, 0x00000000c9600000|100%| S|CS|TAMS 0x00000000c9500000, 0x00000000c9500000| Complete 
| 150|0x00000000c9600000, 0x00000000c9600000, 0x00000000c9700000|  0%| F|  |TAMS 0x00000000c9600000, 0x00000000c9600000| Untracked 
| 151|0x00000000c9700000, 0x00000000c9700000, 0x00000000c9800000|  0%| F|  |TAMS 0x00000000c9700000, 0x00000000c9700000| Untracked 
| 152|0x00000000c9800000, 0x00000000c9800000, 0x00000000c9900000|  0%| F|  |TAMS 0x00000000c9800000, 0x00000000c9800000| Untracked 
| 153|0x00000000c9900000, 0x00000000c9a00000, 0x00000000c9a00000|100%| S|CS|TAMS 0x00000000c9900000, 0x00000000c9900000| Complete 
| 154|0x00000000c9a00000, 0x00000000c9b00000, 0x00000000c9b00000|100%| S|CS|TAMS 0x00000000c9a00000, 0x00000000c9a00000| Complete 
| 155|0x00000000c9b00000, 0x00000000c9b00000, 0x00000000c9c00000|  0%| F|  |TAMS 0x00000000c9b00000, 0x00000000c9b00000| Untracked 
| 156|0x00000000c9c00000, 0x00000000c9c00000, 0x00000000c9d00000|  0%| F|  |TAMS 0x00000000c9c00000, 0x00000000c9c00000| Untracked 
| 157|0x00000000c9d00000, 0x00000000c9d00000, 0x00000000c9e00000|  0%| F|  |TAMS 0x00000000c9d00000, 0x00000000c9d00000| Untracked 
| 158|0x00000000c9e00000, 0x00000000c9e00000, 0x00000000c9f00000|  0%| F|  |TAMS 0x00000000c9e00000, 0x00000000c9e00000| Untracked 
| 159|0x00000000c9f00000, 0x00000000c9f00000, 0x00000000ca000000|  0%| F|  |TAMS 0x00000000c9f00000, 0x00000000c9f00000| Untracked 
| 160|0x00000000ca000000, 0x00000000ca000000, 0x00000000ca100000|  0%| F|  |TAMS 0x00000000ca000000, 0x00000000ca000000| Untracked 
| 161|0x00000000ca100000, 0x00000000ca100000, 0x00000000ca200000|  0%| F|  |TAMS 0x00000000ca100000, 0x00000000ca100000| Untracked 
| 162|0x00000000ca200000, 0x00000000ca200000, 0x00000000ca300000|  0%| F|  |TAMS 0x00000000ca200000, 0x00000000ca200000| Untracked 
| 163|0x00000000ca300000, 0x00000000ca300000, 0x00000000ca400000|  0%| F|  |TAMS 0x00000000ca300000, 0x00000000ca300000| Untracked 
| 164|0x00000000ca400000, 0x00000000ca400000, 0x00000000ca500000|  0%| F|  |TAMS 0x00000000ca400000, 0x00000000ca400000| Untracked 
| 165|0x00000000ca500000, 0x00000000ca500000, 0x00000000ca600000|  0%| F|  |TAMS 0x00000000ca500000, 0x00000000ca500000| Untracked 
| 166|0x00000000ca600000, 0x00000000ca600000, 0x00000000ca700000|  0%| F|  |TAMS 0x00000000ca600000, 0x00000000ca600000| Untracked 
| 167|0x00000000ca700000, 0x00000000ca700000, 0x00000000ca800000|  0%| F|  |TAMS 0x00000000ca700000, 0x00000000ca700000| Untracked 
| 168|0x00000000ca800000, 0x00000000ca800000, 0x00000000ca900000|  0%| F|  |TAMS 0x00000000ca800000, 0x00000000ca800000| Untracked 
| 169|0x00000000ca900000, 0x00000000ca900000, 0x00000000caa00000|  0%| F|  |TAMS 0x00000000ca900000, 0x00000000ca900000| Untracked 
| 170|0x00000000caa00000, 0x00000000caa00000, 0x00000000cab00000|  0%| F|  |TAMS 0x00000000caa00000, 0x00000000caa00000| Untracked 
| 171|0x00000000cab00000, 0x00000000cab00000, 0x00000000cac00000|  0%| F|  |TAMS 0x00000000cab00000, 0x00000000cab00000| Untracked 
| 172|0x00000000cac00000, 0x00000000cac00000, 0x00000000cad00000|  0%| F|  |TAMS 0x00000000cac00000, 0x00000000cac00000| Untracked 
| 173|0x00000000cad00000, 0x00000000cade4040, 0x00000000cae00000| 89%| E|  |TAMS 0x00000000cad00000, 0x00000000cad00000| Complete 
| 174|0x00000000cae00000, 0x00000000caf00000, 0x00000000caf00000|100%| E|CS|TAMS 0x00000000cae00000, 0x00000000cae00000| Complete 
| 175|0x00000000caf00000, 0x00000000cb000000, 0x00000000cb000000|100%| E|CS|TAMS 0x00000000caf00000, 0x00000000caf00000| Complete 
| 176|0x00000000cb000000, 0x00000000cb100000, 0x00000000cb100000|100%| E|CS|TAMS 0x00000000cb000000, 0x00000000cb000000| Complete 
| 177|0x00000000cb100000, 0x00000000cb200000, 0x00000000cb200000|100%| E|CS|TAMS 0x00000000cb100000, 0x00000000cb100000| Complete 
| 178|0x00000000cb200000, 0x00000000cb300000, 0x00000000cb300000|100%| E|CS|TAMS 0x00000000cb200000, 0x00000000cb200000| Complete 
| 179|0x00000000cb300000, 0x00000000cb400000, 0x00000000cb400000|100%| E|CS|TAMS 0x00000000cb300000, 0x00000000cb300000| Complete 
| 180|0x00000000cb400000, 0x00000000cb500000, 0x00000000cb500000|100%| E|CS|TAMS 0x00000000cb400000, 0x00000000cb400000| Complete 
| 181|0x00000000cb500000, 0x00000000cb600000, 0x00000000cb600000|100%| E|CS|TAMS 0x00000000cb500000, 0x00000000cb500000| Complete 
| 182|0x00000000cb600000, 0x00000000cb700000, 0x00000000cb700000|100%| E|CS|TAMS 0x00000000cb600000, 0x00000000cb600000| Complete 
| 183|0x00000000cb700000, 0x00000000cb800000, 0x00000000cb800000|100%| E|CS|TAMS 0x00000000cb700000, 0x00000000cb700000| Complete 
| 184|0x00000000cb800000, 0x00000000cb900000, 0x00000000cb900000|100%| E|CS|TAMS 0x00000000cb800000, 0x00000000cb800000| Complete 
| 185|0x00000000cb900000, 0x00000000cba00000, 0x00000000cba00000|100%| E|  |TAMS 0x00000000cb900000, 0x00000000cb900000| Complete 
| 186|0x00000000cba00000, 0x00000000cbb00000, 0x00000000cbb00000|100%| E|CS|TAMS 0x00000000cba00000, 0x00000000cba00000| Complete 
| 187|0x00000000cbb00000, 0x00000000cbc00000, 0x00000000cbc00000|100%| E|CS|TAMS 0x00000000cbb00000, 0x00000000cbb00000| Complete 
| 188|0x00000000cbc00000, 0x00000000cbd00000, 0x00000000cbd00000|100%| E|CS|TAMS 0x00000000cbc00000, 0x00000000cbc00000| Complete 
| 189|0x00000000cbd00000, 0x00000000cbe00000, 0x00000000cbe00000|100%| E|CS|TAMS 0x00000000cbd00000, 0x00000000cbd00000| Complete 
| 190|0x00000000cbe00000, 0x00000000cbf00000, 0x00000000cbf00000|100%| E|CS|TAMS 0x00000000cbe00000, 0x00000000cbe00000| Complete 
| 191|0x00000000cbf00000, 0x00000000cc000000, 0x00000000cc000000|100%| E|CS|TAMS 0x00000000cbf00000, 0x00000000cbf00000| Complete 
| 192|0x00000000cc000000, 0x00000000cc100000, 0x00000000cc100000|100%| E|CS|TAMS 0x00000000cc000000, 0x00000000cc000000| Complete 
| 193|0x00000000cc100000, 0x00000000cc200000, 0x00000000cc200000|100%| E|CS|TAMS 0x00000000cc100000, 0x00000000cc100000| Complete 
| 194|0x00000000cc200000, 0x00000000cc300000, 0x00000000cc300000|100%| E|CS|TAMS 0x00000000cc200000, 0x00000000cc200000| Complete 

Card table byte_map: [0x000001df623a0000,0x000001df625a0000] _byte_map_base: 0x000001df61da0000

Marking Bits (Prev, Next): (CMBitMap*) 0x000001df4dae0be8, (CMBitMap*) 0x000001df4dae0c20
 Prev Bits: [0x000001df627a0000, 0x000001df637a0000)
 Next Bits: [0x000001df637a0000, 0x000001df647a0000)

Polling page: 0x000001df4db90000

Metaspace:

Usage:
  Non-class:     95.30 MB capacity,    93.61 MB ( 98%) used,     1.39 MB (  1%) free+waste,   307.06 KB ( <1%) overhead. 
      Class:     14.57 MB capacity,    13.56 MB ( 93%) used,   892.90 KB (  6%) free+waste,   139.19 KB ( <1%) overhead. 
       Both:    109.87 MB capacity,   107.18 MB ( 98%) used,     2.26 MB (  2%) free+waste,   446.25 KB ( <1%) overhead. 

Virtual space:
  Non-class space:       96.00 MB reserved,      95.32 MB (>99%) committed 
      Class space:        1.00 GB reserved,      14.63 MB (  1%) committed 
             Both:        1.09 GB reserved,     109.95 MB ( 10%) committed 

Chunk freelists:
   Non-Class:  19.00 KB
       Class:  0 bytes
        Both:  19.00 KB

MaxMetaspaceSize: 17179869184.00 GB
CompressedClassSpaceSize: 1.00 GB

CodeHeap 'non-profiled nmethods': size=120064Kb used=7874Kb max_used=7874Kb free=112189Kb
 bounds [0x000001df5a840000, 0x000001df5b000000, 0x000001df61d80000]
CodeHeap 'profiled nmethods': size=120000Kb used=31163Kb max_used=31163Kb free=88836Kb
 bounds [0x000001df53310000, 0x000001df55180000, 0x000001df5a840000]
CodeHeap 'non-nmethods': size=5696Kb used=2334Kb max_used=2382Kb free=3361Kb
 bounds [0x000001df52d80000, 0x000001df52ff0000, 0x000001df53310000]
 total_blobs=14506 nmethods=13538 adapters=880
 compilation: enabled
              stopped_count=0, restarted_count=0
 full_count=0

Compilation events (20 events):
Event: 676.351 Thread 0x000001df673b6000 nmethod 13626 0x000001df5afe9490 code [0x000001df5afe9620, 0x000001df5afe9698]
Event: 676.949 Thread 0x000001df673b6000 13627       4       java.util.function.Function$$Lambda$53/0x0000000100164040::apply (5 bytes)
Event: 676.950 Thread 0x000001df673b6000 nmethod 13627 0x000001df5afe9710 code [0x000001df5afe98a0, 0x000001df5afe98f8]
Event: 676.955 Thread 0x000001df673b6000 13628       4       com.google.common.collect.ImmutableCollection$ArrayBasedBuilder::addAll (65 bytes)
Event: 677.065 Thread 0x000001df673b6000 nmethod 13628 0x000001df5afe9990 code [0x000001df5afe9bc0, 0x000001df5afeb018]
Event: 677.373 Thread 0x000001df673b8000 13629       3       org.gradle.internal.component.model.MultipleCandidateMatcher::getAttribute (44 bytes)
Event: 677.374 Thread 0x000001df673b8000 nmethod 13629 0x000001df55178690 code [0x000001df55178880, 0x000001df55178d48]
Event: 677.459 Thread 0x000001df673b8000 13630       3       org.gradle.internal.component.model.AttributeMatchingExplanationBuilder::candidateAttributeDoesNotMatch (1 bytes)
Event: 677.459 Thread 0x000001df673b8000 nmethod 13630 0x000001df55178f10 code [0x000001df551790c0, 0x000001df551791b8]
Event: 677.582 Thread 0x000001df673b6000 13631       4       org.gradle.cache.internal.DefaultCrossBuildInMemoryCacheFactory$AbstractCrossBuildInMemoryCache::getIfPresentWithoutLock (43 bytes)
Event: 677.640 Thread 0x000001df673b6000 nmethod 13631 0x000001df5afeba10 code [0x000001df5afebc80, 0x000001df5afecbb0]
Event: 678.072 Thread 0x000001df673b6000 13632       4       org.gradle.api.internal.attributes.DefaultImmutableAttributes::equals (124 bytes)
Event: 678.121 Thread 0x000001df673b6000 nmethod 13632 0x000001df5afed610 code [0x000001df5afed860, 0x000001df5afee718]
Event: 678.161 Thread 0x000001df673b6000 13633       4       org.gradle.api.internal.artifacts.ivyservice.resolveengine.strict.StrictVersionConstraints$1::union (2 bytes)
Event: 678.170 Thread 0x000001df673b6000 nmethod 13633 0x000001df5afef190 code [0x000001df5afef320, 0x000001df5afef378]
Event: 678.170 Thread 0x000001df673b6000 13634       4       org.gradle.internal.io.StreamByteBuffer$StreamByteBufferInputStream::read (8 bytes)
Event: 678.232 Thread 0x000001df673b6000 nmethod 13634 0x000001df5afef410 code [0x000001df5afef5e0, 0x000001df5aff0558]
Event: 678.254 Thread 0x000001df673b6000 13635       4       org.gradle.internal.component.model.ComponentAttributeMatcher::match (259 bytes)
Event: 678.444 Thread 0x000001df673b8000 13636       3       org.gradle.internal.instantiation.generator.DefaultInstantiatorFactory::inject (14 bytes)
Event: 678.444 Thread 0x000001df673b8000 nmethod 13636 0x000001df55179290 code [0x000001df55179460, 0x000001df551796c8]

GC Heap History (20 events):
Event: 70.665 GC heap before
{Heap before GC invocations=99 (full 0):
 garbage-first heap   total 165888K, used 131652K [0x00000000c0000000, 0x0000000100000000)
  region size 1024K, 25 young (25600K), 3 survivors (3072K)
 Metaspace       used 89730K, capacity 92077K, committed 92232K, reserved 1130496K
  class space    used 11448K, capacity 12270K, committed 12288K, reserved 1048576K
}
Event: 70.692 GC heap after
{Heap after GC invocations=100 (full 0):
 garbage-first heap   total 199680K, used 110478K [0x00000000c0000000, 0x0000000100000000)
  region size 1024K, 3 young (3072K), 3 survivors (3072K)
 Metaspace       used 89730K, capacity 92077K, committed 92232K, reserved 1130496K
  class space    used 11448K, capacity 12270K, committed 12288K, reserved 1048576K
}
Event: 73.460 GC heap before
{Heap before GC invocations=100 (full 0):
 garbage-first heap   total 199680K, used 146318K [0x00000000c0000000, 0x0000000100000000)
  region size 1024K, 39 young (39936K), 3 survivors (3072K)
 Metaspace       used 90009K, capacity 92347K, committed 92488K, reserved 1130496K
  class space    used 11450K, capacity 12271K, committed 12288K, reserved 1048576K
}
Event: 73.488 GC heap after
{Heap after GC invocations=101 (full 0):
 garbage-first heap   total 199680K, used 112977K [0x00000000c0000000, 0x0000000100000000)
  region size 1024K, 4 young (4096K), 4 survivors (4096K)
 Metaspace       used 90009K, capacity 92347K, committed 92488K, reserved 1130496K
  class space    used 11450K, capacity 12271K, committed 12288K, reserved 1048576K
}
Event: 76.962 GC heap before
{Heap before GC invocations=102 (full 0):
 garbage-first heap   total 199680K, used 149841K [0x00000000c0000000, 0x0000000100000000)
  region size 1024K, 41 young (41984K), 4 survivors (4096K)
 Metaspace       used 91266K, capacity 93553K, committed 93640K, reserved 1130496K
  class space    used 11577K, capacity 12413K, committed 12416K, reserved 1048576K
}
Event: 76.991 GC heap after
{Heap after GC invocations=103 (full 0):
 garbage-first heap   total 199680K, used 115105K [0x00000000c0000000, 0x0000000100000000)
  region size 1024K, 5 young (5120K), 5 survivors (5120K)
 Metaspace       used 91266K, capacity 93553K, committed 93640K, reserved 1130496K
  class space    used 11577K, capacity 12413K, committed 12416K, reserved 1048576K
}
Event: 80.439 GC heap before
{Heap before GC invocations=103 (full 0):
 garbage-first heap   total 199680K, used 154017K [0x00000000c0000000, 0x0000000100000000)
  region size 1024K, 43 young (44032K), 5 survivors (5120K)
 Metaspace       used 94849K, capacity 97374K, committed 97608K, reserved 1134592K
  class space    used 12082K, capacity 12951K, committed 13056K, reserved 1048576K
}
Event: 80.468 GC heap after
{Heap after GC invocations=104 (full 0):
 garbage-first heap   total 199680K, used 116736K [0x00000000c0000000, 0x0000000100000000)
  region size 1024K, 4 young (4096K), 4 survivors (4096K)
 Metaspace       used 94849K, capacity 97374K, committed 97608K, reserved 1134592K
  class space    used 12082K, capacity 12951K, committed 13056K, reserved 1048576K
}
Event: 82.894 GC heap before
{Heap before GC invocations=105 (full 0):
 garbage-first heap   total 199680K, used 156672K [0x00000000c0000000, 0x0000000100000000)
  region size 1024K, 43 young (44032K), 4 survivors (4096K)
 Metaspace       used 96553K, capacity 99062K, committed 99400K, reserved 1136640K
  class space    used 12332K, capacity 13213K, committed 13312K, reserved 1048576K
}
Event: 82.923 GC heap after
{Heap after GC invocations=106 (full 0):
 garbage-first heap   total 199680K, used 118531K [0x00000000c0000000, 0x0000000100000000)
  region size 1024K, 4 young (4096K), 4 survivors (4096K)
 Metaspace       used 96553K, capacity 99062K, committed 99400K, reserved 1136640K
  class space    used 12332K, capacity 13213K, committed 13312K, reserved 1048576K
}
Event: 84.195 GC heap before
{Heap before GC invocations=106 (full 0):
 garbage-first heap   total 199680K, used 158467K [0x00000000c0000000, 0x0000000100000000)
  region size 1024K, 43 young (44032K), 4 survivors (4096K)
 Metaspace       used 99491K, capacity 101974K, committed 102216K, reserved 1138688K
  class space    used 12672K, capacity 13565K, committed 13568K, reserved 1048576K
}
Event: 84.227 GC heap after
{Heap after GC invocations=107 (full 0):
 garbage-first heap   total 199680K, used 120095K [0x00000000c0000000, 0x0000000100000000)
  region size 1024K, 4 young (4096K), 4 survivors (4096K)
 Metaspace       used 99491K, capacity 101974K, committed 102216K, reserved 1138688K
  class space    used 12672K, capacity 13565K, committed 13568K, reserved 1048576K
}
Event: 87.378 GC heap before
{Heap before GC invocations=108 (full 0):
 garbage-first heap   total 199680K, used 160031K [0x00000000c0000000, 0x0000000100000000)
  region size 1024K, 43 young (44032K), 4 survivors (4096K)
 Metaspace       used 103165K, capacity 105637K, committed 105800K, reserved 1140736K
  class space    used 13122K, capacity 14070K, committed 14080K, reserved 1048576K
}
Event: 87.416 GC heap after
{Heap after GC invocations=109 (full 0):
 garbage-first heap   total 199680K, used 123621K [0x00000000c0000000, 0x0000000100000000)
  region size 1024K, 6 young (6144K), 6 survivors (6144K)
 Metaspace       used 103165K, capacity 105637K, committed 105800K, reserved 1140736K
  class space    used 13122K, capacity 14070K, committed 14080K, reserved 1048576K
}
Event: 94.507 GC heap before
{Heap before GC invocations=109 (full 0):
 garbage-first heap   total 199680K, used 163557K [0x00000000c0000000, 0x0000000100000000)
  region size 1024K, 45 young (46080K), 6 survivors (6144K)
 Metaspace       used 106576K, capacity 109079K, committed 109256K, reserved 1144832K
  class space    used 13545K, capacity 14460K, committed 14464K, reserved 1048576K
}
Event: 94.555 GC heap after
{Heap after GC invocations=110 (full 0):
 garbage-first heap   total 199680K, used 126251K [0x00000000c0000000, 0x0000000100000000)
  region size 1024K, 3 young (3072K), 3 survivors (3072K)
 Metaspace       used 106576K, capacity 109079K, committed 109256K, reserved 1144832K
  class space    used 13545K, capacity 14460K, committed 14464K, reserved 1048576K
}
Event: 490.443 GC heap before
{Heap before GC invocations=111 (full 0):
 garbage-first heap   total 199680K, used 164138K [0x00000000c0000000, 0x0000000100000000)
  region size 1024K, 41 young (41984K), 3 survivors (3072K)
 Metaspace       used 108922K, capacity 111682K, committed 111816K, reserved 1146880K
  class space    used 13845K, capacity 14855K, committed 14976K, reserved 1048576K
}
Event: 490.478 GC heap after
{Heap after GC invocations=112 (full 0):
 garbage-first heap   total 199680K, used 127668K [0x00000000c0000000, 0x0000000100000000)
  region size 1024K, 4 young (4096K), 4 survivors (4096K)
 Metaspace       used 108922K, capacity 111682K, committed 111816K, reserved 1146880K
  class space    used 13845K, capacity 14855K, committed 14976K, reserved 1048576K
}
Event: 670.137 GC heap before
{Heap before GC invocations=112 (full 0):
 garbage-first heap   total 199680K, used 166580K [0x00000000c0000000, 0x0000000100000000)
  region size 1024K, 43 young (44032K), 4 survivors (4096K)
 Metaspace       used 109519K, capacity 112321K, committed 112584K, reserved 1146880K
  class space    used 13881K, capacity 14908K, committed 14976K, reserved 1048576K
}
Event: 670.217 GC heap after
{Heap after GC invocations=113 (full 0):
 garbage-first heap   total 199680K, used 131575K [0x00000000c0000000, 0x0000000100000000)
  region size 1024K, 6 young (6144K), 6 survivors (6144K)
 Metaspace       used 109519K, capacity 112321K, committed 112584K, reserved 1146880K
  class space    used 13881K, capacity 14908K, committed 14976K, reserved 1048576K
}

Deoptimization events (20 events):
Event: 667.990 Thread 0x000001df6b715800 DEOPT PACKING pc=0x000001df5394af91 sp=0x00000064361f9590
Event: 667.990 Thread 0x000001df6b715800 DEOPT UNPACKING pc=0x000001df52da643f sp=0x00000064361f8a68 mode 0
Event: 668.147 Thread 0x000001df6b715800 Uncommon trap: trap_request=0xfffffff4 fr.pc=0x000001df5af7a578 relative=0x0000000000000bd8
Event: 668.147 Thread 0x000001df6b715800 Uncommon trap: reason=null_check action=make_not_entrant pc=0x000001df5af7a578 method=org.gradle.tooling.internal.provider.runner.SubtreeFilteringBuildOperationListener.started(Lorg/gradle/internal/operations/BuildOperationDescriptor;Lorg/gradle/internal/
Event: 668.147 Thread 0x000001df6b715800 DEOPT PACKING pc=0x000001df5af7a578 sp=0x00000064361fa890
Event: 668.147 Thread 0x000001df6b715800 DEOPT UNPACKING pc=0x000001df52da6029 sp=0x00000064361fa840 mode 2
Event: 668.261 Thread 0x000001df6b711800 DEOPT PACKING pc=0x000001df5429dd2d sp=0x00000064364fbe10
Event: 668.261 Thread 0x000001df6b711800 DEOPT UNPACKING pc=0x000001df52da643f sp=0x00000064364fb2d8 mode 0
Event: 668.261 Thread 0x000001df6b711800 DEOPT PACKING pc=0x000001df5429d1cb sp=0x00000064364fbea0
Event: 668.261 Thread 0x000001df6b711800 DEOPT UNPACKING pc=0x000001df52da643f sp=0x00000064364fb360 mode 0
Event: 670.043 Thread 0x000001df6b715800 Uncommon trap: trap_request=0xffffffbe fr.pc=0x000001df5ab5ce18 relative=0x00000000000009f8
Event: 670.043 Thread 0x000001df6b715800 Uncommon trap: reason=profile_predicate action=maybe_recompile pc=0x000001df5ab5ce18 method=java.util.TreeMap.getEntryUsingComparator(Ljava/lang/Object;)Ljava/util/TreeMap$Entry; @ 19 c2
Event: 670.043 Thread 0x000001df6b715800 DEOPT PACKING pc=0x000001df5ab5ce18 sp=0x00000064361fa7b0
Event: 670.043 Thread 0x000001df6b715800 DEOPT UNPACKING pc=0x000001df52da6029 sp=0x00000064361fa6e0 mode 2
Event: 671.034 Thread 0x000001df6b715800 DEOPT PACKING pc=0x000001df54d2a177 sp=0x00000064361f9bd0
Event: 671.034 Thread 0x000001df6b715800 DEOPT UNPACKING pc=0x000001df52da643f sp=0x00000064361f90d0 mode 0
Event: 672.955 Thread 0x000001df6b715800 DEOPT PACKING pc=0x000001df53a30f99 sp=0x00000064361f9570
Event: 672.955 Thread 0x000001df6b715800 DEOPT UNPACKING pc=0x000001df52da643f sp=0x00000064361f8a90 mode 0
Event: 675.451 Thread 0x000001df6b715800 DEOPT PACKING pc=0x000001df545d5a0d sp=0x00000064361f7c80
Event: 675.451 Thread 0x000001df6b715800 DEOPT UNPACKING pc=0x000001df52da643f sp=0x00000064361f7118 mode 0

Classes redefined (0 events):
No events

Internal exceptions (20 events):
Event: 100.585 Thread 0x000001df68d92800 Implicit null exception at 0x000001df5a88b4f4 to 0x000001df5a88b9ac
Event: 650.117 Thread 0x000001df6b715800 Exception <a 'java/lang/NoSuchMethodError'{0x00000000cbda0840}: <clinit>> (0x00000000cbda0840) thrown at [./src/hotspot/share/prims/jni.cpp, line 1362]
Event: 650.456 Thread 0x000001df686d1000 Exception <a 'sun/nio/fs/WindowsException'{0x00000000cbc4da88}> (0x00000000cbc4da88) thrown at [./src/hotspot/share/prims/jni.cpp, line 615]
Event: 650.613 Thread 0x000001df686d1000 Exception <a 'sun/nio/fs/WindowsException'{0x00000000cbcf0530}> (0x00000000cbcf0530) thrown at [./src/hotspot/share/prims/jni.cpp, line 615]
Event: 650.620 Thread 0x000001df686d1000 Exception <a 'sun/nio/fs/WindowsException'{0x00000000cbcf06a8}> (0x00000000cbcf06a8) thrown at [./src/hotspot/share/prims/jni.cpp, line 615]
Event: 650.703 Thread 0x000001df6b715800 Exception <a 'java/lang/ClassNotFoundException'{0x00000000cbb674f8}: sync_studio_tooling350_2m69sztp1bs11lepx7toownzzBeanInfo> (0x00000000cbb674f8) thrown at [./src/hotspot/share/classfile/systemDictionary.cpp, line 231]
Event: 650.704 Thread 0x000001df6b715800 Exception <a 'java/lang/ClassNotFoundException'{0x00000000cbb73aa8}: sync_studio_tooling350_2m69sztp1bs11lepx7toownzzCustomizer> (0x00000000cbb73aa8) thrown at [./src/hotspot/share/classfile/systemDictionary.cpp, line 231]
Event: 650.918 Thread 0x000001df686cb000 Exception <a 'sun/nio/fs/WindowsException'{0x00000000cbbdd8a0}> (0x00000000cbbdd8a0) thrown at [./src/hotspot/share/prims/jni.cpp, line 615]
Event: 651.022 Thread 0x000001df686cb000 Exception <a 'sun/nio/fs/WindowsException'{0x00000000cba3a7f8}> (0x00000000cba3a7f8) thrown at [./src/hotspot/share/prims/jni.cpp, line 615]
Event: 651.027 Thread 0x000001df686cb000 Exception <a 'sun/nio/fs/WindowsException'{0x00000000cba3a960}> (0x00000000cba3a960) thrown at [./src/hotspot/share/prims/jni.cpp, line 615]
Event: 651.046 Thread 0x000001df6b715800 Exception <a 'java/lang/ClassNotFoundException'{0x00000000cbaa88f0}: sync_studio_tooling350_2m69sztp1bs11lepx7toownzzBeanInfo> (0x00000000cbaa88f0) thrown at [./src/hotspot/share/classfile/systemDictionary.cpp, line 231]
Event: 651.047 Thread 0x000001df6b715800 Exception <a 'java/lang/ClassNotFoundException'{0x00000000cbab50c8}: sync_studio_tooling350_2m69sztp1bs11lepx7toownzzCustomizer> (0x00000000cbab50c8) thrown at [./src/hotspot/share/classfile/systemDictionary.cpp, line 231]
Event: 666.110 Thread 0x000001df6b715800 Exception <a 'sun/nio/fs/WindowsException'{0x00000000ca8ab150}> (0x00000000ca8ab150) thrown at [./src/hotspot/share/prims/jni.cpp, line 615]
Event: 668.147 Thread 0x000001df6b715800 Implicit null exception at 0x000001df5af79bcd to 0x000001df5af7a550
Event: 672.579 Thread 0x000001df6b715800 Exception <a 'sun/nio/fs/WindowsException'{0x00000000cb400ee8}> (0x00000000cb400ee8) thrown at [./src/hotspot/share/prims/jni.cpp, line 615]
Event: 673.033 Thread 0x000001df6b715800 Exception <a 'sun/nio/fs/WindowsException'{0x00000000cb4a2d38}> (0x00000000cb4a2d38) thrown at [./src/hotspot/share/prims/jni.cpp, line 615]
Event: 673.033 Thread 0x000001df6b715800 Exception <a 'sun/nio/fs/WindowsException'{0x00000000cb4a40b0}> (0x00000000cb4a40b0) thrown at [./src/hotspot/share/prims/jni.cpp, line 615]
Event: 673.034 Thread 0x000001df6b715800 Exception <a 'sun/nio/fs/WindowsException'{0x00000000cb4a5478}> (0x00000000cb4a5478) thrown at [./src/hotspot/share/prims/jni.cpp, line 615]
Event: 673.035 Thread 0x000001df6b715800 Exception <a 'sun/nio/fs/WindowsException'{0x00000000cb4a6840}> (0x00000000cb4a6840) thrown at [./src/hotspot/share/prims/jni.cpp, line 615]
Event: 674.943 Thread 0x000001df6b715800 Exception <a 'java/lang/reflect/InvocationTargetException'{0x00000000cb24fab8}> (0x00000000cb24fab8) thrown at [./src/hotspot/share/runtime/reflection.cpp, line 1247]

Events (20 events):
Event: 670.800 Executing VM operation: RevokeBias
Event: 670.802 Executing VM operation: RevokeBias done
Event: 670.805 Executing VM operation: RevokeBias
Event: 670.806 Executing VM operation: RevokeBias done
Event: 670.839 Executing VM operation: RevokeBias
Event: 670.840 Executing VM operation: RevokeBias done
Event: 670.879 Executing VM operation: RevokeBias
Event: 670.880 Executing VM operation: RevokeBias done
Event: 670.905 Executing VM operation: RevokeBias
Event: 670.906 Executing VM operation: RevokeBias done
Event: 670.922 Executing VM operation: RevokeBias
Event: 670.923 Executing VM operation: RevokeBias done
Event: 670.966 Executing VM operation: CGC_Operation
Event: 670.968 Executing VM operation: CGC_Operation done
Event: 672.492 Executing VM operation: RevokeBias
Event: 672.492 Executing VM operation: RevokeBias done
Event: 672.577 Executing VM operation: RevokeBias
Event: 672.577 Executing VM operation: RevokeBias done
Event: 672.740 Executing VM operation: RevokeBias
Event: 672.741 Executing VM operation: RevokeBias done


Dynamic libraries:
0x00007ff6e8440000 - 0x00007ff6e844a000 	C:\Users\felip\OneDrive\Desktop\android-studio\jre\bin\java.exe
0x00007ffe72f10000 - 0x00007ffe73105000 	C:\Windows\SYSTEM32\ntdll.dll
0x00007ffe51290000 - 0x00007ffe512a6000 	C:\Program Files\Avast Software\Avast\aswhook.dll
0x00007ffe70f60000 - 0x00007ffe7101e000 	C:\Windows\System32\KERNEL32.DLL
0x00007ffe70c90000 - 0x00007ffe70f59000 	C:\Windows\System32\KERNELBASE.dll
0x00007ffe70a30000 - 0x00007ffe70b30000 	C:\Windows\System32\ucrtbase.dll
0x00007ffe60830000 - 0x00007ffe60847000 	C:\Users\felip\OneDrive\Desktop\android-studio\jre\bin\VCRUNTIME140.dll
0x00007ffe6ccf0000 - 0x00007ffe6cd09000 	C:\Users\felip\OneDrive\Desktop\android-studio\jre\bin\jli.dll
0x00007ffe72ae0000 - 0x00007ffe72c81000 	C:\Windows\System32\USER32.dll
0x00007ffe70a00000 - 0x00007ffe70a22000 	C:\Windows\System32\win32u.dll
0x00007ffe71400000 - 0x00007ffe7142b000 	C:\Windows\System32\GDI32.dll
0x00007ffe70630000 - 0x00007ffe7073b000 	C:\Windows\System32\gdi32full.dll
0x00007ffe60850000 - 0x00007ffe60aea000 	C:\Windows\WinSxS\amd64_microsoft.windows.common-controls_6595b64144ccf1df_6.0.19041.1110_none_60b5254171f9507e\COMCTL32.dll
0x00007ffe70740000 - 0x00007ffe707dd000 	C:\Windows\System32\msvcp_win.dll
0x00007ffe72260000 - 0x00007ffe722fe000 	C:\Windows\System32\msvcrt.dll
0x00007ffe72730000 - 0x00007ffe72760000 	C:\Windows\System32\IMM32.DLL
0x00007ffe5ada0000 - 0x00007ffe5ae3d000 	C:\Users\felip\OneDrive\Desktop\android-studio\jre\bin\msvcp140.dll
0x00007ffe2a8e0000 - 0x00007ffe2b3b5000 	C:\Users\felip\OneDrive\Desktop\android-studio\jre\bin\server\jvm.dll
0x00007ffe71430000 - 0x00007ffe714dc000 	C:\Windows\System32\ADVAPI32.dll
0x00007ffe711a0000 - 0x00007ffe7123b000 	C:\Windows\System32\sechost.dll
0x00007ffe712d0000 - 0x00007ffe713fa000 	C:\Windows\System32\RPCRT4.dll
0x00007ffe71970000 - 0x00007ffe71978000 	C:\Windows\System32\PSAPI.DLL
0x00007ffe63c60000 - 0x00007ffe63c69000 	C:\Windows\SYSTEM32\WSOCK32.dll
0x00007ffe721f0000 - 0x00007ffe7225b000 	C:\Windows\System32\WS2_32.dll
0x00007ffe594e0000 - 0x00007ffe59507000 	C:\Windows\SYSTEM32\WINMM.dll
0x00007ffe65210000 - 0x00007ffe6521a000 	C:\Windows\SYSTEM32\VERSION.dll
0x00007ffe6e450000 - 0x00007ffe6e462000 	C:\Windows\SYSTEM32\kernel.appcore.dll
0x00007ffe693f0000 - 0x00007ffe69401000 	C:\Users\felip\OneDrive\Desktop\android-studio\jre\bin\verify.dll
0x00007ffe65020000 - 0x00007ffe65204000 	C:\Windows\SYSTEM32\DBGHELP.DLL
0x00007ffe64ff0000 - 0x00007ffe6501c000 	C:\Windows\SYSTEM32\dbgcore.DLL
0x00007ffe707e0000 - 0x00007ffe70863000 	C:\Windows\System32\bcryptPrimitives.dll
0x00007ffe68ff0000 - 0x00007ffe69019000 	C:\Users\felip\OneDrive\Desktop\android-studio\jre\bin\java.dll
0x00007ffe6b370000 - 0x00007ffe6b37b000 	C:\Users\felip\OneDrive\Desktop\android-studio\jre\bin\jimage.dll
0x00007ffe67e80000 - 0x00007ffe67e98000 	C:\Users\felip\OneDrive\Desktop\android-studio\jre\bin\zip.dll
0x00007ffe71ab0000 - 0x00007ffe721ef000 	C:\Windows\System32\SHELL32.dll
0x00007ffe6e730000 - 0x00007ffe6eec0000 	C:\Windows\SYSTEM32\windows.storage.dll
0x00007ffe72780000 - 0x00007ffe72ad5000 	C:\Windows\System32\combase.dll
0x00007ffe6ffb0000 - 0x00007ffe6ffdc000 	C:\Windows\SYSTEM32\Wldp.dll
0x00007ffe71980000 - 0x00007ffe71a2d000 	C:\Windows\System32\SHCORE.dll
0x00007ffe72d60000 - 0x00007ffe72db5000 	C:\Windows\System32\shlwapi.dll
0x00007ffe70570000 - 0x00007ffe7058f000 	C:\Windows\SYSTEM32\profapi.dll
0x00007ffe6dd40000 - 0x00007ffe6dd5a000 	C:\Users\felip\OneDrive\Desktop\android-studio\jre\bin\net.dll
0x00007ffe64e40000 - 0x00007ffe64f48000 	C:\Windows\SYSTEM32\WINHTTP.dll
0x00007ffe6fd10000 - 0x00007ffe6fd7a000 	C:\Windows\system32\mswsock.dll
0x00007ffe6d880000 - 0x00007ffe6d894000 	C:\Users\felip\OneDrive\Desktop\android-studio\jre\bin\nio.dll
0x00007ffe6c020000 - 0x00007ffe6c047000 	C:\Users\felip\.gradle\native\8bec1ad78214c89d9ad589b4d07fe93259594b29d510b10fafb7a158f7737e5d\windows-amd64\native-platform.dll
0x00007ffe53960000 - 0x00007ffe53a9d000 	C:\Users\felip\.gradle\native\53dbd7edfb1c66fb8903c78663c9afc45aea4f116125fa6feffd364cf09443e8\windows-amd64\native-platform-file-events.dll
0x00007ffe6df60000 - 0x00007ffe6df6a000 	C:\Users\felip\OneDrive\Desktop\android-studio\jre\bin\management.dll
0x00007ffe6df50000 - 0x00007ffe6df5d000 	C:\Users\felip\OneDrive\Desktop\android-studio\jre\bin\management_ext.dll
0x00007ffe6ff10000 - 0x00007ffe6ff28000 	C:\Windows\SYSTEM32\CRYPTSP.dll
0x00007ffe6f690000 - 0x00007ffe6f6c4000 	C:\Windows\system32\rsaenh.dll
0x00007ffe70980000 - 0x00007ffe709a7000 	C:\Windows\System32\bcrypt.dll
0x00007ffe704f0000 - 0x00007ffe7051e000 	C:\Windows\SYSTEM32\USERENV.dll
0x00007ffe6ff00000 - 0x00007ffe6ff0c000 	C:\Windows\SYSTEM32\CRYPTBASE.dll
0x00007ffe6fa00000 - 0x00007ffe6fa3b000 	C:\Windows\SYSTEM32\IPHLPAPI.DLL
0x00007ffe71960000 - 0x00007ffe71968000 	C:\Windows\System32\NSI.dll
0x00007ffe698d0000 - 0x00007ffe698e7000 	C:\Windows\SYSTEM32\dhcpcsvc6.DLL
0x00007ffe69bc0000 - 0x00007ffe69bdd000 	C:\Windows\SYSTEM32\dhcpcsvc.DLL
0x00007ffe6fa40000 - 0x00007ffe6fb0c000 	C:\Windows\SYSTEM32\DNSAPI.dll
0x00007ffe6d850000 - 0x00007ffe6d877000 	C:\Users\felip\OneDrive\Desktop\android-studio\jre\bin\sunec.dll
0x00007ffe65990000 - 0x00007ffe6599a000 	C:\Windows\System32\rasadhlp.dll
0x00007ffe65850000 - 0x00007ffe658cf000 	C:\Windows\System32\fwpuclnt.dll

dbghelp: loaded successfully - version: 4.0.5 - missing functions: none
symbol engine: initialized successfully - sym options: 0x614 - pdb path: .;C:\Users\felip\OneDrive\Desktop\android-studio\jre\bin;C:\Windows\SYSTEM32;C:\Program Files\Avast Software\Avast;C:\Windows\WinSxS\amd64_microsoft.windows.common-controls_6595b64144ccf1df_6.0.19041.1110_none_60b5254171f9507e;C:\Users\felip\OneDrive\Desktop\android-studio\jre\bin\server;C:\Users\felip\.gradle\native\8bec1ad78214c89d9ad589b4d07fe93259594b29d510b10fafb7a158f7737e5d\windows-amd64;C:\Users\felip\.gradle\native\53dbd7edfb1c66fb8903c78663c9afc45aea4f116125fa6feffd364cf09443e8\windows-amd64

VM Arguments:
jvm_args: --add-opens=java.base/java.util=ALL-UNNAMED --add-opens=java.base/java.lang=ALL-UNNAMED --add-opens=java.base/java.lang.invoke=ALL-UNNAMED --add-opens=java.base/java.util=ALL-UNNAMED --add-opens=java.prefs/java.util.prefs=ALL-UNNAMED --add-opens=java.prefs/java.util.prefs=ALL-UNNAMED --add-opens=java.base/java.nio.charset=ALL-UNNAMED --add-opens=java.base/java.net=ALL-UNNAMED --add-opens=java.base/java.util.concurrent.atomic=ALL-UNNAMED -Xmx1024m -Dfile.encoding=UTF-8 -Duser.country=US -Duser.language=en -Duser.variant 
java_command: org.gradle.launcher.daemon.bootstrap.GradleDaemon 7.0.2
java_class_path (initial): C:\Users\felip\.gradle\wrapper\dists\gradle-7.0.2-bin\857tjihv64xamwrf0h14cai3r\gradle-7.0.2\lib\gradle-launcher-7.0.2.jar
Launcher Type: SUN_STANDARD

[Global flags]
     intx CICompilerCount                          = 2                                         {product} {ergonomic}
     uint ConcGCThreads                            = 1                                         {product} {ergonomic}
     uint G1ConcRefinementThreads                  = 2                                         {product} {ergonomic}
   size_t G1HeapRegionSize                         = 1048576                                   {product} {ergonomic}
    uintx GCDrainStackTargetSize                   = 64                                        {product} {ergonomic}
   size_t InitialHeapSize                          = 67108864                                  {product} {ergonomic}
   size_t MarkStackSize                            = 4194304                                   {product} {ergonomic}
   size_t MaxHeapSize                              = 1073741824                                {product} {command line}
   size_t MaxNewSize                               = 643825664                                 {product} {ergonomic}
   size_t MinHeapDeltaBytes                        = 1048576                                   {product} {ergonomic}
    uintx NonNMethodCodeHeapSize                   = 5825164                                {pd product} {ergonomic}
    uintx NonProfiledCodeHeapSize                  = 122916538                              {pd product} {ergonomic}
    uintx ProfiledCodeHeapSize                     = 122916538                              {pd product} {ergonomic}
    uintx ReservedCodeCacheSize                    = 251658240                              {pd product} {ergonomic}
     bool SegmentedCodeCache                       = true                                      {product} {ergonomic}
     bool UseCompressedClassPointers               = true                                 {lp64_product} {ergonomic}
     bool UseCompressedOops                        = true                                 {lp64_product} {ergonomic}
     bool UseG1GC                                  = true                                      {product} {ergonomic}
     bool UseLargePagesIndividualAllocation        = false                                  {pd product} {ergonomic}

Logging:
Log output configuration:
 #0: stdout all=warning uptime,level,tags
 #1: stderr all=off uptime,level,tags

Environment Variables:
PATH=C:\Program Files\Common Files\Oracle\Java\javapath;C:\Program Files (x86)\Common Files\Oracle\Java\javapath;C:\Windows\system32;C:\Windows;C:\Windows\System32\Wbem;C:\Windows\System32\WindowsPowerShell\v1.0\;C:\Windows\System32\OpenSSH\;C:\ProgramData\chocolatey\bin;C:\Program Files (x86)\Yarn\bin\;C:\Program Files\Git\cmd;C:\Program Files\nodejs\;C:\Users\felip\AppData\Local\Microsoft\WindowsApps;C:\Users\felip\AppData\Local\Programs\Microsoft VS Code\bin;C:\Users\felip\AppData\Local\Yarn\bin;C:\Users\felip\AppData\Local\GitHubDesktop\bin;C:\Users\felip\AppData\Roaming\npm
USERNAME=felip
OS=Windows_NT
PROCESSOR_IDENTIFIER=Intel64 Family 6 Model 23 Stepping 10, GenuineIntel



---------------  S Y S T E M  ---------------

OS: Windows 10 , 64 bit Build 19041 (10.0.19041.1202)
OS uptime: 1 days 1:26 hours

CPU:total 2 (initial active 2) (2 cores per cpu, 1 threads per core) family 6 model 23 stepping 10 microcode 0xa0c, cmov, cx8, fxsr, mmx, sse, sse2, sse3, ssse3, tsc

Memory: 4k page, system-wide physical 4061M (69M free)
TotalPageFile size 4061M (AvailPageFile size 6M)
current process WorkingSet (physical memory assigned to process): 332M, peak: 474M
current process commit charge ("private bytes"): 496M, peak: 499M

vm_info: OpenJDK 64-Bit Server VM (11.0.11+9-b60-7590822) for windows-amd64 JRE (11.0.11+9-b60-7590822), built on Jul 29 2021 21:43:44 by "builder" with MS VC++ 14.0 (VS2015)

END.
