#
# There is insufficient memory for the Java Runtime Environment to continue.
# Native memory allocation (malloc) failed to allocate 2138576 bytes for Chunk::new
# Possible reasons:
#   The system is out of physical RAM or swap space
#   The process is running with CompressedOops enabled, and the Java Heap may be blocking the growth of the native heap
# Possible solutions:
#   Reduce memory load on the system
#   Increase physical memory or swap space
#   Check if swap backing store is full
#   Decrease Java heap size (-Xmx/-Xms)
#   Decrease number of Java threads
#   Decrease Java thread stack sizes (-Xss)
#   Set larger code cache with -XX:ReservedCodeCacheSize=
#   JVM is running with Unscaled Compressed Oops mode in which the Java heap is
#     placed in the first 4GB address space. The Java Heap base address is the
#     maximum limit for the native heap growth. Please use -XX:HeapBaseMinAddress
#     to set the Java Heap base and to place the Java Heap above 4GB virtual address.
# This output file may be truncated or incomplete.
#
#  Out of Memory Error (./src/hotspot/share/memory/arena.cpp:197), pid=4352, tid=6280
#
# JRE version: OpenJDK Runtime Environment (11.0.11+9) (build 11.0.11+9-b60-7590822)
# Java VM: OpenJDK 64-Bit Server VM (11.0.11+9-b60-7590822, mixed mode, tiered, compressed oops, g1 gc, windows-amd64)
# No core dump will be written. Minidumps are not enabled by default on client versions of Windows
#

---------------  S U M M A R Y ------------

Command Line: --add-opens=java.base/java.util=ALL-UNNAMED --add-opens=java.base/java.lang=ALL-UNNAMED --add-opens=java.base/java.lang.invoke=ALL-UNNAMED --add-opens=java.base/java.util=ALL-UNNAMED --add-opens=java.prefs/java.util.prefs=ALL-UNNAMED --add-opens=java.prefs/java.util.prefs=ALL-UNNAMED --add-opens=java.base/java.nio.charset=ALL-UNNAMED --add-opens=java.base/java.net=ALL-UNNAMED --add-opens=java.base/java.util.concurrent.atomic=ALL-UNNAMED -Xmx512m -Dfile.encoding=UTF-8 -Duser.country=US -Duser.language=en -Duser.variant org.gradle.launcher.daemon.bootstrap.GradleDaemon 7.0.2

Host: Celeron(R) Dual-Core CPU       T3500  @ 2.10GHz, 2 cores, 3G,  Windows 10 , 64 bit Build 19041 (10.0.19041.1348)
Time: Thu Dec  2 15:46:11 2021 E. South America Standard Time elapsed time: 75.377127 seconds (0d 0h 1m 15s)

---------------  T H R E A D  ---------------

Current thread (0x00000265ffc5d800):  JavaThread "C2 CompilerThread0" daemon [_thread_in_native, id=6280, stack(0x00000066e9900000,0x00000066e9a00000)]


Current CompileTask:
C2:  75377 8330   !   4       com.sun.beans.TypeResolver::resolve (261 bytes)

Stack: [0x00000066e9900000,0x00000066e9a00000]
Native frames: (J=compiled Java code, j=interpreted, Vv=VM code, C=native code)
V  [jvm.dll+0x5f214a]
V  [jvm.dll+0x726fb5]
V  [jvm.dll+0x7285cd]
V  [jvm.dll+0x728c83]
V  [jvm.dll+0x243278]
V  [jvm.dll+0xbc53c]
V  [jvm.dll+0xbca3c]
V  [jvm.dll+0x353e7d]
V  [jvm.dll+0x321893]
V  [jvm.dll+0x320d8a]
V  [jvm.dll+0x1fc1e2]
V  [jvm.dll+0x1fb3d4]
V  [jvm.dll+0x183d6c]
V  [jvm.dll+0x209a57]
V  [jvm.dll+0x2082a1]
V  [jvm.dll+0x6ef58f]
V  [jvm.dll+0x6e80b5]
V  [jvm.dll+0x5f1036]
C  [ucrtbase.dll+0x21bb2]
C  [KERNEL32.DLL+0x17034]
C  [ntdll.dll+0x52651]


---------------  P R O C E S S  ---------------

Threads class SMR info:
_java_thread_list=0x0000026588fe0fe0, length=38, elements={
0x00000265ea5bd000, 0x00000265ffbfa800, 0x00000265ffc04000, 0x00000265ffc52800,
0x00000265ffc55000, 0x00000265ffc56000, 0x00000265ffc5d800, 0x00000265ffc69000,
0x00000265ffc6b000, 0x0000026583126000, 0x0000026584326800, 0x0000026584be0800,
0x000002658488b800, 0x000002658414d800, 0x0000026583fdf000, 0x0000026583080800,
0x0000026584117800, 0x0000026583efa800, 0x0000026584832000, 0x000002658482f800,
0x000002658482f000, 0x0000026584834000, 0x0000026584835800, 0x0000026584830800,
0x0000026584834800, 0x0000026584831800, 0x0000026584833000, 0x0000026584870000,
0x0000026584872000, 0x0000026584872800, 0x0000026584873800, 0x000002658486d800,
0x000002658486f800, 0x000002658486e800, 0x0000026584879000, 0x000002658487a000,
0x0000026584876000, 0x0000026584877800
}

Java Threads: ( => current thread )
  0x00000265ea5bd000 JavaThread "main" [_thread_blocked, id=5424, stack(0x00000066e8d00000,0x00000066e8e00000)]
  0x00000265ffbfa800 JavaThread "Reference Handler" daemon [_thread_blocked, id=7984, stack(0x00000066e9400000,0x00000066e9500000)]
  0x00000265ffc04000 JavaThread "Finalizer" daemon [_thread_blocked, id=5288, stack(0x00000066e9500000,0x00000066e9600000)]
  0x00000265ffc52800 JavaThread "Signal Dispatcher" daemon [_thread_blocked, id=8820, stack(0x00000066e9600000,0x00000066e9700000)]
  0x00000265ffc55000 JavaThread "Attach Listener" daemon [_thread_blocked, id=4944, stack(0x00000066e9700000,0x00000066e9800000)]
  0x00000265ffc56000 JavaThread "Service Thread" daemon [_thread_blocked, id=276, stack(0x00000066e9800000,0x00000066e9900000)]
=>0x00000265ffc5d800 JavaThread "C2 CompilerThread0" daemon [_thread_in_native, id=6280, stack(0x00000066e9900000,0x00000066e9a00000)]
  0x00000265ffc69000 JavaThread "C1 CompilerThread0" daemon [_thread_blocked, id=6104, stack(0x00000066e9a00000,0x00000066e9b00000)]
  0x00000265ffc6b000 JavaThread "Sweeper thread" daemon [_thread_blocked, id=3276, stack(0x00000066e9b00000,0x00000066e9c00000)]
  0x0000026583126000 JavaThread "Common-Cleaner" daemon [_thread_blocked, id=2852, stack(0x00000066e9c00000,0x00000066e9d00000)]
  0x0000026584326800 JavaThread "Daemon health stats" [_thread_blocked, id=7252, stack(0x00000066e9f00000,0x00000066ea000000)]
  0x0000026584be0800 JavaThread "Incoming local TCP Connector on port 4409" [_thread_in_native, id=3868, stack(0x00000066ea000000,0x00000066ea100000)]
  0x000002658488b800 JavaThread "Daemon periodic checks" [_thread_blocked, id=5432, stack(0x00000066ea100000,0x00000066ea200000)]
  0x000002658414d800 JavaThread "Daemon" [_thread_blocked, id=1920, stack(0x00000066ea200000,0x00000066ea300000)]
  0x0000026583fdf000 JavaThread "Handler for socket connection from /127.0.0.1:4409 to /127.0.0.1:4410" [_thread_in_native, id=2004, stack(0x00000066ea300000,0x00000066ea400000)]
  0x0000026583080800 JavaThread "Cancel handler" [_thread_blocked, id=324, stack(0x00000066ea400000,0x00000066ea500000)]
  0x0000026584117800 JavaThread "Daemon worker" [_thread_in_native, id=5360, stack(0x00000066ea500000,0x00000066ea600000)]
  0x0000026583efa800 JavaThread "Asynchronous log dispatcher for DefaultDaemonConnection: socket connection from /127.0.0.1:4409 to /127.0.0.1:4410" [_thread_blocked, id=1016, stack(0x00000066ea600000,0x00000066ea700000)]
  0x0000026584832000 JavaThread "Daemon client event forwarder" [_thread_blocked, id=7824, stack(0x00000066ea800000,0x00000066ea900000)]
  0x000002658482f800 JavaThread "Cache worker for file hash cache (C:\Users\felip\.gradle\caches\7.0.2\fileHashes)" [_thread_blocked, id=8952, stack(0x00000066ea900000,0x00000066eaa00000)]
  0x000002658482f000 JavaThread "File lock request listener" [_thread_in_native, id=5356, stack(0x00000066eaa00000,0x00000066eab00000)]
  0x0000026584834000 JavaThread "Cache worker for journal cache (C:\Users\felip\.gradle\caches\journal-1)" [_thread_blocked, id=5152, stack(0x00000066eab00000,0x00000066eac00000)]
  0x0000026584835800 JavaThread "Cache worker for file hash cache (C:\Users\felip\AndroidStudioProjects\VideoApp\.gradle\7.0.2\fileHashes)" [_thread_blocked, id=8964, stack(0x00000066eac00000,0x00000066ead00000)]
  0x0000026584830800 JavaThread "File watcher server" daemon [_thread_in_native, id=5148, stack(0x00000066ead00000,0x00000066eae00000)]
  0x0000026584834800 JavaThread "File watcher consumer" daemon [_thread_blocked, id=4720, stack(0x00000066eae00000,0x00000066eaf00000)]
  0x0000026584831800 JavaThread "jar transforms" [_thread_blocked, id=6852, stack(0x00000066eaf00000,0x00000066eb000000)]
  0x0000026584833000 JavaThread "jar transforms Thread 2" [_thread_blocked, id=5340, stack(0x00000066eb000000,0x00000066eb100000)]
  0x0000026584870000 JavaThread "Cache worker for checksums cache (C:\Users\felip\AndroidStudioProjects\VideoApp\.gradle\checksums)" [_thread_blocked, id=7308, stack(0x00000066eb100000,0x00000066eb200000)]
  0x0000026584872000 JavaThread "Cache worker for cache directory md-supplier (C:\Users\felip\.gradle\caches\7.0.2\md-supplier)" [_thread_blocked, id=8788, stack(0x00000066eb200000,0x00000066eb300000)]
  0x0000026584872800 JavaThread "Cache worker for cache directory md-rule (C:\Users\felip\.gradle\caches\7.0.2\md-rule)" [_thread_blocked, id=6456, stack(0x00000066eb300000,0x00000066eb400000)]
  0x0000026584873800 JavaThread "Cache worker for execution history cache (C:\Users\felip\.gradle\caches\7.0.2\executionHistory)" [_thread_blocked, id=8752, stack(0x00000066eb400000,0x00000066eb500000)]
  0x000002658486d800 JavaThread "Cache worker for file content cache (C:\Users\felip\.gradle\caches\7.0.2\fileContent)" [_thread_blocked, id=8972, stack(0x00000066eb500000,0x00000066eb600000)]
  0x000002658486f800 JavaThread "Cache worker for dependencies-accessors (C:\Users\felip\AndroidStudioProjects\VideoApp\.gradle\7.0.2\dependencies-accessors)" [_thread_blocked, id=7192, stack(0x00000066eb600000,0x00000066eb700000)]
  0x000002658486e800 JavaThread "Cache worker for Build Output Cleanup Cache (C:\Users\felip\AndroidStudioProjects\VideoApp\.gradle\buildOutputCleanup)" [_thread_blocked, id=7156, stack(0x00000066eb700000,0x00000066eb800000)]
  0x0000026584879000 JavaThread "Build operations" [_thread_blocked, id=8468, stack(0x00000066eba00000,0x00000066ebb00000)]
  0x000002658487a000 JavaThread "Build operations Thread 2" [_thread_blocked, id=8136, stack(0x00000066ebb00000,0x00000066ebc00000)]
  0x0000026584876000 JavaThread "Memory manager" [_thread_blocked, id=8184, stack(0x00000066ebc00000,0x00000066ebd00000)]
  0x0000026584877800 JavaThread "build event listener" [_thread_blocked, id=7116, stack(0x00000066e8a00000,0x00000066e8b00000)]

Other Threads:
  0x00000265ffbd4800 VMThread "VM Thread" [stack: 0x00000066e9300000,0x00000066e9400000] [id=2968]
  0x0000026583133800 WatcherThread [stack: 0x00000066e9d00000,0x00000066e9e00000] [id=3232]
  0x00000265ec59a800 GCTaskThread "GC Thread#0" [stack: 0x00000066e8e00000,0x00000066e8f00000] [id=7896]
  0x0000026583262000 GCTaskThread "GC Thread#1" [stack: 0x00000066e9e00000,0x00000066e9f00000] [id=7124]
  0x00000265ec5ab000 ConcurrentGCThread "G1 Main Marker" [stack: 0x00000066e8f00000,0x00000066e9000000] [id=6620]
  0x00000265ec5ac800 ConcurrentGCThread "G1 Conc#0" [stack: 0x00000066e9000000,0x00000066e9100000] [id=1544]
  0x00000265ec5fc800 ConcurrentGCThread "G1 Refine#0" [stack: 0x00000066e9100000,0x00000066e9200000] [id=672]
  0x00000265ec5fe000 ConcurrentGCThread "G1 Young RemSet Sampling" [stack: 0x00000066e9200000,0x00000066e9300000] [id=7748]

Threads with active compile tasks:
C2 CompilerThread0  76366 8330   !   4       com.sun.beans.TypeResolver::resolve (261 bytes)

VM state:not at safepoint (normal execution)

VM Mutex/Monitor currently owned by a thread: None

Heap address: 0x00000000e0000000, size: 512 MB, Compressed Oops mode: 32-bit
Narrow klass base: 0x0000000000000000, Narrow klass shift: 3
Compressed class space size: 1073741824 Address: 0x0000000100000000

Heap:
 garbage-first heap   total 97280K, used 92735K [0x00000000e0000000, 0x0000000100000000)
  region size 1024K, 2 young (2048K), 1 survivors (1024K)
 Metaspace       used 74735K, capacity 76775K, committed 76976K, reserved 1116160K
  class space    used 9434K, capacity 10124K, committed 10240K, reserved 1048576K
Heap Regions: E=young(eden), S=young(survivor), O=old, HS=humongous(starts), HC=humongous(continues), CS=collection set, F=free, A=archive, TAMS=top-at-mark-start (previous, next)
|   0|0x00000000e0000000, 0x00000000e0100000, 0x00000000e0100000|100%| O|  |TAMS 0x00000000e0100000, 0x00000000e0100000| Untracked 
|   1|0x00000000e0100000, 0x00000000e0200000, 0x00000000e0200000|100%| O|  |TAMS 0x00000000e0200000, 0x00000000e0200000| Untracked 
|   2|0x00000000e0200000, 0x00000000e0300000, 0x00000000e0300000|100%| O|  |TAMS 0x00000000e0300000, 0x00000000e0300000| Untracked 
|   3|0x00000000e0300000, 0x00000000e0400000, 0x00000000e0400000|100%| O|  |TAMS 0x00000000e0400000, 0x00000000e0400000| Untracked 
|   4|0x00000000e0400000, 0x00000000e0500000, 0x00000000e0500000|100%|HS|  |TAMS 0x00000000e0500000, 0x00000000e0500000| Complete 
|   5|0x00000000e0500000, 0x00000000e0600000, 0x00000000e0600000|100%|HC|  |TAMS 0x00000000e0600000, 0x00000000e0600000| Complete 
|   6|0x00000000e0600000, 0x00000000e0700000, 0x00000000e0700000|100%|HC|  |TAMS 0x00000000e0700000, 0x00000000e0700000| Complete 
|   7|0x00000000e0700000, 0x00000000e0800000, 0x00000000e0800000|100%| O|  |TAMS 0x00000000e0800000, 0x00000000e0800000| Untracked 
|   8|0x00000000e0800000, 0x00000000e0900000, 0x00000000e0900000|100%| O|  |TAMS 0x00000000e0900000, 0x00000000e0900000| Untracked 
|   9|0x00000000e0900000, 0x00000000e0a00000, 0x00000000e0a00000|100%| O|  |TAMS 0x00000000e0a00000, 0x00000000e0a00000| Untracked 
|  10|0x00000000e0a00000, 0x00000000e0b00000, 0x00000000e0b00000|100%| O|  |TAMS 0x00000000e0b00000, 0x00000000e0b00000| Untracked 
|  11|0x00000000e0b00000, 0x00000000e0c00000, 0x00000000e0c00000|100%| O|  |TAMS 0x00000000e0c00000, 0x00000000e0c00000| Untracked 
|  12|0x00000000e0c00000, 0x00000000e0d00000, 0x00000000e0d00000|100%| O|  |TAMS 0x00000000e0d00000, 0x00000000e0d00000| Untracked 
|  13|0x00000000e0d00000, 0x00000000e0e00000, 0x00000000e0e00000|100%| O|  |TAMS 0x00000000e0e00000, 0x00000000e0e00000| Untracked 
|  14|0x00000000e0e00000, 0x00000000e0f00000, 0x00000000e0f00000|100%| O|  |TAMS 0x00000000e0f00000, 0x00000000e0f00000| Untracked 
|  15|0x00000000e0f00000, 0x00000000e1000000, 0x00000000e1000000|100%| O|  |TAMS 0x00000000e1000000, 0x00000000e1000000| Untracked 
|  16|0x00000000e1000000, 0x00000000e1100000, 0x00000000e1100000|100%| O|  |TAMS 0x00000000e1100000, 0x00000000e1100000| Untracked 
|  17|0x00000000e1100000, 0x00000000e1200000, 0x00000000e1200000|100%|HS|  |TAMS 0x00000000e1200000, 0x00000000e1200000| Complete 
|  18|0x00000000e1200000, 0x00000000e1300000, 0x00000000e1300000|100%|HC|  |TAMS 0x00000000e1300000, 0x00000000e1300000| Complete 
|  19|0x00000000e1300000, 0x00000000e1400000, 0x00000000e1400000|100%|HS|  |TAMS 0x00000000e1400000, 0x00000000e1400000| Complete 
|  20|0x00000000e1400000, 0x00000000e1500000, 0x00000000e1500000|100%|HC|  |TAMS 0x00000000e1500000, 0x00000000e1500000| Complete 
|  21|0x00000000e1500000, 0x00000000e1600000, 0x00000000e1600000|100%|HC|  |TAMS 0x00000000e1600000, 0x00000000e1600000| Complete 
|  22|0x00000000e1600000, 0x00000000e1700000, 0x00000000e1700000|100%|HS|  |TAMS 0x00000000e1700000, 0x00000000e1700000| Complete 
|  23|0x00000000e1700000, 0x00000000e1800000, 0x00000000e1800000|100%|HC|  |TAMS 0x00000000e1800000, 0x00000000e1800000| Complete 
|  24|0x00000000e1800000, 0x00000000e1900000, 0x00000000e1900000|100%|HC|  |TAMS 0x00000000e1900000, 0x00000000e1900000| Complete 
|  25|0x00000000e1900000, 0x00000000e1a00000, 0x00000000e1a00000|100%|HC|  |TAMS 0x00000000e1a00000, 0x00000000e1a00000| Complete 
|  26|0x00000000e1a00000, 0x00000000e1b00000, 0x00000000e1b00000|100%| O|  |TAMS 0x00000000e1b00000, 0x00000000e1b00000| Untracked 
|  27|0x00000000e1b00000, 0x00000000e1c00000, 0x00000000e1c00000|100%| O|  |TAMS 0x00000000e1c00000, 0x00000000e1c00000| Untracked 
|  28|0x00000000e1c00000, 0x00000000e1d00000, 0x00000000e1d00000|100%| O|  |TAMS 0x00000000e1d00000, 0x00000000e1d00000| Untracked 
|  29|0x00000000e1d00000, 0x00000000e1e00000, 0x00000000e1e00000|100%| O|  |TAMS 0x00000000e1e00000, 0x00000000e1e00000| Untracked 
|  30|0x00000000e1e00000, 0x00000000e1f00000, 0x00000000e1f00000|100%| O|  |TAMS 0x00000000e1f00000, 0x00000000e1f00000| Untracked 
|  31|0x00000000e1f00000, 0x00000000e2000000, 0x00000000e2000000|100%| O|  |TAMS 0x00000000e2000000, 0x00000000e2000000| Untracked 
|  32|0x00000000e2000000, 0x00000000e2100000, 0x00000000e2100000|100%| O|  |TAMS 0x00000000e2100000, 0x00000000e2100000| Untracked 
|  33|0x00000000e2100000, 0x00000000e2200000, 0x00000000e2200000|100%| O|  |TAMS 0x00000000e2200000, 0x00000000e2200000| Untracked 
|  34|0x00000000e2200000, 0x00000000e2300000, 0x00000000e2300000|100%| O|  |TAMS 0x00000000e2300000, 0x00000000e2300000| Untracked 
|  35|0x00000000e2300000, 0x00000000e2400000, 0x00000000e2400000|100%| O|  |TAMS 0x00000000e2400000, 0x00000000e2400000| Untracked 
|  36|0x00000000e2400000, 0x00000000e2500000, 0x00000000e2500000|100%| O|  |TAMS 0x00000000e2500000, 0x00000000e2500000| Untracked 
|  37|0x00000000e2500000, 0x00000000e2600000, 0x00000000e2600000|100%| O|  |TAMS 0x00000000e2600000, 0x00000000e2600000| Untracked 
|  38|0x00000000e2600000, 0x00000000e2700000, 0x00000000e2700000|100%| O|  |TAMS 0x00000000e2700000, 0x00000000e2700000| Untracked 
|  39|0x00000000e2700000, 0x00000000e2800000, 0x00000000e2800000|100%| O|  |TAMS 0x00000000e2800000, 0x00000000e2800000| Untracked 
|  40|0x00000000e2800000, 0x00000000e2900000, 0x00000000e2900000|100%|HS|  |TAMS 0x00000000e2900000, 0x00000000e2900000| Complete 
|  41|0x00000000e2900000, 0x00000000e2a00000, 0x00000000e2a00000|100%|HC|  |TAMS 0x00000000e2a00000, 0x00000000e2a00000| Complete 
|  42|0x00000000e2a00000, 0x00000000e2b00000, 0x00000000e2b00000|100%|HC|  |TAMS 0x00000000e2b00000, 0x00000000e2b00000| Complete 
|  43|0x00000000e2b00000, 0x00000000e2c00000, 0x00000000e2c00000|100%| O|  |TAMS 0x00000000e2c00000, 0x00000000e2c00000| Untracked 
|  44|0x00000000e2c00000, 0x00000000e2d00000, 0x00000000e2d00000|100%| O|  |TAMS 0x00000000e2d00000, 0x00000000e2d00000| Untracked 
|  45|0x00000000e2d00000, 0x00000000e2e00000, 0x00000000e2e00000|100%| O|  |TAMS 0x00000000e2e00000, 0x00000000e2e00000| Untracked 
|  46|0x00000000e2e00000, 0x00000000e2f00000, 0x00000000e2f00000|100%| O|  |TAMS 0x00000000e2f00000, 0x00000000e2f00000| Untracked 
|  47|0x00000000e2f00000, 0x00000000e3000000, 0x00000000e3000000|100%| O|  |TAMS 0x00000000e3000000, 0x00000000e3000000| Untracked 
|  48|0x00000000e3000000, 0x00000000e3100000, 0x00000000e3100000|100%| O|  |TAMS 0x00000000e3100000, 0x00000000e3100000| Untracked 
|  49|0x00000000e3100000, 0x00000000e3200000, 0x00000000e3200000|100%| O|  |TAMS 0x00000000e3200000, 0x00000000e3200000| Untracked 
|  50|0x00000000e3200000, 0x00000000e3300000, 0x00000000e3300000|100%| O|  |TAMS 0x00000000e3300000, 0x00000000e3300000| Untracked 
|  51|0x00000000e3300000, 0x00000000e3400000, 0x00000000e3400000|100%| O|  |TAMS 0x00000000e3400000, 0x00000000e3400000| Untracked 
|  52|0x00000000e3400000, 0x00000000e3500000, 0x00000000e3500000|100%| O|  |TAMS 0x00000000e3500000, 0x00000000e3500000| Untracked 
|  53|0x00000000e3500000, 0x00000000e3600000, 0x00000000e3600000|100%| O|  |TAMS 0x00000000e3600000, 0x00000000e3600000| Untracked 
|  54|0x00000000e3600000, 0x00000000e3700000, 0x00000000e3700000|100%|HS|  |TAMS 0x00000000e3700000, 0x00000000e3700000| Complete 
|  55|0x00000000e3700000, 0x00000000e3800000, 0x00000000e3800000|100%|HC|  |TAMS 0x00000000e3800000, 0x00000000e3800000| Complete 
|  56|0x00000000e3800000, 0x00000000e3900000, 0x00000000e3900000|100%|HC|  |TAMS 0x00000000e3900000, 0x00000000e3900000| Complete 
|  57|0x00000000e3900000, 0x00000000e3a00000, 0x00000000e3a00000|100%|HC|  |TAMS 0x00000000e3a00000, 0x00000000e3a00000| Complete 
|  58|0x00000000e3a00000, 0x00000000e3b00000, 0x00000000e3b00000|100%| O|  |TAMS 0x00000000e3b00000, 0x00000000e3b00000| Untracked 
|  59|0x00000000e3b00000, 0x00000000e3c00000, 0x00000000e3c00000|100%| O|  |TAMS 0x00000000e3c00000, 0x00000000e3c00000| Untracked 
|  60|0x00000000e3c00000, 0x00000000e3d00000, 0x00000000e3d00000|100%| O|  |TAMS 0x00000000e3d00000, 0x00000000e3d00000| Untracked 
|  61|0x00000000e3d00000, 0x00000000e3e00000, 0x00000000e3e00000|100%|HS|  |TAMS 0x00000000e3e00000, 0x00000000e3e00000| Complete 
|  62|0x00000000e3e00000, 0x00000000e3f00000, 0x00000000e3f00000|100%| O|  |TAMS 0x00000000e3f00000, 0x00000000e3f00000| Untracked 
|  63|0x00000000e3f00000, 0x00000000e4000000, 0x00000000e4000000|100%| O|  |TAMS 0x00000000e4000000, 0x00000000e4000000| Untracked 
|  64|0x00000000e4000000, 0x00000000e4100000, 0x00000000e4100000|100%|HS|  |TAMS 0x00000000e4100000, 0x00000000e4100000| Complete 
|  65|0x00000000e4100000, 0x00000000e4200000, 0x00000000e4200000|100%|HS|  |TAMS 0x00000000e4200000, 0x00000000e4200000| Complete 
|  66|0x00000000e4200000, 0x00000000e4300000, 0x00000000e4300000|100%| O|  |TAMS 0x00000000e4300000, 0x00000000e4300000| Untracked 
|  67|0x00000000e4300000, 0x00000000e4400000, 0x00000000e4400000|100%|HS|  |TAMS 0x00000000e4400000, 0x00000000e4400000| Complete 
|  68|0x00000000e4400000, 0x00000000e4500000, 0x00000000e4500000|100%|HC|  |TAMS 0x00000000e4500000, 0x00000000e4500000| Complete 
|  69|0x00000000e4500000, 0x00000000e4600000, 0x00000000e4600000|100%|HC|  |TAMS 0x00000000e4600000, 0x00000000e4600000| Complete 
|  70|0x00000000e4600000, 0x00000000e4700000, 0x00000000e4700000|100%| O|  |TAMS 0x00000000e4700000, 0x00000000e4700000| Untracked 
|  71|0x00000000e4700000, 0x00000000e4800000, 0x00000000e4800000|100%| O|  |TAMS 0x00000000e4800000, 0x00000000e4800000| Untracked 
|  72|0x00000000e4800000, 0x00000000e4900000, 0x00000000e4900000|100%|HS|  |TAMS 0x00000000e4900000, 0x00000000e4900000| Complete 
|  73|0x00000000e4900000, 0x00000000e4a00000, 0x00000000e4a00000|100%|HC|  |TAMS 0x00000000e4a00000, 0x00000000e4a00000| Complete 
|  74|0x00000000e4a00000, 0x00000000e4b00000, 0x00000000e4b00000|100%| O|  |TAMS 0x00000000e4b00000, 0x00000000e4b00000| Untracked 
|  75|0x00000000e4b00000, 0x00000000e4c00000, 0x00000000e4c00000|100%| O|  |TAMS 0x00000000e4c00000, 0x00000000e4c00000| Untracked 
|  76|0x00000000e4c00000, 0x00000000e4d00000, 0x00000000e4d00000|100%| O|  |TAMS 0x00000000e4d00000, 0x00000000e4d00000| Untracked 
|  77|0x00000000e4d00000, 0x00000000e4e00000, 0x00000000e4e00000|100%| O|  |TAMS 0x00000000e4e00000, 0x00000000e4e00000| Untracked 
|  78|0x00000000e4e00000, 0x00000000e4f00000, 0x00000000e4f00000|100%| O|  |TAMS 0x00000000e4f00000, 0x00000000e4f00000| Untracked 
|  79|0x00000000e4f00000, 0x00000000e5000000, 0x00000000e5000000|100%| O|  |TAMS 0x00000000e5000000, 0x00000000e5000000| Untracked 
|  80|0x00000000e5000000, 0x00000000e5100000, 0x00000000e5100000|100%| O|  |TAMS 0x00000000e5100000, 0x00000000e5100000| Untracked 
|  81|0x00000000e5100000, 0x00000000e5200000, 0x00000000e5200000|100%| O|  |TAMS 0x00000000e5200000, 0x00000000e5200000| Untracked 
|  82|0x00000000e5200000, 0x00000000e5300000, 0x00000000e5300000|100%| O|  |TAMS 0x00000000e5300000, 0x00000000e5300000| Untracked 
|  83|0x00000000e5300000, 0x00000000e5400000, 0x00000000e5400000|100%| O|  |TAMS 0x00000000e5400000, 0x00000000e5400000| Untracked 
|  84|0x00000000e5400000, 0x00000000e5500000, 0x00000000e5500000|100%| O|  |TAMS 0x00000000e5500000, 0x00000000e5500000| Untracked 
|  85|0x00000000e5500000, 0x00000000e5600000, 0x00000000e5600000|100%| O|  |TAMS 0x00000000e5600000, 0x00000000e5600000| Untracked 
|  86|0x00000000e5600000, 0x00000000e5700000, 0x00000000e5700000|100%| O|  |TAMS 0x00000000e5700000, 0x00000000e5700000| Untracked 
|  87|0x00000000e5700000, 0x00000000e5800000, 0x00000000e5800000|100%| O|  |TAMS 0x00000000e5800000, 0x00000000e5800000| Untracked 
|  88|0x00000000e5800000, 0x00000000e5800000, 0x00000000e5900000|  0%| F|  |TAMS 0x00000000e5800000, 0x00000000e5800000| Untracked 
|  89|0x00000000e5900000, 0x00000000e598fd00, 0x00000000e5a00000| 56%| S|CS|TAMS 0x00000000e5900000, 0x00000000e5900000| Complete 
|  90|0x00000000e5a00000, 0x00000000e5a00000, 0x00000000e5b00000|  0%| F|  |TAMS 0x00000000e5a00000, 0x00000000e5a00000| Untracked 
|  91|0x00000000e5b00000, 0x00000000e5b00000, 0x00000000e5c00000|  0%| F|  |TAMS 0x00000000e5b00000, 0x00000000e5b00000| Untracked 
|  92|0x00000000e5c00000, 0x00000000e5c7aa98, 0x00000000e5d00000| 47%| E|  |TAMS 0x00000000e5c00000, 0x00000000e5c00000| Complete 
|  93|0x00000000e5d00000, 0x00000000e5e00000, 0x00000000e5e00000|100%| O|  |TAMS 0x00000000e5e00000, 0x00000000e5e00000| Untracked 
|  94|0x00000000e5e00000, 0x00000000e5f00000, 0x00000000e5f00000|100%| O|  |TAMS 0x00000000e5f00000, 0x00000000e5f00000| Untracked 

Card table byte_map: [0x00000265ec260000,0x00000265ec360000] _byte_map_base: 0x00000265ebb60000

Marking Bits (Prev, Next): (CMBitMap*) 0x00000265ec5a8680, (CMBitMap*) 0x00000265ec5a8648
 Prev Bits: [0x0000026580000000, 0x0000026580800000)
 Next Bits: [0x00000265ff080000, 0x00000265ff880000)

Polling page: 0x00000265ea430000

Metaspace:

Usage:
  Non-class:     65.09 MB capacity,    63.78 MB ( 98%) used,     1.11 MB (  2%) free+waste,   195.19 KB ( <1%) overhead. 
      Class:      9.89 MB capacity,     9.22 MB ( 93%) used,   594.90 KB (  6%) free+waste,    90.31 KB ( <1%) overhead. 
       Both:     74.98 MB capacity,    73.00 MB ( 97%) used,     1.69 MB (  2%) free+waste,   285.50 KB ( <1%) overhead. 

Virtual space:
  Non-class space:       66.00 MB reserved,      65.17 MB ( 99%) committed 
      Class space:        1.00 GB reserved,      10.00 MB ( <1%) committed 
             Both:        1.06 GB reserved,      75.17 MB (  7%) committed 

Chunk freelists:
   Non-Class:  21.00 KB
       Class:  20.00 KB
        Both:  41.00 KB

MaxMetaspaceSize: 17179869184.00 GB
CompressedClassSpaceSize: 1.00 GB

CodeHeap 'non-profiled nmethods': size=120064Kb used=4660Kb max_used=4660Kb free=115403Kb
 bounds [0x00000265f7b40000, 0x00000265f7fd0000, 0x00000265ff080000]
CodeHeap 'profiled nmethods': size=120000Kb used=18254Kb max_used=18254Kb free=101745Kb
 bounds [0x00000265f0610000, 0x00000265f17f0000, 0x00000265f7b40000]
CodeHeap 'non-nmethods': size=5696Kb used=2265Kb max_used=2303Kb free=3430Kb
 bounds [0x00000265f0080000, 0x00000265f02f0000, 0x00000265f0610000]
 total_blobs=9181 nmethods=8308 adapters=785
 compilation: enabled
              stopped_count=0, restarted_count=0
 full_count=0

Compilation events (20 events):
Event: 74.226 Thread 0x00000265ffc69000 8325       1       java.beans.GenericBeanInfo::getDefaultPropertyIndex (5 bytes)
Event: 74.227 Thread 0x00000265ffc69000 nmethod 8325 0x00000265f7fbe990 code [0x00000265f7fbeb40, 0x00000265f7fbebf8]
Event: 74.233 Thread 0x00000265ffc69000 8326       3       groovy.lang.MetaClassImpl::pickMethod (12 bytes)
Event: 74.234 Thread 0x00000265ffc69000 nmethod 8326 0x00000265f17ce790 code [0x00000265f17ce9a0, 0x00000265f17cf088]
Event: 74.508 Thread 0x00000265ffc69000 8327       3       org.codehaus.groovy.runtime.MetaClassHelper::getMaximumInterfaceDistance (101 bytes)
Event: 74.509 Thread 0x00000265ffc69000 nmethod 8327 0x00000265f17cf290 code [0x00000265f17cf4a0, 0x00000265f17cfa18]
Event: 74.509 Thread 0x00000265ffc69000 8328       1       org.codehaus.groovy.runtime.metaclass.ClosureMetaClass::isInitialized (5 bytes)
Event: 74.510 Thread 0x00000265ffc69000 nmethod 8328 0x00000265f7fbec90 code [0x00000265f7fbee40, 0x00000265f7fbeef8]
Event: 74.663 Thread 0x00000265ffc5d800 nmethod 8317 0x00000265f7fbef90 code [0x00000265f7fbf840, 0x00000265f7fc6720]
Event: 74.664 Thread 0x00000265ffc5d800 8318       4       com.sun.beans.TypeResolver::erase (32 bytes)
Event: 74.675 Thread 0x00000265ffc5d800 nmethod 8318 0x00000265f7fc9e10 code [0x00000265f7fc9fe0, 0x00000265f7fca398]
Event: 74.675 Thread 0x00000265ffc5d800 8322       4       java.nio.HeapByteBuffer::get (14 bytes)
Event: 74.677 Thread 0x00000265ffc5d800 nmethod 8322 0x00000265f7fca690 code [0x00000265f7fca820, 0x00000265f7fca8d8]
Event: 74.677 Thread 0x00000265ffc5d800 8319       4       sun.reflect.generics.parser.SignatureParser::init (16 bytes)
Event: 74.679 Thread 0x00000265ffc5d800 nmethod 8319 0x00000265f7fcaa10 code [0x00000265f7fcaba0, 0x00000265f7fcacd8]
Event: 74.684 Thread 0x00000265ffc69000 8329       3       com.sun.beans.introspect.MethodInfo::isThrow (42 bytes)
Event: 74.685 Thread 0x00000265ffc69000 nmethod 8329 0x00000265f17cfc90 code [0x00000265f17cfe80, 0x00000265f17d02a8]
Event: 74.686 Thread 0x00000265ffc5d800 8330   !   4       com.sun.beans.TypeResolver::resolve (261 bytes)
Event: 74.940 Thread 0x00000265ffc69000 8332       3       groovy.lang.MetaClassImpl$1::skipClass (17 bytes)
Event: 74.940 Thread 0x00000265ffc69000 nmethod 8332 0x00000265f17d0410 code [0x00000265f17d05c0, 0x00000265f17d0718]

GC Heap History (20 events):
Event: 72.597 GC heap before
{Heap before GC invocations=164 (full 0):
 garbage-first heap   total 95232K, used 92378K [0x00000000e0000000, 0x0000000100000000)
  region size 1024K, 4 young (4096K), 1 survivors (1024K)
 Metaspace       used 73592K, capacity 75625K, committed 75824K, reserved 1116160K
  class space    used 9320K, capacity 9997K, committed 10112K, reserved 1048576K
}
Event: 72.608 GC heap after
{Heap after GC invocations=165 (full 0):
 garbage-first heap   total 95232K, used 89487K [0x00000000e0000000, 0x0000000100000000)
  region size 1024K, 1 young (1024K), 1 survivors (1024K)
 Metaspace       used 73592K, capacity 75625K, committed 75824K, reserved 1116160K
  class space    used 9320K, capacity 9997K, committed 10112K, reserved 1048576K
}
Event: 72.731 GC heap before
{Heap before GC invocations=165 (full 0):
 garbage-first heap   total 95232K, used 92559K [0x00000000e0000000, 0x0000000100000000)
  region size 1024K, 4 young (4096K), 1 survivors (1024K)
 Metaspace       used 73610K, capacity 75631K, committed 75824K, reserved 1116160K
  class space    used 9322K, capacity 9999K, committed 10112K, reserved 1048576K
}
Event: 72.738 GC heap after
{Heap after GC invocations=166 (full 0):
 garbage-first heap   total 95232K, used 90066K [0x00000000e0000000, 0x0000000100000000)
  region size 1024K, 1 young (1024K), 1 survivors (1024K)
 Metaspace       used 73610K, capacity 75631K, committed 75824K, reserved 1116160K
  class space    used 9322K, capacity 9999K, committed 10112K, reserved 1048576K
}
Event: 73.187 GC heap before
{Heap before GC invocations=167 (full 0):
 garbage-first heap   total 95232K, used 93138K [0x00000000e0000000, 0x0000000100000000)
  region size 1024K, 4 young (4096K), 1 survivors (1024K)
 Metaspace       used 73619K, capacity 75632K, committed 75824K, reserved 1116160K
  class space    used 9322K, capacity 9999K, committed 10112K, reserved 1048576K
}
Event: 73.196 GC heap after
{Heap after GC invocations=168 (full 0):
 garbage-first heap   total 95232K, used 90690K [0x00000000e0000000, 0x0000000100000000)
  region size 1024K, 1 young (1024K), 1 survivors (1024K)
 Metaspace       used 73619K, capacity 75632K, committed 75824K, reserved 1116160K
  class space    used 9322K, capacity 9999K, committed 10112K, reserved 1048576K
}
Event: 73.264 GC heap before
{Heap before GC invocations=168 (full 0):
 garbage-first heap   total 95232K, used 93762K [0x00000000e0000000, 0x0000000100000000)
  region size 1024K, 4 young (4096K), 1 survivors (1024K)
 Metaspace       used 73645K, capacity 75730K, committed 75824K, reserved 1116160K
  class space    used 9327K, capacity 10033K, committed 10112K, reserved 1048576K
}
Event: 73.270 GC heap after
{Heap after GC invocations=169 (full 0):
 garbage-first heap   total 95232K, used 90951K [0x00000000e0000000, 0x0000000100000000)
  region size 1024K, 1 young (1024K), 1 survivors (1024K)
 Metaspace       used 73645K, capacity 75730K, committed 75824K, reserved 1116160K
  class space    used 9327K, capacity 10033K, committed 10112K, reserved 1048576K
}
Event: 73.712 GC heap before
{Heap before GC invocations=170 (full 0):
 garbage-first heap   total 95232K, used 94023K [0x00000000e0000000, 0x0000000100000000)
  region size 1024K, 4 young (4096K), 1 survivors (1024K)
 Metaspace       used 73605K, capacity 75610K, committed 75824K, reserved 1116160K
  class space    used 9314K, capacity 9993K, committed 10112K, reserved 1048576K
}
Event: 73.719 GC heap after
{Heap after GC invocations=171 (full 0):
 garbage-first heap   total 96256K, used 91035K [0x00000000e0000000, 0x0000000100000000)
  region size 1024K, 1 young (1024K), 1 survivors (1024K)
 Metaspace       used 73605K, capacity 75610K, committed 75824K, reserved 1116160K
  class space    used 9314K, capacity 9993K, committed 10112K, reserved 1048576K
}
Event: 73.787 GC heap before
{Heap before GC invocations=171 (full 0):
 garbage-first heap   total 96256K, used 94107K [0x00000000e0000000, 0x0000000100000000)
  region size 1024K, 4 young (4096K), 1 survivors (1024K)
 Metaspace       used 73613K, capacity 75611K, committed 75824K, reserved 1116160K
  class space    used 9314K, capacity 9993K, committed 10112K, reserved 1048576K
}
Event: 73.793 GC heap after
{Heap after GC invocations=172 (full 0):
 garbage-first heap   total 96256K, used 91346K [0x00000000e0000000, 0x0000000100000000)
  region size 1024K, 1 young (1024K), 1 survivors (1024K)
 Metaspace       used 73613K, capacity 75611K, committed 75824K, reserved 1116160K
  class space    used 9314K, capacity 9993K, committed 10112K, reserved 1048576K
}
Event: 74.272 GC heap before
{Heap before GC invocations=173 (full 0):
 garbage-first heap   total 96256K, used 94418K [0x00000000e0000000, 0x0000000100000000)
  region size 1024K, 4 young (4096K), 1 survivors (1024K)
 Metaspace       used 73624K, capacity 75611K, committed 75824K, reserved 1116160K
  class space    used 9315K, capacity 9993K, committed 10112K, reserved 1048576K
}
Event: 74.279 GC heap after
{Heap after GC invocations=174 (full 0):
 garbage-first heap   total 96256K, used 91852K [0x00000000e0000000, 0x0000000100000000)
  region size 1024K, 1 young (1024K), 1 survivors (1024K)
 Metaspace       used 73624K, capacity 75611K, committed 75824K, reserved 1116160K
  class space    used 9315K, capacity 9993K, committed 10112K, reserved 1048576K
}
Event: 74.527 GC heap before
{Heap before GC invocations=174 (full 0):
 garbage-first heap   total 96256K, used 94924K [0x00000000e0000000, 0x0000000100000000)
  region size 1024K, 4 young (4096K), 1 survivors (1024K)
 Metaspace       used 73809K, capacity 75803K, committed 76080K, reserved 1116160K
  class space    used 9322K, capacity 9993K, committed 10112K, reserved 1048576K
}
Event: 74.534 GC heap after
{Heap after GC invocations=175 (full 0):
 garbage-first heap   total 97280K, used 92143K [0x00000000e0000000, 0x0000000100000000)
  region size 1024K, 1 young (1024K), 1 survivors (1024K)
 Metaspace       used 73809K, capacity 75803K, committed 76080K, reserved 1116160K
  class space    used 9322K, capacity 9993K, committed 10112K, reserved 1048576K
}
Event: 74.958 GC heap before
{Heap before GC invocations=176 (full 0):
 garbage-first heap   total 97280K, used 95215K [0x00000000e0000000, 0x0000000100000000)
  region size 1024K, 4 young (4096K), 1 survivors (1024K)
 Metaspace       used 73825K, capacity 75809K, committed 76080K, reserved 1116160K
  class space    used 9324K, capacity 9994K, committed 10112K, reserved 1048576K
}
Event: 74.965 GC heap after
{Heap after GC invocations=177 (full 0):
 garbage-first heap   total 97280K, used 92357K [0x00000000e0000000, 0x0000000100000000)
  region size 1024K, 1 young (1024K), 1 survivors (1024K)
 Metaspace       used 73825K, capacity 75809K, committed 76080K, reserved 1116160K
  class space    used 9324K, capacity 9994K, committed 10112K, reserved 1048576K
}
Event: 74.983 GC heap before
{Heap before GC invocations=177 (full 0):
 garbage-first heap   total 97280K, used 95429K [0x00000000e0000000, 0x0000000100000000)
  region size 1024K, 4 young (4096K), 1 survivors (1024K)
 Metaspace       used 73825K, capacity 75809K, committed 76080K, reserved 1116160K
  class space    used 9324K, capacity 9994K, committed 10112K, reserved 1048576K
}
Event: 74.988 GC heap after
{Heap after GC invocations=178 (full 0):
 garbage-first heap   total 97280K, used 92458K [0x00000000e0000000, 0x0000000100000000)
  region size 1024K, 1 young (1024K), 1 survivors (1024K)
 Metaspace       used 73825K, capacity 75809K, committed 76080K, reserved 1116160K
  class space    used 9324K, capacity 9994K, committed 10112K, reserved 1048576K
}

Deoptimization events (20 events):
Event: 73.144 Thread 0x0000026584117800 Uncommon trap: trap_request=0xfffffff4 fr.pc=0x00000265f7e5fc5c relative=0x000000000000073c
Event: 73.144 Thread 0x0000026584117800 Uncommon trap: reason=null_check action=make_not_entrant pc=0x00000265f7e5fc5c method=com.sun.beans.introspect.MethodInfo$MethodOrder.compare(Ljava/lang/reflect/Method;Ljava/lang/reflect/Method;)I @ 133 c2
Event: 73.144 Thread 0x0000026584117800 DEOPT PACKING pc=0x00000265f7e5fc5c sp=0x00000066ea5f3e60
Event: 73.144 Thread 0x0000026584117800 DEOPT UNPACKING pc=0x00000265f00a6029 sp=0x00000066ea5f3e18 mode 2
Event: 73.186 Thread 0x0000026584117800 Uncommon trap: trap_request=0xfffffff4 fr.pc=0x00000265f7fb2bb8 relative=0x00000000000008f8
Event: 73.186 Thread 0x0000026584117800 Uncommon trap: reason=null_check action=make_not_entrant pc=0x00000265f7fb2bb8 method=com.sun.beans.introspect.MethodInfo$MethodOrder.compare(Ljava/lang/reflect/Method;Ljava/lang/reflect/Method;)I @ 145 c2
Event: 73.186 Thread 0x0000026584117800 DEOPT PACKING pc=0x00000265f7fb2bb8 sp=0x00000066ea5f46c0
Event: 73.186 Thread 0x0000026584117800 DEOPT UNPACKING pc=0x00000265f00a6029 sp=0x00000066ea5f45f0 mode 2
Event: 73.256 Thread 0x0000026584117800 Uncommon trap: trap_request=0xffffff4d fr.pc=0x00000265f7d8fbc8 relative=0x00000000000006e8
Event: 73.256 Thread 0x0000026584117800 Uncommon trap: reason=unstable_if action=reinterpret pc=0x00000265f7d8fbc8 method=java.lang.PublicMethods$MethodList.filter([Ljava/lang/reflect/Method;Ljava/lang/String;[Ljava/lang/Class;Z)Ljava/lang/PublicMethods$MethodList; @ 43 c2
Event: 73.256 Thread 0x0000026584117800 DEOPT PACKING pc=0x00000265f7d8fbc8 sp=0x00000066ea5f4f80
Event: 73.257 Thread 0x0000026584117800 DEOPT UNPACKING pc=0x00000265f00a6029 sp=0x00000066ea5f4f30 mode 2
Event: 73.786 Thread 0x0000026584117800 Uncommon trap: trap_request=0xfffffff4 fr.pc=0x00000265f7fb3e14 relative=0x0000000000000874
Event: 73.786 Thread 0x0000026584117800 Uncommon trap: reason=null_check action=make_not_entrant pc=0x00000265f7fb3e14 method=com.sun.beans.introspect.MethodInfo$MethodOrder.compare(Ljava/lang/reflect/Method;Ljava/lang/reflect/Method;)I @ 145 c2
Event: 73.786 Thread 0x0000026584117800 DEOPT PACKING pc=0x00000265f7fb3e14 sp=0x00000066ea5f2cf0
Event: 73.786 Thread 0x0000026584117800 DEOPT UNPACKING pc=0x00000265f00a6029 sp=0x00000066ea5f2c90 mode 2
Event: 74.935 Thread 0x0000026584117800 Uncommon trap: trap_request=0xfffffff4 fr.pc=0x00000265f7df73ec relative=0x00000000000005ec
Event: 74.935 Thread 0x0000026584117800 Uncommon trap: reason=null_check action=make_not_entrant pc=0x00000265f7df73ec method=org.gradle.util.internal.SimpleMapInterner.intern(Ljava/lang/Object;)Ljava/lang/Object; @ 2 c2
Event: 74.935 Thread 0x0000026584117800 DEOPT PACKING pc=0x00000265f7df73ec sp=0x00000066ea5f7970
Event: 74.935 Thread 0x0000026584117800 DEOPT UNPACKING pc=0x00000265f00a6029 sp=0x00000066ea5f7938 mode 2

Classes redefined (0 events):
No events

Internal exceptions (20 events):
Event: 74.265 Thread 0x0000026584117800 Exception <a 'java/lang/ClassNotFoundException'{0x00000000e5a9ff30}: com/android/build/gradle/internal/CompileOptions_DecoratedBeanInfo> (0x00000000e5a9ff30) thrown at [./src/hotspot/share/classfile/systemDictionary.cpp, line 231]
Event: 74.268 Thread 0x0000026584117800 Exception <a 'java/lang/ClassNotFoundException'{0x00000000e5ab9848}: com/android/build/gradle/internal/CompileOptionsBeanInfo> (0x00000000e5ab9848) thrown at [./src/hotspot/share/classfile/systemDictionary.cpp, line 231]
Event: 74.269 Thread 0x0000026584117800 Exception <a 'java/lang/ClassNotFoundException'{0x00000000e5ad39f0}: com/android/build/gradle/internal/CompileOptionsCustomizer> (0x00000000e5ad39f0) thrown at [./src/hotspot/share/classfile/systemDictionary.cpp, line 231]
Event: 74.271 Thread 0x0000026584117800 Exception <a 'java/lang/ClassNotFoundException'{0x00000000e5afaa48}: com/android/build/gradle/internal/CompileOptions_DecoratedCustomizer> (0x00000000e5afaa48) thrown at [./src/hotspot/share/classfile/systemDictionary.cpp, line 231]
Event: 74.497 Thread 0x0000026584117800 Exception <a 'java/lang/ClassNotFoundException'{0x00000000e5b6bbb0}: org/jetbrains/kotlin/gradle/dsl/KotlinJvmOptionsImplBeanInfo> (0x00000000e5b6bbb0) thrown at [./src/hotspot/share/classfile/systemDictionary.cpp, line 231]
Event: 74.499 Thread 0x0000026584117800 Exception <a 'java/lang/ClassNotFoundException'{0x00000000e5b86648}: org/jetbrains/kotlin/gradle/dsl/KotlinJvmOptionsBaseBeanInfo> (0x00000000e5b86648) thrown at [./src/hotspot/share/classfile/systemDictionary.cpp, line 231]
Event: 74.500 Thread 0x0000026584117800 Exception <a 'java/lang/ClassNotFoundException'{0x00000000e5ba1290}: org/jetbrains/kotlin/gradle/dsl/KotlinJvmOptionsBaseCustomizer> (0x00000000e5ba1290) thrown at [./src/hotspot/share/classfile/systemDictionary.cpp, line 231]
Event: 74.504 Thread 0x0000026584117800 Exception <a 'java/lang/ClassNotFoundException'{0x00000000e5bd4168}: org/jetbrains/kotlin/gradle/dsl/KotlinJvmOptionsImplCustomizer> (0x00000000e5bd4168) thrown at [./src/hotspot/share/classfile/systemDictionary.cpp, line 231]
Event: 74.516 Thread 0x0000026584117800 Exception <a 'java/lang/ClassNotFoundException'{0x00000000e5a5a718}: com/android/build/gradle/internal/dsl/ApplicationBuildFeaturesImpl_DecoratedBeanInfo> (0x00000000e5a5a718) thrown at [./src/hotspot/share/classfile/systemDictionary.cpp, line 231]
Event: 74.517 Thread 0x0000026584117800 Exception <a 'java/lang/ClassNotFoundException'{0x00000000e5a770b8}: com/android/build/gradle/internal/dsl/ApplicationBuildFeaturesImplBeanInfo> (0x00000000e5a770b8) thrown at [./src/hotspot/share/classfile/systemDictionary.cpp, line 231]
Event: 74.518 Thread 0x0000026584117800 Exception <a 'java/lang/ClassNotFoundException'{0x00000000e5a91f30}: com/android/build/gradle/internal/dsl/BuildFeaturesImplBeanInfo> (0x00000000e5a91f30) thrown at [./src/hotspot/share/classfile/systemDictionary.cpp, line 231]
Event: 74.521 Thread 0x0000026584117800 Exception <a 'java/lang/ClassNotFoundException'{0x00000000e5aacd08}: com/android/build/gradle/internal/dsl/BuildFeaturesImplCustomizer> (0x00000000e5aacd08) thrown at [./src/hotspot/share/classfile/systemDictionary.cpp, line 231]
Event: 74.523 Thread 0x0000026584117800 Exception <a 'java/lang/ClassNotFoundException'{0x00000000e5ad54e8}: com/android/build/gradle/internal/dsl/ApplicationBuildFeaturesImplCustomizer> (0x00000000e5ad54e8) thrown at [./src/hotspot/share/classfile/systemDictionary.cpp, line 231]
Event: 74.525 Thread 0x0000026584117800 Exception <a 'java/lang/ClassNotFoundException'{0x00000000e5af9cd0}: com/android/build/gradle/internal/dsl/ApplicationBuildFeaturesImpl_DecoratedCustomizer> (0x00000000e5af9cd0) thrown at [./src/hotspot/share/classfile/systemDictionary.cpp, line 231]
Event: 74.935 Thread 0x0000026584117800 Implicit null exception at 0x00000265f7df6e30 to 0x00000265f7df73dd
Event: 74.944 Thread 0x0000026584117800 Exception <a 'java/lang/ClassNotFoundException'{0x00000000e5b14608}: groovy/lang/GString$1BeanInfo> (0x00000000e5b14608) thrown at [./src/hotspot/share/classfile/systemDictionary.cpp, line 231]
Event: 74.946 Thread 0x0000026584117800 Exception <a 'java/lang/ClassNotFoundException'{0x00000000e5b4ff58}: groovy/lang/GStringBeanInfo> (0x00000000e5b4ff58) thrown at [./src/hotspot/share/classfile/systemDictionary.cpp, line 231]
Event: 74.949 Thread 0x0000026584117800 Exception <a 'java/lang/ClassNotFoundException'{0x00000000e5b8b9a8}: groovy/lang/GStringCustomizer> (0x00000000e5b8b9a8) thrown at [./src/hotspot/share/classfile/systemDictionary.cpp, line 231]
Event: 74.952 Thread 0x0000026584117800 Exception <a 'java/lang/ClassNotFoundException'{0x00000000e5bd1410}: groovy/lang/GString$1Customizer> (0x00000000e5bd1410) thrown at [./src/hotspot/share/classfile/systemDictionary.cpp, line 231]
Event: 74.981 Thread 0x0000026584117800 Exception <a 'java/lang/ClassNotFoundException'{0x00000000e5a17920}: org/codehaus/groovy/runtime/GStringImplBeanInfo> (0x00000000e5a17920) thrown at [./src/hotspot/share/classfile/systemDictionary.cpp, line 231]

Events (20 events):
Event: 74.951 loading class groovy/lang/GString$1Customizer done
Event: 74.952 loading class groovy/lang/GString$1Customizer
Event: 74.952 loading class groovy/lang/GString$1Customizer done
Event: 74.954 loading class groovy/runtime/metaclass/org/codehaus/groovy/runtime/GStringImplMetaClass
Event: 74.954 loading class groovy/runtime/metaclass/org/codehaus/groovy/runtime/GStringImplMetaClass done
Event: 74.956 loading class org/codehaus/groovy/runtime/GStringImplBeanInfo
Event: 74.956 loading class org/codehaus/groovy/runtime/GStringImplBeanInfo done
Event: 74.958 Executing VM operation: G1CollectForAllocation
Event: 74.965 Executing VM operation: G1CollectForAllocation done
Event: 74.966 loading class org/codehaus/groovy/runtime/GStringImplBeanInfo
Event: 74.966 loading class org/codehaus/groovy/runtime/GStringImplBeanInfo done
Event: 74.966 loading class org/codehaus/groovy/runtime/GStringImplBeanInfo
Event: 74.966 loading class org/codehaus/groovy/runtime/GStringImplBeanInfo done
Event: 74.980 loading class org/codehaus/groovy/runtime/GStringImplBeanInfo
Event: 74.980 loading class org/codehaus/groovy/runtime/GStringImplBeanInfo done
Event: 74.981 loading class org/codehaus/groovy/runtime/GStringImplCustomizer
Event: 74.981 loading class org/codehaus/groovy/runtime/GStringImplCustomizer done
Event: 74.983 Executing VM operation: G1CollectForAllocation
Event: 74.988 Executing VM operation: G1CollectForAllocation done
Event: 75.257 Executing VM operation: CGC_Operation


Dynamic libraries:
0x00007ff74d580000 - 0x00007ff74d58a000 	C:\Users\felip\OneDrive\Desktop\android-studio\jre\bin\java.exe
0x00007ff9eee70000 - 0x00007ff9ef065000 	C:\Windows\SYSTEM32\ntdll.dll
0x00007ff9e0a50000 - 0x00007ff9e0a66000 	C:\Program Files\Avast Software\Avast\aswhook.dll
0x00007ff9ecec0000 - 0x00007ff9ecf7e000 	C:\Windows\System32\KERNEL32.DLL
0x00007ff9ec870000 - 0x00007ff9ecb38000 	C:\Windows\System32\KERNELBASE.dll
0x00007ff9ec6d0000 - 0x00007ff9ec7d0000 	C:\Windows\System32\ucrtbase.dll
0x00007ff9e5730000 - 0x00007ff9e5747000 	C:\Users\felip\OneDrive\Desktop\android-studio\jre\bin\VCRUNTIME140.dll
0x00007ff9e5690000 - 0x00007ff9e56a9000 	C:\Users\felip\OneDrive\Desktop\android-studio\jre\bin\jli.dll
0x00007ff9eec80000 - 0x00007ff9eee21000 	C:\Windows\System32\USER32.dll
0x00007ff9e0400000 - 0x00007ff9e069a000 	C:\Windows\WinSxS\amd64_microsoft.windows.common-controls_6595b64144ccf1df_6.0.19041.1110_none_60b5254171f9507e\COMCTL32.dll
0x00007ff9ece90000 - 0x00007ff9eceb2000 	C:\Windows\System32\win32u.dll
0x00007ff9ed270000 - 0x00007ff9ed30e000 	C:\Windows\System32\msvcrt.dll
0x00007ff9ee350000 - 0x00007ff9ee37b000 	C:\Windows\System32\GDI32.dll
0x00007ff9ecd00000 - 0x00007ff9ece0b000 	C:\Windows\System32\gdi32full.dll
0x00007ff9ec7d0000 - 0x00007ff9ec86d000 	C:\Windows\System32\msvcp_win.dll
0x00007ff9ed690000 - 0x00007ff9ed6c0000 	C:\Windows\System32\IMM32.DLL
0x00007ff9c9930000 - 0x00007ff9c99cd000 	C:\Users\felip\OneDrive\Desktop\android-studio\jre\bin\msvcp140.dll
0x00007ff9b1470000 - 0x00007ff9b1f45000 	C:\Users\felip\OneDrive\Desktop\android-studio\jre\bin\server\jvm.dll
0x00007ff9ee600000 - 0x00007ff9ee6ac000 	C:\Windows\System32\ADVAPI32.dll
0x00007ff9ed6c0000 - 0x00007ff9ed75b000 	C:\Windows\System32\sechost.dll
0x00007ff9edec0000 - 0x00007ff9edfea000 	C:\Windows\System32\RPCRT4.dll
0x00007ff9ee740000 - 0x00007ff9ee748000 	C:\Windows\System32\PSAPI.DLL
0x00007ff9d4c70000 - 0x00007ff9d4c97000 	C:\Windows\SYSTEM32\WINMM.dll
0x00007ff9ddaf0000 - 0x00007ff9ddaf9000 	C:\Windows\SYSTEM32\WSOCK32.dll
0x00007ff9e0a70000 - 0x00007ff9e0a7a000 	C:\Windows\SYSTEM32\VERSION.dll
0x00007ff9ee440000 - 0x00007ff9ee4ab000 	C:\Windows\System32\WS2_32.dll
0x00007ff9ea3b0000 - 0x00007ff9ea3c2000 	C:\Windows\SYSTEM32\kernel.appcore.dll
0x00007ff9e7570000 - 0x00007ff9e7581000 	C:\Users\felip\OneDrive\Desktop\android-studio\jre\bin\verify.dll
0x00007ff9e0860000 - 0x00007ff9e0a44000 	C:\Windows\SYSTEM32\DBGHELP.DLL
0x00007ff9e0830000 - 0x00007ff9e085c000 	C:\Windows\SYSTEM32\dbgcore.DLL
0x00007ff9ec590000 - 0x00007ff9ec613000 	C:\Windows\System32\bcryptPrimitives.dll
0x00007ff9e5900000 - 0x00007ff9e5929000 	C:\Users\felip\OneDrive\Desktop\android-studio\jre\bin\java.dll
0x00007ff9e9e20000 - 0x00007ff9e9e2b000 	C:\Users\felip\OneDrive\Desktop\android-studio\jre\bin\jimage.dll
0x00007ff9e5f30000 - 0x00007ff9e5f48000 	C:\Users\felip\OneDrive\Desktop\android-studio\jre\bin\zip.dll
0x00007ff9ed760000 - 0x00007ff9ede9f000 	C:\Windows\System32\SHELL32.dll
0x00007ff9ea690000 - 0x00007ff9eae20000 	C:\Windows\SYSTEM32\windows.storage.dll
0x00007ff9edff0000 - 0x00007ff9ee345000 	C:\Windows\System32\combase.dll
0x00007ff9ebf10000 - 0x00007ff9ebf3e000 	C:\Windows\SYSTEM32\Wldp.dll
0x00007ff9ee750000 - 0x00007ff9ee7fd000 	C:\Windows\System32\SHCORE.dll
0x00007ff9ed130000 - 0x00007ff9ed185000 	C:\Windows\System32\shlwapi.dll
0x00007ff9ec4d0000 - 0x00007ff9ec4ef000 	C:\Windows\SYSTEM32\profapi.dll
0x00007ff9e5d70000 - 0x00007ff9e5d8a000 	C:\Users\felip\OneDrive\Desktop\android-studio\jre\bin\net.dll
0x00007ff9e37b0000 - 0x00007ff9e38bc000 	C:\Windows\SYSTEM32\WINHTTP.dll
0x00007ff9ebc70000 - 0x00007ff9ebcda000 	C:\Windows\system32\mswsock.dll
0x00007ff9e58e0000 - 0x00007ff9e58f4000 	C:\Users\felip\OneDrive\Desktop\android-studio\jre\bin\nio.dll
0x00007ff9cc550000 - 0x00007ff9cc577000 	C:\Users\felip\.gradle\native\8bec1ad78214c89d9ad589b4d07fe93259594b29d510b10fafb7a158f7737e5d\windows-amd64\native-platform.dll
0x00007ff9b4c20000 - 0x00007ff9b4d5d000 	C:\Users\felip\.gradle\native\53dbd7edfb1c66fb8903c78663c9afc45aea4f116125fa6feffd364cf09443e8\windows-amd64\native-platform-file-events.dll
0x00007ff9e82e0000 - 0x00007ff9e82ea000 	C:\Users\felip\OneDrive\Desktop\android-studio\jre\bin\management.dll
0x00007ff9e7460000 - 0x00007ff9e746d000 	C:\Users\felip\OneDrive\Desktop\android-studio\jre\bin\management_ext.dll
0x00007ff9ebe70000 - 0x00007ff9ebe88000 	C:\Windows\SYSTEM32\CRYPTSP.dll
0x00007ff9eb5f0000 - 0x00007ff9eb624000 	C:\Windows\system32\rsaenh.dll
0x00007ff9ece60000 - 0x00007ff9ece87000 	C:\Windows\System32\bcrypt.dll
0x00007ff9ec450000 - 0x00007ff9ec47e000 	C:\Windows\SYSTEM32\USERENV.dll
0x00007ff9ebe60000 - 0x00007ff9ebe6c000 	C:\Windows\SYSTEM32\CRYPTBASE.dll
0x00007ff9eb960000 - 0x00007ff9eb99b000 	C:\Windows\SYSTEM32\IPHLPAPI.DLL
0x00007ff9ee380000 - 0x00007ff9ee388000 	C:\Windows\System32\NSI.dll
0x00007ff9e6bc0000 - 0x00007ff9e6bd7000 	C:\Windows\SYSTEM32\dhcpcsvc6.DLL
0x00007ff9e5c80000 - 0x00007ff9e5c9d000 	C:\Windows\SYSTEM32\dhcpcsvc.DLL
0x00007ff9eb9a0000 - 0x00007ff9eba6b000 	C:\Windows\SYSTEM32\DNSAPI.dll

dbghelp: loaded successfully - version: 4.0.5 - missing functions: none
symbol engine: initialized successfully - sym options: 0x614 - pdb path: .;C:\Users\felip\OneDrive\Desktop\android-studio\jre\bin;C:\Windows\SYSTEM32;C:\Program Files\Avast Software\Avast;C:\Windows\WinSxS\amd64_microsoft.windows.common-controls_6595b64144ccf1df_6.0.19041.1110_none_60b5254171f9507e;C:\Users\felip\OneDrive\Desktop\android-studio\jre\bin\server;C:\Users\felip\.gradle\native\8bec1ad78214c89d9ad589b4d07fe93259594b29d510b10fafb7a158f7737e5d\windows-amd64;C:\Users\felip\.gradle\native\53dbd7edfb1c66fb8903c78663c9afc45aea4f116125fa6feffd364cf09443e8\windows-amd64

VM Arguments:
jvm_args: --add-opens=java.base/java.util=ALL-UNNAMED --add-opens=java.base/java.lang=ALL-UNNAMED --add-opens=java.base/java.lang.invoke=ALL-UNNAMED --add-opens=java.base/java.util=ALL-UNNAMED --add-opens=java.prefs/java.util.prefs=ALL-UNNAMED --add-opens=java.prefs/java.util.prefs=ALL-UNNAMED --add-opens=java.base/java.nio.charset=ALL-UNNAMED --add-opens=java.base/java.net=ALL-UNNAMED --add-opens=java.base/java.util.concurrent.atomic=ALL-UNNAMED -Xmx512m -Dfile.encoding=UTF-8 -Duser.country=US -Duser.language=en -Duser.variant 
java_command: org.gradle.launcher.daemon.bootstrap.GradleDaemon 7.0.2
java_class_path (initial): C:\Users\felip\.gradle\wrapper\dists\gradle-7.0.2-bin\857tjihv64xamwrf0h14cai3r\gradle-7.0.2\lib\gradle-launcher-7.0.2.jar
Launcher Type: SUN_STANDARD

[Global flags]
     intx CICompilerCount                          = 2                                         {product} {ergonomic}
     uint ConcGCThreads                            = 1                                         {product} {ergonomic}
     uint G1ConcRefinementThreads                  = 2                                         {product} {ergonomic}
   size_t G1HeapRegionSize                         = 1048576                                   {product} {ergonomic}
    uintx GCDrainStackTargetSize                   = 64                                        {product} {ergonomic}
   size_t InitialHeapSize                          = 67108864                                  {product} {ergonomic}
   size_t MarkStackSize                            = 4194304                                   {product} {ergonomic}
   size_t MaxHeapSize                              = 536870912                                 {product} {command line}
   size_t MaxNewSize                               = 321912832                                 {product} {ergonomic}
   size_t MinHeapDeltaBytes                        = 1048576                                   {product} {ergonomic}
    uintx NonNMethodCodeHeapSize                   = 5825164                                {pd product} {ergonomic}
    uintx NonProfiledCodeHeapSize                  = 122916538                              {pd product} {ergonomic}
    uintx ProfiledCodeHeapSize                     = 122916538                              {pd product} {ergonomic}
    uintx ReservedCodeCacheSize                    = 251658240                              {pd product} {ergonomic}
     bool SegmentedCodeCache                       = true                                      {product} {ergonomic}
     bool UseCompressedClassPointers               = true                                 {lp64_product} {ergonomic}
     bool UseCompressedOops                        = true                                 {lp64_product} {ergonomic}
     bool UseG1GC                                  = true                                      {product} {ergonomic}
     bool UseLargePagesIndividualAllocation        = false                                  {pd product} {ergonomic}

Logging:
Log output configuration:
 #0: stdout all=warning uptime,level,tags
 #1: stderr all=off uptime,level,tags

Environment Variables:
PATH=C:\Program Files\Common Files\Oracle\Java\javapath;C:\Program Files (x86)\Common Files\Oracle\Java\javapath;C:\Windows\system32;C:\Windows;C:\Windows\System32\Wbem;C:\Windows\System32\WindowsPowerShell\v1.0\;C:\Windows\System32\OpenSSH\;C:\ProgramData\chocolatey\bin;C:\Program Files (x86)\Yarn\bin\;C:\Program Files\Git\cmd;C:\Program Files\nodejs\;C:\Users\felip\AppData\Local\Microsoft\WindowsApps;C:\Users\felip\AppData\Local\Programs\Microsoft VS Code\bin;C:\Users\felip\AppData\Local\Yarn\bin;C:\Users\felip\AppData\Local\GitHubDesktop\bin;C:\Users\felip\AppData\Roaming\npm
USERNAME=felip
OS=Windows_NT
PROCESSOR_IDENTIFIER=Intel64 Family 6 Model 23 Stepping 10, GenuineIntel



---------------  S Y S T E M  ---------------

OS: Windows 10 , 64 bit Build 19041 (10.0.19041.1348)
OS uptime: 0 days 20:14 hours

CPU:total 2 (initial active 2) (2 cores per cpu, 1 threads per core) family 6 model 23 stepping 10 microcode 0xa0c, cmov, cx8, fxsr, mmx, sse, sse2, sse3, ssse3, tsc

Memory: 4k page, system-wide physical 4061M (86M free)
TotalPageFile size 4061M (AvailPageFile size 5M)
current process WorkingSet (physical memory assigned to process): 301M, peak: 301M
current process commit charge ("private bytes"): 326M, peak: 328M

vm_info: OpenJDK 64-Bit Server VM (11.0.11+9-b60-7590822) for windows-amd64 JRE (11.0.11+9-b60-7590822), built on Jul 29 2021 21:43:44 by "builder" with MS VC++ 14.0 (VS2015)

END.
