#
# There is insufficient memory for the Java Runtime Environment to continue.
# Native memory allocation (malloc) failed to allocate 2352656 bytes for Chunk::new
# Possible reasons:
#   The system is out of physical RAM or swap space
#   The process is running with CompressedOops enabled, and the Java Heap may be blocking the growth of the native heap
# Possible solutions:
#   Reduce memory load on the system
#   Increase physical memory or swap space
#   Check if swap backing store is full
#   Decrease Java heap size (-Xmx/-Xms)
#   Decrease number of Java threads
#   Decrease Java thread stack sizes (-Xss)
#   Set larger code cache with -XX:ReservedCodeCacheSize=
#   JVM is running with Unscaled Compressed Oops mode in which the Java heap is
#     placed in the first 4GB address space. The Java Heap base address is the
#     maximum limit for the native heap growth. Please use -XX:HeapBaseMinAddress
#     to set the Java Heap base and to place the Java Heap above 4GB virtual address.
# This output file may be truncated or incomplete.
#
#  Out of Memory Error (./src/hotspot/share/memory/arena.cpp:197), pid=8528, tid=8072
#
# JRE version: OpenJDK Runtime Environment (11.0.11+9) (build 11.0.11+9-b60-7590822)
# Java VM: OpenJDK 64-Bit Server VM (11.0.11+9-b60-7590822, mixed mode, tiered, compressed oops, g1 gc, windows-amd64)
# No core dump will be written. Minidumps are not enabled by default on client versions of Windows
#

---------------  S U M M A R Y ------------

Command Line: --add-opens=java.base/java.util=ALL-UNNAMED --add-opens=java.base/java.lang=ALL-UNNAMED --add-opens=java.base/java.lang.invoke=ALL-UNNAMED --add-opens=java.base/java.util=ALL-UNNAMED --add-opens=java.prefs/java.util.prefs=ALL-UNNAMED --add-opens=java.prefs/java.util.prefs=ALL-UNNAMED --add-opens=java.base/java.nio.charset=ALL-UNNAMED --add-opens=java.base/java.net=ALL-UNNAMED --add-opens=java.base/java.util.concurrent.atomic=ALL-UNNAMED -Xmx512m -Dfile.encoding=UTF-8 -Duser.country=US -Duser.language=en -Duser.variant org.gradle.launcher.daemon.bootstrap.GradleDaemon 7.0.2

Host: Celeron(R) Dual-Core CPU       T3500  @ 2.10GHz, 2 cores, 3G,  Windows 10 , 64 bit Build 19041 (10.0.19041.1348)
Time: Mon Nov 29 14:18:58 2021 E. South America Standard Time elapsed time: 268.457286 seconds (0d 0h 4m 28s)

---------------  T H R E A D  ---------------

Current thread (0x00000149b3d51000):  JavaThread "C2 CompilerThread0" daemon [_thread_in_native, id=8072, stack(0x000000456ce00000,0x000000456cf00000)]


Current CompileTask:
C2: 268457 16950       4       org.objectweb.asm.ClassReader::readCode (5089 bytes)

Stack: [0x000000456ce00000,0x000000456cf00000]
Native frames: (J=compiled Java code, j=interpreted, Vv=VM code, C=native code)
V  [jvm.dll+0x5f214a]
V  [jvm.dll+0x726fb5]
V  [jvm.dll+0x7285cd]
V  [jvm.dll+0x728c83]
V  [jvm.dll+0x243278]
V  [jvm.dll+0xbc53c]
V  [jvm.dll+0xbca3c]
V  [jvm.dll+0x353e7d]
V  [jvm.dll+0x321893]
V  [jvm.dll+0x320d8a]
V  [jvm.dll+0x1fc1e2]
V  [jvm.dll+0x1fb3d4]
V  [jvm.dll+0x183d6c]
V  [jvm.dll+0x209a57]
V  [jvm.dll+0x2082a1]
V  [jvm.dll+0x6ef58f]
V  [jvm.dll+0x6e80b5]
V  [jvm.dll+0x5f1036]
C  [ucrtbase.dll+0x21bb2]
C  [KERNEL32.DLL+0x17034]
C  [ntdll.dll+0x52651]


---------------  P R O C E S S  ---------------

Threads class SMR info:
_java_thread_list=0x00000149bb026f60, length=46, elements={
0x000001499b752000, 0x00000149b3ce6800, 0x00000149b3cf2800, 0x00000149b3d43000,
0x00000149b3d46000, 0x00000149b3d47000, 0x00000149b3d51000, 0x00000149b3d53000,
0x00000149b3d58000, 0x00000149b3fb2000, 0x00000149b5988800, 0x00000149b5cdc000,
0x00000149b4928800, 0x00000149b5bec800, 0x00000149b4e2b000, 0x00000149b445c800,
0x00000149b593f800, 0x00000149b5940000, 0x00000149b4ee3800, 0x00000149b4ee0000,
0x00000149b4ee4000, 0x00000149b4ee5000, 0x00000149b4ee1000, 0x00000149b4ee1800,
0x00000149b4ee2800, 0x00000149b4ee6000, 0x00000149b4ee6800, 0x00000149b6288800,
0x00000149b6289800, 0x00000149b6288000, 0x00000149b628a000, 0x00000149b6286000,
0x00000149b6285800, 0x00000149b628b000, 0x00000149b6287000, 0x00000149b628d800,
0x00000149b6291800, 0x00000149b628f000, 0x00000149b6290000, 0x00000149b628c800,
0x00000149badcd800, 0x00000149badcf000, 0x00000149badd0000, 0x00000149badca000,
0x00000149badd1000, 0x00000149badce800
}

Java Threads: ( => current thread )
  0x000001499b752000 JavaThread "main" [_thread_blocked, id=5956, stack(0x000000456c200000,0x000000456c300000)]
  0x00000149b3ce6800 JavaThread "Reference Handler" daemon [_thread_blocked, id=7200, stack(0x000000456c900000,0x000000456ca00000)]
  0x00000149b3cf2800 JavaThread "Finalizer" daemon [_thread_blocked, id=1428, stack(0x000000456ca00000,0x000000456cb00000)]
  0x00000149b3d43000 JavaThread "Signal Dispatcher" daemon [_thread_blocked, id=8896, stack(0x000000456cb00000,0x000000456cc00000)]
  0x00000149b3d46000 JavaThread "Attach Listener" daemon [_thread_blocked, id=7868, stack(0x000000456cc00000,0x000000456cd00000)]
  0x00000149b3d47000 JavaThread "Service Thread" daemon [_thread_blocked, id=132, stack(0x000000456cd00000,0x000000456ce00000)]
=>0x00000149b3d51000 JavaThread "C2 CompilerThread0" daemon [_thread_in_native, id=8072, stack(0x000000456ce00000,0x000000456cf00000)]
  0x00000149b3d53000 JavaThread "C1 CompilerThread0" daemon [_thread_blocked, id=7288, stack(0x000000456cf00000,0x000000456d000000)]
  0x00000149b3d58000 JavaThread "Sweeper thread" daemon [_thread_blocked, id=7512, stack(0x000000456d000000,0x000000456d100000)]
  0x00000149b3fb2000 JavaThread "Common-Cleaner" daemon [_thread_blocked, id=7940, stack(0x000000456d100000,0x000000456d200000)]
  0x00000149b5988800 JavaThread "Daemon health stats" [_thread_blocked, id=5576, stack(0x000000456d400000,0x000000456d500000)]
  0x00000149b5cdc000 JavaThread "Incoming local TCP Connector on port 5060" [_thread_in_native, id=6528, stack(0x000000456d500000,0x000000456d600000)]
  0x00000149b4928800 JavaThread "Daemon periodic checks" [_thread_blocked, id=8988, stack(0x000000456d600000,0x000000456d700000)]
  0x00000149b5bec800 JavaThread "Daemon" [_thread_blocked, id=4104, stack(0x000000456d700000,0x000000456d800000)]
  0x00000149b4e2b000 JavaThread "Handler for socket connection from /127.0.0.1:5060 to /127.0.0.1:5061" [_thread_in_native, id=7904, stack(0x000000456d800000,0x000000456d900000)]
  0x00000149b445c800 JavaThread "Cancel handler" [_thread_blocked, id=4660, stack(0x000000456d900000,0x000000456da00000)]
  0x00000149b593f800 JavaThread "Daemon worker" [_thread_blocked, id=1008, stack(0x000000456da00000,0x000000456db00000)]
  0x00000149b5940000 JavaThread "Asynchronous log dispatcher for DefaultDaemonConnection: socket connection from /127.0.0.1:5060 to /127.0.0.1:5061" [_thread_blocked, id=7936, stack(0x000000456db00000,0x000000456dc00000)]
  0x00000149b4ee3800 JavaThread "Daemon client event forwarder" [_thread_blocked, id=6516, stack(0x000000456dd00000,0x000000456de00000)]
  0x00000149b4ee0000 JavaThread "Cache worker for file hash cache (C:\Users\felip\.gradle\caches\7.0.2\fileHashes)" [_thread_blocked, id=5392, stack(0x000000456de00000,0x000000456df00000)]
  0x00000149b4ee4000 JavaThread "File lock request listener" [_thread_in_native, id=8784, stack(0x000000456df00000,0x000000456e000000)]
  0x00000149b4ee5000 JavaThread "Cache worker for journal cache (C:\Users\felip\.gradle\caches\journal-1)" [_thread_blocked, id=3360, stack(0x000000456e000000,0x000000456e100000)]
  0x00000149b4ee1000 JavaThread "Cache worker for file hash cache (C:\Users\felip\AndroidStudioProjects\VideoApp\.gradle\7.0.2\fileHashes)" [_thread_blocked, id=3860, stack(0x000000456e100000,0x000000456e200000)]
  0x00000149b4ee1800 JavaThread "File watcher server" daemon [_thread_in_native, id=8560, stack(0x000000456e200000,0x000000456e300000)]
  0x00000149b4ee2800 JavaThread "File watcher consumer" daemon [_thread_blocked, id=6796, stack(0x000000456e300000,0x000000456e400000)]
  0x00000149b4ee6000 JavaThread "Cache worker for checksums cache (C:\Users\felip\AndroidStudioProjects\VideoApp\.gradle\checksums)" [_thread_blocked, id=3204, stack(0x000000456e400000,0x000000456e500000)]
  0x00000149b4ee6800 JavaThread "Cache worker for cache directory md-supplier (C:\Users\felip\.gradle\caches\7.0.2\md-supplier)" [_thread_blocked, id=5184, stack(0x000000456e500000,0x000000456e600000)]
  0x00000149b6288800 JavaThread "Cache worker for cache directory md-rule (C:\Users\felip\.gradle\caches\7.0.2\md-rule)" [_thread_blocked, id=3328, stack(0x000000456e600000,0x000000456e700000)]
  0x00000149b6289800 JavaThread "Cache worker for execution history cache (C:\Users\felip\.gradle\caches\7.0.2\executionHistory)" [_thread_blocked, id=7368, stack(0x000000456e700000,0x000000456e800000)]
  0x00000149b6288000 JavaThread "jar transforms" [_thread_blocked, id=5244, stack(0x000000456e800000,0x000000456e900000)]
  0x00000149b628a000 JavaThread "jar transforms Thread 2" [_thread_blocked, id=5312, stack(0x000000456e900000,0x000000456ea00000)]
  0x00000149b6286000 JavaThread "Cache worker for file content cache (C:\Users\felip\.gradle\caches\7.0.2\fileContent)" [_thread_blocked, id=8364, stack(0x000000456ea00000,0x000000456eb00000)]
  0x00000149b6285800 JavaThread "Cache worker for dependencies-accessors (C:\Users\felip\AndroidStudioProjects\VideoApp\.gradle\7.0.2\dependencies-accessors)" [_thread_blocked, id=9184, stack(0x000000456eb00000,0x000000456ec00000)]
  0x00000149b628b000 JavaThread "Cache worker for Build Output Cleanup Cache (C:\Users\felip\AndroidStudioProjects\VideoApp\.gradle\buildOutputCleanup)" [_thread_blocked, id=4536, stack(0x000000456ec00000,0x000000456ed00000)]
  0x00000149b6287000 JavaThread "Build operations" [_thread_blocked, id=4532, stack(0x000000456ed00000,0x000000456ee00000)]
  0x00000149b628d800 JavaThread "Build operations Thread 2" [_thread_blocked, id=1980, stack(0x000000456ee00000,0x000000456ef00000)]
  0x00000149b6291800 JavaThread "Memory manager" [_thread_blocked, id=3420, stack(0x000000456f100000,0x000000456f200000)]
  0x00000149b628f000 JavaThread "build event listener" [_thread_blocked, id=7100, stack(0x000000456f200000,0x000000456f300000)]
  0x00000149b6290000 JavaThread "build event listener" [_thread_blocked, id=1836, stack(0x000000456bf00000,0x000000456c000000)]
  0x00000149b628c800 JavaThread "Execution worker for ':'" [_thread_blocked, id=192, stack(0x000000456c000000,0x000000456c100000)]
  0x00000149badcd800 JavaThread "Cache worker for execution history cache (C:\Users\felip\AndroidStudioProjects\VideoApp\.gradle\7.0.2\executionHistory)" [_thread_blocked, id=2356, stack(0x000000456c100000,0x000000456c200000)]
  0x00000149badcf000 JavaThread "WorkerExecutor Queue" [_thread_blocked, id=8232, stack(0x000000456dc00000,0x000000456dd00000)]
  0x00000149badd0000 JavaThread "WorkerExecutor Queue Thread 2" [_thread_blocked, id=7624, stack(0x000000456ef00000,0x000000456f000000)]
  0x00000149badca000 JavaThread "pool-3-thread-1" [_thread_blocked, id=3940, stack(0x000000456f300000,0x000000456f400000)]
  0x00000149badd1000 JavaThread "stderr" [_thread_in_native, id=5140, stack(0x000000456f400000,0x000000456f500000)]
  0x00000149badce800 JavaThread "stdout" [_thread_in_native, id=6036, stack(0x000000456f500000,0x000000456f600000)]

Other Threads:
  0x00000149b3ce1800 VMThread "VM Thread" [stack: 0x000000456c800000,0x000000456c900000] [id=8540]
  0x00000149b3fea800 WatcherThread [stack: 0x000000456d200000,0x000000456d300000] [id=7220]
  0x000001499b76a800 GCTaskThread "GC Thread#0" [stack: 0x000000456c300000,0x000000456c400000] [id=8800]
  0x00000149b41cc000 GCTaskThread "GC Thread#1" [stack: 0x000000456d300000,0x000000456d400000] [id=2216]
  0x000001499b77d800 ConcurrentGCThread "G1 Main Marker" [stack: 0x000000456c400000,0x000000456c500000] [id=8936]
  0x000001499b77f000 ConcurrentGCThread "G1 Conc#0" [stack: 0x000000456c500000,0x000000456c600000] [id=6504]
  0x000001499b7ca000 ConcurrentGCThread "G1 Refine#0" [stack: 0x000000456c600000,0x000000456c700000] [id=9012]
  0x000001499b7cb000 ConcurrentGCThread "G1 Young RemSet Sampling" [stack: 0x000000456c700000,0x000000456c800000] [id=884]

Threads with active compile tasks:
C2 CompilerThread0 272645 16950       4       org.objectweb.asm.ClassReader::readCode (5089 bytes)

VM state:at safepoint (normal execution)

VM Mutex/Monitor currently owned by a thread:  ([mutex/lock_event])
[0x000001499b74e7a0] Threads_lock - owner thread: 0x00000149b3ce1800
[0x000001499b74d630] Heap_lock - owner thread: 0x00000149b6287000

Heap address: 0x00000000e0000000, size: 512 MB, Compressed Oops mode: 32-bit
Narrow klass base: 0x0000000000000000, Narrow klass shift: 3
Compressed class space size: 1073741824 Address: 0x0000000100000000

Heap:
 garbage-first heap   total 200704K, used 106112K [0x00000000e0000000, 0x0000000100000000)
  region size 1024K, 1 young (1024K), 1 survivors (1024K)
 Metaspace       used 108313K, capacity 110748K, committed 110844K, reserved 1146880K
  class space    used 13287K, capacity 14134K, committed 14208K, reserved 1048576K
Heap Regions: E=young(eden), S=young(survivor), O=old, HS=humongous(starts), HC=humongous(continues), CS=collection set, F=free, A=archive, TAMS=top-at-mark-start (previous, next)
|   0|0x00000000e0000000, 0x00000000e0100000, 0x00000000e0100000|100%| O|  |TAMS 0x00000000e0100000, 0x00000000e0000000| Untracked 
|   1|0x00000000e0100000, 0x00000000e0200000, 0x00000000e0200000|100%| O|  |TAMS 0x00000000e0200000, 0x00000000e0100000| Untracked 
|   2|0x00000000e0200000, 0x00000000e0300000, 0x00000000e0300000|100%| O|  |TAMS 0x00000000e0300000, 0x00000000e0200000| Untracked 
|   3|0x00000000e0300000, 0x00000000e0400000, 0x00000000e0400000|100%| O|  |TAMS 0x00000000e0400000, 0x00000000e0300000| Untracked 
|   4|0x00000000e0400000, 0x00000000e0500000, 0x00000000e0500000|100%|HS|  |TAMS 0x00000000e0500000, 0x00000000e0400000| Complete 
|   5|0x00000000e0500000, 0x00000000e0600000, 0x00000000e0600000|100%|HC|  |TAMS 0x00000000e0600000, 0x00000000e0500000| Complete 
|   6|0x00000000e0600000, 0x00000000e0700000, 0x00000000e0700000|100%|HC|  |TAMS 0x00000000e0700000, 0x00000000e0600000| Complete 
|   7|0x00000000e0700000, 0x00000000e0800000, 0x00000000e0800000|100%| O|  |TAMS 0x00000000e0800000, 0x00000000e0700000| Untracked 
|   8|0x00000000e0800000, 0x00000000e0900000, 0x00000000e0900000|100%| O|  |TAMS 0x00000000e0900000, 0x00000000e0800000| Untracked 
|   9|0x00000000e0900000, 0x00000000e0a00000, 0x00000000e0a00000|100%| O|  |TAMS 0x00000000e0a00000, 0x00000000e0900000| Untracked 
|  10|0x00000000e0a00000, 0x00000000e0b00000, 0x00000000e0b00000|100%| O|  |TAMS 0x00000000e0b00000, 0x00000000e0a00000| Untracked 
|  11|0x00000000e0b00000, 0x00000000e0c00000, 0x00000000e0c00000|100%| O|  |TAMS 0x00000000e0c00000, 0x00000000e0b00000| Untracked 
|  12|0x00000000e0c00000, 0x00000000e0d00000, 0x00000000e0d00000|100%| O|  |TAMS 0x00000000e0d00000, 0x00000000e0c00000| Untracked 
|  13|0x00000000e0d00000, 0x00000000e0e00000, 0x00000000e0e00000|100%| O|  |TAMS 0x00000000e0e00000, 0x00000000e0d00000| Untracked 
|  14|0x00000000e0e00000, 0x00000000e0f00000, 0x00000000e0f00000|100%| O|  |TAMS 0x00000000e0f00000, 0x00000000e0e00000| Untracked 
|  15|0x00000000e0f00000, 0x00000000e1000000, 0x00000000e1000000|100%| O|  |TAMS 0x00000000e1000000, 0x00000000e0f00000| Untracked 
|  16|0x00000000e1000000, 0x00000000e1100000, 0x00000000e1100000|100%| O|  |TAMS 0x00000000e1100000, 0x00000000e1000000| Untracked 
|  17|0x00000000e1100000, 0x00000000e1200000, 0x00000000e1200000|100%| O|  |TAMS 0x00000000e1200000, 0x00000000e1100000| Untracked 
|  18|0x00000000e1200000, 0x00000000e1300000, 0x00000000e1300000|100%| O|  |TAMS 0x00000000e1300000, 0x00000000e1200000| Untracked 
|  19|0x00000000e1300000, 0x00000000e1400000, 0x00000000e1400000|100%| O|  |TAMS 0x00000000e1400000, 0x00000000e1300000| Untracked 
|  20|0x00000000e1400000, 0x00000000e1500000, 0x00000000e1500000|100%| O|  |TAMS 0x00000000e1500000, 0x00000000e1400000| Untracked 
|  21|0x00000000e1500000, 0x00000000e1600000, 0x00000000e1600000|100%| O|  |TAMS 0x00000000e1600000, 0x00000000e1500000| Untracked 
|  22|0x00000000e1600000, 0x00000000e1700000, 0x00000000e1700000|100%| O|  |TAMS 0x00000000e1700000, 0x00000000e1600000| Untracked 
|  23|0x00000000e1700000, 0x00000000e1800000, 0x00000000e1800000|100%| O|  |TAMS 0x00000000e1800000, 0x00000000e1700000| Untracked 
|  24|0x00000000e1800000, 0x00000000e1900000, 0x00000000e1900000|100%| O|  |TAMS 0x00000000e1900000, 0x00000000e1800000| Untracked 
|  25|0x00000000e1900000, 0x00000000e1a00000, 0x00000000e1a00000|100%| O|  |TAMS 0x00000000e1a00000, 0x00000000e1900000| Untracked 
|  26|0x00000000e1a00000, 0x00000000e1b00000, 0x00000000e1b00000|100%| O|  |TAMS 0x00000000e1b00000, 0x00000000e1a00000| Untracked 
|  27|0x00000000e1b00000, 0x00000000e1c00000, 0x00000000e1c00000|100%| O|  |TAMS 0x00000000e1c00000, 0x00000000e1b00000| Untracked 
|  28|0x00000000e1c00000, 0x00000000e1d00000, 0x00000000e1d00000|100%| O|  |TAMS 0x00000000e1d00000, 0x00000000e1c00000| Untracked 
|  29|0x00000000e1d00000, 0x00000000e1e00000, 0x00000000e1e00000|100%| O|  |TAMS 0x00000000e1e00000, 0x00000000e1d00000| Untracked 
|  30|0x00000000e1e00000, 0x00000000e1f00000, 0x00000000e1f00000|100%| O|  |TAMS 0x00000000e1f00000, 0x00000000e1e00000| Untracked 
|  31|0x00000000e1f00000, 0x00000000e2000000, 0x00000000e2000000|100%| O|  |TAMS 0x00000000e2000000, 0x00000000e1f00000| Untracked 
|  32|0x00000000e2000000, 0x00000000e2100000, 0x00000000e2100000|100%|HS|  |TAMS 0x00000000e2100000, 0x00000000e2000000| Complete 
|  33|0x00000000e2100000, 0x00000000e2200000, 0x00000000e2200000|100%| O|  |TAMS 0x00000000e2200000, 0x00000000e2100000| Untracked 
|  34|0x00000000e2200000, 0x00000000e2300000, 0x00000000e2300000|100%| O|  |TAMS 0x00000000e2300000, 0x00000000e2200000| Untracked 
|  35|0x00000000e2300000, 0x00000000e2400000, 0x00000000e2400000|100%|HS|  |TAMS 0x00000000e2400000, 0x00000000e2300000| Complete 
|  36|0x00000000e2400000, 0x00000000e2500000, 0x00000000e2500000|100%|HS|  |TAMS 0x00000000e2500000, 0x00000000e2400000| Complete 
|  37|0x00000000e2500000, 0x00000000e2600000, 0x00000000e2600000|100%|HS|  |TAMS 0x00000000e2600000, 0x00000000e2500000| Complete 
|  38|0x00000000e2600000, 0x00000000e2700000, 0x00000000e2700000|100%|HC|  |TAMS 0x00000000e2700000, 0x00000000e2600000| Complete 
|  39|0x00000000e2700000, 0x00000000e2800000, 0x00000000e2800000|100%|HC|  |TAMS 0x00000000e2800000, 0x00000000e2700000| Complete 
|  40|0x00000000e2800000, 0x00000000e2900000, 0x00000000e2900000|100%|HS|  |TAMS 0x00000000e2900000, 0x00000000e2800000| Complete 
|  41|0x00000000e2900000, 0x00000000e2a00000, 0x00000000e2a00000|100%|HC|  |TAMS 0x00000000e2a00000, 0x00000000e2900000| Complete 
|  42|0x00000000e2a00000, 0x00000000e2b00000, 0x00000000e2b00000|100%| O|  |TAMS 0x00000000e2b00000, 0x00000000e2a00000| Untracked 
|  43|0x00000000e2b00000, 0x00000000e2c00000, 0x00000000e2c00000|100%| O|  |TAMS 0x00000000e2c00000, 0x00000000e2b00000| Untracked 
|  44|0x00000000e2c00000, 0x00000000e2d00000, 0x00000000e2d00000|100%| O|  |TAMS 0x00000000e2d00000, 0x00000000e2c00000| Untracked 
|  45|0x00000000e2d00000, 0x00000000e2e00000, 0x00000000e2e00000|100%| O|  |TAMS 0x00000000e2e00000, 0x00000000e2d00000| Untracked 
|  46|0x00000000e2e00000, 0x00000000e2f00000, 0x00000000e2f00000|100%| O|  |TAMS 0x00000000e2f00000, 0x00000000e2e00000| Untracked 
|  47|0x00000000e2f00000, 0x00000000e3000000, 0x00000000e3000000|100%| O|  |TAMS 0x00000000e3000000, 0x00000000e2f00000| Untracked 
|  48|0x00000000e3000000, 0x00000000e3100000, 0x00000000e3100000|100%| O|  |TAMS 0x00000000e3100000, 0x00000000e3000000| Untracked 
|  49|0x00000000e3100000, 0x00000000e3200000, 0x00000000e3200000|100%| O|  |TAMS 0x00000000e3200000, 0x00000000e3100000| Untracked 
|  50|0x00000000e3200000, 0x00000000e3300000, 0x00000000e3300000|100%| O|  |TAMS 0x00000000e3300000, 0x00000000e3200000| Untracked 
|  51|0x00000000e3300000, 0x00000000e3400000, 0x00000000e3400000|100%| O|  |TAMS 0x00000000e3400000, 0x00000000e3300000| Untracked 
|  52|0x00000000e3400000, 0x00000000e3500000, 0x00000000e3500000|100%| O|  |TAMS 0x00000000e3500000, 0x00000000e3400000| Untracked 
|  53|0x00000000e3500000, 0x00000000e3600000, 0x00000000e3600000|100%| O|  |TAMS 0x00000000e3600000, 0x00000000e3500000| Untracked 
|  54|0x00000000e3600000, 0x00000000e3700000, 0x00000000e3700000|100%| O|  |TAMS 0x00000000e3700000, 0x00000000e3600000| Untracked 
|  55|0x00000000e3700000, 0x00000000e3800000, 0x00000000e3800000|100%| O|  |TAMS 0x00000000e3800000, 0x00000000e3700000| Untracked 
|  56|0x00000000e3800000, 0x00000000e3900000, 0x00000000e3900000|100%| O|  |TAMS 0x00000000e3900000, 0x00000000e3800000| Untracked 
|  57|0x00000000e3900000, 0x00000000e3a00000, 0x00000000e3a00000|100%| O|  |TAMS 0x00000000e3a00000, 0x00000000e3900000| Untracked 
|  58|0x00000000e3a00000, 0x00000000e3b00000, 0x00000000e3b00000|100%| O|  |TAMS 0x00000000e3b00000, 0x00000000e3a00000| Untracked 
|  59|0x00000000e3b00000, 0x00000000e3c00000, 0x00000000e3c00000|100%| O|  |TAMS 0x00000000e3c00000, 0x00000000e3b00000| Untracked 
|  60|0x00000000e3c00000, 0x00000000e3d00000, 0x00000000e3d00000|100%| O|  |TAMS 0x00000000e3d00000, 0x00000000e3c00000| Untracked 
|  61|0x00000000e3d00000, 0x00000000e3e00000, 0x00000000e3e00000|100%| O|  |TAMS 0x00000000e3e00000, 0x00000000e3d00000| Untracked 
|  62|0x00000000e3e00000, 0x00000000e3f00000, 0x00000000e3f00000|100%| O|  |TAMS 0x00000000e3f00000, 0x00000000e3e00000| Untracked 
|  63|0x00000000e3f00000, 0x00000000e4000000, 0x00000000e4000000|100%| O|  |TAMS 0x00000000e4000000, 0x00000000e3f00000| Untracked 
|  64|0x00000000e4000000, 0x00000000e4100000, 0x00000000e4100000|100%| O|  |TAMS 0x00000000e4100000, 0x00000000e4000000| Untracked 
|  65|0x00000000e4100000, 0x00000000e4200000, 0x00000000e4200000|100%| O|  |TAMS 0x00000000e4200000, 0x00000000e4100000| Untracked 
|  66|0x00000000e4200000, 0x00000000e4300000, 0x00000000e4300000|100%| O|  |TAMS 0x00000000e4300000, 0x00000000e4200000| Untracked 
|  67|0x00000000e4300000, 0x00000000e4400000, 0x00000000e4400000|100%| O|  |TAMS 0x00000000e4400000, 0x00000000e4300000| Untracked 
|  68|0x00000000e4400000, 0x00000000e4500000, 0x00000000e4500000|100%| O|  |TAMS 0x00000000e4500000, 0x00000000e4400000| Untracked 
|  69|0x00000000e4500000, 0x00000000e4600000, 0x00000000e4600000|100%| O|  |TAMS 0x00000000e4600000, 0x00000000e4500000| Untracked 
|  70|0x00000000e4600000, 0x00000000e4700000, 0x00000000e4700000|100%| O|  |TAMS 0x00000000e4700000, 0x00000000e4600000| Untracked 
|  71|0x00000000e4700000, 0x00000000e4800000, 0x00000000e4800000|100%| O|  |TAMS 0x00000000e4800000, 0x00000000e4700000| Untracked 
|  72|0x00000000e4800000, 0x00000000e4900000, 0x00000000e4900000|100%| O|  |TAMS 0x00000000e4900000, 0x00000000e4800000| Untracked 
|  73|0x00000000e4900000, 0x00000000e4a00000, 0x00000000e4a00000|100%| O|  |TAMS 0x00000000e4a00000, 0x00000000e4900000| Untracked 
|  74|0x00000000e4a00000, 0x00000000e4b00000, 0x00000000e4b00000|100%| O|  |TAMS 0x00000000e4b00000, 0x00000000e4a00000| Untracked 
|  75|0x00000000e4b00000, 0x00000000e4c00000, 0x00000000e4c00000|100%| O|  |TAMS 0x00000000e4c00000, 0x00000000e4b00000| Untracked 
|  76|0x00000000e4c00000, 0x00000000e4d00000, 0x00000000e4d00000|100%| O|  |TAMS 0x00000000e4d00000, 0x00000000e4c00000| Untracked 
|  77|0x00000000e4d00000, 0x00000000e4e00000, 0x00000000e4e00000|100%| O|  |TAMS 0x00000000e4e00000, 0x00000000e4d00000| Untracked 
|  78|0x00000000e4e00000, 0x00000000e4f00000, 0x00000000e4f00000|100%| O|  |TAMS 0x00000000e4f00000, 0x00000000e4e00000| Untracked 
|  79|0x00000000e4f00000, 0x00000000e5000000, 0x00000000e5000000|100%| O|  |TAMS 0x00000000e5000000, 0x00000000e4f00000| Untracked 
|  80|0x00000000e5000000, 0x00000000e5100000, 0x00000000e5100000|100%| O|  |TAMS 0x00000000e5100000, 0x00000000e5000000| Untracked 
|  81|0x00000000e5100000, 0x00000000e5200000, 0x00000000e5200000|100%| O|  |TAMS 0x00000000e5200000, 0x00000000e5100000| Untracked 
|  82|0x00000000e5200000, 0x00000000e5300000, 0x00000000e5300000|100%| O|  |TAMS 0x00000000e5300000, 0x00000000e5200000| Untracked 
|  83|0x00000000e5300000, 0x00000000e5400000, 0x00000000e5400000|100%| O|  |TAMS 0x00000000e5400000, 0x00000000e5300000| Untracked 
|  84|0x00000000e5400000, 0x00000000e5500000, 0x00000000e5500000|100%| O|  |TAMS 0x00000000e5500000, 0x00000000e5400000| Untracked 
|  85|0x00000000e5500000, 0x00000000e5600000, 0x00000000e5600000|100%| O|  |TAMS 0x00000000e5600000, 0x00000000e5500000| Untracked 
|  86|0x00000000e5600000, 0x00000000e5700000, 0x00000000e5700000|100%| O|  |TAMS 0x00000000e5700000, 0x00000000e5600000| Untracked 
|  87|0x00000000e5700000, 0x00000000e5800000, 0x00000000e5800000|100%| O|  |TAMS 0x00000000e5800000, 0x00000000e5700000| Untracked 
|  88|0x00000000e5800000, 0x00000000e5800000, 0x00000000e5900000|  0%| F|  |TAMS 0x00000000e5800000, 0x00000000e5800000| Untracked 
|  89|0x00000000e5900000, 0x00000000e5a00000, 0x00000000e5a00000|100%| O|  |TAMS 0x00000000e5a00000, 0x00000000e5900000| Untracked 
|  90|0x00000000e5a00000, 0x00000000e5b00000, 0x00000000e5b00000|100%| O|  |TAMS 0x00000000e5b00000, 0x00000000e5a00000| Untracked 
|  91|0x00000000e5b00000, 0x00000000e5c00000, 0x00000000e5c00000|100%| O|  |TAMS 0x00000000e5b00000, 0x00000000e5b00000| Untracked 
|  92|0x00000000e5c00000, 0x00000000e5c00000, 0x00000000e5d00000|  0%| F|  |TAMS 0x00000000e5c00000, 0x00000000e5c00000| Untracked 
|  93|0x00000000e5d00000, 0x00000000e5e00000, 0x00000000e5e00000|100%| O|  |TAMS 0x00000000e5e00000, 0x00000000e5d00000| Untracked 
|  94|0x00000000e5e00000, 0x00000000e5f00000, 0x00000000e5f00000|100%| O|  |TAMS 0x00000000e5f00000, 0x00000000e5e00000| Untracked 
|  95|0x00000000e5f00000, 0x00000000e6000000, 0x00000000e6000000|100%| O|  |TAMS 0x00000000e6000000, 0x00000000e5f00000| Untracked 
|  96|0x00000000e6000000, 0x00000000e6000000, 0x00000000e6100000|  0%| F|  |TAMS 0x00000000e6000000, 0x00000000e6000000| Untracked 
|  97|0x00000000e6100000, 0x00000000e6200000, 0x00000000e6200000|100%| O|  |TAMS 0x00000000e6100000, 0x00000000e6100000| Untracked 
|  98|0x00000000e6200000, 0x00000000e6200000, 0x00000000e6300000|  0%| F|  |TAMS 0x00000000e6200000, 0x00000000e6200000| Untracked 
|  99|0x00000000e6300000, 0x00000000e6400000, 0x00000000e6400000|100%| O|  |TAMS 0x00000000e6400000, 0x00000000e6300000| Untracked 
| 100|0x00000000e6400000, 0x00000000e6500000, 0x00000000e6500000|100%| O|  |TAMS 0x00000000e6500000, 0x00000000e6400000| Untracked 
| 101|0x00000000e6500000, 0x00000000e6500000, 0x00000000e6600000|  0%| F|  |TAMS 0x00000000e6500000, 0x00000000e6500000| Untracked 
| 102|0x00000000e6600000, 0x00000000e6700000, 0x00000000e6700000|100%| O|  |TAMS 0x00000000e6700000, 0x00000000e6600000| Untracked 
| 103|0x00000000e6700000, 0x00000000e6800000, 0x00000000e6800000|100%| O|  |TAMS 0x00000000e6800000, 0x00000000e6700000| Untracked 
| 104|0x00000000e6800000, 0x00000000e6900000, 0x00000000e6900000|100%| O|  |TAMS 0x00000000e6900000, 0x00000000e6800000| Untracked 
| 105|0x00000000e6900000, 0x00000000e69aee00, 0x00000000e6a00000| 68%| O|  |TAMS 0x00000000e6900000, 0x00000000e6900000| Untracked 
| 106|0x00000000e6a00000, 0x00000000e6a00000, 0x00000000e6b00000|  0%| F|  |TAMS 0x00000000e6a00000, 0x00000000e6a00000| Untracked 
| 107|0x00000000e6b00000, 0x00000000e6c00000, 0x00000000e6c00000|100%|HS|  |TAMS 0x00000000e6b00000, 0x00000000e6b00000| Complete 
| 108|0x00000000e6c00000, 0x00000000e6c00000, 0x00000000e6d00000|  0%| F|  |TAMS 0x00000000e6c00000, 0x00000000e6c00000| Untracked 
| 109|0x00000000e6d00000, 0x00000000e6d00000, 0x00000000e6e00000|  0%| F|  |TAMS 0x00000000e6d00000, 0x00000000e6d00000| Untracked 
| 110|0x00000000e6e00000, 0x00000000e6e00000, 0x00000000e6f00000|  0%| F|  |TAMS 0x00000000e6e00000, 0x00000000e6e00000| Untracked 
| 111|0x00000000e6f00000, 0x00000000e6f00000, 0x00000000e7000000|  0%| F|  |TAMS 0x00000000e6f00000, 0x00000000e6f00000| Untracked 
| 112|0x00000000e7000000, 0x00000000e7100000, 0x00000000e7100000|100%| O|  |TAMS 0x00000000e7100000, 0x00000000e7000000| Untracked 
| 113|0x00000000e7100000, 0x00000000e7100000, 0x00000000e7200000|  0%| F|  |TAMS 0x00000000e7100000, 0x00000000e7100000| Untracked 
| 114|0x00000000e7200000, 0x00000000e7200000, 0x00000000e7300000|  0%| F|  |TAMS 0x00000000e7200000, 0x00000000e7200000| Untracked 
| 115|0x00000000e7300000, 0x00000000e7300000, 0x00000000e7400000|  0%| F|  |TAMS 0x00000000e7300000, 0x00000000e7300000| Untracked 
| 116|0x00000000e7400000, 0x00000000e7400000, 0x00000000e7500000|  0%| F|  |TAMS 0x00000000e7400000, 0x00000000e7400000| Untracked 
| 117|0x00000000e7500000, 0x00000000e7500000, 0x00000000e7600000|  0%| F|  |TAMS 0x00000000e7500000, 0x00000000e7500000| Untracked 
| 118|0x00000000e7600000, 0x00000000e7600000, 0x00000000e7700000|  0%| F|  |TAMS 0x00000000e7600000, 0x00000000e7600000| Untracked 
| 119|0x00000000e7700000, 0x00000000e7700000, 0x00000000e7800000|  0%| F|  |TAMS 0x00000000e7700000, 0x00000000e7700000| Untracked 
| 120|0x00000000e7800000, 0x00000000e7800000, 0x00000000e7900000|  0%| F|  |TAMS 0x00000000e7800000, 0x00000000e7800000| Untracked 
| 121|0x00000000e7900000, 0x00000000e7900000, 0x00000000e7a00000|  0%| F|  |TAMS 0x00000000e7900000, 0x00000000e7900000| Untracked 
| 122|0x00000000e7a00000, 0x00000000e7a00000, 0x00000000e7b00000|  0%| F|  |TAMS 0x00000000e7a00000, 0x00000000e7a00000| Untracked 
| 123|0x00000000e7b00000, 0x00000000e7b00000, 0x00000000e7c00000|  0%| F|  |TAMS 0x00000000e7b00000, 0x00000000e7b00000| Untracked 
| 124|0x00000000e7c00000, 0x00000000e7c00000, 0x00000000e7d00000|  0%| F|  |TAMS 0x00000000e7c00000, 0x00000000e7c00000| Untracked 
| 125|0x00000000e7d00000, 0x00000000e7d00000, 0x00000000e7e00000|  0%| F|  |TAMS 0x00000000e7d00000, 0x00000000e7d00000| Untracked 
| 126|0x00000000e7e00000, 0x00000000e7e00000, 0x00000000e7f00000|  0%| F|  |TAMS 0x00000000e7e00000, 0x00000000e7e00000| Untracked 
| 127|0x00000000e7f00000, 0x00000000e7f00000, 0x00000000e8000000|  0%| F|  |TAMS 0x00000000e7f00000, 0x00000000e7f00000| Untracked 
| 128|0x00000000e8000000, 0x00000000e8000000, 0x00000000e8100000|  0%| F|  |TAMS 0x00000000e8000000, 0x00000000e8000000| Untracked 
| 129|0x00000000e8100000, 0x00000000e8100000, 0x00000000e8200000|  0%| F|  |TAMS 0x00000000e8100000, 0x00000000e8100000| Untracked 
| 130|0x00000000e8200000, 0x00000000e8200000, 0x00000000e8300000|  0%| F|  |TAMS 0x00000000e8200000, 0x00000000e8200000| Untracked 
| 131|0x00000000e8300000, 0x00000000e8300000, 0x00000000e8400000|  0%| F|  |TAMS 0x00000000e8300000, 0x00000000e8300000| Untracked 
| 132|0x00000000e8400000, 0x00000000e8400000, 0x00000000e8500000|  0%| F|  |TAMS 0x00000000e8400000, 0x00000000e8400000| Untracked 
| 133|0x00000000e8500000, 0x00000000e8500000, 0x00000000e8600000|  0%| F|  |TAMS 0x00000000e8500000, 0x00000000e8500000| Untracked 
| 134|0x00000000e8600000, 0x00000000e8600000, 0x00000000e8700000|  0%| F|  |TAMS 0x00000000e8600000, 0x00000000e8600000| Untracked 
| 135|0x00000000e8700000, 0x00000000e8700000, 0x00000000e8800000|  0%| F|  |TAMS 0x00000000e8700000, 0x00000000e8700000| Untracked 
| 136|0x00000000e8800000, 0x00000000e8800000, 0x00000000e8900000|  0%| F|  |TAMS 0x00000000e8800000, 0x00000000e8800000| Untracked 
| 137|0x00000000e8900000, 0x00000000e8900000, 0x00000000e8a00000|  0%| F|  |TAMS 0x00000000e8900000, 0x00000000e8900000| Untracked 
| 138|0x00000000e8a00000, 0x00000000e8a00000, 0x00000000e8b00000|  0%| F|  |TAMS 0x00000000e8a00000, 0x00000000e8a00000| Untracked 
| 139|0x00000000e8b00000, 0x00000000e8b00000, 0x00000000e8c00000|  0%| F|  |TAMS 0x00000000e8b00000, 0x00000000e8b00000| Untracked 
| 140|0x00000000e8c00000, 0x00000000e8c00000, 0x00000000e8d00000|  0%| F|  |TAMS 0x00000000e8c00000, 0x00000000e8c00000| Untracked 
| 141|0x00000000e8d00000, 0x00000000e8d00000, 0x00000000e8e00000|  0%| F|  |TAMS 0x00000000e8d00000, 0x00000000e8d00000| Untracked 
| 142|0x00000000e8e00000, 0x00000000e8e00000, 0x00000000e8f00000|  0%| F|  |TAMS 0x00000000e8e00000, 0x00000000e8e00000| Untracked 
| 143|0x00000000e8f00000, 0x00000000e8f00000, 0x00000000e9000000|  0%| F|  |TAMS 0x00000000e8f00000, 0x00000000e8f00000| Untracked 
| 144|0x00000000e9000000, 0x00000000e9000000, 0x00000000e9100000|  0%| F|  |TAMS 0x00000000e9000000, 0x00000000e9000000| Untracked 
| 145|0x00000000e9100000, 0x00000000e9100000, 0x00000000e9200000|  0%| F|  |TAMS 0x00000000e9100000, 0x00000000e9100000| Untracked 
| 146|0x00000000e9200000, 0x00000000e9200000, 0x00000000e9300000|  0%| F|  |TAMS 0x00000000e9200000, 0x00000000e9200000| Untracked 
| 147|0x00000000e9300000, 0x00000000e9300000, 0x00000000e9400000|  0%| F|  |TAMS 0x00000000e9300000, 0x00000000e9300000| Untracked 
| 148|0x00000000e9400000, 0x00000000e9400000, 0x00000000e9500000|  0%| F|  |TAMS 0x00000000e9400000, 0x00000000e9400000| Untracked 
| 149|0x00000000e9500000, 0x00000000e9500000, 0x00000000e9600000|  0%| F|  |TAMS 0x00000000e9500000, 0x00000000e9500000| Untracked 
| 150|0x00000000e9600000, 0x00000000e9600000, 0x00000000e9700000|  0%| F|  |TAMS 0x00000000e9600000, 0x00000000e9600000| Untracked 
| 151|0x00000000e9700000, 0x00000000e9700000, 0x00000000e9800000|  0%| F|  |TAMS 0x00000000e9700000, 0x00000000e9700000| Untracked 
| 152|0x00000000e9800000, 0x00000000e9800000, 0x00000000e9900000|  0%| F|  |TAMS 0x00000000e9800000, 0x00000000e9800000| Untracked 
| 153|0x00000000e9900000, 0x00000000e9900000, 0x00000000e9a00000|  0%| F|  |TAMS 0x00000000e9900000, 0x00000000e9900000| Untracked 
| 154|0x00000000e9a00000, 0x00000000e9a00000, 0x00000000e9b00000|  0%| F|  |TAMS 0x00000000e9a00000, 0x00000000e9a00000| Untracked 
| 155|0x00000000e9b00000, 0x00000000e9b00000, 0x00000000e9c00000|  0%| F|  |TAMS 0x00000000e9b00000, 0x00000000e9b00000| Untracked 
| 156|0x00000000e9c00000, 0x00000000e9c00000, 0x00000000e9d00000|  0%| F|  |TAMS 0x00000000e9c00000, 0x00000000e9c00000| Untracked 
| 157|0x00000000e9d00000, 0x00000000e9d00000, 0x00000000e9e00000|  0%| F|  |TAMS 0x00000000e9d00000, 0x00000000e9d00000| Untracked 
| 158|0x00000000e9e00000, 0x00000000e9e00000, 0x00000000e9f00000|  0%| F|  |TAMS 0x00000000e9e00000, 0x00000000e9e00000| Untracked 
| 159|0x00000000e9f00000, 0x00000000e9f00000, 0x00000000ea000000|  0%| F|  |TAMS 0x00000000e9f00000, 0x00000000e9f00000| Untracked 
| 160|0x00000000ea000000, 0x00000000ea000000, 0x00000000ea100000|  0%| F|  |TAMS 0x00000000ea000000, 0x00000000ea000000| Untracked 
| 161|0x00000000ea100000, 0x00000000ea100000, 0x00000000ea200000|  0%| F|  |TAMS 0x00000000ea100000, 0x00000000ea100000| Untracked 
| 162|0x00000000ea200000, 0x00000000ea200000, 0x00000000ea300000|  0%| F|  |TAMS 0x00000000ea200000, 0x00000000ea200000| Untracked 
| 163|0x00000000ea300000, 0x00000000ea300000, 0x00000000ea400000|  0%| F|  |TAMS 0x00000000ea300000, 0x00000000ea300000| Untracked 
| 164|0x00000000ea400000, 0x00000000ea400000, 0x00000000ea500000|  0%| F|  |TAMS 0x00000000ea400000, 0x00000000ea400000| Untracked 
| 165|0x00000000ea500000, 0x00000000ea500000, 0x00000000ea600000|  0%| F|  |TAMS 0x00000000ea500000, 0x00000000ea500000| Untracked 
| 166|0x00000000ea600000, 0x00000000ea600000, 0x00000000ea700000|  0%| F|  |TAMS 0x00000000ea600000, 0x00000000ea600000| Untracked 
| 167|0x00000000ea700000, 0x00000000ea700000, 0x00000000ea800000|  0%| F|  |TAMS 0x00000000ea700000, 0x00000000ea700000| Untracked 
| 168|0x00000000ea800000, 0x00000000ea800000, 0x00000000ea900000|  0%| F|  |TAMS 0x00000000ea800000, 0x00000000ea800000| Untracked 
| 169|0x00000000ea900000, 0x00000000ea900000, 0x00000000eaa00000|  0%| F|  |TAMS 0x00000000ea900000, 0x00000000ea900000| Untracked 
| 170|0x00000000eaa00000, 0x00000000eaa00000, 0x00000000eab00000|  0%| F|  |TAMS 0x00000000eaa00000, 0x00000000eaa00000| Untracked 
| 171|0x00000000eab00000, 0x00000000eab00000, 0x00000000eac00000|  0%| F|  |TAMS 0x00000000eab00000, 0x00000000eab00000| Untracked 
| 172|0x00000000eac00000, 0x00000000eac00000, 0x00000000ead00000|  0%| F|  |TAMS 0x00000000eac00000, 0x00000000eac00000| Untracked 
| 173|0x00000000ead00000, 0x00000000ead00000, 0x00000000eae00000|  0%| F|  |TAMS 0x00000000ead00000, 0x00000000ead00000| Untracked 
| 174|0x00000000eae00000, 0x00000000eae00000, 0x00000000eaf00000|  0%| F|  |TAMS 0x00000000eae00000, 0x00000000eae00000| Untracked 
| 175|0x00000000eaf00000, 0x00000000eaf00000, 0x00000000eb000000|  0%| F|  |TAMS 0x00000000eaf00000, 0x00000000eaf00000| Untracked 
| 176|0x00000000eb000000, 0x00000000eb000000, 0x00000000eb100000|  0%| F|  |TAMS 0x00000000eb000000, 0x00000000eb000000| Untracked 
| 177|0x00000000eb100000, 0x00000000eb100000, 0x00000000eb200000|  0%| F|  |TAMS 0x00000000eb100000, 0x00000000eb100000| Untracked 
| 178|0x00000000eb200000, 0x00000000eb200000, 0x00000000eb300000|  0%| F|  |TAMS 0x00000000eb200000, 0x00000000eb200000| Untracked 
| 179|0x00000000eb300000, 0x00000000eb300000, 0x00000000eb400000|  0%| F|  |TAMS 0x00000000eb300000, 0x00000000eb300000| Untracked 
| 180|0x00000000eb400000, 0x00000000eb400000, 0x00000000eb500000|  0%| F|  |TAMS 0x00000000eb400000, 0x00000000eb400000| Untracked 
| 181|0x00000000eb500000, 0x00000000eb500000, 0x00000000eb600000|  0%| F|  |TAMS 0x00000000eb500000, 0x00000000eb500000| Untracked 
| 182|0x00000000eb600000, 0x00000000eb600000, 0x00000000eb700000|  0%| F|  |TAMS 0x00000000eb600000, 0x00000000eb600000| Untracked 
| 183|0x00000000eb700000, 0x00000000eb7f15b8, 0x00000000eb800000| 94%| S|CS|TAMS 0x00000000eb700000, 0x00000000eb700000| Complete 
| 184|0x00000000eb800000, 0x00000000eb800000, 0x00000000eb900000|  0%| F|  |TAMS 0x00000000eb800000, 0x00000000eb800000| Untracked 
| 185|0x00000000eb900000, 0x00000000eb900000, 0x00000000eba00000|  0%| F|  |TAMS 0x00000000eb900000, 0x00000000eb900000| Untracked 
| 186|0x00000000eba00000, 0x00000000eba00000, 0x00000000ebb00000|  0%| F|  |TAMS 0x00000000eba00000, 0x00000000eba00000| Untracked 
| 187|0x00000000ebb00000, 0x00000000ebb00000, 0x00000000ebc00000|  0%| F|  |TAMS 0x00000000ebb00000, 0x00000000ebb00000| Untracked 
| 188|0x00000000ebc00000, 0x00000000ebc00000, 0x00000000ebd00000|  0%| F|  |TAMS 0x00000000ebc00000, 0x00000000ebc00000| Untracked 
| 189|0x00000000ebd00000, 0x00000000ebd00000, 0x00000000ebe00000|  0%| F|  |TAMS 0x00000000ebd00000, 0x00000000ebd00000| Untracked 
| 190|0x00000000ebe00000, 0x00000000ebe00000, 0x00000000ebf00000|  0%| F|  |TAMS 0x00000000ebe00000, 0x00000000ebe00000| Untracked 
| 191|0x00000000ebf00000, 0x00000000ebf00000, 0x00000000ec000000|  0%| F|  |TAMS 0x00000000ebf00000, 0x00000000ebf00000| Untracked 
| 192|0x00000000ec000000, 0x00000000ec000000, 0x00000000ec100000|  0%| F|  |TAMS 0x00000000ec000000, 0x00000000ec000000| Untracked 
| 193|0x00000000ec100000, 0x00000000ec100000, 0x00000000ec200000|  0%| F|  |TAMS 0x00000000ec100000, 0x00000000ec100000| Untracked 
| 194|0x00000000ec200000, 0x00000000ec2dffd0, 0x00000000ec300000| 87%| E|  |TAMS 0x00000000ec200000, 0x00000000ec200000| Complete 
| 195|0x00000000ec300000, 0x00000000ec400000, 0x00000000ec400000|100%| E|CS|TAMS 0x00000000ec300000, 0x00000000ec300000| Complete 

Card table byte_map: [0x00000149aff70000,0x00000149b0070000] _byte_map_base: 0x00000149af870000

Marking Bits (Prev, Next): (CMBitMap*) 0x000001499b77adb8, (CMBitMap*) 0x000001499b77adf0
 Prev Bits: [0x00000149b0170000, 0x00000149b0970000)
 Next Bits: [0x00000149b0970000, 0x00000149b1170000)

Polling page: 0x000001499b830000

Metaspace:

Usage:
  Non-class:     94.35 MB capacity,    92.80 MB ( 98%) used,     1.26 MB (  1%) free+waste,   288.00 KB ( <1%) overhead. 
      Class:     13.80 MB capacity,    12.98 MB ( 94%) used,   722.09 KB (  5%) free+waste,   124.13 KB ( <1%) overhead. 
       Both:    108.15 MB capacity,   105.78 MB ( 98%) used,     1.97 MB (  2%) free+waste,   412.13 KB ( <1%) overhead. 

Virtual space:
  Non-class space:       96.00 MB reserved,      94.37 MB ( 98%) committed 
      Class space:        1.00 GB reserved,      13.88 MB (  1%) committed 
             Both:        1.09 GB reserved,     108.25 MB ( 10%) committed 

Chunk freelists:
   Non-Class:  22.00 KB
       Class:  10.00 KB
        Both:  32.00 KB

MaxMetaspaceSize: 17179869184.00 GB
CompressedClassSpaceSize: 1.00 GB

CodeHeap 'non-profiled nmethods': size=120064Kb used=10750Kb max_used=10750Kb free=109313Kb
 bounds [0x00000149a8530000, 0x00000149a8fc0000, 0x00000149afa70000]
CodeHeap 'profiled nmethods': size=120000Kb used=36967Kb max_used=37425Kb free=83032Kb
 bounds [0x00000149a1000000, 0x00000149a34c0000, 0x00000149a8530000]
CodeHeap 'non-nmethods': size=5696Kb used=2307Kb max_used=2349Kb free=3388Kb
 bounds [0x00000149a0a70000, 0x00000149a0ce0000, 0x00000149a1000000]
 total_blobs=16908 nmethods=15977 adapters=842
 compilation: enabled
              stopped_count=0, restarted_count=0
 full_count=0

Compilation events (20 events):
Event: 265.414 Thread 0x00000149b3d53000 16946       2       java.lang.management.ManagementFactory$PlatformMBeanFinder::findFirst (52 bytes)
Event: 265.426 Thread 0x00000149b3d53000 nmethod 16946 0x00000149a149a590 code [0x00000149a149a7c0, 0x00000149a149aca8]
Event: 265.428 Thread 0x00000149b3d53000 16948 %     3       org.objectweb.asm.AnnotationWriter::computeAnnotationsSize @ 18 (42 bytes)
Event: 265.434 Thread 0x00000149b3d53000 nmethod 16948% 0x00000149a148cd10 code [0x00000149a148cee0, 0x00000149a148d168]
Event: 265.434 Thread 0x00000149b3d53000 16947       2       java.lang.management.ManagementFactory$PlatformMBeanFinder$$Lambda$60/0x0000000100162440::get$Lambda (9 bytes)
Event: 265.435 Thread 0x00000149b3d53000 nmethod 16947 0x00000149a141fb10 code [0x00000149a141fcc0, 0x00000149a141fe38]
Event: 265.461 Thread 0x00000149b3d53000 16949 %     3       org.objectweb.asm.ClassWriter::toByteArray @ 748 (1360 bytes)
Event: 265.485 Thread 0x00000149b3d53000 nmethod 16949% 0x00000149a1ad0010 code [0x00000149a1ad08a0, 0x00000149a1ad4198]
Event: 266.661 Thread 0x00000149b3d51000 nmethod 16784% 0x00000149a8fa2a90 code [0x00000149a8fa3300, 0x00000149a8faaa18]
Event: 266.663 Thread 0x00000149b3d51000 16818       4       org.objectweb.asm.SymbolTable::put (150 bytes)
Event: 266.703 Thread 0x00000149b3d51000 nmethod 16818 0x00000149a8fb1a90 code [0x00000149a8fb1c40, 0x00000149a8fb23d8]
Event: 266.703 Thread 0x00000149b3d51000 16950       4       org.objectweb.asm.ClassReader::readCode (5089 bytes)
Event: 266.858 Thread 0x00000149b3d53000 16953 %     3       org.objectweb.asm.AnnotationWriter::putParameterAnnotations @ 91 (173 bytes)
Event: 266.860 Thread 0x00000149b3d53000 nmethod 16953% 0x00000149a14a9690 code [0x00000149a14a98e0, 0x00000149a14aa0a8]
Event: 266.871 Thread 0x00000149b3d53000 16954       3       org.objectweb.asm.AnnotationWriter::computeAnnotationsSize (42 bytes)
Event: 266.872 Thread 0x00000149b3d53000 nmethod 16954 0x00000149a14a9110 code [0x00000149a14a92e0, 0x00000149a14a9528]
Event: 266.915 Thread 0x00000149b3d53000 16956       2       java.lang.StringUTF16::indexOfLatin1 (24 bytes)
Event: 266.915 Thread 0x00000149b3d53000 nmethod 16956 0x00000149a14a8c10 code [0x00000149a14a8de0, 0x00000149a14a8f68]
Event: 267.208 Thread 0x00000149b3d53000 16958       1       com.android.tools.build.jetifier.processor.archive.ArchiveFile::getWasChanged (5 bytes)
Event: 267.208 Thread 0x00000149b3d53000 nmethod 16958 0x00000149a8788390 code [0x00000149a8788540, 0x00000149a87885f8]

GC Heap History (20 events):
Event: 248.654 GC heap before
{Heap before GC invocations=260 (full 0):
 garbage-first heap   total 200704K, used 131779K [0x00000000e0000000, 0x0000000100000000)
  region size 1024K, 34 young (34816K), 3 survivors (3072K)
 Metaspace       used 107713K, capacity 110070K, committed 110332K, reserved 1144832K
  class space    used 13259K, capacity 14099K, committed 14208K, reserved 1048576K
}
Event: 248.676 GC heap after
{Heap after GC invocations=261 (full 0):
 garbage-first heap   total 200704K, used 101701K [0x00000000e0000000, 0x0000000100000000)
  region size 1024K, 4 young (4096K), 4 survivors (4096K)
 Metaspace       used 107713K, capacity 110070K, committed 110332K, reserved 1144832K
  class space    used 13259K, capacity 14099K, committed 14208K, reserved 1048576K
}
Event: 256.229 GC heap before
{Heap before GC invocations=261 (full 0):
 garbage-first heap   total 200704K, used 161093K [0x00000000e0000000, 0x0000000100000000)
  region size 1024K, 55 young (56320K), 4 survivors (4096K)
 Metaspace       used 108122K, capacity 110486K, committed 110588K, reserved 1146880K
  class space    used 13276K, capacity 14131K, committed 14208K, reserved 1048576K
}
Event: 256.309 GC heap after
{Heap after GC invocations=262 (full 0):
 garbage-first heap   total 200704K, used 108699K [0x00000000e0000000, 0x0000000100000000)
  region size 1024K, 7 young (7168K), 7 survivors (7168K)
 Metaspace       used 108122K, capacity 110486K, committed 110588K, reserved 1146880K
  class space    used 13276K, capacity 14131K, committed 14208K, reserved 1048576K
}
Event: 256.770 GC heap before
{Heap before GC invocations=262 (full 0):
 garbage-first heap   total 200704K, used 157851K [0x00000000e0000000, 0x0000000100000000)
  region size 1024K, 55 young (56320K), 7 survivors (7168K)
 Metaspace       used 108140K, capacity 110486K, committed 110588K, reserved 1146880K
  class space    used 13276K, capacity 14131K, committed 14208K, reserved 1048576K
}
Event: 256.806 GC heap after
{Heap after GC invocations=263 (full 0):
 garbage-first heap   total 200704K, used 112640K [0x00000000e0000000, 0x0000000100000000)
  region size 1024K, 4 young (4096K), 4 survivors (4096K)
 Metaspace       used 108140K, capacity 110486K, committed 110588K, reserved 1146880K
  class space    used 13276K, capacity 14131K, committed 14208K, reserved 1048576K
}
Event: 257.928 GC heap before
{Heap before GC invocations=263 (full 0):
 garbage-first heap   total 200704K, used 162816K [0x00000000e0000000, 0x0000000100000000)
  region size 1024K, 53 young (54272K), 4 survivors (4096K)
 Metaspace       used 108193K, capacity 110550K, committed 110844K, reserved 1146880K
  class space    used 13280K, capacity 14131K, committed 14208K, reserved 1048576K
}
Event: 257.942 GC heap after
{Heap after GC invocations=264 (full 0):
 garbage-first heap   total 200704K, used 112314K [0x00000000e0000000, 0x0000000100000000)
  region size 1024K, 1 young (1024K), 1 survivors (1024K)
 Metaspace       used 108193K, capacity 110550K, committed 110844K, reserved 1146880K
  class space    used 13280K, capacity 14131K, committed 14208K, reserved 1048576K
}
Event: 258.789 GC heap before
{Heap before GC invocations=264 (full 0):
 garbage-first heap   total 200704K, used 162490K [0x00000000e0000000, 0x0000000100000000)
  region size 1024K, 51 young (52224K), 1 survivors (1024K)
 Metaspace       used 108252K, capacity 110614K, committed 110844K, reserved 1146880K
  class space    used 13280K, capacity 14131K, committed 14208K, reserved 1048576K
}
Event: 258.895 GC heap after
{Heap after GC invocations=265 (full 0):
 garbage-first heap   total 200704K, used 115405K [0x00000000e0000000, 0x0000000100000000)
  region size 1024K, 4 young (4096K), 4 survivors (4096K)
 Metaspace       used 108252K, capacity 110614K, committed 110844K, reserved 1146880K
  class space    used 13280K, capacity 14131K, committed 14208K, reserved 1048576K
}
Event: 263.924 GC heap before
{Heap before GC invocations=266 (full 0):
 garbage-first heap   total 200704K, used 164606K [0x00000000e0000000, 0x0000000100000000)
  region size 1024K, 54 young (55296K), 4 survivors (4096K)
 Metaspace       used 108246K, capacity 110599K, committed 110844K, reserved 1146880K
  class space    used 13279K, capacity 14128K, committed 14208K, reserved 1048576K
}
Event: 265.154 GC heap after
{Heap after GC invocations=267 (full 0):
 garbage-first heap   total 200704K, used 111265K [0x00000000e0000000, 0x0000000100000000)
  region size 1024K, 2 young (2048K), 2 survivors (2048K)
 Metaspace       used 108246K, capacity 110599K, committed 110844K, reserved 1146880K
  class space    used 13279K, capacity 14128K, committed 14208K, reserved 1048576K
}
Event: 265.551 GC heap before
{Heap before GC invocations=267 (full 0):
 garbage-first heap   total 200704K, used 118433K [0x00000000e0000000, 0x0000000100000000)
  region size 1024K, 9 young (9216K), 2 survivors (2048K)
 Metaspace       used 108250K, capacity 110601K, committed 110844K, reserved 1146880K
  class space    used 13279K, capacity 14128K, committed 14208K, reserved 1048576K
}
Event: 266.552 GC heap after
{Heap after GC invocations=268 (full 0):
 garbage-first heap   total 200704K, used 105976K [0x00000000e0000000, 0x0000000100000000)
  region size 1024K, 1 young (1024K), 1 survivors (1024K)
 Metaspace       used 108250K, capacity 110601K, committed 110844K, reserved 1146880K
  class space    used 13279K, capacity 14128K, committed 14208K, reserved 1048576K
}
Event: 266.838 GC heap before
{Heap before GC invocations=268 (full 0):
 garbage-first heap   total 200704K, used 114168K [0x00000000e0000000, 0x0000000100000000)
  region size 1024K, 9 young (9216K), 1 survivors (1024K)
 Metaspace       used 108250K, capacity 110601K, committed 110844K, reserved 1146880K
  class space    used 13279K, capacity 14128K, committed 14208K, reserved 1048576K
}
Event: 266.846 GC heap after
{Heap after GC invocations=269 (full 0):
 garbage-first heap   total 200704K, used 105557K [0x00000000e0000000, 0x0000000100000000)
  region size 1024K, 1 young (1024K), 1 survivors (1024K)
 Metaspace       used 108250K, capacity 110601K, committed 110844K, reserved 1146880K
  class space    used 13279K, capacity 14128K, committed 14208K, reserved 1048576K
}
Event: 266.942 GC heap before
{Heap before GC invocations=269 (full 0):
 garbage-first heap   total 200704K, used 113749K [0x00000000e0000000, 0x0000000100000000)
  region size 1024K, 9 young (9216K), 1 survivors (1024K)
 Metaspace       used 108250K, capacity 110601K, committed 110844K, reserved 1146880K
  class space    used 13279K, capacity 14128K, committed 14208K, reserved 1048576K
}
Event: 267.064 GC heap after
{Heap after GC invocations=270 (full 0):
 garbage-first heap   total 200704K, used 105661K [0x00000000e0000000, 0x0000000100000000)
  region size 1024K, 1 young (1024K), 1 survivors (1024K)
 Metaspace       used 108250K, capacity 110601K, committed 110844K, reserved 1146880K
  class space    used 13279K, capacity 14128K, committed 14208K, reserved 1048576K
}
Event: 267.158 GC heap before
{Heap before GC invocations=270 (full 0):
 garbage-first heap   total 200704K, used 113853K [0x00000000e0000000, 0x0000000100000000)
  region size 1024K, 9 young (9216K), 1 survivors (1024K)
 Metaspace       used 108250K, capacity 110601K, committed 110844K, reserved 1146880K
  class space    used 13279K, capacity 14128K, committed 14208K, reserved 1048576K
}
Event: 267.163 GC heap after
{Heap after GC invocations=271 (full 0):
 garbage-first heap   total 200704K, used 106095K [0x00000000e0000000, 0x0000000100000000)
  region size 1024K, 2 young (2048K), 2 survivors (2048K)
 Metaspace       used 108250K, capacity 110601K, committed 110844K, reserved 1146880K
  class space    used 13279K, capacity 14128K, committed 14208K, reserved 1048576K
}

Deoptimization events (20 events):
Event: 258.267 Thread 0x00000149b6287000 DEOPT PACKING pc=0x00000149a857a6e4 sp=0x000000456edfa950
Event: 258.267 Thread 0x00000149b6287000 DEOPT UNPACKING pc=0x00000149a0a96029 sp=0x000000456edfa8b8 mode 2
Event: 258.267 Thread 0x00000149b6287000 Uncommon trap: trap_request=0xffffff4d fr.pc=0x00000149a8f65278 relative=0x00000000000001b8
Event: 258.267 Thread 0x00000149b6287000 Uncommon trap: reason=unstable_if action=reinterpret pc=0x00000149a8f65278 method=java.lang.String.indexOf(II)I @ 4 c2
Event: 258.267 Thread 0x00000149b6287000 DEOPT PACKING pc=0x00000149a8f65278 sp=0x000000456edfa790
Event: 258.267 Thread 0x00000149b6287000 DEOPT UNPACKING pc=0x00000149a0a96029 sp=0x000000456edfa6a0 mode 2
Event: 258.268 Thread 0x00000149b6287000 Uncommon trap: trap_request=0xffffff4d fr.pc=0x00000149a855bac0 relative=0x00000000000001a0
Event: 258.268 Thread 0x00000149b6287000 Uncommon trap: reason=unstable_if action=reinterpret pc=0x00000149a855bac0 method=java.lang.String.indexOf(II)I @ 4 c2
Event: 258.268 Thread 0x00000149b6287000 DEOPT PACKING pc=0x00000149a855bac0 sp=0x000000456edfa6e0
Event: 258.268 Thread 0x00000149b6287000 DEOPT UNPACKING pc=0x00000149a0a96029 sp=0x000000456edfa690 mode 2
Event: 263.500 Thread 0x00000149b6287000 DEOPT PACKING pc=0x00000149a129425a sp=0x000000456edfab50
Event: 263.500 Thread 0x00000149b6287000 DEOPT UNPACKING pc=0x00000149a0a9643f sp=0x000000456edfa0b0 mode 0
Event: 263.564 Thread 0x00000149b6287000 DEOPT PACKING pc=0x00000149a13bc8a2 sp=0x000000456edfb100
Event: 263.566 Thread 0x00000149b6287000 DEOPT UNPACKING pc=0x00000149a0a9643f sp=0x000000456edfa5a0 mode 0
Event: 266.672 Thread 0x00000149b6287000 DEOPT PACKING pc=0x00000149a349ea60 sp=0x000000456edfab50
Event: 266.672 Thread 0x00000149b6287000 DEOPT UNPACKING pc=0x00000149a0a9643f sp=0x000000456edfa1c0 mode 0
Event: 266.712 Thread 0x00000149b6287000 DEOPT PACKING pc=0x00000149a349ea60 sp=0x000000456edfab50
Event: 266.712 Thread 0x00000149b6287000 DEOPT UNPACKING pc=0x00000149a0a9643f sp=0x000000456edfa1c0 mode 0
Event: 267.157 Thread 0x00000149b6287000 DEOPT PACKING pc=0x00000149a349ea60 sp=0x000000456edfab50
Event: 267.157 Thread 0x00000149b6287000 DEOPT UNPACKING pc=0x00000149a0a9643f sp=0x000000456edfa1c0 mode 0

Classes redefined (0 events):
No events

Internal exceptions (20 events):
Event: 191.332 Thread 0x00000149b593f800 Exception <a 'java/lang/NoSuchMethodError'{0x00000000ec0fe4b0}: 'java.lang.Object java.lang.invoke.Invokers$Holder.linkToTargetMethod(long, java.lang.Object)'> (0x00000000ec0fe4b0) thrown at [./src/hotspot/share/interpreter/linkResolver.cpp, line 773]
Event: 191.335 Thread 0x00000149b593f800 Exception <a 'java/lang/NoSuchMethodError'{0x00000000ebf087d8}: 'java.lang.Object java.lang.invoke.DirectMethodHandle$Holder.invokeStaticInit(java.lang.Object, java.lang.Object, long, java.lang.Object)'> (0x00000000ebf087d8) thrown at [./src/hotspot/share/interpreter/linkResolver.cpp, line 773]
Event: 191.337 Thread 0x00000149b593f800 Exception <a 'java/lang/NoSuchMethodError'{0x00000000ebf0feb0}: 'java.lang.Object java.lang.invoke.DirectMethodHandle$Holder.invokeStatic(java.lang.Object, java.lang.Object, long)'> (0x00000000ebf0feb0) thrown at [./src/hotspot/share/interpreter/linkResolver.cpp, line 773]
Event: 191.338 Thread 0x00000149b593f800 Exception <a 'java/lang/NoSuchMethodError'{0x00000000ebf17968}: 'java.lang.Object java.lang.invoke.Invokers$Holder.linkToTargetMethod(java.lang.Object, long, java.lang.Object)'> (0x00000000ebf17968) thrown at [./src/hotspot/share/interpreter/linkResolver.cpp, line 773]
Event: 232.542 Thread 0x00000149b593f800 Exception <a 'java/lang/NoSuchMethodError'{0x00000000eba635e0}: <clinit>> (0x00000000eba635e0) thrown at [./src/hotspot/share/prims/jni.cpp, line 1362]
Event: 232.648 Thread 0x00000149b593f800 Exception <a 'java/lang/NoSuchMethodError'{0x00000000eba653a0}: <clinit>> (0x00000000eba653a0) thrown at [./src/hotspot/share/prims/jni.cpp, line 1362]
Event: 232.649 Thread 0x00000149b593f800 Exception <a 'java/lang/NoSuchMethodError'{0x00000000eba682f8}: <clinit>> (0x00000000eba682f8) thrown at [./src/hotspot/share/prims/jni.cpp, line 1362]
Event: 232.652 Thread 0x00000149b593f800 Exception <a 'java/lang/NoSuchMethodError'{0x00000000eba90100}: <clinit>> (0x00000000eba90100) thrown at [./src/hotspot/share/prims/jni.cpp, line 1362]
Event: 232.653 Thread 0x00000149b593f800 Exception <a 'java/lang/NoSuchMethodError'{0x00000000eba91dd8}: <clinit>> (0x00000000eba91dd8) thrown at [./src/hotspot/share/prims/jni.cpp, line 1362]
Event: 232.771 Thread 0x00000149b593f800 Exception <a 'sun/nio/fs/WindowsException'{0x00000000eb903428}> (0x00000000eb903428) thrown at [./src/hotspot/share/prims/jni.cpp, line 615]
Event: 232.771 Thread 0x00000149b593f800 Exception <a 'sun/nio/fs/WindowsException'{0x00000000eb904ad8}> (0x00000000eb904ad8) thrown at [./src/hotspot/share/prims/jni.cpp, line 615]
Event: 232.773 Thread 0x00000149b593f800 Exception <a 'sun/nio/fs/WindowsException'{0x00000000eb904f00}> (0x00000000eb904f00) thrown at [./src/hotspot/share/prims/jni.cpp, line 615]
Event: 232.773 Thread 0x00000149b593f800 Exception <a 'sun/nio/fs/WindowsException'{0x00000000eb9065b0}> (0x00000000eb9065b0) thrown at [./src/hotspot/share/prims/jni.cpp, line 615]
Event: 232.774 Thread 0x00000149b593f800 Exception <a 'sun/nio/fs/WindowsException'{0x00000000eb906898}> (0x00000000eb906898) thrown at [./src/hotspot/share/prims/jni.cpp, line 615]
Event: 232.774 Thread 0x00000149b593f800 Exception <a 'sun/nio/fs/WindowsException'{0x00000000eb907f18}> (0x00000000eb907f18) thrown at [./src/hotspot/share/prims/jni.cpp, line 615]
Event: 233.026 Thread 0x00000149b593f800 Exception <a 'java/lang/NoSuchMethodError'{0x00000000eb9f6ec8}: <clinit>> (0x00000000eb9f6ec8) thrown at [./src/hotspot/share/prims/jni.cpp, line 1362]
Event: 233.035 Thread 0x00000149b593f800 Exception <a 'java/lang/NoSuchMethodError'{0x00000000eb83c998}: <clinit>> (0x00000000eb83c998) thrown at [./src/hotspot/share/prims/jni.cpp, line 1362]
Event: 233.047 Thread 0x00000149b593f800 Exception <a 'java/lang/NoSuchMethodError'{0x00000000eb855f48}: <clinit>> (0x00000000eb855f48) thrown at [./src/hotspot/share/prims/jni.cpp, line 1362]
Event: 234.718 Thread 0x00000149badcf000 Exception <a 'java/lang/NoSuchMethodError'{0x00000000eb14d798}: 'int java.lang.invoke.DirectMethodHandle$Holder.invokeSpecialIFC(java.lang.Object, java.lang.Object, java.lang.Object)'> (0x00000000eb14d798) thrown at [./src/hotspot/share/interpreter/linkResolver.cpp, line 773]
Event: 267.212 Thread 0x00000149b6287000 Exception <a 'sun/nio/fs/WindowsException'{0x00000000ec0831e0}> (0x00000000ec0831e0) thrown at [./src/hotspot/share/prims/jni.cpp, line 615]

Events (20 events):
Event: 257.909 loading class com/android/tools/build/jetifier/processor/transform/bytecode/asm/CustomRemapper$mapValue$1
Event: 257.909 loading class com/android/tools/build/jetifier/processor/transform/bytecode/asm/CustomRemapper$mapValue$1 done
Event: 257.927 Executing VM operation: G1CollectForAllocation
Event: 257.942 Executing VM operation: G1CollectForAllocation done
Event: 258.788 Executing VM operation: G1CollectForAllocation
Event: 258.895 Executing VM operation: G1CollectForAllocation done
Event: 259.902 Executing VM operation: CGC_Operation
Event: 261.350 Executing VM operation: CGC_Operation done
Event: 262.188 Executing VM operation: CGC_Operation
Event: 262.199 Executing VM operation: CGC_Operation done
Event: 263.742 Executing VM operation: G1CollectForAllocation
Event: 265.339 Executing VM operation: G1CollectForAllocation done
Event: 265.493 Executing VM operation: G1CollectForAllocation
Event: 266.630 Executing VM operation: G1CollectForAllocation done
Event: 266.735 Executing VM operation: G1CollectForAllocation
Event: 266.846 Executing VM operation: G1CollectForAllocation done
Event: 266.941 Executing VM operation: G1CollectForAllocation
Event: 267.064 Executing VM operation: G1CollectForAllocation done
Event: 267.157 Executing VM operation: G1CollectForAllocation
Event: 267.163 Executing VM operation: G1CollectForAllocation done


Dynamic libraries:
0x00007ff7b72c0000 - 0x00007ff7b72ca000 	C:\Users\felip\OneDrive\Desktop\android-studio\jre\bin\java.exe
0x00007ffa0ca10000 - 0x00007ffa0cc05000 	C:\Windows\SYSTEM32\ntdll.dll
0x00007ff9eb7a0000 - 0x00007ff9eb7b6000 	C:\Program Files\Avast Software\Avast\aswhook.dll
0x00007ffa0be00000 - 0x00007ffa0bebe000 	C:\Windows\System32\KERNEL32.DLL
0x00007ffa0a2f0000 - 0x00007ffa0a5b8000 	C:\Windows\System32\KERNELBASE.dll
0x00007ffa0a770000 - 0x00007ffa0a870000 	C:\Windows\System32\ucrtbase.dll
0x00007ffa053f0000 - 0x00007ffa05409000 	C:\Users\felip\OneDrive\Desktop\android-studio\jre\bin\jli.dll
0x00007ffa036a0000 - 0x00007ffa036b7000 	C:\Users\felip\OneDrive\Desktop\android-studio\jre\bin\VCRUNTIME140.dll
0x00007ffa0ade0000 - 0x00007ffa0af81000 	C:\Windows\System32\USER32.dll
0x00007ffa0a610000 - 0x00007ffa0a632000 	C:\Windows\System32\win32u.dll
0x00007ff9fa3a0000 - 0x00007ff9fa63a000 	C:\Windows\WinSxS\amd64_microsoft.windows.common-controls_6595b64144ccf1df_6.0.19041.1110_none_60b5254171f9507e\COMCTL32.dll
0x00007ffa0ab80000 - 0x00007ffa0abab000 	C:\Windows\System32\GDI32.dll
0x00007ffa0a1e0000 - 0x00007ffa0a2eb000 	C:\Windows\System32\gdi32full.dll
0x00007ffa0abb0000 - 0x00007ffa0ac4e000 	C:\Windows\System32\msvcrt.dll
0x00007ffa0a640000 - 0x00007ffa0a6dd000 	C:\Windows\System32\msvcp_win.dll
0x00007ffa0bdd0000 - 0x00007ffa0be00000 	C:\Windows\System32\IMM32.DLL
0x00007ff9f7270000 - 0x00007ff9f730d000 	C:\Users\felip\OneDrive\Desktop\android-studio\jre\bin\msvcp140.dll
0x00007ff9ddae0000 - 0x00007ff9de5b5000 	C:\Users\felip\OneDrive\Desktop\android-studio\jre\bin\server\jvm.dll
0x00007ffa0aad0000 - 0x00007ffa0ab7c000 	C:\Windows\System32\ADVAPI32.dll
0x00007ffa0bec0000 - 0x00007ffa0bf5b000 	C:\Windows\System32\sechost.dll
0x00007ffa0bfe0000 - 0x00007ffa0c10a000 	C:\Windows\System32\RPCRT4.dll
0x00007ffa0bf60000 - 0x00007ffa0bf68000 	C:\Windows\System32\PSAPI.DLL
0x00007ff9f32b0000 - 0x00007ff9f32d7000 	C:\Windows\SYSTEM32\WINMM.dll
0x00007ff9fed50000 - 0x00007ff9fed5a000 	C:\Windows\SYSTEM32\VERSION.dll
0x00007ff9fd5d0000 - 0x00007ff9fd5d9000 	C:\Windows\SYSTEM32\WSOCK32.dll
0x00007ffa0bf70000 - 0x00007ffa0bfdb000 	C:\Windows\System32\WS2_32.dll
0x00007ffa07f50000 - 0x00007ffa07f62000 	C:\Windows\SYSTEM32\kernel.appcore.dll
0x00007ff9ffcc0000 - 0x00007ff9ffcd1000 	C:\Users\felip\OneDrive\Desktop\android-studio\jre\bin\verify.dll
0x00007ff9feb60000 - 0x00007ff9fed44000 	C:\Windows\SYSTEM32\DBGHELP.DLL
0x00007ff9fea90000 - 0x00007ff9feabc000 	C:\Windows\SYSTEM32\dbgcore.DLL
0x00007ffa0a6e0000 - 0x00007ffa0a763000 	C:\Windows\System32\bcryptPrimitives.dll
0x00007ff9ffc50000 - 0x00007ff9ffc79000 	C:\Users\felip\OneDrive\Desktop\android-studio\jre\bin\java.dll
0x00007ffa04300000 - 0x00007ffa0430b000 	C:\Users\felip\OneDrive\Desktop\android-studio\jre\bin\jimage.dll
0x00007ff9ffca0000 - 0x00007ff9ffcb8000 	C:\Users\felip\OneDrive\Desktop\android-studio\jre\bin\zip.dll
0x00007ffa0af90000 - 0x00007ffa0b6cf000 	C:\Windows\System32\SHELL32.dll
0x00007ffa08230000 - 0x00007ffa089c0000 	C:\Windows\SYSTEM32\windows.storage.dll
0x00007ffa0c670000 - 0x00007ffa0c9c5000 	C:\Windows\System32\combase.dll
0x00007ffa09ab0000 - 0x00007ffa09ade000 	C:\Windows\SYSTEM32\Wldp.dll
0x00007ffa0ac50000 - 0x00007ffa0acfd000 	C:\Windows\System32\SHCORE.dll
0x00007ffa0c110000 - 0x00007ffa0c165000 	C:\Windows\System32\shlwapi.dll
0x00007ffa0a070000 - 0x00007ffa0a08f000 	C:\Windows\SYSTEM32\profapi.dll
0x00007ff9ffc30000 - 0x00007ff9ffc4a000 	C:\Users\felip\OneDrive\Desktop\android-studio\jre\bin\net.dll
0x00007ff9fe960000 - 0x00007ff9fea6c000 	C:\Windows\SYSTEM32\WINHTTP.dll
0x00007ffa09810000 - 0x00007ffa0987a000 	C:\Windows\system32\mswsock.dll
0x00007ff9ffc10000 - 0x00007ff9ffc24000 	C:\Users\felip\OneDrive\Desktop\android-studio\jre\bin\nio.dll
0x00007ffa036c0000 - 0x00007ffa036e7000 	C:\Users\felip\.gradle\native\8bec1ad78214c89d9ad589b4d07fe93259594b29d510b10fafb7a158f7737e5d\windows-amd64\native-platform.dll
0x00007ff9f4ce0000 - 0x00007ff9f4e1d000 	C:\Users\felip\.gradle\native\53dbd7edfb1c66fb8903c78663c9afc45aea4f116125fa6feffd364cf09443e8\windows-amd64\native-platform-file-events.dll
0x00007ffa040e0000 - 0x00007ffa040ea000 	C:\Users\felip\OneDrive\Desktop\android-studio\jre\bin\management.dll
0x00007ffa03de0000 - 0x00007ffa03ded000 	C:\Users\felip\OneDrive\Desktop\android-studio\jre\bin\management_ext.dll
0x00007ffa09a10000 - 0x00007ffa09a28000 	C:\Windows\SYSTEM32\CRYPTSP.dll
0x00007ffa09190000 - 0x00007ffa091c4000 	C:\Windows\system32\rsaenh.dll
0x00007ffa0aa30000 - 0x00007ffa0aa57000 	C:\Windows\System32\bcrypt.dll
0x00007ffa0a030000 - 0x00007ffa0a05e000 	C:\Windows\SYSTEM32\USERENV.dll
0x00007ffa09a00000 - 0x00007ffa09a0c000 	C:\Windows\SYSTEM32\CRYPTBASE.dll
0x00007ffa09500000 - 0x00007ffa0953b000 	C:\Windows\SYSTEM32\IPHLPAPI.DLL
0x00007ffa0aac0000 - 0x00007ffa0aac8000 	C:\Windows\System32\NSI.dll
0x00007ffa026b0000 - 0x00007ffa026c7000 	C:\Windows\SYSTEM32\dhcpcsvc6.DLL
0x00007ffa03d40000 - 0x00007ffa03d5d000 	C:\Windows\SYSTEM32\dhcpcsvc.DLL
0x00007ffa09540000 - 0x00007ffa0960b000 	C:\Windows\SYSTEM32\DNSAPI.dll
0x00007ffa07a80000 - 0x00007ffa07b10000 	C:\Windows\system32\apphelp.dll
0x00007ffa08e60000 - 0x00007ffa08e93000 	C:\Windows\SYSTEM32\ntmarta.dll

dbghelp: loaded successfully - version: 4.0.5 - missing functions: none
symbol engine: initialized successfully - sym options: 0x614 - pdb path: .;C:\Users\felip\OneDrive\Desktop\android-studio\jre\bin;C:\Windows\SYSTEM32;C:\Program Files\Avast Software\Avast;C:\Windows\WinSxS\amd64_microsoft.windows.common-controls_6595b64144ccf1df_6.0.19041.1110_none_60b5254171f9507e;C:\Users\felip\OneDrive\Desktop\android-studio\jre\bin\server;C:\Users\felip\.gradle\native\8bec1ad78214c89d9ad589b4d07fe93259594b29d510b10fafb7a158f7737e5d\windows-amd64;C:\Users\felip\.gradle\native\53dbd7edfb1c66fb8903c78663c9afc45aea4f116125fa6feffd364cf09443e8\windows-amd64

VM Arguments:
jvm_args: --add-opens=java.base/java.util=ALL-UNNAMED --add-opens=java.base/java.lang=ALL-UNNAMED --add-opens=java.base/java.lang.invoke=ALL-UNNAMED --add-opens=java.base/java.util=ALL-UNNAMED --add-opens=java.prefs/java.util.prefs=ALL-UNNAMED --add-opens=java.prefs/java.util.prefs=ALL-UNNAMED --add-opens=java.base/java.nio.charset=ALL-UNNAMED --add-opens=java.base/java.net=ALL-UNNAMED --add-opens=java.base/java.util.concurrent.atomic=ALL-UNNAMED -Xmx512m -Dfile.encoding=UTF-8 -Duser.country=US -Duser.language=en -Duser.variant 
java_command: org.gradle.launcher.daemon.bootstrap.GradleDaemon 7.0.2
java_class_path (initial): C:\Users\felip\.gradle\wrapper\dists\gradle-7.0.2-bin\857tjihv64xamwrf0h14cai3r\gradle-7.0.2\lib\gradle-launcher-7.0.2.jar
Launcher Type: SUN_STANDARD

[Global flags]
     intx CICompilerCount                          = 2                                         {product} {ergonomic}
     uint ConcGCThreads                            = 1                                         {product} {ergonomic}
     uint G1ConcRefinementThreads                  = 2                                         {product} {ergonomic}
   size_t G1HeapRegionSize                         = 1048576                                   {product} {ergonomic}
    uintx GCDrainStackTargetSize                   = 64                                        {product} {ergonomic}
   size_t InitialHeapSize                          = 67108864                                  {product} {ergonomic}
   size_t MarkStackSize                            = 4194304                                   {product} {ergonomic}
   size_t MaxHeapSize                              = 536870912                                 {product} {command line}
   size_t MaxNewSize                               = 321912832                                 {product} {ergonomic}
   size_t MinHeapDeltaBytes                        = 1048576                                   {product} {ergonomic}
    uintx NonNMethodCodeHeapSize                   = 5825164                                {pd product} {ergonomic}
    uintx NonProfiledCodeHeapSize                  = 122916538                              {pd product} {ergonomic}
    uintx ProfiledCodeHeapSize                     = 122916538                              {pd product} {ergonomic}
    uintx ReservedCodeCacheSize                    = 251658240                              {pd product} {ergonomic}
     bool SegmentedCodeCache                       = true                                      {product} {ergonomic}
     bool UseCompressedClassPointers               = true                                 {lp64_product} {ergonomic}
     bool UseCompressedOops                        = true                                 {lp64_product} {ergonomic}
     bool UseG1GC                                  = true                                      {product} {ergonomic}
     bool UseLargePagesIndividualAllocation        = false                                  {pd product} {ergonomic}

Logging:
Log output configuration:
 #0: stdout all=warning uptime,level,tags
 #1: stderr all=off uptime,level,tags

Environment Variables:
PATH=C:\Program Files\Common Files\Oracle\Java\javapath;C:\Program Files (x86)\Common Files\Oracle\Java\javapath;C:\Windows\system32;C:\Windows;C:\Windows\System32\Wbem;C:\Windows\System32\WindowsPowerShell\v1.0\;C:\Windows\System32\OpenSSH\;C:\ProgramData\chocolatey\bin;C:\Program Files (x86)\Yarn\bin\;C:\Program Files\nodejs\;C:\Program Files\Git\cmd;C:\Users\felip\AppData\Local\Microsoft\WindowsApps;C:\Users\felip\AppData\Local\Programs\Microsoft VS Code\bin;C:\Users\felip\AppData\Local\Yarn\bin;C:\Users\felip\AppData\Local\GitHubDesktop\bin;C:\Users\felip\AppData\Roaming\npm
USERNAME=felip
OS=Windows_NT
PROCESSOR_IDENTIFIER=Intel64 Family 6 Model 23 Stepping 10, GenuineIntel



---------------  S Y S T E M  ---------------

OS: Windows 10 , 64 bit Build 19041 (10.0.19041.1348)
OS uptime: 3 days 22:57 hours

CPU:total 2 (initial active 2) (2 cores per cpu, 1 threads per core) family 6 model 23 stepping 10 microcode 0xa0c, cmov, cx8, fxsr, mmx, sse, sse2, sse3, ssse3, tsc

Memory: 4k page, system-wide physical 4061M (38M free)
TotalPageFile size 4061M (AvailPageFile size 7M)
current process WorkingSet (physical memory assigned to process): 228M, peak: 338M
current process commit charge ("private bytes"): 513M, peak: 515M

vm_info: OpenJDK 64-Bit Server VM (11.0.11+9-b60-7590822) for windows-amd64 JRE (11.0.11+9-b60-7590822), built on Jul 29 2021 21:43:44 by "builder" with MS VC++ 14.0 (VS2015)

END.
