#
# There is insufficient memory for the Java Runtime Environment to continue.
# Native memory allocation (malloc) failed to allocate 1272336 bytes for Chunk::new
# Possible reasons:
#   The system is out of physical RAM or swap space
#   The process is running with CompressedOops enabled, and the Java Heap may be blocking the growth of the native heap
# Possible solutions:
#   Reduce memory load on the system
#   Increase physical memory or swap space
#   Check if swap backing store is full
#   Decrease Java heap size (-Xmx/-Xms)
#   Decrease number of Java threads
#   Decrease Java thread stack sizes (-Xss)
#   Set larger code cache with -XX:ReservedCodeCacheSize=
#   JVM is running with Unscaled Compressed Oops mode in which the Java heap is
#     placed in the first 4GB address space. The Java Heap base address is the
#     maximum limit for the native heap growth. Please use -XX:HeapBaseMinAddress
#     to set the Java Heap base and to place the Java Heap above 4GB virtual address.
# This output file may be truncated or incomplete.
#
#  Out of Memory Error (./src/hotspot/share/memory/arena.cpp:197), pid=6588, tid=7880
#
# JRE version: OpenJDK Runtime Environment (11.0.11+9) (build 11.0.11+9-b60-7590822)
# Java VM: OpenJDK 64-Bit Server VM (11.0.11+9-b60-7590822, mixed mode, tiered, compressed oops, g1 gc, windows-amd64)
# No core dump will be written. Minidumps are not enabled by default on client versions of Windows
#

---------------  S U M M A R Y ------------

Command Line: --add-opens=java.base/java.util=ALL-UNNAMED --add-opens=java.base/java.lang=ALL-UNNAMED --add-opens=java.base/java.lang.invoke=ALL-UNNAMED --add-opens=java.base/java.util=ALL-UNNAMED --add-opens=java.prefs/java.util.prefs=ALL-UNNAMED --add-opens=java.prefs/java.util.prefs=ALL-UNNAMED --add-opens=java.base/java.nio.charset=ALL-UNNAMED --add-opens=java.base/java.net=ALL-UNNAMED --add-opens=java.base/java.util.concurrent.atomic=ALL-UNNAMED -Xmx1024m -Dfile.encoding=UTF-8 -Duser.country=US -Duser.language=en -Duser.variant org.gradle.launcher.daemon.bootstrap.GradleDaemon 7.0.2

Host: Celeron(R) Dual-Core CPU       T3500  @ 2.10GHz, 2 cores, 3G,  Windows 10 , 64 bit Build 19041 (10.0.19041.1202)
Time: Thu Nov  4 10:21:25 2021 E. South America Standard Time elapsed time: 36.584334 seconds (0d 0h 0m 36s)

---------------  T H R E A D  ---------------

Current thread (0x0000015eff7d0000):  JavaThread "C2 CompilerThread0" daemon [_thread_in_native, id=7880, stack(0x0000004eff400000,0x0000004eff500000)]


Current CompileTask:
C2:  36584 4072       4       groovyjarjarantlr4.v4.runtime.atn.ParserATNSimulator::getEpsilonTarget (147 bytes)

Stack: [0x0000004eff400000,0x0000004eff500000]
Native frames: (J=compiled Java code, j=interpreted, Vv=VM code, C=native code)
V  [jvm.dll+0x5f214a]
V  [jvm.dll+0x726fb5]
V  [jvm.dll+0x7285cd]
V  [jvm.dll+0x728c83]
V  [jvm.dll+0x243278]
V  [jvm.dll+0xbc53c]
V  [jvm.dll+0xbca3c]
V  [jvm.dll+0x353e3b]
V  [jvm.dll+0x321893]
V  [jvm.dll+0x320d8a]
V  [jvm.dll+0x1fc1e2]
V  [jvm.dll+0x1fb3d4]
V  [jvm.dll+0x183d6c]
V  [jvm.dll+0x209a57]
V  [jvm.dll+0x2082a1]
V  [jvm.dll+0x6ef58f]
V  [jvm.dll+0x6e80b5]
V  [jvm.dll+0x5f1036]
C  [ucrtbase.dll+0x21bb2]
C  [KERNEL32.DLL+0x17034]
C  [ntdll.dll+0x52651]


---------------  P R O C E S S  ---------------

Threads class SMR info:
_java_thread_list=0x0000015e85fdb4a0, length=33, elements={
0x0000015ee7ed1000, 0x0000015eff769800, 0x0000015eff773800, 0x0000015eff784800,
0x0000015eff787000, 0x0000015eff7ca800, 0x0000015eff7d0000, 0x0000015eff7d5800,
0x0000015eff80e000, 0x0000015effa2a800, 0x0000015e83727800, 0x0000015e83b9f800,
0x0000015e83443000, 0x0000015e82fd7000, 0x0000015e82e80000, 0x0000015e82e81000,
0x0000015e8331b800, 0x0000015e83098000, 0x0000015effbd5000, 0x0000015e825f4800,
0x0000015e825f2800, 0x0000015e825f7800, 0x0000015e825f5000, 0x0000015e825f2000,
0x0000015e825f6000, 0x0000015e825f6800, 0x0000015e825f3800, 0x0000015e825f8800,
0x0000015e846f6800, 0x0000015e846f6000, 0x0000015e846f5000, 0x0000015e846f2800,
0x0000015e846f1800
}

Java Threads: ( => current thread )
  0x0000015ee7ed1000 JavaThread "main" [_thread_blocked, id=6568, stack(0x0000004efe800000,0x0000004efe900000)]
  0x0000015eff769800 JavaThread "Reference Handler" daemon [_thread_blocked, id=4700, stack(0x0000004efef00000,0x0000004eff000000)]
  0x0000015eff773800 JavaThread "Finalizer" daemon [_thread_blocked, id=5900, stack(0x0000004eff000000,0x0000004eff100000)]
  0x0000015eff784800 JavaThread "Signal Dispatcher" daemon [_thread_blocked, id=2212, stack(0x0000004eff100000,0x0000004eff200000)]
  0x0000015eff787000 JavaThread "Attach Listener" daemon [_thread_blocked, id=2984, stack(0x0000004eff200000,0x0000004eff300000)]
  0x0000015eff7ca800 JavaThread "Service Thread" daemon [_thread_blocked, id=2284, stack(0x0000004eff300000,0x0000004eff400000)]
=>0x0000015eff7d0000 JavaThread "C2 CompilerThread0" daemon [_thread_in_native, id=7880, stack(0x0000004eff400000,0x0000004eff500000)]
  0x0000015eff7d5800 JavaThread "C1 CompilerThread0" daemon [_thread_blocked, id=2176, stack(0x0000004eff500000,0x0000004eff600000)]
  0x0000015eff80e000 JavaThread "Sweeper thread" daemon [_thread_blocked, id=5988, stack(0x0000004eff600000,0x0000004eff700000)]
  0x0000015effa2a800 JavaThread "Common-Cleaner" daemon [_thread_blocked, id=6892, stack(0x0000004eff700000,0x0000004eff800000)]
  0x0000015e83727800 JavaThread "Daemon health stats" [_thread_blocked, id=6516, stack(0x0000004effa00000,0x0000004effb00000)]
  0x0000015e83b9f800 JavaThread "Incoming local TCP Connector on port 3585" [_thread_in_native, id=5288, stack(0x0000004effb00000,0x0000004effc00000)]
  0x0000015e83443000 JavaThread "Daemon periodic checks" [_thread_blocked, id=3052, stack(0x0000004effc00000,0x0000004effd00000)]
  0x0000015e82fd7000 JavaThread "Daemon" [_thread_blocked, id=2536, stack(0x0000004effd00000,0x0000004effe00000)]
  0x0000015e82e80000 JavaThread "Handler for socket connection from /127.0.0.1:3585 to /127.0.0.1:3586" [_thread_in_native, id=4340, stack(0x0000004effe00000,0x0000004efff00000)]
  0x0000015e82e81000 JavaThread "Cancel handler" [_thread_blocked, id=1736, stack(0x0000004efff00000,0x0000004f00000000)]
  0x0000015e8331b800 JavaThread "Daemon worker" [_thread_in_Java, id=7148, stack(0x0000004e80000000,0x0000004e80100000)]
  0x0000015e83098000 JavaThread "Asynchronous log dispatcher for DefaultDaemonConnection: socket connection from /127.0.0.1:3585 to /127.0.0.1:3586" [_thread_blocked, id=6208, stack(0x0000004e80100000,0x0000004e80200000)]
  0x0000015effbd5000 JavaThread "Stdin handler" [_thread_blocked, id=2388, stack(0x0000004e80200000,0x0000004e80300000)]
  0x0000015e825f4800 JavaThread "Daemon client event forwarder" [_thread_blocked, id=7684, stack(0x0000004e80300000,0x0000004e80400000)]
  0x0000015e825f2800 JavaThread "Cache worker for file hash cache (C:\Users\felip\.gradle\caches\7.0.2\fileHashes)" [_thread_blocked, id=7788, stack(0x0000004e80400000,0x0000004e80500000)]
  0x0000015e825f7800 JavaThread "File lock request listener" [_thread_in_native, id=5144, stack(0x0000004e80500000,0x0000004e80600000)]
  0x0000015e825f5000 JavaThread "Cache worker for journal cache (C:\Users\felip\.gradle\caches\journal-1)" [_thread_blocked, id=6528, stack(0x0000004e80600000,0x0000004e80700000)]
  0x0000015e825f2000 JavaThread "Cache worker for file hash cache (C:\Users\felip\AndroidStudioProjects\VideoApp\.gradle\7.0.2\fileHashes)" [_thread_blocked, id=4748, stack(0x0000004e80700000,0x0000004e80800000)]
  0x0000015e825f6000 JavaThread "File watcher server" daemon [_thread_in_native, id=3600, stack(0x0000004e80800000,0x0000004e80900000)]
  0x0000015e825f6800 JavaThread "File watcher consumer" daemon [_thread_blocked, id=6004, stack(0x0000004e80900000,0x0000004e80a00000)]
  0x0000015e825f3800 JavaThread "jar transforms" [_thread_blocked, id=5044, stack(0x0000004e80a00000,0x0000004e80b00000)]
  0x0000015e825f8800 JavaThread "jar transforms Thread 2" [_thread_blocked, id=5612, stack(0x0000004e80b00000,0x0000004e80c00000)]
  0x0000015e846f6800 JavaThread "Cache worker for checksums cache (C:\Users\felip\AndroidStudioProjects\VideoApp\.gradle\checksums)" [_thread_blocked, id=6784, stack(0x0000004e80c00000,0x0000004e80d00000)]
  0x0000015e846f6000 JavaThread "Cache worker for cache directory md-supplier (C:\Users\felip\.gradle\caches\7.0.2\md-supplier)" [_thread_blocked, id=5400, stack(0x0000004e80d00000,0x0000004e80e00000)]
  0x0000015e846f5000 JavaThread "Cache worker for cache directory md-rule (C:\Users\felip\.gradle\caches\7.0.2\md-rule)" [_thread_blocked, id=1712, stack(0x0000004e80e00000,0x0000004e80f00000)]
  0x0000015e846f2800 JavaThread "Cache worker for execution history cache (C:\Users\felip\.gradle\caches\7.0.2\executionHistory)" [_thread_blocked, id=8028, stack(0x0000004e80f00000,0x0000004e81000000)]
  0x0000015e846f1800 JavaThread "Cache worker for file content cache (C:\Users\felip\.gradle\caches\7.0.2\fileContent)" [_thread_blocked, id=7504, stack(0x0000004e81000000,0x0000004e81100000)]

Other Threads:
  0x0000015eff763800 VMThread "VM Thread" [stack: 0x0000004efee00000,0x0000004efef00000] [id=5828]
  0x0000015effa59800 WatcherThread [stack: 0x0000004eff800000,0x0000004eff900000] [id=6352]
  0x0000015ee7eea800 GCTaskThread "GC Thread#0" [stack: 0x0000004efe900000,0x0000004efea00000] [id=2840]
  0x0000015effb45800 GCTaskThread "GC Thread#1" [stack: 0x0000004eff900000,0x0000004effa00000] [id=5904]
  0x0000015ee7f05000 ConcurrentGCThread "G1 Main Marker" [stack: 0x0000004efea00000,0x0000004efeb00000] [id=5860]
  0x0000015ee7f06800 ConcurrentGCThread "G1 Conc#0" [stack: 0x0000004efeb00000,0x0000004efec00000] [id=480]
  0x0000015ee7f56000 ConcurrentGCThread "G1 Refine#0" [stack: 0x0000004efec00000,0x0000004efed00000] [id=7188]
  0x0000015ee7f57000 ConcurrentGCThread "G1 Young RemSet Sampling" [stack: 0x0000004efed00000,0x0000004efee00000] [id=3276]

Threads with active compile tasks:
C2 CompilerThread0  36869 4072       4       groovyjarjarantlr4.v4.runtime.atn.ParserATNSimulator::getEpsilonTarget (147 bytes)

VM state:not at safepoint (normal execution)

VM Mutex/Monitor currently owned by a thread: None

Heap address: 0x00000000c0000000, size: 1024 MB, Compressed Oops mode: 32-bit
Narrow klass base: 0x0000000000000000, Narrow klass shift: 3
Compressed class space size: 1073741824 Address: 0x0000000100000000

Heap:
 garbage-first heap   total 78848K, used 51056K [0x00000000c0000000, 0x0000000100000000)
  region size 1024K, 6 young (6144K), 1 survivors (1024K)
 Metaspace       used 45225K, capacity 46379K, committed 46592K, reserved 1089536K
  class space    used 5890K, capacity 6306K, committed 6400K, reserved 1048576K
Heap Regions: E=young(eden), S=young(survivor), O=old, HS=humongous(starts), HC=humongous(continues), CS=collection set, F=free, A=archive, TAMS=top-at-mark-start (previous, next)
|   0|0x00000000c0000000, 0x00000000c0100000, 0x00000000c0100000|100%| O|  |TAMS 0x00000000c0100000, 0x00000000c0000000| Untracked 
|   1|0x00000000c0100000, 0x00000000c0200000, 0x00000000c0200000|100%| O|  |TAMS 0x00000000c0200000, 0x00000000c0100000| Untracked 
|   2|0x00000000c0200000, 0x00000000c0300000, 0x00000000c0300000|100%| O|  |TAMS 0x00000000c0300000, 0x00000000c0200000| Untracked 
|   3|0x00000000c0300000, 0x00000000c0400000, 0x00000000c0400000|100%| O|  |TAMS 0x00000000c0400000, 0x00000000c0300000| Untracked 
|   4|0x00000000c0400000, 0x00000000c0500000, 0x00000000c0500000|100%|HS|  |TAMS 0x00000000c0500000, 0x00000000c0400000| Complete 
|   5|0x00000000c0500000, 0x00000000c0600000, 0x00000000c0600000|100%|HC|  |TAMS 0x00000000c0600000, 0x00000000c0500000| Complete 
|   6|0x00000000c0600000, 0x00000000c0700000, 0x00000000c0700000|100%|HC|  |TAMS 0x00000000c0700000, 0x00000000c0600000| Complete 
|   7|0x00000000c0700000, 0x00000000c0800000, 0x00000000c0800000|100%| O|  |TAMS 0x00000000c0800000, 0x00000000c0700000| Untracked 
|   8|0x00000000c0800000, 0x00000000c0900000, 0x00000000c0900000|100%| O|  |TAMS 0x00000000c0900000, 0x00000000c0800000| Untracked 
|   9|0x00000000c0900000, 0x00000000c0a00000, 0x00000000c0a00000|100%| O|  |TAMS 0x00000000c0a00000, 0x00000000c0900000| Untracked 
|  10|0x00000000c0a00000, 0x00000000c0b00000, 0x00000000c0b00000|100%| O|  |TAMS 0x00000000c0b00000, 0x00000000c0a00000| Untracked 
|  11|0x00000000c0b00000, 0x00000000c0c00000, 0x00000000c0c00000|100%| O|  |TAMS 0x00000000c0c00000, 0x00000000c0b00000| Untracked 
|  12|0x00000000c0c00000, 0x00000000c0d00000, 0x00000000c0d00000|100%| O|  |TAMS 0x00000000c0d00000, 0x00000000c0c00000| Untracked 
|  13|0x00000000c0d00000, 0x00000000c0e00000, 0x00000000c0e00000|100%| O|  |TAMS 0x00000000c0e00000, 0x00000000c0d00000| Untracked 
|  14|0x00000000c0e00000, 0x00000000c0f00000, 0x00000000c0f00000|100%| O|  |TAMS 0x00000000c0f00000, 0x00000000c0e00000| Untracked 
|  15|0x00000000c0f00000, 0x00000000c1000000, 0x00000000c1000000|100%| O|  |TAMS 0x00000000c1000000, 0x00000000c0f00000| Untracked 
|  16|0x00000000c1000000, 0x00000000c1100000, 0x00000000c1100000|100%|HS|  |TAMS 0x00000000c1100000, 0x00000000c1000000| Complete 
|  17|0x00000000c1100000, 0x00000000c1200000, 0x00000000c1200000|100%|HC|  |TAMS 0x00000000c1200000, 0x00000000c1100000| Complete 
|  18|0x00000000c1200000, 0x00000000c1300000, 0x00000000c1300000|100%|HS|  |TAMS 0x00000000c1300000, 0x00000000c1200000| Complete 
|  19|0x00000000c1300000, 0x00000000c1400000, 0x00000000c1400000|100%|HC|  |TAMS 0x00000000c1400000, 0x00000000c1300000| Complete 
|  20|0x00000000c1400000, 0x00000000c1500000, 0x00000000c1500000|100%|HC|  |TAMS 0x00000000c1500000, 0x00000000c1400000| Complete 
|  21|0x00000000c1500000, 0x00000000c1600000, 0x00000000c1600000|100%|HS|  |TAMS 0x00000000c1600000, 0x00000000c1500000| Complete 
|  22|0x00000000c1600000, 0x00000000c1700000, 0x00000000c1700000|100%|HC|  |TAMS 0x00000000c1700000, 0x00000000c1600000| Complete 
|  23|0x00000000c1700000, 0x00000000c1800000, 0x00000000c1800000|100%|HC|  |TAMS 0x00000000c1800000, 0x00000000c1700000| Complete 
|  24|0x00000000c1800000, 0x00000000c1900000, 0x00000000c1900000|100%|HC|  |TAMS 0x00000000c1900000, 0x00000000c1800000| Complete 
|  25|0x00000000c1900000, 0x00000000c1a00000, 0x00000000c1a00000|100%| O|  |TAMS 0x00000000c1a00000, 0x00000000c1900000| Untracked 
|  26|0x00000000c1a00000, 0x00000000c1b00000, 0x00000000c1b00000|100%| O|  |TAMS 0x00000000c1b00000, 0x00000000c1a00000| Untracked 
|  27|0x00000000c1b00000, 0x00000000c1c00000, 0x00000000c1c00000|100%| O|  |TAMS 0x00000000c1c00000, 0x00000000c1b00000| Untracked 
|  28|0x00000000c1c00000, 0x00000000c1d00000, 0x00000000c1d00000|100%| O|  |TAMS 0x00000000c1d00000, 0x00000000c1c00000| Untracked 
|  29|0x00000000c1d00000, 0x00000000c1e00000, 0x00000000c1e00000|100%| O|  |TAMS 0x00000000c1e00000, 0x00000000c1d00000| Untracked 
|  30|0x00000000c1e00000, 0x00000000c1f00000, 0x00000000c1f00000|100%| O|  |TAMS 0x00000000c1f00000, 0x00000000c1e00000| Untracked 
|  31|0x00000000c1f00000, 0x00000000c2000000, 0x00000000c2000000|100%| O|  |TAMS 0x00000000c2000000, 0x00000000c1f00000| Untracked 
|  32|0x00000000c2000000, 0x00000000c2100000, 0x00000000c2100000|100%| O|  |TAMS 0x00000000c2100000, 0x00000000c2000000| Untracked 
|  33|0x00000000c2100000, 0x00000000c2200000, 0x00000000c2200000|100%| O|  |TAMS 0x00000000c2200000, 0x00000000c2100000| Untracked 
|  34|0x00000000c2200000, 0x00000000c2300000, 0x00000000c2300000|100%| O|  |TAMS 0x00000000c2300000, 0x00000000c2200000| Untracked 
|  35|0x00000000c2300000, 0x00000000c2400000, 0x00000000c2400000|100%| O|  |TAMS 0x00000000c2400000, 0x00000000c2300000| Untracked 
|  36|0x00000000c2400000, 0x00000000c2500000, 0x00000000c2500000|100%| O|  |TAMS 0x00000000c2500000, 0x00000000c2400000| Untracked 
|  37|0x00000000c2500000, 0x00000000c2600000, 0x00000000c2600000|100%| O|  |TAMS 0x00000000c2600000, 0x00000000c2500000| Untracked 
|  38|0x00000000c2600000, 0x00000000c2700000, 0x00000000c2700000|100%| O|  |TAMS 0x00000000c2700000, 0x00000000c2600000| Untracked 
|  39|0x00000000c2700000, 0x00000000c2800000, 0x00000000c2800000|100%|HS|  |TAMS 0x00000000c2800000, 0x00000000c2700000| Complete 
|  40|0x00000000c2800000, 0x00000000c2900000, 0x00000000c2900000|100%|HC|  |TAMS 0x00000000c2900000, 0x00000000c2800000| Complete 
|  41|0x00000000c2900000, 0x00000000c2a00000, 0x00000000c2a00000|100%|HC|  |TAMS 0x00000000c2a00000, 0x00000000c2900000| Complete 
|  42|0x00000000c2a00000, 0x00000000c2b00000, 0x00000000c2b00000|100%| O|  |TAMS 0x00000000c2b00000, 0x00000000c2a00000| Untracked 
|  43|0x00000000c2b00000, 0x00000000c2c00000, 0x00000000c2c00000|100%| O|  |TAMS 0x00000000c2c00000, 0x00000000c2b00000| Untracked 
|  44|0x00000000c2c00000, 0x00000000c2cf8000, 0x00000000c2d00000| 96%| O|  |TAMS 0x00000000c2cf8000, 0x00000000c2c00000| Untracked 
|  45|0x00000000c2d00000, 0x00000000c2d00000, 0x00000000c2e00000|  0%| F|  |TAMS 0x00000000c2d00000, 0x00000000c2d00000| Untracked 
|  46|0x00000000c2e00000, 0x00000000c2e00000, 0x00000000c2f00000|  0%| F|  |TAMS 0x00000000c2e00000, 0x00000000c2e00000| Untracked 
|  47|0x00000000c2f00000, 0x00000000c2f00000, 0x00000000c3000000|  0%| F|  |TAMS 0x00000000c2f00000, 0x00000000c2f00000| Untracked 
|  48|0x00000000c3000000, 0x00000000c3000000, 0x00000000c3100000|  0%| F|  |TAMS 0x00000000c3000000, 0x00000000c3000000| Untracked 
|  49|0x00000000c3100000, 0x00000000c3100000, 0x00000000c3200000|  0%| F|  |TAMS 0x00000000c3100000, 0x00000000c3100000| Untracked 
|  50|0x00000000c3200000, 0x00000000c3200000, 0x00000000c3300000|  0%| F|  |TAMS 0x00000000c3200000, 0x00000000c3200000| Untracked 
|  51|0x00000000c3300000, 0x00000000c3300000, 0x00000000c3400000|  0%| F|  |TAMS 0x00000000c3300000, 0x00000000c3300000| Untracked 
|  52|0x00000000c3400000, 0x00000000c3400000, 0x00000000c3500000|  0%| F|  |TAMS 0x00000000c3400000, 0x00000000c3400000| Untracked 
|  53|0x00000000c3500000, 0x00000000c3500000, 0x00000000c3600000|  0%| F|  |TAMS 0x00000000c3500000, 0x00000000c3500000| Untracked 
|  54|0x00000000c3600000, 0x00000000c3600000, 0x00000000c3700000|  0%| F|  |TAMS 0x00000000c3600000, 0x00000000c3600000| Untracked 
|  55|0x00000000c3700000, 0x00000000c3700000, 0x00000000c3800000|  0%| F|  |TAMS 0x00000000c3700000, 0x00000000c3700000| Untracked 
|  56|0x00000000c3800000, 0x00000000c3800000, 0x00000000c3900000|  0%| F|  |TAMS 0x00000000c3800000, 0x00000000c3800000| Untracked 
|  57|0x00000000c3900000, 0x00000000c3900000, 0x00000000c3a00000|  0%| F|  |TAMS 0x00000000c3900000, 0x00000000c3900000| Untracked 
|  58|0x00000000c3a00000, 0x00000000c3a00000, 0x00000000c3b00000|  0%| F|  |TAMS 0x00000000c3a00000, 0x00000000c3a00000| Untracked 
|  59|0x00000000c3b00000, 0x00000000c3b00000, 0x00000000c3c00000|  0%| F|  |TAMS 0x00000000c3b00000, 0x00000000c3b00000| Untracked 
|  60|0x00000000c3c00000, 0x00000000c3c00000, 0x00000000c3d00000|  0%| F|  |TAMS 0x00000000c3c00000, 0x00000000c3c00000| Untracked 
|  61|0x00000000c3d00000, 0x00000000c3d00000, 0x00000000c3e00000|  0%| F|  |TAMS 0x00000000c3d00000, 0x00000000c3d00000| Untracked 
|  62|0x00000000c3e00000, 0x00000000c3e00000, 0x00000000c3f00000|  0%| F|  |TAMS 0x00000000c3e00000, 0x00000000c3e00000| Untracked 
|  63|0x00000000c3f00000, 0x00000000c3fe4020, 0x00000000c4000000| 89%| S|CS|TAMS 0x00000000c3f00000, 0x00000000c3f00000| Complete 
|  64|0x00000000c4000000, 0x00000000c4000000, 0x00000000c4100000|  0%| F|  |TAMS 0x00000000c4000000, 0x00000000c4000000| Untracked 
|  65|0x00000000c4100000, 0x00000000c4100000, 0x00000000c4200000|  0%| F|  |TAMS 0x00000000c4100000, 0x00000000c4100000| Untracked 
|  66|0x00000000c4200000, 0x00000000c4200000, 0x00000000c4300000|  0%| F|  |TAMS 0x00000000c4200000, 0x00000000c4200000| Untracked 
|  67|0x00000000c4300000, 0x00000000c4300000, 0x00000000c4400000|  0%| F|  |TAMS 0x00000000c4300000, 0x00000000c4300000| Untracked 
|  68|0x00000000c4400000, 0x00000000c4400000, 0x00000000c4500000|  0%| F|  |TAMS 0x00000000c4400000, 0x00000000c4400000| Untracked 
|  69|0x00000000c4500000, 0x00000000c4500000, 0x00000000c4600000|  0%| F|  |TAMS 0x00000000c4500000, 0x00000000c4500000| Untracked 
|  70|0x00000000c4600000, 0x00000000c4600000, 0x00000000c4700000|  0%| F|  |TAMS 0x00000000c4600000, 0x00000000c4600000| Untracked 
|  71|0x00000000c4700000, 0x00000000c4700000, 0x00000000c4800000|  0%| F|  |TAMS 0x00000000c4700000, 0x00000000c4700000| Untracked 
|  72|0x00000000c4800000, 0x00000000c4900000, 0x00000000c4900000|100%| E|  |TAMS 0x00000000c4800000, 0x00000000c4800000| Complete 
|  73|0x00000000c4900000, 0x00000000c4a00000, 0x00000000c4a00000|100%| E|CS|TAMS 0x00000000c4900000, 0x00000000c4900000| Complete 
|  74|0x00000000c4a00000, 0x00000000c4b00000, 0x00000000c4b00000|100%| E|CS|TAMS 0x00000000c4a00000, 0x00000000c4a00000| Complete 
|  75|0x00000000c4b00000, 0x00000000c4c00000, 0x00000000c4c00000|100%| E|CS|TAMS 0x00000000c4b00000, 0x00000000c4b00000| Complete 
|  76|0x00000000c4c00000, 0x00000000c4d00000, 0x00000000c4d00000|100%| E|CS|TAMS 0x00000000c4c00000, 0x00000000c4c00000| Complete 

Card table byte_map: [0x0000015efc7c0000,0x0000015efc9c0000] _byte_map_base: 0x0000015efc1c0000

Marking Bits (Prev, Next): (CMBitMap*) 0x0000015ee7f00078, (CMBitMap*) 0x0000015ee7f000b0
 Prev Bits: [0x0000015efcbc0000, 0x0000015efdbc0000)
 Next Bits: [0x0000015efdbc0000, 0x0000015efebc0000)

Polling page: 0x0000015ee7fb0000

Metaspace:

Usage:
  Non-class:     39.13 MB capacity,    38.42 MB ( 98%) used,   621.41 KB (  2%) free+waste,   111.31 KB ( <1%) overhead. 
      Class:      6.16 MB capacity,     5.75 MB ( 93%) used,   361.92 KB (  6%) free+waste,    53.81 KB ( <1%) overhead. 
       Both:     45.29 MB capacity,    44.17 MB ( 98%) used,   983.34 KB (  2%) free+waste,   165.13 KB ( <1%) overhead. 

Virtual space:
  Non-class space:       40.00 MB reserved,      39.25 MB ( 98%) committed 
      Class space:        1.00 GB reserved,       6.25 MB ( <1%) committed 
             Both:        1.04 GB reserved,      45.50 MB (  4%) committed 

Chunk freelists:
   Non-Class:  55.00 KB
       Class:  0 bytes
        Both:  55.00 KB

MaxMetaspaceSize: 17179869184.00 GB
CompressedClassSpaceSize: 1.00 GB

CodeHeap 'non-profiled nmethods': size=120064Kb used=2007Kb max_used=2007Kb free=118056Kb
 bounds [0x0000015ef4c80000, 0x0000015ef4ef0000, 0x0000015efc1c0000]
CodeHeap 'profiled nmethods': size=120000Kb used=9043Kb max_used=9043Kb free=110956Kb
 bounds [0x0000015eed750000, 0x0000015eee030000, 0x0000015ef4c80000]
CodeHeap 'non-nmethods': size=5696Kb used=2202Kb max_used=2232Kb free=3493Kb
 bounds [0x0000015eed1c0000, 0x0000015eed430000, 0x0000015eed750000]
 total_blobs=4992 nmethods=4210 adapters=694
 compilation: enabled
              stopped_count=0, restarted_count=0
 full_count=0

Compilation events (20 events):
Event: 36.513 Thread 0x0000015eff7d5800 4154 %     3       groovyjarjarantlr4.v4.runtime.atn.ParserATNSimulator::computeTargetState @ 73 (617 bytes)
Event: 36.523 Thread 0x0000015eff7d5800 nmethod 4154% 0x0000015eedfdb410 code [0x0000015eedfdba20, 0x0000015eedfe0138]
Event: 36.533 Thread 0x0000015eff7d5800 4155       3       groovyjarjarantlr4.v4.runtime.atn.ParserATNSimulator::computeTargetState (617 bytes)
Event: 36.542 Thread 0x0000015eff7d5800 nmethod 4155 0x0000015eedfe1890 code [0x0000015eedfe1f00, 0x0000015eedfe67f8]
Event: 36.542 Thread 0x0000015eff7d5800 4156       2       groovyjarjarantlr4.v4.runtime.atn.ParserATNSimulator::closure (98 bytes)
Event: 36.544 Thread 0x0000015eff7d5800 nmethod 4156 0x0000015eedfe8290 code [0x0000015eedfe84a0, 0x0000015eedfe8a38]
Event: 36.544 Thread 0x0000015eff7d5800 4157       2       java.util.ArrayList::equalsArrayList (108 bytes)
Event: 36.545 Thread 0x0000015eff7d5800 nmethod 4157 0x0000015eedfe8d90 code [0x0000015eedfe8f80, 0x0000015eedfe93c8]
Event: 36.546 Thread 0x0000015eff7d5800 4158       1       groovyjarjarantlr4.v4.runtime.BufferedTokenStream::index (5 bytes)
Event: 36.546 Thread 0x0000015eff7d5800 nmethod 4158 0x0000015ef4e74590 code [0x0000015ef4e74740, 0x0000015ef4e747f8]
Event: 36.547 Thread 0x0000015eff7d5800 4159       2       java.util.concurrent.atomic.AtomicInteger::getAndIncrement (12 bytes)
Event: 36.548 Thread 0x0000015eff7d5800 nmethod 4159 0x0000015eedfe9690 code [0x0000015eedfe9840, 0x0000015eedfe9958]
Event: 36.548 Thread 0x0000015eff7d5800 4160   !   2       groovyjarjarantlr4.v4.runtime.dfa.HashEdgeMap::put (224 bytes)
Event: 36.550 Thread 0x0000015eff7d5800 nmethod 4160 0x0000015eedfe9a10 code [0x0000015eedfe9c80, 0x0000015eedfea6b8]
Event: 36.552 Thread 0x0000015eff7d5800 4161       2       groovyjarjarantlr4.v4.runtime.atn.ATNConfigSet::toArray (8 bytes)
Event: 36.552 Thread 0x0000015eff7d5800 nmethod 4161 0x0000015eedfeb110 code [0x0000015eedfeb2c0, 0x0000015eedfeb408]
Event: 36.553 Thread 0x0000015eff7d5800 4162       2       groovyjarjarantlr4.v4.runtime.atn.ATNConfigSet::add (7 bytes)
Event: 36.554 Thread 0x0000015eff7d5800 nmethod 4162 0x0000015eedfeb510 code [0x0000015eedfeb6c0, 0x0000015eedfeb7e8]
Event: 36.555 Thread 0x0000015eff7d5800 4163       2       groovyjarjarantlr4.v4.runtime.atn.ATNConfigSet::getConflictingAlts (17 bytes)
Event: 36.555 Thread 0x0000015eff7d5800 nmethod 4163 0x0000015eedfeb890 code [0x0000015eedfeba40, 0x0000015eedfebb58]

GC Heap History (20 events):
Event: 30.103 GC heap before
{Heap before GC invocations=13 (full 0):
 garbage-first heap   total 65536K, used 51030K [0x00000000c0000000, 0x0000000100000000)
  region size 1024K, 20 young (20480K), 3 survivors (3072K)
 Metaspace       used 37424K, capacity 38454K, committed 38528K, reserved 1083392K
  class space    used 4846K, capacity 5205K, committed 5248K, reserved 1048576K
}
Event: 30.124 GC heap after
{Heap after GC invocations=14 (full 0):
 garbage-first heap   total 65536K, used 37059K [0x00000000c0000000, 0x0000000100000000)
  region size 1024K, 3 young (3072K), 3 survivors (3072K)
 Metaspace       used 37424K, capacity 38454K, committed 38528K, reserved 1083392K
  class space    used 4846K, capacity 5205K, committed 5248K, reserved 1048576K
}
Event: 30.411 GC heap before
{Heap before GC invocations=14 (full 0):
 garbage-first heap   total 65536K, used 52419K [0x00000000c0000000, 0x0000000100000000)
  region size 1024K, 18 young (18432K), 3 survivors (3072K)
 Metaspace       used 37509K, capacity 38530K, committed 38784K, reserved 1083392K
  class space    used 4848K, capacity 5206K, committed 5248K, reserved 1048576K
}
Event: 30.425 GC heap after
{Heap after GC invocations=15 (full 0):
 garbage-first heap   total 65536K, used 37783K [0x00000000c0000000, 0x0000000100000000)
  region size 1024K, 2 young (2048K), 2 survivors (2048K)
 Metaspace       used 37509K, capacity 38530K, committed 38784K, reserved 1083392K
  class space    used 4848K, capacity 5206K, committed 5248K, reserved 1048576K
}
Event: 30.930 GC heap before
{Heap before GC invocations=16 (full 0):
 garbage-first heap   total 65536K, used 43927K [0x00000000c0000000, 0x0000000100000000)
  region size 1024K, 10 young (10240K), 2 survivors (2048K)
 Metaspace       used 37962K, capacity 38994K, committed 39168K, reserved 1083392K
  class space    used 4899K, capacity 5274K, committed 5376K, reserved 1048576K
}
Event: 30.940 GC heap after
{Heap after GC invocations=17 (full 0):
 garbage-first heap   total 65536K, used 38805K [0x00000000c0000000, 0x0000000100000000)
  region size 1024K, 3 young (3072K), 3 survivors (3072K)
 Metaspace       used 37962K, capacity 38994K, committed 39168K, reserved 1083392K
  class space    used 4899K, capacity 5274K, committed 5376K, reserved 1048576K
}
Event: 31.067 GC heap before
{Heap before GC invocations=18 (full 0):
 garbage-first heap   total 65536K, used 39829K [0x00000000c0000000, 0x0000000100000000)
  region size 1024K, 3 young (3072K), 3 survivors (3072K)
 Metaspace       used 37962K, capacity 38994K, committed 39168K, reserved 1083392K
  class space    used 4899K, capacity 5274K, committed 5376K, reserved 1048576K
}
Event: 31.076 GC heap after
{Heap after GC invocations=19 (full 0):
 garbage-first heap   total 65536K, used 39361K [0x00000000c0000000, 0x0000000100000000)
  region size 1024K, 1 young (1024K), 1 survivors (1024K)
 Metaspace       used 37962K, capacity 38994K, committed 39168K, reserved 1083392K
  class space    used 4899K, capacity 5274K, committed 5376K, reserved 1048576K
}
Event: 32.277 GC heap before
{Heap before GC invocations=20 (full 0):
 garbage-first heap   total 65536K, used 54721K [0x00000000c0000000, 0x0000000100000000)
  region size 1024K, 15 young (15360K), 1 survivors (1024K)
 Metaspace       used 40248K, capacity 41324K, committed 41600K, reserved 1085440K
  class space    used 5112K, capacity 5474K, committed 5504K, reserved 1048576K
}
Event: 32.286 GC heap after
{Heap after GC invocations=21 (full 0):
 garbage-first heap   total 65536K, used 39164K [0x00000000c0000000, 0x0000000100000000)
  region size 1024K, 2 young (2048K), 2 survivors (2048K)
 Metaspace       used 40248K, capacity 41324K, committed 41600K, reserved 1085440K
  class space    used 5112K, capacity 5474K, committed 5504K, reserved 1048576K
}
Event: 33.021 GC heap before
{Heap before GC invocations=21 (full 0):
 garbage-first heap   total 65536K, used 53500K [0x00000000c0000000, 0x0000000100000000)
  region size 1024K, 16 young (16384K), 2 survivors (2048K)
 Metaspace       used 41402K, capacity 42531K, committed 42624K, reserved 1085440K
  class space    used 5287K, capacity 5688K, committed 5760K, reserved 1048576K
}
Event: 33.035 GC heap after
{Heap after GC invocations=22 (full 0):
 garbage-first heap   total 65536K, used 39858K [0x00000000c0000000, 0x0000000100000000)
  region size 1024K, 2 young (2048K), 2 survivors (2048K)
 Metaspace       used 41402K, capacity 42531K, committed 42624K, reserved 1085440K
  class space    used 5287K, capacity 5688K, committed 5760K, reserved 1048576K
}
Event: 34.054 GC heap before
{Heap before GC invocations=23 (full 0):
 garbage-first heap   total 65536K, used 53170K [0x00000000c0000000, 0x0000000100000000)
  region size 1024K, 15 young (15360K), 2 survivors (2048K)
 Metaspace       used 42408K, capacity 43552K, committed 43776K, reserved 1087488K
  class space    used 5431K, capacity 5831K, committed 5888K, reserved 1048576K
}
Event: 34.067 GC heap after
{Heap after GC invocations=24 (full 0):
 garbage-first heap   total 65536K, used 40426K [0x00000000c0000000, 0x0000000100000000)
  region size 1024K, 2 young (2048K), 2 survivors (2048K)
 Metaspace       used 42408K, capacity 43552K, committed 43776K, reserved 1087488K
  class space    used 5431K, capacity 5831K, committed 5888K, reserved 1048576K
}
Event: 34.454 GC heap before
{Heap before GC invocations=24 (full 0):
 garbage-first heap   total 65536K, used 40426K [0x00000000c0000000, 0x0000000100000000)
  region size 1024K, 4 young (4096K), 2 survivors (2048K)
 Metaspace       used 42531K, capacity 43682K, committed 43776K, reserved 1087488K
  class space    used 5452K, capacity 5876K, committed 5888K, reserved 1048576K
}
Event: 34.463 GC heap after
{Heap after GC invocations=25 (full 0):
 garbage-first heap   total 65536K, used 40808K [0x00000000c0000000, 0x0000000100000000)
  region size 1024K, 2 young (2048K), 2 survivors (2048K)
 Metaspace       used 42531K, capacity 43682K, committed 43776K, reserved 1087488K
  class space    used 5452K, capacity 5876K, committed 5888K, reserved 1048576K
}
Event: 35.764 GC heap before
{Heap before GC invocations=26 (full 0):
 garbage-first heap   total 65536K, used 57192K [0x00000000c0000000, 0x0000000100000000)
  region size 1024K, 15 young (15360K), 2 survivors (2048K)
 Metaspace       used 44663K, capacity 45826K, committed 45952K, reserved 1089536K
  class space    used 5850K, capacity 6271K, committed 6272K, reserved 1048576K
}
Event: 35.781 GC heap after
{Heap after GC invocations=27 (full 0):
 garbage-first heap   total 65536K, used 45930K [0x00000000c0000000, 0x0000000100000000)
  region size 1024K, 2 young (2048K), 2 survivors (2048K)
 Metaspace       used 44663K, capacity 45826K, committed 45952K, reserved 1089536K
  class space    used 5850K, capacity 6271K, committed 6272K, reserved 1048576K
}
Event: 36.233 GC heap before
{Heap before GC invocations=27 (full 0):
 garbage-first heap   total 65536K, used 55146K [0x00000000c0000000, 0x0000000100000000)
  region size 1024K, 11 young (11264K), 2 survivors (2048K)
 Metaspace       used 45108K, capacity 46315K, committed 46592K, reserved 1089536K
  class space    used 5887K, capacity 6306K, committed 6400K, reserved 1048576K
}
Event: 36.248 GC heap after
{Heap after GC invocations=28 (full 0):
 garbage-first heap   total 78848K, used 46563K [0x00000000c0000000, 0x0000000100000000)
  region size 1024K, 1 young (1024K), 1 survivors (1024K)
 Metaspace       used 45108K, capacity 46315K, committed 46592K, reserved 1089536K
  class space    used 5887K, capacity 6306K, committed 6400K, reserved 1048576K
}

Deoptimization events (20 events):
Event: 36.152 Thread 0x0000015e8331b800 DEOPT PACKING pc=0x0000015ef4d60478 sp=0x0000004e800f88d0
Event: 36.153 Thread 0x0000015e8331b800 DEOPT UNPACKING pc=0x0000015eed1e6029 sp=0x0000004e800f8840 mode 2
Event: 36.226 Thread 0x0000015e8331b800 Uncommon trap: trap_request=0xffffff4d fr.pc=0x0000015ef4dda71c relative=0x000000000000007c
Event: 36.226 Thread 0x0000015e8331b800 Uncommon trap: reason=unstable_if action=reinterpret pc=0x0000015ef4dda71c method=java.lang.String.codePointAt(I)I @ 4 c2
Event: 36.226 Thread 0x0000015e8331b800 DEOPT PACKING pc=0x0000015ef4dda71c sp=0x0000004e800f7a30
Event: 36.226 Thread 0x0000015e8331b800 DEOPT UNPACKING pc=0x0000015eed1e6029 sp=0x0000004e800f79c8 mode 2
Event: 36.464 Thread 0x0000015e8331b800 Uncommon trap: trap_request=0xffffff4d fr.pc=0x0000015ef4e703fc relative=0x00000000000031fc
Event: 36.464 Thread 0x0000015e8331b800 Uncommon trap: reason=unstable_if action=reinterpret pc=0x0000015ef4e703fc method=groovyjarjarantlr4.v4.runtime.atn.ParserATNSimulator.closure(Lgroovyjarjarantlr4/v4/runtime/atn/ATNConfig;Lgroovyjarjarantlr4/v4/runtime/atn/ATNConfigSet;Lgroovyjarjarantlr4
Event: 36.464 Thread 0x0000015e8331b800 DEOPT PACKING pc=0x0000015ef4e703fc sp=0x0000004e800f2090
Event: 36.464 Thread 0x0000015e8331b800 DEOPT UNPACKING pc=0x0000015eed1e6029 sp=0x0000004e800f2058 mode 2
Event: 36.511 Thread 0x0000015e8331b800 Uncommon trap: trap_request=0xffffffde fr.pc=0x0000015ef4d603d8 relative=0x0000000000001098
Event: 36.511 Thread 0x0000015e8331b800 Uncommon trap: reason=class_check action=maybe_recompile pc=0x0000015ef4d603d8 method=java.util.concurrent.ConcurrentHashMap.putVal(Ljava/lang/Object;Ljava/lang/Object;Z)Ljava/lang/Object; @ 159 c2
Event: 36.511 Thread 0x0000015e8331b800 DEOPT PACKING pc=0x0000015ef4d603d8 sp=0x0000004e800f8030
Event: 36.511 Thread 0x0000015e8331b800 DEOPT UNPACKING pc=0x0000015eed1e6029 sp=0x0000004e800f7fb0 mode 2
Event: 36.533 Thread 0x0000015e8331b800 DEOPT PACKING pc=0x0000015eedfd96e2 sp=0x0000004e800f8110
Event: 36.533 Thread 0x0000015e8331b800 DEOPT UNPACKING pc=0x0000015eed1e643f sp=0x0000004e800f7698 mode 0
Event: 36.544 Thread 0x0000015e8331b800 Uncommon trap: trap_request=0xffffffde fr.pc=0x0000015ef4d603d8 relative=0x0000000000001098
Event: 36.544 Thread 0x0000015e8331b800 Uncommon trap: reason=class_check action=maybe_recompile pc=0x0000015ef4d603d8 method=java.util.concurrent.ConcurrentHashMap.putVal(Ljava/lang/Object;Ljava/lang/Object;Z)Ljava/lang/Object; @ 159 c2
Event: 36.544 Thread 0x0000015e8331b800 DEOPT PACKING pc=0x0000015ef4d603d8 sp=0x0000004e800f7880
Event: 36.544 Thread 0x0000015e8331b800 DEOPT UNPACKING pc=0x0000015eed1e6029 sp=0x0000004e800f7800 mode 2

Classes redefined (0 events):
No events

Internal exceptions (20 events):
Event: 32.327 Thread 0x0000015e8331b800 Exception <a 'java/lang/ClassNotFoundException'{0x00000000c3e1ca80}: org/gradle/api/internal/artifacts/dsl/dependencies/DefaultDependencyHandlerBeanInfo> (0x00000000c3e1ca80) thrown at [./src/hotspot/share/classfile/systemDictionary.cpp, line 231]
Event: 32.331 Thread 0x0000015e8331b800 Exception <a 'java/lang/ClassNotFoundException'{0x00000000c3e591f8}: org/gradle/api/internal/artifacts/dsl/dependencies/DefaultDependencyHandlerCustomizer> (0x00000000c3e591f8) thrown at [./src/hotspot/share/classfile/systemDictionary.cpp, line 231]
Event: 32.354 Thread 0x0000015e8331b800 Exception <a 'java/lang/ClassNotFoundException'{0x00000000c3ec2f08}: org/gradle/api/internal/artifacts/dsl/dependencies/DefaultDependencyHandler_DecoratedCustomizer> (0x00000000c3ec2f08) thrown at [./src/hotspot/share/classfile/systemDictionary.cpp, line 231]
Event: 32.442 Thread 0x0000015e8331b800 Exception <a 'java/lang/NoSuchMethodError'{0x00000000c3da41b8}: 'int java.lang.invoke.DirectMethodHandle$Holder.invokeVirtual(java.lang.Object, java.lang.Object)'> (0x00000000c3da41b8) thrown at [./src/hotspot/share/interpreter/linkResolver.cpp, line 773]
Event: 32.505 Thread 0x0000015e8331b800 Exception <a 'java/lang/NoSuchMethodError'{0x00000000c3ca7190}: 'java.lang.Object java.lang.invoke.DirectMethodHandle$Holder.invokeStatic(java.lang.Object, java.lang.Object, int, java.lang.Object)'> (0x00000000c3ca7190) thrown at [./src/hotspot/share/interpreter/linkResolver.cpp, line 773]
Event: 32.507 Thread 0x0000015e8331b800 Exception <a 'java/lang/NoSuchMethodError'{0x00000000c3cae180}: 'java.lang.Object java.lang.invoke.Invokers$Holder.linkToTargetMethod(java.lang.Object, int, java.lang.Object, java.lang.Object)'> (0x00000000c3cae180) thrown at [./src/hotspot/share/interpreter/linkResolver.cpp, line 773]
Event: 33.255 Thread 0x0000015e8331b800 Exception <a 'java/lang/IncompatibleClassChangeError'{0x00000000c3ec55a0}: Found class java.lang.Object, but interface was expected> (0x00000000c3ec55a0) thrown at [./src/hotspot/share/interpreter/linkResolver.cpp, line 839]
Event: 33.324 Thread 0x0000015e8331b800 Exception <a 'java/lang/NoSuchMethodError'{0x00000000c3c733b0}: 'java.lang.Object java.lang.invoke.Invokers$Holder.linkToTargetMethod(java.lang.Object, int, java.lang.Object)'> (0x00000000c3c733b0) thrown at [./src/hotspot/share/interpreter/linkResolver.cpp, line 773]
Event: 33.428 Thread 0x0000015e8331b800 Exception <a 'java/lang/NoSuchMethodError'{0x00000000c3878d20}: 'int java.lang.invoke.DirectMethodHandle$Holder.invokeStaticInit(java.lang.Object)'> (0x00000000c3878d20) thrown at [./src/hotspot/share/interpreter/linkResolver.cpp, line 773]
Event: 33.608 Thread 0x0000015e825f8800 Exception <a 'sun/nio/fs/WindowsException'{0x00000000c3782520}> (0x00000000c3782520) thrown at [./src/hotspot/share/prims/jni.cpp, line 615]
Event: 33.650 Thread 0x0000015e825f8800 Exception <a 'sun/nio/fs/WindowsException'{0x00000000c36ad2d0}> (0x00000000c36ad2d0) thrown at [./src/hotspot/share/prims/jni.cpp, line 615]
Event: 33.654 Thread 0x0000015e825f8800 Exception <a 'sun/nio/fs/WindowsException'{0x00000000c36be870}> (0x00000000c36be870) thrown at [./src/hotspot/share/prims/jni.cpp, line 615]
Event: 33.675 Thread 0x0000015e8331b800 Exception <a 'java/lang/ClassNotFoundException'{0x00000000c350ad38}: sync_studio_tooling587_e602degwgan6r4ytoh21ybqofBeanInfo> (0x00000000c350ad38) thrown at [./src/hotspot/share/classfile/systemDictionary.cpp, line 231]
Event: 33.676 Thread 0x0000015e8331b800 Exception <a 'java/lang/ClassNotFoundException'{0x00000000c3517288}: sync_studio_tooling587_e602degwgan6r4ytoh21ybqofCustomizer> (0x00000000c3517288) thrown at [./src/hotspot/share/classfile/systemDictionary.cpp, line 231]
Event: 33.782 Thread 0x0000015e8331b800 Exception <a 'java/lang/ClassNotFoundException'{0x00000000c35f2cf0}: ijinit8_dc1tz6y8qq1k9oj9pg9u8cznlBeanInfo> (0x00000000c35f2cf0) thrown at [./src/hotspot/share/classfile/systemDictionary.cpp, line 231]
Event: 33.783 Thread 0x0000015e8331b800 Exception <a 'java/lang/ClassNotFoundException'{0x00000000c35fe420}: ijinit8_dc1tz6y8qq1k9oj9pg9u8cznlCustomizer> (0x00000000c35fe420) thrown at [./src/hotspot/share/classfile/systemDictionary.cpp, line 231]
Event: 33.798 Thread 0x0000015e8331b800 Exception <a 'java/lang/ClassNotFoundException'{0x00000000c3450ec0}: ijinit8_dc1tz6y8qq1k9oj9pg9u8cznl$_run_closure1BeanInfo> (0x00000000c3450ec0) thrown at [./src/hotspot/share/classfile/systemDictionary.cpp, line 231]
Event: 33.799 Thread 0x0000015e8331b800 Exception <a 'java/lang/ClassNotFoundException'{0x00000000c34571b0}: ijinit8_dc1tz6y8qq1k9oj9pg9u8cznl$_run_closure1Customizer> (0x00000000c34571b0) thrown at [./src/hotspot/share/classfile/systemDictionary.cpp, line 231]
Event: 34.090 Thread 0x0000015e8331b800 Exception <a 'java/lang/NoSuchMethodError'{0x00000000c3f5a640}: 'void java.lang.invoke.DirectMethodHandle$Holder.invokeVirtual(java.lang.Object, java.lang.Object)'> (0x00000000c3f5a640) thrown at [./src/hotspot/share/interpreter/linkResolver.cpp, line 773]
Event: 34.579 Thread 0x0000015e8331b800 Implicit null exception at 0x0000015ef4cebab0 to 0x0000015ef4cec7ec

Events (20 events):
Event: 36.221 loading class groovyjarjarantlr4/v4/runtime/dfa/DFAState$PredPrediction
Event: 36.221 loading class groovyjarjarantlr4/v4/runtime/dfa/DFAState$PredPrediction done
Event: 36.225 loading class org/apache/groovy/parser/antlr4/SemanticPredicates
Event: 36.225 loading class org/apache/groovy/parser/antlr4/SemanticPredicates done
Event: 36.228 loading class java/util/regex/Pattern$StartS
Event: 36.228 loading class java/util/regex/Pattern$StartS done
Event: 36.231 loading class java/util/stream/ReferencePipeline$4
Event: 36.231 loading class java/util/stream/IntPipeline$StatelessOp
Event: 36.231 loading class java/util/stream/IntPipeline$StatelessOp done
Event: 36.231 loading class java/util/stream/ReferencePipeline$4 done
Event: 36.231 loading class java/util/stream/ReferencePipeline$4$1
Event: 36.231 loading class java/util/stream/ReferencePipeline$4$1 done
Event: 36.233 Executing VM operation: G1CollectForAllocation
Event: 36.248 Executing VM operation: G1CollectForAllocation done
Event: 36.399 Executing VM operation: CGC_Operation
Event: 36.416 Executing VM operation: CGC_Operation done
Event: 36.462 Executing VM operation: CGC_Operation
Event: 36.462 Executing VM operation: CGC_Operation done
Event: 36.553 loading class java/util/Collections$SingletonMap
Event: 36.553 loading class java/util/Collections$SingletonMap done


Dynamic libraries:
0x00007ff682c20000 - 0x00007ff682c2a000 	C:\Users\felip\OneDrive\Desktop\android-studio\jre\bin\java.exe
0x00007ffe72f10000 - 0x00007ffe73105000 	C:\Windows\SYSTEM32\ntdll.dll
0x00007ffe51290000 - 0x00007ffe512a6000 	C:\Program Files\Avast Software\Avast\aswhook.dll
0x00007ffe70f60000 - 0x00007ffe7101e000 	C:\Windows\System32\KERNEL32.DLL
0x00007ffe70c90000 - 0x00007ffe70f59000 	C:\Windows\System32\KERNELBASE.dll
0x00007ffe70a30000 - 0x00007ffe70b30000 	C:\Windows\System32\ucrtbase.dll
0x00007ffe66830000 - 0x00007ffe66849000 	C:\Users\felip\OneDrive\Desktop\android-studio\jre\bin\jli.dll
0x00007ffe72ae0000 - 0x00007ffe72c81000 	C:\Windows\System32\USER32.dll
0x00007ffe70a00000 - 0x00007ffe70a22000 	C:\Windows\System32\win32u.dll
0x00007ffe71400000 - 0x00007ffe7142b000 	C:\Windows\System32\GDI32.dll
0x00007ffe70630000 - 0x00007ffe7073b000 	C:\Windows\System32\gdi32full.dll
0x00007ffe70740000 - 0x00007ffe707dd000 	C:\Windows\System32\msvcp_win.dll
0x00007ffe60850000 - 0x00007ffe60aea000 	C:\Windows\WinSxS\amd64_microsoft.windows.common-controls_6595b64144ccf1df_6.0.19041.1110_none_60b5254171f9507e\COMCTL32.dll
0x00007ffe72260000 - 0x00007ffe722fe000 	C:\Windows\System32\msvcrt.dll
0x00007ffe667f0000 - 0x00007ffe66807000 	C:\Users\felip\OneDrive\Desktop\android-studio\jre\bin\VCRUNTIME140.dll
0x00007ffe72730000 - 0x00007ffe72760000 	C:\Windows\System32\IMM32.DLL
0x00007ffe5d850000 - 0x00007ffe5d8ed000 	C:\Users\felip\OneDrive\Desktop\android-studio\jre\bin\msvcp140.dll
0x00007ffe23160000 - 0x00007ffe23c35000 	C:\Users\felip\OneDrive\Desktop\android-studio\jre\bin\server\jvm.dll
0x00007ffe71430000 - 0x00007ffe714dc000 	C:\Windows\System32\ADVAPI32.dll
0x00007ffe711a0000 - 0x00007ffe7123b000 	C:\Windows\System32\sechost.dll
0x00007ffe712d0000 - 0x00007ffe713fa000 	C:\Windows\System32\RPCRT4.dll
0x00007ffe71970000 - 0x00007ffe71978000 	C:\Windows\System32\PSAPI.DLL
0x00007ffe65210000 - 0x00007ffe6521a000 	C:\Windows\SYSTEM32\VERSION.dll
0x00007ffe63c60000 - 0x00007ffe63c69000 	C:\Windows\SYSTEM32\WSOCK32.dll
0x00007ffe594e0000 - 0x00007ffe59507000 	C:\Windows\SYSTEM32\WINMM.dll
0x00007ffe721f0000 - 0x00007ffe7225b000 	C:\Windows\System32\WS2_32.dll
0x00007ffe6e450000 - 0x00007ffe6e462000 	C:\Windows\SYSTEM32\kernel.appcore.dll
0x00007ffe60830000 - 0x00007ffe60841000 	C:\Users\felip\OneDrive\Desktop\android-studio\jre\bin\verify.dll
0x00007ffe65020000 - 0x00007ffe65204000 	C:\Windows\SYSTEM32\DBGHELP.DLL
0x00007ffe64ff0000 - 0x00007ffe6501c000 	C:\Windows\SYSTEM32\dbgcore.DLL
0x00007ffe707e0000 - 0x00007ffe70863000 	C:\Windows\System32\bcryptPrimitives.dll
0x00007ffe601d0000 - 0x00007ffe601f9000 	C:\Users\felip\OneDrive\Desktop\android-studio\jre\bin\java.dll
0x00007ffe6df30000 - 0x00007ffe6df3b000 	C:\Users\felip\OneDrive\Desktop\android-studio\jre\bin\jimage.dll
0x00007ffe5d750000 - 0x00007ffe5d768000 	C:\Users\felip\OneDrive\Desktop\android-studio\jre\bin\zip.dll
0x00007ffe71ab0000 - 0x00007ffe721ef000 	C:\Windows\System32\SHELL32.dll
0x00007ffe6e730000 - 0x00007ffe6eec0000 	C:\Windows\SYSTEM32\windows.storage.dll
0x00007ffe72780000 - 0x00007ffe72ad5000 	C:\Windows\System32\combase.dll
0x00007ffe6ffb0000 - 0x00007ffe6ffdc000 	C:\Windows\SYSTEM32\Wldp.dll
0x00007ffe71980000 - 0x00007ffe71a2d000 	C:\Windows\System32\SHCORE.dll
0x00007ffe72d60000 - 0x00007ffe72db5000 	C:\Windows\System32\shlwapi.dll
0x00007ffe70570000 - 0x00007ffe7058f000 	C:\Windows\SYSTEM32\profapi.dll
0x00007ffe6c0c0000 - 0x00007ffe6c0da000 	C:\Users\felip\OneDrive\Desktop\android-studio\jre\bin\net.dll
0x00007ffe64e40000 - 0x00007ffe64f48000 	C:\Windows\SYSTEM32\WINHTTP.dll
0x00007ffe6fd10000 - 0x00007ffe6fd7a000 	C:\Windows\system32\mswsock.dll
0x00007ffe6b900000 - 0x00007ffe6b914000 	C:\Users\felip\OneDrive\Desktop\android-studio\jre\bin\nio.dll
0x00007ffe60b90000 - 0x00007ffe60bb7000 	C:\Users\felip\.gradle\native\8bec1ad78214c89d9ad589b4d07fe93259594b29d510b10fafb7a158f7737e5d\windows-amd64\native-platform.dll
0x00007ffe454b0000 - 0x00007ffe455ed000 	C:\Users\felip\.gradle\native\53dbd7edfb1c66fb8903c78663c9afc45aea4f116125fa6feffd364cf09443e8\windows-amd64\native-platform-file-events.dll
0x00007ffe6c0b0000 - 0x00007ffe6c0ba000 	C:\Users\felip\OneDrive\Desktop\android-studio\jre\bin\management.dll
0x00007ffe6c070000 - 0x00007ffe6c07d000 	C:\Users\felip\OneDrive\Desktop\android-studio\jre\bin\management_ext.dll
0x00007ffe6ff10000 - 0x00007ffe6ff28000 	C:\Windows\SYSTEM32\CRYPTSP.dll
0x00007ffe6f690000 - 0x00007ffe6f6c4000 	C:\Windows\system32\rsaenh.dll
0x00007ffe70980000 - 0x00007ffe709a7000 	C:\Windows\System32\bcrypt.dll
0x00007ffe704f0000 - 0x00007ffe7051e000 	C:\Windows\SYSTEM32\USERENV.dll
0x00007ffe6ff00000 - 0x00007ffe6ff0c000 	C:\Windows\SYSTEM32\CRYPTBASE.dll
0x00007ffe6fa00000 - 0x00007ffe6fa3b000 	C:\Windows\SYSTEM32\IPHLPAPI.DLL
0x00007ffe71960000 - 0x00007ffe71968000 	C:\Windows\System32\NSI.dll
0x00007ffe698d0000 - 0x00007ffe698e7000 	C:\Windows\SYSTEM32\dhcpcsvc6.DLL
0x00007ffe69bc0000 - 0x00007ffe69bdd000 	C:\Windows\SYSTEM32\dhcpcsvc.DLL
0x00007ffe6fa40000 - 0x00007ffe6fb0c000 	C:\Windows\SYSTEM32\DNSAPI.dll

dbghelp: loaded successfully - version: 4.0.5 - missing functions: none
symbol engine: initialized successfully - sym options: 0x614 - pdb path: .;C:\Users\felip\OneDrive\Desktop\android-studio\jre\bin;C:\Windows\SYSTEM32;C:\Program Files\Avast Software\Avast;C:\Windows\WinSxS\amd64_microsoft.windows.common-controls_6595b64144ccf1df_6.0.19041.1110_none_60b5254171f9507e;C:\Users\felip\OneDrive\Desktop\android-studio\jre\bin\server;C:\Users\felip\.gradle\native\8bec1ad78214c89d9ad589b4d07fe93259594b29d510b10fafb7a158f7737e5d\windows-amd64;C:\Users\felip\.gradle\native\53dbd7edfb1c66fb8903c78663c9afc45aea4f116125fa6feffd364cf09443e8\windows-amd64

VM Arguments:
jvm_args: --add-opens=java.base/java.util=ALL-UNNAMED --add-opens=java.base/java.lang=ALL-UNNAMED --add-opens=java.base/java.lang.invoke=ALL-UNNAMED --add-opens=java.base/java.util=ALL-UNNAMED --add-opens=java.prefs/java.util.prefs=ALL-UNNAMED --add-opens=java.prefs/java.util.prefs=ALL-UNNAMED --add-opens=java.base/java.nio.charset=ALL-UNNAMED --add-opens=java.base/java.net=ALL-UNNAMED --add-opens=java.base/java.util.concurrent.atomic=ALL-UNNAMED -Xmx1024m -Dfile.encoding=UTF-8 -Duser.country=US -Duser.language=en -Duser.variant 
java_command: org.gradle.launcher.daemon.bootstrap.GradleDaemon 7.0.2
java_class_path (initial): C:\Users\felip\.gradle\wrapper\dists\gradle-7.0.2-bin\857tjihv64xamwrf0h14cai3r\gradle-7.0.2\lib\gradle-launcher-7.0.2.jar
Launcher Type: SUN_STANDARD

[Global flags]
     intx CICompilerCount                          = 2                                         {product} {ergonomic}
     uint ConcGCThreads                            = 1                                         {product} {ergonomic}
     uint G1ConcRefinementThreads                  = 2                                         {product} {ergonomic}
   size_t G1HeapRegionSize                         = 1048576                                   {product} {ergonomic}
    uintx GCDrainStackTargetSize                   = 64                                        {product} {ergonomic}
   size_t InitialHeapSize                          = 67108864                                  {product} {ergonomic}
   size_t MarkStackSize                            = 4194304                                   {product} {ergonomic}
   size_t MaxHeapSize                              = 1073741824                                {product} {command line}
   size_t MaxNewSize                               = 643825664                                 {product} {ergonomic}
   size_t MinHeapDeltaBytes                        = 1048576                                   {product} {ergonomic}
    uintx NonNMethodCodeHeapSize                   = 5825164                                {pd product} {ergonomic}
    uintx NonProfiledCodeHeapSize                  = 122916538                              {pd product} {ergonomic}
    uintx ProfiledCodeHeapSize                     = 122916538                              {pd product} {ergonomic}
    uintx ReservedCodeCacheSize                    = 251658240                              {pd product} {ergonomic}
     bool SegmentedCodeCache                       = true                                      {product} {ergonomic}
     bool UseCompressedClassPointers               = true                                 {lp64_product} {ergonomic}
     bool UseCompressedOops                        = true                                 {lp64_product} {ergonomic}
     bool UseG1GC                                  = true                                      {product} {ergonomic}
     bool UseLargePagesIndividualAllocation        = false                                  {pd product} {ergonomic}

Logging:
Log output configuration:
 #0: stdout all=warning uptime,level,tags
 #1: stderr all=off uptime,level,tags

Environment Variables:
PATH=C:\Program Files\Common Files\Oracle\Java\javapath;C:\Program Files (x86)\Common Files\Oracle\Java\javapath;C:\Windows\system32;C:\Windows;C:\Windows\System32\Wbem;C:\Windows\System32\WindowsPowerShell\v1.0\;C:\Windows\System32\OpenSSH\;C:\ProgramData\chocolatey\bin;C:\Program Files (x86)\Yarn\bin\;C:\Program Files\Git\cmd;C:\Program Files\nodejs\;C:\Users\felip\AppData\Local\Microsoft\WindowsApps;C:\Users\felip\AppData\Local\Programs\Microsoft VS Code\bin;C:\Users\felip\AppData\Local\Yarn\bin;C:\Users\felip\AppData\Local\GitHubDesktop\bin;C:\Users\felip\AppData\Roaming\npm
USERNAME=felip
OS=Windows_NT
PROCESSOR_IDENTIFIER=Intel64 Family 6 Model 23 Stepping 10, GenuineIntel



---------------  S Y S T E M  ---------------

OS: Windows 10 , 64 bit Build 19041 (10.0.19041.1202)
OS uptime: 0 days 1:33 hours

CPU:total 2 (initial active 2) (2 cores per cpu, 1 threads per core) family 6 model 23 stepping 10 microcode 0xa0c, cmov, cx8, fxsr, mmx, sse, sse2, sse3, ssse3, tsc

Memory: 4k page, system-wide physical 4061M (73M free)
TotalPageFile size 4061M (AvailPageFile size 3M)
current process WorkingSet (physical memory assigned to process): 212M, peak: 212M
current process commit charge ("private bytes"): 238M, peak: 239M

vm_info: OpenJDK 64-Bit Server VM (11.0.11+9-b60-7590822) for windows-amd64 JRE (11.0.11+9-b60-7590822), built on Jul 29 2021 21:43:44 by "builder" with MS VC++ 14.0 (VS2015)

END.
